[2026-07-20T05:58:34.811+0000] {processor.py:161} INFO - Started process (PID=57671) to work on /workspaces/recomart-recommendation-pipeline/airflow_venv/lib/python3.12/site-packages/airflow/example_dags/plugins/workday.py
[2026-07-20T05:58:34.820+0000] {processor.py:830} INFO - Processing file /workspaces/recomart-recommendation-pipeline/airflow_venv/lib/python3.12/site-packages/airflow/example_dags/plugins/workday.py for tasks to queue
[2026-07-20T05:58:34.822+0000] {logging_mixin.py:188} INFO - [2026-07-20T05:58:34.822+0000] {dagbag.py:545} INFO - Filling up the DagBag from /workspaces/recomart-recommendation-pipeline/airflow_venv/lib/python3.12/site-packages/airflow/example_dags/plugins/workday.py
[2026-07-20T05:58:39.051+0000] {processor.py:842} WARNING - No viable dags retrieved from /workspaces/recomart-recommendation-pipeline/airflow_venv/lib/python3.12/site-packages/airflow/example_dags/plugins/workday.py
[2026-07-20T05:58:39.071+0000] {processor.py:183} INFO - Processing /workspaces/recomart-recommendation-pipeline/airflow_venv/lib/python3.12/site-packages/airflow/example_dags/plugins/workday.py took 4.276 seconds
[2026-07-20T05:59:41.342+0000] {processor.py:161} INFO - Started process (PID=58503) to work on /workspaces/recomart-recommendation-pipeline/airflow_venv/lib/python3.12/site-packages/airflow/example_dags/plugins/workday.py
[2026-07-20T05:59:41.343+0000] {processor.py:830} INFO - Processing file /workspaces/recomart-recommendation-pipeline/airflow_venv/lib/python3.12/site-packages/airflow/example_dags/plugins/workday.py for tasks to queue
[2026-07-20T05:59:41.344+0000] {logging_mixin.py:188} INFO - [2026-07-20T05:59:41.344+0000] {dagbag.py:545} INFO - Filling up the DagBag from /workspaces/recomart-recommendation-pipeline/airflow_venv/lib/python3.12/site-packages/airflow/example_dags/plugins/workday.py
[2026-07-20T05:59:41.821+0000] {processor.py:842} WARNING - No viable dags retrieved from /workspaces/recomart-recommendation-pipeline/airflow_venv/lib/python3.12/site-packages/airflow/example_dags/plugins/workday.py
[2026-07-20T05:59:41.826+0000] {processor.py:183} INFO - Processing /workspaces/recomart-recommendation-pipeline/airflow_venv/lib/python3.12/site-packages/airflow/example_dags/plugins/workday.py took 0.488 seconds
[2026-07-20T06:00:30.415+0000] {processor.py:161} INFO - Started process (PID=58864) to work on /workspaces/recomart-recommendation-pipeline/airflow_venv/lib/python3.12/site-packages/airflow/example_dags/plugins/workday.py
[2026-07-20T06:00:30.415+0000] {processor.py:830} INFO - Processing file /workspaces/recomart-recommendation-pipeline/airflow_venv/lib/python3.12/site-packages/airflow/example_dags/plugins/workday.py for tasks to queue
[2026-07-20T06:00:30.417+0000] {logging_mixin.py:188} INFO - [2026-07-20T06:00:30.416+0000] {dagbag.py:545} INFO - Filling up the DagBag from /workspaces/recomart-recommendation-pipeline/airflow_venv/lib/python3.12/site-packages/airflow/example_dags/plugins/workday.py
[2026-07-20T06:00:30.917+0000] {processor.py:842} WARNING - No viable dags retrieved from /workspaces/recomart-recommendation-pipeline/airflow_venv/lib/python3.12/site-packages/airflow/example_dags/plugins/workday.py
[2026-07-20T06:00:30.922+0000] {processor.py:183} INFO - Processing /workspaces/recomart-recommendation-pipeline/airflow_venv/lib/python3.12/site-packages/airflow/example_dags/plugins/workday.py took 0.512 seconds
[2026-07-20T06:01:12.958+0000] {processor.py:161} INFO - Started process (PID=59357) to work on /workspaces/recomart-recommendation-pipeline/airflow_venv/lib/python3.12/site-packages/airflow/example_dags/plugins/workday.py
[2026-07-20T06:01:12.959+0000] {processor.py:830} INFO - Processing file /workspaces/recomart-recommendation-pipeline/airflow_venv/lib/python3.12/site-packages/airflow/example_dags/plugins/workday.py for tasks to queue
[2026-07-20T06:01:12.961+0000] {logging_mixin.py:188} INFO - [2026-07-20T06:01:12.961+0000] {dagbag.py:545} INFO - Filling up the DagBag from /workspaces/recomart-recommendation-pipeline/airflow_venv/lib/python3.12/site-packages/airflow/example_dags/plugins/workday.py
[2026-07-20T06:01:13.469+0000] {processor.py:842} WARNING - No viable dags retrieved from /workspaces/recomart-recommendation-pipeline/airflow_venv/lib/python3.12/site-packages/airflow/example_dags/plugins/workday.py
[2026-07-20T06:01:13.476+0000] {processor.py:183} INFO - Processing /workspaces/recomart-recommendation-pipeline/airflow_venv/lib/python3.12/site-packages/airflow/example_dags/plugins/workday.py took 0.522 seconds
[2026-07-20T06:01:57.339+0000] {processor.py:161} INFO - Started process (PID=59909) to work on /workspaces/recomart-recommendation-pipeline/airflow_venv/lib/python3.12/site-packages/airflow/example_dags/plugins/workday.py
[2026-07-20T06:01:57.340+0000] {processor.py:830} INFO - Processing file /workspaces/recomart-recommendation-pipeline/airflow_venv/lib/python3.12/site-packages/airflow/example_dags/plugins/workday.py for tasks to queue
[2026-07-20T06:01:57.341+0000] {logging_mixin.py:188} INFO - [2026-07-20T06:01:57.341+0000] {dagbag.py:545} INFO - Filling up the DagBag from /workspaces/recomart-recommendation-pipeline/airflow_venv/lib/python3.12/site-packages/airflow/example_dags/plugins/workday.py
[2026-07-20T06:01:57.914+0000] {processor.py:842} WARNING - No viable dags retrieved from /workspaces/recomart-recommendation-pipeline/airflow_venv/lib/python3.12/site-packages/airflow/example_dags/plugins/workday.py
[2026-07-20T06:01:57.932+0000] {processor.py:183} INFO - Processing /workspaces/recomart-recommendation-pipeline/airflow_venv/lib/python3.12/site-packages/airflow/example_dags/plugins/workday.py took 0.597 seconds
[2026-07-20T06:02:40.877+0000] {processor.py:161} INFO - Started process (PID=60298) to work on /workspaces/recomart-recommendation-pipeline/airflow_venv/lib/python3.12/site-packages/airflow/example_dags/plugins/workday.py
[2026-07-20T06:02:40.878+0000] {processor.py:830} INFO - Processing file /workspaces/recomart-recommendation-pipeline/airflow_venv/lib/python3.12/site-packages/airflow/example_dags/plugins/workday.py for tasks to queue
[2026-07-20T06:02:40.880+0000] {logging_mixin.py:188} INFO - [2026-07-20T06:02:40.880+0000] {dagbag.py:545} INFO - Filling up the DagBag from /workspaces/recomart-recommendation-pipeline/airflow_venv/lib/python3.12/site-packages/airflow/example_dags/plugins/workday.py
[2026-07-20T06:02:41.575+0000] {processor.py:842} WARNING - No viable dags retrieved from /workspaces/recomart-recommendation-pipeline/airflow_venv/lib/python3.12/site-packages/airflow/example_dags/plugins/workday.py
[2026-07-20T06:02:41.585+0000] {processor.py:183} INFO - Processing /workspaces/recomart-recommendation-pipeline/airflow_venv/lib/python3.12/site-packages/airflow/example_dags/plugins/workday.py took 0.716 seconds
[2026-07-20T06:03:22.553+0000] {processor.py:161} INFO - Started process (PID=60595) to work on /workspaces/recomart-recommendation-pipeline/airflow_venv/lib/python3.12/site-packages/airflow/example_dags/plugins/workday.py
[2026-07-20T06:03:22.554+0000] {processor.py:830} INFO - Processing file /workspaces/recomart-recommendation-pipeline/airflow_venv/lib/python3.12/site-packages/airflow/example_dags/plugins/workday.py for tasks to queue
[2026-07-20T06:03:22.555+0000] {logging_mixin.py:188} INFO - [2026-07-20T06:03:22.555+0000] {dagbag.py:545} INFO - Filling up the DagBag from /workspaces/recomart-recommendation-pipeline/airflow_venv/lib/python3.12/site-packages/airflow/example_dags/plugins/workday.py
[2026-07-20T06:03:23.040+0000] {processor.py:842} WARNING - No viable dags retrieved from /workspaces/recomart-recommendation-pipeline/airflow_venv/lib/python3.12/site-packages/airflow/example_dags/plugins/workday.py
[2026-07-20T06:03:23.047+0000] {processor.py:183} INFO - Processing /workspaces/recomart-recommendation-pipeline/airflow_venv/lib/python3.12/site-packages/airflow/example_dags/plugins/workday.py took 0.498 seconds
[2026-07-20T06:04:05.166+0000] {processor.py:161} INFO - Started process (PID=61024) to work on /workspaces/recomart-recommendation-pipeline/airflow_venv/lib/python3.12/site-packages/airflow/example_dags/plugins/workday.py
[2026-07-20T06:04:05.175+0000] {processor.py:830} INFO - Processing file /workspaces/recomart-recommendation-pipeline/airflow_venv/lib/python3.12/site-packages/airflow/example_dags/plugins/workday.py for tasks to queue
[2026-07-20T06:04:05.183+0000] {logging_mixin.py:188} INFO - [2026-07-20T06:04:05.177+0000] {dagbag.py:545} INFO - Filling up the DagBag from /workspaces/recomart-recommendation-pipeline/airflow_venv/lib/python3.12/site-packages/airflow/example_dags/plugins/workday.py
[2026-07-20T06:04:05.758+0000] {processor.py:842} WARNING - No viable dags retrieved from /workspaces/recomart-recommendation-pipeline/airflow_venv/lib/python3.12/site-packages/airflow/example_dags/plugins/workday.py
[2026-07-20T06:04:05.763+0000] {processor.py:183} INFO - Processing /workspaces/recomart-recommendation-pipeline/airflow_venv/lib/python3.12/site-packages/airflow/example_dags/plugins/workday.py took 0.615 seconds
[2026-07-20T06:04:49.865+0000] {processor.py:161} INFO - Started process (PID=61396) to work on /workspaces/recomart-recommendation-pipeline/airflow_venv/lib/python3.12/site-packages/airflow/example_dags/plugins/workday.py
[2026-07-20T06:04:49.865+0000] {processor.py:830} INFO - Processing file /workspaces/recomart-recommendation-pipeline/airflow_venv/lib/python3.12/site-packages/airflow/example_dags/plugins/workday.py for tasks to queue
[2026-07-20T06:04:49.867+0000] {logging_mixin.py:188} INFO - [2026-07-20T06:04:49.866+0000] {dagbag.py:545} INFO - Filling up the DagBag from /workspaces/recomart-recommendation-pipeline/airflow_venv/lib/python3.12/site-packages/airflow/example_dags/plugins/workday.py
[2026-07-20T06:04:50.494+0000] {processor.py:842} WARNING - No viable dags retrieved from /workspaces/recomart-recommendation-pipeline/airflow_venv/lib/python3.12/site-packages/airflow/example_dags/plugins/workday.py
[2026-07-20T06:04:50.501+0000] {processor.py:183} INFO - Processing /workspaces/recomart-recommendation-pipeline/airflow_venv/lib/python3.12/site-packages/airflow/example_dags/plugins/workday.py took 0.641 seconds
[2026-07-20T06:05:34.393+0000] {processor.py:161} INFO - Started process (PID=61726) to work on /workspaces/recomart-recommendation-pipeline/airflow_venv/lib/python3.12/site-packages/airflow/example_dags/plugins/workday.py
[2026-07-20T06:05:34.394+0000] {processor.py:830} INFO - Processing file /workspaces/recomart-recommendation-pipeline/airflow_venv/lib/python3.12/site-packages/airflow/example_dags/plugins/workday.py for tasks to queue
[2026-07-20T06:05:34.395+0000] {logging_mixin.py:188} INFO - [2026-07-20T06:05:34.395+0000] {dagbag.py:545} INFO - Filling up the DagBag from /workspaces/recomart-recommendation-pipeline/airflow_venv/lib/python3.12/site-packages/airflow/example_dags/plugins/workday.py
[2026-07-20T06:05:34.956+0000] {processor.py:842} WARNING - No viable dags retrieved from /workspaces/recomart-recommendation-pipeline/airflow_venv/lib/python3.12/site-packages/airflow/example_dags/plugins/workday.py
[2026-07-20T06:05:34.961+0000] {processor.py:183} INFO - Processing /workspaces/recomart-recommendation-pipeline/airflow_venv/lib/python3.12/site-packages/airflow/example_dags/plugins/workday.py took 0.572 seconds
[2026-07-20T06:06:21.837+0000] {processor.py:161} INFO - Started process (PID=62119) to work on /workspaces/recomart-recommendation-pipeline/airflow_venv/lib/python3.12/site-packages/airflow/example_dags/plugins/workday.py
[2026-07-20T06:06:21.838+0000] {processor.py:830} INFO - Processing file /workspaces/recomart-recommendation-pipeline/airflow_venv/lib/python3.12/site-packages/airflow/example_dags/plugins/workday.py for tasks to queue
[2026-07-20T06:06:21.839+0000] {logging_mixin.py:188} INFO - [2026-07-20T06:06:21.839+0000] {dagbag.py:545} INFO - Filling up the DagBag from /workspaces/recomart-recommendation-pipeline/airflow_venv/lib/python3.12/site-packages/airflow/example_dags/plugins/workday.py
[2026-07-20T06:06:22.354+0000] {processor.py:842} WARNING - No viable dags retrieved from /workspaces/recomart-recommendation-pipeline/airflow_venv/lib/python3.12/site-packages/airflow/example_dags/plugins/workday.py
[2026-07-20T06:06:22.360+0000] {processor.py:183} INFO - Processing /workspaces/recomart-recommendation-pipeline/airflow_venv/lib/python3.12/site-packages/airflow/example_dags/plugins/workday.py took 0.527 seconds
[2026-07-20T06:07:09.596+0000] {processor.py:161} INFO - Started process (PID=62521) to work on /workspaces/recomart-recommendation-pipeline/airflow_venv/lib/python3.12/site-packages/airflow/example_dags/plugins/workday.py
[2026-07-20T06:07:09.598+0000] {processor.py:830} INFO - Processing file /workspaces/recomart-recommendation-pipeline/airflow_venv/lib/python3.12/site-packages/airflow/example_dags/plugins/workday.py for tasks to queue
[2026-07-20T06:07:09.599+0000] {logging_mixin.py:188} INFO - [2026-07-20T06:07:09.599+0000] {dagbag.py:545} INFO - Filling up the DagBag from /workspaces/recomart-recommendation-pipeline/airflow_venv/lib/python3.12/site-packages/airflow/example_dags/plugins/workday.py
[2026-07-20T06:07:10.488+0000] {processor.py:842} WARNING - No viable dags retrieved from /workspaces/recomart-recommendation-pipeline/airflow_venv/lib/python3.12/site-packages/airflow/example_dags/plugins/workday.py
[2026-07-20T06:07:10.496+0000] {processor.py:183} INFO - Processing /workspaces/recomart-recommendation-pipeline/airflow_venv/lib/python3.12/site-packages/airflow/example_dags/plugins/workday.py took 0.904 seconds
[2026-07-20T06:08:00.639+0000] {processor.py:161} INFO - Started process (PID=62945) to work on /workspaces/recomart-recommendation-pipeline/airflow_venv/lib/python3.12/site-packages/airflow/example_dags/plugins/workday.py
[2026-07-20T06:08:00.640+0000] {processor.py:830} INFO - Processing file /workspaces/recomart-recommendation-pipeline/airflow_venv/lib/python3.12/site-packages/airflow/example_dags/plugins/workday.py for tasks to queue
[2026-07-20T06:08:00.642+0000] {logging_mixin.py:188} INFO - [2026-07-20T06:08:00.641+0000] {dagbag.py:545} INFO - Filling up the DagBag from /workspaces/recomart-recommendation-pipeline/airflow_venv/lib/python3.12/site-packages/airflow/example_dags/plugins/workday.py
[2026-07-20T06:08:01.089+0000] {processor.py:842} WARNING - No viable dags retrieved from /workspaces/recomart-recommendation-pipeline/airflow_venv/lib/python3.12/site-packages/airflow/example_dags/plugins/workday.py
[2026-07-20T06:08:01.095+0000] {processor.py:183} INFO - Processing /workspaces/recomart-recommendation-pipeline/airflow_venv/lib/python3.12/site-packages/airflow/example_dags/plugins/workday.py took 0.461 seconds
[2026-07-20T06:08:39.774+0000] {processor.py:161} INFO - Started process (PID=63363) to work on /workspaces/recomart-recommendation-pipeline/airflow_venv/lib/python3.12/site-packages/airflow/example_dags/plugins/workday.py
[2026-07-20T06:08:39.778+0000] {processor.py:830} INFO - Processing file /workspaces/recomart-recommendation-pipeline/airflow_venv/lib/python3.12/site-packages/airflow/example_dags/plugins/workday.py for tasks to queue
[2026-07-20T06:08:39.779+0000] {logging_mixin.py:188} INFO - [2026-07-20T06:08:39.779+0000] {dagbag.py:545} INFO - Filling up the DagBag from /workspaces/recomart-recommendation-pipeline/airflow_venv/lib/python3.12/site-packages/airflow/example_dags/plugins/workday.py
[2026-07-20T06:08:40.567+0000] {processor.py:842} WARNING - No viable dags retrieved from /workspaces/recomart-recommendation-pipeline/airflow_venv/lib/python3.12/site-packages/airflow/example_dags/plugins/workday.py
[2026-07-20T06:08:40.575+0000] {processor.py:183} INFO - Processing /workspaces/recomart-recommendation-pipeline/airflow_venv/lib/python3.12/site-packages/airflow/example_dags/plugins/workday.py took 0.807 seconds
[2026-07-20T06:09:34.417+0000] {processor.py:161} INFO - Started process (PID=63869) to work on /workspaces/recomart-recommendation-pipeline/airflow_venv/lib/python3.12/site-packages/airflow/example_dags/plugins/workday.py
[2026-07-20T06:09:34.418+0000] {processor.py:830} INFO - Processing file /workspaces/recomart-recommendation-pipeline/airflow_venv/lib/python3.12/site-packages/airflow/example_dags/plugins/workday.py for tasks to queue
[2026-07-20T06:09:34.419+0000] {logging_mixin.py:188} INFO - [2026-07-20T06:09:34.419+0000] {dagbag.py:545} INFO - Filling up the DagBag from /workspaces/recomart-recommendation-pipeline/airflow_venv/lib/python3.12/site-packages/airflow/example_dags/plugins/workday.py
[2026-07-20T06:09:34.966+0000] {processor.py:842} WARNING - No viable dags retrieved from /workspaces/recomart-recommendation-pipeline/airflow_venv/lib/python3.12/site-packages/airflow/example_dags/plugins/workday.py
[2026-07-20T06:09:34.971+0000] {processor.py:183} INFO - Processing /workspaces/recomart-recommendation-pipeline/airflow_venv/lib/python3.12/site-packages/airflow/example_dags/plugins/workday.py took 0.558 seconds
[2026-07-20T06:10:26.616+0000] {processor.py:161} INFO - Started process (PID=64303) to work on /workspaces/recomart-recommendation-pipeline/airflow_venv/lib/python3.12/site-packages/airflow/example_dags/plugins/workday.py
[2026-07-20T06:10:26.617+0000] {processor.py:830} INFO - Processing file /workspaces/recomart-recommendation-pipeline/airflow_venv/lib/python3.12/site-packages/airflow/example_dags/plugins/workday.py for tasks to queue
[2026-07-20T06:10:26.619+0000] {logging_mixin.py:188} INFO - [2026-07-20T06:10:26.618+0000] {dagbag.py:545} INFO - Filling up the DagBag from /workspaces/recomart-recommendation-pipeline/airflow_venv/lib/python3.12/site-packages/airflow/example_dags/plugins/workday.py
[2026-07-20T06:10:27.171+0000] {processor.py:842} WARNING - No viable dags retrieved from /workspaces/recomart-recommendation-pipeline/airflow_venv/lib/python3.12/site-packages/airflow/example_dags/plugins/workday.py
[2026-07-20T06:10:27.184+0000] {processor.py:183} INFO - Processing /workspaces/recomart-recommendation-pipeline/airflow_venv/lib/python3.12/site-packages/airflow/example_dags/plugins/workday.py took 0.573 seconds
[2026-07-20T06:11:09.336+0000] {processor.py:161} INFO - Started process (PID=64755) to work on /workspaces/recomart-recommendation-pipeline/airflow_venv/lib/python3.12/site-packages/airflow/example_dags/plugins/workday.py
[2026-07-20T06:11:09.336+0000] {processor.py:830} INFO - Processing file /workspaces/recomart-recommendation-pipeline/airflow_venv/lib/python3.12/site-packages/airflow/example_dags/plugins/workday.py for tasks to queue
[2026-07-20T06:11:09.338+0000] {logging_mixin.py:188} INFO - [2026-07-20T06:11:09.337+0000] {dagbag.py:545} INFO - Filling up the DagBag from /workspaces/recomart-recommendation-pipeline/airflow_venv/lib/python3.12/site-packages/airflow/example_dags/plugins/workday.py
[2026-07-20T06:11:09.894+0000] {processor.py:842} WARNING - No viable dags retrieved from /workspaces/recomart-recommendation-pipeline/airflow_venv/lib/python3.12/site-packages/airflow/example_dags/plugins/workday.py
[2026-07-20T06:11:09.899+0000] {processor.py:183} INFO - Processing /workspaces/recomart-recommendation-pipeline/airflow_venv/lib/python3.12/site-packages/airflow/example_dags/plugins/workday.py took 0.568 seconds
[2026-07-20T06:11:51.151+0000] {processor.py:161} INFO - Started process (PID=65205) to work on /workspaces/recomart-recommendation-pipeline/airflow_venv/lib/python3.12/site-packages/airflow/example_dags/plugins/workday.py
[2026-07-20T06:11:51.152+0000] {processor.py:830} INFO - Processing file /workspaces/recomart-recommendation-pipeline/airflow_venv/lib/python3.12/site-packages/airflow/example_dags/plugins/workday.py for tasks to queue
[2026-07-20T06:11:51.153+0000] {logging_mixin.py:188} INFO - [2026-07-20T06:11:51.153+0000] {dagbag.py:545} INFO - Filling up the DagBag from /workspaces/recomart-recommendation-pipeline/airflow_venv/lib/python3.12/site-packages/airflow/example_dags/plugins/workday.py
[2026-07-20T06:11:51.666+0000] {processor.py:842} WARNING - No viable dags retrieved from /workspaces/recomart-recommendation-pipeline/airflow_venv/lib/python3.12/site-packages/airflow/example_dags/plugins/workday.py
[2026-07-20T06:11:51.672+0000] {processor.py:183} INFO - Processing /workspaces/recomart-recommendation-pipeline/airflow_venv/lib/python3.12/site-packages/airflow/example_dags/plugins/workday.py took 0.525 seconds
[2026-07-20T06:12:33.299+0000] {processor.py:161} INFO - Started process (PID=65514) to work on /workspaces/recomart-recommendation-pipeline/airflow_venv/lib/python3.12/site-packages/airflow/example_dags/plugins/workday.py
[2026-07-20T06:12:33.300+0000] {processor.py:830} INFO - Processing file /workspaces/recomart-recommendation-pipeline/airflow_venv/lib/python3.12/site-packages/airflow/example_dags/plugins/workday.py for tasks to queue
[2026-07-20T06:12:33.301+0000] {logging_mixin.py:188} INFO - [2026-07-20T06:12:33.301+0000] {dagbag.py:545} INFO - Filling up the DagBag from /workspaces/recomart-recommendation-pipeline/airflow_venv/lib/python3.12/site-packages/airflow/example_dags/plugins/workday.py
[2026-07-20T06:12:33.898+0000] {processor.py:842} WARNING - No viable dags retrieved from /workspaces/recomart-recommendation-pipeline/airflow_venv/lib/python3.12/site-packages/airflow/example_dags/plugins/workday.py
[2026-07-20T06:12:33.903+0000] {processor.py:183} INFO - Processing /workspaces/recomart-recommendation-pipeline/airflow_venv/lib/python3.12/site-packages/airflow/example_dags/plugins/workday.py took 0.607 seconds
[2026-07-20T06:13:17.579+0000] {processor.py:161} INFO - Started process (PID=65902) to work on /workspaces/recomart-recommendation-pipeline/airflow_venv/lib/python3.12/site-packages/airflow/example_dags/plugins/workday.py
[2026-07-20T06:13:17.582+0000] {processor.py:830} INFO - Processing file /workspaces/recomart-recommendation-pipeline/airflow_venv/lib/python3.12/site-packages/airflow/example_dags/plugins/workday.py for tasks to queue
[2026-07-20T06:13:17.584+0000] {logging_mixin.py:188} INFO - [2026-07-20T06:13:17.584+0000] {dagbag.py:545} INFO - Filling up the DagBag from /workspaces/recomart-recommendation-pipeline/airflow_venv/lib/python3.12/site-packages/airflow/example_dags/plugins/workday.py
[2026-07-20T06:13:18.135+0000] {processor.py:842} WARNING - No viable dags retrieved from /workspaces/recomart-recommendation-pipeline/airflow_venv/lib/python3.12/site-packages/airflow/example_dags/plugins/workday.py
[2026-07-20T06:13:18.141+0000] {processor.py:183} INFO - Processing /workspaces/recomart-recommendation-pipeline/airflow_venv/lib/python3.12/site-packages/airflow/example_dags/plugins/workday.py took 0.569 seconds
[2026-07-20T06:14:02.500+0000] {processor.py:161} INFO - Started process (PID=66450) to work on /workspaces/recomart-recommendation-pipeline/airflow_venv/lib/python3.12/site-packages/airflow/example_dags/plugins/workday.py
[2026-07-20T06:14:02.501+0000] {processor.py:830} INFO - Processing file /workspaces/recomart-recommendation-pipeline/airflow_venv/lib/python3.12/site-packages/airflow/example_dags/plugins/workday.py for tasks to queue
[2026-07-20T06:14:02.504+0000] {logging_mixin.py:188} INFO - [2026-07-20T06:14:02.503+0000] {dagbag.py:545} INFO - Filling up the DagBag from /workspaces/recomart-recommendation-pipeline/airflow_venv/lib/python3.12/site-packages/airflow/example_dags/plugins/workday.py
[2026-07-20T06:14:03.028+0000] {processor.py:842} WARNING - No viable dags retrieved from /workspaces/recomart-recommendation-pipeline/airflow_venv/lib/python3.12/site-packages/airflow/example_dags/plugins/workday.py
[2026-07-20T06:14:03.043+0000] {processor.py:183} INFO - Processing /workspaces/recomart-recommendation-pipeline/airflow_venv/lib/python3.12/site-packages/airflow/example_dags/plugins/workday.py took 0.549 seconds
[2026-07-20T06:14:49.935+0000] {processor.py:161} INFO - Started process (PID=67045) to work on /workspaces/recomart-recommendation-pipeline/airflow_venv/lib/python3.12/site-packages/airflow/example_dags/plugins/workday.py
[2026-07-20T06:14:49.936+0000] {processor.py:830} INFO - Processing file /workspaces/recomart-recommendation-pipeline/airflow_venv/lib/python3.12/site-packages/airflow/example_dags/plugins/workday.py for tasks to queue
[2026-07-20T06:14:49.937+0000] {logging_mixin.py:188} INFO - [2026-07-20T06:14:49.937+0000] {dagbag.py:545} INFO - Filling up the DagBag from /workspaces/recomart-recommendation-pipeline/airflow_venv/lib/python3.12/site-packages/airflow/example_dags/plugins/workday.py
[2026-07-20T06:14:50.443+0000] {processor.py:842} WARNING - No viable dags retrieved from /workspaces/recomart-recommendation-pipeline/airflow_venv/lib/python3.12/site-packages/airflow/example_dags/plugins/workday.py
[2026-07-20T06:14:50.449+0000] {processor.py:183} INFO - Processing /workspaces/recomart-recommendation-pipeline/airflow_venv/lib/python3.12/site-packages/airflow/example_dags/plugins/workday.py took 0.519 seconds
[2026-07-20T06:15:34.836+0000] {processor.py:161} INFO - Started process (PID=67356) to work on /workspaces/recomart-recommendation-pipeline/airflow_venv/lib/python3.12/site-packages/airflow/example_dags/plugins/workday.py
[2026-07-20T06:15:34.837+0000] {processor.py:830} INFO - Processing file /workspaces/recomart-recommendation-pipeline/airflow_venv/lib/python3.12/site-packages/airflow/example_dags/plugins/workday.py for tasks to queue
[2026-07-20T06:15:34.838+0000] {logging_mixin.py:188} INFO - [2026-07-20T06:15:34.838+0000] {dagbag.py:545} INFO - Filling up the DagBag from /workspaces/recomart-recommendation-pipeline/airflow_venv/lib/python3.12/site-packages/airflow/example_dags/plugins/workday.py
[2026-07-20T06:15:35.361+0000] {processor.py:842} WARNING - No viable dags retrieved from /workspaces/recomart-recommendation-pipeline/airflow_venv/lib/python3.12/site-packages/airflow/example_dags/plugins/workday.py
[2026-07-20T06:15:35.366+0000] {processor.py:183} INFO - Processing /workspaces/recomart-recommendation-pipeline/airflow_venv/lib/python3.12/site-packages/airflow/example_dags/plugins/workday.py took 0.534 seconds
[2026-07-20T06:30:41.218+0000] {processor.py:161} INFO - Started process (PID=73260) to work on /workspaces/recomart-recommendation-pipeline/airflow_venv/lib/python3.12/site-packages/airflow/example_dags/plugins/workday.py
[2026-07-20T06:30:41.219+0000] {processor.py:830} INFO - Processing file /workspaces/recomart-recommendation-pipeline/airflow_venv/lib/python3.12/site-packages/airflow/example_dags/plugins/workday.py for tasks to queue
[2026-07-20T06:30:41.221+0000] {logging_mixin.py:188} INFO - [2026-07-20T06:30:41.221+0000] {dagbag.py:545} INFO - Filling up the DagBag from /workspaces/recomart-recommendation-pipeline/airflow_venv/lib/python3.12/site-packages/airflow/example_dags/plugins/workday.py
[2026-07-20T06:30:42.573+0000] {processor.py:842} WARNING - No viable dags retrieved from /workspaces/recomart-recommendation-pipeline/airflow_venv/lib/python3.12/site-packages/airflow/example_dags/plugins/workday.py
[2026-07-20T06:30:42.589+0000] {processor.py:183} INFO - Processing /workspaces/recomart-recommendation-pipeline/airflow_venv/lib/python3.12/site-packages/airflow/example_dags/plugins/workday.py took 1.377 seconds
[2026-07-20T06:31:38.647+0000] {processor.py:161} INFO - Started process (PID=73953) to work on /workspaces/recomart-recommendation-pipeline/airflow_venv/lib/python3.12/site-packages/airflow/example_dags/plugins/workday.py
[2026-07-20T06:31:38.647+0000] {processor.py:830} INFO - Processing file /workspaces/recomart-recommendation-pipeline/airflow_venv/lib/python3.12/site-packages/airflow/example_dags/plugins/workday.py for tasks to queue
[2026-07-20T06:31:38.649+0000] {logging_mixin.py:188} INFO - [2026-07-20T06:31:38.648+0000] {dagbag.py:545} INFO - Filling up the DagBag from /workspaces/recomart-recommendation-pipeline/airflow_venv/lib/python3.12/site-packages/airflow/example_dags/plugins/workday.py
[2026-07-20T06:31:39.191+0000] {processor.py:842} WARNING - No viable dags retrieved from /workspaces/recomart-recommendation-pipeline/airflow_venv/lib/python3.12/site-packages/airflow/example_dags/plugins/workday.py
[2026-07-20T06:31:39.195+0000] {processor.py:183} INFO - Processing /workspaces/recomart-recommendation-pipeline/airflow_venv/lib/python3.12/site-packages/airflow/example_dags/plugins/workday.py took 0.553 seconds
[2026-07-20T06:32:28.787+0000] {processor.py:161} INFO - Started process (PID=74677) to work on /workspaces/recomart-recommendation-pipeline/airflow_venv/lib/python3.12/site-packages/airflow/example_dags/plugins/workday.py
[2026-07-20T06:32:28.788+0000] {processor.py:830} INFO - Processing file /workspaces/recomart-recommendation-pipeline/airflow_venv/lib/python3.12/site-packages/airflow/example_dags/plugins/workday.py for tasks to queue
[2026-07-20T06:32:28.793+0000] {logging_mixin.py:188} INFO - [2026-07-20T06:32:28.790+0000] {dagbag.py:545} INFO - Filling up the DagBag from /workspaces/recomart-recommendation-pipeline/airflow_venv/lib/python3.12/site-packages/airflow/example_dags/plugins/workday.py
[2026-07-20T06:32:29.554+0000] {processor.py:842} WARNING - No viable dags retrieved from /workspaces/recomart-recommendation-pipeline/airflow_venv/lib/python3.12/site-packages/airflow/example_dags/plugins/workday.py
[2026-07-20T06:32:29.561+0000] {processor.py:183} INFO - Processing /workspaces/recomart-recommendation-pipeline/airflow_venv/lib/python3.12/site-packages/airflow/example_dags/plugins/workday.py took 0.788 seconds
[2026-07-20T06:33:12.139+0000] {processor.py:161} INFO - Started process (PID=75043) to work on /workspaces/recomart-recommendation-pipeline/airflow_venv/lib/python3.12/site-packages/airflow/example_dags/plugins/workday.py
[2026-07-20T06:33:12.140+0000] {processor.py:830} INFO - Processing file /workspaces/recomart-recommendation-pipeline/airflow_venv/lib/python3.12/site-packages/airflow/example_dags/plugins/workday.py for tasks to queue
[2026-07-20T06:33:12.141+0000] {logging_mixin.py:188} INFO - [2026-07-20T06:33:12.141+0000] {dagbag.py:545} INFO - Filling up the DagBag from /workspaces/recomart-recommendation-pipeline/airflow_venv/lib/python3.12/site-packages/airflow/example_dags/plugins/workday.py
[2026-07-20T06:33:12.657+0000] {processor.py:842} WARNING - No viable dags retrieved from /workspaces/recomart-recommendation-pipeline/airflow_venv/lib/python3.12/site-packages/airflow/example_dags/plugins/workday.py
[2026-07-20T06:33:12.664+0000] {processor.py:183} INFO - Processing /workspaces/recomart-recommendation-pipeline/airflow_venv/lib/python3.12/site-packages/airflow/example_dags/plugins/workday.py took 0.529 seconds
[2026-07-20T06:34:31.561+0000] {processor.py:161} INFO - Started process (PID=76301) to work on /workspaces/recomart-recommendation-pipeline/airflow_venv/lib/python3.12/site-packages/airflow/example_dags/plugins/workday.py
[2026-07-20T06:34:31.562+0000] {processor.py:830} INFO - Processing file /workspaces/recomart-recommendation-pipeline/airflow_venv/lib/python3.12/site-packages/airflow/example_dags/plugins/workday.py for tasks to queue
[2026-07-20T06:34:31.563+0000] {logging_mixin.py:188} INFO - [2026-07-20T06:34:31.563+0000] {dagbag.py:545} INFO - Filling up the DagBag from /workspaces/recomart-recommendation-pipeline/airflow_venv/lib/python3.12/site-packages/airflow/example_dags/plugins/workday.py
[2026-07-20T06:34:32.151+0000] {processor.py:842} WARNING - No viable dags retrieved from /workspaces/recomart-recommendation-pipeline/airflow_venv/lib/python3.12/site-packages/airflow/example_dags/plugins/workday.py
[2026-07-20T06:34:32.156+0000] {processor.py:183} INFO - Processing /workspaces/recomart-recommendation-pipeline/airflow_venv/lib/python3.12/site-packages/airflow/example_dags/plugins/workday.py took 0.599 seconds
[2026-07-20T06:35:05.259+0000] {processor.py:161} INFO - Started process (PID=76967) to work on /workspaces/recomart-recommendation-pipeline/airflow_venv/lib/python3.12/site-packages/airflow/example_dags/plugins/workday.py
[2026-07-20T06:35:05.260+0000] {processor.py:830} INFO - Processing file /workspaces/recomart-recommendation-pipeline/airflow_venv/lib/python3.12/site-packages/airflow/example_dags/plugins/workday.py for tasks to queue
[2026-07-20T06:35:05.263+0000] {logging_mixin.py:188} INFO - [2026-07-20T06:35:05.262+0000] {dagbag.py:545} INFO - Filling up the DagBag from /workspaces/recomart-recommendation-pipeline/airflow_venv/lib/python3.12/site-packages/airflow/example_dags/plugins/workday.py
[2026-07-20T06:35:05.813+0000] {processor.py:842} WARNING - No viable dags retrieved from /workspaces/recomart-recommendation-pipeline/airflow_venv/lib/python3.12/site-packages/airflow/example_dags/plugins/workday.py
[2026-07-20T06:35:05.818+0000] {processor.py:183} INFO - Processing /workspaces/recomart-recommendation-pipeline/airflow_venv/lib/python3.12/site-packages/airflow/example_dags/plugins/workday.py took 0.576 seconds
[2026-07-20T06:35:53.473+0000] {processor.py:161} INFO - Started process (PID=77856) to work on /workspaces/recomart-recommendation-pipeline/airflow_venv/lib/python3.12/site-packages/airflow/example_dags/plugins/workday.py
[2026-07-20T06:35:53.475+0000] {processor.py:830} INFO - Processing file /workspaces/recomart-recommendation-pipeline/airflow_venv/lib/python3.12/site-packages/airflow/example_dags/plugins/workday.py for tasks to queue
[2026-07-20T06:35:53.477+0000] {logging_mixin.py:188} INFO - [2026-07-20T06:35:53.476+0000] {dagbag.py:545} INFO - Filling up the DagBag from /workspaces/recomart-recommendation-pipeline/airflow_venv/lib/python3.12/site-packages/airflow/example_dags/plugins/workday.py
[2026-07-20T06:35:54.203+0000] {processor.py:842} WARNING - No viable dags retrieved from /workspaces/recomart-recommendation-pipeline/airflow_venv/lib/python3.12/site-packages/airflow/example_dags/plugins/workday.py
[2026-07-20T06:35:54.211+0000] {processor.py:183} INFO - Processing /workspaces/recomart-recommendation-pipeline/airflow_venv/lib/python3.12/site-packages/airflow/example_dags/plugins/workday.py took 0.745 seconds
[2026-07-20T06:36:48.170+0000] {processor.py:161} INFO - Started process (PID=78751) to work on /workspaces/recomart-recommendation-pipeline/airflow_venv/lib/python3.12/site-packages/airflow/example_dags/plugins/workday.py
[2026-07-20T06:36:48.171+0000] {processor.py:830} INFO - Processing file /workspaces/recomart-recommendation-pipeline/airflow_venv/lib/python3.12/site-packages/airflow/example_dags/plugins/workday.py for tasks to queue
[2026-07-20T06:36:48.173+0000] {logging_mixin.py:188} INFO - [2026-07-20T06:36:48.172+0000] {dagbag.py:545} INFO - Filling up the DagBag from /workspaces/recomart-recommendation-pipeline/airflow_venv/lib/python3.12/site-packages/airflow/example_dags/plugins/workday.py
[2026-07-20T06:36:48.916+0000] {processor.py:842} WARNING - No viable dags retrieved from /workspaces/recomart-recommendation-pipeline/airflow_venv/lib/python3.12/site-packages/airflow/example_dags/plugins/workday.py
[2026-07-20T06:36:48.926+0000] {processor.py:183} INFO - Processing /workspaces/recomart-recommendation-pipeline/airflow_venv/lib/python3.12/site-packages/airflow/example_dags/plugins/workday.py took 0.763 seconds
[2026-07-20T06:37:33.553+0000] {processor.py:161} INFO - Started process (PID=79077) to work on /workspaces/recomart-recommendation-pipeline/airflow_venv/lib/python3.12/site-packages/airflow/example_dags/plugins/workday.py
[2026-07-20T06:37:33.554+0000] {processor.py:830} INFO - Processing file /workspaces/recomart-recommendation-pipeline/airflow_venv/lib/python3.12/site-packages/airflow/example_dags/plugins/workday.py for tasks to queue
[2026-07-20T06:37:33.555+0000] {logging_mixin.py:188} INFO - [2026-07-20T06:37:33.555+0000] {dagbag.py:545} INFO - Filling up the DagBag from /workspaces/recomart-recommendation-pipeline/airflow_venv/lib/python3.12/site-packages/airflow/example_dags/plugins/workday.py
[2026-07-20T06:37:34.118+0000] {processor.py:842} WARNING - No viable dags retrieved from /workspaces/recomart-recommendation-pipeline/airflow_venv/lib/python3.12/site-packages/airflow/example_dags/plugins/workday.py
[2026-07-20T06:37:34.128+0000] {processor.py:183} INFO - Processing /workspaces/recomart-recommendation-pipeline/airflow_venv/lib/python3.12/site-packages/airflow/example_dags/plugins/workday.py took 0.579 seconds
[2026-07-20T06:38:20.760+0000] {processor.py:161} INFO - Started process (PID=79484) to work on /workspaces/recomart-recommendation-pipeline/airflow_venv/lib/python3.12/site-packages/airflow/example_dags/plugins/workday.py
[2026-07-20T06:38:20.761+0000] {processor.py:830} INFO - Processing file /workspaces/recomart-recommendation-pipeline/airflow_venv/lib/python3.12/site-packages/airflow/example_dags/plugins/workday.py for tasks to queue
[2026-07-20T06:38:20.763+0000] {logging_mixin.py:188} INFO - [2026-07-20T06:38:20.763+0000] {dagbag.py:545} INFO - Filling up the DagBag from /workspaces/recomart-recommendation-pipeline/airflow_venv/lib/python3.12/site-packages/airflow/example_dags/plugins/workday.py
[2026-07-20T06:38:21.531+0000] {processor.py:842} WARNING - No viable dags retrieved from /workspaces/recomart-recommendation-pipeline/airflow_venv/lib/python3.12/site-packages/airflow/example_dags/plugins/workday.py
[2026-07-20T06:38:21.538+0000] {processor.py:183} INFO - Processing /workspaces/recomart-recommendation-pipeline/airflow_venv/lib/python3.12/site-packages/airflow/example_dags/plugins/workday.py took 0.783 seconds
[2026-07-20T06:39:09.362+0000] {processor.py:161} INFO - Started process (PID=79901) to work on /workspaces/recomart-recommendation-pipeline/airflow_venv/lib/python3.12/site-packages/airflow/example_dags/plugins/workday.py
[2026-07-20T06:39:09.363+0000] {processor.py:830} INFO - Processing file /workspaces/recomart-recommendation-pipeline/airflow_venv/lib/python3.12/site-packages/airflow/example_dags/plugins/workday.py for tasks to queue
[2026-07-20T06:39:09.364+0000] {logging_mixin.py:188} INFO - [2026-07-20T06:39:09.364+0000] {dagbag.py:545} INFO - Filling up the DagBag from /workspaces/recomart-recommendation-pipeline/airflow_venv/lib/python3.12/site-packages/airflow/example_dags/plugins/workday.py
[2026-07-20T06:39:09.935+0000] {processor.py:842} WARNING - No viable dags retrieved from /workspaces/recomart-recommendation-pipeline/airflow_venv/lib/python3.12/site-packages/airflow/example_dags/plugins/workday.py
[2026-07-20T06:39:09.940+0000] {processor.py:183} INFO - Processing /workspaces/recomart-recommendation-pipeline/airflow_venv/lib/python3.12/site-packages/airflow/example_dags/plugins/workday.py took 0.583 seconds
[2026-07-20T06:39:57.292+0000] {processor.py:161} INFO - Started process (PID=80298) to work on /workspaces/recomart-recommendation-pipeline/airflow_venv/lib/python3.12/site-packages/airflow/example_dags/plugins/workday.py
[2026-07-20T06:39:57.293+0000] {processor.py:830} INFO - Processing file /workspaces/recomart-recommendation-pipeline/airflow_venv/lib/python3.12/site-packages/airflow/example_dags/plugins/workday.py for tasks to queue
[2026-07-20T06:39:57.294+0000] {logging_mixin.py:188} INFO - [2026-07-20T06:39:57.294+0000] {dagbag.py:545} INFO - Filling up the DagBag from /workspaces/recomart-recommendation-pipeline/airflow_venv/lib/python3.12/site-packages/airflow/example_dags/plugins/workday.py
[2026-07-20T06:39:57.796+0000] {processor.py:842} WARNING - No viable dags retrieved from /workspaces/recomart-recommendation-pipeline/airflow_venv/lib/python3.12/site-packages/airflow/example_dags/plugins/workday.py
[2026-07-20T06:39:57.801+0000] {processor.py:183} INFO - Processing /workspaces/recomart-recommendation-pipeline/airflow_venv/lib/python3.12/site-packages/airflow/example_dags/plugins/workday.py took 0.514 seconds
[2026-07-20T06:40:48.049+0000] {processor.py:161} INFO - Started process (PID=80784) to work on /workspaces/recomart-recommendation-pipeline/airflow_venv/lib/python3.12/site-packages/airflow/example_dags/plugins/workday.py
[2026-07-20T06:40:48.050+0000] {processor.py:830} INFO - Processing file /workspaces/recomart-recommendation-pipeline/airflow_venv/lib/python3.12/site-packages/airflow/example_dags/plugins/workday.py for tasks to queue
[2026-07-20T06:40:48.052+0000] {logging_mixin.py:188} INFO - [2026-07-20T06:40:48.051+0000] {dagbag.py:545} INFO - Filling up the DagBag from /workspaces/recomart-recommendation-pipeline/airflow_venv/lib/python3.12/site-packages/airflow/example_dags/plugins/workday.py
[2026-07-20T06:40:48.434+0000] {processor.py:842} WARNING - No viable dags retrieved from /workspaces/recomart-recommendation-pipeline/airflow_venv/lib/python3.12/site-packages/airflow/example_dags/plugins/workday.py
[2026-07-20T06:40:48.441+0000] {processor.py:183} INFO - Processing /workspaces/recomart-recommendation-pipeline/airflow_venv/lib/python3.12/site-packages/airflow/example_dags/plugins/workday.py took 0.399 seconds
[2026-07-20T06:41:33.397+0000] {processor.py:161} INFO - Started process (PID=81118) to work on /workspaces/recomart-recommendation-pipeline/airflow_venv/lib/python3.12/site-packages/airflow/example_dags/plugins/workday.py
[2026-07-20T06:41:33.398+0000] {processor.py:830} INFO - Processing file /workspaces/recomart-recommendation-pipeline/airflow_venv/lib/python3.12/site-packages/airflow/example_dags/plugins/workday.py for tasks to queue
[2026-07-20T06:41:33.400+0000] {logging_mixin.py:188} INFO - [2026-07-20T06:41:33.400+0000] {dagbag.py:545} INFO - Filling up the DagBag from /workspaces/recomart-recommendation-pipeline/airflow_venv/lib/python3.12/site-packages/airflow/example_dags/plugins/workday.py
[2026-07-20T06:41:33.907+0000] {processor.py:842} WARNING - No viable dags retrieved from /workspaces/recomart-recommendation-pipeline/airflow_venv/lib/python3.12/site-packages/airflow/example_dags/plugins/workday.py
[2026-07-20T06:41:33.914+0000] {processor.py:183} INFO - Processing /workspaces/recomart-recommendation-pipeline/airflow_venv/lib/python3.12/site-packages/airflow/example_dags/plugins/workday.py took 0.526 seconds
[2026-07-20T06:42:21.657+0000] {processor.py:161} INFO - Started process (PID=81523) to work on /workspaces/recomart-recommendation-pipeline/airflow_venv/lib/python3.12/site-packages/airflow/example_dags/plugins/workday.py
[2026-07-20T06:42:21.658+0000] {processor.py:830} INFO - Processing file /workspaces/recomart-recommendation-pipeline/airflow_venv/lib/python3.12/site-packages/airflow/example_dags/plugins/workday.py for tasks to queue
[2026-07-20T06:42:21.659+0000] {logging_mixin.py:188} INFO - [2026-07-20T06:42:21.659+0000] {dagbag.py:545} INFO - Filling up the DagBag from /workspaces/recomart-recommendation-pipeline/airflow_venv/lib/python3.12/site-packages/airflow/example_dags/plugins/workday.py
[2026-07-20T06:42:22.022+0000] {processor.py:842} WARNING - No viable dags retrieved from /workspaces/recomart-recommendation-pipeline/airflow_venv/lib/python3.12/site-packages/airflow/example_dags/plugins/workday.py
[2026-07-20T06:42:22.029+0000] {processor.py:183} INFO - Processing /workspaces/recomart-recommendation-pipeline/airflow_venv/lib/python3.12/site-packages/airflow/example_dags/plugins/workday.py took 0.376 seconds
[2026-07-20T06:43:07.862+0000] {processor.py:161} INFO - Started process (PID=81919) to work on /workspaces/recomart-recommendation-pipeline/airflow_venv/lib/python3.12/site-packages/airflow/example_dags/plugins/workday.py
[2026-07-20T06:43:07.863+0000] {processor.py:830} INFO - Processing file /workspaces/recomart-recommendation-pipeline/airflow_venv/lib/python3.12/site-packages/airflow/example_dags/plugins/workday.py for tasks to queue
[2026-07-20T06:43:07.864+0000] {logging_mixin.py:188} INFO - [2026-07-20T06:43:07.864+0000] {dagbag.py:545} INFO - Filling up the DagBag from /workspaces/recomart-recommendation-pipeline/airflow_venv/lib/python3.12/site-packages/airflow/example_dags/plugins/workday.py
[2026-07-20T06:43:08.257+0000] {processor.py:842} WARNING - No viable dags retrieved from /workspaces/recomart-recommendation-pipeline/airflow_venv/lib/python3.12/site-packages/airflow/example_dags/plugins/workday.py
[2026-07-20T06:43:08.264+0000] {processor.py:183} INFO - Processing /workspaces/recomart-recommendation-pipeline/airflow_venv/lib/python3.12/site-packages/airflow/example_dags/plugins/workday.py took 0.407 seconds
[2026-07-20T06:43:57.975+0000] {processor.py:161} INFO - Started process (PID=82345) to work on /workspaces/recomart-recommendation-pipeline/airflow_venv/lib/python3.12/site-packages/airflow/example_dags/plugins/workday.py
[2026-07-20T06:43:57.976+0000] {processor.py:830} INFO - Processing file /workspaces/recomart-recommendation-pipeline/airflow_venv/lib/python3.12/site-packages/airflow/example_dags/plugins/workday.py for tasks to queue
[2026-07-20T06:43:57.978+0000] {logging_mixin.py:188} INFO - [2026-07-20T06:43:57.977+0000] {dagbag.py:545} INFO - Filling up the DagBag from /workspaces/recomart-recommendation-pipeline/airflow_venv/lib/python3.12/site-packages/airflow/example_dags/plugins/workday.py
[2026-07-20T06:43:58.411+0000] {processor.py:842} WARNING - No viable dags retrieved from /workspaces/recomart-recommendation-pipeline/airflow_venv/lib/python3.12/site-packages/airflow/example_dags/plugins/workday.py
[2026-07-20T06:43:58.420+0000] {processor.py:183} INFO - Processing /workspaces/recomart-recommendation-pipeline/airflow_venv/lib/python3.12/site-packages/airflow/example_dags/plugins/workday.py took 0.453 seconds
[2026-07-20T06:44:44.229+0000] {processor.py:161} INFO - Started process (PID=82739) to work on /workspaces/recomart-recommendation-pipeline/airflow_venv/lib/python3.12/site-packages/airflow/example_dags/plugins/workday.py
[2026-07-20T06:44:44.230+0000] {processor.py:830} INFO - Processing file /workspaces/recomart-recommendation-pipeline/airflow_venv/lib/python3.12/site-packages/airflow/example_dags/plugins/workday.py for tasks to queue
[2026-07-20T06:44:44.231+0000] {logging_mixin.py:188} INFO - [2026-07-20T06:44:44.231+0000] {dagbag.py:545} INFO - Filling up the DagBag from /workspaces/recomart-recommendation-pipeline/airflow_venv/lib/python3.12/site-packages/airflow/example_dags/plugins/workday.py
[2026-07-20T06:44:44.602+0000] {processor.py:842} WARNING - No viable dags retrieved from /workspaces/recomart-recommendation-pipeline/airflow_venv/lib/python3.12/site-packages/airflow/example_dags/plugins/workday.py
[2026-07-20T06:44:44.609+0000] {processor.py:183} INFO - Processing /workspaces/recomart-recommendation-pipeline/airflow_venv/lib/python3.12/site-packages/airflow/example_dags/plugins/workday.py took 0.384 seconds
[2026-07-20T06:45:22.165+0000] {processor.py:161} INFO - Started process (PID=83021) to work on /workspaces/recomart-recommendation-pipeline/airflow_venv/lib/python3.12/site-packages/airflow/example_dags/plugins/workday.py
[2026-07-20T06:45:22.166+0000] {processor.py:830} INFO - Processing file /workspaces/recomart-recommendation-pipeline/airflow_venv/lib/python3.12/site-packages/airflow/example_dags/plugins/workday.py for tasks to queue
[2026-07-20T06:45:22.167+0000] {logging_mixin.py:188} INFO - [2026-07-20T06:45:22.167+0000] {dagbag.py:545} INFO - Filling up the DagBag from /workspaces/recomart-recommendation-pipeline/airflow_venv/lib/python3.12/site-packages/airflow/example_dags/plugins/workday.py
[2026-07-20T06:45:22.666+0000] {processor.py:842} WARNING - No viable dags retrieved from /workspaces/recomart-recommendation-pipeline/airflow_venv/lib/python3.12/site-packages/airflow/example_dags/plugins/workday.py
[2026-07-20T06:45:22.674+0000] {processor.py:183} INFO - Processing /workspaces/recomart-recommendation-pipeline/airflow_venv/lib/python3.12/site-packages/airflow/example_dags/plugins/workday.py took 0.514 seconds
[2026-07-20T06:46:07.524+0000] {processor.py:161} INFO - Started process (PID=83467) to work on /workspaces/recomart-recommendation-pipeline/airflow_venv/lib/python3.12/site-packages/airflow/example_dags/plugins/workday.py
[2026-07-20T06:46:07.525+0000] {processor.py:830} INFO - Processing file /workspaces/recomart-recommendation-pipeline/airflow_venv/lib/python3.12/site-packages/airflow/example_dags/plugins/workday.py for tasks to queue
[2026-07-20T06:46:07.528+0000] {logging_mixin.py:188} INFO - [2026-07-20T06:46:07.528+0000] {dagbag.py:545} INFO - Filling up the DagBag from /workspaces/recomart-recommendation-pipeline/airflow_venv/lib/python3.12/site-packages/airflow/example_dags/plugins/workday.py
[2026-07-20T06:46:08.091+0000] {processor.py:842} WARNING - No viable dags retrieved from /workspaces/recomart-recommendation-pipeline/airflow_venv/lib/python3.12/site-packages/airflow/example_dags/plugins/workday.py
[2026-07-20T06:46:08.098+0000] {processor.py:183} INFO - Processing /workspaces/recomart-recommendation-pipeline/airflow_venv/lib/python3.12/site-packages/airflow/example_dags/plugins/workday.py took 0.585 seconds
[2026-07-20T06:46:53.466+0000] {processor.py:161} INFO - Started process (PID=83866) to work on /workspaces/recomart-recommendation-pipeline/airflow_venv/lib/python3.12/site-packages/airflow/example_dags/plugins/workday.py
[2026-07-20T06:46:53.468+0000] {processor.py:830} INFO - Processing file /workspaces/recomart-recommendation-pipeline/airflow_venv/lib/python3.12/site-packages/airflow/example_dags/plugins/workday.py for tasks to queue
[2026-07-20T06:46:53.471+0000] {logging_mixin.py:188} INFO - [2026-07-20T06:46:53.471+0000] {dagbag.py:545} INFO - Filling up the DagBag from /workspaces/recomart-recommendation-pipeline/airflow_venv/lib/python3.12/site-packages/airflow/example_dags/plugins/workday.py
[2026-07-20T06:46:54.073+0000] {processor.py:842} WARNING - No viable dags retrieved from /workspaces/recomart-recommendation-pipeline/airflow_venv/lib/python3.12/site-packages/airflow/example_dags/plugins/workday.py
[2026-07-20T06:46:54.083+0000] {processor.py:183} INFO - Processing /workspaces/recomart-recommendation-pipeline/airflow_venv/lib/python3.12/site-packages/airflow/example_dags/plugins/workday.py took 0.629 seconds
[2026-07-20T06:47:33.858+0000] {processor.py:161} INFO - Started process (PID=84164) to work on /workspaces/recomart-recommendation-pipeline/airflow_venv/lib/python3.12/site-packages/airflow/example_dags/plugins/workday.py
[2026-07-20T06:47:33.859+0000] {processor.py:830} INFO - Processing file /workspaces/recomart-recommendation-pipeline/airflow_venv/lib/python3.12/site-packages/airflow/example_dags/plugins/workday.py for tasks to queue
[2026-07-20T06:47:33.860+0000] {logging_mixin.py:188} INFO - [2026-07-20T06:47:33.860+0000] {dagbag.py:545} INFO - Filling up the DagBag from /workspaces/recomart-recommendation-pipeline/airflow_venv/lib/python3.12/site-packages/airflow/example_dags/plugins/workday.py
[2026-07-20T06:47:34.399+0000] {processor.py:842} WARNING - No viable dags retrieved from /workspaces/recomart-recommendation-pipeline/airflow_venv/lib/python3.12/site-packages/airflow/example_dags/plugins/workday.py
[2026-07-20T06:47:34.407+0000] {processor.py:183} INFO - Processing /workspaces/recomart-recommendation-pipeline/airflow_venv/lib/python3.12/site-packages/airflow/example_dags/plugins/workday.py took 0.553 seconds
[2026-07-20T06:48:16.630+0000] {processor.py:161} INFO - Started process (PID=84532) to work on /workspaces/recomart-recommendation-pipeline/airflow_venv/lib/python3.12/site-packages/airflow/example_dags/plugins/workday.py
[2026-07-20T06:48:16.632+0000] {processor.py:830} INFO - Processing file /workspaces/recomart-recommendation-pipeline/airflow_venv/lib/python3.12/site-packages/airflow/example_dags/plugins/workday.py for tasks to queue
[2026-07-20T06:48:16.638+0000] {logging_mixin.py:188} INFO - [2026-07-20T06:48:16.637+0000] {dagbag.py:545} INFO - Filling up the DagBag from /workspaces/recomart-recommendation-pipeline/airflow_venv/lib/python3.12/site-packages/airflow/example_dags/plugins/workday.py
[2026-07-20T06:48:17.027+0000] {processor.py:842} WARNING - No viable dags retrieved from /workspaces/recomart-recommendation-pipeline/airflow_venv/lib/python3.12/site-packages/airflow/example_dags/plugins/workday.py
[2026-07-20T06:48:17.034+0000] {processor.py:183} INFO - Processing /workspaces/recomart-recommendation-pipeline/airflow_venv/lib/python3.12/site-packages/airflow/example_dags/plugins/workday.py took 0.423 seconds
[2026-07-20T06:48:58.095+0000] {processor.py:161} INFO - Started process (PID=84955) to work on /workspaces/recomart-recommendation-pipeline/airflow_venv/lib/python3.12/site-packages/airflow/example_dags/plugins/workday.py
[2026-07-20T06:48:58.095+0000] {processor.py:830} INFO - Processing file /workspaces/recomart-recommendation-pipeline/airflow_venv/lib/python3.12/site-packages/airflow/example_dags/plugins/workday.py for tasks to queue
[2026-07-20T06:48:58.097+0000] {logging_mixin.py:188} INFO - [2026-07-20T06:48:58.097+0000] {dagbag.py:545} INFO - Filling up the DagBag from /workspaces/recomart-recommendation-pipeline/airflow_venv/lib/python3.12/site-packages/airflow/example_dags/plugins/workday.py
[2026-07-20T06:48:58.477+0000] {processor.py:842} WARNING - No viable dags retrieved from /workspaces/recomart-recommendation-pipeline/airflow_venv/lib/python3.12/site-packages/airflow/example_dags/plugins/workday.py
[2026-07-20T06:48:58.485+0000] {processor.py:183} INFO - Processing /workspaces/recomart-recommendation-pipeline/airflow_venv/lib/python3.12/site-packages/airflow/example_dags/plugins/workday.py took 0.395 seconds
[2026-07-20T06:49:39.479+0000] {processor.py:161} INFO - Started process (PID=85314) to work on /workspaces/recomart-recommendation-pipeline/airflow_venv/lib/python3.12/site-packages/airflow/example_dags/plugins/workday.py
[2026-07-20T06:49:39.480+0000] {processor.py:830} INFO - Processing file /workspaces/recomart-recommendation-pipeline/airflow_venv/lib/python3.12/site-packages/airflow/example_dags/plugins/workday.py for tasks to queue
[2026-07-20T06:49:39.482+0000] {logging_mixin.py:188} INFO - [2026-07-20T06:49:39.482+0000] {dagbag.py:545} INFO - Filling up the DagBag from /workspaces/recomart-recommendation-pipeline/airflow_venv/lib/python3.12/site-packages/airflow/example_dags/plugins/workday.py
[2026-07-20T06:49:39.963+0000] {processor.py:842} WARNING - No viable dags retrieved from /workspaces/recomart-recommendation-pipeline/airflow_venv/lib/python3.12/site-packages/airflow/example_dags/plugins/workday.py
[2026-07-20T06:49:39.967+0000] {processor.py:183} INFO - Processing /workspaces/recomart-recommendation-pipeline/airflow_venv/lib/python3.12/site-packages/airflow/example_dags/plugins/workday.py took 0.494 seconds
[2026-07-20T06:50:23.541+0000] {processor.py:161} INFO - Started process (PID=85808) to work on /workspaces/recomart-recommendation-pipeline/airflow_venv/lib/python3.12/site-packages/airflow/example_dags/plugins/workday.py
[2026-07-20T06:50:23.544+0000] {processor.py:830} INFO - Processing file /workspaces/recomart-recommendation-pipeline/airflow_venv/lib/python3.12/site-packages/airflow/example_dags/plugins/workday.py for tasks to queue
[2026-07-20T06:50:23.554+0000] {logging_mixin.py:188} INFO - [2026-07-20T06:50:23.547+0000] {dagbag.py:545} INFO - Filling up the DagBag from /workspaces/recomart-recommendation-pipeline/airflow_venv/lib/python3.12/site-packages/airflow/example_dags/plugins/workday.py
[2026-07-20T06:50:24.100+0000] {processor.py:842} WARNING - No viable dags retrieved from /workspaces/recomart-recommendation-pipeline/airflow_venv/lib/python3.12/site-packages/airflow/example_dags/plugins/workday.py
[2026-07-20T06:50:24.107+0000] {processor.py:183} INFO - Processing /workspaces/recomart-recommendation-pipeline/airflow_venv/lib/python3.12/site-packages/airflow/example_dags/plugins/workday.py took 0.587 seconds
[2026-07-20T06:51:08.758+0000] {processor.py:161} INFO - Started process (PID=86332) to work on /workspaces/recomart-recommendation-pipeline/airflow_venv/lib/python3.12/site-packages/airflow/example_dags/plugins/workday.py
[2026-07-20T06:51:08.759+0000] {processor.py:830} INFO - Processing file /workspaces/recomart-recommendation-pipeline/airflow_venv/lib/python3.12/site-packages/airflow/example_dags/plugins/workday.py for tasks to queue
[2026-07-20T06:51:08.760+0000] {logging_mixin.py:188} INFO - [2026-07-20T06:51:08.760+0000] {dagbag.py:545} INFO - Filling up the DagBag from /workspaces/recomart-recommendation-pipeline/airflow_venv/lib/python3.12/site-packages/airflow/example_dags/plugins/workday.py
[2026-07-20T06:51:09.565+0000] {processor.py:842} WARNING - No viable dags retrieved from /workspaces/recomart-recommendation-pipeline/airflow_venv/lib/python3.12/site-packages/airflow/example_dags/plugins/workday.py
[2026-07-20T06:51:09.572+0000] {processor.py:183} INFO - Processing /workspaces/recomart-recommendation-pipeline/airflow_venv/lib/python3.12/site-packages/airflow/example_dags/plugins/workday.py took 0.821 seconds
[2026-07-20T06:51:54.373+0000] {processor.py:161} INFO - Started process (PID=86718) to work on /workspaces/recomart-recommendation-pipeline/airflow_venv/lib/python3.12/site-packages/airflow/example_dags/plugins/workday.py
[2026-07-20T06:51:54.375+0000] {processor.py:830} INFO - Processing file /workspaces/recomart-recommendation-pipeline/airflow_venv/lib/python3.12/site-packages/airflow/example_dags/plugins/workday.py for tasks to queue
[2026-07-20T06:51:54.377+0000] {logging_mixin.py:188} INFO - [2026-07-20T06:51:54.376+0000] {dagbag.py:545} INFO - Filling up the DagBag from /workspaces/recomart-recommendation-pipeline/airflow_venv/lib/python3.12/site-packages/airflow/example_dags/plugins/workday.py
[2026-07-20T06:51:54.874+0000] {processor.py:842} WARNING - No viable dags retrieved from /workspaces/recomart-recommendation-pipeline/airflow_venv/lib/python3.12/site-packages/airflow/example_dags/plugins/workday.py
[2026-07-20T06:51:54.881+0000] {processor.py:183} INFO - Processing /workspaces/recomart-recommendation-pipeline/airflow_venv/lib/python3.12/site-packages/airflow/example_dags/plugins/workday.py took 0.514 seconds
[2026-07-20T06:57:41.903+0000] {processor.py:161} INFO - Started process (PID=89354) to work on /workspaces/recomart-recommendation-pipeline/airflow_venv/lib/python3.12/site-packages/airflow/example_dags/plugins/workday.py
[2026-07-20T06:57:41.904+0000] {processor.py:830} INFO - Processing file /workspaces/recomart-recommendation-pipeline/airflow_venv/lib/python3.12/site-packages/airflow/example_dags/plugins/workday.py for tasks to queue
[2026-07-20T06:57:41.906+0000] {logging_mixin.py:188} INFO - [2026-07-20T06:57:41.905+0000] {dagbag.py:545} INFO - Filling up the DagBag from /workspaces/recomart-recommendation-pipeline/airflow_venv/lib/python3.12/site-packages/airflow/example_dags/plugins/workday.py
[2026-07-20T06:57:43.088+0000] {processor.py:842} WARNING - No viable dags retrieved from /workspaces/recomart-recommendation-pipeline/airflow_venv/lib/python3.12/site-packages/airflow/example_dags/plugins/workday.py
[2026-07-20T06:57:43.098+0000] {processor.py:183} INFO - Processing /workspaces/recomart-recommendation-pipeline/airflow_venv/lib/python3.12/site-packages/airflow/example_dags/plugins/workday.py took 1.202 seconds
[2026-07-20T06:58:39.302+0000] {processor.py:161} INFO - Started process (PID=89945) to work on /workspaces/recomart-recommendation-pipeline/airflow_venv/lib/python3.12/site-packages/airflow/example_dags/plugins/workday.py
[2026-07-20T06:58:39.302+0000] {processor.py:830} INFO - Processing file /workspaces/recomart-recommendation-pipeline/airflow_venv/lib/python3.12/site-packages/airflow/example_dags/plugins/workday.py for tasks to queue
[2026-07-20T06:58:39.304+0000] {logging_mixin.py:188} INFO - [2026-07-20T06:58:39.303+0000] {dagbag.py:545} INFO - Filling up the DagBag from /workspaces/recomart-recommendation-pipeline/airflow_venv/lib/python3.12/site-packages/airflow/example_dags/plugins/workday.py
[2026-07-20T06:58:39.949+0000] {processor.py:842} WARNING - No viable dags retrieved from /workspaces/recomart-recommendation-pipeline/airflow_venv/lib/python3.12/site-packages/airflow/example_dags/plugins/workday.py
[2026-07-20T06:58:39.954+0000] {processor.py:183} INFO - Processing /workspaces/recomart-recommendation-pipeline/airflow_venv/lib/python3.12/site-packages/airflow/example_dags/plugins/workday.py took 0.658 seconds
[2026-07-20T07:00:12.885+0000] {processor.py:161} INFO - Started process (PID=91643) to work on /workspaces/recomart-recommendation-pipeline/airflow_venv/lib/python3.12/site-packages/airflow/example_dags/plugins/workday.py
[2026-07-20T07:00:12.886+0000] {processor.py:830} INFO - Processing file /workspaces/recomart-recommendation-pipeline/airflow_venv/lib/python3.12/site-packages/airflow/example_dags/plugins/workday.py for tasks to queue
[2026-07-20T07:00:12.888+0000] {logging_mixin.py:188} INFO - [2026-07-20T07:00:12.887+0000] {dagbag.py:545} INFO - Filling up the DagBag from /workspaces/recomart-recommendation-pipeline/airflow_venv/lib/python3.12/site-packages/airflow/example_dags/plugins/workday.py
[2026-07-20T07:00:13.362+0000] {processor.py:842} WARNING - No viable dags retrieved from /workspaces/recomart-recommendation-pipeline/airflow_venv/lib/python3.12/site-packages/airflow/example_dags/plugins/workday.py
[2026-07-20T07:00:13.367+0000] {processor.py:183} INFO - Processing /workspaces/recomart-recommendation-pipeline/airflow_venv/lib/python3.12/site-packages/airflow/example_dags/plugins/workday.py took 0.488 seconds
[2026-07-20T07:01:03.407+0000] {processor.py:161} INFO - Started process (PID=92071) to work on /workspaces/recomart-recommendation-pipeline/airflow_venv/lib/python3.12/site-packages/airflow/example_dags/plugins/workday.py
[2026-07-20T07:01:03.408+0000] {processor.py:830} INFO - Processing file /workspaces/recomart-recommendation-pipeline/airflow_venv/lib/python3.12/site-packages/airflow/example_dags/plugins/workday.py for tasks to queue
[2026-07-20T07:01:03.409+0000] {logging_mixin.py:188} INFO - [2026-07-20T07:01:03.409+0000] {dagbag.py:545} INFO - Filling up the DagBag from /workspaces/recomart-recommendation-pipeline/airflow_venv/lib/python3.12/site-packages/airflow/example_dags/plugins/workday.py
[2026-07-20T07:01:03.933+0000] {processor.py:842} WARNING - No viable dags retrieved from /workspaces/recomart-recommendation-pipeline/airflow_venv/lib/python3.12/site-packages/airflow/example_dags/plugins/workday.py
[2026-07-20T07:01:03.938+0000] {processor.py:183} INFO - Processing /workspaces/recomart-recommendation-pipeline/airflow_venv/lib/python3.12/site-packages/airflow/example_dags/plugins/workday.py took 0.535 seconds
[2026-07-20T07:01:48.673+0000] {processor.py:161} INFO - Started process (PID=92514) to work on /workspaces/recomart-recommendation-pipeline/airflow_venv/lib/python3.12/site-packages/airflow/example_dags/plugins/workday.py
[2026-07-20T07:01:48.674+0000] {processor.py:830} INFO - Processing file /workspaces/recomart-recommendation-pipeline/airflow_venv/lib/python3.12/site-packages/airflow/example_dags/plugins/workday.py for tasks to queue
[2026-07-20T07:01:48.676+0000] {logging_mixin.py:188} INFO - [2026-07-20T07:01:48.675+0000] {dagbag.py:545} INFO - Filling up the DagBag from /workspaces/recomart-recommendation-pipeline/airflow_venv/lib/python3.12/site-packages/airflow/example_dags/plugins/workday.py
[2026-07-20T07:01:49.263+0000] {processor.py:842} WARNING - No viable dags retrieved from /workspaces/recomart-recommendation-pipeline/airflow_venv/lib/python3.12/site-packages/airflow/example_dags/plugins/workday.py
[2026-07-20T07:01:49.270+0000] {processor.py:183} INFO - Processing /workspaces/recomart-recommendation-pipeline/airflow_venv/lib/python3.12/site-packages/airflow/example_dags/plugins/workday.py took 0.602 seconds
