[2026-07-20T05:58:46.862+0000] {processor.py:161} INFO - Started process (PID=57888) to work on /workspaces/recomart-recommendation-pipeline/airflow_venv/lib/python3.12/site-packages/airflow/example_dags/example_xcomargs.py
[2026-07-20T05:58:46.862+0000] {processor.py:830} INFO - Processing file /workspaces/recomart-recommendation-pipeline/airflow_venv/lib/python3.12/site-packages/airflow/example_dags/example_xcomargs.py for tasks to queue
[2026-07-20T05:58:46.864+0000] {logging_mixin.py:188} INFO - [2026-07-20T05:58:46.863+0000] {dagbag.py:545} INFO - Filling up the DagBag from /workspaces/recomart-recommendation-pipeline/airflow_venv/lib/python3.12/site-packages/airflow/example_dags/example_xcomargs.py
[2026-07-20T05:58:46.875+0000] {processor.py:840} INFO - DAG(s) 'example_xcom_args', 'example_xcom_args_with_operators' retrieved from /workspaces/recomart-recommendation-pipeline/airflow_venv/lib/python3.12/site-packages/airflow/example_dags/example_xcomargs.py
[2026-07-20T05:58:47.128+0000] {logging_mixin.py:188} INFO - [2026-07-20T05:58:47.127+0000] {override.py:1858} INFO - Created Permission View: can read on DAG:example_xcom_args
[2026-07-20T05:58:47.140+0000] {logging_mixin.py:188} INFO - [2026-07-20T05:58:47.140+0000] {override.py:1858} INFO - Created Permission View: can edit on DAG:example_xcom_args
[2026-07-20T05:58:47.148+0000] {logging_mixin.py:188} INFO - [2026-07-20T05:58:47.148+0000] {override.py:1858} INFO - Created Permission View: can delete on DAG:example_xcom_args
[2026-07-20T05:58:47.174+0000] {logging_mixin.py:188} INFO - [2026-07-20T05:58:47.173+0000] {override.py:1858} INFO - Created Permission View: can read on DAG:example_xcom_args_with_operators
[2026-07-20T05:58:47.187+0000] {logging_mixin.py:188} INFO - [2026-07-20T05:58:47.186+0000] {override.py:1858} INFO - Created Permission View: can edit on DAG:example_xcom_args_with_operators
[2026-07-20T05:58:47.195+0000] {logging_mixin.py:188} INFO - [2026-07-20T05:58:47.195+0000] {override.py:1858} INFO - Created Permission View: can delete on DAG:example_xcom_args_with_operators
[2026-07-20T05:58:47.195+0000] {logging_mixin.py:188} INFO - [2026-07-20T05:58:47.195+0000] {dag.py:3089} INFO - Sync 2 DAGs
[2026-07-20T05:58:47.207+0000] {logging_mixin.py:188} INFO - [2026-07-20T05:58:47.207+0000] {dag.py:3111} INFO - Creating ORM DAG for example_xcom_args_with_operators
[2026-07-20T05:58:47.210+0000] {logging_mixin.py:188} INFO - [2026-07-20T05:58:47.210+0000] {dag.py:3111} INFO - Creating ORM DAG for example_xcom_args
[2026-07-20T05:58:47.211+0000] {logging_mixin.py:188} INFO - [2026-07-20T05:58:47.210+0000] {dag.py:3947} INFO - Setting next_dagrun for example_xcom_args to None, run_after=None
[2026-07-20T05:58:47.211+0000] {logging_mixin.py:188} INFO - [2026-07-20T05:58:47.211+0000] {dag.py:3947} INFO - Setting next_dagrun for example_xcom_args_with_operators to None, run_after=None
[2026-07-20T05:58:47.243+0000] {processor.py:183} INFO - Processing /workspaces/recomart-recommendation-pipeline/airflow_venv/lib/python3.12/site-packages/airflow/example_dags/example_xcomargs.py took 0.385 seconds
[2026-07-20T05:59:48.007+0000] {processor.py:161} INFO - Started process (PID=58560) to work on /workspaces/recomart-recommendation-pipeline/airflow_venv/lib/python3.12/site-packages/airflow/example_dags/example_xcomargs.py
[2026-07-20T05:59:48.008+0000] {processor.py:830} INFO - Processing file /workspaces/recomart-recommendation-pipeline/airflow_venv/lib/python3.12/site-packages/airflow/example_dags/example_xcomargs.py for tasks to queue
[2026-07-20T05:59:48.009+0000] {logging_mixin.py:188} INFO - [2026-07-20T05:59:48.009+0000] {dagbag.py:545} INFO - Filling up the DagBag from /workspaces/recomart-recommendation-pipeline/airflow_venv/lib/python3.12/site-packages/airflow/example_dags/example_xcomargs.py
[2026-07-20T05:59:48.018+0000] {processor.py:840} INFO - DAG(s) 'example_xcom_args', 'example_xcom_args_with_operators' retrieved from /workspaces/recomart-recommendation-pipeline/airflow_venv/lib/python3.12/site-packages/airflow/example_dags/example_xcomargs.py
[2026-07-20T05:59:48.032+0000] {logging_mixin.py:188} INFO - [2026-07-20T05:59:48.032+0000] {dag.py:3089} INFO - Sync 2 DAGs
[2026-07-20T05:59:48.042+0000] {logging_mixin.py:188} INFO - [2026-07-20T05:59:48.042+0000] {dag.py:3947} INFO - Setting next_dagrun for example_xcom_args to None, run_after=None
[2026-07-20T05:59:48.044+0000] {logging_mixin.py:188} INFO - [2026-07-20T05:59:48.044+0000] {dag.py:3947} INFO - Setting next_dagrun for example_xcom_args_with_operators to None, run_after=None
[2026-07-20T05:59:48.060+0000] {processor.py:183} INFO - Processing /workspaces/recomart-recommendation-pipeline/airflow_venv/lib/python3.12/site-packages/airflow/example_dags/example_xcomargs.py took 0.057 seconds
[2026-07-20T06:00:36.100+0000] {processor.py:161} INFO - Started process (PID=58975) to work on /workspaces/recomart-recommendation-pipeline/airflow_venv/lib/python3.12/site-packages/airflow/example_dags/example_xcomargs.py
[2026-07-20T06:00:36.100+0000] {processor.py:830} INFO - Processing file /workspaces/recomart-recommendation-pipeline/airflow_venv/lib/python3.12/site-packages/airflow/example_dags/example_xcomargs.py for tasks to queue
[2026-07-20T06:00:36.102+0000] {logging_mixin.py:188} INFO - [2026-07-20T06:00:36.102+0000] {dagbag.py:545} INFO - Filling up the DagBag from /workspaces/recomart-recommendation-pipeline/airflow_venv/lib/python3.12/site-packages/airflow/example_dags/example_xcomargs.py
[2026-07-20T06:00:36.108+0000] {processor.py:840} INFO - DAG(s) 'example_xcom_args', 'example_xcom_args_with_operators' retrieved from /workspaces/recomart-recommendation-pipeline/airflow_venv/lib/python3.12/site-packages/airflow/example_dags/example_xcomargs.py
[2026-07-20T06:00:36.124+0000] {logging_mixin.py:188} INFO - [2026-07-20T06:00:36.124+0000] {dag.py:3089} INFO - Sync 2 DAGs
[2026-07-20T06:00:36.134+0000] {logging_mixin.py:188} INFO - [2026-07-20T06:00:36.133+0000] {dag.py:3947} INFO - Setting next_dagrun for example_xcom_args to None, run_after=None
[2026-07-20T06:00:36.136+0000] {logging_mixin.py:188} INFO - [2026-07-20T06:00:36.136+0000] {dag.py:3947} INFO - Setting next_dagrun for example_xcom_args_with_operators to None, run_after=None
[2026-07-20T06:00:36.151+0000] {processor.py:183} INFO - Processing /workspaces/recomart-recommendation-pipeline/airflow_venv/lib/python3.12/site-packages/airflow/example_dags/example_xcomargs.py took 0.056 seconds
[2026-07-20T06:01:20.871+0000] {processor.py:161} INFO - Started process (PID=59415) to work on /workspaces/recomart-recommendation-pipeline/airflow_venv/lib/python3.12/site-packages/airflow/example_dags/example_xcomargs.py
[2026-07-20T06:01:20.872+0000] {processor.py:830} INFO - Processing file /workspaces/recomart-recommendation-pipeline/airflow_venv/lib/python3.12/site-packages/airflow/example_dags/example_xcomargs.py for tasks to queue
[2026-07-20T06:01:20.874+0000] {logging_mixin.py:188} INFO - [2026-07-20T06:01:20.874+0000] {dagbag.py:545} INFO - Filling up the DagBag from /workspaces/recomart-recommendation-pipeline/airflow_venv/lib/python3.12/site-packages/airflow/example_dags/example_xcomargs.py
[2026-07-20T06:01:20.885+0000] {processor.py:840} INFO - DAG(s) 'example_xcom_args', 'example_xcom_args_with_operators' retrieved from /workspaces/recomart-recommendation-pipeline/airflow_venv/lib/python3.12/site-packages/airflow/example_dags/example_xcomargs.py
[2026-07-20T06:01:20.899+0000] {logging_mixin.py:188} INFO - [2026-07-20T06:01:20.899+0000] {dag.py:3089} INFO - Sync 2 DAGs
[2026-07-20T06:01:20.908+0000] {logging_mixin.py:188} INFO - [2026-07-20T06:01:20.908+0000] {dag.py:3947} INFO - Setting next_dagrun for example_xcom_args to None, run_after=None
[2026-07-20T06:01:20.911+0000] {logging_mixin.py:188} INFO - [2026-07-20T06:01:20.911+0000] {dag.py:3947} INFO - Setting next_dagrun for example_xcom_args_with_operators to None, run_after=None
[2026-07-20T06:01:20.930+0000] {processor.py:183} INFO - Processing /workspaces/recomart-recommendation-pipeline/airflow_venv/lib/python3.12/site-packages/airflow/example_dags/example_xcomargs.py took 0.064 seconds
[2026-07-20T06:02:05.299+0000] {processor.py:161} INFO - Started process (PID=59968) to work on /workspaces/recomart-recommendation-pipeline/airflow_venv/lib/python3.12/site-packages/airflow/example_dags/example_xcomargs.py
[2026-07-20T06:02:05.299+0000] {processor.py:830} INFO - Processing file /workspaces/recomart-recommendation-pipeline/airflow_venv/lib/python3.12/site-packages/airflow/example_dags/example_xcomargs.py for tasks to queue
[2026-07-20T06:02:05.301+0000] {logging_mixin.py:188} INFO - [2026-07-20T06:02:05.300+0000] {dagbag.py:545} INFO - Filling up the DagBag from /workspaces/recomart-recommendation-pipeline/airflow_venv/lib/python3.12/site-packages/airflow/example_dags/example_xcomargs.py
[2026-07-20T06:02:05.307+0000] {processor.py:840} INFO - DAG(s) 'example_xcom_args_with_operators', 'example_xcom_args' retrieved from /workspaces/recomart-recommendation-pipeline/airflow_venv/lib/python3.12/site-packages/airflow/example_dags/example_xcomargs.py
[2026-07-20T06:02:05.321+0000] {logging_mixin.py:188} INFO - [2026-07-20T06:02:05.321+0000] {dag.py:3089} INFO - Sync 2 DAGs
[2026-07-20T06:02:05.330+0000] {logging_mixin.py:188} INFO - [2026-07-20T06:02:05.329+0000] {dag.py:3947} INFO - Setting next_dagrun for example_xcom_args to None, run_after=None
[2026-07-20T06:02:05.332+0000] {logging_mixin.py:188} INFO - [2026-07-20T06:02:05.332+0000] {dag.py:3947} INFO - Setting next_dagrun for example_xcom_args_with_operators to None, run_after=None
[2026-07-20T06:02:05.347+0000] {processor.py:183} INFO - Processing /workspaces/recomart-recommendation-pipeline/airflow_venv/lib/python3.12/site-packages/airflow/example_dags/example_xcomargs.py took 0.053 seconds
[2026-07-20T06:02:48.827+0000] {processor.py:161} INFO - Started process (PID=60339) to work on /workspaces/recomart-recommendation-pipeline/airflow_venv/lib/python3.12/site-packages/airflow/example_dags/example_xcomargs.py
[2026-07-20T06:02:48.828+0000] {processor.py:830} INFO - Processing file /workspaces/recomart-recommendation-pipeline/airflow_venv/lib/python3.12/site-packages/airflow/example_dags/example_xcomargs.py for tasks to queue
[2026-07-20T06:02:48.829+0000] {logging_mixin.py:188} INFO - [2026-07-20T06:02:48.829+0000] {dagbag.py:545} INFO - Filling up the DagBag from /workspaces/recomart-recommendation-pipeline/airflow_venv/lib/python3.12/site-packages/airflow/example_dags/example_xcomargs.py
[2026-07-20T06:02:48.836+0000] {processor.py:840} INFO - DAG(s) 'example_xcom_args', 'example_xcom_args_with_operators' retrieved from /workspaces/recomart-recommendation-pipeline/airflow_venv/lib/python3.12/site-packages/airflow/example_dags/example_xcomargs.py
[2026-07-20T06:02:48.850+0000] {logging_mixin.py:188} INFO - [2026-07-20T06:02:48.849+0000] {dag.py:3089} INFO - Sync 2 DAGs
[2026-07-20T06:02:48.858+0000] {logging_mixin.py:188} INFO - [2026-07-20T06:02:48.858+0000] {dag.py:3947} INFO - Setting next_dagrun for example_xcom_args to None, run_after=None
[2026-07-20T06:02:48.861+0000] {logging_mixin.py:188} INFO - [2026-07-20T06:02:48.861+0000] {dag.py:3947} INFO - Setting next_dagrun for example_xcom_args_with_operators to None, run_after=None
[2026-07-20T06:02:48.878+0000] {processor.py:183} INFO - Processing /workspaces/recomart-recommendation-pipeline/airflow_venv/lib/python3.12/site-packages/airflow/example_dags/example_xcomargs.py took 0.055 seconds
[2026-07-20T06:03:30.664+0000] {processor.py:161} INFO - Started process (PID=60658) to work on /workspaces/recomart-recommendation-pipeline/airflow_venv/lib/python3.12/site-packages/airflow/example_dags/example_xcomargs.py
[2026-07-20T06:03:30.665+0000] {processor.py:830} INFO - Processing file /workspaces/recomart-recommendation-pipeline/airflow_venv/lib/python3.12/site-packages/airflow/example_dags/example_xcomargs.py for tasks to queue
[2026-07-20T06:03:30.666+0000] {logging_mixin.py:188} INFO - [2026-07-20T06:03:30.666+0000] {dagbag.py:545} INFO - Filling up the DagBag from /workspaces/recomart-recommendation-pipeline/airflow_venv/lib/python3.12/site-packages/airflow/example_dags/example_xcomargs.py
[2026-07-20T06:03:30.676+0000] {processor.py:840} INFO - DAG(s) 'example_xcom_args_with_operators', 'example_xcom_args' retrieved from /workspaces/recomart-recommendation-pipeline/airflow_venv/lib/python3.12/site-packages/airflow/example_dags/example_xcomargs.py
[2026-07-20T06:03:30.695+0000] {logging_mixin.py:188} INFO - [2026-07-20T06:03:30.695+0000] {dag.py:3089} INFO - Sync 2 DAGs
[2026-07-20T06:03:30.705+0000] {logging_mixin.py:188} INFO - [2026-07-20T06:03:30.705+0000] {dag.py:3947} INFO - Setting next_dagrun for example_xcom_args to None, run_after=None
[2026-07-20T06:03:30.708+0000] {logging_mixin.py:188} INFO - [2026-07-20T06:03:30.707+0000] {dag.py:3947} INFO - Setting next_dagrun for example_xcom_args_with_operators to None, run_after=None
[2026-07-20T06:03:30.723+0000] {processor.py:183} INFO - Processing /workspaces/recomart-recommendation-pipeline/airflow_venv/lib/python3.12/site-packages/airflow/example_dags/example_xcomargs.py took 0.064 seconds
[2026-07-20T06:04:13.103+0000] {processor.py:161} INFO - Started process (PID=61082) to work on /workspaces/recomart-recommendation-pipeline/airflow_venv/lib/python3.12/site-packages/airflow/example_dags/example_xcomargs.py
[2026-07-20T06:04:13.103+0000] {processor.py:830} INFO - Processing file /workspaces/recomart-recommendation-pipeline/airflow_venv/lib/python3.12/site-packages/airflow/example_dags/example_xcomargs.py for tasks to queue
[2026-07-20T06:04:13.105+0000] {logging_mixin.py:188} INFO - [2026-07-20T06:04:13.104+0000] {dagbag.py:545} INFO - Filling up the DagBag from /workspaces/recomart-recommendation-pipeline/airflow_venv/lib/python3.12/site-packages/airflow/example_dags/example_xcomargs.py
[2026-07-20T06:04:13.111+0000] {processor.py:840} INFO - DAG(s) 'example_xcom_args_with_operators', 'example_xcom_args' retrieved from /workspaces/recomart-recommendation-pipeline/airflow_venv/lib/python3.12/site-packages/airflow/example_dags/example_xcomargs.py
[2026-07-20T06:04:13.125+0000] {logging_mixin.py:188} INFO - [2026-07-20T06:04:13.125+0000] {dag.py:3089} INFO - Sync 2 DAGs
[2026-07-20T06:04:13.133+0000] {logging_mixin.py:188} INFO - [2026-07-20T06:04:13.133+0000] {dag.py:3947} INFO - Setting next_dagrun for example_xcom_args to None, run_after=None
[2026-07-20T06:04:13.136+0000] {logging_mixin.py:188} INFO - [2026-07-20T06:04:13.136+0000] {dag.py:3947} INFO - Setting next_dagrun for example_xcom_args_with_operators to None, run_after=None
[2026-07-20T06:04:13.151+0000] {processor.py:183} INFO - Processing /workspaces/recomart-recommendation-pipeline/airflow_venv/lib/python3.12/site-packages/airflow/example_dags/example_xcomargs.py took 0.052 seconds
[2026-07-20T06:04:58.068+0000] {processor.py:161} INFO - Started process (PID=61455) to work on /workspaces/recomart-recommendation-pipeline/airflow_venv/lib/python3.12/site-packages/airflow/example_dags/example_xcomargs.py
[2026-07-20T06:04:58.069+0000] {processor.py:830} INFO - Processing file /workspaces/recomart-recommendation-pipeline/airflow_venv/lib/python3.12/site-packages/airflow/example_dags/example_xcomargs.py for tasks to queue
[2026-07-20T06:04:58.071+0000] {logging_mixin.py:188} INFO - [2026-07-20T06:04:58.070+0000] {dagbag.py:545} INFO - Filling up the DagBag from /workspaces/recomart-recommendation-pipeline/airflow_venv/lib/python3.12/site-packages/airflow/example_dags/example_xcomargs.py
[2026-07-20T06:04:58.079+0000] {processor.py:840} INFO - DAG(s) 'example_xcom_args_with_operators', 'example_xcom_args' retrieved from /workspaces/recomart-recommendation-pipeline/airflow_venv/lib/python3.12/site-packages/airflow/example_dags/example_xcomargs.py
[2026-07-20T06:04:58.096+0000] {logging_mixin.py:188} INFO - [2026-07-20T06:04:58.096+0000] {dag.py:3089} INFO - Sync 2 DAGs
[2026-07-20T06:04:58.105+0000] {logging_mixin.py:188} INFO - [2026-07-20T06:04:58.105+0000] {dag.py:3947} INFO - Setting next_dagrun for example_xcom_args to None, run_after=None
[2026-07-20T06:04:58.107+0000] {logging_mixin.py:188} INFO - [2026-07-20T06:04:58.107+0000] {dag.py:3947} INFO - Setting next_dagrun for example_xcom_args_with_operators to None, run_after=None
[2026-07-20T06:04:58.122+0000] {processor.py:183} INFO - Processing /workspaces/recomart-recommendation-pipeline/airflow_venv/lib/python3.12/site-packages/airflow/example_dags/example_xcomargs.py took 0.058 seconds
[2026-07-20T06:05:41.224+0000] {processor.py:161} INFO - Started process (PID=61826) to work on /workspaces/recomart-recommendation-pipeline/airflow_venv/lib/python3.12/site-packages/airflow/example_dags/example_xcomargs.py
[2026-07-20T06:05:41.224+0000] {processor.py:830} INFO - Processing file /workspaces/recomart-recommendation-pipeline/airflow_venv/lib/python3.12/site-packages/airflow/example_dags/example_xcomargs.py for tasks to queue
[2026-07-20T06:05:41.226+0000] {logging_mixin.py:188} INFO - [2026-07-20T06:05:41.226+0000] {dagbag.py:545} INFO - Filling up the DagBag from /workspaces/recomart-recommendation-pipeline/airflow_venv/lib/python3.12/site-packages/airflow/example_dags/example_xcomargs.py
[2026-07-20T06:05:41.233+0000] {processor.py:840} INFO - DAG(s) 'example_xcom_args_with_operators', 'example_xcom_args' retrieved from /workspaces/recomart-recommendation-pipeline/airflow_venv/lib/python3.12/site-packages/airflow/example_dags/example_xcomargs.py
[2026-07-20T06:05:41.246+0000] {logging_mixin.py:188} INFO - [2026-07-20T06:05:41.246+0000] {dag.py:3089} INFO - Sync 2 DAGs
[2026-07-20T06:05:41.352+0000] {logging_mixin.py:188} INFO - [2026-07-20T06:05:41.352+0000] {dag.py:3947} INFO - Setting next_dagrun for example_xcom_args to None, run_after=None
[2026-07-20T06:05:41.355+0000] {logging_mixin.py:188} INFO - [2026-07-20T06:05:41.355+0000] {dag.py:3947} INFO - Setting next_dagrun for example_xcom_args_with_operators to None, run_after=None
[2026-07-20T06:05:41.369+0000] {processor.py:183} INFO - Processing /workspaces/recomart-recommendation-pipeline/airflow_venv/lib/python3.12/site-packages/airflow/example_dags/example_xcomargs.py took 0.150 seconds
[2026-07-20T06:06:29.771+0000] {processor.py:161} INFO - Started process (PID=62178) to work on /workspaces/recomart-recommendation-pipeline/airflow_venv/lib/python3.12/site-packages/airflow/example_dags/example_xcomargs.py
[2026-07-20T06:06:29.772+0000] {processor.py:830} INFO - Processing file /workspaces/recomart-recommendation-pipeline/airflow_venv/lib/python3.12/site-packages/airflow/example_dags/example_xcomargs.py for tasks to queue
[2026-07-20T06:06:29.774+0000] {logging_mixin.py:188} INFO - [2026-07-20T06:06:29.773+0000] {dagbag.py:545} INFO - Filling up the DagBag from /workspaces/recomart-recommendation-pipeline/airflow_venv/lib/python3.12/site-packages/airflow/example_dags/example_xcomargs.py
[2026-07-20T06:06:29.782+0000] {processor.py:840} INFO - DAG(s) 'example_xcom_args', 'example_xcom_args_with_operators' retrieved from /workspaces/recomart-recommendation-pipeline/airflow_venv/lib/python3.12/site-packages/airflow/example_dags/example_xcomargs.py
[2026-07-20T06:06:29.797+0000] {logging_mixin.py:188} INFO - [2026-07-20T06:06:29.797+0000] {dag.py:3089} INFO - Sync 2 DAGs
[2026-07-20T06:06:29.806+0000] {logging_mixin.py:188} INFO - [2026-07-20T06:06:29.806+0000] {dag.py:3947} INFO - Setting next_dagrun for example_xcom_args to None, run_after=None
[2026-07-20T06:06:29.809+0000] {logging_mixin.py:188} INFO - [2026-07-20T06:06:29.809+0000] {dag.py:3947} INFO - Setting next_dagrun for example_xcom_args_with_operators to None, run_after=None
[2026-07-20T06:06:29.823+0000] {processor.py:183} INFO - Processing /workspaces/recomart-recommendation-pipeline/airflow_venv/lib/python3.12/site-packages/airflow/example_dags/example_xcomargs.py took 0.058 seconds
[2026-07-20T06:07:17.937+0000] {processor.py:161} INFO - Started process (PID=62589) to work on /workspaces/recomart-recommendation-pipeline/airflow_venv/lib/python3.12/site-packages/airflow/example_dags/example_xcomargs.py
[2026-07-20T06:07:17.939+0000] {processor.py:830} INFO - Processing file /workspaces/recomart-recommendation-pipeline/airflow_venv/lib/python3.12/site-packages/airflow/example_dags/example_xcomargs.py for tasks to queue
[2026-07-20T06:07:17.941+0000] {logging_mixin.py:188} INFO - [2026-07-20T06:07:17.941+0000] {dagbag.py:545} INFO - Filling up the DagBag from /workspaces/recomart-recommendation-pipeline/airflow_venv/lib/python3.12/site-packages/airflow/example_dags/example_xcomargs.py
[2026-07-20T06:07:17.949+0000] {processor.py:840} INFO - DAG(s) 'example_xcom_args_with_operators', 'example_xcom_args' retrieved from /workspaces/recomart-recommendation-pipeline/airflow_venv/lib/python3.12/site-packages/airflow/example_dags/example_xcomargs.py
[2026-07-20T06:07:17.979+0000] {logging_mixin.py:188} INFO - [2026-07-20T06:07:17.979+0000] {dag.py:3089} INFO - Sync 2 DAGs
[2026-07-20T06:07:17.992+0000] {logging_mixin.py:188} INFO - [2026-07-20T06:07:17.991+0000] {dag.py:3947} INFO - Setting next_dagrun for example_xcom_args to None, run_after=None
[2026-07-20T06:07:17.996+0000] {logging_mixin.py:188} INFO - [2026-07-20T06:07:17.996+0000] {dag.py:3947} INFO - Setting next_dagrun for example_xcom_args_with_operators to None, run_after=None
[2026-07-20T06:07:18.015+0000] {processor.py:183} INFO - Processing /workspaces/recomart-recommendation-pipeline/airflow_venv/lib/python3.12/site-packages/airflow/example_dags/example_xcomargs.py took 0.085 seconds
[2026-07-20T06:08:08.590+0000] {processor.py:161} INFO - Started process (PID=63011) to work on /workspaces/recomart-recommendation-pipeline/airflow_venv/lib/python3.12/site-packages/airflow/example_dags/example_xcomargs.py
[2026-07-20T06:08:08.591+0000] {processor.py:830} INFO - Processing file /workspaces/recomart-recommendation-pipeline/airflow_venv/lib/python3.12/site-packages/airflow/example_dags/example_xcomargs.py for tasks to queue
[2026-07-20T06:08:08.593+0000] {logging_mixin.py:188} INFO - [2026-07-20T06:08:08.592+0000] {dagbag.py:545} INFO - Filling up the DagBag from /workspaces/recomart-recommendation-pipeline/airflow_venv/lib/python3.12/site-packages/airflow/example_dags/example_xcomargs.py
[2026-07-20T06:08:08.602+0000] {processor.py:840} INFO - DAG(s) 'example_xcom_args', 'example_xcom_args_with_operators' retrieved from /workspaces/recomart-recommendation-pipeline/airflow_venv/lib/python3.12/site-packages/airflow/example_dags/example_xcomargs.py
[2026-07-20T06:08:08.622+0000] {logging_mixin.py:188} INFO - [2026-07-20T06:08:08.621+0000] {dag.py:3089} INFO - Sync 2 DAGs
[2026-07-20T06:08:08.634+0000] {logging_mixin.py:188} INFO - [2026-07-20T06:08:08.634+0000] {dag.py:3947} INFO - Setting next_dagrun for example_xcom_args to None, run_after=None
[2026-07-20T06:08:08.637+0000] {logging_mixin.py:188} INFO - [2026-07-20T06:08:08.637+0000] {dag.py:3947} INFO - Setting next_dagrun for example_xcom_args_with_operators to None, run_after=None
[2026-07-20T06:08:08.672+0000] {processor.py:183} INFO - Processing /workspaces/recomart-recommendation-pipeline/airflow_venv/lib/python3.12/site-packages/airflow/example_dags/example_xcomargs.py took 0.089 seconds
[2026-07-20T06:08:48.099+0000] {processor.py:161} INFO - Started process (PID=63469) to work on /workspaces/recomart-recommendation-pipeline/airflow_venv/lib/python3.12/site-packages/airflow/example_dags/example_xcomargs.py
[2026-07-20T06:08:48.099+0000] {processor.py:830} INFO - Processing file /workspaces/recomart-recommendation-pipeline/airflow_venv/lib/python3.12/site-packages/airflow/example_dags/example_xcomargs.py for tasks to queue
[2026-07-20T06:08:48.101+0000] {logging_mixin.py:188} INFO - [2026-07-20T06:08:48.100+0000] {dagbag.py:545} INFO - Filling up the DagBag from /workspaces/recomart-recommendation-pipeline/airflow_venv/lib/python3.12/site-packages/airflow/example_dags/example_xcomargs.py
[2026-07-20T06:08:48.110+0000] {processor.py:840} INFO - DAG(s) 'example_xcom_args', 'example_xcom_args_with_operators' retrieved from /workspaces/recomart-recommendation-pipeline/airflow_venv/lib/python3.12/site-packages/airflow/example_dags/example_xcomargs.py
[2026-07-20T06:08:48.117+0000] {logging_mixin.py:188} INFO - [2026-07-20T06:08:48.116+0000] {dag.py:3089} INFO - Sync 2 DAGs
[2026-07-20T06:08:48.126+0000] {logging_mixin.py:188} INFO - [2026-07-20T06:08:48.126+0000] {dag.py:3947} INFO - Setting next_dagrun for example_xcom_args to None, run_after=None
[2026-07-20T06:08:48.129+0000] {logging_mixin.py:188} INFO - [2026-07-20T06:08:48.129+0000] {dag.py:3947} INFO - Setting next_dagrun for example_xcom_args_with_operators to None, run_after=None
[2026-07-20T06:08:48.144+0000] {processor.py:183} INFO - Processing /workspaces/recomart-recommendation-pipeline/airflow_venv/lib/python3.12/site-packages/airflow/example_dags/example_xcomargs.py took 0.050 seconds
[2026-07-20T06:09:42.294+0000] {processor.py:161} INFO - Started process (PID=63996) to work on /workspaces/recomart-recommendation-pipeline/airflow_venv/lib/python3.12/site-packages/airflow/example_dags/example_xcomargs.py
[2026-07-20T06:09:42.294+0000] {processor.py:830} INFO - Processing file /workspaces/recomart-recommendation-pipeline/airflow_venv/lib/python3.12/site-packages/airflow/example_dags/example_xcomargs.py for tasks to queue
[2026-07-20T06:09:42.296+0000] {logging_mixin.py:188} INFO - [2026-07-20T06:09:42.295+0000] {dagbag.py:545} INFO - Filling up the DagBag from /workspaces/recomart-recommendation-pipeline/airflow_venv/lib/python3.12/site-packages/airflow/example_dags/example_xcomargs.py
[2026-07-20T06:09:42.302+0000] {processor.py:840} INFO - DAG(s) 'example_xcom_args', 'example_xcom_args_with_operators' retrieved from /workspaces/recomart-recommendation-pipeline/airflow_venv/lib/python3.12/site-packages/airflow/example_dags/example_xcomargs.py
[2026-07-20T06:09:42.389+0000] {logging_mixin.py:188} INFO - [2026-07-20T06:09:42.388+0000] {dag.py:3089} INFO - Sync 2 DAGs
[2026-07-20T06:09:42.396+0000] {logging_mixin.py:188} INFO - [2026-07-20T06:09:42.396+0000] {dag.py:3947} INFO - Setting next_dagrun for example_xcom_args to None, run_after=None
[2026-07-20T06:09:42.398+0000] {logging_mixin.py:188} INFO - [2026-07-20T06:09:42.398+0000] {dag.py:3947} INFO - Setting next_dagrun for example_xcom_args_with_operators to None, run_after=None
[2026-07-20T06:09:42.416+0000] {processor.py:183} INFO - Processing /workspaces/recomart-recommendation-pipeline/airflow_venv/lib/python3.12/site-packages/airflow/example_dags/example_xcomargs.py took 0.126 seconds
[2026-07-20T06:10:34.348+0000] {processor.py:161} INFO - Started process (PID=64362) to work on /workspaces/recomart-recommendation-pipeline/airflow_venv/lib/python3.12/site-packages/airflow/example_dags/example_xcomargs.py
[2026-07-20T06:10:34.348+0000] {processor.py:830} INFO - Processing file /workspaces/recomart-recommendation-pipeline/airflow_venv/lib/python3.12/site-packages/airflow/example_dags/example_xcomargs.py for tasks to queue
[2026-07-20T06:10:34.350+0000] {logging_mixin.py:188} INFO - [2026-07-20T06:10:34.349+0000] {dagbag.py:545} INFO - Filling up the DagBag from /workspaces/recomart-recommendation-pipeline/airflow_venv/lib/python3.12/site-packages/airflow/example_dags/example_xcomargs.py
[2026-07-20T06:10:34.356+0000] {processor.py:840} INFO - DAG(s) 'example_xcom_args_with_operators', 'example_xcom_args' retrieved from /workspaces/recomart-recommendation-pipeline/airflow_venv/lib/python3.12/site-packages/airflow/example_dags/example_xcomargs.py
[2026-07-20T06:10:34.370+0000] {logging_mixin.py:188} INFO - [2026-07-20T06:10:34.370+0000] {dag.py:3089} INFO - Sync 2 DAGs
[2026-07-20T06:10:34.382+0000] {logging_mixin.py:188} INFO - [2026-07-20T06:10:34.382+0000] {dag.py:3947} INFO - Setting next_dagrun for example_xcom_args to None, run_after=None
[2026-07-20T06:10:34.385+0000] {logging_mixin.py:188} INFO - [2026-07-20T06:10:34.385+0000] {dag.py:3947} INFO - Setting next_dagrun for example_xcom_args_with_operators to None, run_after=None
[2026-07-20T06:10:34.403+0000] {processor.py:183} INFO - Processing /workspaces/recomart-recommendation-pipeline/airflow_venv/lib/python3.12/site-packages/airflow/example_dags/example_xcomargs.py took 0.059 seconds
[2026-07-20T06:11:16.121+0000] {processor.py:161} INFO - Started process (PID=64906) to work on /workspaces/recomart-recommendation-pipeline/airflow_venv/lib/python3.12/site-packages/airflow/example_dags/example_xcomargs.py
[2026-07-20T06:11:16.122+0000] {processor.py:830} INFO - Processing file /workspaces/recomart-recommendation-pipeline/airflow_venv/lib/python3.12/site-packages/airflow/example_dags/example_xcomargs.py for tasks to queue
[2026-07-20T06:11:16.123+0000] {logging_mixin.py:188} INFO - [2026-07-20T06:11:16.123+0000] {dagbag.py:545} INFO - Filling up the DagBag from /workspaces/recomart-recommendation-pipeline/airflow_venv/lib/python3.12/site-packages/airflow/example_dags/example_xcomargs.py
[2026-07-20T06:11:16.129+0000] {processor.py:840} INFO - DAG(s) 'example_xcom_args', 'example_xcom_args_with_operators' retrieved from /workspaces/recomart-recommendation-pipeline/airflow_venv/lib/python3.12/site-packages/airflow/example_dags/example_xcomargs.py
[2026-07-20T06:11:16.143+0000] {logging_mixin.py:188} INFO - [2026-07-20T06:11:16.143+0000] {dag.py:3089} INFO - Sync 2 DAGs
[2026-07-20T06:11:16.155+0000] {logging_mixin.py:188} INFO - [2026-07-20T06:11:16.155+0000] {dag.py:3947} INFO - Setting next_dagrun for example_xcom_args to None, run_after=None
[2026-07-20T06:11:16.158+0000] {logging_mixin.py:188} INFO - [2026-07-20T06:11:16.158+0000] {dag.py:3947} INFO - Setting next_dagrun for example_xcom_args_with_operators to None, run_after=None
[2026-07-20T06:11:16.174+0000] {processor.py:183} INFO - Processing /workspaces/recomart-recommendation-pipeline/airflow_venv/lib/python3.12/site-packages/airflow/example_dags/example_xcomargs.py took 0.058 seconds
[2026-07-20T06:11:58.057+0000] {processor.py:161} INFO - Started process (PID=65261) to work on /workspaces/recomart-recommendation-pipeline/airflow_venv/lib/python3.12/site-packages/airflow/example_dags/example_xcomargs.py
[2026-07-20T06:11:58.058+0000] {processor.py:830} INFO - Processing file /workspaces/recomart-recommendation-pipeline/airflow_venv/lib/python3.12/site-packages/airflow/example_dags/example_xcomargs.py for tasks to queue
[2026-07-20T06:11:58.059+0000] {logging_mixin.py:188} INFO - [2026-07-20T06:11:58.059+0000] {dagbag.py:545} INFO - Filling up the DagBag from /workspaces/recomart-recommendation-pipeline/airflow_venv/lib/python3.12/site-packages/airflow/example_dags/example_xcomargs.py
[2026-07-20T06:11:58.066+0000] {processor.py:840} INFO - DAG(s) 'example_xcom_args_with_operators', 'example_xcom_args' retrieved from /workspaces/recomart-recommendation-pipeline/airflow_venv/lib/python3.12/site-packages/airflow/example_dags/example_xcomargs.py
[2026-07-20T06:11:58.085+0000] {logging_mixin.py:188} INFO - [2026-07-20T06:11:58.085+0000] {dag.py:3089} INFO - Sync 2 DAGs
[2026-07-20T06:11:58.096+0000] {logging_mixin.py:188} INFO - [2026-07-20T06:11:58.096+0000] {dag.py:3947} INFO - Setting next_dagrun for example_xcom_args to None, run_after=None
[2026-07-20T06:11:58.099+0000] {logging_mixin.py:188} INFO - [2026-07-20T06:11:58.098+0000] {dag.py:3947} INFO - Setting next_dagrun for example_xcom_args_with_operators to None, run_after=None
[2026-07-20T06:11:58.115+0000] {processor.py:183} INFO - Processing /workspaces/recomart-recommendation-pipeline/airflow_venv/lib/python3.12/site-packages/airflow/example_dags/example_xcomargs.py took 0.062 seconds
[2026-07-20T06:12:40.909+0000] {processor.py:161} INFO - Started process (PID=65632) to work on /workspaces/recomart-recommendation-pipeline/airflow_venv/lib/python3.12/site-packages/airflow/example_dags/example_xcomargs.py
[2026-07-20T06:12:40.910+0000] {processor.py:830} INFO - Processing file /workspaces/recomart-recommendation-pipeline/airflow_venv/lib/python3.12/site-packages/airflow/example_dags/example_xcomargs.py for tasks to queue
[2026-07-20T06:12:40.912+0000] {logging_mixin.py:188} INFO - [2026-07-20T06:12:40.911+0000] {dagbag.py:545} INFO - Filling up the DagBag from /workspaces/recomart-recommendation-pipeline/airflow_venv/lib/python3.12/site-packages/airflow/example_dags/example_xcomargs.py
[2026-07-20T06:12:40.919+0000] {processor.py:840} INFO - DAG(s) 'example_xcom_args_with_operators', 'example_xcom_args' retrieved from /workspaces/recomart-recommendation-pipeline/airflow_venv/lib/python3.12/site-packages/airflow/example_dags/example_xcomargs.py
[2026-07-20T06:12:40.932+0000] {logging_mixin.py:188} INFO - [2026-07-20T06:12:40.932+0000] {dag.py:3089} INFO - Sync 2 DAGs
[2026-07-20T06:12:40.941+0000] {logging_mixin.py:188} INFO - [2026-07-20T06:12:40.941+0000] {dag.py:3947} INFO - Setting next_dagrun for example_xcom_args to None, run_after=None
[2026-07-20T06:12:40.944+0000] {logging_mixin.py:188} INFO - [2026-07-20T06:12:40.943+0000] {dag.py:3947} INFO - Setting next_dagrun for example_xcom_args_with_operators to None, run_after=None
[2026-07-20T06:12:40.958+0000] {processor.py:183} INFO - Processing /workspaces/recomart-recommendation-pipeline/airflow_venv/lib/python3.12/site-packages/airflow/example_dags/example_xcomargs.py took 0.055 seconds
[2026-07-20T06:13:25.514+0000] {processor.py:161} INFO - Started process (PID=65960) to work on /workspaces/recomart-recommendation-pipeline/airflow_venv/lib/python3.12/site-packages/airflow/example_dags/example_xcomargs.py
[2026-07-20T06:13:25.516+0000] {processor.py:830} INFO - Processing file /workspaces/recomart-recommendation-pipeline/airflow_venv/lib/python3.12/site-packages/airflow/example_dags/example_xcomargs.py for tasks to queue
[2026-07-20T06:13:25.519+0000] {logging_mixin.py:188} INFO - [2026-07-20T06:13:25.518+0000] {dagbag.py:545} INFO - Filling up the DagBag from /workspaces/recomart-recommendation-pipeline/airflow_venv/lib/python3.12/site-packages/airflow/example_dags/example_xcomargs.py
[2026-07-20T06:13:25.536+0000] {processor.py:840} INFO - DAG(s) 'example_xcom_args', 'example_xcom_args_with_operators' retrieved from /workspaces/recomart-recommendation-pipeline/airflow_venv/lib/python3.12/site-packages/airflow/example_dags/example_xcomargs.py
[2026-07-20T06:13:25.577+0000] {logging_mixin.py:188} INFO - [2026-07-20T06:13:25.577+0000] {dag.py:3089} INFO - Sync 2 DAGs
[2026-07-20T06:13:25.591+0000] {logging_mixin.py:188} INFO - [2026-07-20T06:13:25.591+0000] {dag.py:3947} INFO - Setting next_dagrun for example_xcom_args to None, run_after=None
[2026-07-20T06:13:25.596+0000] {logging_mixin.py:188} INFO - [2026-07-20T06:13:25.595+0000] {dag.py:3947} INFO - Setting next_dagrun for example_xcom_args_with_operators to None, run_after=None
[2026-07-20T06:13:25.657+0000] {processor.py:183} INFO - Processing /workspaces/recomart-recommendation-pipeline/airflow_venv/lib/python3.12/site-packages/airflow/example_dags/example_xcomargs.py took 0.156 seconds
[2026-07-20T06:14:11.350+0000] {processor.py:161} INFO - Started process (PID=66522) to work on /workspaces/recomart-recommendation-pipeline/airflow_venv/lib/python3.12/site-packages/airflow/example_dags/example_xcomargs.py
[2026-07-20T06:14:11.351+0000] {processor.py:830} INFO - Processing file /workspaces/recomart-recommendation-pipeline/airflow_venv/lib/python3.12/site-packages/airflow/example_dags/example_xcomargs.py for tasks to queue
[2026-07-20T06:14:11.353+0000] {logging_mixin.py:188} INFO - [2026-07-20T06:14:11.352+0000] {dagbag.py:545} INFO - Filling up the DagBag from /workspaces/recomart-recommendation-pipeline/airflow_venv/lib/python3.12/site-packages/airflow/example_dags/example_xcomargs.py
[2026-07-20T06:14:11.359+0000] {processor.py:840} INFO - DAG(s) 'example_xcom_args_with_operators', 'example_xcom_args' retrieved from /workspaces/recomart-recommendation-pipeline/airflow_venv/lib/python3.12/site-packages/airflow/example_dags/example_xcomargs.py
[2026-07-20T06:14:11.374+0000] {logging_mixin.py:188} INFO - [2026-07-20T06:14:11.373+0000] {dag.py:3089} INFO - Sync 2 DAGs
[2026-07-20T06:14:11.510+0000] {logging_mixin.py:188} INFO - [2026-07-20T06:14:11.510+0000] {dag.py:3947} INFO - Setting next_dagrun for example_xcom_args to None, run_after=None
[2026-07-20T06:14:11.549+0000] {logging_mixin.py:188} INFO - [2026-07-20T06:14:11.549+0000] {dag.py:3947} INFO - Setting next_dagrun for example_xcom_args_with_operators to None, run_after=None
[2026-07-20T06:14:11.636+0000] {processor.py:183} INFO - Processing /workspaces/recomart-recommendation-pipeline/airflow_venv/lib/python3.12/site-packages/airflow/example_dags/example_xcomargs.py took 0.292 seconds
[2026-07-20T06:14:57.423+0000] {processor.py:161} INFO - Started process (PID=67105) to work on /workspaces/recomart-recommendation-pipeline/airflow_venv/lib/python3.12/site-packages/airflow/example_dags/example_xcomargs.py
[2026-07-20T06:14:57.424+0000] {processor.py:830} INFO - Processing file /workspaces/recomart-recommendation-pipeline/airflow_venv/lib/python3.12/site-packages/airflow/example_dags/example_xcomargs.py for tasks to queue
[2026-07-20T06:14:57.425+0000] {logging_mixin.py:188} INFO - [2026-07-20T06:14:57.425+0000] {dagbag.py:545} INFO - Filling up the DagBag from /workspaces/recomart-recommendation-pipeline/airflow_venv/lib/python3.12/site-packages/airflow/example_dags/example_xcomargs.py
[2026-07-20T06:14:57.439+0000] {processor.py:840} INFO - DAG(s) 'example_xcom_args_with_operators', 'example_xcom_args' retrieved from /workspaces/recomart-recommendation-pipeline/airflow_venv/lib/python3.12/site-packages/airflow/example_dags/example_xcomargs.py
[2026-07-20T06:14:57.459+0000] {logging_mixin.py:188} INFO - [2026-07-20T06:14:57.459+0000] {dag.py:3089} INFO - Sync 2 DAGs
[2026-07-20T06:14:57.468+0000] {logging_mixin.py:188} INFO - [2026-07-20T06:14:57.468+0000] {dag.py:3947} INFO - Setting next_dagrun for example_xcom_args to None, run_after=None
[2026-07-20T06:14:57.472+0000] {logging_mixin.py:188} INFO - [2026-07-20T06:14:57.471+0000] {dag.py:3947} INFO - Setting next_dagrun for example_xcom_args_with_operators to None, run_after=None
[2026-07-20T06:14:57.490+0000] {processor.py:183} INFO - Processing /workspaces/recomart-recommendation-pipeline/airflow_venv/lib/python3.12/site-packages/airflow/example_dags/example_xcomargs.py took 0.071 seconds
[2026-07-20T06:30:50.158+0000] {processor.py:161} INFO - Started process (PID=73444) to work on /workspaces/recomart-recommendation-pipeline/airflow_venv/lib/python3.12/site-packages/airflow/example_dags/example_xcomargs.py
[2026-07-20T06:30:50.159+0000] {processor.py:830} INFO - Processing file /workspaces/recomart-recommendation-pipeline/airflow_venv/lib/python3.12/site-packages/airflow/example_dags/example_xcomargs.py for tasks to queue
[2026-07-20T06:30:50.162+0000] {logging_mixin.py:188} INFO - [2026-07-20T06:30:50.161+0000] {dagbag.py:545} INFO - Filling up the DagBag from /workspaces/recomart-recommendation-pipeline/airflow_venv/lib/python3.12/site-packages/airflow/example_dags/example_xcomargs.py
[2026-07-20T06:30:50.179+0000] {processor.py:840} INFO - DAG(s) 'example_xcom_args_with_operators', 'example_xcom_args' retrieved from /workspaces/recomart-recommendation-pipeline/airflow_venv/lib/python3.12/site-packages/airflow/example_dags/example_xcomargs.py
[2026-07-20T06:30:50.188+0000] {logging_mixin.py:188} INFO - [2026-07-20T06:30:50.188+0000] {dag.py:3089} INFO - Sync 2 DAGs
[2026-07-20T06:30:50.203+0000] {logging_mixin.py:188} INFO - [2026-07-20T06:30:50.203+0000] {dag.py:3947} INFO - Setting next_dagrun for example_xcom_args to None, run_after=None
[2026-07-20T06:30:50.207+0000] {logging_mixin.py:188} INFO - [2026-07-20T06:30:50.207+0000] {dag.py:3947} INFO - Setting next_dagrun for example_xcom_args_with_operators to None, run_after=None
[2026-07-20T06:30:50.223+0000] {processor.py:183} INFO - Processing /workspaces/recomart-recommendation-pipeline/airflow_venv/lib/python3.12/site-packages/airflow/example_dags/example_xcomargs.py took 0.072 seconds
[2026-07-20T06:31:45.904+0000] {processor.py:161} INFO - Started process (PID=74054) to work on /workspaces/recomart-recommendation-pipeline/airflow_venv/lib/python3.12/site-packages/airflow/example_dags/example_xcomargs.py
[2026-07-20T06:31:45.905+0000] {processor.py:830} INFO - Processing file /workspaces/recomart-recommendation-pipeline/airflow_venv/lib/python3.12/site-packages/airflow/example_dags/example_xcomargs.py for tasks to queue
[2026-07-20T06:31:45.906+0000] {logging_mixin.py:188} INFO - [2026-07-20T06:31:45.906+0000] {dagbag.py:545} INFO - Filling up the DagBag from /workspaces/recomart-recommendation-pipeline/airflow_venv/lib/python3.12/site-packages/airflow/example_dags/example_xcomargs.py
[2026-07-20T06:31:45.913+0000] {processor.py:840} INFO - DAG(s) 'example_xcom_args_with_operators', 'example_xcom_args' retrieved from /workspaces/recomart-recommendation-pipeline/airflow_venv/lib/python3.12/site-packages/airflow/example_dags/example_xcomargs.py
[2026-07-20T06:31:46.005+0000] {logging_mixin.py:188} INFO - [2026-07-20T06:31:46.005+0000] {dag.py:3089} INFO - Sync 2 DAGs
[2026-07-20T06:31:46.012+0000] {logging_mixin.py:188} INFO - [2026-07-20T06:31:46.012+0000] {dag.py:3947} INFO - Setting next_dagrun for example_xcom_args to None, run_after=None
[2026-07-20T06:31:46.014+0000] {logging_mixin.py:188} INFO - [2026-07-20T06:31:46.014+0000] {dag.py:3947} INFO - Setting next_dagrun for example_xcom_args_with_operators to None, run_after=None
[2026-07-20T06:31:46.033+0000] {processor.py:183} INFO - Processing /workspaces/recomart-recommendation-pipeline/airflow_venv/lib/python3.12/site-packages/airflow/example_dags/example_xcomargs.py took 0.133 seconds
[2026-07-20T06:32:36.266+0000] {processor.py:161} INFO - Started process (PID=74718) to work on /workspaces/recomart-recommendation-pipeline/airflow_venv/lib/python3.12/site-packages/airflow/example_dags/example_xcomargs.py
[2026-07-20T06:32:36.267+0000] {processor.py:830} INFO - Processing file /workspaces/recomart-recommendation-pipeline/airflow_venv/lib/python3.12/site-packages/airflow/example_dags/example_xcomargs.py for tasks to queue
[2026-07-20T06:32:36.268+0000] {logging_mixin.py:188} INFO - [2026-07-20T06:32:36.268+0000] {dagbag.py:545} INFO - Filling up the DagBag from /workspaces/recomart-recommendation-pipeline/airflow_venv/lib/python3.12/site-packages/airflow/example_dags/example_xcomargs.py
[2026-07-20T06:32:36.275+0000] {processor.py:840} INFO - DAG(s) 'example_xcom_args', 'example_xcom_args_with_operators' retrieved from /workspaces/recomart-recommendation-pipeline/airflow_venv/lib/python3.12/site-packages/airflow/example_dags/example_xcomargs.py
[2026-07-20T06:32:36.292+0000] {logging_mixin.py:188} INFO - [2026-07-20T06:32:36.292+0000] {dag.py:3089} INFO - Sync 2 DAGs
[2026-07-20T06:32:36.303+0000] {logging_mixin.py:188} INFO - [2026-07-20T06:32:36.303+0000] {dag.py:3947} INFO - Setting next_dagrun for example_xcom_args to None, run_after=None
[2026-07-20T06:32:36.306+0000] {logging_mixin.py:188} INFO - [2026-07-20T06:32:36.305+0000] {dag.py:3947} INFO - Setting next_dagrun for example_xcom_args_with_operators to None, run_after=None
[2026-07-20T06:32:36.320+0000] {processor.py:183} INFO - Processing /workspaces/recomart-recommendation-pipeline/airflow_venv/lib/python3.12/site-packages/airflow/example_dags/example_xcomargs.py took 0.058 seconds
[2026-07-20T06:33:20.109+0000] {processor.py:161} INFO - Started process (PID=75106) to work on /workspaces/recomart-recommendation-pipeline/airflow_venv/lib/python3.12/site-packages/airflow/example_dags/example_xcomargs.py
[2026-07-20T06:33:20.110+0000] {processor.py:830} INFO - Processing file /workspaces/recomart-recommendation-pipeline/airflow_venv/lib/python3.12/site-packages/airflow/example_dags/example_xcomargs.py for tasks to queue
[2026-07-20T06:33:20.111+0000] {logging_mixin.py:188} INFO - [2026-07-20T06:33:20.111+0000] {dagbag.py:545} INFO - Filling up the DagBag from /workspaces/recomart-recommendation-pipeline/airflow_venv/lib/python3.12/site-packages/airflow/example_dags/example_xcomargs.py
[2026-07-20T06:33:20.118+0000] {processor.py:840} INFO - DAG(s) 'example_xcom_args', 'example_xcom_args_with_operators' retrieved from /workspaces/recomart-recommendation-pipeline/airflow_venv/lib/python3.12/site-packages/airflow/example_dags/example_xcomargs.py
[2026-07-20T06:33:20.135+0000] {logging_mixin.py:188} INFO - [2026-07-20T06:33:20.134+0000] {dag.py:3089} INFO - Sync 2 DAGs
[2026-07-20T06:33:20.146+0000] {logging_mixin.py:188} INFO - [2026-07-20T06:33:20.146+0000] {dag.py:3947} INFO - Setting next_dagrun for example_xcom_args to None, run_after=None
[2026-07-20T06:33:20.149+0000] {logging_mixin.py:188} INFO - [2026-07-20T06:33:20.149+0000] {dag.py:3947} INFO - Setting next_dagrun for example_xcom_args_with_operators to None, run_after=None
[2026-07-20T06:33:20.185+0000] {processor.py:183} INFO - Processing /workspaces/recomart-recommendation-pipeline/airflow_venv/lib/python3.12/site-packages/airflow/example_dags/example_xcomargs.py took 0.080 seconds
[2026-07-20T06:34:38.802+0000] {processor.py:161} INFO - Started process (PID=76419) to work on /workspaces/recomart-recommendation-pipeline/airflow_venv/lib/python3.12/site-packages/airflow/example_dags/example_xcomargs.py
[2026-07-20T06:34:38.804+0000] {processor.py:830} INFO - Processing file /workspaces/recomart-recommendation-pipeline/airflow_venv/lib/python3.12/site-packages/airflow/example_dags/example_xcomargs.py for tasks to queue
[2026-07-20T06:34:38.807+0000] {logging_mixin.py:188} INFO - [2026-07-20T06:34:38.807+0000] {dagbag.py:545} INFO - Filling up the DagBag from /workspaces/recomart-recommendation-pipeline/airflow_venv/lib/python3.12/site-packages/airflow/example_dags/example_xcomargs.py
[2026-07-20T06:34:38.822+0000] {processor.py:840} INFO - DAG(s) 'example_xcom_args_with_operators', 'example_xcom_args' retrieved from /workspaces/recomart-recommendation-pipeline/airflow_venv/lib/python3.12/site-packages/airflow/example_dags/example_xcomargs.py
[2026-07-20T06:34:38.855+0000] {logging_mixin.py:188} INFO - [2026-07-20T06:34:38.854+0000] {dag.py:3089} INFO - Sync 2 DAGs
[2026-07-20T06:34:38.877+0000] {logging_mixin.py:188} INFO - [2026-07-20T06:34:38.877+0000] {dag.py:3947} INFO - Setting next_dagrun for example_xcom_args to None, run_after=None
[2026-07-20T06:34:38.881+0000] {logging_mixin.py:188} INFO - [2026-07-20T06:34:38.881+0000] {dag.py:3947} INFO - Setting next_dagrun for example_xcom_args_with_operators to None, run_after=None
[2026-07-20T06:34:38.901+0000] {processor.py:183} INFO - Processing /workspaces/recomart-recommendation-pipeline/airflow_venv/lib/python3.12/site-packages/airflow/example_dags/example_xcomargs.py took 0.107 seconds
[2026-07-20T06:35:33.187+0000] {processor.py:161} INFO - Started process (PID=77468) to work on /workspaces/recomart-recommendation-pipeline/airflow_venv/lib/python3.12/site-packages/airflow/example_dags/example_xcomargs.py
[2026-07-20T06:35:33.187+0000] {processor.py:830} INFO - Processing file /workspaces/recomart-recommendation-pipeline/airflow_venv/lib/python3.12/site-packages/airflow/example_dags/example_xcomargs.py for tasks to queue
[2026-07-20T06:35:33.189+0000] {logging_mixin.py:188} INFO - [2026-07-20T06:35:33.188+0000] {dagbag.py:545} INFO - Filling up the DagBag from /workspaces/recomart-recommendation-pipeline/airflow_venv/lib/python3.12/site-packages/airflow/example_dags/example_xcomargs.py
[2026-07-20T06:35:33.195+0000] {processor.py:840} INFO - DAG(s) 'example_xcom_args_with_operators', 'example_xcom_args' retrieved from /workspaces/recomart-recommendation-pipeline/airflow_venv/lib/python3.12/site-packages/airflow/example_dags/example_xcomargs.py
[2026-07-20T06:35:33.209+0000] {logging_mixin.py:188} INFO - [2026-07-20T06:35:33.209+0000] {dag.py:3089} INFO - Sync 2 DAGs
[2026-07-20T06:35:33.218+0000] {logging_mixin.py:188} INFO - [2026-07-20T06:35:33.218+0000] {dag.py:3947} INFO - Setting next_dagrun for example_xcom_args to None, run_after=None
[2026-07-20T06:35:33.220+0000] {logging_mixin.py:188} INFO - [2026-07-20T06:35:33.220+0000] {dag.py:3947} INFO - Setting next_dagrun for example_xcom_args_with_operators to None, run_after=None
[2026-07-20T06:35:33.236+0000] {processor.py:183} INFO - Processing /workspaces/recomart-recommendation-pipeline/airflow_venv/lib/python3.12/site-packages/airflow/example_dags/example_xcomargs.py took 0.053 seconds
[2026-07-20T06:36:26.096+0000] {processor.py:161} INFO - Started process (PID=78531) to work on /workspaces/recomart-recommendation-pipeline/airflow_venv/lib/python3.12/site-packages/airflow/example_dags/example_xcomargs.py
[2026-07-20T06:36:26.097+0000] {processor.py:830} INFO - Processing file /workspaces/recomart-recommendation-pipeline/airflow_venv/lib/python3.12/site-packages/airflow/example_dags/example_xcomargs.py for tasks to queue
[2026-07-20T06:36:26.098+0000] {logging_mixin.py:188} INFO - [2026-07-20T06:36:26.098+0000] {dagbag.py:545} INFO - Filling up the DagBag from /workspaces/recomart-recommendation-pipeline/airflow_venv/lib/python3.12/site-packages/airflow/example_dags/example_xcomargs.py
[2026-07-20T06:36:26.105+0000] {processor.py:840} INFO - DAG(s) 'example_xcom_args', 'example_xcom_args_with_operators' retrieved from /workspaces/recomart-recommendation-pipeline/airflow_venv/lib/python3.12/site-packages/airflow/example_dags/example_xcomargs.py
[2026-07-20T06:36:26.118+0000] {logging_mixin.py:188} INFO - [2026-07-20T06:36:26.118+0000] {dag.py:3089} INFO - Sync 2 DAGs
[2026-07-20T06:36:26.131+0000] {logging_mixin.py:188} INFO - [2026-07-20T06:36:26.131+0000] {dag.py:3947} INFO - Setting next_dagrun for example_xcom_args to None, run_after=None
[2026-07-20T06:36:26.135+0000] {logging_mixin.py:188} INFO - [2026-07-20T06:36:26.135+0000] {dag.py:3947} INFO - Setting next_dagrun for example_xcom_args_with_operators to None, run_after=None
[2026-07-20T06:36:26.162+0000] {processor.py:183} INFO - Processing /workspaces/recomart-recommendation-pipeline/airflow_venv/lib/python3.12/site-packages/airflow/example_dags/example_xcomargs.py took 0.070 seconds
[2026-07-20T06:37:16.338+0000] {processor.py:161} INFO - Started process (PID=78962) to work on /workspaces/recomart-recommendation-pipeline/airflow_venv/lib/python3.12/site-packages/airflow/example_dags/example_xcomargs.py
[2026-07-20T06:37:16.338+0000] {processor.py:830} INFO - Processing file /workspaces/recomart-recommendation-pipeline/airflow_venv/lib/python3.12/site-packages/airflow/example_dags/example_xcomargs.py for tasks to queue
[2026-07-20T06:37:16.340+0000] {logging_mixin.py:188} INFO - [2026-07-20T06:37:16.339+0000] {dagbag.py:545} INFO - Filling up the DagBag from /workspaces/recomart-recommendation-pipeline/airflow_venv/lib/python3.12/site-packages/airflow/example_dags/example_xcomargs.py
[2026-07-20T06:37:16.347+0000] {processor.py:840} INFO - DAG(s) 'example_xcom_args', 'example_xcom_args_with_operators' retrieved from /workspaces/recomart-recommendation-pipeline/airflow_venv/lib/python3.12/site-packages/airflow/example_dags/example_xcomargs.py
[2026-07-20T06:37:16.360+0000] {logging_mixin.py:188} INFO - [2026-07-20T06:37:16.360+0000] {dag.py:3089} INFO - Sync 2 DAGs
[2026-07-20T06:37:16.370+0000] {logging_mixin.py:188} INFO - [2026-07-20T06:37:16.369+0000] {dag.py:3947} INFO - Setting next_dagrun for example_xcom_args to None, run_after=None
[2026-07-20T06:37:16.373+0000] {logging_mixin.py:188} INFO - [2026-07-20T06:37:16.373+0000] {dag.py:3947} INFO - Setting next_dagrun for example_xcom_args_with_operators to None, run_after=None
[2026-07-20T06:37:16.391+0000] {processor.py:183} INFO - Processing /workspaces/recomart-recommendation-pipeline/airflow_venv/lib/python3.12/site-packages/airflow/example_dags/example_xcomargs.py took 0.058 seconds
[2026-07-20T06:38:00.044+0000] {processor.py:161} INFO - Started process (PID=79333) to work on /workspaces/recomart-recommendation-pipeline/airflow_venv/lib/python3.12/site-packages/airflow/example_dags/example_xcomargs.py
[2026-07-20T06:38:00.045+0000] {processor.py:830} INFO - Processing file /workspaces/recomart-recommendation-pipeline/airflow_venv/lib/python3.12/site-packages/airflow/example_dags/example_xcomargs.py for tasks to queue
[2026-07-20T06:38:00.046+0000] {logging_mixin.py:188} INFO - [2026-07-20T06:38:00.046+0000] {dagbag.py:545} INFO - Filling up the DagBag from /workspaces/recomart-recommendation-pipeline/airflow_venv/lib/python3.12/site-packages/airflow/example_dags/example_xcomargs.py
[2026-07-20T06:38:00.064+0000] {processor.py:840} INFO - DAG(s) 'example_xcom_args_with_operators', 'example_xcom_args' retrieved from /workspaces/recomart-recommendation-pipeline/airflow_venv/lib/python3.12/site-packages/airflow/example_dags/example_xcomargs.py
[2026-07-20T06:38:00.085+0000] {logging_mixin.py:188} INFO - [2026-07-20T06:38:00.085+0000] {dag.py:3089} INFO - Sync 2 DAGs
[2026-07-20T06:38:00.100+0000] {logging_mixin.py:188} INFO - [2026-07-20T06:38:00.100+0000] {dag.py:3947} INFO - Setting next_dagrun for example_xcom_args to None, run_after=None
[2026-07-20T06:38:00.103+0000] {logging_mixin.py:188} INFO - [2026-07-20T06:38:00.103+0000] {dag.py:3947} INFO - Setting next_dagrun for example_xcom_args_with_operators to None, run_after=None
[2026-07-20T06:38:00.119+0000] {processor.py:183} INFO - Processing /workspaces/recomart-recommendation-pipeline/airflow_venv/lib/python3.12/site-packages/airflow/example_dags/example_xcomargs.py took 0.080 seconds
[2026-07-20T06:38:49.097+0000] {processor.py:161} INFO - Started process (PID=79751) to work on /workspaces/recomart-recommendation-pipeline/airflow_venv/lib/python3.12/site-packages/airflow/example_dags/example_xcomargs.py
[2026-07-20T06:38:49.098+0000] {processor.py:830} INFO - Processing file /workspaces/recomart-recommendation-pipeline/airflow_venv/lib/python3.12/site-packages/airflow/example_dags/example_xcomargs.py for tasks to queue
[2026-07-20T06:38:49.099+0000] {logging_mixin.py:188} INFO - [2026-07-20T06:38:49.099+0000] {dagbag.py:545} INFO - Filling up the DagBag from /workspaces/recomart-recommendation-pipeline/airflow_venv/lib/python3.12/site-packages/airflow/example_dags/example_xcomargs.py
[2026-07-20T06:38:49.107+0000] {processor.py:840} INFO - DAG(s) 'example_xcom_args', 'example_xcom_args_with_operators' retrieved from /workspaces/recomart-recommendation-pipeline/airflow_venv/lib/python3.12/site-packages/airflow/example_dags/example_xcomargs.py
[2026-07-20T06:38:49.121+0000] {logging_mixin.py:188} INFO - [2026-07-20T06:38:49.121+0000] {dag.py:3089} INFO - Sync 2 DAGs
[2026-07-20T06:38:49.130+0000] {logging_mixin.py:188} INFO - [2026-07-20T06:38:49.129+0000] {dag.py:3947} INFO - Setting next_dagrun for example_xcom_args to None, run_after=None
[2026-07-20T06:38:49.132+0000] {logging_mixin.py:188} INFO - [2026-07-20T06:38:49.132+0000] {dag.py:3947} INFO - Setting next_dagrun for example_xcom_args_with_operators to None, run_after=None
[2026-07-20T06:38:49.147+0000] {processor.py:183} INFO - Processing /workspaces/recomart-recommendation-pipeline/airflow_venv/lib/python3.12/site-packages/airflow/example_dags/example_xcomargs.py took 0.054 seconds
[2026-07-20T06:39:35.355+0000] {processor.py:161} INFO - Started process (PID=80085) to work on /workspaces/recomart-recommendation-pipeline/airflow_venv/lib/python3.12/site-packages/airflow/example_dags/example_xcomargs.py
[2026-07-20T06:39:35.356+0000] {processor.py:830} INFO - Processing file /workspaces/recomart-recommendation-pipeline/airflow_venv/lib/python3.12/site-packages/airflow/example_dags/example_xcomargs.py for tasks to queue
[2026-07-20T06:39:35.357+0000] {logging_mixin.py:188} INFO - [2026-07-20T06:39:35.357+0000] {dagbag.py:545} INFO - Filling up the DagBag from /workspaces/recomart-recommendation-pipeline/airflow_venv/lib/python3.12/site-packages/airflow/example_dags/example_xcomargs.py
[2026-07-20T06:39:35.363+0000] {processor.py:840} INFO - DAG(s) 'example_xcom_args_with_operators', 'example_xcom_args' retrieved from /workspaces/recomart-recommendation-pipeline/airflow_venv/lib/python3.12/site-packages/airflow/example_dags/example_xcomargs.py
[2026-07-20T06:39:35.380+0000] {logging_mixin.py:188} INFO - [2026-07-20T06:39:35.380+0000] {dag.py:3089} INFO - Sync 2 DAGs
[2026-07-20T06:39:35.392+0000] {logging_mixin.py:188} INFO - [2026-07-20T06:39:35.392+0000] {dag.py:3947} INFO - Setting next_dagrun for example_xcom_args to None, run_after=None
[2026-07-20T06:39:35.395+0000] {logging_mixin.py:188} INFO - [2026-07-20T06:39:35.395+0000] {dag.py:3947} INFO - Setting next_dagrun for example_xcom_args_with_operators to None, run_after=None
[2026-07-20T06:39:35.510+0000] {processor.py:183} INFO - Processing /workspaces/recomart-recommendation-pipeline/airflow_venv/lib/python3.12/site-packages/airflow/example_dags/example_xcomargs.py took 0.160 seconds
[2026-07-20T06:40:27.339+0000] {processor.py:161} INFO - Started process (PID=80516) to work on /workspaces/recomart-recommendation-pipeline/airflow_venv/lib/python3.12/site-packages/airflow/example_dags/example_xcomargs.py
[2026-07-20T06:40:27.340+0000] {processor.py:830} INFO - Processing file /workspaces/recomart-recommendation-pipeline/airflow_venv/lib/python3.12/site-packages/airflow/example_dags/example_xcomargs.py for tasks to queue
[2026-07-20T06:40:27.341+0000] {logging_mixin.py:188} INFO - [2026-07-20T06:40:27.341+0000] {dagbag.py:545} INFO - Filling up the DagBag from /workspaces/recomart-recommendation-pipeline/airflow_venv/lib/python3.12/site-packages/airflow/example_dags/example_xcomargs.py
[2026-07-20T06:40:27.348+0000] {processor.py:840} INFO - DAG(s) 'example_xcom_args', 'example_xcom_args_with_operators' retrieved from /workspaces/recomart-recommendation-pipeline/airflow_venv/lib/python3.12/site-packages/airflow/example_dags/example_xcomargs.py
[2026-07-20T06:40:27.363+0000] {logging_mixin.py:188} INFO - [2026-07-20T06:40:27.362+0000] {dag.py:3089} INFO - Sync 2 DAGs
[2026-07-20T06:40:27.377+0000] {logging_mixin.py:188} INFO - [2026-07-20T06:40:27.376+0000] {dag.py:3947} INFO - Setting next_dagrun for example_xcom_args to None, run_after=None
[2026-07-20T06:40:27.381+0000] {logging_mixin.py:188} INFO - [2026-07-20T06:40:27.381+0000] {dag.py:3947} INFO - Setting next_dagrun for example_xcom_args_with_operators to None, run_after=None
[2026-07-20T06:40:27.417+0000] {processor.py:183} INFO - Processing /workspaces/recomart-recommendation-pipeline/airflow_venv/lib/python3.12/site-packages/airflow/example_dags/example_xcomargs.py took 0.083 seconds
[2026-07-20T06:41:14.938+0000] {processor.py:161} INFO - Started process (PID=80987) to work on /workspaces/recomart-recommendation-pipeline/airflow_venv/lib/python3.12/site-packages/airflow/example_dags/example_xcomargs.py
[2026-07-20T06:41:14.939+0000] {processor.py:830} INFO - Processing file /workspaces/recomart-recommendation-pipeline/airflow_venv/lib/python3.12/site-packages/airflow/example_dags/example_xcomargs.py for tasks to queue
[2026-07-20T06:41:14.940+0000] {logging_mixin.py:188} INFO - [2026-07-20T06:41:14.940+0000] {dagbag.py:545} INFO - Filling up the DagBag from /workspaces/recomart-recommendation-pipeline/airflow_venv/lib/python3.12/site-packages/airflow/example_dags/example_xcomargs.py
[2026-07-20T06:41:14.947+0000] {processor.py:840} INFO - DAG(s) 'example_xcom_args', 'example_xcom_args_with_operators' retrieved from /workspaces/recomart-recommendation-pipeline/airflow_venv/lib/python3.12/site-packages/airflow/example_dags/example_xcomargs.py
[2026-07-20T06:41:14.961+0000] {logging_mixin.py:188} INFO - [2026-07-20T06:41:14.960+0000] {dag.py:3089} INFO - Sync 2 DAGs
[2026-07-20T06:41:14.969+0000] {logging_mixin.py:188} INFO - [2026-07-20T06:41:14.969+0000] {dag.py:3947} INFO - Setting next_dagrun for example_xcom_args to None, run_after=None
[2026-07-20T06:41:14.973+0000] {logging_mixin.py:188} INFO - [2026-07-20T06:41:14.973+0000] {dag.py:3947} INFO - Setting next_dagrun for example_xcom_args_with_operators to None, run_after=None
[2026-07-20T06:41:14.991+0000] {processor.py:183} INFO - Processing /workspaces/recomart-recommendation-pipeline/airflow_venv/lib/python3.12/site-packages/airflow/example_dags/example_xcomargs.py took 0.057 seconds
[2026-07-20T06:42:02.050+0000] {processor.py:161} INFO - Started process (PID=81376) to work on /workspaces/recomart-recommendation-pipeline/airflow_venv/lib/python3.12/site-packages/airflow/example_dags/example_xcomargs.py
[2026-07-20T06:42:02.051+0000] {processor.py:830} INFO - Processing file /workspaces/recomart-recommendation-pipeline/airflow_venv/lib/python3.12/site-packages/airflow/example_dags/example_xcomargs.py for tasks to queue
[2026-07-20T06:42:02.053+0000] {logging_mixin.py:188} INFO - [2026-07-20T06:42:02.053+0000] {dagbag.py:545} INFO - Filling up the DagBag from /workspaces/recomart-recommendation-pipeline/airflow_venv/lib/python3.12/site-packages/airflow/example_dags/example_xcomargs.py
[2026-07-20T06:42:02.065+0000] {processor.py:840} INFO - DAG(s) 'example_xcom_args_with_operators', 'example_xcom_args' retrieved from /workspaces/recomart-recommendation-pipeline/airflow_venv/lib/python3.12/site-packages/airflow/example_dags/example_xcomargs.py
[2026-07-20T06:42:02.093+0000] {logging_mixin.py:188} INFO - [2026-07-20T06:42:02.093+0000] {dag.py:3089} INFO - Sync 2 DAGs
[2026-07-20T06:42:02.117+0000] {logging_mixin.py:188} INFO - [2026-07-20T06:42:02.116+0000] {dag.py:3947} INFO - Setting next_dagrun for example_xcom_args to None, run_after=None
[2026-07-20T06:42:02.123+0000] {logging_mixin.py:188} INFO - [2026-07-20T06:42:02.122+0000] {dag.py:3947} INFO - Setting next_dagrun for example_xcom_args_with_operators to None, run_after=None
[2026-07-20T06:42:02.144+0000] {processor.py:183} INFO - Processing /workspaces/recomart-recommendation-pipeline/airflow_venv/lib/python3.12/site-packages/airflow/example_dags/example_xcomargs.py took 0.101 seconds
[2026-07-20T06:42:48.324+0000] {processor.py:161} INFO - Started process (PID=81782) to work on /workspaces/recomart-recommendation-pipeline/airflow_venv/lib/python3.12/site-packages/airflow/example_dags/example_xcomargs.py
[2026-07-20T06:42:48.332+0000] {processor.py:830} INFO - Processing file /workspaces/recomart-recommendation-pipeline/airflow_venv/lib/python3.12/site-packages/airflow/example_dags/example_xcomargs.py for tasks to queue
[2026-07-20T06:42:48.334+0000] {logging_mixin.py:188} INFO - [2026-07-20T06:42:48.333+0000] {dagbag.py:545} INFO - Filling up the DagBag from /workspaces/recomart-recommendation-pipeline/airflow_venv/lib/python3.12/site-packages/airflow/example_dags/example_xcomargs.py
[2026-07-20T06:42:48.363+0000] {processor.py:840} INFO - DAG(s) 'example_xcom_args_with_operators', 'example_xcom_args' retrieved from /workspaces/recomart-recommendation-pipeline/airflow_venv/lib/python3.12/site-packages/airflow/example_dags/example_xcomargs.py
[2026-07-20T06:42:48.415+0000] {logging_mixin.py:188} INFO - [2026-07-20T06:42:48.415+0000] {dag.py:3089} INFO - Sync 2 DAGs
[2026-07-20T06:42:48.424+0000] {logging_mixin.py:188} INFO - [2026-07-20T06:42:48.424+0000] {dag.py:3947} INFO - Setting next_dagrun for example_xcom_args to None, run_after=None
[2026-07-20T06:42:48.427+0000] {logging_mixin.py:188} INFO - [2026-07-20T06:42:48.427+0000] {dag.py:3947} INFO - Setting next_dagrun for example_xcom_args_with_operators to None, run_after=None
[2026-07-20T06:42:48.442+0000] {processor.py:183} INFO - Processing /workspaces/recomart-recommendation-pipeline/airflow_venv/lib/python3.12/site-packages/airflow/example_dags/example_xcomargs.py took 0.124 seconds
[2026-07-20T06:43:36.243+0000] {processor.py:161} INFO - Started process (PID=82131) to work on /workspaces/recomart-recommendation-pipeline/airflow_venv/lib/python3.12/site-packages/airflow/example_dags/example_xcomargs.py
[2026-07-20T06:43:36.244+0000] {processor.py:830} INFO - Processing file /workspaces/recomart-recommendation-pipeline/airflow_venv/lib/python3.12/site-packages/airflow/example_dags/example_xcomargs.py for tasks to queue
[2026-07-20T06:43:36.246+0000] {logging_mixin.py:188} INFO - [2026-07-20T06:43:36.245+0000] {dagbag.py:545} INFO - Filling up the DagBag from /workspaces/recomart-recommendation-pipeline/airflow_venv/lib/python3.12/site-packages/airflow/example_dags/example_xcomargs.py
[2026-07-20T06:43:36.257+0000] {processor.py:840} INFO - DAG(s) 'example_xcom_args_with_operators', 'example_xcom_args' retrieved from /workspaces/recomart-recommendation-pipeline/airflow_venv/lib/python3.12/site-packages/airflow/example_dags/example_xcomargs.py
[2026-07-20T06:43:36.279+0000] {logging_mixin.py:188} INFO - [2026-07-20T06:43:36.279+0000] {dag.py:3089} INFO - Sync 2 DAGs
[2026-07-20T06:43:36.297+0000] {logging_mixin.py:188} INFO - [2026-07-20T06:43:36.296+0000] {dag.py:3947} INFO - Setting next_dagrun for example_xcom_args to None, run_after=None
[2026-07-20T06:43:36.301+0000] {logging_mixin.py:188} INFO - [2026-07-20T06:43:36.301+0000] {dag.py:3947} INFO - Setting next_dagrun for example_xcom_args_with_operators to None, run_after=None
[2026-07-20T06:43:36.360+0000] {processor.py:183} INFO - Processing /workspaces/recomart-recommendation-pipeline/airflow_venv/lib/python3.12/site-packages/airflow/example_dags/example_xcomargs.py took 0.124 seconds
[2026-07-20T06:44:26.120+0000] {processor.py:161} INFO - Started process (PID=82558) to work on /workspaces/recomart-recommendation-pipeline/airflow_venv/lib/python3.12/site-packages/airflow/example_dags/example_xcomargs.py
[2026-07-20T06:44:26.121+0000] {processor.py:830} INFO - Processing file /workspaces/recomart-recommendation-pipeline/airflow_venv/lib/python3.12/site-packages/airflow/example_dags/example_xcomargs.py for tasks to queue
[2026-07-20T06:44:26.122+0000] {logging_mixin.py:188} INFO - [2026-07-20T06:44:26.122+0000] {dagbag.py:545} INFO - Filling up the DagBag from /workspaces/recomart-recommendation-pipeline/airflow_venv/lib/python3.12/site-packages/airflow/example_dags/example_xcomargs.py
[2026-07-20T06:44:26.129+0000] {processor.py:840} INFO - DAG(s) 'example_xcom_args', 'example_xcom_args_with_operators' retrieved from /workspaces/recomart-recommendation-pipeline/airflow_venv/lib/python3.12/site-packages/airflow/example_dags/example_xcomargs.py
[2026-07-20T06:44:26.143+0000] {logging_mixin.py:188} INFO - [2026-07-20T06:44:26.143+0000] {dag.py:3089} INFO - Sync 2 DAGs
[2026-07-20T06:44:26.155+0000] {logging_mixin.py:188} INFO - [2026-07-20T06:44:26.154+0000] {dag.py:3947} INFO - Setting next_dagrun for example_xcom_args to None, run_after=None
[2026-07-20T06:44:26.159+0000] {logging_mixin.py:188} INFO - [2026-07-20T06:44:26.159+0000] {dag.py:3947} INFO - Setting next_dagrun for example_xcom_args_with_operators to None, run_after=None
[2026-07-20T06:44:26.180+0000] {processor.py:183} INFO - Processing /workspaces/recomart-recommendation-pipeline/airflow_venv/lib/python3.12/site-packages/airflow/example_dags/example_xcomargs.py took 0.064 seconds
[2026-07-20T06:45:07.209+0000] {processor.py:161} INFO - Started process (PID=82919) to work on /workspaces/recomart-recommendation-pipeline/airflow_venv/lib/python3.12/site-packages/airflow/example_dags/example_xcomargs.py
[2026-07-20T06:45:07.210+0000] {processor.py:830} INFO - Processing file /workspaces/recomart-recommendation-pipeline/airflow_venv/lib/python3.12/site-packages/airflow/example_dags/example_xcomargs.py for tasks to queue
[2026-07-20T06:45:07.211+0000] {logging_mixin.py:188} INFO - [2026-07-20T06:45:07.211+0000] {dagbag.py:545} INFO - Filling up the DagBag from /workspaces/recomart-recommendation-pipeline/airflow_venv/lib/python3.12/site-packages/airflow/example_dags/example_xcomargs.py
[2026-07-20T06:45:07.219+0000] {processor.py:840} INFO - DAG(s) 'example_xcom_args_with_operators', 'example_xcom_args' retrieved from /workspaces/recomart-recommendation-pipeline/airflow_venv/lib/python3.12/site-packages/airflow/example_dags/example_xcomargs.py
[2026-07-20T06:45:07.233+0000] {logging_mixin.py:188} INFO - [2026-07-20T06:45:07.232+0000] {dag.py:3089} INFO - Sync 2 DAGs
[2026-07-20T06:45:07.242+0000] {logging_mixin.py:188} INFO - [2026-07-20T06:45:07.241+0000] {dag.py:3947} INFO - Setting next_dagrun for example_xcom_args to None, run_after=None
[2026-07-20T06:45:07.244+0000] {logging_mixin.py:188} INFO - [2026-07-20T06:45:07.244+0000] {dag.py:3947} INFO - Setting next_dagrun for example_xcom_args_with_operators to None, run_after=None
[2026-07-20T06:45:07.259+0000] {processor.py:183} INFO - Processing /workspaces/recomart-recommendation-pipeline/airflow_venv/lib/python3.12/site-packages/airflow/example_dags/example_xcomargs.py took 0.054 seconds
[2026-07-20T06:45:49.128+0000] {processor.py:161} INFO - Started process (PID=83347) to work on /workspaces/recomart-recommendation-pipeline/airflow_venv/lib/python3.12/site-packages/airflow/example_dags/example_xcomargs.py
[2026-07-20T06:45:49.128+0000] {processor.py:830} INFO - Processing file /workspaces/recomart-recommendation-pipeline/airflow_venv/lib/python3.12/site-packages/airflow/example_dags/example_xcomargs.py for tasks to queue
[2026-07-20T06:45:49.130+0000] {logging_mixin.py:188} INFO - [2026-07-20T06:45:49.129+0000] {dagbag.py:545} INFO - Filling up the DagBag from /workspaces/recomart-recommendation-pipeline/airflow_venv/lib/python3.12/site-packages/airflow/example_dags/example_xcomargs.py
[2026-07-20T06:45:49.136+0000] {processor.py:840} INFO - DAG(s) 'example_xcom_args', 'example_xcom_args_with_operators' retrieved from /workspaces/recomart-recommendation-pipeline/airflow_venv/lib/python3.12/site-packages/airflow/example_dags/example_xcomargs.py
[2026-07-20T06:45:49.149+0000] {logging_mixin.py:188} INFO - [2026-07-20T06:45:49.149+0000] {dag.py:3089} INFO - Sync 2 DAGs
[2026-07-20T06:45:49.159+0000] {logging_mixin.py:188} INFO - [2026-07-20T06:45:49.159+0000] {dag.py:3947} INFO - Setting next_dagrun for example_xcom_args to None, run_after=None
[2026-07-20T06:45:49.162+0000] {logging_mixin.py:188} INFO - [2026-07-20T06:45:49.162+0000] {dag.py:3947} INFO - Setting next_dagrun for example_xcom_args_with_operators to None, run_after=None
[2026-07-20T06:45:49.179+0000] {processor.py:183} INFO - Processing /workspaces/recomart-recommendation-pipeline/airflow_venv/lib/python3.12/site-packages/airflow/example_dags/example_xcomargs.py took 0.056 seconds
[2026-07-20T06:46:35.014+0000] {processor.py:161} INFO - Started process (PID=83674) to work on /workspaces/recomart-recommendation-pipeline/airflow_venv/lib/python3.12/site-packages/airflow/example_dags/example_xcomargs.py
[2026-07-20T06:46:35.014+0000] {processor.py:830} INFO - Processing file /workspaces/recomart-recommendation-pipeline/airflow_venv/lib/python3.12/site-packages/airflow/example_dags/example_xcomargs.py for tasks to queue
[2026-07-20T06:46:35.016+0000] {logging_mixin.py:188} INFO - [2026-07-20T06:46:35.015+0000] {dagbag.py:545} INFO - Filling up the DagBag from /workspaces/recomart-recommendation-pipeline/airflow_venv/lib/python3.12/site-packages/airflow/example_dags/example_xcomargs.py
[2026-07-20T06:46:35.022+0000] {processor.py:840} INFO - DAG(s) 'example_xcom_args_with_operators', 'example_xcom_args' retrieved from /workspaces/recomart-recommendation-pipeline/airflow_venv/lib/python3.12/site-packages/airflow/example_dags/example_xcomargs.py
[2026-07-20T06:46:35.039+0000] {logging_mixin.py:188} INFO - [2026-07-20T06:46:35.039+0000] {dag.py:3089} INFO - Sync 2 DAGs
[2026-07-20T06:46:35.049+0000] {logging_mixin.py:188} INFO - [2026-07-20T06:46:35.049+0000] {dag.py:3947} INFO - Setting next_dagrun for example_xcom_args to None, run_after=None
[2026-07-20T06:46:35.052+0000] {logging_mixin.py:188} INFO - [2026-07-20T06:46:35.052+0000] {dag.py:3947} INFO - Setting next_dagrun for example_xcom_args_with_operators to None, run_after=None
[2026-07-20T06:46:35.067+0000] {processor.py:183} INFO - Processing /workspaces/recomart-recommendation-pipeline/airflow_venv/lib/python3.12/site-packages/airflow/example_dags/example_xcomargs.py took 0.058 seconds
[2026-07-20T06:47:17.428+0000] {processor.py:161} INFO - Started process (PID=84041) to work on /workspaces/recomart-recommendation-pipeline/airflow_venv/lib/python3.12/site-packages/airflow/example_dags/example_xcomargs.py
[2026-07-20T06:47:17.429+0000] {processor.py:830} INFO - Processing file /workspaces/recomart-recommendation-pipeline/airflow_venv/lib/python3.12/site-packages/airflow/example_dags/example_xcomargs.py for tasks to queue
[2026-07-20T06:47:17.431+0000] {logging_mixin.py:188} INFO - [2026-07-20T06:47:17.431+0000] {dagbag.py:545} INFO - Filling up the DagBag from /workspaces/recomart-recommendation-pipeline/airflow_venv/lib/python3.12/site-packages/airflow/example_dags/example_xcomargs.py
[2026-07-20T06:47:17.441+0000] {processor.py:840} INFO - DAG(s) 'example_xcom_args_with_operators', 'example_xcom_args' retrieved from /workspaces/recomart-recommendation-pipeline/airflow_venv/lib/python3.12/site-packages/airflow/example_dags/example_xcomargs.py
[2026-07-20T06:47:17.456+0000] {logging_mixin.py:188} INFO - [2026-07-20T06:47:17.456+0000] {dag.py:3089} INFO - Sync 2 DAGs
[2026-07-20T06:47:17.465+0000] {logging_mixin.py:188} INFO - [2026-07-20T06:47:17.465+0000] {dag.py:3947} INFO - Setting next_dagrun for example_xcom_args to None, run_after=None
[2026-07-20T06:47:17.468+0000] {logging_mixin.py:188} INFO - [2026-07-20T06:47:17.468+0000] {dag.py:3947} INFO - Setting next_dagrun for example_xcom_args_with_operators to None, run_after=None
[2026-07-20T06:47:17.484+0000] {processor.py:183} INFO - Processing /workspaces/recomart-recommendation-pipeline/airflow_venv/lib/python3.12/site-packages/airflow/example_dags/example_xcomargs.py took 0.063 seconds
[2026-07-20T06:47:59.525+0000] {processor.py:161} INFO - Started process (PID=84405) to work on /workspaces/recomart-recommendation-pipeline/airflow_venv/lib/python3.12/site-packages/airflow/example_dags/example_xcomargs.py
[2026-07-20T06:47:59.526+0000] {processor.py:830} INFO - Processing file /workspaces/recomart-recommendation-pipeline/airflow_venv/lib/python3.12/site-packages/airflow/example_dags/example_xcomargs.py for tasks to queue
[2026-07-20T06:47:59.528+0000] {logging_mixin.py:188} INFO - [2026-07-20T06:47:59.527+0000] {dagbag.py:545} INFO - Filling up the DagBag from /workspaces/recomart-recommendation-pipeline/airflow_venv/lib/python3.12/site-packages/airflow/example_dags/example_xcomargs.py
[2026-07-20T06:47:59.539+0000] {processor.py:840} INFO - DAG(s) 'example_xcom_args_with_operators', 'example_xcom_args' retrieved from /workspaces/recomart-recommendation-pipeline/airflow_venv/lib/python3.12/site-packages/airflow/example_dags/example_xcomargs.py
[2026-07-20T06:47:59.564+0000] {logging_mixin.py:188} INFO - [2026-07-20T06:47:59.563+0000] {dag.py:3089} INFO - Sync 2 DAGs
[2026-07-20T06:47:59.583+0000] {logging_mixin.py:188} INFO - [2026-07-20T06:47:59.583+0000] {dag.py:3947} INFO - Setting next_dagrun for example_xcom_args to None, run_after=None
[2026-07-20T06:47:59.587+0000] {logging_mixin.py:188} INFO - [2026-07-20T06:47:59.587+0000] {dag.py:3947} INFO - Setting next_dagrun for example_xcom_args_with_operators to None, run_after=None
[2026-07-20T06:47:59.606+0000] {processor.py:183} INFO - Processing /workspaces/recomart-recommendation-pipeline/airflow_venv/lib/python3.12/site-packages/airflow/example_dags/example_xcomargs.py took 0.086 seconds
[2026-07-20T06:48:40.399+0000] {processor.py:161} INFO - Started process (PID=84703) to work on /workspaces/recomart-recommendation-pipeline/airflow_venv/lib/python3.12/site-packages/airflow/example_dags/example_xcomargs.py
[2026-07-20T06:48:40.399+0000] {processor.py:830} INFO - Processing file /workspaces/recomart-recommendation-pipeline/airflow_venv/lib/python3.12/site-packages/airflow/example_dags/example_xcomargs.py for tasks to queue
[2026-07-20T06:48:40.401+0000] {logging_mixin.py:188} INFO - [2026-07-20T06:48:40.401+0000] {dagbag.py:545} INFO - Filling up the DagBag from /workspaces/recomart-recommendation-pipeline/airflow_venv/lib/python3.12/site-packages/airflow/example_dags/example_xcomargs.py
[2026-07-20T06:48:40.408+0000] {processor.py:840} INFO - DAG(s) 'example_xcom_args_with_operators', 'example_xcom_args' retrieved from /workspaces/recomart-recommendation-pipeline/airflow_venv/lib/python3.12/site-packages/airflow/example_dags/example_xcomargs.py
[2026-07-20T06:48:40.421+0000] {logging_mixin.py:188} INFO - [2026-07-20T06:48:40.421+0000] {dag.py:3089} INFO - Sync 2 DAGs
[2026-07-20T06:48:40.430+0000] {logging_mixin.py:188} INFO - [2026-07-20T06:48:40.430+0000] {dag.py:3947} INFO - Setting next_dagrun for example_xcom_args to None, run_after=None
[2026-07-20T06:48:40.433+0000] {logging_mixin.py:188} INFO - [2026-07-20T06:48:40.432+0000] {dag.py:3947} INFO - Setting next_dagrun for example_xcom_args_with_operators to None, run_after=None
[2026-07-20T06:48:40.447+0000] {processor.py:183} INFO - Processing /workspaces/recomart-recommendation-pipeline/airflow_venv/lib/python3.12/site-packages/airflow/example_dags/example_xcomargs.py took 0.054 seconds
[2026-07-20T06:49:22.894+0000] {processor.py:161} INFO - Started process (PID=85201) to work on /workspaces/recomart-recommendation-pipeline/airflow_venv/lib/python3.12/site-packages/airflow/example_dags/example_xcomargs.py
[2026-07-20T06:49:22.894+0000] {processor.py:830} INFO - Processing file /workspaces/recomart-recommendation-pipeline/airflow_venv/lib/python3.12/site-packages/airflow/example_dags/example_xcomargs.py for tasks to queue
[2026-07-20T06:49:22.896+0000] {logging_mixin.py:188} INFO - [2026-07-20T06:49:22.895+0000] {dagbag.py:545} INFO - Filling up the DagBag from /workspaces/recomart-recommendation-pipeline/airflow_venv/lib/python3.12/site-packages/airflow/example_dags/example_xcomargs.py
[2026-07-20T06:49:22.903+0000] {processor.py:840} INFO - DAG(s) 'example_xcom_args_with_operators', 'example_xcom_args' retrieved from /workspaces/recomart-recommendation-pipeline/airflow_venv/lib/python3.12/site-packages/airflow/example_dags/example_xcomargs.py
[2026-07-20T06:49:22.918+0000] {logging_mixin.py:188} INFO - [2026-07-20T06:49:22.918+0000] {dag.py:3089} INFO - Sync 2 DAGs
[2026-07-20T06:49:22.927+0000] {logging_mixin.py:188} INFO - [2026-07-20T06:49:22.927+0000] {dag.py:3947} INFO - Setting next_dagrun for example_xcom_args to None, run_after=None
[2026-07-20T06:49:22.930+0000] {logging_mixin.py:188} INFO - [2026-07-20T06:49:22.930+0000] {dag.py:3947} INFO - Setting next_dagrun for example_xcom_args_with_operators to None, run_after=None
[2026-07-20T06:49:22.946+0000] {processor.py:183} INFO - Processing /workspaces/recomart-recommendation-pipeline/airflow_venv/lib/python3.12/site-packages/airflow/example_dags/example_xcomargs.py took 0.057 seconds
[2026-07-20T06:50:04.026+0000] {processor.py:161} INFO - Started process (PID=85654) to work on /workspaces/recomart-recommendation-pipeline/airflow_venv/lib/python3.12/site-packages/airflow/example_dags/example_xcomargs.py
[2026-07-20T06:50:04.027+0000] {processor.py:830} INFO - Processing file /workspaces/recomart-recommendation-pipeline/airflow_venv/lib/python3.12/site-packages/airflow/example_dags/example_xcomargs.py for tasks to queue
[2026-07-20T06:50:04.028+0000] {logging_mixin.py:188} INFO - [2026-07-20T06:50:04.028+0000] {dagbag.py:545} INFO - Filling up the DagBag from /workspaces/recomart-recommendation-pipeline/airflow_venv/lib/python3.12/site-packages/airflow/example_dags/example_xcomargs.py
[2026-07-20T06:50:04.035+0000] {processor.py:840} INFO - DAG(s) 'example_xcom_args', 'example_xcom_args_with_operators' retrieved from /workspaces/recomart-recommendation-pipeline/airflow_venv/lib/python3.12/site-packages/airflow/example_dags/example_xcomargs.py
[2026-07-20T06:50:04.049+0000] {logging_mixin.py:188} INFO - [2026-07-20T06:50:04.049+0000] {dag.py:3089} INFO - Sync 2 DAGs
[2026-07-20T06:50:04.058+0000] {logging_mixin.py:188} INFO - [2026-07-20T06:50:04.058+0000] {dag.py:3947} INFO - Setting next_dagrun for example_xcom_args to None, run_after=None
[2026-07-20T06:50:04.061+0000] {logging_mixin.py:188} INFO - [2026-07-20T06:50:04.061+0000] {dag.py:3947} INFO - Setting next_dagrun for example_xcom_args_with_operators to None, run_after=None
[2026-07-20T06:50:04.086+0000] {processor.py:183} INFO - Processing /workspaces/recomart-recommendation-pipeline/airflow_venv/lib/python3.12/site-packages/airflow/example_dags/example_xcomargs.py took 0.065 seconds
[2026-07-20T06:50:49.204+0000] {processor.py:161} INFO - Started process (PID=86130) to work on /workspaces/recomart-recommendation-pipeline/airflow_venv/lib/python3.12/site-packages/airflow/example_dags/example_xcomargs.py
[2026-07-20T06:50:49.205+0000] {processor.py:830} INFO - Processing file /workspaces/recomart-recommendation-pipeline/airflow_venv/lib/python3.12/site-packages/airflow/example_dags/example_xcomargs.py for tasks to queue
[2026-07-20T06:50:49.206+0000] {logging_mixin.py:188} INFO - [2026-07-20T06:50:49.206+0000] {dagbag.py:545} INFO - Filling up the DagBag from /workspaces/recomart-recommendation-pipeline/airflow_venv/lib/python3.12/site-packages/airflow/example_dags/example_xcomargs.py
[2026-07-20T06:50:49.213+0000] {processor.py:840} INFO - DAG(s) 'example_xcom_args', 'example_xcom_args_with_operators' retrieved from /workspaces/recomart-recommendation-pipeline/airflow_venv/lib/python3.12/site-packages/airflow/example_dags/example_xcomargs.py
[2026-07-20T06:50:49.228+0000] {logging_mixin.py:188} INFO - [2026-07-20T06:50:49.228+0000] {dag.py:3089} INFO - Sync 2 DAGs
[2026-07-20T06:50:49.238+0000] {logging_mixin.py:188} INFO - [2026-07-20T06:50:49.237+0000] {dag.py:3947} INFO - Setting next_dagrun for example_xcom_args to None, run_after=None
[2026-07-20T06:50:49.240+0000] {logging_mixin.py:188} INFO - [2026-07-20T06:50:49.240+0000] {dag.py:3947} INFO - Setting next_dagrun for example_xcom_args_with_operators to None, run_after=None
[2026-07-20T06:50:49.256+0000] {processor.py:183} INFO - Processing /workspaces/recomart-recommendation-pipeline/airflow_venv/lib/python3.12/site-packages/airflow/example_dags/example_xcomargs.py took 0.056 seconds
[2026-07-20T06:51:35.766+0000] {processor.py:161} INFO - Started process (PID=86535) to work on /workspaces/recomart-recommendation-pipeline/airflow_venv/lib/python3.12/site-packages/airflow/example_dags/example_xcomargs.py
[2026-07-20T06:51:35.767+0000] {processor.py:830} INFO - Processing file /workspaces/recomart-recommendation-pipeline/airflow_venv/lib/python3.12/site-packages/airflow/example_dags/example_xcomargs.py for tasks to queue
[2026-07-20T06:51:35.768+0000] {logging_mixin.py:188} INFO - [2026-07-20T06:51:35.768+0000] {dagbag.py:545} INFO - Filling up the DagBag from /workspaces/recomart-recommendation-pipeline/airflow_venv/lib/python3.12/site-packages/airflow/example_dags/example_xcomargs.py
[2026-07-20T06:51:35.777+0000] {processor.py:840} INFO - DAG(s) 'example_xcom_args_with_operators', 'example_xcom_args' retrieved from /workspaces/recomart-recommendation-pipeline/airflow_venv/lib/python3.12/site-packages/airflow/example_dags/example_xcomargs.py
[2026-07-20T06:51:35.794+0000] {logging_mixin.py:188} INFO - [2026-07-20T06:51:35.794+0000] {dag.py:3089} INFO - Sync 2 DAGs
[2026-07-20T06:51:35.803+0000] {logging_mixin.py:188} INFO - [2026-07-20T06:51:35.803+0000] {dag.py:3947} INFO - Setting next_dagrun for example_xcom_args to None, run_after=None
[2026-07-20T06:51:35.806+0000] {logging_mixin.py:188} INFO - [2026-07-20T06:51:35.806+0000] {dag.py:3947} INFO - Setting next_dagrun for example_xcom_args_with_operators to None, run_after=None
[2026-07-20T06:51:35.820+0000] {processor.py:183} INFO - Processing /workspaces/recomart-recommendation-pipeline/airflow_venv/lib/python3.12/site-packages/airflow/example_dags/example_xcomargs.py took 0.059 seconds
[2026-07-20T06:57:50.452+0000] {processor.py:161} INFO - Started process (PID=89533) to work on /workspaces/recomart-recommendation-pipeline/airflow_venv/lib/python3.12/site-packages/airflow/example_dags/example_xcomargs.py
[2026-07-20T06:57:50.458+0000] {processor.py:830} INFO - Processing file /workspaces/recomart-recommendation-pipeline/airflow_venv/lib/python3.12/site-packages/airflow/example_dags/example_xcomargs.py for tasks to queue
[2026-07-20T06:57:50.462+0000] {logging_mixin.py:188} INFO - [2026-07-20T06:57:50.461+0000] {dagbag.py:545} INFO - Filling up the DagBag from /workspaces/recomart-recommendation-pipeline/airflow_venv/lib/python3.12/site-packages/airflow/example_dags/example_xcomargs.py
[2026-07-20T06:57:50.483+0000] {processor.py:840} INFO - DAG(s) 'example_xcom_args_with_operators', 'example_xcom_args' retrieved from /workspaces/recomart-recommendation-pipeline/airflow_venv/lib/python3.12/site-packages/airflow/example_dags/example_xcomargs.py
[2026-07-20T06:57:50.491+0000] {logging_mixin.py:188} INFO - [2026-07-20T06:57:50.491+0000] {dag.py:3089} INFO - Sync 2 DAGs
[2026-07-20T06:57:50.503+0000] {logging_mixin.py:188} INFO - [2026-07-20T06:57:50.503+0000] {dag.py:3947} INFO - Setting next_dagrun for example_xcom_args to None, run_after=None
[2026-07-20T06:57:50.506+0000] {logging_mixin.py:188} INFO - [2026-07-20T06:57:50.505+0000] {dag.py:3947} INFO - Setting next_dagrun for example_xcom_args_with_operators to None, run_after=None
[2026-07-20T06:57:50.521+0000] {processor.py:183} INFO - Processing /workspaces/recomart-recommendation-pipeline/airflow_venv/lib/python3.12/site-packages/airflow/example_dags/example_xcomargs.py took 0.079 seconds
[2026-07-20T06:58:47.505+0000] {processor.py:161} INFO - Started process (PID=90070) to work on /workspaces/recomart-recommendation-pipeline/airflow_venv/lib/python3.12/site-packages/airflow/example_dags/example_xcomargs.py
[2026-07-20T06:58:47.505+0000] {processor.py:830} INFO - Processing file /workspaces/recomart-recommendation-pipeline/airflow_venv/lib/python3.12/site-packages/airflow/example_dags/example_xcomargs.py for tasks to queue
[2026-07-20T06:58:47.507+0000] {logging_mixin.py:188} INFO - [2026-07-20T06:58:47.506+0000] {dagbag.py:545} INFO - Filling up the DagBag from /workspaces/recomart-recommendation-pipeline/airflow_venv/lib/python3.12/site-packages/airflow/example_dags/example_xcomargs.py
[2026-07-20T06:58:47.514+0000] {processor.py:840} INFO - DAG(s) 'example_xcom_args_with_operators', 'example_xcom_args' retrieved from /workspaces/recomart-recommendation-pipeline/airflow_venv/lib/python3.12/site-packages/airflow/example_dags/example_xcomargs.py
[2026-07-20T06:58:47.665+0000] {logging_mixin.py:188} INFO - [2026-07-20T06:58:47.665+0000] {dag.py:3089} INFO - Sync 2 DAGs
[2026-07-20T06:58:47.673+0000] {logging_mixin.py:188} INFO - [2026-07-20T06:58:47.673+0000] {dag.py:3947} INFO - Setting next_dagrun for example_xcom_args to None, run_after=None
[2026-07-20T06:58:47.675+0000] {logging_mixin.py:188} INFO - [2026-07-20T06:58:47.675+0000] {dag.py:3947} INFO - Setting next_dagrun for example_xcom_args_with_operators to None, run_after=None
[2026-07-20T06:58:47.693+0000] {processor.py:183} INFO - Processing /workspaces/recomart-recommendation-pipeline/airflow_venv/lib/python3.12/site-packages/airflow/example_dags/example_xcomargs.py took 0.193 seconds
[2026-07-20T07:00:20.266+0000] {processor.py:161} INFO - Started process (PID=91706) to work on /workspaces/recomart-recommendation-pipeline/airflow_venv/lib/python3.12/site-packages/airflow/example_dags/example_xcomargs.py
[2026-07-20T07:00:20.268+0000] {processor.py:830} INFO - Processing file /workspaces/recomart-recommendation-pipeline/airflow_venv/lib/python3.12/site-packages/airflow/example_dags/example_xcomargs.py for tasks to queue
[2026-07-20T07:00:20.271+0000] {logging_mixin.py:188} INFO - [2026-07-20T07:00:20.270+0000] {dagbag.py:545} INFO - Filling up the DagBag from /workspaces/recomart-recommendation-pipeline/airflow_venv/lib/python3.12/site-packages/airflow/example_dags/example_xcomargs.py
[2026-07-20T07:00:20.280+0000] {processor.py:840} INFO - DAG(s) 'example_xcom_args', 'example_xcom_args_with_operators' retrieved from /workspaces/recomart-recommendation-pipeline/airflow_venv/lib/python3.12/site-packages/airflow/example_dags/example_xcomargs.py
[2026-07-20T07:00:20.297+0000] {logging_mixin.py:188} INFO - [2026-07-20T07:00:20.297+0000] {dag.py:3089} INFO - Sync 2 DAGs
[2026-07-20T07:00:20.307+0000] {logging_mixin.py:188} INFO - [2026-07-20T07:00:20.307+0000] {dag.py:3947} INFO - Setting next_dagrun for example_xcom_args to None, run_after=None
[2026-07-20T07:00:20.310+0000] {logging_mixin.py:188} INFO - [2026-07-20T07:00:20.309+0000] {dag.py:3947} INFO - Setting next_dagrun for example_xcom_args_with_operators to None, run_after=None
[2026-07-20T07:00:20.333+0000] {processor.py:183} INFO - Processing /workspaces/recomart-recommendation-pipeline/airflow_venv/lib/python3.12/site-packages/airflow/example_dags/example_xcomargs.py took 0.078 seconds
[2026-07-20T07:01:11.056+0000] {processor.py:161} INFO - Started process (PID=92134) to work on /workspaces/recomart-recommendation-pipeline/airflow_venv/lib/python3.12/site-packages/airflow/example_dags/example_xcomargs.py
[2026-07-20T07:01:11.057+0000] {processor.py:830} INFO - Processing file /workspaces/recomart-recommendation-pipeline/airflow_venv/lib/python3.12/site-packages/airflow/example_dags/example_xcomargs.py for tasks to queue
[2026-07-20T07:01:11.058+0000] {logging_mixin.py:188} INFO - [2026-07-20T07:01:11.058+0000] {dagbag.py:545} INFO - Filling up the DagBag from /workspaces/recomart-recommendation-pipeline/airflow_venv/lib/python3.12/site-packages/airflow/example_dags/example_xcomargs.py
[2026-07-20T07:01:11.065+0000] {processor.py:840} INFO - DAG(s) 'example_xcom_args_with_operators', 'example_xcom_args' retrieved from /workspaces/recomart-recommendation-pipeline/airflow_venv/lib/python3.12/site-packages/airflow/example_dags/example_xcomargs.py
[2026-07-20T07:01:11.083+0000] {logging_mixin.py:188} INFO - [2026-07-20T07:01:11.083+0000] {dag.py:3089} INFO - Sync 2 DAGs
[2026-07-20T07:01:11.094+0000] {logging_mixin.py:188} INFO - [2026-07-20T07:01:11.094+0000] {dag.py:3947} INFO - Setting next_dagrun for example_xcom_args to None, run_after=None
[2026-07-20T07:01:11.097+0000] {logging_mixin.py:188} INFO - [2026-07-20T07:01:11.097+0000] {dag.py:3947} INFO - Setting next_dagrun for example_xcom_args_with_operators to None, run_after=None
[2026-07-20T07:01:11.112+0000] {processor.py:183} INFO - Processing /workspaces/recomart-recommendation-pipeline/airflow_venv/lib/python3.12/site-packages/airflow/example_dags/example_xcomargs.py took 0.060 seconds
