[2026-07-20T05:58:54.782+0000] {processor.py:161} INFO - Started process (PID=58011) to work on /workspaces/recomart-recommendation-pipeline/airflow_venv/lib/python3.12/site-packages/airflow/example_dags/example_trigger_target_dag.py
[2026-07-20T05:58:54.783+0000] {processor.py:830} INFO - Processing file /workspaces/recomart-recommendation-pipeline/airflow_venv/lib/python3.12/site-packages/airflow/example_dags/example_trigger_target_dag.py for tasks to queue
[2026-07-20T05:58:54.785+0000] {logging_mixin.py:188} INFO - [2026-07-20T05:58:54.785+0000] {dagbag.py:545} INFO - Filling up the DagBag from /workspaces/recomart-recommendation-pipeline/airflow_venv/lib/python3.12/site-packages/airflow/example_dags/example_trigger_target_dag.py
[2026-07-20T05:58:54.794+0000] {processor.py:840} INFO - DAG(s) 'example_trigger_target_dag' retrieved from /workspaces/recomart-recommendation-pipeline/airflow_venv/lib/python3.12/site-packages/airflow/example_dags/example_trigger_target_dag.py
[2026-07-20T05:58:55.006+0000] {logging_mixin.py:188} INFO - [2026-07-20T05:58:55.005+0000] {override.py:1858} INFO - Created Permission View: can read on DAG:example_trigger_target_dag
[2026-07-20T05:58:55.019+0000] {logging_mixin.py:188} INFO - [2026-07-20T05:58:55.018+0000] {override.py:1858} INFO - Created Permission View: can edit on DAG:example_trigger_target_dag
[2026-07-20T05:58:55.036+0000] {logging_mixin.py:188} INFO - [2026-07-20T05:58:55.036+0000] {override.py:1858} INFO - Created Permission View: can delete on DAG:example_trigger_target_dag
[2026-07-20T05:58:55.037+0000] {logging_mixin.py:188} INFO - [2026-07-20T05:58:55.037+0000] {dag.py:3089} INFO - Sync 1 DAGs
[2026-07-20T05:58:55.050+0000] {logging_mixin.py:188} INFO - [2026-07-20T05:58:55.050+0000] {dag.py:3111} INFO - Creating ORM DAG for example_trigger_target_dag
[2026-07-20T05:58:55.051+0000] {logging_mixin.py:188} INFO - [2026-07-20T05:58:55.051+0000] {dag.py:3947} INFO - Setting next_dagrun for example_trigger_target_dag to None, run_after=None
[2026-07-20T05:58:55.075+0000] {processor.py:183} INFO - Processing /workspaces/recomart-recommendation-pipeline/airflow_venv/lib/python3.12/site-packages/airflow/example_dags/example_trigger_target_dag.py took 0.300 seconds
[2026-07-20T05:59:54.307+0000] {processor.py:161} INFO - Started process (PID=58590) to work on /workspaces/recomart-recommendation-pipeline/airflow_venv/lib/python3.12/site-packages/airflow/example_dags/example_trigger_target_dag.py
[2026-07-20T05:59:54.308+0000] {processor.py:830} INFO - Processing file /workspaces/recomart-recommendation-pipeline/airflow_venv/lib/python3.12/site-packages/airflow/example_dags/example_trigger_target_dag.py for tasks to queue
[2026-07-20T05:59:54.309+0000] {logging_mixin.py:188} INFO - [2026-07-20T05:59:54.309+0000] {dagbag.py:545} INFO - Filling up the DagBag from /workspaces/recomart-recommendation-pipeline/airflow_venv/lib/python3.12/site-packages/airflow/example_dags/example_trigger_target_dag.py
[2026-07-20T05:59:54.315+0000] {processor.py:840} INFO - DAG(s) 'example_trigger_target_dag' retrieved from /workspaces/recomart-recommendation-pipeline/airflow_venv/lib/python3.12/site-packages/airflow/example_dags/example_trigger_target_dag.py
[2026-07-20T05:59:54.326+0000] {logging_mixin.py:188} INFO - [2026-07-20T05:59:54.326+0000] {dag.py:3089} INFO - Sync 1 DAGs
[2026-07-20T05:59:54.334+0000] {logging_mixin.py:188} INFO - [2026-07-20T05:59:54.334+0000] {dag.py:3947} INFO - Setting next_dagrun for example_trigger_target_dag to None, run_after=None
[2026-07-20T05:59:54.350+0000] {processor.py:183} INFO - Processing /workspaces/recomart-recommendation-pipeline/airflow_venv/lib/python3.12/site-packages/airflow/example_dags/example_trigger_target_dag.py took 0.047 seconds
[2026-07-20T06:00:43.023+0000] {processor.py:161} INFO - Started process (PID=59072) to work on /workspaces/recomart-recommendation-pipeline/airflow_venv/lib/python3.12/site-packages/airflow/example_dags/example_trigger_target_dag.py
[2026-07-20T06:00:43.023+0000] {processor.py:830} INFO - Processing file /workspaces/recomart-recommendation-pipeline/airflow_venv/lib/python3.12/site-packages/airflow/example_dags/example_trigger_target_dag.py for tasks to queue
[2026-07-20T06:00:43.025+0000] {logging_mixin.py:188} INFO - [2026-07-20T06:00:43.025+0000] {dagbag.py:545} INFO - Filling up the DagBag from /workspaces/recomart-recommendation-pipeline/airflow_venv/lib/python3.12/site-packages/airflow/example_dags/example_trigger_target_dag.py
[2026-07-20T06:00:43.031+0000] {processor.py:840} INFO - DAG(s) 'example_trigger_target_dag' retrieved from /workspaces/recomart-recommendation-pipeline/airflow_venv/lib/python3.12/site-packages/airflow/example_dags/example_trigger_target_dag.py
[2026-07-20T06:00:43.044+0000] {logging_mixin.py:188} INFO - [2026-07-20T06:00:43.044+0000] {dag.py:3089} INFO - Sync 1 DAGs
[2026-07-20T06:00:43.054+0000] {logging_mixin.py:188} INFO - [2026-07-20T06:00:43.053+0000] {dag.py:3947} INFO - Setting next_dagrun for example_trigger_target_dag to None, run_after=None
[2026-07-20T06:00:43.070+0000] {processor.py:183} INFO - Processing /workspaces/recomart-recommendation-pipeline/airflow_venv/lib/python3.12/site-packages/airflow/example_dags/example_trigger_target_dag.py took 0.052 seconds
[2026-07-20T06:01:35.270+0000] {processor.py:161} INFO - Started process (PID=59689) to work on /workspaces/recomart-recommendation-pipeline/airflow_venv/lib/python3.12/site-packages/airflow/example_dags/example_trigger_target_dag.py
[2026-07-20T06:01:35.272+0000] {processor.py:830} INFO - Processing file /workspaces/recomart-recommendation-pipeline/airflow_venv/lib/python3.12/site-packages/airflow/example_dags/example_trigger_target_dag.py for tasks to queue
[2026-07-20T06:01:35.274+0000] {logging_mixin.py:188} INFO - [2026-07-20T06:01:35.274+0000] {dagbag.py:545} INFO - Filling up the DagBag from /workspaces/recomart-recommendation-pipeline/airflow_venv/lib/python3.12/site-packages/airflow/example_dags/example_trigger_target_dag.py
[2026-07-20T06:01:35.280+0000] {processor.py:840} INFO - DAG(s) 'example_trigger_target_dag' retrieved from /workspaces/recomart-recommendation-pipeline/airflow_venv/lib/python3.12/site-packages/airflow/example_dags/example_trigger_target_dag.py
[2026-07-20T06:01:35.294+0000] {logging_mixin.py:188} INFO - [2026-07-20T06:01:35.294+0000] {dag.py:3089} INFO - Sync 1 DAGs
[2026-07-20T06:01:35.304+0000] {logging_mixin.py:188} INFO - [2026-07-20T06:01:35.304+0000] {dag.py:3947} INFO - Setting next_dagrun for example_trigger_target_dag to None, run_after=None
[2026-07-20T06:01:35.324+0000] {processor.py:183} INFO - Processing /workspaces/recomart-recommendation-pipeline/airflow_venv/lib/python3.12/site-packages/airflow/example_dags/example_trigger_target_dag.py took 0.060 seconds
[2026-07-20T06:02:19.873+0000] {processor.py:161} INFO - Started process (PID=60086) to work on /workspaces/recomart-recommendation-pipeline/airflow_venv/lib/python3.12/site-packages/airflow/example_dags/example_trigger_target_dag.py
[2026-07-20T06:02:19.873+0000] {processor.py:830} INFO - Processing file /workspaces/recomart-recommendation-pipeline/airflow_venv/lib/python3.12/site-packages/airflow/example_dags/example_trigger_target_dag.py for tasks to queue
[2026-07-20T06:02:19.875+0000] {logging_mixin.py:188} INFO - [2026-07-20T06:02:19.874+0000] {dagbag.py:545} INFO - Filling up the DagBag from /workspaces/recomart-recommendation-pipeline/airflow_venv/lib/python3.12/site-packages/airflow/example_dags/example_trigger_target_dag.py
[2026-07-20T06:02:19.879+0000] {processor.py:840} INFO - DAG(s) 'example_trigger_target_dag' retrieved from /workspaces/recomart-recommendation-pipeline/airflow_venv/lib/python3.12/site-packages/airflow/example_dags/example_trigger_target_dag.py
[2026-07-20T06:02:19.891+0000] {logging_mixin.py:188} INFO - [2026-07-20T06:02:19.890+0000] {dag.py:3089} INFO - Sync 1 DAGs
[2026-07-20T06:02:19.903+0000] {logging_mixin.py:188} INFO - [2026-07-20T06:02:19.903+0000] {dag.py:3947} INFO - Setting next_dagrun for example_trigger_target_dag to None, run_after=None
[2026-07-20T06:02:19.921+0000] {processor.py:183} INFO - Processing /workspaces/recomart-recommendation-pipeline/airflow_venv/lib/python3.12/site-packages/airflow/example_dags/example_trigger_target_dag.py took 0.053 seconds
[2026-07-20T06:03:03.911+0000] {processor.py:161} INFO - Started process (PID=60458) to work on /workspaces/recomart-recommendation-pipeline/airflow_venv/lib/python3.12/site-packages/airflow/example_dags/example_trigger_target_dag.py
[2026-07-20T06:03:03.912+0000] {processor.py:830} INFO - Processing file /workspaces/recomart-recommendation-pipeline/airflow_venv/lib/python3.12/site-packages/airflow/example_dags/example_trigger_target_dag.py for tasks to queue
[2026-07-20T06:03:03.913+0000] {logging_mixin.py:188} INFO - [2026-07-20T06:03:03.913+0000] {dagbag.py:545} INFO - Filling up the DagBag from /workspaces/recomart-recommendation-pipeline/airflow_venv/lib/python3.12/site-packages/airflow/example_dags/example_trigger_target_dag.py
[2026-07-20T06:03:03.917+0000] {processor.py:840} INFO - DAG(s) 'example_trigger_target_dag' retrieved from /workspaces/recomart-recommendation-pipeline/airflow_venv/lib/python3.12/site-packages/airflow/example_dags/example_trigger_target_dag.py
[2026-07-20T06:03:03.928+0000] {logging_mixin.py:188} INFO - [2026-07-20T06:03:03.928+0000] {dag.py:3089} INFO - Sync 1 DAGs
[2026-07-20T06:03:03.937+0000] {logging_mixin.py:188} INFO - [2026-07-20T06:03:03.936+0000] {dag.py:3947} INFO - Setting next_dagrun for example_trigger_target_dag to None, run_after=None
[2026-07-20T06:03:03.953+0000] {processor.py:183} INFO - Processing /workspaces/recomart-recommendation-pipeline/airflow_venv/lib/python3.12/site-packages/airflow/example_dags/example_trigger_target_dag.py took 0.047 seconds
[2026-07-20T06:03:46.757+0000] {processor.py:161} INFO - Started process (PID=60884) to work on /workspaces/recomart-recommendation-pipeline/airflow_venv/lib/python3.12/site-packages/airflow/example_dags/example_trigger_target_dag.py
[2026-07-20T06:03:46.758+0000] {processor.py:830} INFO - Processing file /workspaces/recomart-recommendation-pipeline/airflow_venv/lib/python3.12/site-packages/airflow/example_dags/example_trigger_target_dag.py for tasks to queue
[2026-07-20T06:03:46.759+0000] {logging_mixin.py:188} INFO - [2026-07-20T06:03:46.759+0000] {dagbag.py:545} INFO - Filling up the DagBag from /workspaces/recomart-recommendation-pipeline/airflow_venv/lib/python3.12/site-packages/airflow/example_dags/example_trigger_target_dag.py
[2026-07-20T06:03:46.764+0000] {processor.py:840} INFO - DAG(s) 'example_trigger_target_dag' retrieved from /workspaces/recomart-recommendation-pipeline/airflow_venv/lib/python3.12/site-packages/airflow/example_dags/example_trigger_target_dag.py
[2026-07-20T06:03:46.778+0000] {logging_mixin.py:188} INFO - [2026-07-20T06:03:46.778+0000] {dag.py:3089} INFO - Sync 1 DAGs
[2026-07-20T06:03:46.795+0000] {logging_mixin.py:188} INFO - [2026-07-20T06:03:46.795+0000] {dag.py:3947} INFO - Setting next_dagrun for example_trigger_target_dag to None, run_after=None
[2026-07-20T06:03:46.817+0000] {processor.py:183} INFO - Processing /workspaces/recomart-recommendation-pipeline/airflow_venv/lib/python3.12/site-packages/airflow/example_dags/example_trigger_target_dag.py took 0.065 seconds
[2026-07-20T06:04:30.611+0000] {processor.py:161} INFO - Started process (PID=61193) to work on /workspaces/recomart-recommendation-pipeline/airflow_venv/lib/python3.12/site-packages/airflow/example_dags/example_trigger_target_dag.py
[2026-07-20T06:04:30.612+0000] {processor.py:830} INFO - Processing file /workspaces/recomart-recommendation-pipeline/airflow_venv/lib/python3.12/site-packages/airflow/example_dags/example_trigger_target_dag.py for tasks to queue
[2026-07-20T06:04:30.613+0000] {logging_mixin.py:188} INFO - [2026-07-20T06:04:30.613+0000] {dagbag.py:545} INFO - Filling up the DagBag from /workspaces/recomart-recommendation-pipeline/airflow_venv/lib/python3.12/site-packages/airflow/example_dags/example_trigger_target_dag.py
[2026-07-20T06:04:30.618+0000] {processor.py:840} INFO - DAG(s) 'example_trigger_target_dag' retrieved from /workspaces/recomart-recommendation-pipeline/airflow_venv/lib/python3.12/site-packages/airflow/example_dags/example_trigger_target_dag.py
[2026-07-20T06:04:30.630+0000] {logging_mixin.py:188} INFO - [2026-07-20T06:04:30.630+0000] {dag.py:3089} INFO - Sync 1 DAGs
[2026-07-20T06:04:30.751+0000] {logging_mixin.py:188} INFO - [2026-07-20T06:04:30.751+0000] {dag.py:3947} INFO - Setting next_dagrun for example_trigger_target_dag to None, run_after=None
[2026-07-20T06:04:30.768+0000] {processor.py:183} INFO - Processing /workspaces/recomart-recommendation-pipeline/airflow_venv/lib/python3.12/site-packages/airflow/example_dags/example_trigger_target_dag.py took 0.161 seconds
[2026-07-20T06:05:14.183+0000] {processor.py:161} INFO - Started process (PID=61586) to work on /workspaces/recomart-recommendation-pipeline/airflow_venv/lib/python3.12/site-packages/airflow/example_dags/example_trigger_target_dag.py
[2026-07-20T06:05:14.184+0000] {processor.py:830} INFO - Processing file /workspaces/recomart-recommendation-pipeline/airflow_venv/lib/python3.12/site-packages/airflow/example_dags/example_trigger_target_dag.py for tasks to queue
[2026-07-20T06:05:14.186+0000] {logging_mixin.py:188} INFO - [2026-07-20T06:05:14.186+0000] {dagbag.py:545} INFO - Filling up the DagBag from /workspaces/recomart-recommendation-pipeline/airflow_venv/lib/python3.12/site-packages/airflow/example_dags/example_trigger_target_dag.py
[2026-07-20T06:05:14.193+0000] {processor.py:840} INFO - DAG(s) 'example_trigger_target_dag' retrieved from /workspaces/recomart-recommendation-pipeline/airflow_venv/lib/python3.12/site-packages/airflow/example_dags/example_trigger_target_dag.py
[2026-07-20T06:05:14.211+0000] {logging_mixin.py:188} INFO - [2026-07-20T06:05:14.210+0000] {dag.py:3089} INFO - Sync 1 DAGs
[2026-07-20T06:05:14.224+0000] {logging_mixin.py:188} INFO - [2026-07-20T06:05:14.224+0000] {dag.py:3947} INFO - Setting next_dagrun for example_trigger_target_dag to None, run_after=None
[2026-07-20T06:05:14.303+0000] {processor.py:183} INFO - Processing /workspaces/recomart-recommendation-pipeline/airflow_venv/lib/python3.12/site-packages/airflow/example_dags/example_trigger_target_dag.py took 0.127 seconds
[2026-07-20T06:06:00.192+0000] {processor.py:161} INFO - Started process (PID=61964) to work on /workspaces/recomart-recommendation-pipeline/airflow_venv/lib/python3.12/site-packages/airflow/example_dags/example_trigger_target_dag.py
[2026-07-20T06:06:00.193+0000] {processor.py:830} INFO - Processing file /workspaces/recomart-recommendation-pipeline/airflow_venv/lib/python3.12/site-packages/airflow/example_dags/example_trigger_target_dag.py for tasks to queue
[2026-07-20T06:06:00.195+0000] {logging_mixin.py:188} INFO - [2026-07-20T06:06:00.195+0000] {dagbag.py:545} INFO - Filling up the DagBag from /workspaces/recomart-recommendation-pipeline/airflow_venv/lib/python3.12/site-packages/airflow/example_dags/example_trigger_target_dag.py
[2026-07-20T06:06:00.202+0000] {processor.py:840} INFO - DAG(s) 'example_trigger_target_dag' retrieved from /workspaces/recomart-recommendation-pipeline/airflow_venv/lib/python3.12/site-packages/airflow/example_dags/example_trigger_target_dag.py
[2026-07-20T06:06:00.218+0000] {logging_mixin.py:188} INFO - [2026-07-20T06:06:00.217+0000] {dag.py:3089} INFO - Sync 1 DAGs
[2026-07-20T06:06:00.230+0000] {logging_mixin.py:188} INFO - [2026-07-20T06:06:00.230+0000] {dag.py:3947} INFO - Setting next_dagrun for example_trigger_target_dag to None, run_after=None
[2026-07-20T06:06:00.252+0000] {processor.py:183} INFO - Processing /workspaces/recomart-recommendation-pipeline/airflow_venv/lib/python3.12/site-packages/airflow/example_dags/example_trigger_target_dag.py took 0.066 seconds
[2026-07-20T06:06:46.907+0000] {processor.py:161} INFO - Started process (PID=62366) to work on /workspaces/recomart-recommendation-pipeline/airflow_venv/lib/python3.12/site-packages/airflow/example_dags/example_trigger_target_dag.py
[2026-07-20T06:06:46.908+0000] {processor.py:830} INFO - Processing file /workspaces/recomart-recommendation-pipeline/airflow_venv/lib/python3.12/site-packages/airflow/example_dags/example_trigger_target_dag.py for tasks to queue
[2026-07-20T06:06:46.910+0000] {logging_mixin.py:188} INFO - [2026-07-20T06:06:46.909+0000] {dagbag.py:545} INFO - Filling up the DagBag from /workspaces/recomart-recommendation-pipeline/airflow_venv/lib/python3.12/site-packages/airflow/example_dags/example_trigger_target_dag.py
[2026-07-20T06:06:46.917+0000] {processor.py:840} INFO - DAG(s) 'example_trigger_target_dag' retrieved from /workspaces/recomart-recommendation-pipeline/airflow_venv/lib/python3.12/site-packages/airflow/example_dags/example_trigger_target_dag.py
[2026-07-20T06:06:46.937+0000] {logging_mixin.py:188} INFO - [2026-07-20T06:06:46.937+0000] {dag.py:3089} INFO - Sync 1 DAGs
[2026-07-20T06:06:47.158+0000] {logging_mixin.py:188} INFO - [2026-07-20T06:06:47.158+0000] {dag.py:3947} INFO - Setting next_dagrun for example_trigger_target_dag to None, run_after=None
[2026-07-20T06:06:47.191+0000] {processor.py:183} INFO - Processing /workspaces/recomart-recommendation-pipeline/airflow_venv/lib/python3.12/site-packages/airflow/example_dags/example_trigger_target_dag.py took 0.299 seconds
[2026-07-20T06:07:37.396+0000] {processor.py:161} INFO - Started process (PID=62787) to work on /workspaces/recomart-recommendation-pipeline/airflow_venv/lib/python3.12/site-packages/airflow/example_dags/example_trigger_target_dag.py
[2026-07-20T06:07:37.397+0000] {processor.py:830} INFO - Processing file /workspaces/recomart-recommendation-pipeline/airflow_venv/lib/python3.12/site-packages/airflow/example_dags/example_trigger_target_dag.py for tasks to queue
[2026-07-20T06:07:37.398+0000] {logging_mixin.py:188} INFO - [2026-07-20T06:07:37.398+0000] {dagbag.py:545} INFO - Filling up the DagBag from /workspaces/recomart-recommendation-pipeline/airflow_venv/lib/python3.12/site-packages/airflow/example_dags/example_trigger_target_dag.py
[2026-07-20T06:07:37.403+0000] {processor.py:840} INFO - DAG(s) 'example_trigger_target_dag' retrieved from /workspaces/recomart-recommendation-pipeline/airflow_venv/lib/python3.12/site-packages/airflow/example_dags/example_trigger_target_dag.py
[2026-07-20T06:07:37.417+0000] {logging_mixin.py:188} INFO - [2026-07-20T06:07:37.417+0000] {dag.py:3089} INFO - Sync 1 DAGs
[2026-07-20T06:07:37.426+0000] {logging_mixin.py:188} INFO - [2026-07-20T06:07:37.426+0000] {dag.py:3947} INFO - Setting next_dagrun for example_trigger_target_dag to None, run_after=None
[2026-07-20T06:07:37.444+0000] {processor.py:183} INFO - Processing /workspaces/recomart-recommendation-pipeline/airflow_venv/lib/python3.12/site-packages/airflow/example_dags/example_trigger_target_dag.py took 0.052 seconds
[2026-07-20T06:08:53.698+0000] {processor.py:161} INFO - Started process (PID=63576) to work on /workspaces/recomart-recommendation-pipeline/airflow_venv/lib/python3.12/site-packages/airflow/example_dags/example_trigger_target_dag.py
[2026-07-20T06:08:53.699+0000] {processor.py:830} INFO - Processing file /workspaces/recomart-recommendation-pipeline/airflow_venv/lib/python3.12/site-packages/airflow/example_dags/example_trigger_target_dag.py for tasks to queue
[2026-07-20T06:08:53.700+0000] {logging_mixin.py:188} INFO - [2026-07-20T06:08:53.700+0000] {dagbag.py:545} INFO - Filling up the DagBag from /workspaces/recomart-recommendation-pipeline/airflow_venv/lib/python3.12/site-packages/airflow/example_dags/example_trigger_target_dag.py
[2026-07-20T06:08:53.709+0000] {processor.py:840} INFO - DAG(s) 'example_trigger_target_dag' retrieved from /workspaces/recomart-recommendation-pipeline/airflow_venv/lib/python3.12/site-packages/airflow/example_dags/example_trigger_target_dag.py
[2026-07-20T06:08:53.715+0000] {logging_mixin.py:188} INFO - [2026-07-20T06:08:53.715+0000] {dag.py:3089} INFO - Sync 1 DAGs
[2026-07-20T06:08:53.729+0000] {logging_mixin.py:188} INFO - [2026-07-20T06:08:53.729+0000] {dag.py:3947} INFO - Setting next_dagrun for example_trigger_target_dag to None, run_after=None
[2026-07-20T06:08:53.748+0000] {processor.py:183} INFO - Processing /workspaces/recomart-recommendation-pipeline/airflow_venv/lib/python3.12/site-packages/airflow/example_dags/example_trigger_target_dag.py took 0.053 seconds
[2026-07-20T06:09:49.095+0000] {processor.py:161} INFO - Started process (PID=64033) to work on /workspaces/recomart-recommendation-pipeline/airflow_venv/lib/python3.12/site-packages/airflow/example_dags/example_trigger_target_dag.py
[2026-07-20T06:09:49.096+0000] {processor.py:830} INFO - Processing file /workspaces/recomart-recommendation-pipeline/airflow_venv/lib/python3.12/site-packages/airflow/example_dags/example_trigger_target_dag.py for tasks to queue
[2026-07-20T06:09:49.097+0000] {logging_mixin.py:188} INFO - [2026-07-20T06:09:49.097+0000] {dagbag.py:545} INFO - Filling up the DagBag from /workspaces/recomart-recommendation-pipeline/airflow_venv/lib/python3.12/site-packages/airflow/example_dags/example_trigger_target_dag.py
[2026-07-20T06:09:49.102+0000] {processor.py:840} INFO - DAG(s) 'example_trigger_target_dag' retrieved from /workspaces/recomart-recommendation-pipeline/airflow_venv/lib/python3.12/site-packages/airflow/example_dags/example_trigger_target_dag.py
[2026-07-20T06:09:49.194+0000] {logging_mixin.py:188} INFO - [2026-07-20T06:09:49.194+0000] {dag.py:3089} INFO - Sync 1 DAGs
[2026-07-20T06:09:49.201+0000] {logging_mixin.py:188} INFO - [2026-07-20T06:09:49.201+0000] {dag.py:3947} INFO - Setting next_dagrun for example_trigger_target_dag to None, run_after=None
[2026-07-20T06:09:49.219+0000] {processor.py:183} INFO - Processing /workspaces/recomart-recommendation-pipeline/airflow_venv/lib/python3.12/site-packages/airflow/example_dags/example_trigger_target_dag.py took 0.128 seconds
[2026-07-20T06:10:39.513+0000] {processor.py:161} INFO - Started process (PID=64411) to work on /workspaces/recomart-recommendation-pipeline/airflow_venv/lib/python3.12/site-packages/airflow/example_dags/example_trigger_target_dag.py
[2026-07-20T06:10:39.516+0000] {processor.py:830} INFO - Processing file /workspaces/recomart-recommendation-pipeline/airflow_venv/lib/python3.12/site-packages/airflow/example_dags/example_trigger_target_dag.py for tasks to queue
[2026-07-20T06:10:39.522+0000] {logging_mixin.py:188} INFO - [2026-07-20T06:10:39.520+0000] {dagbag.py:545} INFO - Filling up the DagBag from /workspaces/recomart-recommendation-pipeline/airflow_venv/lib/python3.12/site-packages/airflow/example_dags/example_trigger_target_dag.py
[2026-07-20T06:10:39.539+0000] {processor.py:840} INFO - DAG(s) 'example_trigger_target_dag' retrieved from /workspaces/recomart-recommendation-pipeline/airflow_venv/lib/python3.12/site-packages/airflow/example_dags/example_trigger_target_dag.py
[2026-07-20T06:10:39.553+0000] {logging_mixin.py:188} INFO - [2026-07-20T06:10:39.553+0000] {dag.py:3089} INFO - Sync 1 DAGs
[2026-07-20T06:10:39.563+0000] {logging_mixin.py:188} INFO - [2026-07-20T06:10:39.562+0000] {dag.py:3947} INFO - Setting next_dagrun for example_trigger_target_dag to None, run_after=None
[2026-07-20T06:10:39.581+0000] {processor.py:183} INFO - Processing /workspaces/recomart-recommendation-pipeline/airflow_venv/lib/python3.12/site-packages/airflow/example_dags/example_trigger_target_dag.py took 0.080 seconds
[2026-07-20T06:11:30.500+0000] {processor.py:161} INFO - Started process (PID=64996) to work on /workspaces/recomart-recommendation-pipeline/airflow_venv/lib/python3.12/site-packages/airflow/example_dags/example_trigger_target_dag.py
[2026-07-20T06:11:30.501+0000] {processor.py:830} INFO - Processing file /workspaces/recomart-recommendation-pipeline/airflow_venv/lib/python3.12/site-packages/airflow/example_dags/example_trigger_target_dag.py for tasks to queue
[2026-07-20T06:11:30.503+0000] {logging_mixin.py:188} INFO - [2026-07-20T06:11:30.502+0000] {dagbag.py:545} INFO - Filling up the DagBag from /workspaces/recomart-recommendation-pipeline/airflow_venv/lib/python3.12/site-packages/airflow/example_dags/example_trigger_target_dag.py
[2026-07-20T06:11:30.508+0000] {processor.py:840} INFO - DAG(s) 'example_trigger_target_dag' retrieved from /workspaces/recomart-recommendation-pipeline/airflow_venv/lib/python3.12/site-packages/airflow/example_dags/example_trigger_target_dag.py
[2026-07-20T06:11:30.520+0000] {logging_mixin.py:188} INFO - [2026-07-20T06:11:30.520+0000] {dag.py:3089} INFO - Sync 1 DAGs
[2026-07-20T06:11:30.530+0000] {logging_mixin.py:188} INFO - [2026-07-20T06:11:30.530+0000] {dag.py:3947} INFO - Setting next_dagrun for example_trigger_target_dag to None, run_after=None
[2026-07-20T06:11:30.549+0000] {processor.py:183} INFO - Processing /workspaces/recomart-recommendation-pipeline/airflow_venv/lib/python3.12/site-packages/airflow/example_dags/example_trigger_target_dag.py took 0.054 seconds
[2026-07-20T06:12:11.280+0000] {processor.py:161} INFO - Started process (PID=65354) to work on /workspaces/recomart-recommendation-pipeline/airflow_venv/lib/python3.12/site-packages/airflow/example_dags/example_trigger_target_dag.py
[2026-07-20T06:12:11.280+0000] {processor.py:830} INFO - Processing file /workspaces/recomart-recommendation-pipeline/airflow_venv/lib/python3.12/site-packages/airflow/example_dags/example_trigger_target_dag.py for tasks to queue
[2026-07-20T06:12:11.282+0000] {logging_mixin.py:188} INFO - [2026-07-20T06:12:11.282+0000] {dagbag.py:545} INFO - Filling up the DagBag from /workspaces/recomart-recommendation-pipeline/airflow_venv/lib/python3.12/site-packages/airflow/example_dags/example_trigger_target_dag.py
[2026-07-20T06:12:11.288+0000] {processor.py:840} INFO - DAG(s) 'example_trigger_target_dag' retrieved from /workspaces/recomart-recommendation-pipeline/airflow_venv/lib/python3.12/site-packages/airflow/example_dags/example_trigger_target_dag.py
[2026-07-20T06:12:11.299+0000] {logging_mixin.py:188} INFO - [2026-07-20T06:12:11.299+0000] {dag.py:3089} INFO - Sync 1 DAGs
[2026-07-20T06:12:11.308+0000] {logging_mixin.py:188} INFO - [2026-07-20T06:12:11.308+0000] {dag.py:3947} INFO - Setting next_dagrun for example_trigger_target_dag to None, run_after=None
[2026-07-20T06:12:11.328+0000] {processor.py:183} INFO - Processing /workspaces/recomart-recommendation-pipeline/airflow_venv/lib/python3.12/site-packages/airflow/example_dags/example_trigger_target_dag.py took 0.054 seconds
[2026-07-20T06:12:55.685+0000] {processor.py:161} INFO - Started process (PID=65745) to work on /workspaces/recomart-recommendation-pipeline/airflow_venv/lib/python3.12/site-packages/airflow/example_dags/example_trigger_target_dag.py
[2026-07-20T06:12:55.688+0000] {processor.py:830} INFO - Processing file /workspaces/recomart-recommendation-pipeline/airflow_venv/lib/python3.12/site-packages/airflow/example_dags/example_trigger_target_dag.py for tasks to queue
[2026-07-20T06:12:55.690+0000] {logging_mixin.py:188} INFO - [2026-07-20T06:12:55.690+0000] {dagbag.py:545} INFO - Filling up the DagBag from /workspaces/recomart-recommendation-pipeline/airflow_venv/lib/python3.12/site-packages/airflow/example_dags/example_trigger_target_dag.py
[2026-07-20T06:12:55.701+0000] {processor.py:840} INFO - DAG(s) 'example_trigger_target_dag' retrieved from /workspaces/recomart-recommendation-pipeline/airflow_venv/lib/python3.12/site-packages/airflow/example_dags/example_trigger_target_dag.py
[2026-07-20T06:12:55.721+0000] {logging_mixin.py:188} INFO - [2026-07-20T06:12:55.720+0000] {dag.py:3089} INFO - Sync 1 DAGs
[2026-07-20T06:12:55.735+0000] {logging_mixin.py:188} INFO - [2026-07-20T06:12:55.735+0000] {dag.py:3947} INFO - Setting next_dagrun for example_trigger_target_dag to None, run_after=None
[2026-07-20T06:12:55.758+0000] {processor.py:183} INFO - Processing /workspaces/recomart-recommendation-pipeline/airflow_venv/lib/python3.12/site-packages/airflow/example_dags/example_trigger_target_dag.py took 0.084 seconds
[2026-07-20T06:13:39.776+0000] {processor.py:161} INFO - Started process (PID=66078) to work on /workspaces/recomart-recommendation-pipeline/airflow_venv/lib/python3.12/site-packages/airflow/example_dags/example_trigger_target_dag.py
[2026-07-20T06:13:39.777+0000] {processor.py:830} INFO - Processing file /workspaces/recomart-recommendation-pipeline/airflow_venv/lib/python3.12/site-packages/airflow/example_dags/example_trigger_target_dag.py for tasks to queue
[2026-07-20T06:13:39.779+0000] {logging_mixin.py:188} INFO - [2026-07-20T06:13:39.779+0000] {dagbag.py:545} INFO - Filling up the DagBag from /workspaces/recomart-recommendation-pipeline/airflow_venv/lib/python3.12/site-packages/airflow/example_dags/example_trigger_target_dag.py
[2026-07-20T06:13:39.785+0000] {processor.py:840} INFO - DAG(s) 'example_trigger_target_dag' retrieved from /workspaces/recomart-recommendation-pipeline/airflow_venv/lib/python3.12/site-packages/airflow/example_dags/example_trigger_target_dag.py
[2026-07-20T06:13:39.800+0000] {logging_mixin.py:188} INFO - [2026-07-20T06:13:39.799+0000] {dag.py:3089} INFO - Sync 1 DAGs
[2026-07-20T06:13:39.812+0000] {logging_mixin.py:188} INFO - [2026-07-20T06:13:39.811+0000] {dag.py:3947} INFO - Setting next_dagrun for example_trigger_target_dag to None, run_after=None
[2026-07-20T06:13:39.860+0000] {processor.py:183} INFO - Processing /workspaces/recomart-recommendation-pipeline/airflow_venv/lib/python3.12/site-packages/airflow/example_dags/example_trigger_target_dag.py took 0.090 seconds
[2026-07-20T06:14:27.142+0000] {processor.py:161} INFO - Started process (PID=66759) to work on /workspaces/recomart-recommendation-pipeline/airflow_venv/lib/python3.12/site-packages/airflow/example_dags/example_trigger_target_dag.py
[2026-07-20T06:14:27.143+0000] {processor.py:830} INFO - Processing file /workspaces/recomart-recommendation-pipeline/airflow_venv/lib/python3.12/site-packages/airflow/example_dags/example_trigger_target_dag.py for tasks to queue
[2026-07-20T06:14:27.144+0000] {logging_mixin.py:188} INFO - [2026-07-20T06:14:27.144+0000] {dagbag.py:545} INFO - Filling up the DagBag from /workspaces/recomart-recommendation-pipeline/airflow_venv/lib/python3.12/site-packages/airflow/example_dags/example_trigger_target_dag.py
[2026-07-20T06:14:27.150+0000] {processor.py:840} INFO - DAG(s) 'example_trigger_target_dag' retrieved from /workspaces/recomart-recommendation-pipeline/airflow_venv/lib/python3.12/site-packages/airflow/example_dags/example_trigger_target_dag.py
[2026-07-20T06:14:27.162+0000] {logging_mixin.py:188} INFO - [2026-07-20T06:14:27.162+0000] {dag.py:3089} INFO - Sync 1 DAGs
[2026-07-20T06:14:27.177+0000] {logging_mixin.py:188} INFO - [2026-07-20T06:14:27.176+0000] {dag.py:3947} INFO - Setting next_dagrun for example_trigger_target_dag to None, run_after=None
[2026-07-20T06:14:27.206+0000] {processor.py:183} INFO - Processing /workspaces/recomart-recommendation-pipeline/airflow_venv/lib/python3.12/site-packages/airflow/example_dags/example_trigger_target_dag.py took 0.068 seconds
[2026-07-20T06:15:10.628+0000] {processor.py:161} INFO - Started process (PID=67191) to work on /workspaces/recomart-recommendation-pipeline/airflow_venv/lib/python3.12/site-packages/airflow/example_dags/example_trigger_target_dag.py
[2026-07-20T06:15:10.629+0000] {processor.py:830} INFO - Processing file /workspaces/recomart-recommendation-pipeline/airflow_venv/lib/python3.12/site-packages/airflow/example_dags/example_trigger_target_dag.py for tasks to queue
[2026-07-20T06:15:10.631+0000] {logging_mixin.py:188} INFO - [2026-07-20T06:15:10.631+0000] {dagbag.py:545} INFO - Filling up the DagBag from /workspaces/recomart-recommendation-pipeline/airflow_venv/lib/python3.12/site-packages/airflow/example_dags/example_trigger_target_dag.py
[2026-07-20T06:15:10.638+0000] {processor.py:840} INFO - DAG(s) 'example_trigger_target_dag' retrieved from /workspaces/recomart-recommendation-pipeline/airflow_venv/lib/python3.12/site-packages/airflow/example_dags/example_trigger_target_dag.py
[2026-07-20T06:15:10.655+0000] {logging_mixin.py:188} INFO - [2026-07-20T06:15:10.654+0000] {dag.py:3089} INFO - Sync 1 DAGs
[2026-07-20T06:15:10.668+0000] {logging_mixin.py:188} INFO - [2026-07-20T06:15:10.668+0000] {dag.py:3947} INFO - Setting next_dagrun for example_trigger_target_dag to None, run_after=None
[2026-07-20T06:15:10.720+0000] {processor.py:183} INFO - Processing /workspaces/recomart-recommendation-pipeline/airflow_venv/lib/python3.12/site-packages/airflow/example_dags/example_trigger_target_dag.py took 0.099 seconds
[2026-07-20T06:30:56.445+0000] {processor.py:161} INFO - Started process (PID=73532) to work on /workspaces/recomart-recommendation-pipeline/airflow_venv/lib/python3.12/site-packages/airflow/example_dags/example_trigger_target_dag.py
[2026-07-20T06:30:56.445+0000] {processor.py:830} INFO - Processing file /workspaces/recomart-recommendation-pipeline/airflow_venv/lib/python3.12/site-packages/airflow/example_dags/example_trigger_target_dag.py for tasks to queue
[2026-07-20T06:30:56.447+0000] {logging_mixin.py:188} INFO - [2026-07-20T06:30:56.446+0000] {dagbag.py:545} INFO - Filling up the DagBag from /workspaces/recomart-recommendation-pipeline/airflow_venv/lib/python3.12/site-packages/airflow/example_dags/example_trigger_target_dag.py
[2026-07-20T06:30:56.453+0000] {processor.py:840} INFO - DAG(s) 'example_trigger_target_dag' retrieved from /workspaces/recomart-recommendation-pipeline/airflow_venv/lib/python3.12/site-packages/airflow/example_dags/example_trigger_target_dag.py
[2026-07-20T06:30:56.459+0000] {logging_mixin.py:188} INFO - [2026-07-20T06:30:56.459+0000] {dag.py:3089} INFO - Sync 1 DAGs
[2026-07-20T06:30:56.468+0000] {logging_mixin.py:188} INFO - [2026-07-20T06:30:56.468+0000] {dag.py:3947} INFO - Setting next_dagrun for example_trigger_target_dag to None, run_after=None
[2026-07-20T06:30:56.489+0000] {processor.py:183} INFO - Processing /workspaces/recomart-recommendation-pipeline/airflow_venv/lib/python3.12/site-packages/airflow/example_dags/example_trigger_target_dag.py took 0.049 seconds
[2026-07-20T06:31:52.395+0000] {processor.py:161} INFO - Started process (PID=74101) to work on /workspaces/recomart-recommendation-pipeline/airflow_venv/lib/python3.12/site-packages/airflow/example_dags/example_trigger_target_dag.py
[2026-07-20T06:31:52.396+0000] {processor.py:830} INFO - Processing file /workspaces/recomart-recommendation-pipeline/airflow_venv/lib/python3.12/site-packages/airflow/example_dags/example_trigger_target_dag.py for tasks to queue
[2026-07-20T06:31:52.397+0000] {logging_mixin.py:188} INFO - [2026-07-20T06:31:52.397+0000] {dagbag.py:545} INFO - Filling up the DagBag from /workspaces/recomart-recommendation-pipeline/airflow_venv/lib/python3.12/site-packages/airflow/example_dags/example_trigger_target_dag.py
[2026-07-20T06:31:52.402+0000] {processor.py:840} INFO - DAG(s) 'example_trigger_target_dag' retrieved from /workspaces/recomart-recommendation-pipeline/airflow_venv/lib/python3.12/site-packages/airflow/example_dags/example_trigger_target_dag.py
[2026-07-20T06:31:52.489+0000] {logging_mixin.py:188} INFO - [2026-07-20T06:31:52.489+0000] {dag.py:3089} INFO - Sync 1 DAGs
[2026-07-20T06:31:52.497+0000] {logging_mixin.py:188} INFO - [2026-07-20T06:31:52.497+0000] {dag.py:3947} INFO - Setting next_dagrun for example_trigger_target_dag to None, run_after=None
[2026-07-20T06:31:52.513+0000] {processor.py:183} INFO - Processing /workspaces/recomart-recommendation-pipeline/airflow_venv/lib/python3.12/site-packages/airflow/example_dags/example_trigger_target_dag.py took 0.123 seconds
[2026-07-20T06:32:40.548+0000] {processor.py:161} INFO - Started process (PID=74786) to work on /workspaces/recomart-recommendation-pipeline/airflow_venv/lib/python3.12/site-packages/airflow/example_dags/example_trigger_target_dag.py
[2026-07-20T06:32:40.553+0000] {processor.py:830} INFO - Processing file /workspaces/recomart-recommendation-pipeline/airflow_venv/lib/python3.12/site-packages/airflow/example_dags/example_trigger_target_dag.py for tasks to queue
[2026-07-20T06:32:40.555+0000] {logging_mixin.py:188} INFO - [2026-07-20T06:32:40.555+0000] {dagbag.py:545} INFO - Filling up the DagBag from /workspaces/recomart-recommendation-pipeline/airflow_venv/lib/python3.12/site-packages/airflow/example_dags/example_trigger_target_dag.py
[2026-07-20T06:32:40.562+0000] {processor.py:840} INFO - DAG(s) 'example_trigger_target_dag' retrieved from /workspaces/recomart-recommendation-pipeline/airflow_venv/lib/python3.12/site-packages/airflow/example_dags/example_trigger_target_dag.py
[2026-07-20T06:32:40.583+0000] {logging_mixin.py:188} INFO - [2026-07-20T06:32:40.583+0000] {dag.py:3089} INFO - Sync 1 DAGs
[2026-07-20T06:32:40.600+0000] {logging_mixin.py:188} INFO - [2026-07-20T06:32:40.600+0000] {dag.py:3947} INFO - Setting next_dagrun for example_trigger_target_dag to None, run_after=None
[2026-07-20T06:32:40.653+0000] {processor.py:183} INFO - Processing /workspaces/recomart-recommendation-pipeline/airflow_venv/lib/python3.12/site-packages/airflow/example_dags/example_trigger_target_dag.py took 0.135 seconds
[2026-07-20T06:33:33.547+0000] {processor.py:161} INFO - Started process (PID=75199) to work on /workspaces/recomart-recommendation-pipeline/airflow_venv/lib/python3.12/site-packages/airflow/example_dags/example_trigger_target_dag.py
[2026-07-20T06:33:33.547+0000] {processor.py:830} INFO - Processing file /workspaces/recomart-recommendation-pipeline/airflow_venv/lib/python3.12/site-packages/airflow/example_dags/example_trigger_target_dag.py for tasks to queue
[2026-07-20T06:33:33.549+0000] {logging_mixin.py:188} INFO - [2026-07-20T06:33:33.548+0000] {dagbag.py:545} INFO - Filling up the DagBag from /workspaces/recomart-recommendation-pipeline/airflow_venv/lib/python3.12/site-packages/airflow/example_dags/example_trigger_target_dag.py
[2026-07-20T06:33:33.553+0000] {processor.py:840} INFO - DAG(s) 'example_trigger_target_dag' retrieved from /workspaces/recomart-recommendation-pipeline/airflow_venv/lib/python3.12/site-packages/airflow/example_dags/example_trigger_target_dag.py
[2026-07-20T06:33:33.564+0000] {logging_mixin.py:188} INFO - [2026-07-20T06:33:33.564+0000] {dag.py:3089} INFO - Sync 1 DAGs
[2026-07-20T06:33:33.573+0000] {logging_mixin.py:188} INFO - [2026-07-20T06:33:33.573+0000] {dag.py:3947} INFO - Setting next_dagrun for example_trigger_target_dag to None, run_after=None
[2026-07-20T06:33:33.590+0000] {processor.py:183} INFO - Processing /workspaces/recomart-recommendation-pipeline/airflow_venv/lib/python3.12/site-packages/airflow/example_dags/example_trigger_target_dag.py took 0.048 seconds
[2026-07-20T06:34:44.681+0000] {processor.py:161} INFO - Started process (PID=76551) to work on /workspaces/recomart-recommendation-pipeline/airflow_venv/lib/python3.12/site-packages/airflow/example_dags/example_trigger_target_dag.py
[2026-07-20T06:34:44.682+0000] {processor.py:830} INFO - Processing file /workspaces/recomart-recommendation-pipeline/airflow_venv/lib/python3.12/site-packages/airflow/example_dags/example_trigger_target_dag.py for tasks to queue
[2026-07-20T06:34:44.684+0000] {logging_mixin.py:188} INFO - [2026-07-20T06:34:44.683+0000] {dagbag.py:545} INFO - Filling up the DagBag from /workspaces/recomart-recommendation-pipeline/airflow_venv/lib/python3.12/site-packages/airflow/example_dags/example_trigger_target_dag.py
[2026-07-20T06:34:44.690+0000] {processor.py:840} INFO - DAG(s) 'example_trigger_target_dag' retrieved from /workspaces/recomart-recommendation-pipeline/airflow_venv/lib/python3.12/site-packages/airflow/example_dags/example_trigger_target_dag.py
[2026-07-20T06:34:44.702+0000] {logging_mixin.py:188} INFO - [2026-07-20T06:34:44.701+0000] {dag.py:3089} INFO - Sync 1 DAGs
[2026-07-20T06:34:44.711+0000] {logging_mixin.py:188} INFO - [2026-07-20T06:34:44.711+0000] {dag.py:3947} INFO - Setting next_dagrun for example_trigger_target_dag to None, run_after=None
[2026-07-20T06:34:44.728+0000] {processor.py:183} INFO - Processing /workspaces/recomart-recommendation-pipeline/airflow_venv/lib/python3.12/site-packages/airflow/example_dags/example_trigger_target_dag.py took 0.053 seconds
[2026-07-20T06:35:39.812+0000] {processor.py:161} INFO - Started process (PID=77602) to work on /workspaces/recomart-recommendation-pipeline/airflow_venv/lib/python3.12/site-packages/airflow/example_dags/example_trigger_target_dag.py
[2026-07-20T06:35:39.813+0000] {processor.py:830} INFO - Processing file /workspaces/recomart-recommendation-pipeline/airflow_venv/lib/python3.12/site-packages/airflow/example_dags/example_trigger_target_dag.py for tasks to queue
[2026-07-20T06:35:39.814+0000] {logging_mixin.py:188} INFO - [2026-07-20T06:35:39.814+0000] {dagbag.py:545} INFO - Filling up the DagBag from /workspaces/recomart-recommendation-pipeline/airflow_venv/lib/python3.12/site-packages/airflow/example_dags/example_trigger_target_dag.py
[2026-07-20T06:35:39.819+0000] {processor.py:840} INFO - DAG(s) 'example_trigger_target_dag' retrieved from /workspaces/recomart-recommendation-pipeline/airflow_venv/lib/python3.12/site-packages/airflow/example_dags/example_trigger_target_dag.py
[2026-07-20T06:35:39.830+0000] {logging_mixin.py:188} INFO - [2026-07-20T06:35:39.830+0000] {dag.py:3089} INFO - Sync 1 DAGs
[2026-07-20T06:35:39.838+0000] {logging_mixin.py:188} INFO - [2026-07-20T06:35:39.838+0000] {dag.py:3947} INFO - Setting next_dagrun for example_trigger_target_dag to None, run_after=None
[2026-07-20T06:35:39.856+0000] {processor.py:183} INFO - Processing /workspaces/recomart-recommendation-pipeline/airflow_venv/lib/python3.12/site-packages/airflow/example_dags/example_trigger_target_dag.py took 0.047 seconds
[2026-07-20T06:36:31.419+0000] {processor.py:161} INFO - Started process (PID=78560) to work on /workspaces/recomart-recommendation-pipeline/airflow_venv/lib/python3.12/site-packages/airflow/example_dags/example_trigger_target_dag.py
[2026-07-20T06:36:31.420+0000] {processor.py:830} INFO - Processing file /workspaces/recomart-recommendation-pipeline/airflow_venv/lib/python3.12/site-packages/airflow/example_dags/example_trigger_target_dag.py for tasks to queue
[2026-07-20T06:36:31.421+0000] {logging_mixin.py:188} INFO - [2026-07-20T06:36:31.421+0000] {dagbag.py:545} INFO - Filling up the DagBag from /workspaces/recomart-recommendation-pipeline/airflow_venv/lib/python3.12/site-packages/airflow/example_dags/example_trigger_target_dag.py
[2026-07-20T06:36:31.426+0000] {processor.py:840} INFO - DAG(s) 'example_trigger_target_dag' retrieved from /workspaces/recomart-recommendation-pipeline/airflow_venv/lib/python3.12/site-packages/airflow/example_dags/example_trigger_target_dag.py
[2026-07-20T06:36:31.436+0000] {logging_mixin.py:188} INFO - [2026-07-20T06:36:31.436+0000] {dag.py:3089} INFO - Sync 1 DAGs
[2026-07-20T06:36:31.445+0000] {logging_mixin.py:188} INFO - [2026-07-20T06:36:31.444+0000] {dag.py:3947} INFO - Setting next_dagrun for example_trigger_target_dag to None, run_after=None
[2026-07-20T06:36:31.460+0000] {processor.py:183} INFO - Processing /workspaces/recomart-recommendation-pipeline/airflow_venv/lib/python3.12/site-packages/airflow/example_dags/example_trigger_target_dag.py took 0.045 seconds
[2026-07-20T06:37:21.476+0000] {processor.py:161} INFO - Started process (PID=78985) to work on /workspaces/recomart-recommendation-pipeline/airflow_venv/lib/python3.12/site-packages/airflow/example_dags/example_trigger_target_dag.py
[2026-07-20T06:37:21.477+0000] {processor.py:830} INFO - Processing file /workspaces/recomart-recommendation-pipeline/airflow_venv/lib/python3.12/site-packages/airflow/example_dags/example_trigger_target_dag.py for tasks to queue
[2026-07-20T06:37:21.478+0000] {logging_mixin.py:188} INFO - [2026-07-20T06:37:21.478+0000] {dagbag.py:545} INFO - Filling up the DagBag from /workspaces/recomart-recommendation-pipeline/airflow_venv/lib/python3.12/site-packages/airflow/example_dags/example_trigger_target_dag.py
[2026-07-20T06:37:21.485+0000] {processor.py:840} INFO - DAG(s) 'example_trigger_target_dag' retrieved from /workspaces/recomart-recommendation-pipeline/airflow_venv/lib/python3.12/site-packages/airflow/example_dags/example_trigger_target_dag.py
[2026-07-20T06:37:21.498+0000] {logging_mixin.py:188} INFO - [2026-07-20T06:37:21.498+0000] {dag.py:3089} INFO - Sync 1 DAGs
[2026-07-20T06:37:21.511+0000] {logging_mixin.py:188} INFO - [2026-07-20T06:37:21.511+0000] {dag.py:3947} INFO - Setting next_dagrun for example_trigger_target_dag to None, run_after=None
[2026-07-20T06:37:21.540+0000] {processor.py:183} INFO - Processing /workspaces/recomart-recommendation-pipeline/airflow_venv/lib/python3.12/site-packages/airflow/example_dags/example_trigger_target_dag.py took 0.070 seconds
[2026-07-20T06:38:06.340+0000] {processor.py:161} INFO - Started process (PID=79373) to work on /workspaces/recomart-recommendation-pipeline/airflow_venv/lib/python3.12/site-packages/airflow/example_dags/example_trigger_target_dag.py
[2026-07-20T06:38:06.341+0000] {processor.py:830} INFO - Processing file /workspaces/recomart-recommendation-pipeline/airflow_venv/lib/python3.12/site-packages/airflow/example_dags/example_trigger_target_dag.py for tasks to queue
[2026-07-20T06:38:06.342+0000] {logging_mixin.py:188} INFO - [2026-07-20T06:38:06.342+0000] {dagbag.py:545} INFO - Filling up the DagBag from /workspaces/recomart-recommendation-pipeline/airflow_venv/lib/python3.12/site-packages/airflow/example_dags/example_trigger_target_dag.py
[2026-07-20T06:38:06.347+0000] {processor.py:840} INFO - DAG(s) 'example_trigger_target_dag' retrieved from /workspaces/recomart-recommendation-pipeline/airflow_venv/lib/python3.12/site-packages/airflow/example_dags/example_trigger_target_dag.py
[2026-07-20T06:38:06.358+0000] {logging_mixin.py:188} INFO - [2026-07-20T06:38:06.357+0000] {dag.py:3089} INFO - Sync 1 DAGs
[2026-07-20T06:38:06.366+0000] {logging_mixin.py:188} INFO - [2026-07-20T06:38:06.366+0000] {dag.py:3947} INFO - Setting next_dagrun for example_trigger_target_dag to None, run_after=None
[2026-07-20T06:38:06.385+0000] {processor.py:183} INFO - Processing /workspaces/recomart-recommendation-pipeline/airflow_venv/lib/python3.12/site-packages/airflow/example_dags/example_trigger_target_dag.py took 0.049 seconds
[2026-07-20T06:38:55.998+0000] {processor.py:161} INFO - Started process (PID=79793) to work on /workspaces/recomart-recommendation-pipeline/airflow_venv/lib/python3.12/site-packages/airflow/example_dags/example_trigger_target_dag.py
[2026-07-20T06:38:55.998+0000] {processor.py:830} INFO - Processing file /workspaces/recomart-recommendation-pipeline/airflow_venv/lib/python3.12/site-packages/airflow/example_dags/example_trigger_target_dag.py for tasks to queue
[2026-07-20T06:38:56.000+0000] {logging_mixin.py:188} INFO - [2026-07-20T06:38:55.999+0000] {dagbag.py:545} INFO - Filling up the DagBag from /workspaces/recomart-recommendation-pipeline/airflow_venv/lib/python3.12/site-packages/airflow/example_dags/example_trigger_target_dag.py
[2026-07-20T06:38:56.004+0000] {processor.py:840} INFO - DAG(s) 'example_trigger_target_dag' retrieved from /workspaces/recomart-recommendation-pipeline/airflow_venv/lib/python3.12/site-packages/airflow/example_dags/example_trigger_target_dag.py
[2026-07-20T06:38:56.017+0000] {logging_mixin.py:188} INFO - [2026-07-20T06:38:56.017+0000] {dag.py:3089} INFO - Sync 1 DAGs
[2026-07-20T06:38:56.026+0000] {logging_mixin.py:188} INFO - [2026-07-20T06:38:56.026+0000] {dag.py:3947} INFO - Setting next_dagrun for example_trigger_target_dag to None, run_after=None
[2026-07-20T06:38:56.045+0000] {processor.py:183} INFO - Processing /workspaces/recomart-recommendation-pipeline/airflow_venv/lib/python3.12/site-packages/airflow/example_dags/example_trigger_target_dag.py took 0.052 seconds
[2026-07-20T06:39:42.863+0000] {processor.py:161} INFO - Started process (PID=80199) to work on /workspaces/recomart-recommendation-pipeline/airflow_venv/lib/python3.12/site-packages/airflow/example_dags/example_trigger_target_dag.py
[2026-07-20T06:39:42.864+0000] {processor.py:830} INFO - Processing file /workspaces/recomart-recommendation-pipeline/airflow_venv/lib/python3.12/site-packages/airflow/example_dags/example_trigger_target_dag.py for tasks to queue
[2026-07-20T06:39:42.866+0000] {logging_mixin.py:188} INFO - [2026-07-20T06:39:42.865+0000] {dagbag.py:545} INFO - Filling up the DagBag from /workspaces/recomart-recommendation-pipeline/airflow_venv/lib/python3.12/site-packages/airflow/example_dags/example_trigger_target_dag.py
[2026-07-20T06:39:42.873+0000] {processor.py:840} INFO - DAG(s) 'example_trigger_target_dag' retrieved from /workspaces/recomart-recommendation-pipeline/airflow_venv/lib/python3.12/site-packages/airflow/example_dags/example_trigger_target_dag.py
[2026-07-20T06:39:42.890+0000] {logging_mixin.py:188} INFO - [2026-07-20T06:39:42.889+0000] {dag.py:3089} INFO - Sync 1 DAGs
[2026-07-20T06:39:42.903+0000] {logging_mixin.py:188} INFO - [2026-07-20T06:39:42.903+0000] {dag.py:3947} INFO - Setting next_dagrun for example_trigger_target_dag to None, run_after=None
[2026-07-20T06:39:43.074+0000] {processor.py:183} INFO - Processing /workspaces/recomart-recommendation-pipeline/airflow_venv/lib/python3.12/site-packages/airflow/example_dags/example_trigger_target_dag.py took 0.217 seconds
[2026-07-20T06:40:33.630+0000] {processor.py:161} INFO - Started process (PID=80563) to work on /workspaces/recomart-recommendation-pipeline/airflow_venv/lib/python3.12/site-packages/airflow/example_dags/example_trigger_target_dag.py
[2026-07-20T06:40:33.631+0000] {processor.py:830} INFO - Processing file /workspaces/recomart-recommendation-pipeline/airflow_venv/lib/python3.12/site-packages/airflow/example_dags/example_trigger_target_dag.py for tasks to queue
[2026-07-20T06:40:33.633+0000] {logging_mixin.py:188} INFO - [2026-07-20T06:40:33.632+0000] {dagbag.py:545} INFO - Filling up the DagBag from /workspaces/recomart-recommendation-pipeline/airflow_venv/lib/python3.12/site-packages/airflow/example_dags/example_trigger_target_dag.py
[2026-07-20T06:40:33.637+0000] {processor.py:840} INFO - DAG(s) 'example_trigger_target_dag' retrieved from /workspaces/recomart-recommendation-pipeline/airflow_venv/lib/python3.12/site-packages/airflow/example_dags/example_trigger_target_dag.py
[2026-07-20T06:40:33.650+0000] {logging_mixin.py:188} INFO - [2026-07-20T06:40:33.650+0000] {dag.py:3089} INFO - Sync 1 DAGs
[2026-07-20T06:40:33.659+0000] {logging_mixin.py:188} INFO - [2026-07-20T06:40:33.659+0000] {dag.py:3947} INFO - Setting next_dagrun for example_trigger_target_dag to None, run_after=None
[2026-07-20T06:40:33.677+0000] {processor.py:183} INFO - Processing /workspaces/recomart-recommendation-pipeline/airflow_venv/lib/python3.12/site-packages/airflow/example_dags/example_trigger_target_dag.py took 0.054 seconds
[2026-07-20T06:41:21.002+0000] {processor.py:161} INFO - Started process (PID=81017) to work on /workspaces/recomart-recommendation-pipeline/airflow_venv/lib/python3.12/site-packages/airflow/example_dags/example_trigger_target_dag.py
[2026-07-20T06:41:21.003+0000] {processor.py:830} INFO - Processing file /workspaces/recomart-recommendation-pipeline/airflow_venv/lib/python3.12/site-packages/airflow/example_dags/example_trigger_target_dag.py for tasks to queue
[2026-07-20T06:41:21.004+0000] {logging_mixin.py:188} INFO - [2026-07-20T06:41:21.004+0000] {dagbag.py:545} INFO - Filling up the DagBag from /workspaces/recomart-recommendation-pipeline/airflow_venv/lib/python3.12/site-packages/airflow/example_dags/example_trigger_target_dag.py
[2026-07-20T06:41:21.009+0000] {processor.py:840} INFO - DAG(s) 'example_trigger_target_dag' retrieved from /workspaces/recomart-recommendation-pipeline/airflow_venv/lib/python3.12/site-packages/airflow/example_dags/example_trigger_target_dag.py
[2026-07-20T06:41:21.020+0000] {logging_mixin.py:188} INFO - [2026-07-20T06:41:21.020+0000] {dag.py:3089} INFO - Sync 1 DAGs
[2026-07-20T06:41:21.028+0000] {logging_mixin.py:188} INFO - [2026-07-20T06:41:21.028+0000] {dag.py:3947} INFO - Setting next_dagrun for example_trigger_target_dag to None, run_after=None
[2026-07-20T06:41:21.045+0000] {processor.py:183} INFO - Processing /workspaces/recomart-recommendation-pipeline/airflow_venv/lib/python3.12/site-packages/airflow/example_dags/example_trigger_target_dag.py took 0.047 seconds
[2026-07-20T06:42:07.654+0000] {processor.py:161} INFO - Started process (PID=81421) to work on /workspaces/recomart-recommendation-pipeline/airflow_venv/lib/python3.12/site-packages/airflow/example_dags/example_trigger_target_dag.py
[2026-07-20T06:42:07.655+0000] {processor.py:830} INFO - Processing file /workspaces/recomart-recommendation-pipeline/airflow_venv/lib/python3.12/site-packages/airflow/example_dags/example_trigger_target_dag.py for tasks to queue
[2026-07-20T06:42:07.657+0000] {logging_mixin.py:188} INFO - [2026-07-20T06:42:07.656+0000] {dagbag.py:545} INFO - Filling up the DagBag from /workspaces/recomart-recommendation-pipeline/airflow_venv/lib/python3.12/site-packages/airflow/example_dags/example_trigger_target_dag.py
[2026-07-20T06:42:07.662+0000] {processor.py:840} INFO - DAG(s) 'example_trigger_target_dag' retrieved from /workspaces/recomart-recommendation-pipeline/airflow_venv/lib/python3.12/site-packages/airflow/example_dags/example_trigger_target_dag.py
[2026-07-20T06:42:07.675+0000] {logging_mixin.py:188} INFO - [2026-07-20T06:42:07.674+0000] {dag.py:3089} INFO - Sync 1 DAGs
[2026-07-20T06:42:07.686+0000] {logging_mixin.py:188} INFO - [2026-07-20T06:42:07.686+0000] {dag.py:3947} INFO - Setting next_dagrun for example_trigger_target_dag to None, run_after=None
[2026-07-20T06:42:07.704+0000] {processor.py:183} INFO - Processing /workspaces/recomart-recommendation-pipeline/airflow_venv/lib/python3.12/site-packages/airflow/example_dags/example_trigger_target_dag.py took 0.054 seconds
[2026-07-20T06:42:54.611+0000] {processor.py:161} INFO - Started process (PID=81835) to work on /workspaces/recomart-recommendation-pipeline/airflow_venv/lib/python3.12/site-packages/airflow/example_dags/example_trigger_target_dag.py
[2026-07-20T06:42:54.611+0000] {processor.py:830} INFO - Processing file /workspaces/recomart-recommendation-pipeline/airflow_venv/lib/python3.12/site-packages/airflow/example_dags/example_trigger_target_dag.py for tasks to queue
[2026-07-20T06:42:54.613+0000] {logging_mixin.py:188} INFO - [2026-07-20T06:42:54.612+0000] {dagbag.py:545} INFO - Filling up the DagBag from /workspaces/recomart-recommendation-pipeline/airflow_venv/lib/python3.12/site-packages/airflow/example_dags/example_trigger_target_dag.py
[2026-07-20T06:42:54.618+0000] {processor.py:840} INFO - DAG(s) 'example_trigger_target_dag' retrieved from /workspaces/recomart-recommendation-pipeline/airflow_venv/lib/python3.12/site-packages/airflow/example_dags/example_trigger_target_dag.py
[2026-07-20T06:42:54.629+0000] {logging_mixin.py:188} INFO - [2026-07-20T06:42:54.629+0000] {dag.py:3089} INFO - Sync 1 DAGs
[2026-07-20T06:42:54.638+0000] {logging_mixin.py:188} INFO - [2026-07-20T06:42:54.638+0000] {dag.py:3947} INFO - Setting next_dagrun for example_trigger_target_dag to None, run_after=None
[2026-07-20T06:42:54.655+0000] {processor.py:183} INFO - Processing /workspaces/recomart-recommendation-pipeline/airflow_venv/lib/python3.12/site-packages/airflow/example_dags/example_trigger_target_dag.py took 0.049 seconds
[2026-07-20T06:43:42.671+0000] {processor.py:161} INFO - Started process (PID=82227) to work on /workspaces/recomart-recommendation-pipeline/airflow_venv/lib/python3.12/site-packages/airflow/example_dags/example_trigger_target_dag.py
[2026-07-20T06:43:42.672+0000] {processor.py:830} INFO - Processing file /workspaces/recomart-recommendation-pipeline/airflow_venv/lib/python3.12/site-packages/airflow/example_dags/example_trigger_target_dag.py for tasks to queue
[2026-07-20T06:43:42.674+0000] {logging_mixin.py:188} INFO - [2026-07-20T06:43:42.674+0000] {dagbag.py:545} INFO - Filling up the DagBag from /workspaces/recomart-recommendation-pipeline/airflow_venv/lib/python3.12/site-packages/airflow/example_dags/example_trigger_target_dag.py
[2026-07-20T06:43:42.681+0000] {processor.py:840} INFO - DAG(s) 'example_trigger_target_dag' retrieved from /workspaces/recomart-recommendation-pipeline/airflow_venv/lib/python3.12/site-packages/airflow/example_dags/example_trigger_target_dag.py
[2026-07-20T06:43:42.696+0000] {logging_mixin.py:188} INFO - [2026-07-20T06:43:42.696+0000] {dag.py:3089} INFO - Sync 1 DAGs
[2026-07-20T06:43:42.705+0000] {logging_mixin.py:188} INFO - [2026-07-20T06:43:42.705+0000] {dag.py:3947} INFO - Setting next_dagrun for example_trigger_target_dag to None, run_after=None
[2026-07-20T06:43:42.722+0000] {processor.py:183} INFO - Processing /workspaces/recomart-recommendation-pipeline/airflow_venv/lib/python3.12/site-packages/airflow/example_dags/example_trigger_target_dag.py took 0.058 seconds
[2026-07-20T06:44:32.714+0000] {processor.py:161} INFO - Started process (PID=82596) to work on /workspaces/recomart-recommendation-pipeline/airflow_venv/lib/python3.12/site-packages/airflow/example_dags/example_trigger_target_dag.py
[2026-07-20T06:44:32.715+0000] {processor.py:830} INFO - Processing file /workspaces/recomart-recommendation-pipeline/airflow_venv/lib/python3.12/site-packages/airflow/example_dags/example_trigger_target_dag.py for tasks to queue
[2026-07-20T06:44:32.719+0000] {logging_mixin.py:188} INFO - [2026-07-20T06:44:32.718+0000] {dagbag.py:545} INFO - Filling up the DagBag from /workspaces/recomart-recommendation-pipeline/airflow_venv/lib/python3.12/site-packages/airflow/example_dags/example_trigger_target_dag.py
[2026-07-20T06:44:32.732+0000] {processor.py:840} INFO - DAG(s) 'example_trigger_target_dag' retrieved from /workspaces/recomart-recommendation-pipeline/airflow_venv/lib/python3.12/site-packages/airflow/example_dags/example_trigger_target_dag.py
[2026-07-20T06:44:32.761+0000] {logging_mixin.py:188} INFO - [2026-07-20T06:44:32.760+0000] {dag.py:3089} INFO - Sync 1 DAGs
[2026-07-20T06:44:32.779+0000] {logging_mixin.py:188} INFO - [2026-07-20T06:44:32.779+0000] {dag.py:3947} INFO - Setting next_dagrun for example_trigger_target_dag to None, run_after=None
[2026-07-20T06:44:32.798+0000] {processor.py:183} INFO - Processing /workspaces/recomart-recommendation-pipeline/airflow_venv/lib/python3.12/site-packages/airflow/example_dags/example_trigger_target_dag.py took 0.114 seconds
[2026-07-20T06:45:24.969+0000] {processor.py:161} INFO - Started process (PID=83037) to work on /workspaces/recomart-recommendation-pipeline/airflow_venv/lib/python3.12/site-packages/airflow/example_dags/example_trigger_target_dag.py
[2026-07-20T06:45:24.970+0000] {processor.py:830} INFO - Processing file /workspaces/recomart-recommendation-pipeline/airflow_venv/lib/python3.12/site-packages/airflow/example_dags/example_trigger_target_dag.py for tasks to queue
[2026-07-20T06:45:24.972+0000] {logging_mixin.py:188} INFO - [2026-07-20T06:45:24.971+0000] {dagbag.py:545} INFO - Filling up the DagBag from /workspaces/recomart-recommendation-pipeline/airflow_venv/lib/python3.12/site-packages/airflow/example_dags/example_trigger_target_dag.py
[2026-07-20T06:45:24.978+0000] {processor.py:840} INFO - DAG(s) 'example_trigger_target_dag' retrieved from /workspaces/recomart-recommendation-pipeline/airflow_venv/lib/python3.12/site-packages/airflow/example_dags/example_trigger_target_dag.py
[2026-07-20T06:45:25.001+0000] {logging_mixin.py:188} INFO - [2026-07-20T06:45:25.001+0000] {dag.py:3089} INFO - Sync 1 DAGs
[2026-07-20T06:45:25.016+0000] {logging_mixin.py:188} INFO - [2026-07-20T06:45:25.016+0000] {dag.py:3947} INFO - Setting next_dagrun for example_trigger_target_dag to None, run_after=None
[2026-07-20T06:45:25.035+0000] {processor.py:183} INFO - Processing /workspaces/recomart-recommendation-pipeline/airflow_venv/lib/python3.12/site-packages/airflow/example_dags/example_trigger_target_dag.py took 0.073 seconds
[2026-07-20T06:46:10.295+0000] {processor.py:161} INFO - Started process (PID=83498) to work on /workspaces/recomart-recommendation-pipeline/airflow_venv/lib/python3.12/site-packages/airflow/example_dags/example_trigger_target_dag.py
[2026-07-20T06:46:10.296+0000] {processor.py:830} INFO - Processing file /workspaces/recomart-recommendation-pipeline/airflow_venv/lib/python3.12/site-packages/airflow/example_dags/example_trigger_target_dag.py for tasks to queue
[2026-07-20T06:46:10.298+0000] {logging_mixin.py:188} INFO - [2026-07-20T06:46:10.298+0000] {dagbag.py:545} INFO - Filling up the DagBag from /workspaces/recomart-recommendation-pipeline/airflow_venv/lib/python3.12/site-packages/airflow/example_dags/example_trigger_target_dag.py
[2026-07-20T06:46:10.303+0000] {processor.py:840} INFO - DAG(s) 'example_trigger_target_dag' retrieved from /workspaces/recomart-recommendation-pipeline/airflow_venv/lib/python3.12/site-packages/airflow/example_dags/example_trigger_target_dag.py
[2026-07-20T06:46:10.314+0000] {logging_mixin.py:188} INFO - [2026-07-20T06:46:10.314+0000] {dag.py:3089} INFO - Sync 1 DAGs
[2026-07-20T06:46:10.323+0000] {logging_mixin.py:188} INFO - [2026-07-20T06:46:10.323+0000] {dag.py:3947} INFO - Setting next_dagrun for example_trigger_target_dag to None, run_after=None
[2026-07-20T06:46:10.340+0000] {processor.py:183} INFO - Processing /workspaces/recomart-recommendation-pipeline/airflow_venv/lib/python3.12/site-packages/airflow/example_dags/example_trigger_target_dag.py took 0.049 seconds
[2026-07-20T06:46:55.655+0000] {processor.py:161} INFO - Started process (PID=83884) to work on /workspaces/recomart-recommendation-pipeline/airflow_venv/lib/python3.12/site-packages/airflow/example_dags/example_trigger_target_dag.py
[2026-07-20T06:46:55.655+0000] {processor.py:830} INFO - Processing file /workspaces/recomart-recommendation-pipeline/airflow_venv/lib/python3.12/site-packages/airflow/example_dags/example_trigger_target_dag.py for tasks to queue
[2026-07-20T06:46:55.657+0000] {logging_mixin.py:188} INFO - [2026-07-20T06:46:55.656+0000] {dagbag.py:545} INFO - Filling up the DagBag from /workspaces/recomart-recommendation-pipeline/airflow_venv/lib/python3.12/site-packages/airflow/example_dags/example_trigger_target_dag.py
[2026-07-20T06:46:55.661+0000] {processor.py:840} INFO - DAG(s) 'example_trigger_target_dag' retrieved from /workspaces/recomart-recommendation-pipeline/airflow_venv/lib/python3.12/site-packages/airflow/example_dags/example_trigger_target_dag.py
[2026-07-20T06:46:55.676+0000] {logging_mixin.py:188} INFO - [2026-07-20T06:46:55.676+0000] {dag.py:3089} INFO - Sync 1 DAGs
[2026-07-20T06:46:55.688+0000] {logging_mixin.py:188} INFO - [2026-07-20T06:46:55.688+0000] {dag.py:3947} INFO - Setting next_dagrun for example_trigger_target_dag to None, run_after=None
[2026-07-20T06:46:55.707+0000] {processor.py:183} INFO - Processing /workspaces/recomart-recommendation-pipeline/airflow_venv/lib/python3.12/site-packages/airflow/example_dags/example_trigger_target_dag.py took 0.057 seconds
[2026-07-20T06:47:36.639+0000] {processor.py:161} INFO - Started process (PID=84177) to work on /workspaces/recomart-recommendation-pipeline/airflow_venv/lib/python3.12/site-packages/airflow/example_dags/example_trigger_target_dag.py
[2026-07-20T06:47:36.639+0000] {processor.py:830} INFO - Processing file /workspaces/recomart-recommendation-pipeline/airflow_venv/lib/python3.12/site-packages/airflow/example_dags/example_trigger_target_dag.py for tasks to queue
[2026-07-20T06:47:36.641+0000] {logging_mixin.py:188} INFO - [2026-07-20T06:47:36.640+0000] {dagbag.py:545} INFO - Filling up the DagBag from /workspaces/recomart-recommendation-pipeline/airflow_venv/lib/python3.12/site-packages/airflow/example_dags/example_trigger_target_dag.py
[2026-07-20T06:47:36.646+0000] {processor.py:840} INFO - DAG(s) 'example_trigger_target_dag' retrieved from /workspaces/recomart-recommendation-pipeline/airflow_venv/lib/python3.12/site-packages/airflow/example_dags/example_trigger_target_dag.py
[2026-07-20T06:47:36.657+0000] {logging_mixin.py:188} INFO - [2026-07-20T06:47:36.657+0000] {dag.py:3089} INFO - Sync 1 DAGs
[2026-07-20T06:47:36.665+0000] {logging_mixin.py:188} INFO - [2026-07-20T06:47:36.665+0000] {dag.py:3947} INFO - Setting next_dagrun for example_trigger_target_dag to None, run_after=None
[2026-07-20T06:47:36.685+0000] {processor.py:183} INFO - Processing /workspaces/recomart-recommendation-pipeline/airflow_venv/lib/python3.12/site-packages/airflow/example_dags/example_trigger_target_dag.py took 0.051 seconds
[2026-07-20T06:48:18.659+0000] {processor.py:161} INFO - Started process (PID=84547) to work on /workspaces/recomart-recommendation-pipeline/airflow_venv/lib/python3.12/site-packages/airflow/example_dags/example_trigger_target_dag.py
[2026-07-20T06:48:18.659+0000] {processor.py:830} INFO - Processing file /workspaces/recomart-recommendation-pipeline/airflow_venv/lib/python3.12/site-packages/airflow/example_dags/example_trigger_target_dag.py for tasks to queue
[2026-07-20T06:48:18.661+0000] {logging_mixin.py:188} INFO - [2026-07-20T06:48:18.660+0000] {dagbag.py:545} INFO - Filling up the DagBag from /workspaces/recomart-recommendation-pipeline/airflow_venv/lib/python3.12/site-packages/airflow/example_dags/example_trigger_target_dag.py
[2026-07-20T06:48:18.665+0000] {processor.py:840} INFO - DAG(s) 'example_trigger_target_dag' retrieved from /workspaces/recomart-recommendation-pipeline/airflow_venv/lib/python3.12/site-packages/airflow/example_dags/example_trigger_target_dag.py
[2026-07-20T06:48:18.679+0000] {logging_mixin.py:188} INFO - [2026-07-20T06:48:18.679+0000] {dag.py:3089} INFO - Sync 1 DAGs
[2026-07-20T06:48:18.691+0000] {logging_mixin.py:188} INFO - [2026-07-20T06:48:18.691+0000] {dag.py:3947} INFO - Setting next_dagrun for example_trigger_target_dag to None, run_after=None
[2026-07-20T06:48:18.709+0000] {processor.py:183} INFO - Processing /workspaces/recomart-recommendation-pipeline/airflow_venv/lib/python3.12/site-packages/airflow/example_dags/example_trigger_target_dag.py took 0.056 seconds
[2026-07-20T06:49:00.404+0000] {processor.py:161} INFO - Started process (PID=84993) to work on /workspaces/recomart-recommendation-pipeline/airflow_venv/lib/python3.12/site-packages/airflow/example_dags/example_trigger_target_dag.py
[2026-07-20T06:49:00.407+0000] {processor.py:830} INFO - Processing file /workspaces/recomart-recommendation-pipeline/airflow_venv/lib/python3.12/site-packages/airflow/example_dags/example_trigger_target_dag.py for tasks to queue
[2026-07-20T06:49:00.411+0000] {logging_mixin.py:188} INFO - [2026-07-20T06:49:00.410+0000] {dagbag.py:545} INFO - Filling up the DagBag from /workspaces/recomart-recommendation-pipeline/airflow_venv/lib/python3.12/site-packages/airflow/example_dags/example_trigger_target_dag.py
[2026-07-20T06:49:00.427+0000] {processor.py:840} INFO - DAG(s) 'example_trigger_target_dag' retrieved from /workspaces/recomart-recommendation-pipeline/airflow_venv/lib/python3.12/site-packages/airflow/example_dags/example_trigger_target_dag.py
[2026-07-20T06:49:00.450+0000] {logging_mixin.py:188} INFO - [2026-07-20T06:49:00.449+0000] {dag.py:3089} INFO - Sync 1 DAGs
[2026-07-20T06:49:00.465+0000] {logging_mixin.py:188} INFO - [2026-07-20T06:49:00.465+0000] {dag.py:3947} INFO - Setting next_dagrun for example_trigger_target_dag to None, run_after=None
[2026-07-20T06:49:00.492+0000] {processor.py:183} INFO - Processing /workspaces/recomart-recommendation-pipeline/airflow_venv/lib/python3.12/site-packages/airflow/example_dags/example_trigger_target_dag.py took 0.108 seconds
[2026-07-20T06:49:42.081+0000] {processor.py:161} INFO - Started process (PID=85392) to work on /workspaces/recomart-recommendation-pipeline/airflow_venv/lib/python3.12/site-packages/airflow/example_dags/example_trigger_target_dag.py
[2026-07-20T06:49:42.082+0000] {processor.py:830} INFO - Processing file /workspaces/recomart-recommendation-pipeline/airflow_venv/lib/python3.12/site-packages/airflow/example_dags/example_trigger_target_dag.py for tasks to queue
[2026-07-20T06:49:42.083+0000] {logging_mixin.py:188} INFO - [2026-07-20T06:49:42.083+0000] {dagbag.py:545} INFO - Filling up the DagBag from /workspaces/recomart-recommendation-pipeline/airflow_venv/lib/python3.12/site-packages/airflow/example_dags/example_trigger_target_dag.py
[2026-07-20T06:49:42.091+0000] {processor.py:840} INFO - DAG(s) 'example_trigger_target_dag' retrieved from /workspaces/recomart-recommendation-pipeline/airflow_venv/lib/python3.12/site-packages/airflow/example_dags/example_trigger_target_dag.py
[2026-07-20T06:49:42.105+0000] {logging_mixin.py:188} INFO - [2026-07-20T06:49:42.105+0000] {dag.py:3089} INFO - Sync 1 DAGs
[2026-07-20T06:49:42.114+0000] {logging_mixin.py:188} INFO - [2026-07-20T06:49:42.114+0000] {dag.py:3947} INFO - Setting next_dagrun for example_trigger_target_dag to None, run_after=None
[2026-07-20T06:49:42.130+0000] {processor.py:183} INFO - Processing /workspaces/recomart-recommendation-pipeline/airflow_venv/lib/python3.12/site-packages/airflow/example_dags/example_trigger_target_dag.py took 0.056 seconds
[2026-07-20T06:50:26.337+0000] {processor.py:161} INFO - Started process (PID=85848) to work on /workspaces/recomart-recommendation-pipeline/airflow_venv/lib/python3.12/site-packages/airflow/example_dags/example_trigger_target_dag.py
[2026-07-20T06:50:26.338+0000] {processor.py:830} INFO - Processing file /workspaces/recomart-recommendation-pipeline/airflow_venv/lib/python3.12/site-packages/airflow/example_dags/example_trigger_target_dag.py for tasks to queue
[2026-07-20T06:50:26.340+0000] {logging_mixin.py:188} INFO - [2026-07-20T06:50:26.340+0000] {dagbag.py:545} INFO - Filling up the DagBag from /workspaces/recomart-recommendation-pipeline/airflow_venv/lib/python3.12/site-packages/airflow/example_dags/example_trigger_target_dag.py
[2026-07-20T06:50:26.350+0000] {processor.py:840} INFO - DAG(s) 'example_trigger_target_dag' retrieved from /workspaces/recomart-recommendation-pipeline/airflow_venv/lib/python3.12/site-packages/airflow/example_dags/example_trigger_target_dag.py
[2026-07-20T06:50:26.362+0000] {logging_mixin.py:188} INFO - [2026-07-20T06:50:26.362+0000] {dag.py:3089} INFO - Sync 1 DAGs
[2026-07-20T06:50:26.373+0000] {logging_mixin.py:188} INFO - [2026-07-20T06:50:26.372+0000] {dag.py:3947} INFO - Setting next_dagrun for example_trigger_target_dag to None, run_after=None
[2026-07-20T06:50:26.392+0000] {processor.py:183} INFO - Processing /workspaces/recomart-recommendation-pipeline/airflow_venv/lib/python3.12/site-packages/airflow/example_dags/example_trigger_target_dag.py took 0.062 seconds
[2026-07-20T06:51:10.897+0000] {processor.py:161} INFO - Started process (PID=86350) to work on /workspaces/recomart-recommendation-pipeline/airflow_venv/lib/python3.12/site-packages/airflow/example_dags/example_trigger_target_dag.py
[2026-07-20T06:51:10.897+0000] {processor.py:830} INFO - Processing file /workspaces/recomart-recommendation-pipeline/airflow_venv/lib/python3.12/site-packages/airflow/example_dags/example_trigger_target_dag.py for tasks to queue
[2026-07-20T06:51:10.899+0000] {logging_mixin.py:188} INFO - [2026-07-20T06:51:10.898+0000] {dagbag.py:545} INFO - Filling up the DagBag from /workspaces/recomart-recommendation-pipeline/airflow_venv/lib/python3.12/site-packages/airflow/example_dags/example_trigger_target_dag.py
[2026-07-20T06:51:10.904+0000] {processor.py:840} INFO - DAG(s) 'example_trigger_target_dag' retrieved from /workspaces/recomart-recommendation-pipeline/airflow_venv/lib/python3.12/site-packages/airflow/example_dags/example_trigger_target_dag.py
[2026-07-20T06:51:10.916+0000] {logging_mixin.py:188} INFO - [2026-07-20T06:51:10.916+0000] {dag.py:3089} INFO - Sync 1 DAGs
[2026-07-20T06:51:10.925+0000] {logging_mixin.py:188} INFO - [2026-07-20T06:51:10.925+0000] {dag.py:3947} INFO - Setting next_dagrun for example_trigger_target_dag to None, run_after=None
[2026-07-20T06:51:10.942+0000] {processor.py:183} INFO - Processing /workspaces/recomart-recommendation-pipeline/airflow_venv/lib/python3.12/site-packages/airflow/example_dags/example_trigger_target_dag.py took 0.050 seconds
[2026-07-20T06:51:57.303+0000] {processor.py:161} INFO - Started process (PID=86750) to work on /workspaces/recomart-recommendation-pipeline/airflow_venv/lib/python3.12/site-packages/airflow/example_dags/example_trigger_target_dag.py
[2026-07-20T06:51:57.304+0000] {processor.py:830} INFO - Processing file /workspaces/recomart-recommendation-pipeline/airflow_venv/lib/python3.12/site-packages/airflow/example_dags/example_trigger_target_dag.py for tasks to queue
[2026-07-20T06:51:57.306+0000] {logging_mixin.py:188} INFO - [2026-07-20T06:51:57.305+0000] {dagbag.py:545} INFO - Filling up the DagBag from /workspaces/recomart-recommendation-pipeline/airflow_venv/lib/python3.12/site-packages/airflow/example_dags/example_trigger_target_dag.py
[2026-07-20T06:51:57.310+0000] {processor.py:840} INFO - DAG(s) 'example_trigger_target_dag' retrieved from /workspaces/recomart-recommendation-pipeline/airflow_venv/lib/python3.12/site-packages/airflow/example_dags/example_trigger_target_dag.py
[2026-07-20T06:51:57.321+0000] {logging_mixin.py:188} INFO - [2026-07-20T06:51:57.321+0000] {dag.py:3089} INFO - Sync 1 DAGs
[2026-07-20T06:51:57.330+0000] {logging_mixin.py:188} INFO - [2026-07-20T06:51:57.330+0000] {dag.py:3947} INFO - Setting next_dagrun for example_trigger_target_dag to None, run_after=None
[2026-07-20T06:51:57.347+0000] {processor.py:183} INFO - Processing /workspaces/recomart-recommendation-pipeline/airflow_venv/lib/python3.12/site-packages/airflow/example_dags/example_trigger_target_dag.py took 0.048 seconds
[2026-07-20T06:57:56.592+0000] {processor.py:161} INFO - Started process (PID=89648) to work on /workspaces/recomart-recommendation-pipeline/airflow_venv/lib/python3.12/site-packages/airflow/example_dags/example_trigger_target_dag.py
[2026-07-20T06:57:56.592+0000] {processor.py:830} INFO - Processing file /workspaces/recomart-recommendation-pipeline/airflow_venv/lib/python3.12/site-packages/airflow/example_dags/example_trigger_target_dag.py for tasks to queue
[2026-07-20T06:57:56.594+0000] {logging_mixin.py:188} INFO - [2026-07-20T06:57:56.593+0000] {dagbag.py:545} INFO - Filling up the DagBag from /workspaces/recomart-recommendation-pipeline/airflow_venv/lib/python3.12/site-packages/airflow/example_dags/example_trigger_target_dag.py
[2026-07-20T06:57:56.601+0000] {processor.py:840} INFO - DAG(s) 'example_trigger_target_dag' retrieved from /workspaces/recomart-recommendation-pipeline/airflow_venv/lib/python3.12/site-packages/airflow/example_dags/example_trigger_target_dag.py
[2026-07-20T06:57:56.609+0000] {logging_mixin.py:188} INFO - [2026-07-20T06:57:56.608+0000] {dag.py:3089} INFO - Sync 1 DAGs
[2026-07-20T06:57:56.619+0000] {logging_mixin.py:188} INFO - [2026-07-20T06:57:56.618+0000] {dag.py:3947} INFO - Setting next_dagrun for example_trigger_target_dag to None, run_after=None
[2026-07-20T06:57:56.638+0000] {processor.py:183} INFO - Processing /workspaces/recomart-recommendation-pipeline/airflow_venv/lib/python3.12/site-packages/airflow/example_dags/example_trigger_target_dag.py took 0.052 seconds
[2026-07-20T06:58:54.128+0000] {processor.py:161} INFO - Started process (PID=90167) to work on /workspaces/recomart-recommendation-pipeline/airflow_venv/lib/python3.12/site-packages/airflow/example_dags/example_trigger_target_dag.py
[2026-07-20T06:58:54.129+0000] {processor.py:830} INFO - Processing file /workspaces/recomart-recommendation-pipeline/airflow_venv/lib/python3.12/site-packages/airflow/example_dags/example_trigger_target_dag.py for tasks to queue
[2026-07-20T06:58:54.130+0000] {logging_mixin.py:188} INFO - [2026-07-20T06:58:54.130+0000] {dagbag.py:545} INFO - Filling up the DagBag from /workspaces/recomart-recommendation-pipeline/airflow_venv/lib/python3.12/site-packages/airflow/example_dags/example_trigger_target_dag.py
[2026-07-20T06:58:54.135+0000] {processor.py:840} INFO - DAG(s) 'example_trigger_target_dag' retrieved from /workspaces/recomart-recommendation-pipeline/airflow_venv/lib/python3.12/site-packages/airflow/example_dags/example_trigger_target_dag.py
[2026-07-20T06:58:54.221+0000] {logging_mixin.py:188} INFO - [2026-07-20T06:58:54.221+0000] {dag.py:3089} INFO - Sync 1 DAGs
[2026-07-20T06:58:54.228+0000] {logging_mixin.py:188} INFO - [2026-07-20T06:58:54.228+0000] {dag.py:3947} INFO - Setting next_dagrun for example_trigger_target_dag to None, run_after=None
[2026-07-20T06:58:54.245+0000] {processor.py:183} INFO - Processing /workspaces/recomart-recommendation-pipeline/airflow_venv/lib/python3.12/site-packages/airflow/example_dags/example_trigger_target_dag.py took 0.121 seconds
[2026-07-20T07:00:25.873+0000] {processor.py:161} INFO - Started process (PID=91736) to work on /workspaces/recomart-recommendation-pipeline/airflow_venv/lib/python3.12/site-packages/airflow/example_dags/example_trigger_target_dag.py
[2026-07-20T07:00:25.874+0000] {processor.py:830} INFO - Processing file /workspaces/recomart-recommendation-pipeline/airflow_venv/lib/python3.12/site-packages/airflow/example_dags/example_trigger_target_dag.py for tasks to queue
[2026-07-20T07:00:25.876+0000] {logging_mixin.py:188} INFO - [2026-07-20T07:00:25.875+0000] {dagbag.py:545} INFO - Filling up the DagBag from /workspaces/recomart-recommendation-pipeline/airflow_venv/lib/python3.12/site-packages/airflow/example_dags/example_trigger_target_dag.py
[2026-07-20T07:00:25.882+0000] {processor.py:840} INFO - DAG(s) 'example_trigger_target_dag' retrieved from /workspaces/recomart-recommendation-pipeline/airflow_venv/lib/python3.12/site-packages/airflow/example_dags/example_trigger_target_dag.py
[2026-07-20T07:00:25.895+0000] {logging_mixin.py:188} INFO - [2026-07-20T07:00:25.895+0000] {dag.py:3089} INFO - Sync 1 DAGs
[2026-07-20T07:00:25.905+0000] {logging_mixin.py:188} INFO - [2026-07-20T07:00:25.904+0000] {dag.py:3947} INFO - Setting next_dagrun for example_trigger_target_dag to None, run_after=None
[2026-07-20T07:00:25.921+0000] {processor.py:183} INFO - Processing /workspaces/recomart-recommendation-pipeline/airflow_venv/lib/python3.12/site-packages/airflow/example_dags/example_trigger_target_dag.py took 0.053 seconds
[2026-07-20T07:01:17.080+0000] {processor.py:161} INFO - Started process (PID=92170) to work on /workspaces/recomart-recommendation-pipeline/airflow_venv/lib/python3.12/site-packages/airflow/example_dags/example_trigger_target_dag.py
[2026-07-20T07:01:17.081+0000] {processor.py:830} INFO - Processing file /workspaces/recomart-recommendation-pipeline/airflow_venv/lib/python3.12/site-packages/airflow/example_dags/example_trigger_target_dag.py for tasks to queue
[2026-07-20T07:01:17.083+0000] {logging_mixin.py:188} INFO - [2026-07-20T07:01:17.083+0000] {dagbag.py:545} INFO - Filling up the DagBag from /workspaces/recomart-recommendation-pipeline/airflow_venv/lib/python3.12/site-packages/airflow/example_dags/example_trigger_target_dag.py
[2026-07-20T07:01:17.089+0000] {processor.py:840} INFO - DAG(s) 'example_trigger_target_dag' retrieved from /workspaces/recomart-recommendation-pipeline/airflow_venv/lib/python3.12/site-packages/airflow/example_dags/example_trigger_target_dag.py
[2026-07-20T07:01:17.101+0000] {logging_mixin.py:188} INFO - [2026-07-20T07:01:17.101+0000] {dag.py:3089} INFO - Sync 1 DAGs
[2026-07-20T07:01:17.110+0000] {logging_mixin.py:188} INFO - [2026-07-20T07:01:17.109+0000] {dag.py:3947} INFO - Setting next_dagrun for example_trigger_target_dag to None, run_after=None
[2026-07-20T07:01:17.126+0000] {processor.py:183} INFO - Processing /workspaces/recomart-recommendation-pipeline/airflow_venv/lib/python3.12/site-packages/airflow/example_dags/example_trigger_target_dag.py took 0.052 seconds
