[2026-07-20T05:58:57.809+0000] {processor.py:161} INFO - Started process (PID=58082) to work on /workspaces/recomart-recommendation-pipeline/airflow_venv/lib/python3.12/site-packages/airflow/example_dags/example_task_group.py
[2026-07-20T05:58:57.810+0000] {processor.py:830} INFO - Processing file /workspaces/recomart-recommendation-pipeline/airflow_venv/lib/python3.12/site-packages/airflow/example_dags/example_task_group.py for tasks to queue
[2026-07-20T05:58:57.812+0000] {logging_mixin.py:188} INFO - [2026-07-20T05:58:57.811+0000] {dagbag.py:545} INFO - Filling up the DagBag from /workspaces/recomart-recommendation-pipeline/airflow_venv/lib/python3.12/site-packages/airflow/example_dags/example_task_group.py
[2026-07-20T05:58:57.823+0000] {processor.py:840} INFO - DAG(s) 'example_task_group' retrieved from /workspaces/recomart-recommendation-pipeline/airflow_venv/lib/python3.12/site-packages/airflow/example_dags/example_task_group.py
[2026-07-20T05:58:58.119+0000] {logging_mixin.py:188} INFO - [2026-07-20T05:58:58.118+0000] {override.py:1858} INFO - Created Permission View: can read on DAG:example_task_group
[2026-07-20T05:58:58.141+0000] {logging_mixin.py:188} INFO - [2026-07-20T05:58:58.140+0000] {override.py:1858} INFO - Created Permission View: can edit on DAG:example_task_group
[2026-07-20T05:58:58.151+0000] {logging_mixin.py:188} INFO - [2026-07-20T05:58:58.151+0000] {override.py:1858} INFO - Created Permission View: can delete on DAG:example_task_group
[2026-07-20T05:58:58.152+0000] {logging_mixin.py:188} INFO - [2026-07-20T05:58:58.152+0000] {dag.py:3089} INFO - Sync 1 DAGs
[2026-07-20T05:58:58.160+0000] {logging_mixin.py:188} INFO - [2026-07-20T05:58:58.160+0000] {dag.py:3111} INFO - Creating ORM DAG for example_task_group
[2026-07-20T05:58:58.170+0000] {logging_mixin.py:188} INFO - [2026-07-20T05:58:58.170+0000] {dag.py:3947} INFO - Setting next_dagrun for example_task_group to 2026-07-19 00:00:00+00:00, run_after=2026-07-20 00:00:00+00:00
[2026-07-20T05:58:58.191+0000] {processor.py:183} INFO - Processing /workspaces/recomart-recommendation-pipeline/airflow_venv/lib/python3.12/site-packages/airflow/example_dags/example_task_group.py took 0.389 seconds
[2026-07-20T05:59:56.691+0000] {processor.py:161} INFO - Started process (PID=58626) to work on /workspaces/recomart-recommendation-pipeline/airflow_venv/lib/python3.12/site-packages/airflow/example_dags/example_task_group.py
[2026-07-20T05:59:56.692+0000] {processor.py:830} INFO - Processing file /workspaces/recomart-recommendation-pipeline/airflow_venv/lib/python3.12/site-packages/airflow/example_dags/example_task_group.py for tasks to queue
[2026-07-20T05:59:56.694+0000] {logging_mixin.py:188} INFO - [2026-07-20T05:59:56.693+0000] {dagbag.py:545} INFO - Filling up the DagBag from /workspaces/recomart-recommendation-pipeline/airflow_venv/lib/python3.12/site-packages/airflow/example_dags/example_task_group.py
[2026-07-20T05:59:56.700+0000] {processor.py:840} INFO - DAG(s) 'example_task_group' retrieved from /workspaces/recomart-recommendation-pipeline/airflow_venv/lib/python3.12/site-packages/airflow/example_dags/example_task_group.py
[2026-07-20T05:59:56.713+0000] {logging_mixin.py:188} INFO - [2026-07-20T05:59:56.712+0000] {dag.py:3089} INFO - Sync 1 DAGs
[2026-07-20T05:59:56.727+0000] {logging_mixin.py:188} INFO - [2026-07-20T05:59:56.727+0000] {dag.py:3947} INFO - Setting next_dagrun for example_task_group to 2026-07-19 00:00:00+00:00, run_after=2026-07-20 00:00:00+00:00
[2026-07-20T05:59:56.744+0000] {processor.py:183} INFO - Processing /workspaces/recomart-recommendation-pipeline/airflow_venv/lib/python3.12/site-packages/airflow/example_dags/example_task_group.py took 0.058 seconds
[2026-07-20T06:00:44.751+0000] {processor.py:161} INFO - Started process (PID=59087) to work on /workspaces/recomart-recommendation-pipeline/airflow_venv/lib/python3.12/site-packages/airflow/example_dags/example_task_group.py
[2026-07-20T06:00:44.752+0000] {processor.py:830} INFO - Processing file /workspaces/recomart-recommendation-pipeline/airflow_venv/lib/python3.12/site-packages/airflow/example_dags/example_task_group.py for tasks to queue
[2026-07-20T06:00:44.754+0000] {logging_mixin.py:188} INFO - [2026-07-20T06:00:44.753+0000] {dagbag.py:545} INFO - Filling up the DagBag from /workspaces/recomart-recommendation-pipeline/airflow_venv/lib/python3.12/site-packages/airflow/example_dags/example_task_group.py
[2026-07-20T06:00:44.762+0000] {processor.py:840} INFO - DAG(s) 'example_task_group' retrieved from /workspaces/recomart-recommendation-pipeline/airflow_venv/lib/python3.12/site-packages/airflow/example_dags/example_task_group.py
[2026-07-20T06:00:44.790+0000] {logging_mixin.py:188} INFO - [2026-07-20T06:00:44.790+0000] {dag.py:3089} INFO - Sync 1 DAGs
[2026-07-20T06:00:44.813+0000] {logging_mixin.py:188} INFO - [2026-07-20T06:00:44.813+0000] {dag.py:3947} INFO - Setting next_dagrun for example_task_group to 2026-07-19 00:00:00+00:00, run_after=2026-07-20 00:00:00+00:00
[2026-07-20T06:00:44.873+0000] {processor.py:183} INFO - Processing /workspaces/recomart-recommendation-pipeline/airflow_venv/lib/python3.12/site-packages/airflow/example_dags/example_task_group.py took 0.128 seconds
[2026-07-20T06:01:36.773+0000] {processor.py:161} INFO - Started process (PID=59723) to work on /workspaces/recomart-recommendation-pipeline/airflow_venv/lib/python3.12/site-packages/airflow/example_dags/example_task_group.py
[2026-07-20T06:01:36.774+0000] {processor.py:830} INFO - Processing file /workspaces/recomart-recommendation-pipeline/airflow_venv/lib/python3.12/site-packages/airflow/example_dags/example_task_group.py for tasks to queue
[2026-07-20T06:01:36.776+0000] {logging_mixin.py:188} INFO - [2026-07-20T06:01:36.775+0000] {dagbag.py:545} INFO - Filling up the DagBag from /workspaces/recomart-recommendation-pipeline/airflow_venv/lib/python3.12/site-packages/airflow/example_dags/example_task_group.py
[2026-07-20T06:01:36.783+0000] {processor.py:840} INFO - DAG(s) 'example_task_group' retrieved from /workspaces/recomart-recommendation-pipeline/airflow_venv/lib/python3.12/site-packages/airflow/example_dags/example_task_group.py
[2026-07-20T06:01:36.798+0000] {logging_mixin.py:188} INFO - [2026-07-20T06:01:36.798+0000] {dag.py:3089} INFO - Sync 1 DAGs
[2026-07-20T06:01:36.815+0000] {logging_mixin.py:188} INFO - [2026-07-20T06:01:36.815+0000] {dag.py:3947} INFO - Setting next_dagrun for example_task_group to 2026-07-19 00:00:00+00:00, run_after=2026-07-20 00:00:00+00:00
[2026-07-20T06:01:36.833+0000] {processor.py:183} INFO - Processing /workspaces/recomart-recommendation-pipeline/airflow_venv/lib/python3.12/site-packages/airflow/example_dags/example_task_group.py took 0.066 seconds
[2026-07-20T06:02:21.923+0000] {processor.py:161} INFO - Started process (PID=60096) to work on /workspaces/recomart-recommendation-pipeline/airflow_venv/lib/python3.12/site-packages/airflow/example_dags/example_task_group.py
[2026-07-20T06:02:21.924+0000] {processor.py:830} INFO - Processing file /workspaces/recomart-recommendation-pipeline/airflow_venv/lib/python3.12/site-packages/airflow/example_dags/example_task_group.py for tasks to queue
[2026-07-20T06:02:21.925+0000] {logging_mixin.py:188} INFO - [2026-07-20T06:02:21.925+0000] {dagbag.py:545} INFO - Filling up the DagBag from /workspaces/recomart-recommendation-pipeline/airflow_venv/lib/python3.12/site-packages/airflow/example_dags/example_task_group.py
[2026-07-20T06:02:21.931+0000] {processor.py:840} INFO - DAG(s) 'example_task_group' retrieved from /workspaces/recomart-recommendation-pipeline/airflow_venv/lib/python3.12/site-packages/airflow/example_dags/example_task_group.py
[2026-07-20T06:02:21.943+0000] {logging_mixin.py:188} INFO - [2026-07-20T06:02:21.943+0000] {dag.py:3089} INFO - Sync 1 DAGs
[2026-07-20T06:02:21.957+0000] {logging_mixin.py:188} INFO - [2026-07-20T06:02:21.957+0000] {dag.py:3947} INFO - Setting next_dagrun for example_task_group to 2026-07-19 00:00:00+00:00, run_after=2026-07-20 00:00:00+00:00
[2026-07-20T06:02:21.975+0000] {processor.py:183} INFO - Processing /workspaces/recomart-recommendation-pipeline/airflow_venv/lib/python3.12/site-packages/airflow/example_dags/example_task_group.py took 0.056 seconds
[2026-07-20T06:03:05.649+0000] {processor.py:161} INFO - Started process (PID=60468) to work on /workspaces/recomart-recommendation-pipeline/airflow_venv/lib/python3.12/site-packages/airflow/example_dags/example_task_group.py
[2026-07-20T06:03:05.651+0000] {processor.py:830} INFO - Processing file /workspaces/recomart-recommendation-pipeline/airflow_venv/lib/python3.12/site-packages/airflow/example_dags/example_task_group.py for tasks to queue
[2026-07-20T06:03:05.653+0000] {logging_mixin.py:188} INFO - [2026-07-20T06:03:05.653+0000] {dagbag.py:545} INFO - Filling up the DagBag from /workspaces/recomart-recommendation-pipeline/airflow_venv/lib/python3.12/site-packages/airflow/example_dags/example_task_group.py
[2026-07-20T06:03:05.661+0000] {processor.py:840} INFO - DAG(s) 'example_task_group' retrieved from /workspaces/recomart-recommendation-pipeline/airflow_venv/lib/python3.12/site-packages/airflow/example_dags/example_task_group.py
[2026-07-20T06:03:05.679+0000] {logging_mixin.py:188} INFO - [2026-07-20T06:03:05.679+0000] {dag.py:3089} INFO - Sync 1 DAGs
[2026-07-20T06:03:05.697+0000] {logging_mixin.py:188} INFO - [2026-07-20T06:03:05.697+0000] {dag.py:3947} INFO - Setting next_dagrun for example_task_group to 2026-07-19 00:00:00+00:00, run_after=2026-07-20 00:00:00+00:00
[2026-07-20T06:03:05.715+0000] {processor.py:183} INFO - Processing /workspaces/recomart-recommendation-pipeline/airflow_venv/lib/python3.12/site-packages/airflow/example_dags/example_task_group.py took 0.073 seconds
[2026-07-20T06:03:48.309+0000] {processor.py:161} INFO - Started process (PID=60892) to work on /workspaces/recomart-recommendation-pipeline/airflow_venv/lib/python3.12/site-packages/airflow/example_dags/example_task_group.py
[2026-07-20T06:03:48.309+0000] {processor.py:830} INFO - Processing file /workspaces/recomart-recommendation-pipeline/airflow_venv/lib/python3.12/site-packages/airflow/example_dags/example_task_group.py for tasks to queue
[2026-07-20T06:03:48.311+0000] {logging_mixin.py:188} INFO - [2026-07-20T06:03:48.310+0000] {dagbag.py:545} INFO - Filling up the DagBag from /workspaces/recomart-recommendation-pipeline/airflow_venv/lib/python3.12/site-packages/airflow/example_dags/example_task_group.py
[2026-07-20T06:03:48.316+0000] {processor.py:840} INFO - DAG(s) 'example_task_group' retrieved from /workspaces/recomart-recommendation-pipeline/airflow_venv/lib/python3.12/site-packages/airflow/example_dags/example_task_group.py
[2026-07-20T06:03:48.330+0000] {logging_mixin.py:188} INFO - [2026-07-20T06:03:48.329+0000] {dag.py:3089} INFO - Sync 1 DAGs
[2026-07-20T06:03:48.345+0000] {logging_mixin.py:188} INFO - [2026-07-20T06:03:48.344+0000] {dag.py:3947} INFO - Setting next_dagrun for example_task_group to 2026-07-19 00:00:00+00:00, run_after=2026-07-20 00:00:00+00:00
[2026-07-20T06:03:48.361+0000] {processor.py:183} INFO - Processing /workspaces/recomart-recommendation-pipeline/airflow_venv/lib/python3.12/site-packages/airflow/example_dags/example_task_group.py took 0.057 seconds
[2026-07-20T06:04:32.976+0000] {processor.py:161} INFO - Started process (PID=61228) to work on /workspaces/recomart-recommendation-pipeline/airflow_venv/lib/python3.12/site-packages/airflow/example_dags/example_task_group.py
[2026-07-20T06:04:32.977+0000] {processor.py:830} INFO - Processing file /workspaces/recomart-recommendation-pipeline/airflow_venv/lib/python3.12/site-packages/airflow/example_dags/example_task_group.py for tasks to queue
[2026-07-20T06:04:32.979+0000] {logging_mixin.py:188} INFO - [2026-07-20T06:04:32.978+0000] {dagbag.py:545} INFO - Filling up the DagBag from /workspaces/recomart-recommendation-pipeline/airflow_venv/lib/python3.12/site-packages/airflow/example_dags/example_task_group.py
[2026-07-20T06:04:32.986+0000] {processor.py:840} INFO - DAG(s) 'example_task_group' retrieved from /workspaces/recomart-recommendation-pipeline/airflow_venv/lib/python3.12/site-packages/airflow/example_dags/example_task_group.py
[2026-07-20T06:04:33.000+0000] {logging_mixin.py:188} INFO - [2026-07-20T06:04:32.999+0000] {dag.py:3089} INFO - Sync 1 DAGs
[2026-07-20T06:04:33.121+0000] {logging_mixin.py:188} INFO - [2026-07-20T06:04:33.121+0000] {dag.py:3947} INFO - Setting next_dagrun for example_task_group to 2026-07-19 00:00:00+00:00, run_after=2026-07-20 00:00:00+00:00
[2026-07-20T06:04:33.137+0000] {processor.py:183} INFO - Processing /workspaces/recomart-recommendation-pipeline/airflow_venv/lib/python3.12/site-packages/airflow/example_dags/example_task_group.py took 0.167 seconds
[2026-07-20T06:05:16.514+0000] {processor.py:161} INFO - Started process (PID=61596) to work on /workspaces/recomart-recommendation-pipeline/airflow_venv/lib/python3.12/site-packages/airflow/example_dags/example_task_group.py
[2026-07-20T06:05:16.515+0000] {processor.py:830} INFO - Processing file /workspaces/recomart-recommendation-pipeline/airflow_venv/lib/python3.12/site-packages/airflow/example_dags/example_task_group.py for tasks to queue
[2026-07-20T06:05:16.516+0000] {logging_mixin.py:188} INFO - [2026-07-20T06:05:16.516+0000] {dagbag.py:545} INFO - Filling up the DagBag from /workspaces/recomart-recommendation-pipeline/airflow_venv/lib/python3.12/site-packages/airflow/example_dags/example_task_group.py
[2026-07-20T06:05:16.522+0000] {processor.py:840} INFO - DAG(s) 'example_task_group' retrieved from /workspaces/recomart-recommendation-pipeline/airflow_venv/lib/python3.12/site-packages/airflow/example_dags/example_task_group.py
[2026-07-20T06:05:16.538+0000] {logging_mixin.py:188} INFO - [2026-07-20T06:05:16.538+0000] {dag.py:3089} INFO - Sync 1 DAGs
[2026-07-20T06:05:16.554+0000] {logging_mixin.py:188} INFO - [2026-07-20T06:05:16.554+0000] {dag.py:3947} INFO - Setting next_dagrun for example_task_group to 2026-07-19 00:00:00+00:00, run_after=2026-07-20 00:00:00+00:00
[2026-07-20T06:05:16.571+0000] {processor.py:183} INFO - Processing /workspaces/recomart-recommendation-pipeline/airflow_venv/lib/python3.12/site-packages/airflow/example_dags/example_task_group.py took 0.061 seconds
[2026-07-20T06:06:01.797+0000] {processor.py:161} INFO - Started process (PID=61973) to work on /workspaces/recomart-recommendation-pipeline/airflow_venv/lib/python3.12/site-packages/airflow/example_dags/example_task_group.py
[2026-07-20T06:06:01.798+0000] {processor.py:830} INFO - Processing file /workspaces/recomart-recommendation-pipeline/airflow_venv/lib/python3.12/site-packages/airflow/example_dags/example_task_group.py for tasks to queue
[2026-07-20T06:06:01.799+0000] {logging_mixin.py:188} INFO - [2026-07-20T06:06:01.799+0000] {dagbag.py:545} INFO - Filling up the DagBag from /workspaces/recomart-recommendation-pipeline/airflow_venv/lib/python3.12/site-packages/airflow/example_dags/example_task_group.py
[2026-07-20T06:06:01.805+0000] {processor.py:840} INFO - DAG(s) 'example_task_group' retrieved from /workspaces/recomart-recommendation-pipeline/airflow_venv/lib/python3.12/site-packages/airflow/example_dags/example_task_group.py
[2026-07-20T06:06:01.818+0000] {logging_mixin.py:188} INFO - [2026-07-20T06:06:01.818+0000] {dag.py:3089} INFO - Sync 1 DAGs
[2026-07-20T06:06:01.833+0000] {logging_mixin.py:188} INFO - [2026-07-20T06:06:01.833+0000] {dag.py:3947} INFO - Setting next_dagrun for example_task_group to 2026-07-19 00:00:00+00:00, run_after=2026-07-20 00:00:00+00:00
[2026-07-20T06:06:01.849+0000] {processor.py:183} INFO - Processing /workspaces/recomart-recommendation-pipeline/airflow_venv/lib/python3.12/site-packages/airflow/example_dags/example_task_group.py took 0.056 seconds
[2026-07-20T06:06:49.595+0000] {processor.py:161} INFO - Started process (PID=62386) to work on /workspaces/recomart-recommendation-pipeline/airflow_venv/lib/python3.12/site-packages/airflow/example_dags/example_task_group.py
[2026-07-20T06:06:49.596+0000] {processor.py:830} INFO - Processing file /workspaces/recomart-recommendation-pipeline/airflow_venv/lib/python3.12/site-packages/airflow/example_dags/example_task_group.py for tasks to queue
[2026-07-20T06:06:49.597+0000] {logging_mixin.py:188} INFO - [2026-07-20T06:06:49.597+0000] {dagbag.py:545} INFO - Filling up the DagBag from /workspaces/recomart-recommendation-pipeline/airflow_venv/lib/python3.12/site-packages/airflow/example_dags/example_task_group.py
[2026-07-20T06:06:49.603+0000] {processor.py:840} INFO - DAG(s) 'example_task_group' retrieved from /workspaces/recomart-recommendation-pipeline/airflow_venv/lib/python3.12/site-packages/airflow/example_dags/example_task_group.py
[2026-07-20T06:06:49.616+0000] {logging_mixin.py:188} INFO - [2026-07-20T06:06:49.615+0000] {dag.py:3089} INFO - Sync 1 DAGs
[2026-07-20T06:06:49.724+0000] {logging_mixin.py:188} INFO - [2026-07-20T06:06:49.724+0000] {dag.py:3947} INFO - Setting next_dagrun for example_task_group to 2026-07-19 00:00:00+00:00, run_after=2026-07-20 00:00:00+00:00
[2026-07-20T06:06:49.739+0000] {processor.py:183} INFO - Processing /workspaces/recomart-recommendation-pipeline/airflow_venv/lib/python3.12/site-packages/airflow/example_dags/example_task_group.py took 0.150 seconds
[2026-07-20T06:07:39.399+0000] {processor.py:161} INFO - Started process (PID=62803) to work on /workspaces/recomart-recommendation-pipeline/airflow_venv/lib/python3.12/site-packages/airflow/example_dags/example_task_group.py
[2026-07-20T06:07:39.400+0000] {processor.py:830} INFO - Processing file /workspaces/recomart-recommendation-pipeline/airflow_venv/lib/python3.12/site-packages/airflow/example_dags/example_task_group.py for tasks to queue
[2026-07-20T06:07:39.401+0000] {logging_mixin.py:188} INFO - [2026-07-20T06:07:39.401+0000] {dagbag.py:545} INFO - Filling up the DagBag from /workspaces/recomart-recommendation-pipeline/airflow_venv/lib/python3.12/site-packages/airflow/example_dags/example_task_group.py
[2026-07-20T06:07:39.406+0000] {processor.py:840} INFO - DAG(s) 'example_task_group' retrieved from /workspaces/recomart-recommendation-pipeline/airflow_venv/lib/python3.12/site-packages/airflow/example_dags/example_task_group.py
[2026-07-20T06:07:39.422+0000] {logging_mixin.py:188} INFO - [2026-07-20T06:07:39.422+0000] {dag.py:3089} INFO - Sync 1 DAGs
[2026-07-20T06:07:39.443+0000] {logging_mixin.py:188} INFO - [2026-07-20T06:07:39.443+0000] {dag.py:3947} INFO - Setting next_dagrun for example_task_group to 2026-07-19 00:00:00+00:00, run_after=2026-07-20 00:00:00+00:00
[2026-07-20T06:07:39.460+0000] {processor.py:183} INFO - Processing /workspaces/recomart-recommendation-pipeline/airflow_venv/lib/python3.12/site-packages/airflow/example_dags/example_task_group.py took 0.066 seconds
[2026-07-20T06:08:55.972+0000] {processor.py:161} INFO - Started process (PID=63587) to work on /workspaces/recomart-recommendation-pipeline/airflow_venv/lib/python3.12/site-packages/airflow/example_dags/example_task_group.py
[2026-07-20T06:08:55.974+0000] {processor.py:830} INFO - Processing file /workspaces/recomart-recommendation-pipeline/airflow_venv/lib/python3.12/site-packages/airflow/example_dags/example_task_group.py for tasks to queue
[2026-07-20T06:08:55.976+0000] {logging_mixin.py:188} INFO - [2026-07-20T06:08:55.976+0000] {dagbag.py:545} INFO - Filling up the DagBag from /workspaces/recomart-recommendation-pipeline/airflow_venv/lib/python3.12/site-packages/airflow/example_dags/example_task_group.py
[2026-07-20T06:08:55.988+0000] {processor.py:840} INFO - DAG(s) 'example_task_group' retrieved from /workspaces/recomart-recommendation-pipeline/airflow_venv/lib/python3.12/site-packages/airflow/example_dags/example_task_group.py
[2026-07-20T06:08:55.995+0000] {logging_mixin.py:188} INFO - [2026-07-20T06:08:55.995+0000] {dag.py:3089} INFO - Sync 1 DAGs
[2026-07-20T06:08:56.018+0000] {logging_mixin.py:188} INFO - [2026-07-20T06:08:56.017+0000] {dag.py:3947} INFO - Setting next_dagrun for example_task_group to 2026-07-19 00:00:00+00:00, run_after=2026-07-20 00:00:00+00:00
[2026-07-20T06:08:56.172+0000] {processor.py:183} INFO - Processing /workspaces/recomart-recommendation-pipeline/airflow_venv/lib/python3.12/site-packages/airflow/example_dags/example_task_group.py took 0.209 seconds
[2026-07-20T06:09:51.470+0000] {processor.py:161} INFO - Started process (PID=64067) to work on /workspaces/recomart-recommendation-pipeline/airflow_venv/lib/python3.12/site-packages/airflow/example_dags/example_task_group.py
[2026-07-20T06:09:51.471+0000] {processor.py:830} INFO - Processing file /workspaces/recomart-recommendation-pipeline/airflow_venv/lib/python3.12/site-packages/airflow/example_dags/example_task_group.py for tasks to queue
[2026-07-20T06:09:51.473+0000] {logging_mixin.py:188} INFO - [2026-07-20T06:09:51.473+0000] {dagbag.py:545} INFO - Filling up the DagBag from /workspaces/recomart-recommendation-pipeline/airflow_venv/lib/python3.12/site-packages/airflow/example_dags/example_task_group.py
[2026-07-20T06:09:51.480+0000] {processor.py:840} INFO - DAG(s) 'example_task_group' retrieved from /workspaces/recomart-recommendation-pipeline/airflow_venv/lib/python3.12/site-packages/airflow/example_dags/example_task_group.py
[2026-07-20T06:09:51.587+0000] {logging_mixin.py:188} INFO - [2026-07-20T06:09:51.587+0000] {dag.py:3089} INFO - Sync 1 DAGs
[2026-07-20T06:09:51.601+0000] {logging_mixin.py:188} INFO - [2026-07-20T06:09:51.601+0000] {dag.py:3947} INFO - Setting next_dagrun for example_task_group to 2026-07-19 00:00:00+00:00, run_after=2026-07-20 00:00:00+00:00
[2026-07-20T06:09:51.618+0000] {processor.py:183} INFO - Processing /workspaces/recomart-recommendation-pipeline/airflow_venv/lib/python3.12/site-packages/airflow/example_dags/example_task_group.py took 0.153 seconds
[2026-07-20T06:10:41.067+0000] {processor.py:161} INFO - Started process (PID=64466) to work on /workspaces/recomart-recommendation-pipeline/airflow_venv/lib/python3.12/site-packages/airflow/example_dags/example_task_group.py
[2026-07-20T06:10:41.069+0000] {processor.py:830} INFO - Processing file /workspaces/recomart-recommendation-pipeline/airflow_venv/lib/python3.12/site-packages/airflow/example_dags/example_task_group.py for tasks to queue
[2026-07-20T06:10:41.079+0000] {logging_mixin.py:188} INFO - [2026-07-20T06:10:41.078+0000] {dagbag.py:545} INFO - Filling up the DagBag from /workspaces/recomart-recommendation-pipeline/airflow_venv/lib/python3.12/site-packages/airflow/example_dags/example_task_group.py
[2026-07-20T06:10:41.112+0000] {processor.py:840} INFO - DAG(s) 'example_task_group' retrieved from /workspaces/recomart-recommendation-pipeline/airflow_venv/lib/python3.12/site-packages/airflow/example_dags/example_task_group.py
[2026-07-20T06:10:41.155+0000] {logging_mixin.py:188} INFO - [2026-07-20T06:10:41.155+0000] {dag.py:3089} INFO - Sync 1 DAGs
[2026-07-20T06:10:41.202+0000] {logging_mixin.py:188} INFO - [2026-07-20T06:10:41.202+0000] {dag.py:3947} INFO - Setting next_dagrun for example_task_group to 2026-07-19 00:00:00+00:00, run_after=2026-07-20 00:00:00+00:00
[2026-07-20T06:10:41.233+0000] {processor.py:183} INFO - Processing /workspaces/recomart-recommendation-pipeline/airflow_venv/lib/python3.12/site-packages/airflow/example_dags/example_task_group.py took 0.199 seconds
[2026-07-20T06:11:32.782+0000] {processor.py:161} INFO - Started process (PID=65029) to work on /workspaces/recomart-recommendation-pipeline/airflow_venv/lib/python3.12/site-packages/airflow/example_dags/example_task_group.py
[2026-07-20T06:11:32.782+0000] {processor.py:830} INFO - Processing file /workspaces/recomart-recommendation-pipeline/airflow_venv/lib/python3.12/site-packages/airflow/example_dags/example_task_group.py for tasks to queue
[2026-07-20T06:11:32.784+0000] {logging_mixin.py:188} INFO - [2026-07-20T06:11:32.783+0000] {dagbag.py:545} INFO - Filling up the DagBag from /workspaces/recomart-recommendation-pipeline/airflow_venv/lib/python3.12/site-packages/airflow/example_dags/example_task_group.py
[2026-07-20T06:11:32.789+0000] {processor.py:840} INFO - DAG(s) 'example_task_group' retrieved from /workspaces/recomart-recommendation-pipeline/airflow_venv/lib/python3.12/site-packages/airflow/example_dags/example_task_group.py
[2026-07-20T06:11:32.802+0000] {logging_mixin.py:188} INFO - [2026-07-20T06:11:32.802+0000] {dag.py:3089} INFO - Sync 1 DAGs
[2026-07-20T06:11:32.818+0000] {logging_mixin.py:188} INFO - [2026-07-20T06:11:32.818+0000] {dag.py:3947} INFO - Setting next_dagrun for example_task_group to 2026-07-19 00:00:00+00:00, run_after=2026-07-20 00:00:00+00:00
[2026-07-20T06:11:32.837+0000] {processor.py:183} INFO - Processing /workspaces/recomart-recommendation-pipeline/airflow_venv/lib/python3.12/site-packages/airflow/example_dags/example_task_group.py took 0.060 seconds
[2026-07-20T06:12:13.640+0000] {processor.py:161} INFO - Started process (PID=65385) to work on /workspaces/recomart-recommendation-pipeline/airflow_venv/lib/python3.12/site-packages/airflow/example_dags/example_task_group.py
[2026-07-20T06:12:13.641+0000] {processor.py:830} INFO - Processing file /workspaces/recomart-recommendation-pipeline/airflow_venv/lib/python3.12/site-packages/airflow/example_dags/example_task_group.py for tasks to queue
[2026-07-20T06:12:13.642+0000] {logging_mixin.py:188} INFO - [2026-07-20T06:12:13.642+0000] {dagbag.py:545} INFO - Filling up the DagBag from /workspaces/recomart-recommendation-pipeline/airflow_venv/lib/python3.12/site-packages/airflow/example_dags/example_task_group.py
[2026-07-20T06:12:13.648+0000] {processor.py:840} INFO - DAG(s) 'example_task_group' retrieved from /workspaces/recomart-recommendation-pipeline/airflow_venv/lib/python3.12/site-packages/airflow/example_dags/example_task_group.py
[2026-07-20T06:12:13.662+0000] {logging_mixin.py:188} INFO - [2026-07-20T06:12:13.661+0000] {dag.py:3089} INFO - Sync 1 DAGs
[2026-07-20T06:12:13.680+0000] {logging_mixin.py:188} INFO - [2026-07-20T06:12:13.679+0000] {dag.py:3947} INFO - Setting next_dagrun for example_task_group to 2026-07-19 00:00:00+00:00, run_after=2026-07-20 00:00:00+00:00
[2026-07-20T06:12:13.699+0000] {processor.py:183} INFO - Processing /workspaces/recomart-recommendation-pipeline/airflow_venv/lib/python3.12/site-packages/airflow/example_dags/example_task_group.py took 0.064 seconds
[2026-07-20T06:12:57.315+0000] {processor.py:161} INFO - Started process (PID=65754) to work on /workspaces/recomart-recommendation-pipeline/airflow_venv/lib/python3.12/site-packages/airflow/example_dags/example_task_group.py
[2026-07-20T06:12:57.316+0000] {processor.py:830} INFO - Processing file /workspaces/recomart-recommendation-pipeline/airflow_venv/lib/python3.12/site-packages/airflow/example_dags/example_task_group.py for tasks to queue
[2026-07-20T06:12:57.318+0000] {logging_mixin.py:188} INFO - [2026-07-20T06:12:57.317+0000] {dagbag.py:545} INFO - Filling up the DagBag from /workspaces/recomart-recommendation-pipeline/airflow_venv/lib/python3.12/site-packages/airflow/example_dags/example_task_group.py
[2026-07-20T06:12:57.325+0000] {processor.py:840} INFO - DAG(s) 'example_task_group' retrieved from /workspaces/recomart-recommendation-pipeline/airflow_venv/lib/python3.12/site-packages/airflow/example_dags/example_task_group.py
[2026-07-20T06:12:57.353+0000] {logging_mixin.py:188} INFO - [2026-07-20T06:12:57.353+0000] {dag.py:3089} INFO - Sync 1 DAGs
[2026-07-20T06:12:57.369+0000] {logging_mixin.py:188} INFO - [2026-07-20T06:12:57.369+0000] {dag.py:3947} INFO - Setting next_dagrun for example_task_group to 2026-07-19 00:00:00+00:00, run_after=2026-07-20 00:00:00+00:00
[2026-07-20T06:12:57.391+0000] {processor.py:183} INFO - Processing /workspaces/recomart-recommendation-pipeline/airflow_venv/lib/python3.12/site-packages/airflow/example_dags/example_task_group.py took 0.081 seconds
[2026-07-20T06:13:41.602+0000] {processor.py:161} INFO - Started process (PID=66122) to work on /workspaces/recomart-recommendation-pipeline/airflow_venv/lib/python3.12/site-packages/airflow/example_dags/example_task_group.py
[2026-07-20T06:13:41.603+0000] {processor.py:830} INFO - Processing file /workspaces/recomart-recommendation-pipeline/airflow_venv/lib/python3.12/site-packages/airflow/example_dags/example_task_group.py for tasks to queue
[2026-07-20T06:13:41.605+0000] {logging_mixin.py:188} INFO - [2026-07-20T06:13:41.604+0000] {dagbag.py:545} INFO - Filling up the DagBag from /workspaces/recomart-recommendation-pipeline/airflow_venv/lib/python3.12/site-packages/airflow/example_dags/example_task_group.py
[2026-07-20T06:13:41.612+0000] {processor.py:840} INFO - DAG(s) 'example_task_group' retrieved from /workspaces/recomart-recommendation-pipeline/airflow_venv/lib/python3.12/site-packages/airflow/example_dags/example_task_group.py
[2026-07-20T06:13:41.626+0000] {logging_mixin.py:188} INFO - [2026-07-20T06:13:41.626+0000] {dag.py:3089} INFO - Sync 1 DAGs
[2026-07-20T06:13:41.641+0000] {logging_mixin.py:188} INFO - [2026-07-20T06:13:41.640+0000] {dag.py:3947} INFO - Setting next_dagrun for example_task_group to 2026-07-19 00:00:00+00:00, run_after=2026-07-20 00:00:00+00:00
[2026-07-20T06:13:41.658+0000] {processor.py:183} INFO - Processing /workspaces/recomart-recommendation-pipeline/airflow_venv/lib/python3.12/site-packages/airflow/example_dags/example_task_group.py took 0.062 seconds
[2026-07-20T06:14:29.447+0000] {processor.py:161} INFO - Started process (PID=66775) to work on /workspaces/recomart-recommendation-pipeline/airflow_venv/lib/python3.12/site-packages/airflow/example_dags/example_task_group.py
[2026-07-20T06:14:29.448+0000] {processor.py:830} INFO - Processing file /workspaces/recomart-recommendation-pipeline/airflow_venv/lib/python3.12/site-packages/airflow/example_dags/example_task_group.py for tasks to queue
[2026-07-20T06:14:29.449+0000] {logging_mixin.py:188} INFO - [2026-07-20T06:14:29.449+0000] {dagbag.py:545} INFO - Filling up the DagBag from /workspaces/recomart-recommendation-pipeline/airflow_venv/lib/python3.12/site-packages/airflow/example_dags/example_task_group.py
[2026-07-20T06:14:29.454+0000] {processor.py:840} INFO - DAG(s) 'example_task_group' retrieved from /workspaces/recomart-recommendation-pipeline/airflow_venv/lib/python3.12/site-packages/airflow/example_dags/example_task_group.py
[2026-07-20T06:14:29.467+0000] {logging_mixin.py:188} INFO - [2026-07-20T06:14:29.467+0000] {dag.py:3089} INFO - Sync 1 DAGs
[2026-07-20T06:14:29.486+0000] {logging_mixin.py:188} INFO - [2026-07-20T06:14:29.485+0000] {dag.py:3947} INFO - Setting next_dagrun for example_task_group to 2026-07-19 00:00:00+00:00, run_after=2026-07-20 00:00:00+00:00
[2026-07-20T06:14:29.505+0000] {processor.py:183} INFO - Processing /workspaces/recomart-recommendation-pipeline/airflow_venv/lib/python3.12/site-packages/airflow/example_dags/example_task_group.py took 0.062 seconds
[2026-07-20T06:15:12.555+0000] {processor.py:161} INFO - Started process (PID=67201) to work on /workspaces/recomart-recommendation-pipeline/airflow_venv/lib/python3.12/site-packages/airflow/example_dags/example_task_group.py
[2026-07-20T06:15:12.555+0000] {processor.py:830} INFO - Processing file /workspaces/recomart-recommendation-pipeline/airflow_venv/lib/python3.12/site-packages/airflow/example_dags/example_task_group.py for tasks to queue
[2026-07-20T06:15:12.557+0000] {logging_mixin.py:188} INFO - [2026-07-20T06:15:12.556+0000] {dagbag.py:545} INFO - Filling up the DagBag from /workspaces/recomart-recommendation-pipeline/airflow_venv/lib/python3.12/site-packages/airflow/example_dags/example_task_group.py
[2026-07-20T06:15:12.562+0000] {processor.py:840} INFO - DAG(s) 'example_task_group' retrieved from /workspaces/recomart-recommendation-pipeline/airflow_venv/lib/python3.12/site-packages/airflow/example_dags/example_task_group.py
[2026-07-20T06:15:12.577+0000] {logging_mixin.py:188} INFO - [2026-07-20T06:15:12.577+0000] {dag.py:3089} INFO - Sync 1 DAGs
[2026-07-20T06:15:12.596+0000] {logging_mixin.py:188} INFO - [2026-07-20T06:15:12.596+0000] {dag.py:3947} INFO - Setting next_dagrun for example_task_group to 2026-07-19 00:00:00+00:00, run_after=2026-07-20 00:00:00+00:00
[2026-07-20T06:15:12.759+0000] {processor.py:183} INFO - Processing /workspaces/recomart-recommendation-pipeline/airflow_venv/lib/python3.12/site-packages/airflow/example_dags/example_task_group.py took 0.208 seconds
[2026-07-20T06:30:58.663+0000] {processor.py:161} INFO - Started process (PID=73568) to work on /workspaces/recomart-recommendation-pipeline/airflow_venv/lib/python3.12/site-packages/airflow/example_dags/example_task_group.py
[2026-07-20T06:30:58.663+0000] {processor.py:830} INFO - Processing file /workspaces/recomart-recommendation-pipeline/airflow_venv/lib/python3.12/site-packages/airflow/example_dags/example_task_group.py for tasks to queue
[2026-07-20T06:30:58.665+0000] {logging_mixin.py:188} INFO - [2026-07-20T06:30:58.665+0000] {dagbag.py:545} INFO - Filling up the DagBag from /workspaces/recomart-recommendation-pipeline/airflow_venv/lib/python3.12/site-packages/airflow/example_dags/example_task_group.py
[2026-07-20T06:30:58.674+0000] {processor.py:840} INFO - DAG(s) 'example_task_group' retrieved from /workspaces/recomart-recommendation-pipeline/airflow_venv/lib/python3.12/site-packages/airflow/example_dags/example_task_group.py
[2026-07-20T06:30:58.681+0000] {logging_mixin.py:188} INFO - [2026-07-20T06:30:58.681+0000] {dag.py:3089} INFO - Sync 1 DAGs
[2026-07-20T06:30:58.700+0000] {logging_mixin.py:188} INFO - [2026-07-20T06:30:58.700+0000] {dag.py:3947} INFO - Setting next_dagrun for example_task_group to 2026-07-19 00:00:00+00:00, run_after=2026-07-20 00:00:00+00:00
[2026-07-20T06:30:58.719+0000] {processor.py:183} INFO - Processing /workspaces/recomart-recommendation-pipeline/airflow_venv/lib/python3.12/site-packages/airflow/example_dags/example_task_group.py took 0.061 seconds
[2026-07-20T06:31:54.299+0000] {processor.py:161} INFO - Started process (PID=74111) to work on /workspaces/recomart-recommendation-pipeline/airflow_venv/lib/python3.12/site-packages/airflow/example_dags/example_task_group.py
[2026-07-20T06:31:54.300+0000] {processor.py:830} INFO - Processing file /workspaces/recomart-recommendation-pipeline/airflow_venv/lib/python3.12/site-packages/airflow/example_dags/example_task_group.py for tasks to queue
[2026-07-20T06:31:54.301+0000] {logging_mixin.py:188} INFO - [2026-07-20T06:31:54.301+0000] {dagbag.py:545} INFO - Filling up the DagBag from /workspaces/recomart-recommendation-pipeline/airflow_venv/lib/python3.12/site-packages/airflow/example_dags/example_task_group.py
[2026-07-20T06:31:54.312+0000] {processor.py:840} INFO - DAG(s) 'example_task_group' retrieved from /workspaces/recomart-recommendation-pipeline/airflow_venv/lib/python3.12/site-packages/airflow/example_dags/example_task_group.py
[2026-07-20T06:31:54.456+0000] {logging_mixin.py:188} INFO - [2026-07-20T06:31:54.456+0000] {dag.py:3089} INFO - Sync 1 DAGs
[2026-07-20T06:31:54.477+0000] {logging_mixin.py:188} INFO - [2026-07-20T06:31:54.476+0000] {dag.py:3947} INFO - Setting next_dagrun for example_task_group to 2026-07-19 00:00:00+00:00, run_after=2026-07-20 00:00:00+00:00
[2026-07-20T06:31:54.571+0000] {processor.py:183} INFO - Processing /workspaces/recomart-recommendation-pipeline/airflow_venv/lib/python3.12/site-packages/airflow/example_dags/example_task_group.py took 0.279 seconds
[2026-07-20T06:32:43.033+0000] {processor.py:161} INFO - Started process (PID=74835) to work on /workspaces/recomart-recommendation-pipeline/airflow_venv/lib/python3.12/site-packages/airflow/example_dags/example_task_group.py
[2026-07-20T06:32:43.033+0000] {processor.py:830} INFO - Processing file /workspaces/recomart-recommendation-pipeline/airflow_venv/lib/python3.12/site-packages/airflow/example_dags/example_task_group.py for tasks to queue
[2026-07-20T06:32:43.035+0000] {logging_mixin.py:188} INFO - [2026-07-20T06:32:43.035+0000] {dagbag.py:545} INFO - Filling up the DagBag from /workspaces/recomart-recommendation-pipeline/airflow_venv/lib/python3.12/site-packages/airflow/example_dags/example_task_group.py
[2026-07-20T06:32:43.043+0000] {processor.py:840} INFO - DAG(s) 'example_task_group' retrieved from /workspaces/recomart-recommendation-pipeline/airflow_venv/lib/python3.12/site-packages/airflow/example_dags/example_task_group.py
[2026-07-20T06:32:43.056+0000] {logging_mixin.py:188} INFO - [2026-07-20T06:32:43.056+0000] {dag.py:3089} INFO - Sync 1 DAGs
[2026-07-20T06:32:43.071+0000] {logging_mixin.py:188} INFO - [2026-07-20T06:32:43.071+0000] {dag.py:3947} INFO - Setting next_dagrun for example_task_group to 2026-07-19 00:00:00+00:00, run_after=2026-07-20 00:00:00+00:00
[2026-07-20T06:32:43.093+0000] {processor.py:183} INFO - Processing /workspaces/recomart-recommendation-pipeline/airflow_venv/lib/python3.12/site-packages/airflow/example_dags/example_task_group.py took 0.066 seconds
[2026-07-20T06:33:35.765+0000] {processor.py:161} INFO - Started process (PID=75240) to work on /workspaces/recomart-recommendation-pipeline/airflow_venv/lib/python3.12/site-packages/airflow/example_dags/example_task_group.py
[2026-07-20T06:33:35.765+0000] {processor.py:830} INFO - Processing file /workspaces/recomart-recommendation-pipeline/airflow_venv/lib/python3.12/site-packages/airflow/example_dags/example_task_group.py for tasks to queue
[2026-07-20T06:33:35.767+0000] {logging_mixin.py:188} INFO - [2026-07-20T06:33:35.766+0000] {dagbag.py:545} INFO - Filling up the DagBag from /workspaces/recomart-recommendation-pipeline/airflow_venv/lib/python3.12/site-packages/airflow/example_dags/example_task_group.py
[2026-07-20T06:33:35.774+0000] {processor.py:840} INFO - DAG(s) 'example_task_group' retrieved from /workspaces/recomart-recommendation-pipeline/airflow_venv/lib/python3.12/site-packages/airflow/example_dags/example_task_group.py
[2026-07-20T06:33:35.791+0000] {logging_mixin.py:188} INFO - [2026-07-20T06:33:35.791+0000] {dag.py:3089} INFO - Sync 1 DAGs
[2026-07-20T06:33:35.806+0000] {logging_mixin.py:188} INFO - [2026-07-20T06:33:35.806+0000] {dag.py:3947} INFO - Setting next_dagrun for example_task_group to 2026-07-19 00:00:00+00:00, run_after=2026-07-20 00:00:00+00:00
[2026-07-20T06:33:35.823+0000] {processor.py:183} INFO - Processing /workspaces/recomart-recommendation-pipeline/airflow_venv/lib/python3.12/site-packages/airflow/example_dags/example_task_group.py took 0.063 seconds
[2026-07-20T06:34:46.965+0000] {processor.py:161} INFO - Started process (PID=76602) to work on /workspaces/recomart-recommendation-pipeline/airflow_venv/lib/python3.12/site-packages/airflow/example_dags/example_task_group.py
[2026-07-20T06:34:46.966+0000] {processor.py:830} INFO - Processing file /workspaces/recomart-recommendation-pipeline/airflow_venv/lib/python3.12/site-packages/airflow/example_dags/example_task_group.py for tasks to queue
[2026-07-20T06:34:46.967+0000] {logging_mixin.py:188} INFO - [2026-07-20T06:34:46.967+0000] {dagbag.py:545} INFO - Filling up the DagBag from /workspaces/recomart-recommendation-pipeline/airflow_venv/lib/python3.12/site-packages/airflow/example_dags/example_task_group.py
[2026-07-20T06:34:46.973+0000] {processor.py:840} INFO - DAG(s) 'example_task_group' retrieved from /workspaces/recomart-recommendation-pipeline/airflow_venv/lib/python3.12/site-packages/airflow/example_dags/example_task_group.py
[2026-07-20T06:34:46.986+0000] {logging_mixin.py:188} INFO - [2026-07-20T06:34:46.986+0000] {dag.py:3089} INFO - Sync 1 DAGs
[2026-07-20T06:34:47.001+0000] {logging_mixin.py:188} INFO - [2026-07-20T06:34:47.001+0000] {dag.py:3947} INFO - Setting next_dagrun for example_task_group to 2026-07-19 00:00:00+00:00, run_after=2026-07-20 00:00:00+00:00
[2026-07-20T06:34:47.038+0000] {processor.py:183} INFO - Processing /workspaces/recomart-recommendation-pipeline/airflow_venv/lib/python3.12/site-packages/airflow/example_dags/example_task_group.py took 0.077 seconds
[2026-07-20T06:35:41.498+0000] {processor.py:161} INFO - Started process (PID=77646) to work on /workspaces/recomart-recommendation-pipeline/airflow_venv/lib/python3.12/site-packages/airflow/example_dags/example_task_group.py
[2026-07-20T06:35:41.498+0000] {processor.py:830} INFO - Processing file /workspaces/recomart-recommendation-pipeline/airflow_venv/lib/python3.12/site-packages/airflow/example_dags/example_task_group.py for tasks to queue
[2026-07-20T06:35:41.500+0000] {logging_mixin.py:188} INFO - [2026-07-20T06:35:41.499+0000] {dagbag.py:545} INFO - Filling up the DagBag from /workspaces/recomart-recommendation-pipeline/airflow_venv/lib/python3.12/site-packages/airflow/example_dags/example_task_group.py
[2026-07-20T06:35:41.505+0000] {processor.py:840} INFO - DAG(s) 'example_task_group' retrieved from /workspaces/recomart-recommendation-pipeline/airflow_venv/lib/python3.12/site-packages/airflow/example_dags/example_task_group.py
[2026-07-20T06:35:41.517+0000] {logging_mixin.py:188} INFO - [2026-07-20T06:35:41.517+0000] {dag.py:3089} INFO - Sync 1 DAGs
[2026-07-20T06:35:41.532+0000] {logging_mixin.py:188} INFO - [2026-07-20T06:35:41.532+0000] {dag.py:3947} INFO - Setting next_dagrun for example_task_group to 2026-07-19 00:00:00+00:00, run_after=2026-07-20 00:00:00+00:00
[2026-07-20T06:35:41.549+0000] {processor.py:183} INFO - Processing /workspaces/recomart-recommendation-pipeline/airflow_venv/lib/python3.12/site-packages/airflow/example_dags/example_task_group.py took 0.056 seconds
[2026-07-20T06:36:32.719+0000] {processor.py:161} INFO - Started process (PID=78569) to work on /workspaces/recomart-recommendation-pipeline/airflow_venv/lib/python3.12/site-packages/airflow/example_dags/example_task_group.py
[2026-07-20T06:36:32.720+0000] {processor.py:830} INFO - Processing file /workspaces/recomart-recommendation-pipeline/airflow_venv/lib/python3.12/site-packages/airflow/example_dags/example_task_group.py for tasks to queue
[2026-07-20T06:36:32.721+0000] {logging_mixin.py:188} INFO - [2026-07-20T06:36:32.721+0000] {dagbag.py:545} INFO - Filling up the DagBag from /workspaces/recomart-recommendation-pipeline/airflow_venv/lib/python3.12/site-packages/airflow/example_dags/example_task_group.py
[2026-07-20T06:36:32.727+0000] {processor.py:840} INFO - DAG(s) 'example_task_group' retrieved from /workspaces/recomart-recommendation-pipeline/airflow_venv/lib/python3.12/site-packages/airflow/example_dags/example_task_group.py
[2026-07-20T06:36:32.744+0000] {logging_mixin.py:188} INFO - [2026-07-20T06:36:32.743+0000] {dag.py:3089} INFO - Sync 1 DAGs
[2026-07-20T06:36:32.759+0000] {logging_mixin.py:188} INFO - [2026-07-20T06:36:32.758+0000] {dag.py:3947} INFO - Setting next_dagrun for example_task_group to 2026-07-19 00:00:00+00:00, run_after=2026-07-20 00:00:00+00:00
[2026-07-20T06:36:32.780+0000] {processor.py:183} INFO - Processing /workspaces/recomart-recommendation-pipeline/airflow_venv/lib/python3.12/site-packages/airflow/example_dags/example_task_group.py took 0.065 seconds
[2026-07-20T06:37:23.221+0000] {processor.py:161} INFO - Started process (PID=79001) to work on /workspaces/recomart-recommendation-pipeline/airflow_venv/lib/python3.12/site-packages/airflow/example_dags/example_task_group.py
[2026-07-20T06:37:23.222+0000] {processor.py:830} INFO - Processing file /workspaces/recomart-recommendation-pipeline/airflow_venv/lib/python3.12/site-packages/airflow/example_dags/example_task_group.py for tasks to queue
[2026-07-20T06:37:23.223+0000] {logging_mixin.py:188} INFO - [2026-07-20T06:37:23.223+0000] {dagbag.py:545} INFO - Filling up the DagBag from /workspaces/recomart-recommendation-pipeline/airflow_venv/lib/python3.12/site-packages/airflow/example_dags/example_task_group.py
[2026-07-20T06:37:23.232+0000] {processor.py:840} INFO - DAG(s) 'example_task_group' retrieved from /workspaces/recomart-recommendation-pipeline/airflow_venv/lib/python3.12/site-packages/airflow/example_dags/example_task_group.py
[2026-07-20T06:37:23.251+0000] {logging_mixin.py:188} INFO - [2026-07-20T06:37:23.250+0000] {dag.py:3089} INFO - Sync 1 DAGs
[2026-07-20T06:37:23.274+0000] {logging_mixin.py:188} INFO - [2026-07-20T06:37:23.274+0000] {dag.py:3947} INFO - Setting next_dagrun for example_task_group to 2026-07-19 00:00:00+00:00, run_after=2026-07-20 00:00:00+00:00
[2026-07-20T06:37:23.297+0000] {processor.py:183} INFO - Processing /workspaces/recomart-recommendation-pipeline/airflow_venv/lib/python3.12/site-packages/airflow/example_dags/example_task_group.py took 0.083 seconds
[2026-07-20T06:38:08.160+0000] {processor.py:161} INFO - Started process (PID=79401) to work on /workspaces/recomart-recommendation-pipeline/airflow_venv/lib/python3.12/site-packages/airflow/example_dags/example_task_group.py
[2026-07-20T06:38:08.160+0000] {processor.py:830} INFO - Processing file /workspaces/recomart-recommendation-pipeline/airflow_venv/lib/python3.12/site-packages/airflow/example_dags/example_task_group.py for tasks to queue
[2026-07-20T06:38:08.162+0000] {logging_mixin.py:188} INFO - [2026-07-20T06:38:08.161+0000] {dagbag.py:545} INFO - Filling up the DagBag from /workspaces/recomart-recommendation-pipeline/airflow_venv/lib/python3.12/site-packages/airflow/example_dags/example_task_group.py
[2026-07-20T06:38:08.167+0000] {processor.py:840} INFO - DAG(s) 'example_task_group' retrieved from /workspaces/recomart-recommendation-pipeline/airflow_venv/lib/python3.12/site-packages/airflow/example_dags/example_task_group.py
[2026-07-20T06:38:08.184+0000] {logging_mixin.py:188} INFO - [2026-07-20T06:38:08.184+0000] {dag.py:3089} INFO - Sync 1 DAGs
[2026-07-20T06:38:08.201+0000] {logging_mixin.py:188} INFO - [2026-07-20T06:38:08.201+0000] {dag.py:3947} INFO - Setting next_dagrun for example_task_group to 2026-07-19 00:00:00+00:00, run_after=2026-07-20 00:00:00+00:00
[2026-07-20T06:38:08.322+0000] {processor.py:183} INFO - Processing /workspaces/recomart-recommendation-pipeline/airflow_venv/lib/python3.12/site-packages/airflow/example_dags/example_task_group.py took 0.166 seconds
[2026-07-20T06:38:57.736+0000] {processor.py:161} INFO - Started process (PID=79803) to work on /workspaces/recomart-recommendation-pipeline/airflow_venv/lib/python3.12/site-packages/airflow/example_dags/example_task_group.py
[2026-07-20T06:38:57.736+0000] {processor.py:830} INFO - Processing file /workspaces/recomart-recommendation-pipeline/airflow_venv/lib/python3.12/site-packages/airflow/example_dags/example_task_group.py for tasks to queue
[2026-07-20T06:38:57.738+0000] {logging_mixin.py:188} INFO - [2026-07-20T06:38:57.737+0000] {dagbag.py:545} INFO - Filling up the DagBag from /workspaces/recomart-recommendation-pipeline/airflow_venv/lib/python3.12/site-packages/airflow/example_dags/example_task_group.py
[2026-07-20T06:38:57.743+0000] {processor.py:840} INFO - DAG(s) 'example_task_group' retrieved from /workspaces/recomart-recommendation-pipeline/airflow_venv/lib/python3.12/site-packages/airflow/example_dags/example_task_group.py
[2026-07-20T06:38:57.756+0000] {logging_mixin.py:188} INFO - [2026-07-20T06:38:57.755+0000] {dag.py:3089} INFO - Sync 1 DAGs
[2026-07-20T06:38:57.771+0000] {logging_mixin.py:188} INFO - [2026-07-20T06:38:57.771+0000] {dag.py:3947} INFO - Setting next_dagrun for example_task_group to 2026-07-19 00:00:00+00:00, run_after=2026-07-20 00:00:00+00:00
[2026-07-20T06:38:57.791+0000] {processor.py:183} INFO - Processing /workspaces/recomart-recommendation-pipeline/airflow_venv/lib/python3.12/site-packages/airflow/example_dags/example_task_group.py took 0.059 seconds
[2026-07-20T06:39:45.547+0000] {processor.py:161} INFO - Started process (PID=80216) to work on /workspaces/recomart-recommendation-pipeline/airflow_venv/lib/python3.12/site-packages/airflow/example_dags/example_task_group.py
[2026-07-20T06:39:45.548+0000] {processor.py:830} INFO - Processing file /workspaces/recomart-recommendation-pipeline/airflow_venv/lib/python3.12/site-packages/airflow/example_dags/example_task_group.py for tasks to queue
[2026-07-20T06:39:45.549+0000] {logging_mixin.py:188} INFO - [2026-07-20T06:39:45.549+0000] {dagbag.py:545} INFO - Filling up the DagBag from /workspaces/recomart-recommendation-pipeline/airflow_venv/lib/python3.12/site-packages/airflow/example_dags/example_task_group.py
[2026-07-20T06:39:45.554+0000] {processor.py:840} INFO - DAG(s) 'example_task_group' retrieved from /workspaces/recomart-recommendation-pipeline/airflow_venv/lib/python3.12/site-packages/airflow/example_dags/example_task_group.py
[2026-07-20T06:39:45.567+0000] {logging_mixin.py:188} INFO - [2026-07-20T06:39:45.567+0000] {dag.py:3089} INFO - Sync 1 DAGs
[2026-07-20T06:39:45.680+0000] {logging_mixin.py:188} INFO - [2026-07-20T06:39:45.679+0000] {dag.py:3947} INFO - Setting next_dagrun for example_task_group to 2026-07-19 00:00:00+00:00, run_after=2026-07-20 00:00:00+00:00
[2026-07-20T06:39:45.697+0000] {processor.py:183} INFO - Processing /workspaces/recomart-recommendation-pipeline/airflow_venv/lib/python3.12/site-packages/airflow/example_dags/example_task_group.py took 0.154 seconds
[2026-07-20T06:40:35.600+0000] {processor.py:161} INFO - Started process (PID=80579) to work on /workspaces/recomart-recommendation-pipeline/airflow_venv/lib/python3.12/site-packages/airflow/example_dags/example_task_group.py
[2026-07-20T06:40:35.601+0000] {processor.py:830} INFO - Processing file /workspaces/recomart-recommendation-pipeline/airflow_venv/lib/python3.12/site-packages/airflow/example_dags/example_task_group.py for tasks to queue
[2026-07-20T06:40:35.602+0000] {logging_mixin.py:188} INFO - [2026-07-20T06:40:35.602+0000] {dagbag.py:545} INFO - Filling up the DagBag from /workspaces/recomart-recommendation-pipeline/airflow_venv/lib/python3.12/site-packages/airflow/example_dags/example_task_group.py
[2026-07-20T06:40:35.607+0000] {processor.py:840} INFO - DAG(s) 'example_task_group' retrieved from /workspaces/recomart-recommendation-pipeline/airflow_venv/lib/python3.12/site-packages/airflow/example_dags/example_task_group.py
[2026-07-20T06:40:35.621+0000] {logging_mixin.py:188} INFO - [2026-07-20T06:40:35.620+0000] {dag.py:3089} INFO - Sync 1 DAGs
[2026-07-20T06:40:35.640+0000] {logging_mixin.py:188} INFO - [2026-07-20T06:40:35.640+0000] {dag.py:3947} INFO - Setting next_dagrun for example_task_group to 2026-07-19 00:00:00+00:00, run_after=2026-07-20 00:00:00+00:00
[2026-07-20T06:40:35.657+0000] {processor.py:183} INFO - Processing /workspaces/recomart-recommendation-pipeline/airflow_venv/lib/python3.12/site-packages/airflow/example_dags/example_task_group.py took 0.061 seconds
[2026-07-20T06:41:22.914+0000] {processor.py:161} INFO - Started process (PID=81046) to work on /workspaces/recomart-recommendation-pipeline/airflow_venv/lib/python3.12/site-packages/airflow/example_dags/example_task_group.py
[2026-07-20T06:41:22.915+0000] {processor.py:830} INFO - Processing file /workspaces/recomart-recommendation-pipeline/airflow_venv/lib/python3.12/site-packages/airflow/example_dags/example_task_group.py for tasks to queue
[2026-07-20T06:41:22.916+0000] {logging_mixin.py:188} INFO - [2026-07-20T06:41:22.916+0000] {dagbag.py:545} INFO - Filling up the DagBag from /workspaces/recomart-recommendation-pipeline/airflow_venv/lib/python3.12/site-packages/airflow/example_dags/example_task_group.py
[2026-07-20T06:41:22.922+0000] {processor.py:840} INFO - DAG(s) 'example_task_group' retrieved from /workspaces/recomart-recommendation-pipeline/airflow_venv/lib/python3.12/site-packages/airflow/example_dags/example_task_group.py
[2026-07-20T06:41:22.935+0000] {logging_mixin.py:188} INFO - [2026-07-20T06:41:22.935+0000] {dag.py:3089} INFO - Sync 1 DAGs
[2026-07-20T06:41:22.950+0000] {logging_mixin.py:188} INFO - [2026-07-20T06:41:22.950+0000] {dag.py:3947} INFO - Setting next_dagrun for example_task_group to 2026-07-19 00:00:00+00:00, run_after=2026-07-20 00:00:00+00:00
[2026-07-20T06:41:22.966+0000] {processor.py:183} INFO - Processing /workspaces/recomart-recommendation-pipeline/airflow_venv/lib/python3.12/site-packages/airflow/example_dags/example_task_group.py took 0.057 seconds
[2026-07-20T06:42:09.927+0000] {processor.py:161} INFO - Started process (PID=81437) to work on /workspaces/recomart-recommendation-pipeline/airflow_venv/lib/python3.12/site-packages/airflow/example_dags/example_task_group.py
[2026-07-20T06:42:09.928+0000] {processor.py:830} INFO - Processing file /workspaces/recomart-recommendation-pipeline/airflow_venv/lib/python3.12/site-packages/airflow/example_dags/example_task_group.py for tasks to queue
[2026-07-20T06:42:09.929+0000] {logging_mixin.py:188} INFO - [2026-07-20T06:42:09.929+0000] {dagbag.py:545} INFO - Filling up the DagBag from /workspaces/recomart-recommendation-pipeline/airflow_venv/lib/python3.12/site-packages/airflow/example_dags/example_task_group.py
[2026-07-20T06:42:09.935+0000] {processor.py:840} INFO - DAG(s) 'example_task_group' retrieved from /workspaces/recomart-recommendation-pipeline/airflow_venv/lib/python3.12/site-packages/airflow/example_dags/example_task_group.py
[2026-07-20T06:42:09.951+0000] {logging_mixin.py:188} INFO - [2026-07-20T06:42:09.951+0000] {dag.py:3089} INFO - Sync 1 DAGs
[2026-07-20T06:42:09.966+0000] {logging_mixin.py:188} INFO - [2026-07-20T06:42:09.966+0000] {dag.py:3947} INFO - Setting next_dagrun for example_task_group to 2026-07-19 00:00:00+00:00, run_after=2026-07-20 00:00:00+00:00
[2026-07-20T06:42:09.984+0000] {processor.py:183} INFO - Processing /workspaces/recomart-recommendation-pipeline/airflow_venv/lib/python3.12/site-packages/airflow/example_dags/example_task_group.py took 0.061 seconds
[2026-07-20T06:42:56.328+0000] {processor.py:161} INFO - Started process (PID=81845) to work on /workspaces/recomart-recommendation-pipeline/airflow_venv/lib/python3.12/site-packages/airflow/example_dags/example_task_group.py
[2026-07-20T06:42:56.329+0000] {processor.py:830} INFO - Processing file /workspaces/recomart-recommendation-pipeline/airflow_venv/lib/python3.12/site-packages/airflow/example_dags/example_task_group.py for tasks to queue
[2026-07-20T06:42:56.330+0000] {logging_mixin.py:188} INFO - [2026-07-20T06:42:56.330+0000] {dagbag.py:545} INFO - Filling up the DagBag from /workspaces/recomart-recommendation-pipeline/airflow_venv/lib/python3.12/site-packages/airflow/example_dags/example_task_group.py
[2026-07-20T06:42:56.336+0000] {processor.py:840} INFO - DAG(s) 'example_task_group' retrieved from /workspaces/recomart-recommendation-pipeline/airflow_venv/lib/python3.12/site-packages/airflow/example_dags/example_task_group.py
[2026-07-20T06:42:56.349+0000] {logging_mixin.py:188} INFO - [2026-07-20T06:42:56.348+0000] {dag.py:3089} INFO - Sync 1 DAGs
[2026-07-20T06:42:56.364+0000] {logging_mixin.py:188} INFO - [2026-07-20T06:42:56.364+0000] {dag.py:3947} INFO - Setting next_dagrun for example_task_group to 2026-07-19 00:00:00+00:00, run_after=2026-07-20 00:00:00+00:00
[2026-07-20T06:42:56.385+0000] {processor.py:183} INFO - Processing /workspaces/recomart-recommendation-pipeline/airflow_venv/lib/python3.12/site-packages/airflow/example_dags/example_task_group.py took 0.062 seconds
[2026-07-20T06:43:44.438+0000] {processor.py:161} INFO - Started process (PID=82237) to work on /workspaces/recomart-recommendation-pipeline/airflow_venv/lib/python3.12/site-packages/airflow/example_dags/example_task_group.py
[2026-07-20T06:43:44.439+0000] {processor.py:830} INFO - Processing file /workspaces/recomart-recommendation-pipeline/airflow_venv/lib/python3.12/site-packages/airflow/example_dags/example_task_group.py for tasks to queue
[2026-07-20T06:43:44.440+0000] {logging_mixin.py:188} INFO - [2026-07-20T06:43:44.440+0000] {dagbag.py:545} INFO - Filling up the DagBag from /workspaces/recomart-recommendation-pipeline/airflow_venv/lib/python3.12/site-packages/airflow/example_dags/example_task_group.py
[2026-07-20T06:43:44.446+0000] {processor.py:840} INFO - DAG(s) 'example_task_group' retrieved from /workspaces/recomart-recommendation-pipeline/airflow_venv/lib/python3.12/site-packages/airflow/example_dags/example_task_group.py
[2026-07-20T06:43:44.458+0000] {logging_mixin.py:188} INFO - [2026-07-20T06:43:44.458+0000] {dag.py:3089} INFO - Sync 1 DAGs
[2026-07-20T06:43:44.474+0000] {logging_mixin.py:188} INFO - [2026-07-20T06:43:44.474+0000] {dag.py:3947} INFO - Setting next_dagrun for example_task_group to 2026-07-19 00:00:00+00:00, run_after=2026-07-20 00:00:00+00:00
[2026-07-20T06:43:44.494+0000] {processor.py:183} INFO - Processing /workspaces/recomart-recommendation-pipeline/airflow_venv/lib/python3.12/site-packages/airflow/example_dags/example_task_group.py took 0.061 seconds
[2026-07-20T06:44:34.438+0000] {processor.py:161} INFO - Started process (PID=82605) to work on /workspaces/recomart-recommendation-pipeline/airflow_venv/lib/python3.12/site-packages/airflow/example_dags/example_task_group.py
[2026-07-20T06:44:34.439+0000] {processor.py:830} INFO - Processing file /workspaces/recomart-recommendation-pipeline/airflow_venv/lib/python3.12/site-packages/airflow/example_dags/example_task_group.py for tasks to queue
[2026-07-20T06:44:34.442+0000] {logging_mixin.py:188} INFO - [2026-07-20T06:44:34.441+0000] {dagbag.py:545} INFO - Filling up the DagBag from /workspaces/recomart-recommendation-pipeline/airflow_venv/lib/python3.12/site-packages/airflow/example_dags/example_task_group.py
[2026-07-20T06:44:34.455+0000] {processor.py:840} INFO - DAG(s) 'example_task_group' retrieved from /workspaces/recomart-recommendation-pipeline/airflow_venv/lib/python3.12/site-packages/airflow/example_dags/example_task_group.py
[2026-07-20T06:44:34.476+0000] {logging_mixin.py:188} INFO - [2026-07-20T06:44:34.475+0000] {dag.py:3089} INFO - Sync 1 DAGs
[2026-07-20T06:44:34.498+0000] {logging_mixin.py:188} INFO - [2026-07-20T06:44:34.498+0000] {dag.py:3947} INFO - Setting next_dagrun for example_task_group to 2026-07-19 00:00:00+00:00, run_after=2026-07-20 00:00:00+00:00
[2026-07-20T06:44:34.540+0000] {processor.py:183} INFO - Processing /workspaces/recomart-recommendation-pipeline/airflow_venv/lib/python3.12/site-packages/airflow/example_dags/example_task_group.py took 0.113 seconds
[2026-07-20T06:45:26.164+0000] {processor.py:161} INFO - Started process (PID=83043) to work on /workspaces/recomart-recommendation-pipeline/airflow_venv/lib/python3.12/site-packages/airflow/example_dags/example_task_group.py
[2026-07-20T06:45:26.165+0000] {processor.py:830} INFO - Processing file /workspaces/recomart-recommendation-pipeline/airflow_venv/lib/python3.12/site-packages/airflow/example_dags/example_task_group.py for tasks to queue
[2026-07-20T06:45:26.166+0000] {logging_mixin.py:188} INFO - [2026-07-20T06:45:26.166+0000] {dagbag.py:545} INFO - Filling up the DagBag from /workspaces/recomart-recommendation-pipeline/airflow_venv/lib/python3.12/site-packages/airflow/example_dags/example_task_group.py
[2026-07-20T06:45:26.173+0000] {processor.py:840} INFO - DAG(s) 'example_task_group' retrieved from /workspaces/recomart-recommendation-pipeline/airflow_venv/lib/python3.12/site-packages/airflow/example_dags/example_task_group.py
[2026-07-20T06:45:26.191+0000] {logging_mixin.py:188} INFO - [2026-07-20T06:45:26.191+0000] {dag.py:3089} INFO - Sync 1 DAGs
[2026-07-20T06:45:26.206+0000] {logging_mixin.py:188} INFO - [2026-07-20T06:45:26.206+0000] {dag.py:3947} INFO - Setting next_dagrun for example_task_group to 2026-07-19 00:00:00+00:00, run_after=2026-07-20 00:00:00+00:00
[2026-07-20T06:45:26.225+0000] {processor.py:183} INFO - Processing /workspaces/recomart-recommendation-pipeline/airflow_venv/lib/python3.12/site-packages/airflow/example_dags/example_task_group.py took 0.065 seconds
[2026-07-20T06:46:12.556+0000] {processor.py:161} INFO - Started process (PID=83513) to work on /workspaces/recomart-recommendation-pipeline/airflow_venv/lib/python3.12/site-packages/airflow/example_dags/example_task_group.py
[2026-07-20T06:46:12.557+0000] {processor.py:830} INFO - Processing file /workspaces/recomart-recommendation-pipeline/airflow_venv/lib/python3.12/site-packages/airflow/example_dags/example_task_group.py for tasks to queue
[2026-07-20T06:46:12.559+0000] {logging_mixin.py:188} INFO - [2026-07-20T06:46:12.558+0000] {dagbag.py:545} INFO - Filling up the DagBag from /workspaces/recomart-recommendation-pipeline/airflow_venv/lib/python3.12/site-packages/airflow/example_dags/example_task_group.py
[2026-07-20T06:46:12.564+0000] {processor.py:840} INFO - DAG(s) 'example_task_group' retrieved from /workspaces/recomart-recommendation-pipeline/airflow_venv/lib/python3.12/site-packages/airflow/example_dags/example_task_group.py
[2026-07-20T06:46:12.580+0000] {logging_mixin.py:188} INFO - [2026-07-20T06:46:12.580+0000] {dag.py:3089} INFO - Sync 1 DAGs
[2026-07-20T06:46:12.598+0000] {logging_mixin.py:188} INFO - [2026-07-20T06:46:12.598+0000] {dag.py:3947} INFO - Setting next_dagrun for example_task_group to 2026-07-19 00:00:00+00:00, run_after=2026-07-20 00:00:00+00:00
[2026-07-20T06:46:12.615+0000] {processor.py:183} INFO - Processing /workspaces/recomart-recommendation-pipeline/airflow_venv/lib/python3.12/site-packages/airflow/example_dags/example_task_group.py took 0.063 seconds
[2026-07-20T06:46:57.207+0000] {processor.py:161} INFO - Started process (PID=83894) to work on /workspaces/recomart-recommendation-pipeline/airflow_venv/lib/python3.12/site-packages/airflow/example_dags/example_task_group.py
[2026-07-20T06:46:57.207+0000] {processor.py:830} INFO - Processing file /workspaces/recomart-recommendation-pipeline/airflow_venv/lib/python3.12/site-packages/airflow/example_dags/example_task_group.py for tasks to queue
[2026-07-20T06:46:57.209+0000] {logging_mixin.py:188} INFO - [2026-07-20T06:46:57.208+0000] {dagbag.py:545} INFO - Filling up the DagBag from /workspaces/recomart-recommendation-pipeline/airflow_venv/lib/python3.12/site-packages/airflow/example_dags/example_task_group.py
[2026-07-20T06:46:57.214+0000] {processor.py:840} INFO - DAG(s) 'example_task_group' retrieved from /workspaces/recomart-recommendation-pipeline/airflow_venv/lib/python3.12/site-packages/airflow/example_dags/example_task_group.py
[2026-07-20T06:46:57.227+0000] {logging_mixin.py:188} INFO - [2026-07-20T06:46:57.227+0000] {dag.py:3089} INFO - Sync 1 DAGs
[2026-07-20T06:46:57.241+0000] {logging_mixin.py:188} INFO - [2026-07-20T06:46:57.241+0000] {dag.py:3947} INFO - Setting next_dagrun for example_task_group to 2026-07-19 00:00:00+00:00, run_after=2026-07-20 00:00:00+00:00
[2026-07-20T06:46:57.259+0000] {processor.py:183} INFO - Processing /workspaces/recomart-recommendation-pipeline/airflow_venv/lib/python3.12/site-packages/airflow/example_dags/example_task_group.py took 0.057 seconds
[2026-07-20T06:47:38.118+0000] {processor.py:161} INFO - Started process (PID=84187) to work on /workspaces/recomart-recommendation-pipeline/airflow_venv/lib/python3.12/site-packages/airflow/example_dags/example_task_group.py
[2026-07-20T06:47:38.119+0000] {processor.py:830} INFO - Processing file /workspaces/recomart-recommendation-pipeline/airflow_venv/lib/python3.12/site-packages/airflow/example_dags/example_task_group.py for tasks to queue
[2026-07-20T06:47:38.120+0000] {logging_mixin.py:188} INFO - [2026-07-20T06:47:38.120+0000] {dagbag.py:545} INFO - Filling up the DagBag from /workspaces/recomart-recommendation-pipeline/airflow_venv/lib/python3.12/site-packages/airflow/example_dags/example_task_group.py
[2026-07-20T06:47:38.126+0000] {processor.py:840} INFO - DAG(s) 'example_task_group' retrieved from /workspaces/recomart-recommendation-pipeline/airflow_venv/lib/python3.12/site-packages/airflow/example_dags/example_task_group.py
[2026-07-20T06:47:38.138+0000] {logging_mixin.py:188} INFO - [2026-07-20T06:47:38.138+0000] {dag.py:3089} INFO - Sync 1 DAGs
[2026-07-20T06:47:38.158+0000] {logging_mixin.py:188} INFO - [2026-07-20T06:47:38.158+0000] {dag.py:3947} INFO - Setting next_dagrun for example_task_group to 2026-07-19 00:00:00+00:00, run_after=2026-07-20 00:00:00+00:00
[2026-07-20T06:47:38.194+0000] {processor.py:183} INFO - Processing /workspaces/recomart-recommendation-pipeline/airflow_venv/lib/python3.12/site-packages/airflow/example_dags/example_task_group.py took 0.080 seconds
[2026-07-20T06:48:20.939+0000] {processor.py:161} INFO - Started process (PID=84573) to work on /workspaces/recomart-recommendation-pipeline/airflow_venv/lib/python3.12/site-packages/airflow/example_dags/example_task_group.py
[2026-07-20T06:48:20.940+0000] {processor.py:830} INFO - Processing file /workspaces/recomart-recommendation-pipeline/airflow_venv/lib/python3.12/site-packages/airflow/example_dags/example_task_group.py for tasks to queue
[2026-07-20T06:48:20.942+0000] {logging_mixin.py:188} INFO - [2026-07-20T06:48:20.941+0000] {dagbag.py:545} INFO - Filling up the DagBag from /workspaces/recomart-recommendation-pipeline/airflow_venv/lib/python3.12/site-packages/airflow/example_dags/example_task_group.py
[2026-07-20T06:48:20.947+0000] {processor.py:840} INFO - DAG(s) 'example_task_group' retrieved from /workspaces/recomart-recommendation-pipeline/airflow_venv/lib/python3.12/site-packages/airflow/example_dags/example_task_group.py
[2026-07-20T06:48:20.961+0000] {logging_mixin.py:188} INFO - [2026-07-20T06:48:20.961+0000] {dag.py:3089} INFO - Sync 1 DAGs
[2026-07-20T06:48:20.979+0000] {logging_mixin.py:188} INFO - [2026-07-20T06:48:20.979+0000] {dag.py:3947} INFO - Setting next_dagrun for example_task_group to 2026-07-19 00:00:00+00:00, run_after=2026-07-20 00:00:00+00:00
[2026-07-20T06:48:21.007+0000] {processor.py:183} INFO - Processing /workspaces/recomart-recommendation-pipeline/airflow_venv/lib/python3.12/site-packages/airflow/example_dags/example_task_group.py took 0.072 seconds
[2026-07-20T06:49:03.145+0000] {processor.py:161} INFO - Started process (PID=85061) to work on /workspaces/recomart-recommendation-pipeline/airflow_venv/lib/python3.12/site-packages/airflow/example_dags/example_task_group.py
[2026-07-20T06:49:03.146+0000] {processor.py:830} INFO - Processing file /workspaces/recomart-recommendation-pipeline/airflow_venv/lib/python3.12/site-packages/airflow/example_dags/example_task_group.py for tasks to queue
[2026-07-20T06:49:03.147+0000] {logging_mixin.py:188} INFO - [2026-07-20T06:49:03.147+0000] {dagbag.py:545} INFO - Filling up the DagBag from /workspaces/recomart-recommendation-pipeline/airflow_venv/lib/python3.12/site-packages/airflow/example_dags/example_task_group.py
[2026-07-20T06:49:03.152+0000] {processor.py:840} INFO - DAG(s) 'example_task_group' retrieved from /workspaces/recomart-recommendation-pipeline/airflow_venv/lib/python3.12/site-packages/airflow/example_dags/example_task_group.py
[2026-07-20T06:49:03.165+0000] {logging_mixin.py:188} INFO - [2026-07-20T06:49:03.165+0000] {dag.py:3089} INFO - Sync 1 DAGs
[2026-07-20T06:49:03.183+0000] {logging_mixin.py:188} INFO - [2026-07-20T06:49:03.182+0000] {dag.py:3947} INFO - Setting next_dagrun for example_task_group to 2026-07-19 00:00:00+00:00, run_after=2026-07-20 00:00:00+00:00
[2026-07-20T06:49:03.206+0000] {processor.py:183} INFO - Processing /workspaces/recomart-recommendation-pipeline/airflow_venv/lib/python3.12/site-packages/airflow/example_dags/example_task_group.py took 0.065 seconds
[2026-07-20T06:49:44.345+0000] {processor.py:161} INFO - Started process (PID=85421) to work on /workspaces/recomart-recommendation-pipeline/airflow_venv/lib/python3.12/site-packages/airflow/example_dags/example_task_group.py
[2026-07-20T06:49:44.346+0000] {processor.py:830} INFO - Processing file /workspaces/recomart-recommendation-pipeline/airflow_venv/lib/python3.12/site-packages/airflow/example_dags/example_task_group.py for tasks to queue
[2026-07-20T06:49:44.347+0000] {logging_mixin.py:188} INFO - [2026-07-20T06:49:44.347+0000] {dagbag.py:545} INFO - Filling up the DagBag from /workspaces/recomart-recommendation-pipeline/airflow_venv/lib/python3.12/site-packages/airflow/example_dags/example_task_group.py
[2026-07-20T06:49:44.353+0000] {processor.py:840} INFO - DAG(s) 'example_task_group' retrieved from /workspaces/recomart-recommendation-pipeline/airflow_venv/lib/python3.12/site-packages/airflow/example_dags/example_task_group.py
[2026-07-20T06:49:44.366+0000] {logging_mixin.py:188} INFO - [2026-07-20T06:49:44.365+0000] {dag.py:3089} INFO - Sync 1 DAGs
[2026-07-20T06:49:44.384+0000] {logging_mixin.py:188} INFO - [2026-07-20T06:49:44.384+0000] {dag.py:3947} INFO - Setting next_dagrun for example_task_group to 2026-07-19 00:00:00+00:00, run_after=2026-07-20 00:00:00+00:00
[2026-07-20T06:49:44.403+0000] {processor.py:183} INFO - Processing /workspaces/recomart-recommendation-pipeline/airflow_venv/lib/python3.12/site-packages/airflow/example_dags/example_task_group.py took 0.062 seconds
[2026-07-20T06:50:28.604+0000] {processor.py:161} INFO - Started process (PID=85859) to work on /workspaces/recomart-recommendation-pipeline/airflow_venv/lib/python3.12/site-packages/airflow/example_dags/example_task_group.py
[2026-07-20T06:50:28.604+0000] {processor.py:830} INFO - Processing file /workspaces/recomart-recommendation-pipeline/airflow_venv/lib/python3.12/site-packages/airflow/example_dags/example_task_group.py for tasks to queue
[2026-07-20T06:50:28.606+0000] {logging_mixin.py:188} INFO - [2026-07-20T06:50:28.605+0000] {dagbag.py:545} INFO - Filling up the DagBag from /workspaces/recomart-recommendation-pipeline/airflow_venv/lib/python3.12/site-packages/airflow/example_dags/example_task_group.py
[2026-07-20T06:50:28.612+0000] {processor.py:840} INFO - DAG(s) 'example_task_group' retrieved from /workspaces/recomart-recommendation-pipeline/airflow_venv/lib/python3.12/site-packages/airflow/example_dags/example_task_group.py
[2026-07-20T06:50:28.625+0000] {logging_mixin.py:188} INFO - [2026-07-20T06:50:28.624+0000] {dag.py:3089} INFO - Sync 1 DAGs
[2026-07-20T06:50:28.639+0000] {logging_mixin.py:188} INFO - [2026-07-20T06:50:28.639+0000] {dag.py:3947} INFO - Setting next_dagrun for example_task_group to 2026-07-19 00:00:00+00:00, run_after=2026-07-20 00:00:00+00:00
[2026-07-20T06:50:28.655+0000] {processor.py:183} INFO - Processing /workspaces/recomart-recommendation-pipeline/airflow_venv/lib/python3.12/site-packages/airflow/example_dags/example_task_group.py took 0.056 seconds
[2026-07-20T06:51:12.752+0000] {processor.py:161} INFO - Started process (PID=86354) to work on /workspaces/recomart-recommendation-pipeline/airflow_venv/lib/python3.12/site-packages/airflow/example_dags/example_task_group.py
[2026-07-20T06:51:12.753+0000] {processor.py:830} INFO - Processing file /workspaces/recomart-recommendation-pipeline/airflow_venv/lib/python3.12/site-packages/airflow/example_dags/example_task_group.py for tasks to queue
[2026-07-20T06:51:12.754+0000] {logging_mixin.py:188} INFO - [2026-07-20T06:51:12.754+0000] {dagbag.py:545} INFO - Filling up the DagBag from /workspaces/recomart-recommendation-pipeline/airflow_venv/lib/python3.12/site-packages/airflow/example_dags/example_task_group.py
[2026-07-20T06:51:12.760+0000] {processor.py:840} INFO - DAG(s) 'example_task_group' retrieved from /workspaces/recomart-recommendation-pipeline/airflow_venv/lib/python3.12/site-packages/airflow/example_dags/example_task_group.py
[2026-07-20T06:51:12.775+0000] {logging_mixin.py:188} INFO - [2026-07-20T06:51:12.775+0000] {dag.py:3089} INFO - Sync 1 DAGs
[2026-07-20T06:51:12.795+0000] {logging_mixin.py:188} INFO - [2026-07-20T06:51:12.794+0000] {dag.py:3947} INFO - Setting next_dagrun for example_task_group to 2026-07-19 00:00:00+00:00, run_after=2026-07-20 00:00:00+00:00
[2026-07-20T06:51:12.811+0000] {processor.py:183} INFO - Processing /workspaces/recomart-recommendation-pipeline/airflow_venv/lib/python3.12/site-packages/airflow/example_dags/example_task_group.py took 0.063 seconds
[2026-07-20T06:51:59.568+0000] {processor.py:161} INFO - Started process (PID=86766) to work on /workspaces/recomart-recommendation-pipeline/airflow_venv/lib/python3.12/site-packages/airflow/example_dags/example_task_group.py
[2026-07-20T06:51:59.569+0000] {processor.py:830} INFO - Processing file /workspaces/recomart-recommendation-pipeline/airflow_venv/lib/python3.12/site-packages/airflow/example_dags/example_task_group.py for tasks to queue
[2026-07-20T06:51:59.571+0000] {logging_mixin.py:188} INFO - [2026-07-20T06:51:59.570+0000] {dagbag.py:545} INFO - Filling up the DagBag from /workspaces/recomart-recommendation-pipeline/airflow_venv/lib/python3.12/site-packages/airflow/example_dags/example_task_group.py
[2026-07-20T06:51:59.578+0000] {processor.py:840} INFO - DAG(s) 'example_task_group' retrieved from /workspaces/recomart-recommendation-pipeline/airflow_venv/lib/python3.12/site-packages/airflow/example_dags/example_task_group.py
[2026-07-20T06:51:59.594+0000] {logging_mixin.py:188} INFO - [2026-07-20T06:51:59.594+0000] {dag.py:3089} INFO - Sync 1 DAGs
[2026-07-20T06:51:59.609+0000] {logging_mixin.py:188} INFO - [2026-07-20T06:51:59.608+0000] {dag.py:3947} INFO - Setting next_dagrun for example_task_group to 2026-07-19 00:00:00+00:00, run_after=2026-07-20 00:00:00+00:00
[2026-07-20T06:51:59.626+0000] {processor.py:183} INFO - Processing /workspaces/recomart-recommendation-pipeline/airflow_venv/lib/python3.12/site-packages/airflow/example_dags/example_task_group.py took 0.062 seconds
[2026-07-20T06:57:58.863+0000] {processor.py:161} INFO - Started process (PID=89658) to work on /workspaces/recomart-recommendation-pipeline/airflow_venv/lib/python3.12/site-packages/airflow/example_dags/example_task_group.py
[2026-07-20T06:57:58.864+0000] {processor.py:830} INFO - Processing file /workspaces/recomart-recommendation-pipeline/airflow_venv/lib/python3.12/site-packages/airflow/example_dags/example_task_group.py for tasks to queue
[2026-07-20T06:57:58.866+0000] {logging_mixin.py:188} INFO - [2026-07-20T06:57:58.866+0000] {dagbag.py:545} INFO - Filling up the DagBag from /workspaces/recomart-recommendation-pipeline/airflow_venv/lib/python3.12/site-packages/airflow/example_dags/example_task_group.py
[2026-07-20T06:57:58.879+0000] {processor.py:840} INFO - DAG(s) 'example_task_group' retrieved from /workspaces/recomart-recommendation-pipeline/airflow_venv/lib/python3.12/site-packages/airflow/example_dags/example_task_group.py
[2026-07-20T06:57:58.888+0000] {logging_mixin.py:188} INFO - [2026-07-20T06:57:58.887+0000] {dag.py:3089} INFO - Sync 1 DAGs
[2026-07-20T06:57:58.911+0000] {logging_mixin.py:188} INFO - [2026-07-20T06:57:58.910+0000] {dag.py:3947} INFO - Setting next_dagrun for example_task_group to 2026-07-19 00:00:00+00:00, run_after=2026-07-20 00:00:00+00:00
[2026-07-20T06:57:58.938+0000] {processor.py:183} INFO - Processing /workspaces/recomart-recommendation-pipeline/airflow_venv/lib/python3.12/site-packages/airflow/example_dags/example_task_group.py took 0.081 seconds
[2026-07-20T06:58:56.403+0000] {processor.py:161} INFO - Started process (PID=90195) to work on /workspaces/recomart-recommendation-pipeline/airflow_venv/lib/python3.12/site-packages/airflow/example_dags/example_task_group.py
[2026-07-20T06:58:56.404+0000] {processor.py:830} INFO - Processing file /workspaces/recomart-recommendation-pipeline/airflow_venv/lib/python3.12/site-packages/airflow/example_dags/example_task_group.py for tasks to queue
[2026-07-20T06:58:56.406+0000] {logging_mixin.py:188} INFO - [2026-07-20T06:58:56.405+0000] {dagbag.py:545} INFO - Filling up the DagBag from /workspaces/recomart-recommendation-pipeline/airflow_venv/lib/python3.12/site-packages/airflow/example_dags/example_task_group.py
[2026-07-20T06:58:56.414+0000] {processor.py:840} INFO - DAG(s) 'example_task_group' retrieved from /workspaces/recomart-recommendation-pipeline/airflow_venv/lib/python3.12/site-packages/airflow/example_dags/example_task_group.py
[2026-07-20T06:58:56.537+0000] {logging_mixin.py:188} INFO - [2026-07-20T06:58:56.537+0000] {dag.py:3089} INFO - Sync 1 DAGs
[2026-07-20T06:58:56.554+0000] {logging_mixin.py:188} INFO - [2026-07-20T06:58:56.554+0000] {dag.py:3947} INFO - Setting next_dagrun for example_task_group to 2026-07-19 00:00:00+00:00, run_after=2026-07-20 00:00:00+00:00
[2026-07-20T06:58:56.571+0000] {processor.py:183} INFO - Processing /workspaces/recomart-recommendation-pipeline/airflow_venv/lib/python3.12/site-packages/airflow/example_dags/example_task_group.py took 0.172 seconds
[2026-07-20T07:00:28.181+0000] {processor.py:161} INFO - Started process (PID=91758) to work on /workspaces/recomart-recommendation-pipeline/airflow_venv/lib/python3.12/site-packages/airflow/example_dags/example_task_group.py
[2026-07-20T07:00:28.183+0000] {processor.py:830} INFO - Processing file /workspaces/recomart-recommendation-pipeline/airflow_venv/lib/python3.12/site-packages/airflow/example_dags/example_task_group.py for tasks to queue
[2026-07-20T07:00:28.186+0000] {logging_mixin.py:188} INFO - [2026-07-20T07:00:28.185+0000] {dagbag.py:545} INFO - Filling up the DagBag from /workspaces/recomart-recommendation-pipeline/airflow_venv/lib/python3.12/site-packages/airflow/example_dags/example_task_group.py
[2026-07-20T07:00:28.200+0000] {processor.py:840} INFO - DAG(s) 'example_task_group' retrieved from /workspaces/recomart-recommendation-pipeline/airflow_venv/lib/python3.12/site-packages/airflow/example_dags/example_task_group.py
[2026-07-20T07:00:28.227+0000] {logging_mixin.py:188} INFO - [2026-07-20T07:00:28.227+0000] {dag.py:3089} INFO - Sync 1 DAGs
[2026-07-20T07:00:28.248+0000] {logging_mixin.py:188} INFO - [2026-07-20T07:00:28.247+0000] {dag.py:3947} INFO - Setting next_dagrun for example_task_group to 2026-07-19 00:00:00+00:00, run_after=2026-07-20 00:00:00+00:00
[2026-07-20T07:00:28.264+0000] {processor.py:183} INFO - Processing /workspaces/recomart-recommendation-pipeline/airflow_venv/lib/python3.12/site-packages/airflow/example_dags/example_task_group.py took 0.092 seconds
[2026-07-20T07:01:18.827+0000] {processor.py:161} INFO - Started process (PID=92174) to work on /workspaces/recomart-recommendation-pipeline/airflow_venv/lib/python3.12/site-packages/airflow/example_dags/example_task_group.py
[2026-07-20T07:01:18.828+0000] {processor.py:830} INFO - Processing file /workspaces/recomart-recommendation-pipeline/airflow_venv/lib/python3.12/site-packages/airflow/example_dags/example_task_group.py for tasks to queue
[2026-07-20T07:01:18.829+0000] {logging_mixin.py:188} INFO - [2026-07-20T07:01:18.829+0000] {dagbag.py:545} INFO - Filling up the DagBag from /workspaces/recomart-recommendation-pipeline/airflow_venv/lib/python3.12/site-packages/airflow/example_dags/example_task_group.py
[2026-07-20T07:01:18.835+0000] {processor.py:840} INFO - DAG(s) 'example_task_group' retrieved from /workspaces/recomart-recommendation-pipeline/airflow_venv/lib/python3.12/site-packages/airflow/example_dags/example_task_group.py
[2026-07-20T07:01:18.848+0000] {logging_mixin.py:188} INFO - [2026-07-20T07:01:18.848+0000] {dag.py:3089} INFO - Sync 1 DAGs
[2026-07-20T07:01:18.863+0000] {logging_mixin.py:188} INFO - [2026-07-20T07:01:18.863+0000] {dag.py:3947} INFO - Setting next_dagrun for example_task_group to 2026-07-19 00:00:00+00:00, run_after=2026-07-20 00:00:00+00:00
[2026-07-20T07:01:18.892+0000] {processor.py:183} INFO - Processing /workspaces/recomart-recommendation-pipeline/airflow_venv/lib/python3.12/site-packages/airflow/example_dags/example_task_group.py took 0.069 seconds
