[2026-07-20T05:59:07.042+0000] {processor.py:161} INFO - Started process (PID=58213) to work on /workspaces/recomart-recommendation-pipeline/airflow_venv/lib/python3.12/site-packages/airflow/example_dags/example_sensors.py
[2026-07-20T05:59:07.043+0000] {processor.py:830} INFO - Processing file /workspaces/recomart-recommendation-pipeline/airflow_venv/lib/python3.12/site-packages/airflow/example_dags/example_sensors.py for tasks to queue
[2026-07-20T05:59:07.044+0000] {logging_mixin.py:188} INFO - [2026-07-20T05:59:07.044+0000] {dagbag.py:545} INFO - Filling up the DagBag from /workspaces/recomart-recommendation-pipeline/airflow_venv/lib/python3.12/site-packages/airflow/example_dags/example_sensors.py
[2026-07-20T05:59:07.051+0000] {processor.py:840} INFO - DAG(s) 'example_sensors' retrieved from /workspaces/recomart-recommendation-pipeline/airflow_venv/lib/python3.12/site-packages/airflow/example_dags/example_sensors.py
[2026-07-20T05:59:07.154+0000] {logging_mixin.py:188} INFO - [2026-07-20T05:59:07.153+0000] {override.py:1858} INFO - Created Permission View: can read on DAG:example_sensors
[2026-07-20T05:59:07.163+0000] {logging_mixin.py:188} INFO - [2026-07-20T05:59:07.163+0000] {override.py:1858} INFO - Created Permission View: can edit on DAG:example_sensors
[2026-07-20T05:59:07.174+0000] {logging_mixin.py:188} INFO - [2026-07-20T05:59:07.174+0000] {override.py:1858} INFO - Created Permission View: can delete on DAG:example_sensors
[2026-07-20T05:59:07.175+0000] {logging_mixin.py:188} INFO - [2026-07-20T05:59:07.175+0000] {dag.py:3089} INFO - Sync 1 DAGs
[2026-07-20T05:59:07.186+0000] {logging_mixin.py:188} INFO - [2026-07-20T05:59:07.186+0000] {dag.py:3111} INFO - Creating ORM DAG for example_sensors
[2026-07-20T05:59:07.187+0000] {logging_mixin.py:188} INFO - [2026-07-20T05:59:07.187+0000] {dag.py:3947} INFO - Setting next_dagrun for example_sensors to None, run_after=None
[2026-07-20T05:59:07.206+0000] {processor.py:183} INFO - Processing /workspaces/recomart-recommendation-pipeline/airflow_venv/lib/python3.12/site-packages/airflow/example_dags/example_sensors.py took 0.168 seconds
[2026-07-20T06:00:04.280+0000] {processor.py:161} INFO - Started process (PID=58667) to work on /workspaces/recomart-recommendation-pipeline/airflow_venv/lib/python3.12/site-packages/airflow/example_dags/example_sensors.py
[2026-07-20T06:00:04.281+0000] {processor.py:830} INFO - Processing file /workspaces/recomart-recommendation-pipeline/airflow_venv/lib/python3.12/site-packages/airflow/example_dags/example_sensors.py for tasks to queue
[2026-07-20T06:00:04.282+0000] {logging_mixin.py:188} INFO - [2026-07-20T06:00:04.282+0000] {dagbag.py:545} INFO - Filling up the DagBag from /workspaces/recomart-recommendation-pipeline/airflow_venv/lib/python3.12/site-packages/airflow/example_dags/example_sensors.py
[2026-07-20T06:00:04.289+0000] {processor.py:840} INFO - DAG(s) 'example_sensors' retrieved from /workspaces/recomart-recommendation-pipeline/airflow_venv/lib/python3.12/site-packages/airflow/example_dags/example_sensors.py
[2026-07-20T06:00:04.305+0000] {logging_mixin.py:188} INFO - [2026-07-20T06:00:04.305+0000] {dag.py:3089} INFO - Sync 1 DAGs
[2026-07-20T06:00:04.314+0000] {logging_mixin.py:188} INFO - [2026-07-20T06:00:04.314+0000] {dag.py:3947} INFO - Setting next_dagrun for example_sensors to None, run_after=None
[2026-07-20T06:00:04.331+0000] {processor.py:183} INFO - Processing /workspaces/recomart-recommendation-pipeline/airflow_venv/lib/python3.12/site-packages/airflow/example_dags/example_sensors.py took 0.055 seconds
[2026-07-20T06:00:54.585+0000] {processor.py:161} INFO - Started process (PID=59214) to work on /workspaces/recomart-recommendation-pipeline/airflow_venv/lib/python3.12/site-packages/airflow/example_dags/example_sensors.py
[2026-07-20T06:00:54.586+0000] {processor.py:830} INFO - Processing file /workspaces/recomart-recommendation-pipeline/airflow_venv/lib/python3.12/site-packages/airflow/example_dags/example_sensors.py for tasks to queue
[2026-07-20T06:00:54.588+0000] {logging_mixin.py:188} INFO - [2026-07-20T06:00:54.588+0000] {dagbag.py:545} INFO - Filling up the DagBag from /workspaces/recomart-recommendation-pipeline/airflow_venv/lib/python3.12/site-packages/airflow/example_dags/example_sensors.py
[2026-07-20T06:00:54.599+0000] {processor.py:840} INFO - DAG(s) 'example_sensors' retrieved from /workspaces/recomart-recommendation-pipeline/airflow_venv/lib/python3.12/site-packages/airflow/example_dags/example_sensors.py
[2026-07-20T06:00:54.622+0000] {logging_mixin.py:188} INFO - [2026-07-20T06:00:54.622+0000] {dag.py:3089} INFO - Sync 1 DAGs
[2026-07-20T06:00:54.652+0000] {logging_mixin.py:188} INFO - [2026-07-20T06:00:54.652+0000] {dag.py:3947} INFO - Setting next_dagrun for example_sensors to None, run_after=None
[2026-07-20T06:00:54.670+0000] {processor.py:183} INFO - Processing /workspaces/recomart-recommendation-pipeline/airflow_venv/lib/python3.12/site-packages/airflow/example_dags/example_sensors.py took 0.093 seconds
[2026-07-20T06:01:44.300+0000] {processor.py:161} INFO - Started process (PID=59817) to work on /workspaces/recomart-recommendation-pipeline/airflow_venv/lib/python3.12/site-packages/airflow/example_dags/example_sensors.py
[2026-07-20T06:01:44.301+0000] {processor.py:830} INFO - Processing file /workspaces/recomart-recommendation-pipeline/airflow_venv/lib/python3.12/site-packages/airflow/example_dags/example_sensors.py for tasks to queue
[2026-07-20T06:01:44.303+0000] {logging_mixin.py:188} INFO - [2026-07-20T06:01:44.302+0000] {dagbag.py:545} INFO - Filling up the DagBag from /workspaces/recomart-recommendation-pipeline/airflow_venv/lib/python3.12/site-packages/airflow/example_dags/example_sensors.py
[2026-07-20T06:01:44.309+0000] {processor.py:840} INFO - DAG(s) 'example_sensors' retrieved from /workspaces/recomart-recommendation-pipeline/airflow_venv/lib/python3.12/site-packages/airflow/example_dags/example_sensors.py
[2026-07-20T06:01:44.325+0000] {logging_mixin.py:188} INFO - [2026-07-20T06:01:44.325+0000] {dag.py:3089} INFO - Sync 1 DAGs
[2026-07-20T06:01:44.334+0000] {logging_mixin.py:188} INFO - [2026-07-20T06:01:44.334+0000] {dag.py:3947} INFO - Setting next_dagrun for example_sensors to None, run_after=None
[2026-07-20T06:01:44.351+0000] {processor.py:183} INFO - Processing /workspaces/recomart-recommendation-pipeline/airflow_venv/lib/python3.12/site-packages/airflow/example_dags/example_sensors.py took 0.055 seconds
[2026-07-20T06:02:30.534+0000] {processor.py:161} INFO - Started process (PID=60161) to work on /workspaces/recomart-recommendation-pipeline/airflow_venv/lib/python3.12/site-packages/airflow/example_dags/example_sensors.py
[2026-07-20T06:02:30.535+0000] {processor.py:830} INFO - Processing file /workspaces/recomart-recommendation-pipeline/airflow_venv/lib/python3.12/site-packages/airflow/example_dags/example_sensors.py for tasks to queue
[2026-07-20T06:02:30.537+0000] {logging_mixin.py:188} INFO - [2026-07-20T06:02:30.536+0000] {dagbag.py:545} INFO - Filling up the DagBag from /workspaces/recomart-recommendation-pipeline/airflow_venv/lib/python3.12/site-packages/airflow/example_dags/example_sensors.py
[2026-07-20T06:02:30.547+0000] {processor.py:840} INFO - DAG(s) 'example_sensors' retrieved from /workspaces/recomart-recommendation-pipeline/airflow_venv/lib/python3.12/site-packages/airflow/example_dags/example_sensors.py
[2026-07-20T06:02:30.571+0000] {logging_mixin.py:188} INFO - [2026-07-20T06:02:30.571+0000] {dag.py:3089} INFO - Sync 1 DAGs
[2026-07-20T06:02:30.584+0000] {logging_mixin.py:188} INFO - [2026-07-20T06:02:30.584+0000] {dag.py:3947} INFO - Setting next_dagrun for example_sensors to None, run_after=None
[2026-07-20T06:02:30.619+0000] {processor.py:183} INFO - Processing /workspaces/recomart-recommendation-pipeline/airflow_venv/lib/python3.12/site-packages/airflow/example_dags/example_sensors.py took 0.092 seconds
[2026-07-20T06:03:13.097+0000] {processor.py:161} INFO - Started process (PID=60521) to work on /workspaces/recomart-recommendation-pipeline/airflow_venv/lib/python3.12/site-packages/airflow/example_dags/example_sensors.py
[2026-07-20T06:03:13.098+0000] {processor.py:830} INFO - Processing file /workspaces/recomart-recommendation-pipeline/airflow_venv/lib/python3.12/site-packages/airflow/example_dags/example_sensors.py for tasks to queue
[2026-07-20T06:03:13.099+0000] {logging_mixin.py:188} INFO - [2026-07-20T06:03:13.099+0000] {dagbag.py:545} INFO - Filling up the DagBag from /workspaces/recomart-recommendation-pipeline/airflow_venv/lib/python3.12/site-packages/airflow/example_dags/example_sensors.py
[2026-07-20T06:03:13.106+0000] {processor.py:840} INFO - DAG(s) 'example_sensors' retrieved from /workspaces/recomart-recommendation-pipeline/airflow_venv/lib/python3.12/site-packages/airflow/example_dags/example_sensors.py
[2026-07-20T06:03:13.122+0000] {logging_mixin.py:188} INFO - [2026-07-20T06:03:13.122+0000] {dag.py:3089} INFO - Sync 1 DAGs
[2026-07-20T06:03:13.132+0000] {logging_mixin.py:188} INFO - [2026-07-20T06:03:13.132+0000] {dag.py:3947} INFO - Setting next_dagrun for example_sensors to None, run_after=None
[2026-07-20T06:03:13.149+0000] {processor.py:183} INFO - Processing /workspaces/recomart-recommendation-pipeline/airflow_venv/lib/python3.12/site-packages/airflow/example_dags/example_sensors.py took 0.056 seconds
[2026-07-20T06:04:16.821+0000] {processor.py:161} INFO - Started process (PID=61101) to work on /workspaces/recomart-recommendation-pipeline/airflow_venv/lib/python3.12/site-packages/airflow/example_dags/example_sensors.py
[2026-07-20T06:04:16.822+0000] {processor.py:830} INFO - Processing file /workspaces/recomart-recommendation-pipeline/airflow_venv/lib/python3.12/site-packages/airflow/example_dags/example_sensors.py for tasks to queue
[2026-07-20T06:04:16.823+0000] {logging_mixin.py:188} INFO - [2026-07-20T06:04:16.823+0000] {dagbag.py:545} INFO - Filling up the DagBag from /workspaces/recomart-recommendation-pipeline/airflow_venv/lib/python3.12/site-packages/airflow/example_dags/example_sensors.py
[2026-07-20T06:04:16.832+0000] {processor.py:840} INFO - DAG(s) 'example_sensors' retrieved from /workspaces/recomart-recommendation-pipeline/airflow_venv/lib/python3.12/site-packages/airflow/example_dags/example_sensors.py
[2026-07-20T06:04:16.848+0000] {logging_mixin.py:188} INFO - [2026-07-20T06:04:16.848+0000] {dag.py:3089} INFO - Sync 1 DAGs
[2026-07-20T06:04:16.857+0000] {logging_mixin.py:188} INFO - [2026-07-20T06:04:16.857+0000] {dag.py:3947} INFO - Setting next_dagrun for example_sensors to None, run_after=None
[2026-07-20T06:04:16.982+0000] {processor.py:183} INFO - Processing /workspaces/recomart-recommendation-pipeline/airflow_venv/lib/python3.12/site-packages/airflow/example_dags/example_sensors.py took 0.165 seconds
[2026-07-20T06:05:00.607+0000] {processor.py:161} INFO - Started process (PID=61472) to work on /workspaces/recomart-recommendation-pipeline/airflow_venv/lib/python3.12/site-packages/airflow/example_dags/example_sensors.py
[2026-07-20T06:05:00.608+0000] {processor.py:830} INFO - Processing file /workspaces/recomart-recommendation-pipeline/airflow_venv/lib/python3.12/site-packages/airflow/example_dags/example_sensors.py for tasks to queue
[2026-07-20T06:05:00.609+0000] {logging_mixin.py:188} INFO - [2026-07-20T06:05:00.609+0000] {dagbag.py:545} INFO - Filling up the DagBag from /workspaces/recomart-recommendation-pipeline/airflow_venv/lib/python3.12/site-packages/airflow/example_dags/example_sensors.py
[2026-07-20T06:05:00.616+0000] {processor.py:840} INFO - DAG(s) 'example_sensors' retrieved from /workspaces/recomart-recommendation-pipeline/airflow_venv/lib/python3.12/site-packages/airflow/example_dags/example_sensors.py
[2026-07-20T06:05:00.632+0000] {logging_mixin.py:188} INFO - [2026-07-20T06:05:00.631+0000] {dag.py:3089} INFO - Sync 1 DAGs
[2026-07-20T06:05:00.640+0000] {logging_mixin.py:188} INFO - [2026-07-20T06:05:00.640+0000] {dag.py:3947} INFO - Setting next_dagrun for example_sensors to None, run_after=None
[2026-07-20T06:05:00.657+0000] {processor.py:183} INFO - Processing /workspaces/recomart-recommendation-pipeline/airflow_venv/lib/python3.12/site-packages/airflow/example_dags/example_sensors.py took 0.055 seconds
[2026-07-20T06:05:45.045+0000] {processor.py:161} INFO - Started process (PID=61867) to work on /workspaces/recomart-recommendation-pipeline/airflow_venv/lib/python3.12/site-packages/airflow/example_dags/example_sensors.py
[2026-07-20T06:05:45.046+0000] {processor.py:830} INFO - Processing file /workspaces/recomart-recommendation-pipeline/airflow_venv/lib/python3.12/site-packages/airflow/example_dags/example_sensors.py for tasks to queue
[2026-07-20T06:05:45.047+0000] {logging_mixin.py:188} INFO - [2026-07-20T06:05:45.047+0000] {dagbag.py:545} INFO - Filling up the DagBag from /workspaces/recomart-recommendation-pipeline/airflow_venv/lib/python3.12/site-packages/airflow/example_dags/example_sensors.py
[2026-07-20T06:05:45.054+0000] {processor.py:840} INFO - DAG(s) 'example_sensors' retrieved from /workspaces/recomart-recommendation-pipeline/airflow_venv/lib/python3.12/site-packages/airflow/example_dags/example_sensors.py
[2026-07-20T06:05:45.160+0000] {logging_mixin.py:188} INFO - [2026-07-20T06:05:45.159+0000] {dag.py:3089} INFO - Sync 1 DAGs
[2026-07-20T06:05:45.167+0000] {logging_mixin.py:188} INFO - [2026-07-20T06:05:45.167+0000] {dag.py:3947} INFO - Setting next_dagrun for example_sensors to None, run_after=None
[2026-07-20T06:05:45.185+0000] {processor.py:183} INFO - Processing /workspaces/recomart-recommendation-pipeline/airflow_venv/lib/python3.12/site-packages/airflow/example_dags/example_sensors.py took 0.146 seconds
[2026-07-20T06:06:32.486+0000] {processor.py:161} INFO - Started process (PID=62196) to work on /workspaces/recomart-recommendation-pipeline/airflow_venv/lib/python3.12/site-packages/airflow/example_dags/example_sensors.py
[2026-07-20T06:06:32.488+0000] {processor.py:830} INFO - Processing file /workspaces/recomart-recommendation-pipeline/airflow_venv/lib/python3.12/site-packages/airflow/example_dags/example_sensors.py for tasks to queue
[2026-07-20T06:06:32.490+0000] {logging_mixin.py:188} INFO - [2026-07-20T06:06:32.490+0000] {dagbag.py:545} INFO - Filling up the DagBag from /workspaces/recomart-recommendation-pipeline/airflow_venv/lib/python3.12/site-packages/airflow/example_dags/example_sensors.py
[2026-07-20T06:06:32.500+0000] {processor.py:840} INFO - DAG(s) 'example_sensors' retrieved from /workspaces/recomart-recommendation-pipeline/airflow_venv/lib/python3.12/site-packages/airflow/example_dags/example_sensors.py
[2026-07-20T06:06:32.517+0000] {logging_mixin.py:188} INFO - [2026-07-20T06:06:32.517+0000] {dag.py:3089} INFO - Sync 1 DAGs
[2026-07-20T06:06:32.526+0000] {logging_mixin.py:188} INFO - [2026-07-20T06:06:32.526+0000] {dag.py:3947} INFO - Setting next_dagrun for example_sensors to None, run_after=None
[2026-07-20T06:06:32.542+0000] {processor.py:183} INFO - Processing /workspaces/recomart-recommendation-pipeline/airflow_venv/lib/python3.12/site-packages/airflow/example_dags/example_sensors.py took 0.063 seconds
[2026-07-20T06:07:20.777+0000] {processor.py:161} INFO - Started process (PID=62604) to work on /workspaces/recomart-recommendation-pipeline/airflow_venv/lib/python3.12/site-packages/airflow/example_dags/example_sensors.py
[2026-07-20T06:07:20.778+0000] {processor.py:830} INFO - Processing file /workspaces/recomart-recommendation-pipeline/airflow_venv/lib/python3.12/site-packages/airflow/example_dags/example_sensors.py for tasks to queue
[2026-07-20T06:07:20.779+0000] {logging_mixin.py:188} INFO - [2026-07-20T06:07:20.779+0000] {dagbag.py:545} INFO - Filling up the DagBag from /workspaces/recomart-recommendation-pipeline/airflow_venv/lib/python3.12/site-packages/airflow/example_dags/example_sensors.py
[2026-07-20T06:07:20.789+0000] {processor.py:840} INFO - DAG(s) 'example_sensors' retrieved from /workspaces/recomart-recommendation-pipeline/airflow_venv/lib/python3.12/site-packages/airflow/example_dags/example_sensors.py
[2026-07-20T06:07:20.805+0000] {logging_mixin.py:188} INFO - [2026-07-20T06:07:20.804+0000] {dag.py:3089} INFO - Sync 1 DAGs
[2026-07-20T06:07:20.813+0000] {logging_mixin.py:188} INFO - [2026-07-20T06:07:20.813+0000] {dag.py:3947} INFO - Setting next_dagrun for example_sensors to None, run_after=None
[2026-07-20T06:07:20.829+0000] {processor.py:183} INFO - Processing /workspaces/recomart-recommendation-pipeline/airflow_venv/lib/python3.12/site-packages/airflow/example_dags/example_sensors.py took 0.059 seconds
[2026-07-20T06:09:03.974+0000] {processor.py:161} INFO - Started process (PID=63651) to work on /workspaces/recomart-recommendation-pipeline/airflow_venv/lib/python3.12/site-packages/airflow/example_dags/example_sensors.py
[2026-07-20T06:09:03.975+0000] {processor.py:830} INFO - Processing file /workspaces/recomart-recommendation-pipeline/airflow_venv/lib/python3.12/site-packages/airflow/example_dags/example_sensors.py for tasks to queue
[2026-07-20T06:09:03.977+0000] {logging_mixin.py:188} INFO - [2026-07-20T06:09:03.976+0000] {dagbag.py:545} INFO - Filling up the DagBag from /workspaces/recomart-recommendation-pipeline/airflow_venv/lib/python3.12/site-packages/airflow/example_dags/example_sensors.py
[2026-07-20T06:09:03.986+0000] {processor.py:840} INFO - DAG(s) 'example_sensors' retrieved from /workspaces/recomart-recommendation-pipeline/airflow_venv/lib/python3.12/site-packages/airflow/example_dags/example_sensors.py
[2026-07-20T06:09:04.088+0000] {logging_mixin.py:188} INFO - [2026-07-20T06:09:04.087+0000] {dag.py:3089} INFO - Sync 1 DAGs
[2026-07-20T06:09:04.095+0000] {logging_mixin.py:188} INFO - [2026-07-20T06:09:04.095+0000] {dag.py:3947} INFO - Setting next_dagrun for example_sensors to None, run_after=None
[2026-07-20T06:09:04.120+0000] {processor.py:183} INFO - Processing /workspaces/recomart-recommendation-pipeline/airflow_venv/lib/python3.12/site-packages/airflow/example_dags/example_sensors.py took 0.151 seconds
[2026-07-20T06:10:01.494+0000] {processor.py:161} INFO - Started process (PID=64135) to work on /workspaces/recomart-recommendation-pipeline/airflow_venv/lib/python3.12/site-packages/airflow/example_dags/example_sensors.py
[2026-07-20T06:10:01.495+0000] {processor.py:830} INFO - Processing file /workspaces/recomart-recommendation-pipeline/airflow_venv/lib/python3.12/site-packages/airflow/example_dags/example_sensors.py for tasks to queue
[2026-07-20T06:10:01.496+0000] {logging_mixin.py:188} INFO - [2026-07-20T06:10:01.496+0000] {dagbag.py:545} INFO - Filling up the DagBag from /workspaces/recomart-recommendation-pipeline/airflow_venv/lib/python3.12/site-packages/airflow/example_dags/example_sensors.py
[2026-07-20T06:10:01.503+0000] {processor.py:840} INFO - DAG(s) 'example_sensors' retrieved from /workspaces/recomart-recommendation-pipeline/airflow_venv/lib/python3.12/site-packages/airflow/example_dags/example_sensors.py
[2026-07-20T06:10:01.520+0000] {logging_mixin.py:188} INFO - [2026-07-20T06:10:01.519+0000] {dag.py:3089} INFO - Sync 1 DAGs
[2026-07-20T06:10:01.529+0000] {logging_mixin.py:188} INFO - [2026-07-20T06:10:01.528+0000] {dag.py:3947} INFO - Setting next_dagrun for example_sensors to None, run_after=None
[2026-07-20T06:10:01.546+0000] {processor.py:183} INFO - Processing /workspaces/recomart-recommendation-pipeline/airflow_venv/lib/python3.12/site-packages/airflow/example_dags/example_sensors.py took 0.057 seconds
[2026-07-20T06:10:52.282+0000] {processor.py:161} INFO - Started process (PID=64558) to work on /workspaces/recomart-recommendation-pipeline/airflow_venv/lib/python3.12/site-packages/airflow/example_dags/example_sensors.py
[2026-07-20T06:10:52.283+0000] {processor.py:830} INFO - Processing file /workspaces/recomart-recommendation-pipeline/airflow_venv/lib/python3.12/site-packages/airflow/example_dags/example_sensors.py for tasks to queue
[2026-07-20T06:10:52.284+0000] {logging_mixin.py:188} INFO - [2026-07-20T06:10:52.284+0000] {dagbag.py:545} INFO - Filling up the DagBag from /workspaces/recomart-recommendation-pipeline/airflow_venv/lib/python3.12/site-packages/airflow/example_dags/example_sensors.py
[2026-07-20T06:10:52.291+0000] {processor.py:840} INFO - DAG(s) 'example_sensors' retrieved from /workspaces/recomart-recommendation-pipeline/airflow_venv/lib/python3.12/site-packages/airflow/example_dags/example_sensors.py
[2026-07-20T06:10:52.317+0000] {logging_mixin.py:188} INFO - [2026-07-20T06:10:52.317+0000] {dag.py:3089} INFO - Sync 1 DAGs
[2026-07-20T06:10:52.333+0000] {logging_mixin.py:188} INFO - [2026-07-20T06:10:52.333+0000] {dag.py:3947} INFO - Setting next_dagrun for example_sensors to None, run_after=None
[2026-07-20T06:10:52.353+0000] {processor.py:183} INFO - Processing /workspaces/recomart-recommendation-pipeline/airflow_venv/lib/python3.12/site-packages/airflow/example_dags/example_sensors.py took 0.075 seconds
[2026-07-20T06:11:40.143+0000] {processor.py:161} INFO - Started process (PID=65093) to work on /workspaces/recomart-recommendation-pipeline/airflow_venv/lib/python3.12/site-packages/airflow/example_dags/example_sensors.py
[2026-07-20T06:11:40.144+0000] {processor.py:830} INFO - Processing file /workspaces/recomart-recommendation-pipeline/airflow_venv/lib/python3.12/site-packages/airflow/example_dags/example_sensors.py for tasks to queue
[2026-07-20T06:11:40.146+0000] {logging_mixin.py:188} INFO - [2026-07-20T06:11:40.146+0000] {dagbag.py:545} INFO - Filling up the DagBag from /workspaces/recomart-recommendation-pipeline/airflow_venv/lib/python3.12/site-packages/airflow/example_dags/example_sensors.py
[2026-07-20T06:11:40.158+0000] {processor.py:840} INFO - DAG(s) 'example_sensors' retrieved from /workspaces/recomart-recommendation-pipeline/airflow_venv/lib/python3.12/site-packages/airflow/example_dags/example_sensors.py
[2026-07-20T06:11:40.187+0000] {logging_mixin.py:188} INFO - [2026-07-20T06:11:40.187+0000] {dag.py:3089} INFO - Sync 1 DAGs
[2026-07-20T06:11:40.201+0000] {logging_mixin.py:188} INFO - [2026-07-20T06:11:40.201+0000] {dag.py:3947} INFO - Setting next_dagrun for example_sensors to None, run_after=None
[2026-07-20T06:11:40.244+0000] {processor.py:183} INFO - Processing /workspaces/recomart-recommendation-pipeline/airflow_venv/lib/python3.12/site-packages/airflow/example_dags/example_sensors.py took 0.107 seconds
[2026-07-20T06:12:21.416+0000] {processor.py:161} INFO - Started process (PID=65431) to work on /workspaces/recomart-recommendation-pipeline/airflow_venv/lib/python3.12/site-packages/airflow/example_dags/example_sensors.py
[2026-07-20T06:12:21.416+0000] {processor.py:830} INFO - Processing file /workspaces/recomart-recommendation-pipeline/airflow_venv/lib/python3.12/site-packages/airflow/example_dags/example_sensors.py for tasks to queue
[2026-07-20T06:12:21.418+0000] {logging_mixin.py:188} INFO - [2026-07-20T06:12:21.417+0000] {dagbag.py:545} INFO - Filling up the DagBag from /workspaces/recomart-recommendation-pipeline/airflow_venv/lib/python3.12/site-packages/airflow/example_dags/example_sensors.py
[2026-07-20T06:12:21.424+0000] {processor.py:840} INFO - DAG(s) 'example_sensors' retrieved from /workspaces/recomart-recommendation-pipeline/airflow_venv/lib/python3.12/site-packages/airflow/example_dags/example_sensors.py
[2026-07-20T06:12:21.440+0000] {logging_mixin.py:188} INFO - [2026-07-20T06:12:21.440+0000] {dag.py:3089} INFO - Sync 1 DAGs
[2026-07-20T06:12:21.448+0000] {logging_mixin.py:188} INFO - [2026-07-20T06:12:21.448+0000] {dag.py:3947} INFO - Setting next_dagrun for example_sensors to None, run_after=None
[2026-07-20T06:12:21.464+0000] {processor.py:183} INFO - Processing /workspaces/recomart-recommendation-pipeline/airflow_venv/lib/python3.12/site-packages/airflow/example_dags/example_sensors.py took 0.054 seconds
[2026-07-20T06:13:05.873+0000] {processor.py:161} INFO - Started process (PID=65819) to work on /workspaces/recomart-recommendation-pipeline/airflow_venv/lib/python3.12/site-packages/airflow/example_dags/example_sensors.py
[2026-07-20T06:13:05.874+0000] {processor.py:830} INFO - Processing file /workspaces/recomart-recommendation-pipeline/airflow_venv/lib/python3.12/site-packages/airflow/example_dags/example_sensors.py for tasks to queue
[2026-07-20T06:13:05.876+0000] {logging_mixin.py:188} INFO - [2026-07-20T06:13:05.875+0000] {dagbag.py:545} INFO - Filling up the DagBag from /workspaces/recomart-recommendation-pipeline/airflow_venv/lib/python3.12/site-packages/airflow/example_dags/example_sensors.py
[2026-07-20T06:13:05.887+0000] {processor.py:840} INFO - DAG(s) 'example_sensors' retrieved from /workspaces/recomart-recommendation-pipeline/airflow_venv/lib/python3.12/site-packages/airflow/example_dags/example_sensors.py
[2026-07-20T06:13:05.912+0000] {logging_mixin.py:188} INFO - [2026-07-20T06:13:05.912+0000] {dag.py:3089} INFO - Sync 1 DAGs
[2026-07-20T06:13:05.926+0000] {logging_mixin.py:188} INFO - [2026-07-20T06:13:05.926+0000] {dag.py:3947} INFO - Setting next_dagrun for example_sensors to None, run_after=None
[2026-07-20T06:13:05.959+0000] {processor.py:183} INFO - Processing /workspaces/recomart-recommendation-pipeline/airflow_venv/lib/python3.12/site-packages/airflow/example_dags/example_sensors.py took 0.096 seconds
[2026-07-20T06:13:50.636+0000] {processor.py:161} INFO - Started process (PID=66254) to work on /workspaces/recomart-recommendation-pipeline/airflow_venv/lib/python3.12/site-packages/airflow/example_dags/example_sensors.py
[2026-07-20T06:13:50.637+0000] {processor.py:830} INFO - Processing file /workspaces/recomart-recommendation-pipeline/airflow_venv/lib/python3.12/site-packages/airflow/example_dags/example_sensors.py for tasks to queue
[2026-07-20T06:13:50.638+0000] {logging_mixin.py:188} INFO - [2026-07-20T06:13:50.638+0000] {dagbag.py:545} INFO - Filling up the DagBag from /workspaces/recomart-recommendation-pipeline/airflow_venv/lib/python3.12/site-packages/airflow/example_dags/example_sensors.py
[2026-07-20T06:13:50.645+0000] {processor.py:840} INFO - DAG(s) 'example_sensors' retrieved from /workspaces/recomart-recommendation-pipeline/airflow_venv/lib/python3.12/site-packages/airflow/example_dags/example_sensors.py
[2026-07-20T06:13:50.663+0000] {logging_mixin.py:188} INFO - [2026-07-20T06:13:50.663+0000] {dag.py:3089} INFO - Sync 1 DAGs
[2026-07-20T06:13:50.673+0000] {logging_mixin.py:188} INFO - [2026-07-20T06:13:50.672+0000] {dag.py:3947} INFO - Setting next_dagrun for example_sensors to None, run_after=None
[2026-07-20T06:13:50.694+0000] {processor.py:183} INFO - Processing /workspaces/recomart-recommendation-pipeline/airflow_venv/lib/python3.12/site-packages/airflow/example_dags/example_sensors.py took 0.062 seconds
[2026-07-20T06:14:37.275+0000] {processor.py:161} INFO - Started process (PID=66833) to work on /workspaces/recomart-recommendation-pipeline/airflow_venv/lib/python3.12/site-packages/airflow/example_dags/example_sensors.py
[2026-07-20T06:14:37.276+0000] {processor.py:830} INFO - Processing file /workspaces/recomart-recommendation-pipeline/airflow_venv/lib/python3.12/site-packages/airflow/example_dags/example_sensors.py for tasks to queue
[2026-07-20T06:14:37.278+0000] {logging_mixin.py:188} INFO - [2026-07-20T06:14:37.278+0000] {dagbag.py:545} INFO - Filling up the DagBag from /workspaces/recomart-recommendation-pipeline/airflow_venv/lib/python3.12/site-packages/airflow/example_dags/example_sensors.py
[2026-07-20T06:14:37.288+0000] {processor.py:840} INFO - DAG(s) 'example_sensors' retrieved from /workspaces/recomart-recommendation-pipeline/airflow_venv/lib/python3.12/site-packages/airflow/example_dags/example_sensors.py
[2026-07-20T06:14:37.306+0000] {logging_mixin.py:188} INFO - [2026-07-20T06:14:37.306+0000] {dag.py:3089} INFO - Sync 1 DAGs
[2026-07-20T06:14:37.315+0000] {logging_mixin.py:188} INFO - [2026-07-20T06:14:37.315+0000] {dag.py:3947} INFO - Setting next_dagrun for example_sensors to None, run_after=None
[2026-07-20T06:14:37.333+0000] {processor.py:183} INFO - Processing /workspaces/recomart-recommendation-pipeline/airflow_venv/lib/python3.12/site-packages/airflow/example_dags/example_sensors.py took 0.063 seconds
[2026-07-20T06:15:21.225+0000] {processor.py:161} INFO - Started process (PID=67265) to work on /workspaces/recomart-recommendation-pipeline/airflow_venv/lib/python3.12/site-packages/airflow/example_dags/example_sensors.py
[2026-07-20T06:15:21.228+0000] {processor.py:830} INFO - Processing file /workspaces/recomart-recommendation-pipeline/airflow_venv/lib/python3.12/site-packages/airflow/example_dags/example_sensors.py for tasks to queue
[2026-07-20T06:15:21.232+0000] {logging_mixin.py:188} INFO - [2026-07-20T06:15:21.230+0000] {dagbag.py:545} INFO - Filling up the DagBag from /workspaces/recomart-recommendation-pipeline/airflow_venv/lib/python3.12/site-packages/airflow/example_dags/example_sensors.py
[2026-07-20T06:15:21.246+0000] {processor.py:840} INFO - DAG(s) 'example_sensors' retrieved from /workspaces/recomart-recommendation-pipeline/airflow_venv/lib/python3.12/site-packages/airflow/example_dags/example_sensors.py
[2026-07-20T06:15:21.283+0000] {logging_mixin.py:188} INFO - [2026-07-20T06:15:21.283+0000] {dag.py:3089} INFO - Sync 1 DAGs
[2026-07-20T06:15:21.299+0000] {logging_mixin.py:188} INFO - [2026-07-20T06:15:21.299+0000] {dag.py:3947} INFO - Setting next_dagrun for example_sensors to None, run_after=None
[2026-07-20T06:15:21.459+0000] {processor.py:183} INFO - Processing /workspaces/recomart-recommendation-pipeline/airflow_venv/lib/python3.12/site-packages/airflow/example_dags/example_sensors.py took 0.243 seconds
[2026-07-20T06:31:07.083+0000] {processor.py:161} INFO - Started process (PID=73726) to work on /workspaces/recomart-recommendation-pipeline/airflow_venv/lib/python3.12/site-packages/airflow/example_dags/example_sensors.py
[2026-07-20T06:31:07.084+0000] {processor.py:830} INFO - Processing file /workspaces/recomart-recommendation-pipeline/airflow_venv/lib/python3.12/site-packages/airflow/example_dags/example_sensors.py for tasks to queue
[2026-07-20T06:31:07.088+0000] {logging_mixin.py:188} INFO - [2026-07-20T06:31:07.086+0000] {dagbag.py:545} INFO - Filling up the DagBag from /workspaces/recomart-recommendation-pipeline/airflow_venv/lib/python3.12/site-packages/airflow/example_dags/example_sensors.py
[2026-07-20T06:31:07.098+0000] {processor.py:840} INFO - DAG(s) 'example_sensors' retrieved from /workspaces/recomart-recommendation-pipeline/airflow_venv/lib/python3.12/site-packages/airflow/example_dags/example_sensors.py
[2026-07-20T06:31:07.231+0000] {logging_mixin.py:188} INFO - [2026-07-20T06:31:07.231+0000] {dag.py:3089} INFO - Sync 1 DAGs
[2026-07-20T06:31:07.242+0000] {logging_mixin.py:188} INFO - [2026-07-20T06:31:07.242+0000] {dag.py:3947} INFO - Setting next_dagrun for example_sensors to None, run_after=None
[2026-07-20T06:31:07.304+0000] {processor.py:183} INFO - Processing /workspaces/recomart-recommendation-pipeline/airflow_venv/lib/python3.12/site-packages/airflow/example_dags/example_sensors.py took 0.227 seconds
[2026-07-20T06:32:02.918+0000] {processor.py:161} INFO - Started process (PID=74295) to work on /workspaces/recomart-recommendation-pipeline/airflow_venv/lib/python3.12/site-packages/airflow/example_dags/example_sensors.py
[2026-07-20T06:32:02.919+0000] {processor.py:830} INFO - Processing file /workspaces/recomart-recommendation-pipeline/airflow_venv/lib/python3.12/site-packages/airflow/example_dags/example_sensors.py for tasks to queue
[2026-07-20T06:32:02.921+0000] {logging_mixin.py:188} INFO - [2026-07-20T06:32:02.921+0000] {dagbag.py:545} INFO - Filling up the DagBag from /workspaces/recomart-recommendation-pipeline/airflow_venv/lib/python3.12/site-packages/airflow/example_dags/example_sensors.py
[2026-07-20T06:32:02.932+0000] {processor.py:840} INFO - DAG(s) 'example_sensors' retrieved from /workspaces/recomart-recommendation-pipeline/airflow_venv/lib/python3.12/site-packages/airflow/example_dags/example_sensors.py
[2026-07-20T06:32:02.957+0000] {logging_mixin.py:188} INFO - [2026-07-20T06:32:02.957+0000] {dag.py:3089} INFO - Sync 1 DAGs
[2026-07-20T06:32:02.973+0000] {logging_mixin.py:188} INFO - [2026-07-20T06:32:02.973+0000] {dag.py:3947} INFO - Setting next_dagrun for example_sensors to None, run_after=None
[2026-07-20T06:32:02.996+0000] {processor.py:183} INFO - Processing /workspaces/recomart-recommendation-pipeline/airflow_venv/lib/python3.12/site-packages/airflow/example_dags/example_sensors.py took 0.085 seconds
[2026-07-20T06:32:53.330+0000] {processor.py:161} INFO - Started process (PID=74911) to work on /workspaces/recomart-recommendation-pipeline/airflow_venv/lib/python3.12/site-packages/airflow/example_dags/example_sensors.py
[2026-07-20T06:32:53.332+0000] {processor.py:830} INFO - Processing file /workspaces/recomart-recommendation-pipeline/airflow_venv/lib/python3.12/site-packages/airflow/example_dags/example_sensors.py for tasks to queue
[2026-07-20T06:32:53.335+0000] {logging_mixin.py:188} INFO - [2026-07-20T06:32:53.335+0000] {dagbag.py:545} INFO - Filling up the DagBag from /workspaces/recomart-recommendation-pipeline/airflow_venv/lib/python3.12/site-packages/airflow/example_dags/example_sensors.py
[2026-07-20T06:32:53.352+0000] {processor.py:840} INFO - DAG(s) 'example_sensors' retrieved from /workspaces/recomart-recommendation-pipeline/airflow_venv/lib/python3.12/site-packages/airflow/example_dags/example_sensors.py
[2026-07-20T06:32:53.385+0000] {logging_mixin.py:188} INFO - [2026-07-20T06:32:53.384+0000] {dag.py:3089} INFO - Sync 1 DAGs
[2026-07-20T06:32:53.399+0000] {logging_mixin.py:188} INFO - [2026-07-20T06:32:53.399+0000] {dag.py:3947} INFO - Setting next_dagrun for example_sensors to None, run_after=None
[2026-07-20T06:32:53.426+0000] {processor.py:183} INFO - Processing /workspaces/recomart-recommendation-pipeline/airflow_venv/lib/python3.12/site-packages/airflow/example_dags/example_sensors.py took 0.107 seconds
[2026-07-20T06:34:15.384+0000] {processor.py:161} INFO - Started process (PID=76009) to work on /workspaces/recomart-recommendation-pipeline/airflow_venv/lib/python3.12/site-packages/airflow/example_dags/example_sensors.py
[2026-07-20T06:34:15.385+0000] {processor.py:830} INFO - Processing file /workspaces/recomart-recommendation-pipeline/airflow_venv/lib/python3.12/site-packages/airflow/example_dags/example_sensors.py for tasks to queue
[2026-07-20T06:34:15.387+0000] {logging_mixin.py:188} INFO - [2026-07-20T06:34:15.386+0000] {dagbag.py:545} INFO - Filling up the DagBag from /workspaces/recomart-recommendation-pipeline/airflow_venv/lib/python3.12/site-packages/airflow/example_dags/example_sensors.py
[2026-07-20T06:34:15.397+0000] {processor.py:840} INFO - DAG(s) 'example_sensors' retrieved from /workspaces/recomart-recommendation-pipeline/airflow_venv/lib/python3.12/site-packages/airflow/example_dags/example_sensors.py
[2026-07-20T06:34:15.434+0000] {logging_mixin.py:188} INFO - [2026-07-20T06:34:15.434+0000] {dag.py:3089} INFO - Sync 1 DAGs
[2026-07-20T06:34:15.447+0000] {logging_mixin.py:188} INFO - [2026-07-20T06:34:15.447+0000] {dag.py:3947} INFO - Setting next_dagrun for example_sensors to None, run_after=None
[2026-07-20T06:34:15.542+0000] {processor.py:183} INFO - Processing /workspaces/recomart-recommendation-pipeline/airflow_venv/lib/python3.12/site-packages/airflow/example_dags/example_sensors.py took 0.164 seconds
[2026-07-20T06:35:13.546+0000] {processor.py:161} INFO - Started process (PID=77097) to work on /workspaces/recomart-recommendation-pipeline/airflow_venv/lib/python3.12/site-packages/airflow/example_dags/example_sensors.py
[2026-07-20T06:35:13.547+0000] {processor.py:830} INFO - Processing file /workspaces/recomart-recommendation-pipeline/airflow_venv/lib/python3.12/site-packages/airflow/example_dags/example_sensors.py for tasks to queue
[2026-07-20T06:35:13.549+0000] {logging_mixin.py:188} INFO - [2026-07-20T06:35:13.548+0000] {dagbag.py:545} INFO - Filling up the DagBag from /workspaces/recomart-recommendation-pipeline/airflow_venv/lib/python3.12/site-packages/airflow/example_dags/example_sensors.py
[2026-07-20T06:35:13.559+0000] {processor.py:840} INFO - DAG(s) 'example_sensors' retrieved from /workspaces/recomart-recommendation-pipeline/airflow_venv/lib/python3.12/site-packages/airflow/example_dags/example_sensors.py
[2026-07-20T06:35:13.584+0000] {logging_mixin.py:188} INFO - [2026-07-20T06:35:13.584+0000] {dag.py:3089} INFO - Sync 1 DAGs
[2026-07-20T06:35:13.601+0000] {logging_mixin.py:188} INFO - [2026-07-20T06:35:13.601+0000] {dag.py:3947} INFO - Setting next_dagrun for example_sensors to None, run_after=None
[2026-07-20T06:35:13.644+0000] {processor.py:183} INFO - Processing /workspaces/recomart-recommendation-pipeline/airflow_venv/lib/python3.12/site-packages/airflow/example_dags/example_sensors.py took 0.104 seconds
[2026-07-20T06:36:00.948+0000] {processor.py:161} INFO - Started process (PID=78037) to work on /workspaces/recomart-recommendation-pipeline/airflow_venv/lib/python3.12/site-packages/airflow/example_dags/example_sensors.py
[2026-07-20T06:36:00.949+0000] {processor.py:830} INFO - Processing file /workspaces/recomart-recommendation-pipeline/airflow_venv/lib/python3.12/site-packages/airflow/example_dags/example_sensors.py for tasks to queue
[2026-07-20T06:36:00.951+0000] {logging_mixin.py:188} INFO - [2026-07-20T06:36:00.951+0000] {dagbag.py:545} INFO - Filling up the DagBag from /workspaces/recomart-recommendation-pipeline/airflow_venv/lib/python3.12/site-packages/airflow/example_dags/example_sensors.py
[2026-07-20T06:36:00.961+0000] {processor.py:840} INFO - DAG(s) 'example_sensors' retrieved from /workspaces/recomart-recommendation-pipeline/airflow_venv/lib/python3.12/site-packages/airflow/example_dags/example_sensors.py
[2026-07-20T06:36:00.986+0000] {logging_mixin.py:188} INFO - [2026-07-20T06:36:00.986+0000] {dag.py:3089} INFO - Sync 1 DAGs
[2026-07-20T06:36:00.999+0000] {logging_mixin.py:188} INFO - [2026-07-20T06:36:00.999+0000] {dag.py:3947} INFO - Setting next_dagrun for example_sensors to None, run_after=None
[2026-07-20T06:36:01.023+0000] {processor.py:183} INFO - Processing /workspaces/recomart-recommendation-pipeline/airflow_venv/lib/python3.12/site-packages/airflow/example_dags/example_sensors.py took 0.081 seconds
[2026-07-20T06:36:56.990+0000] {processor.py:161} INFO - Started process (PID=78819) to work on /workspaces/recomart-recommendation-pipeline/airflow_venv/lib/python3.12/site-packages/airflow/example_dags/example_sensors.py
[2026-07-20T06:36:56.991+0000] {processor.py:830} INFO - Processing file /workspaces/recomart-recommendation-pipeline/airflow_venv/lib/python3.12/site-packages/airflow/example_dags/example_sensors.py for tasks to queue
[2026-07-20T06:36:56.992+0000] {logging_mixin.py:188} INFO - [2026-07-20T06:36:56.992+0000] {dagbag.py:545} INFO - Filling up the DagBag from /workspaces/recomart-recommendation-pipeline/airflow_venv/lib/python3.12/site-packages/airflow/example_dags/example_sensors.py
[2026-07-20T06:36:56.998+0000] {processor.py:840} INFO - DAG(s) 'example_sensors' retrieved from /workspaces/recomart-recommendation-pipeline/airflow_venv/lib/python3.12/site-packages/airflow/example_dags/example_sensors.py
[2026-07-20T06:36:57.014+0000] {logging_mixin.py:188} INFO - [2026-07-20T06:36:57.013+0000] {dag.py:3089} INFO - Sync 1 DAGs
[2026-07-20T06:36:57.022+0000] {logging_mixin.py:188} INFO - [2026-07-20T06:36:57.022+0000] {dag.py:3947} INFO - Setting next_dagrun for example_sensors to None, run_after=None
[2026-07-20T06:36:57.132+0000] {processor.py:183} INFO - Processing /workspaces/recomart-recommendation-pipeline/airflow_venv/lib/python3.12/site-packages/airflow/example_dags/example_sensors.py took 0.146 seconds
[2026-07-20T06:37:41.720+0000] {processor.py:161} INFO - Started process (PID=79196) to work on /workspaces/recomart-recommendation-pipeline/airflow_venv/lib/python3.12/site-packages/airflow/example_dags/example_sensors.py
[2026-07-20T06:37:41.721+0000] {processor.py:830} INFO - Processing file /workspaces/recomart-recommendation-pipeline/airflow_venv/lib/python3.12/site-packages/airflow/example_dags/example_sensors.py for tasks to queue
[2026-07-20T06:37:41.722+0000] {logging_mixin.py:188} INFO - [2026-07-20T06:37:41.722+0000] {dagbag.py:545} INFO - Filling up the DagBag from /workspaces/recomart-recommendation-pipeline/airflow_venv/lib/python3.12/site-packages/airflow/example_dags/example_sensors.py
[2026-07-20T06:37:41.730+0000] {processor.py:840} INFO - DAG(s) 'example_sensors' retrieved from /workspaces/recomart-recommendation-pipeline/airflow_venv/lib/python3.12/site-packages/airflow/example_dags/example_sensors.py
[2026-07-20T06:37:41.745+0000] {logging_mixin.py:188} INFO - [2026-07-20T06:37:41.745+0000] {dag.py:3089} INFO - Sync 1 DAGs
[2026-07-20T06:37:41.753+0000] {logging_mixin.py:188} INFO - [2026-07-20T06:37:41.753+0000] {dag.py:3947} INFO - Setting next_dagrun for example_sensors to None, run_after=None
[2026-07-20T06:37:41.770+0000] {processor.py:183} INFO - Processing /workspaces/recomart-recommendation-pipeline/airflow_venv/lib/python3.12/site-packages/airflow/example_dags/example_sensors.py took 0.054 seconds
[2026-07-20T06:38:29.876+0000] {processor.py:161} INFO - Started process (PID=79551) to work on /workspaces/recomart-recommendation-pipeline/airflow_venv/lib/python3.12/site-packages/airflow/example_dags/example_sensors.py
[2026-07-20T06:38:29.882+0000] {processor.py:830} INFO - Processing file /workspaces/recomart-recommendation-pipeline/airflow_venv/lib/python3.12/site-packages/airflow/example_dags/example_sensors.py for tasks to queue
[2026-07-20T06:38:29.888+0000] {logging_mixin.py:188} INFO - [2026-07-20T06:38:29.887+0000] {dagbag.py:545} INFO - Filling up the DagBag from /workspaces/recomart-recommendation-pipeline/airflow_venv/lib/python3.12/site-packages/airflow/example_dags/example_sensors.py
[2026-07-20T06:38:29.903+0000] {processor.py:840} INFO - DAG(s) 'example_sensors' retrieved from /workspaces/recomart-recommendation-pipeline/airflow_venv/lib/python3.12/site-packages/airflow/example_dags/example_sensors.py
[2026-07-20T06:38:29.936+0000] {logging_mixin.py:188} INFO - [2026-07-20T06:38:29.935+0000] {dag.py:3089} INFO - Sync 1 DAGs
[2026-07-20T06:38:30.069+0000] {logging_mixin.py:188} INFO - [2026-07-20T06:38:30.068+0000] {dag.py:3947} INFO - Setting next_dagrun for example_sensors to None, run_after=None
[2026-07-20T06:38:30.088+0000] {processor.py:183} INFO - Processing /workspaces/recomart-recommendation-pipeline/airflow_venv/lib/python3.12/site-packages/airflow/example_dags/example_sensors.py took 0.225 seconds
[2026-07-20T06:39:17.908+0000] {processor.py:161} INFO - Started process (PID=79954) to work on /workspaces/recomart-recommendation-pipeline/airflow_venv/lib/python3.12/site-packages/airflow/example_dags/example_sensors.py
[2026-07-20T06:39:17.909+0000] {processor.py:830} INFO - Processing file /workspaces/recomart-recommendation-pipeline/airflow_venv/lib/python3.12/site-packages/airflow/example_dags/example_sensors.py for tasks to queue
[2026-07-20T06:39:17.910+0000] {logging_mixin.py:188} INFO - [2026-07-20T06:39:17.910+0000] {dagbag.py:545} INFO - Filling up the DagBag from /workspaces/recomart-recommendation-pipeline/airflow_venv/lib/python3.12/site-packages/airflow/example_dags/example_sensors.py
[2026-07-20T06:39:17.918+0000] {processor.py:840} INFO - DAG(s) 'example_sensors' retrieved from /workspaces/recomart-recommendation-pipeline/airflow_venv/lib/python3.12/site-packages/airflow/example_dags/example_sensors.py
[2026-07-20T06:39:17.935+0000] {logging_mixin.py:188} INFO - [2026-07-20T06:39:17.934+0000] {dag.py:3089} INFO - Sync 1 DAGs
[2026-07-20T06:39:17.948+0000] {logging_mixin.py:188} INFO - [2026-07-20T06:39:17.948+0000] {dag.py:3947} INFO - Setting next_dagrun for example_sensors to None, run_after=None
[2026-07-20T06:39:17.965+0000] {processor.py:183} INFO - Processing /workspaces/recomart-recommendation-pipeline/airflow_venv/lib/python3.12/site-packages/airflow/example_dags/example_sensors.py took 0.061 seconds
[2026-07-20T06:40:05.327+0000] {processor.py:161} INFO - Started process (PID=80357) to work on /workspaces/recomart-recommendation-pipeline/airflow_venv/lib/python3.12/site-packages/airflow/example_dags/example_sensors.py
[2026-07-20T06:40:05.328+0000] {processor.py:830} INFO - Processing file /workspaces/recomart-recommendation-pipeline/airflow_venv/lib/python3.12/site-packages/airflow/example_dags/example_sensors.py for tasks to queue
[2026-07-20T06:40:05.329+0000] {logging_mixin.py:188} INFO - [2026-07-20T06:40:05.329+0000] {dagbag.py:545} INFO - Filling up the DagBag from /workspaces/recomart-recommendation-pipeline/airflow_venv/lib/python3.12/site-packages/airflow/example_dags/example_sensors.py
[2026-07-20T06:40:05.336+0000] {processor.py:840} INFO - DAG(s) 'example_sensors' retrieved from /workspaces/recomart-recommendation-pipeline/airflow_venv/lib/python3.12/site-packages/airflow/example_dags/example_sensors.py
[2026-07-20T06:40:05.449+0000] {logging_mixin.py:188} INFO - [2026-07-20T06:40:05.449+0000] {dag.py:3089} INFO - Sync 1 DAGs
[2026-07-20T06:40:05.456+0000] {logging_mixin.py:188} INFO - [2026-07-20T06:40:05.456+0000] {dag.py:3947} INFO - Setting next_dagrun for example_sensors to None, run_after=None
[2026-07-20T06:40:05.473+0000] {processor.py:183} INFO - Processing /workspaces/recomart-recommendation-pipeline/airflow_venv/lib/python3.12/site-packages/airflow/example_dags/example_sensors.py took 0.151 seconds
[2026-07-20T06:40:55.594+0000] {processor.py:161} INFO - Started process (PID=80841) to work on /workspaces/recomart-recommendation-pipeline/airflow_venv/lib/python3.12/site-packages/airflow/example_dags/example_sensors.py
[2026-07-20T06:40:55.595+0000] {processor.py:830} INFO - Processing file /workspaces/recomart-recommendation-pipeline/airflow_venv/lib/python3.12/site-packages/airflow/example_dags/example_sensors.py for tasks to queue
[2026-07-20T06:40:55.596+0000] {logging_mixin.py:188} INFO - [2026-07-20T06:40:55.596+0000] {dagbag.py:545} INFO - Filling up the DagBag from /workspaces/recomart-recommendation-pipeline/airflow_venv/lib/python3.12/site-packages/airflow/example_dags/example_sensors.py
[2026-07-20T06:40:55.603+0000] {processor.py:840} INFO - DAG(s) 'example_sensors' retrieved from /workspaces/recomart-recommendation-pipeline/airflow_venv/lib/python3.12/site-packages/airflow/example_dags/example_sensors.py
[2026-07-20T06:40:55.619+0000] {logging_mixin.py:188} INFO - [2026-07-20T06:40:55.619+0000] {dag.py:3089} INFO - Sync 1 DAGs
[2026-07-20T06:40:55.628+0000] {logging_mixin.py:188} INFO - [2026-07-20T06:40:55.628+0000] {dag.py:3947} INFO - Setting next_dagrun for example_sensors to None, run_after=None
[2026-07-20T06:40:55.644+0000] {processor.py:183} INFO - Processing /workspaces/recomart-recommendation-pipeline/airflow_venv/lib/python3.12/site-packages/airflow/example_dags/example_sensors.py took 0.055 seconds
[2026-07-20T06:41:41.612+0000] {processor.py:161} INFO - Started process (PID=81230) to work on /workspaces/recomart-recommendation-pipeline/airflow_venv/lib/python3.12/site-packages/airflow/example_dags/example_sensors.py
[2026-07-20T06:41:41.613+0000] {processor.py:830} INFO - Processing file /workspaces/recomart-recommendation-pipeline/airflow_venv/lib/python3.12/site-packages/airflow/example_dags/example_sensors.py for tasks to queue
[2026-07-20T06:41:41.614+0000] {logging_mixin.py:188} INFO - [2026-07-20T06:41:41.614+0000] {dagbag.py:545} INFO - Filling up the DagBag from /workspaces/recomart-recommendation-pipeline/airflow_venv/lib/python3.12/site-packages/airflow/example_dags/example_sensors.py
[2026-07-20T06:41:41.621+0000] {processor.py:840} INFO - DAG(s) 'example_sensors' retrieved from /workspaces/recomart-recommendation-pipeline/airflow_venv/lib/python3.12/site-packages/airflow/example_dags/example_sensors.py
[2026-07-20T06:41:41.637+0000] {logging_mixin.py:188} INFO - [2026-07-20T06:41:41.636+0000] {dag.py:3089} INFO - Sync 1 DAGs
[2026-07-20T06:41:41.645+0000] {logging_mixin.py:188} INFO - [2026-07-20T06:41:41.645+0000] {dag.py:3947} INFO - Setting next_dagrun for example_sensors to None, run_after=None
[2026-07-20T06:41:41.662+0000] {processor.py:183} INFO - Processing /workspaces/recomart-recommendation-pipeline/airflow_venv/lib/python3.12/site-packages/airflow/example_dags/example_sensors.py took 0.054 seconds
[2026-07-20T06:42:30.060+0000] {processor.py:161} INFO - Started process (PID=81583) to work on /workspaces/recomart-recommendation-pipeline/airflow_venv/lib/python3.12/site-packages/airflow/example_dags/example_sensors.py
[2026-07-20T06:42:30.061+0000] {processor.py:830} INFO - Processing file /workspaces/recomart-recommendation-pipeline/airflow_venv/lib/python3.12/site-packages/airflow/example_dags/example_sensors.py for tasks to queue
[2026-07-20T06:42:30.063+0000] {logging_mixin.py:188} INFO - [2026-07-20T06:42:30.062+0000] {dagbag.py:545} INFO - Filling up the DagBag from /workspaces/recomart-recommendation-pipeline/airflow_venv/lib/python3.12/site-packages/airflow/example_dags/example_sensors.py
[2026-07-20T06:42:30.069+0000] {processor.py:840} INFO - DAG(s) 'example_sensors' retrieved from /workspaces/recomart-recommendation-pipeline/airflow_venv/lib/python3.12/site-packages/airflow/example_dags/example_sensors.py
[2026-07-20T06:42:30.094+0000] {logging_mixin.py:188} INFO - [2026-07-20T06:42:30.094+0000] {dag.py:3089} INFO - Sync 1 DAGs
[2026-07-20T06:42:30.102+0000] {logging_mixin.py:188} INFO - [2026-07-20T06:42:30.102+0000] {dag.py:3947} INFO - Setting next_dagrun for example_sensors to None, run_after=None
[2026-07-20T06:42:30.119+0000] {processor.py:183} INFO - Processing /workspaces/recomart-recommendation-pipeline/airflow_venv/lib/python3.12/site-packages/airflow/example_dags/example_sensors.py took 0.064 seconds
[2026-07-20T06:43:16.128+0000] {processor.py:161} INFO - Started process (PID=81989) to work on /workspaces/recomart-recommendation-pipeline/airflow_venv/lib/python3.12/site-packages/airflow/example_dags/example_sensors.py
[2026-07-20T06:43:16.129+0000] {processor.py:830} INFO - Processing file /workspaces/recomart-recommendation-pipeline/airflow_venv/lib/python3.12/site-packages/airflow/example_dags/example_sensors.py for tasks to queue
[2026-07-20T06:43:16.130+0000] {logging_mixin.py:188} INFO - [2026-07-20T06:43:16.130+0000] {dagbag.py:545} INFO - Filling up the DagBag from /workspaces/recomart-recommendation-pipeline/airflow_venv/lib/python3.12/site-packages/airflow/example_dags/example_sensors.py
[2026-07-20T06:43:16.137+0000] {processor.py:840} INFO - DAG(s) 'example_sensors' retrieved from /workspaces/recomart-recommendation-pipeline/airflow_venv/lib/python3.12/site-packages/airflow/example_dags/example_sensors.py
[2026-07-20T06:43:16.156+0000] {logging_mixin.py:188} INFO - [2026-07-20T06:43:16.156+0000] {dag.py:3089} INFO - Sync 1 DAGs
[2026-07-20T06:43:16.165+0000] {logging_mixin.py:188} INFO - [2026-07-20T06:43:16.165+0000] {dag.py:3947} INFO - Setting next_dagrun for example_sensors to None, run_after=None
[2026-07-20T06:43:16.184+0000] {processor.py:183} INFO - Processing /workspaces/recomart-recommendation-pipeline/airflow_venv/lib/python3.12/site-packages/airflow/example_dags/example_sensors.py took 0.061 seconds
[2026-07-20T06:44:05.845+0000] {processor.py:161} INFO - Started process (PID=82412) to work on /workspaces/recomart-recommendation-pipeline/airflow_venv/lib/python3.12/site-packages/airflow/example_dags/example_sensors.py
[2026-07-20T06:44:05.845+0000] {processor.py:830} INFO - Processing file /workspaces/recomart-recommendation-pipeline/airflow_venv/lib/python3.12/site-packages/airflow/example_dags/example_sensors.py for tasks to queue
[2026-07-20T06:44:05.847+0000] {logging_mixin.py:188} INFO - [2026-07-20T06:44:05.847+0000] {dagbag.py:545} INFO - Filling up the DagBag from /workspaces/recomart-recommendation-pipeline/airflow_venv/lib/python3.12/site-packages/airflow/example_dags/example_sensors.py
[2026-07-20T06:44:05.854+0000] {processor.py:840} INFO - DAG(s) 'example_sensors' retrieved from /workspaces/recomart-recommendation-pipeline/airflow_venv/lib/python3.12/site-packages/airflow/example_dags/example_sensors.py
[2026-07-20T06:44:05.869+0000] {logging_mixin.py:188} INFO - [2026-07-20T06:44:05.869+0000] {dag.py:3089} INFO - Sync 1 DAGs
[2026-07-20T06:44:05.883+0000] {logging_mixin.py:188} INFO - [2026-07-20T06:44:05.883+0000] {dag.py:3947} INFO - Setting next_dagrun for example_sensors to None, run_after=None
[2026-07-20T06:44:05.902+0000] {processor.py:183} INFO - Processing /workspaces/recomart-recommendation-pipeline/airflow_venv/lib/python3.12/site-packages/airflow/example_dags/example_sensors.py took 0.063 seconds
[2026-07-20T06:44:50.148+0000] {processor.py:161} INFO - Started process (PID=82795) to work on /workspaces/recomart-recommendation-pipeline/airflow_venv/lib/python3.12/site-packages/airflow/example_dags/example_sensors.py
[2026-07-20T06:44:50.149+0000] {processor.py:830} INFO - Processing file /workspaces/recomart-recommendation-pipeline/airflow_venv/lib/python3.12/site-packages/airflow/example_dags/example_sensors.py for tasks to queue
[2026-07-20T06:44:50.150+0000] {logging_mixin.py:188} INFO - [2026-07-20T06:44:50.150+0000] {dagbag.py:545} INFO - Filling up the DagBag from /workspaces/recomart-recommendation-pipeline/airflow_venv/lib/python3.12/site-packages/airflow/example_dags/example_sensors.py
[2026-07-20T06:44:50.157+0000] {processor.py:840} INFO - DAG(s) 'example_sensors' retrieved from /workspaces/recomart-recommendation-pipeline/airflow_venv/lib/python3.12/site-packages/airflow/example_dags/example_sensors.py
[2026-07-20T06:44:50.174+0000] {logging_mixin.py:188} INFO - [2026-07-20T06:44:50.174+0000] {dag.py:3089} INFO - Sync 1 DAGs
[2026-07-20T06:44:50.187+0000] {logging_mixin.py:188} INFO - [2026-07-20T06:44:50.187+0000] {dag.py:3947} INFO - Setting next_dagrun for example_sensors to None, run_after=None
[2026-07-20T06:44:50.205+0000] {processor.py:183} INFO - Processing /workspaces/recomart-recommendation-pipeline/airflow_venv/lib/python3.12/site-packages/airflow/example_dags/example_sensors.py took 0.061 seconds
[2026-07-20T06:45:34.946+0000] {processor.py:161} INFO - Started process (PID=83108) to work on /workspaces/recomart-recommendation-pipeline/airflow_venv/lib/python3.12/site-packages/airflow/example_dags/example_sensors.py
[2026-07-20T06:45:34.947+0000] {processor.py:830} INFO - Processing file /workspaces/recomart-recommendation-pipeline/airflow_venv/lib/python3.12/site-packages/airflow/example_dags/example_sensors.py for tasks to queue
[2026-07-20T06:45:34.948+0000] {logging_mixin.py:188} INFO - [2026-07-20T06:45:34.948+0000] {dagbag.py:545} INFO - Filling up the DagBag from /workspaces/recomart-recommendation-pipeline/airflow_venv/lib/python3.12/site-packages/airflow/example_dags/example_sensors.py
[2026-07-20T06:45:34.957+0000] {processor.py:840} INFO - DAG(s) 'example_sensors' retrieved from /workspaces/recomart-recommendation-pipeline/airflow_venv/lib/python3.12/site-packages/airflow/example_dags/example_sensors.py
[2026-07-20T06:45:34.986+0000] {logging_mixin.py:188} INFO - [2026-07-20T06:45:34.985+0000] {dag.py:3089} INFO - Sync 1 DAGs
[2026-07-20T06:45:35.002+0000] {logging_mixin.py:188} INFO - [2026-07-20T06:45:35.001+0000] {dag.py:3947} INFO - Setting next_dagrun for example_sensors to None, run_after=None
[2026-07-20T06:45:35.040+0000] {processor.py:183} INFO - Processing /workspaces/recomart-recommendation-pipeline/airflow_venv/lib/python3.12/site-packages/airflow/example_dags/example_sensors.py took 0.099 seconds
[2026-07-20T06:46:20.741+0000] {processor.py:161} INFO - Started process (PID=83573) to work on /workspaces/recomart-recommendation-pipeline/airflow_venv/lib/python3.12/site-packages/airflow/example_dags/example_sensors.py
[2026-07-20T06:46:20.742+0000] {processor.py:830} INFO - Processing file /workspaces/recomart-recommendation-pipeline/airflow_venv/lib/python3.12/site-packages/airflow/example_dags/example_sensors.py for tasks to queue
[2026-07-20T06:46:20.743+0000] {logging_mixin.py:188} INFO - [2026-07-20T06:46:20.743+0000] {dagbag.py:545} INFO - Filling up the DagBag from /workspaces/recomart-recommendation-pipeline/airflow_venv/lib/python3.12/site-packages/airflow/example_dags/example_sensors.py
[2026-07-20T06:46:20.750+0000] {processor.py:840} INFO - DAG(s) 'example_sensors' retrieved from /workspaces/recomart-recommendation-pipeline/airflow_venv/lib/python3.12/site-packages/airflow/example_dags/example_sensors.py
[2026-07-20T06:46:20.765+0000] {logging_mixin.py:188} INFO - [2026-07-20T06:46:20.765+0000] {dag.py:3089} INFO - Sync 1 DAGs
[2026-07-20T06:46:20.777+0000] {logging_mixin.py:188} INFO - [2026-07-20T06:46:20.777+0000] {dag.py:3947} INFO - Setting next_dagrun for example_sensors to None, run_after=None
[2026-07-20T06:46:20.795+0000] {processor.py:183} INFO - Processing /workspaces/recomart-recommendation-pipeline/airflow_venv/lib/python3.12/site-packages/airflow/example_dags/example_sensors.py took 0.059 seconds
[2026-07-20T06:47:04.631+0000] {processor.py:161} INFO - Started process (PID=83950) to work on /workspaces/recomart-recommendation-pipeline/airflow_venv/lib/python3.12/site-packages/airflow/example_dags/example_sensors.py
[2026-07-20T06:47:04.632+0000] {processor.py:830} INFO - Processing file /workspaces/recomart-recommendation-pipeline/airflow_venv/lib/python3.12/site-packages/airflow/example_dags/example_sensors.py for tasks to queue
[2026-07-20T06:47:04.636+0000] {logging_mixin.py:188} INFO - [2026-07-20T06:47:04.634+0000] {dagbag.py:545} INFO - Filling up the DagBag from /workspaces/recomart-recommendation-pipeline/airflow_venv/lib/python3.12/site-packages/airflow/example_dags/example_sensors.py
[2026-07-20T06:47:04.657+0000] {processor.py:840} INFO - DAG(s) 'example_sensors' retrieved from /workspaces/recomart-recommendation-pipeline/airflow_venv/lib/python3.12/site-packages/airflow/example_dags/example_sensors.py
[2026-07-20T06:47:04.683+0000] {logging_mixin.py:188} INFO - [2026-07-20T06:47:04.683+0000] {dag.py:3089} INFO - Sync 1 DAGs
[2026-07-20T06:47:04.697+0000] {logging_mixin.py:188} INFO - [2026-07-20T06:47:04.696+0000] {dag.py:3947} INFO - Setting next_dagrun for example_sensors to None, run_after=None
[2026-07-20T06:47:04.725+0000] {processor.py:183} INFO - Processing /workspaces/recomart-recommendation-pipeline/airflow_venv/lib/python3.12/site-packages/airflow/example_dags/example_sensors.py took 0.100 seconds
[2026-07-20T06:48:06.336+0000] {processor.py:161} INFO - Started process (PID=84453) to work on /workspaces/recomart-recommendation-pipeline/airflow_venv/lib/python3.12/site-packages/airflow/example_dags/example_sensors.py
[2026-07-20T06:48:06.337+0000] {processor.py:830} INFO - Processing file /workspaces/recomart-recommendation-pipeline/airflow_venv/lib/python3.12/site-packages/airflow/example_dags/example_sensors.py for tasks to queue
[2026-07-20T06:48:06.338+0000] {logging_mixin.py:188} INFO - [2026-07-20T06:48:06.338+0000] {dagbag.py:545} INFO - Filling up the DagBag from /workspaces/recomart-recommendation-pipeline/airflow_venv/lib/python3.12/site-packages/airflow/example_dags/example_sensors.py
[2026-07-20T06:48:06.345+0000] {processor.py:840} INFO - DAG(s) 'example_sensors' retrieved from /workspaces/recomart-recommendation-pipeline/airflow_venv/lib/python3.12/site-packages/airflow/example_dags/example_sensors.py
[2026-07-20T06:48:06.361+0000] {logging_mixin.py:188} INFO - [2026-07-20T06:48:06.361+0000] {dag.py:3089} INFO - Sync 1 DAGs
[2026-07-20T06:48:06.370+0000] {logging_mixin.py:188} INFO - [2026-07-20T06:48:06.370+0000] {dag.py:3947} INFO - Setting next_dagrun for example_sensors to None, run_after=None
[2026-07-20T06:48:06.390+0000] {processor.py:183} INFO - Processing /workspaces/recomart-recommendation-pipeline/airflow_venv/lib/python3.12/site-packages/airflow/example_dags/example_sensors.py took 0.058 seconds
[2026-07-20T06:49:08.693+0000] {processor.py:161} INFO - Started process (PID=85091) to work on /workspaces/recomart-recommendation-pipeline/airflow_venv/lib/python3.12/site-packages/airflow/example_dags/example_sensors.py
[2026-07-20T06:49:08.694+0000] {processor.py:830} INFO - Processing file /workspaces/recomart-recommendation-pipeline/airflow_venv/lib/python3.12/site-packages/airflow/example_dags/example_sensors.py for tasks to queue
[2026-07-20T06:49:08.695+0000] {logging_mixin.py:188} INFO - [2026-07-20T06:49:08.695+0000] {dagbag.py:545} INFO - Filling up the DagBag from /workspaces/recomart-recommendation-pipeline/airflow_venv/lib/python3.12/site-packages/airflow/example_dags/example_sensors.py
[2026-07-20T06:49:08.706+0000] {processor.py:840} INFO - DAG(s) 'example_sensors' retrieved from /workspaces/recomart-recommendation-pipeline/airflow_venv/lib/python3.12/site-packages/airflow/example_dags/example_sensors.py
[2026-07-20T06:49:08.723+0000] {logging_mixin.py:188} INFO - [2026-07-20T06:49:08.723+0000] {dag.py:3089} INFO - Sync 1 DAGs
[2026-07-20T06:49:08.732+0000] {logging_mixin.py:188} INFO - [2026-07-20T06:49:08.732+0000] {dag.py:3947} INFO - Setting next_dagrun for example_sensors to None, run_after=None
[2026-07-20T06:49:08.749+0000] {processor.py:183} INFO - Processing /workspaces/recomart-recommendation-pipeline/airflow_venv/lib/python3.12/site-packages/airflow/example_dags/example_sensors.py took 0.060 seconds
[2026-07-20T06:50:10.753+0000] {processor.py:161} INFO - Started process (PID=85721) to work on /workspaces/recomart-recommendation-pipeline/airflow_venv/lib/python3.12/site-packages/airflow/example_dags/example_sensors.py
[2026-07-20T06:50:10.754+0000] {processor.py:830} INFO - Processing file /workspaces/recomart-recommendation-pipeline/airflow_venv/lib/python3.12/site-packages/airflow/example_dags/example_sensors.py for tasks to queue
[2026-07-20T06:50:10.755+0000] {logging_mixin.py:188} INFO - [2026-07-20T06:50:10.755+0000] {dagbag.py:545} INFO - Filling up the DagBag from /workspaces/recomart-recommendation-pipeline/airflow_venv/lib/python3.12/site-packages/airflow/example_dags/example_sensors.py
[2026-07-20T06:50:10.765+0000] {processor.py:840} INFO - DAG(s) 'example_sensors' retrieved from /workspaces/recomart-recommendation-pipeline/airflow_venv/lib/python3.12/site-packages/airflow/example_dags/example_sensors.py
[2026-07-20T06:50:10.791+0000] {logging_mixin.py:188} INFO - [2026-07-20T06:50:10.791+0000] {dag.py:3089} INFO - Sync 1 DAGs
[2026-07-20T06:50:10.806+0000] {logging_mixin.py:188} INFO - [2026-07-20T06:50:10.806+0000] {dag.py:3947} INFO - Setting next_dagrun for example_sensors to None, run_after=None
[2026-07-20T06:50:10.852+0000] {processor.py:183} INFO - Processing /workspaces/recomart-recommendation-pipeline/airflow_venv/lib/python3.12/site-packages/airflow/example_dags/example_sensors.py took 0.106 seconds
[2026-07-20T06:50:55.511+0000] {processor.py:161} INFO - Started process (PID=86239) to work on /workspaces/recomart-recommendation-pipeline/airflow_venv/lib/python3.12/site-packages/airflow/example_dags/example_sensors.py
[2026-07-20T06:50:55.512+0000] {processor.py:830} INFO - Processing file /workspaces/recomart-recommendation-pipeline/airflow_venv/lib/python3.12/site-packages/airflow/example_dags/example_sensors.py for tasks to queue
[2026-07-20T06:50:55.513+0000] {logging_mixin.py:188} INFO - [2026-07-20T06:50:55.513+0000] {dagbag.py:545} INFO - Filling up the DagBag from /workspaces/recomart-recommendation-pipeline/airflow_venv/lib/python3.12/site-packages/airflow/example_dags/example_sensors.py
[2026-07-20T06:50:55.520+0000] {processor.py:840} INFO - DAG(s) 'example_sensors' retrieved from /workspaces/recomart-recommendation-pipeline/airflow_venv/lib/python3.12/site-packages/airflow/example_dags/example_sensors.py
[2026-07-20T06:50:55.537+0000] {logging_mixin.py:188} INFO - [2026-07-20T06:50:55.537+0000] {dag.py:3089} INFO - Sync 1 DAGs
[2026-07-20T06:50:55.548+0000] {logging_mixin.py:188} INFO - [2026-07-20T06:50:55.548+0000] {dag.py:3947} INFO - Setting next_dagrun for example_sensors to None, run_after=None
[2026-07-20T06:50:55.571+0000] {processor.py:183} INFO - Processing /workspaces/recomart-recommendation-pipeline/airflow_venv/lib/python3.12/site-packages/airflow/example_dags/example_sensors.py took 0.065 seconds
[2026-07-20T06:51:42.194+0000] {processor.py:161} INFO - Started process (PID=86627) to work on /workspaces/recomart-recommendation-pipeline/airflow_venv/lib/python3.12/site-packages/airflow/example_dags/example_sensors.py
[2026-07-20T06:51:42.195+0000] {processor.py:830} INFO - Processing file /workspaces/recomart-recommendation-pipeline/airflow_venv/lib/python3.12/site-packages/airflow/example_dags/example_sensors.py for tasks to queue
[2026-07-20T06:51:42.200+0000] {logging_mixin.py:188} INFO - [2026-07-20T06:51:42.198+0000] {dagbag.py:545} INFO - Filling up the DagBag from /workspaces/recomart-recommendation-pipeline/airflow_venv/lib/python3.12/site-packages/airflow/example_dags/example_sensors.py
[2026-07-20T06:51:42.218+0000] {processor.py:840} INFO - DAG(s) 'example_sensors' retrieved from /workspaces/recomart-recommendation-pipeline/airflow_venv/lib/python3.12/site-packages/airflow/example_dags/example_sensors.py
[2026-07-20T06:51:42.238+0000] {logging_mixin.py:188} INFO - [2026-07-20T06:51:42.237+0000] {dag.py:3089} INFO - Sync 1 DAGs
[2026-07-20T06:51:42.247+0000] {logging_mixin.py:188} INFO - [2026-07-20T06:51:42.246+0000] {dag.py:3947} INFO - Setting next_dagrun for example_sensors to None, run_after=None
[2026-07-20T06:51:42.264+0000] {processor.py:183} INFO - Processing /workspaces/recomart-recommendation-pipeline/airflow_venv/lib/python3.12/site-packages/airflow/example_dags/example_sensors.py took 0.085 seconds
[2026-07-20T06:58:07.329+0000] {processor.py:161} INFO - Started process (PID=89723) to work on /workspaces/recomart-recommendation-pipeline/airflow_venv/lib/python3.12/site-packages/airflow/example_dags/example_sensors.py
[2026-07-20T06:58:07.330+0000] {processor.py:830} INFO - Processing file /workspaces/recomart-recommendation-pipeline/airflow_venv/lib/python3.12/site-packages/airflow/example_dags/example_sensors.py for tasks to queue
[2026-07-20T06:58:07.331+0000] {logging_mixin.py:188} INFO - [2026-07-20T06:58:07.331+0000] {dagbag.py:545} INFO - Filling up the DagBag from /workspaces/recomart-recommendation-pipeline/airflow_venv/lib/python3.12/site-packages/airflow/example_dags/example_sensors.py
[2026-07-20T06:58:07.338+0000] {processor.py:840} INFO - DAG(s) 'example_sensors' retrieved from /workspaces/recomart-recommendation-pipeline/airflow_venv/lib/python3.12/site-packages/airflow/example_dags/example_sensors.py
[2026-07-20T06:58:07.460+0000] {logging_mixin.py:188} INFO - [2026-07-20T06:58:07.460+0000] {dag.py:3089} INFO - Sync 1 DAGs
[2026-07-20T06:58:07.467+0000] {logging_mixin.py:188} INFO - [2026-07-20T06:58:07.467+0000] {dag.py:3947} INFO - Setting next_dagrun for example_sensors to None, run_after=None
[2026-07-20T06:58:07.493+0000] {processor.py:183} INFO - Processing /workspaces/recomart-recommendation-pipeline/airflow_venv/lib/python3.12/site-packages/airflow/example_dags/example_sensors.py took 0.168 seconds
[2026-07-20T06:59:05.661+0000] {processor.py:161} INFO - Started process (PID=90382) to work on /workspaces/recomart-recommendation-pipeline/airflow_venv/lib/python3.12/site-packages/airflow/example_dags/example_sensors.py
[2026-07-20T06:59:05.662+0000] {processor.py:830} INFO - Processing file /workspaces/recomart-recommendation-pipeline/airflow_venv/lib/python3.12/site-packages/airflow/example_dags/example_sensors.py for tasks to queue
[2026-07-20T06:59:05.664+0000] {logging_mixin.py:188} INFO - [2026-07-20T06:59:05.664+0000] {dagbag.py:545} INFO - Filling up the DagBag from /workspaces/recomart-recommendation-pipeline/airflow_venv/lib/python3.12/site-packages/airflow/example_dags/example_sensors.py
[2026-07-20T06:59:05.686+0000] {processor.py:840} INFO - DAG(s) 'example_sensors' retrieved from /workspaces/recomart-recommendation-pipeline/airflow_venv/lib/python3.12/site-packages/airflow/example_dags/example_sensors.py
[2026-07-20T06:59:05.713+0000] {logging_mixin.py:188} INFO - [2026-07-20T06:59:05.713+0000] {dag.py:3089} INFO - Sync 1 DAGs
[2026-07-20T06:59:05.728+0000] {logging_mixin.py:188} INFO - [2026-07-20T06:59:05.728+0000] {dag.py:3947} INFO - Setting next_dagrun for example_sensors to None, run_after=None
[2026-07-20T06:59:05.776+0000] {processor.py:183} INFO - Processing /workspaces/recomart-recommendation-pipeline/airflow_venv/lib/python3.12/site-packages/airflow/example_dags/example_sensors.py took 0.121 seconds
[2026-07-20T07:00:35.398+0000] {processor.py:161} INFO - Started process (PID=91803) to work on /workspaces/recomart-recommendation-pipeline/airflow_venv/lib/python3.12/site-packages/airflow/example_dags/example_sensors.py
[2026-07-20T07:00:35.398+0000] {processor.py:830} INFO - Processing file /workspaces/recomart-recommendation-pipeline/airflow_venv/lib/python3.12/site-packages/airflow/example_dags/example_sensors.py for tasks to queue
[2026-07-20T07:00:35.400+0000] {logging_mixin.py:188} INFO - [2026-07-20T07:00:35.400+0000] {dagbag.py:545} INFO - Filling up the DagBag from /workspaces/recomart-recommendation-pipeline/airflow_venv/lib/python3.12/site-packages/airflow/example_dags/example_sensors.py
[2026-07-20T07:00:35.409+0000] {processor.py:840} INFO - DAG(s) 'example_sensors' retrieved from /workspaces/recomart-recommendation-pipeline/airflow_venv/lib/python3.12/site-packages/airflow/example_dags/example_sensors.py
[2026-07-20T07:00:35.433+0000] {logging_mixin.py:188} INFO - [2026-07-20T07:00:35.433+0000] {dag.py:3089} INFO - Sync 1 DAGs
[2026-07-20T07:00:35.442+0000] {logging_mixin.py:188} INFO - [2026-07-20T07:00:35.441+0000] {dag.py:3947} INFO - Setting next_dagrun for example_sensors to None, run_after=None
[2026-07-20T07:00:35.460+0000] {processor.py:183} INFO - Processing /workspaces/recomart-recommendation-pipeline/airflow_venv/lib/python3.12/site-packages/airflow/example_dags/example_sensors.py took 0.068 seconds
[2026-07-20T07:01:27.968+0000] {processor.py:161} INFO - Started process (PID=92246) to work on /workspaces/recomart-recommendation-pipeline/airflow_venv/lib/python3.12/site-packages/airflow/example_dags/example_sensors.py
[2026-07-20T07:01:27.969+0000] {processor.py:830} INFO - Processing file /workspaces/recomart-recommendation-pipeline/airflow_venv/lib/python3.12/site-packages/airflow/example_dags/example_sensors.py for tasks to queue
[2026-07-20T07:01:27.971+0000] {logging_mixin.py:188} INFO - [2026-07-20T07:01:27.970+0000] {dagbag.py:545} INFO - Filling up the DagBag from /workspaces/recomart-recommendation-pipeline/airflow_venv/lib/python3.12/site-packages/airflow/example_dags/example_sensors.py
[2026-07-20T07:01:27.980+0000] {processor.py:840} INFO - DAG(s) 'example_sensors' retrieved from /workspaces/recomart-recommendation-pipeline/airflow_venv/lib/python3.12/site-packages/airflow/example_dags/example_sensors.py
[2026-07-20T07:01:28.001+0000] {logging_mixin.py:188} INFO - [2026-07-20T07:01:28.001+0000] {dag.py:3089} INFO - Sync 1 DAGs
[2026-07-20T07:01:28.013+0000] {logging_mixin.py:188} INFO - [2026-07-20T07:01:28.013+0000] {dag.py:3947} INFO - Setting next_dagrun for example_sensors to None, run_after=None
[2026-07-20T07:01:28.031+0000] {processor.py:183} INFO - Processing /workspaces/recomart-recommendation-pipeline/airflow_venv/lib/python3.12/site-packages/airflow/example_dags/example_sensors.py took 0.067 seconds
