[2026-07-20T05:59:37.520+0000] {processor.py:161} INFO - Started process (PID=58479) to work on /workspaces/recomart-recommendation-pipeline/airflow_venv/lib/python3.12/site-packages/airflow/example_dags/example_bash_operator.py
[2026-07-20T05:59:37.521+0000] {processor.py:830} INFO - Processing file /workspaces/recomart-recommendation-pipeline/airflow_venv/lib/python3.12/site-packages/airflow/example_dags/example_bash_operator.py for tasks to queue
[2026-07-20T05:59:37.522+0000] {logging_mixin.py:188} INFO - [2026-07-20T05:59:37.522+0000] {dagbag.py:545} INFO - Filling up the DagBag from /workspaces/recomart-recommendation-pipeline/airflow_venv/lib/python3.12/site-packages/airflow/example_dags/example_bash_operator.py
[2026-07-20T05:59:37.531+0000] {processor.py:840} INFO - DAG(s) 'example_bash_operator' retrieved from /workspaces/recomart-recommendation-pipeline/airflow_venv/lib/python3.12/site-packages/airflow/example_dags/example_bash_operator.py
[2026-07-20T05:59:37.698+0000] {logging_mixin.py:188} INFO - [2026-07-20T05:59:37.697+0000] {override.py:1858} INFO - Created Permission View: can read on DAG:example_bash_operator
[2026-07-20T05:59:37.709+0000] {logging_mixin.py:188} INFO - [2026-07-20T05:59:37.709+0000] {override.py:1858} INFO - Created Permission View: can edit on DAG:example_bash_operator
[2026-07-20T05:59:37.716+0000] {logging_mixin.py:188} INFO - [2026-07-20T05:59:37.716+0000] {override.py:1858} INFO - Created Permission View: can delete on DAG:example_bash_operator
[2026-07-20T05:59:37.716+0000] {logging_mixin.py:188} INFO - [2026-07-20T05:59:37.716+0000] {dag.py:3089} INFO - Sync 1 DAGs
[2026-07-20T05:59:37.724+0000] {logging_mixin.py:188} INFO - [2026-07-20T05:59:37.723+0000] {dag.py:3111} INFO - Creating ORM DAG for example_bash_operator
[2026-07-20T05:59:37.731+0000] {logging_mixin.py:188} INFO - [2026-07-20T05:59:37.731+0000] {dag.py:3947} INFO - Setting next_dagrun for example_bash_operator to 2026-07-19 00:00:00+00:00, run_after=2026-07-20 00:00:00+00:00
[2026-07-20T05:59:37.748+0000] {processor.py:183} INFO - Processing /workspaces/recomart-recommendation-pipeline/airflow_venv/lib/python3.12/site-packages/airflow/example_dags/example_bash_operator.py took 0.232 seconds
[2026-07-20T06:00:47.517+0000] {processor.py:161} INFO - Started process (PID=59163) to work on /workspaces/recomart-recommendation-pipeline/airflow_venv/lib/python3.12/site-packages/airflow/example_dags/example_bash_operator.py
[2026-07-20T06:00:47.519+0000] {processor.py:830} INFO - Processing file /workspaces/recomart-recommendation-pipeline/airflow_venv/lib/python3.12/site-packages/airflow/example_dags/example_bash_operator.py for tasks to queue
[2026-07-20T06:00:47.523+0000] {logging_mixin.py:188} INFO - [2026-07-20T06:00:47.522+0000] {dagbag.py:545} INFO - Filling up the DagBag from /workspaces/recomart-recommendation-pipeline/airflow_venv/lib/python3.12/site-packages/airflow/example_dags/example_bash_operator.py
[2026-07-20T06:00:47.546+0000] {processor.py:840} INFO - DAG(s) 'example_bash_operator' retrieved from /workspaces/recomart-recommendation-pipeline/airflow_venv/lib/python3.12/site-packages/airflow/example_dags/example_bash_operator.py
[2026-07-20T06:00:47.568+0000] {logging_mixin.py:188} INFO - [2026-07-20T06:00:47.568+0000] {dag.py:3089} INFO - Sync 1 DAGs
[2026-07-20T06:00:47.590+0000] {logging_mixin.py:188} INFO - [2026-07-20T06:00:47.590+0000] {dag.py:3947} INFO - Setting next_dagrun for example_bash_operator to 2026-07-19 00:00:00+00:00, run_after=2026-07-20 00:00:00+00:00
[2026-07-20T06:00:47.608+0000] {processor.py:183} INFO - Processing /workspaces/recomart-recommendation-pipeline/airflow_venv/lib/python3.12/site-packages/airflow/example_dags/example_bash_operator.py took 0.105 seconds
[2026-07-20T06:01:55.729+0000] {processor.py:161} INFO - Started process (PID=59892) to work on /workspaces/recomart-recommendation-pipeline/airflow_venv/lib/python3.12/site-packages/airflow/example_dags/example_bash_operator.py
[2026-07-20T06:01:55.730+0000] {processor.py:830} INFO - Processing file /workspaces/recomart-recommendation-pipeline/airflow_venv/lib/python3.12/site-packages/airflow/example_dags/example_bash_operator.py for tasks to queue
[2026-07-20T06:01:55.731+0000] {logging_mixin.py:188} INFO - [2026-07-20T06:01:55.731+0000] {dagbag.py:545} INFO - Filling up the DagBag from /workspaces/recomart-recommendation-pipeline/airflow_venv/lib/python3.12/site-packages/airflow/example_dags/example_bash_operator.py
[2026-07-20T06:01:55.740+0000] {processor.py:840} INFO - DAG(s) 'example_bash_operator' retrieved from /workspaces/recomart-recommendation-pipeline/airflow_venv/lib/python3.12/site-packages/airflow/example_dags/example_bash_operator.py
[2026-07-20T06:01:55.759+0000] {logging_mixin.py:188} INFO - [2026-07-20T06:01:55.758+0000] {dag.py:3089} INFO - Sync 1 DAGs
[2026-07-20T06:01:55.790+0000] {logging_mixin.py:188} INFO - [2026-07-20T06:01:55.790+0000] {dag.py:3947} INFO - Setting next_dagrun for example_bash_operator to 2026-07-19 00:00:00+00:00, run_after=2026-07-20 00:00:00+00:00
[2026-07-20T06:01:55.809+0000] {processor.py:183} INFO - Processing /workspaces/recomart-recommendation-pipeline/airflow_venv/lib/python3.12/site-packages/airflow/example_dags/example_bash_operator.py took 0.084 seconds
[2026-07-20T06:03:00.390+0000] {processor.py:161} INFO - Started process (PID=60434) to work on /workspaces/recomart-recommendation-pipeline/airflow_venv/lib/python3.12/site-packages/airflow/example_dags/example_bash_operator.py
[2026-07-20T06:03:00.399+0000] {processor.py:830} INFO - Processing file /workspaces/recomart-recommendation-pipeline/airflow_venv/lib/python3.12/site-packages/airflow/example_dags/example_bash_operator.py for tasks to queue
[2026-07-20T06:03:00.402+0000] {logging_mixin.py:188} INFO - [2026-07-20T06:03:00.401+0000] {dagbag.py:545} INFO - Filling up the DagBag from /workspaces/recomart-recommendation-pipeline/airflow_venv/lib/python3.12/site-packages/airflow/example_dags/example_bash_operator.py
[2026-07-20T06:03:00.435+0000] {processor.py:840} INFO - DAG(s) 'example_bash_operator' retrieved from /workspaces/recomart-recommendation-pipeline/airflow_venv/lib/python3.12/site-packages/airflow/example_dags/example_bash_operator.py
[2026-07-20T06:03:00.487+0000] {logging_mixin.py:188} INFO - [2026-07-20T06:03:00.485+0000] {dag.py:3089} INFO - Sync 1 DAGs
[2026-07-20T06:03:00.513+0000] {logging_mixin.py:188} INFO - [2026-07-20T06:03:00.513+0000] {dag.py:3947} INFO - Setting next_dagrun for example_bash_operator to 2026-07-19 00:00:00+00:00, run_after=2026-07-20 00:00:00+00:00
[2026-07-20T06:03:00.533+0000] {processor.py:183} INFO - Processing /workspaces/recomart-recommendation-pipeline/airflow_venv/lib/python3.12/site-packages/airflow/example_dags/example_bash_operator.py took 0.149 seconds
[2026-07-20T06:04:02.467+0000] {processor.py:161} INFO - Started process (PID=61006) to work on /workspaces/recomart-recommendation-pipeline/airflow_venv/lib/python3.12/site-packages/airflow/example_dags/example_bash_operator.py
[2026-07-20T06:04:02.468+0000] {processor.py:830} INFO - Processing file /workspaces/recomart-recommendation-pipeline/airflow_venv/lib/python3.12/site-packages/airflow/example_dags/example_bash_operator.py for tasks to queue
[2026-07-20T06:04:02.469+0000] {logging_mixin.py:188} INFO - [2026-07-20T06:04:02.469+0000] {dagbag.py:545} INFO - Filling up the DagBag from /workspaces/recomart-recommendation-pipeline/airflow_venv/lib/python3.12/site-packages/airflow/example_dags/example_bash_operator.py
[2026-07-20T06:04:02.480+0000] {processor.py:840} INFO - DAG(s) 'example_bash_operator' retrieved from /workspaces/recomart-recommendation-pipeline/airflow_venv/lib/python3.12/site-packages/airflow/example_dags/example_bash_operator.py
[2026-07-20T06:04:02.506+0000] {logging_mixin.py:188} INFO - [2026-07-20T06:04:02.505+0000] {dag.py:3089} INFO - Sync 1 DAGs
[2026-07-20T06:04:02.529+0000] {logging_mixin.py:188} INFO - [2026-07-20T06:04:02.529+0000] {dag.py:3947} INFO - Setting next_dagrun for example_bash_operator to 2026-07-19 00:00:00+00:00, run_after=2026-07-20 00:00:00+00:00
[2026-07-20T06:04:02.553+0000] {processor.py:183} INFO - Processing /workspaces/recomart-recommendation-pipeline/airflow_venv/lib/python3.12/site-packages/airflow/example_dags/example_bash_operator.py took 0.092 seconds
[2026-07-20T06:05:09.862+0000] {processor.py:161} INFO - Started process (PID=61544) to work on /workspaces/recomart-recommendation-pipeline/airflow_venv/lib/python3.12/site-packages/airflow/example_dags/example_bash_operator.py
[2026-07-20T06:05:09.863+0000] {processor.py:830} INFO - Processing file /workspaces/recomart-recommendation-pipeline/airflow_venv/lib/python3.12/site-packages/airflow/example_dags/example_bash_operator.py for tasks to queue
[2026-07-20T06:05:09.865+0000] {logging_mixin.py:188} INFO - [2026-07-20T06:05:09.864+0000] {dagbag.py:545} INFO - Filling up the DagBag from /workspaces/recomart-recommendation-pipeline/airflow_venv/lib/python3.12/site-packages/airflow/example_dags/example_bash_operator.py
[2026-07-20T06:05:09.876+0000] {processor.py:840} INFO - DAG(s) 'example_bash_operator' retrieved from /workspaces/recomart-recommendation-pipeline/airflow_venv/lib/python3.12/site-packages/airflow/example_dags/example_bash_operator.py
[2026-07-20T06:05:09.898+0000] {logging_mixin.py:188} INFO - [2026-07-20T06:05:09.898+0000] {dag.py:3089} INFO - Sync 1 DAGs
[2026-07-20T06:05:09.913+0000] {logging_mixin.py:188} INFO - [2026-07-20T06:05:09.913+0000] {dag.py:3947} INFO - Setting next_dagrun for example_bash_operator to 2026-07-19 00:00:00+00:00, run_after=2026-07-20 00:00:00+00:00
[2026-07-20T06:05:09.934+0000] {processor.py:183} INFO - Processing /workspaces/recomart-recommendation-pipeline/airflow_venv/lib/python3.12/site-packages/airflow/example_dags/example_bash_operator.py took 0.076 seconds
[2026-07-20T06:06:18.421+0000] {processor.py:161} INFO - Started process (PID=62095) to work on /workspaces/recomart-recommendation-pipeline/airflow_venv/lib/python3.12/site-packages/airflow/example_dags/example_bash_operator.py
[2026-07-20T06:06:18.422+0000] {processor.py:830} INFO - Processing file /workspaces/recomart-recommendation-pipeline/airflow_venv/lib/python3.12/site-packages/airflow/example_dags/example_bash_operator.py for tasks to queue
[2026-07-20T06:06:18.424+0000] {logging_mixin.py:188} INFO - [2026-07-20T06:06:18.424+0000] {dagbag.py:545} INFO - Filling up the DagBag from /workspaces/recomart-recommendation-pipeline/airflow_venv/lib/python3.12/site-packages/airflow/example_dags/example_bash_operator.py
[2026-07-20T06:06:18.438+0000] {processor.py:840} INFO - DAG(s) 'example_bash_operator' retrieved from /workspaces/recomart-recommendation-pipeline/airflow_venv/lib/python3.12/site-packages/airflow/example_dags/example_bash_operator.py
[2026-07-20T06:06:18.465+0000] {logging_mixin.py:188} INFO - [2026-07-20T06:06:18.465+0000] {dag.py:3089} INFO - Sync 1 DAGs
[2026-07-20T06:06:18.488+0000] {logging_mixin.py:188} INFO - [2026-07-20T06:06:18.488+0000] {dag.py:3947} INFO - Setting next_dagrun for example_bash_operator to 2026-07-19 00:00:00+00:00, run_after=2026-07-20 00:00:00+00:00
[2026-07-20T06:06:18.513+0000] {processor.py:183} INFO - Processing /workspaces/recomart-recommendation-pipeline/airflow_venv/lib/python3.12/site-packages/airflow/example_dags/example_bash_operator.py took 0.098 seconds
[2026-07-20T06:07:32.198+0000] {processor.py:161} INFO - Started process (PID=62682) to work on /workspaces/recomart-recommendation-pipeline/airflow_venv/lib/python3.12/site-packages/airflow/example_dags/example_bash_operator.py
[2026-07-20T06:07:32.199+0000] {processor.py:830} INFO - Processing file /workspaces/recomart-recommendation-pipeline/airflow_venv/lib/python3.12/site-packages/airflow/example_dags/example_bash_operator.py for tasks to queue
[2026-07-20T06:07:32.201+0000] {logging_mixin.py:188} INFO - [2026-07-20T06:07:32.200+0000] {dagbag.py:545} INFO - Filling up the DagBag from /workspaces/recomart-recommendation-pipeline/airflow_venv/lib/python3.12/site-packages/airflow/example_dags/example_bash_operator.py
[2026-07-20T06:07:32.210+0000] {processor.py:840} INFO - DAG(s) 'example_bash_operator' retrieved from /workspaces/recomart-recommendation-pipeline/airflow_venv/lib/python3.12/site-packages/airflow/example_dags/example_bash_operator.py
[2026-07-20T06:07:32.229+0000] {logging_mixin.py:188} INFO - [2026-07-20T06:07:32.229+0000] {dag.py:3089} INFO - Sync 1 DAGs
[2026-07-20T06:07:32.248+0000] {logging_mixin.py:188} INFO - [2026-07-20T06:07:32.248+0000] {dag.py:3947} INFO - Setting next_dagrun for example_bash_operator to 2026-07-19 00:00:00+00:00, run_after=2026-07-20 00:00:00+00:00
[2026-07-20T06:07:32.266+0000] {processor.py:183} INFO - Processing /workspaces/recomart-recommendation-pipeline/airflow_venv/lib/python3.12/site-packages/airflow/example_dags/example_bash_operator.py took 0.072 seconds
[2026-07-20T06:09:30.671+0000] {processor.py:161} INFO - Started process (PID=63856) to work on /workspaces/recomart-recommendation-pipeline/airflow_venv/lib/python3.12/site-packages/airflow/example_dags/example_bash_operator.py
[2026-07-20T06:09:30.672+0000] {processor.py:830} INFO - Processing file /workspaces/recomart-recommendation-pipeline/airflow_venv/lib/python3.12/site-packages/airflow/example_dags/example_bash_operator.py for tasks to queue
[2026-07-20T06:09:30.673+0000] {logging_mixin.py:188} INFO - [2026-07-20T06:09:30.673+0000] {dagbag.py:545} INFO - Filling up the DagBag from /workspaces/recomart-recommendation-pipeline/airflow_venv/lib/python3.12/site-packages/airflow/example_dags/example_bash_operator.py
[2026-07-20T06:09:30.685+0000] {processor.py:840} INFO - DAG(s) 'example_bash_operator' retrieved from /workspaces/recomart-recommendation-pipeline/airflow_venv/lib/python3.12/site-packages/airflow/example_dags/example_bash_operator.py
[2026-07-20T06:09:30.778+0000] {logging_mixin.py:188} INFO - [2026-07-20T06:09:30.777+0000] {dag.py:3089} INFO - Sync 1 DAGs
[2026-07-20T06:09:30.795+0000] {logging_mixin.py:188} INFO - [2026-07-20T06:09:30.794+0000] {dag.py:3947} INFO - Setting next_dagrun for example_bash_operator to 2026-07-19 00:00:00+00:00, run_after=2026-07-20 00:00:00+00:00
[2026-07-20T06:09:30.811+0000] {processor.py:183} INFO - Processing /workspaces/recomart-recommendation-pipeline/airflow_venv/lib/python3.12/site-packages/airflow/example_dags/example_bash_operator.py took 0.145 seconds
[2026-07-20T06:10:44.743+0000] {processor.py:161} INFO - Started process (PID=64495) to work on /workspaces/recomart-recommendation-pipeline/airflow_venv/lib/python3.12/site-packages/airflow/example_dags/example_bash_operator.py
[2026-07-20T06:10:44.744+0000] {processor.py:830} INFO - Processing file /workspaces/recomart-recommendation-pipeline/airflow_venv/lib/python3.12/site-packages/airflow/example_dags/example_bash_operator.py for tasks to queue
[2026-07-20T06:10:44.746+0000] {logging_mixin.py:188} INFO - [2026-07-20T06:10:44.745+0000] {dagbag.py:545} INFO - Filling up the DagBag from /workspaces/recomart-recommendation-pipeline/airflow_venv/lib/python3.12/site-packages/airflow/example_dags/example_bash_operator.py
[2026-07-20T06:10:44.754+0000] {processor.py:840} INFO - DAG(s) 'example_bash_operator' retrieved from /workspaces/recomart-recommendation-pipeline/airflow_venv/lib/python3.12/site-packages/airflow/example_dags/example_bash_operator.py
[2026-07-20T06:10:44.776+0000] {logging_mixin.py:188} INFO - [2026-07-20T06:10:44.776+0000] {dag.py:3089} INFO - Sync 1 DAGs
[2026-07-20T06:10:44.824+0000] {logging_mixin.py:188} INFO - [2026-07-20T06:10:44.823+0000] {dag.py:3947} INFO - Setting next_dagrun for example_bash_operator to 2026-07-19 00:00:00+00:00, run_after=2026-07-20 00:00:00+00:00
[2026-07-20T06:10:44.874+0000] {processor.py:183} INFO - Processing /workspaces/recomart-recommendation-pipeline/airflow_venv/lib/python3.12/site-packages/airflow/example_dags/example_bash_operator.py took 0.135 seconds
[2026-07-20T06:11:49.435+0000] {processor.py:161} INFO - Started process (PID=65201) to work on /workspaces/recomart-recommendation-pipeline/airflow_venv/lib/python3.12/site-packages/airflow/example_dags/example_bash_operator.py
[2026-07-20T06:11:49.436+0000] {processor.py:830} INFO - Processing file /workspaces/recomart-recommendation-pipeline/airflow_venv/lib/python3.12/site-packages/airflow/example_dags/example_bash_operator.py for tasks to queue
[2026-07-20T06:11:49.438+0000] {logging_mixin.py:188} INFO - [2026-07-20T06:11:49.437+0000] {dagbag.py:545} INFO - Filling up the DagBag from /workspaces/recomart-recommendation-pipeline/airflow_venv/lib/python3.12/site-packages/airflow/example_dags/example_bash_operator.py
[2026-07-20T06:11:49.451+0000] {processor.py:840} INFO - DAG(s) 'example_bash_operator' retrieved from /workspaces/recomart-recommendation-pipeline/airflow_venv/lib/python3.12/site-packages/airflow/example_dags/example_bash_operator.py
[2026-07-20T06:11:49.478+0000] {logging_mixin.py:188} INFO - [2026-07-20T06:11:49.478+0000] {dag.py:3089} INFO - Sync 1 DAGs
[2026-07-20T06:11:49.503+0000] {logging_mixin.py:188} INFO - [2026-07-20T06:11:49.503+0000] {dag.py:3947} INFO - Setting next_dagrun for example_bash_operator to 2026-07-19 00:00:00+00:00, run_after=2026-07-20 00:00:00+00:00
[2026-07-20T06:11:49.523+0000] {processor.py:183} INFO - Processing /workspaces/recomart-recommendation-pipeline/airflow_venv/lib/python3.12/site-packages/airflow/example_dags/example_bash_operator.py took 0.094 seconds
[2026-07-20T06:12:52.935+0000] {processor.py:161} INFO - Started process (PID=65709) to work on /workspaces/recomart-recommendation-pipeline/airflow_venv/lib/python3.12/site-packages/airflow/example_dags/example_bash_operator.py
[2026-07-20T06:12:52.935+0000] {processor.py:830} INFO - Processing file /workspaces/recomart-recommendation-pipeline/airflow_venv/lib/python3.12/site-packages/airflow/example_dags/example_bash_operator.py for tasks to queue
[2026-07-20T06:12:52.937+0000] {logging_mixin.py:188} INFO - [2026-07-20T06:12:52.936+0000] {dagbag.py:545} INFO - Filling up the DagBag from /workspaces/recomart-recommendation-pipeline/airflow_venv/lib/python3.12/site-packages/airflow/example_dags/example_bash_operator.py
[2026-07-20T06:12:52.945+0000] {processor.py:840} INFO - DAG(s) 'example_bash_operator' retrieved from /workspaces/recomart-recommendation-pipeline/airflow_venv/lib/python3.12/site-packages/airflow/example_dags/example_bash_operator.py
[2026-07-20T06:12:52.963+0000] {logging_mixin.py:188} INFO - [2026-07-20T06:12:52.963+0000] {dag.py:3089} INFO - Sync 1 DAGs
[2026-07-20T06:12:52.981+0000] {logging_mixin.py:188} INFO - [2026-07-20T06:12:52.981+0000] {dag.py:3947} INFO - Setting next_dagrun for example_bash_operator to 2026-07-19 00:00:00+00:00, run_after=2026-07-20 00:00:00+00:00
[2026-07-20T06:12:53.000+0000] {processor.py:183} INFO - Processing /workspaces/recomart-recommendation-pipeline/airflow_venv/lib/python3.12/site-packages/airflow/example_dags/example_bash_operator.py took 0.069 seconds
[2026-07-20T06:13:59.109+0000] {processor.py:161} INFO - Started process (PID=66433) to work on /workspaces/recomart-recommendation-pipeline/airflow_venv/lib/python3.12/site-packages/airflow/example_dags/example_bash_operator.py
[2026-07-20T06:13:59.110+0000] {processor.py:830} INFO - Processing file /workspaces/recomart-recommendation-pipeline/airflow_venv/lib/python3.12/site-packages/airflow/example_dags/example_bash_operator.py for tasks to queue
[2026-07-20T06:13:59.111+0000] {logging_mixin.py:188} INFO - [2026-07-20T06:13:59.111+0000] {dagbag.py:545} INFO - Filling up the DagBag from /workspaces/recomart-recommendation-pipeline/airflow_venv/lib/python3.12/site-packages/airflow/example_dags/example_bash_operator.py
[2026-07-20T06:13:59.122+0000] {processor.py:840} INFO - DAG(s) 'example_bash_operator' retrieved from /workspaces/recomart-recommendation-pipeline/airflow_venv/lib/python3.12/site-packages/airflow/example_dags/example_bash_operator.py
[2026-07-20T06:13:59.139+0000] {logging_mixin.py:188} INFO - [2026-07-20T06:13:59.139+0000] {dag.py:3089} INFO - Sync 1 DAGs
[2026-07-20T06:13:59.156+0000] {logging_mixin.py:188} INFO - [2026-07-20T06:13:59.155+0000] {dag.py:3947} INFO - Setting next_dagrun for example_bash_operator to 2026-07-19 00:00:00+00:00, run_after=2026-07-20 00:00:00+00:00
[2026-07-20T06:13:59.279+0000] {processor.py:183} INFO - Processing /workspaces/recomart-recommendation-pipeline/airflow_venv/lib/python3.12/site-packages/airflow/example_dags/example_bash_operator.py took 0.176 seconds
[2026-07-20T06:15:07.833+0000] {processor.py:161} INFO - Started process (PID=67179) to work on /workspaces/recomart-recommendation-pipeline/airflow_venv/lib/python3.12/site-packages/airflow/example_dags/example_bash_operator.py
[2026-07-20T06:15:07.834+0000] {processor.py:830} INFO - Processing file /workspaces/recomart-recommendation-pipeline/airflow_venv/lib/python3.12/site-packages/airflow/example_dags/example_bash_operator.py for tasks to queue
[2026-07-20T06:15:07.835+0000] {logging_mixin.py:188} INFO - [2026-07-20T06:15:07.835+0000] {dagbag.py:545} INFO - Filling up the DagBag from /workspaces/recomart-recommendation-pipeline/airflow_venv/lib/python3.12/site-packages/airflow/example_dags/example_bash_operator.py
[2026-07-20T06:15:07.846+0000] {processor.py:840} INFO - DAG(s) 'example_bash_operator' retrieved from /workspaces/recomart-recommendation-pipeline/airflow_venv/lib/python3.12/site-packages/airflow/example_dags/example_bash_operator.py
[2026-07-20T06:15:07.880+0000] {logging_mixin.py:188} INFO - [2026-07-20T06:15:07.879+0000] {dag.py:3089} INFO - Sync 1 DAGs
[2026-07-20T06:15:07.914+0000] {logging_mixin.py:188} INFO - [2026-07-20T06:15:07.914+0000] {dag.py:3947} INFO - Setting next_dagrun for example_bash_operator to 2026-07-19 00:00:00+00:00, run_after=2026-07-20 00:00:00+00:00
[2026-07-20T06:15:08.044+0000] {processor.py:183} INFO - Processing /workspaces/recomart-recommendation-pipeline/airflow_venv/lib/python3.12/site-packages/airflow/example_dags/example_bash_operator.py took 0.216 seconds
[2026-07-20T06:31:34.460+0000] {processor.py:161} INFO - Started process (PID=73910) to work on /workspaces/recomart-recommendation-pipeline/airflow_venv/lib/python3.12/site-packages/airflow/example_dags/example_bash_operator.py
[2026-07-20T06:31:34.461+0000] {processor.py:830} INFO - Processing file /workspaces/recomart-recommendation-pipeline/airflow_venv/lib/python3.12/site-packages/airflow/example_dags/example_bash_operator.py for tasks to queue
[2026-07-20T06:31:34.462+0000] {logging_mixin.py:188} INFO - [2026-07-20T06:31:34.462+0000] {dagbag.py:545} INFO - Filling up the DagBag from /workspaces/recomart-recommendation-pipeline/airflow_venv/lib/python3.12/site-packages/airflow/example_dags/example_bash_operator.py
[2026-07-20T06:31:34.472+0000] {processor.py:840} INFO - DAG(s) 'example_bash_operator' retrieved from /workspaces/recomart-recommendation-pipeline/airflow_venv/lib/python3.12/site-packages/airflow/example_dags/example_bash_operator.py
[2026-07-20T06:31:34.563+0000] {logging_mixin.py:188} INFO - [2026-07-20T06:31:34.563+0000] {dag.py:3089} INFO - Sync 1 DAGs
[2026-07-20T06:31:34.579+0000] {logging_mixin.py:188} INFO - [2026-07-20T06:31:34.579+0000] {dag.py:3947} INFO - Setting next_dagrun for example_bash_operator to 2026-07-19 00:00:00+00:00, run_after=2026-07-20 00:00:00+00:00
[2026-07-20T06:31:34.599+0000] {processor.py:183} INFO - Processing /workspaces/recomart-recommendation-pipeline/airflow_venv/lib/python3.12/site-packages/airflow/example_dags/example_bash_operator.py took 0.143 seconds
[2026-07-20T06:32:47.587+0000] {processor.py:161} INFO - Started process (PID=74856) to work on /workspaces/recomart-recommendation-pipeline/airflow_venv/lib/python3.12/site-packages/airflow/example_dags/example_bash_operator.py
[2026-07-20T06:32:47.588+0000] {processor.py:830} INFO - Processing file /workspaces/recomart-recommendation-pipeline/airflow_venv/lib/python3.12/site-packages/airflow/example_dags/example_bash_operator.py for tasks to queue
[2026-07-20T06:32:47.589+0000] {logging_mixin.py:188} INFO - [2026-07-20T06:32:47.589+0000] {dagbag.py:545} INFO - Filling up the DagBag from /workspaces/recomart-recommendation-pipeline/airflow_venv/lib/python3.12/site-packages/airflow/example_dags/example_bash_operator.py
[2026-07-20T06:32:47.598+0000] {processor.py:840} INFO - DAG(s) 'example_bash_operator' retrieved from /workspaces/recomart-recommendation-pipeline/airflow_venv/lib/python3.12/site-packages/airflow/example_dags/example_bash_operator.py
[2026-07-20T06:32:47.615+0000] {logging_mixin.py:188} INFO - [2026-07-20T06:32:47.615+0000] {dag.py:3089} INFO - Sync 1 DAGs
[2026-07-20T06:32:47.630+0000] {logging_mixin.py:188} INFO - [2026-07-20T06:32:47.630+0000] {dag.py:3947} INFO - Setting next_dagrun for example_bash_operator to 2026-07-19 00:00:00+00:00, run_after=2026-07-20 00:00:00+00:00
[2026-07-20T06:32:47.649+0000] {processor.py:183} INFO - Processing /workspaces/recomart-recommendation-pipeline/airflow_venv/lib/python3.12/site-packages/airflow/example_dags/example_bash_operator.py took 0.066 seconds
[2026-07-20T06:34:27.570+0000] {processor.py:161} INFO - Started process (PID=76215) to work on /workspaces/recomart-recommendation-pipeline/airflow_venv/lib/python3.12/site-packages/airflow/example_dags/example_bash_operator.py
[2026-07-20T06:34:27.573+0000] {processor.py:830} INFO - Processing file /workspaces/recomart-recommendation-pipeline/airflow_venv/lib/python3.12/site-packages/airflow/example_dags/example_bash_operator.py for tasks to queue
[2026-07-20T06:34:27.576+0000] {logging_mixin.py:188} INFO - [2026-07-20T06:34:27.575+0000] {dagbag.py:545} INFO - Filling up the DagBag from /workspaces/recomart-recommendation-pipeline/airflow_venv/lib/python3.12/site-packages/airflow/example_dags/example_bash_operator.py
[2026-07-20T06:34:27.595+0000] {processor.py:840} INFO - DAG(s) 'example_bash_operator' retrieved from /workspaces/recomart-recommendation-pipeline/airflow_venv/lib/python3.12/site-packages/airflow/example_dags/example_bash_operator.py
[2026-07-20T06:34:27.658+0000] {logging_mixin.py:188} INFO - [2026-07-20T06:34:27.657+0000] {dag.py:3089} INFO - Sync 1 DAGs
[2026-07-20T06:34:27.684+0000] {logging_mixin.py:188} INFO - [2026-07-20T06:34:27.684+0000] {dag.py:3947} INFO - Setting next_dagrun for example_bash_operator to 2026-07-19 00:00:00+00:00, run_after=2026-07-20 00:00:00+00:00
[2026-07-20T06:34:27.755+0000] {processor.py:183} INFO - Processing /workspaces/recomart-recommendation-pipeline/airflow_venv/lib/python3.12/site-packages/airflow/example_dags/example_bash_operator.py took 0.192 seconds
[2026-07-20T06:35:24.791+0000] {processor.py:161} INFO - Started process (PID=77321) to work on /workspaces/recomart-recommendation-pipeline/airflow_venv/lib/python3.12/site-packages/airflow/example_dags/example_bash_operator.py
[2026-07-20T06:35:24.791+0000] {processor.py:830} INFO - Processing file /workspaces/recomart-recommendation-pipeline/airflow_venv/lib/python3.12/site-packages/airflow/example_dags/example_bash_operator.py for tasks to queue
[2026-07-20T06:35:24.793+0000] {logging_mixin.py:188} INFO - [2026-07-20T06:35:24.792+0000] {dagbag.py:545} INFO - Filling up the DagBag from /workspaces/recomart-recommendation-pipeline/airflow_venv/lib/python3.12/site-packages/airflow/example_dags/example_bash_operator.py
[2026-07-20T06:35:24.801+0000] {processor.py:840} INFO - DAG(s) 'example_bash_operator' retrieved from /workspaces/recomart-recommendation-pipeline/airflow_venv/lib/python3.12/site-packages/airflow/example_dags/example_bash_operator.py
[2026-07-20T06:35:24.818+0000] {logging_mixin.py:188} INFO - [2026-07-20T06:35:24.818+0000] {dag.py:3089} INFO - Sync 1 DAGs
[2026-07-20T06:35:24.832+0000] {logging_mixin.py:188} INFO - [2026-07-20T06:35:24.832+0000] {dag.py:3947} INFO - Setting next_dagrun for example_bash_operator to 2026-07-19 00:00:00+00:00, run_after=2026-07-20 00:00:00+00:00
[2026-07-20T06:35:24.850+0000] {processor.py:183} INFO - Processing /workspaces/recomart-recommendation-pipeline/airflow_venv/lib/python3.12/site-packages/airflow/example_dags/example_bash_operator.py took 0.064 seconds
[2026-07-20T06:36:45.481+0000] {processor.py:161} INFO - Started process (PID=78738) to work on /workspaces/recomart-recommendation-pipeline/airflow_venv/lib/python3.12/site-packages/airflow/example_dags/example_bash_operator.py
[2026-07-20T06:36:45.482+0000] {processor.py:830} INFO - Processing file /workspaces/recomart-recommendation-pipeline/airflow_venv/lib/python3.12/site-packages/airflow/example_dags/example_bash_operator.py for tasks to queue
[2026-07-20T06:36:45.483+0000] {logging_mixin.py:188} INFO - [2026-07-20T06:36:45.483+0000] {dagbag.py:545} INFO - Filling up the DagBag from /workspaces/recomart-recommendation-pipeline/airflow_venv/lib/python3.12/site-packages/airflow/example_dags/example_bash_operator.py
[2026-07-20T06:36:45.493+0000] {processor.py:840} INFO - DAG(s) 'example_bash_operator' retrieved from /workspaces/recomart-recommendation-pipeline/airflow_venv/lib/python3.12/site-packages/airflow/example_dags/example_bash_operator.py
[2026-07-20T06:36:45.509+0000] {logging_mixin.py:188} INFO - [2026-07-20T06:36:45.509+0000] {dag.py:3089} INFO - Sync 1 DAGs
[2026-07-20T06:36:45.524+0000] {logging_mixin.py:188} INFO - [2026-07-20T06:36:45.524+0000] {dag.py:3947} INFO - Setting next_dagrun for example_bash_operator to 2026-07-19 00:00:00+00:00, run_after=2026-07-20 00:00:00+00:00
[2026-07-20T06:36:45.644+0000] {processor.py:183} INFO - Processing /workspaces/recomart-recommendation-pipeline/airflow_venv/lib/python3.12/site-packages/airflow/example_dags/example_bash_operator.py took 0.167 seconds
[2026-07-20T06:37:53.335+0000] {processor.py:161} INFO - Started process (PID=79280) to work on /workspaces/recomart-recommendation-pipeline/airflow_venv/lib/python3.12/site-packages/airflow/example_dags/example_bash_operator.py
[2026-07-20T06:37:53.336+0000] {processor.py:830} INFO - Processing file /workspaces/recomart-recommendation-pipeline/airflow_venv/lib/python3.12/site-packages/airflow/example_dags/example_bash_operator.py for tasks to queue
[2026-07-20T06:37:53.337+0000] {logging_mixin.py:188} INFO - [2026-07-20T06:37:53.337+0000] {dagbag.py:545} INFO - Filling up the DagBag from /workspaces/recomart-recommendation-pipeline/airflow_venv/lib/python3.12/site-packages/airflow/example_dags/example_bash_operator.py
[2026-07-20T06:37:53.346+0000] {processor.py:840} INFO - DAG(s) 'example_bash_operator' retrieved from /workspaces/recomart-recommendation-pipeline/airflow_venv/lib/python3.12/site-packages/airflow/example_dags/example_bash_operator.py
[2026-07-20T06:37:53.363+0000] {logging_mixin.py:188} INFO - [2026-07-20T06:37:53.363+0000] {dag.py:3089} INFO - Sync 1 DAGs
[2026-07-20T06:37:53.382+0000] {logging_mixin.py:188} INFO - [2026-07-20T06:37:53.382+0000] {dag.py:3947} INFO - Setting next_dagrun for example_bash_operator to 2026-07-19 00:00:00+00:00, run_after=2026-07-20 00:00:00+00:00
[2026-07-20T06:37:53.402+0000] {processor.py:183} INFO - Processing /workspaces/recomart-recommendation-pipeline/airflow_venv/lib/python3.12/site-packages/airflow/example_dags/example_bash_operator.py took 0.071 seconds
[2026-07-20T06:39:05.595+0000] {processor.py:161} INFO - Started process (PID=79862) to work on /workspaces/recomart-recommendation-pipeline/airflow_venv/lib/python3.12/site-packages/airflow/example_dags/example_bash_operator.py
[2026-07-20T06:39:05.596+0000] {processor.py:830} INFO - Processing file /workspaces/recomart-recommendation-pipeline/airflow_venv/lib/python3.12/site-packages/airflow/example_dags/example_bash_operator.py for tasks to queue
[2026-07-20T06:39:05.598+0000] {logging_mixin.py:188} INFO - [2026-07-20T06:39:05.597+0000] {dagbag.py:545} INFO - Filling up the DagBag from /workspaces/recomart-recommendation-pipeline/airflow_venv/lib/python3.12/site-packages/airflow/example_dags/example_bash_operator.py
[2026-07-20T06:39:05.608+0000] {processor.py:840} INFO - DAG(s) 'example_bash_operator' retrieved from /workspaces/recomart-recommendation-pipeline/airflow_venv/lib/python3.12/site-packages/airflow/example_dags/example_bash_operator.py
[2026-07-20T06:39:05.625+0000] {logging_mixin.py:188} INFO - [2026-07-20T06:39:05.625+0000] {dag.py:3089} INFO - Sync 1 DAGs
[2026-07-20T06:39:05.641+0000] {logging_mixin.py:188} INFO - [2026-07-20T06:39:05.640+0000] {dag.py:3947} INFO - Setting next_dagrun for example_bash_operator to 2026-07-19 00:00:00+00:00, run_after=2026-07-20 00:00:00+00:00
[2026-07-20T06:39:05.659+0000] {processor.py:183} INFO - Processing /workspaces/recomart-recommendation-pipeline/airflow_venv/lib/python3.12/site-packages/airflow/example_dags/example_bash_operator.py took 0.070 seconds
[2026-07-20T06:40:20.462+0000] {processor.py:161} INFO - Started process (PID=80477) to work on /workspaces/recomart-recommendation-pipeline/airflow_venv/lib/python3.12/site-packages/airflow/example_dags/example_bash_operator.py
[2026-07-20T06:40:20.463+0000] {processor.py:830} INFO - Processing file /workspaces/recomart-recommendation-pipeline/airflow_venv/lib/python3.12/site-packages/airflow/example_dags/example_bash_operator.py for tasks to queue
[2026-07-20T06:40:20.464+0000] {logging_mixin.py:188} INFO - [2026-07-20T06:40:20.464+0000] {dagbag.py:545} INFO - Filling up the DagBag from /workspaces/recomart-recommendation-pipeline/airflow_venv/lib/python3.12/site-packages/airflow/example_dags/example_bash_operator.py
[2026-07-20T06:40:20.474+0000] {processor.py:840} INFO - DAG(s) 'example_bash_operator' retrieved from /workspaces/recomart-recommendation-pipeline/airflow_venv/lib/python3.12/site-packages/airflow/example_dags/example_bash_operator.py
[2026-07-20T06:40:20.496+0000] {logging_mixin.py:188} INFO - [2026-07-20T06:40:20.496+0000] {dag.py:3089} INFO - Sync 1 DAGs
[2026-07-20T06:40:20.511+0000] {logging_mixin.py:188} INFO - [2026-07-20T06:40:20.511+0000] {dag.py:3947} INFO - Setting next_dagrun for example_bash_operator to 2026-07-19 00:00:00+00:00, run_after=2026-07-20 00:00:00+00:00
[2026-07-20T06:40:20.528+0000] {processor.py:183} INFO - Processing /workspaces/recomart-recommendation-pipeline/airflow_venv/lib/python3.12/site-packages/airflow/example_dags/example_bash_operator.py took 0.071 seconds
[2026-07-20T06:41:29.388+0000] {processor.py:161} INFO - Started process (PID=81081) to work on /workspaces/recomart-recommendation-pipeline/airflow_venv/lib/python3.12/site-packages/airflow/example_dags/example_bash_operator.py
[2026-07-20T06:41:29.388+0000] {processor.py:830} INFO - Processing file /workspaces/recomart-recommendation-pipeline/airflow_venv/lib/python3.12/site-packages/airflow/example_dags/example_bash_operator.py for tasks to queue
[2026-07-20T06:41:29.390+0000] {logging_mixin.py:188} INFO - [2026-07-20T06:41:29.390+0000] {dagbag.py:545} INFO - Filling up the DagBag from /workspaces/recomart-recommendation-pipeline/airflow_venv/lib/python3.12/site-packages/airflow/example_dags/example_bash_operator.py
[2026-07-20T06:41:29.399+0000] {processor.py:840} INFO - DAG(s) 'example_bash_operator' retrieved from /workspaces/recomart-recommendation-pipeline/airflow_venv/lib/python3.12/site-packages/airflow/example_dags/example_bash_operator.py
[2026-07-20T06:41:29.419+0000] {logging_mixin.py:188} INFO - [2026-07-20T06:41:29.419+0000] {dag.py:3089} INFO - Sync 1 DAGs
[2026-07-20T06:41:29.440+0000] {logging_mixin.py:188} INFO - [2026-07-20T06:41:29.439+0000] {dag.py:3947} INFO - Setting next_dagrun for example_bash_operator to 2026-07-19 00:00:00+00:00, run_after=2026-07-20 00:00:00+00:00
[2026-07-20T06:41:29.457+0000] {processor.py:183} INFO - Processing /workspaces/recomart-recommendation-pipeline/airflow_venv/lib/python3.12/site-packages/airflow/example_dags/example_bash_operator.py took 0.075 seconds
[2026-07-20T06:42:40.808+0000] {processor.py:161} INFO - Started process (PID=81685) to work on /workspaces/recomart-recommendation-pipeline/airflow_venv/lib/python3.12/site-packages/airflow/example_dags/example_bash_operator.py
[2026-07-20T06:42:40.809+0000] {processor.py:830} INFO - Processing file /workspaces/recomart-recommendation-pipeline/airflow_venv/lib/python3.12/site-packages/airflow/example_dags/example_bash_operator.py for tasks to queue
[2026-07-20T06:42:40.810+0000] {logging_mixin.py:188} INFO - [2026-07-20T06:42:40.810+0000] {dagbag.py:545} INFO - Filling up the DagBag from /workspaces/recomart-recommendation-pipeline/airflow_venv/lib/python3.12/site-packages/airflow/example_dags/example_bash_operator.py
[2026-07-20T06:42:40.826+0000] {processor.py:840} INFO - DAG(s) 'example_bash_operator' retrieved from /workspaces/recomart-recommendation-pipeline/airflow_venv/lib/python3.12/site-packages/airflow/example_dags/example_bash_operator.py
[2026-07-20T06:42:40.875+0000] {logging_mixin.py:188} INFO - [2026-07-20T06:42:40.874+0000] {dag.py:3089} INFO - Sync 1 DAGs
[2026-07-20T06:42:40.900+0000] {logging_mixin.py:188} INFO - [2026-07-20T06:42:40.900+0000] {dag.py:3947} INFO - Setting next_dagrun for example_bash_operator to 2026-07-19 00:00:00+00:00, run_after=2026-07-20 00:00:00+00:00
[2026-07-20T06:42:40.955+0000] {processor.py:183} INFO - Processing /workspaces/recomart-recommendation-pipeline/airflow_venv/lib/python3.12/site-packages/airflow/example_dags/example_bash_operator.py took 0.153 seconds
[2026-07-20T06:43:54.288+0000] {processor.py:161} INFO - Started process (PID=82311) to work on /workspaces/recomart-recommendation-pipeline/airflow_venv/lib/python3.12/site-packages/airflow/example_dags/example_bash_operator.py
[2026-07-20T06:43:54.289+0000] {processor.py:830} INFO - Processing file /workspaces/recomart-recommendation-pipeline/airflow_venv/lib/python3.12/site-packages/airflow/example_dags/example_bash_operator.py for tasks to queue
[2026-07-20T06:43:54.291+0000] {logging_mixin.py:188} INFO - [2026-07-20T06:43:54.291+0000] {dagbag.py:545} INFO - Filling up the DagBag from /workspaces/recomart-recommendation-pipeline/airflow_venv/lib/python3.12/site-packages/airflow/example_dags/example_bash_operator.py
[2026-07-20T06:43:54.300+0000] {processor.py:840} INFO - DAG(s) 'example_bash_operator' retrieved from /workspaces/recomart-recommendation-pipeline/airflow_venv/lib/python3.12/site-packages/airflow/example_dags/example_bash_operator.py
[2026-07-20T06:43:54.318+0000] {logging_mixin.py:188} INFO - [2026-07-20T06:43:54.317+0000] {dag.py:3089} INFO - Sync 1 DAGs
[2026-07-20T06:43:54.333+0000] {logging_mixin.py:188} INFO - [2026-07-20T06:43:54.333+0000] {dag.py:3947} INFO - Setting next_dagrun for example_bash_operator to 2026-07-19 00:00:00+00:00, run_after=2026-07-20 00:00:00+00:00
[2026-07-20T06:43:54.350+0000] {processor.py:183} INFO - Processing /workspaces/recomart-recommendation-pipeline/airflow_venv/lib/python3.12/site-packages/airflow/example_dags/example_bash_operator.py took 0.068 seconds
[2026-07-20T06:44:59.698+0000] {processor.py:161} INFO - Started process (PID=82862) to work on /workspaces/recomart-recommendation-pipeline/airflow_venv/lib/python3.12/site-packages/airflow/example_dags/example_bash_operator.py
[2026-07-20T06:44:59.698+0000] {processor.py:830} INFO - Processing file /workspaces/recomart-recommendation-pipeline/airflow_venv/lib/python3.12/site-packages/airflow/example_dags/example_bash_operator.py for tasks to queue
[2026-07-20T06:44:59.700+0000] {logging_mixin.py:188} INFO - [2026-07-20T06:44:59.699+0000] {dagbag.py:545} INFO - Filling up the DagBag from /workspaces/recomart-recommendation-pipeline/airflow_venv/lib/python3.12/site-packages/airflow/example_dags/example_bash_operator.py
[2026-07-20T06:44:59.709+0000] {processor.py:840} INFO - DAG(s) 'example_bash_operator' retrieved from /workspaces/recomart-recommendation-pipeline/airflow_venv/lib/python3.12/site-packages/airflow/example_dags/example_bash_operator.py
[2026-07-20T06:44:59.726+0000] {logging_mixin.py:188} INFO - [2026-07-20T06:44:59.726+0000] {dag.py:3089} INFO - Sync 1 DAGs
[2026-07-20T06:44:59.741+0000] {logging_mixin.py:188} INFO - [2026-07-20T06:44:59.741+0000] {dag.py:3947} INFO - Setting next_dagrun for example_bash_operator to 2026-07-19 00:00:00+00:00, run_after=2026-07-20 00:00:00+00:00
[2026-07-20T06:44:59.758+0000] {processor.py:183} INFO - Processing /workspaces/recomart-recommendation-pipeline/airflow_venv/lib/python3.12/site-packages/airflow/example_dags/example_bash_operator.py took 0.065 seconds
[2026-07-20T06:46:03.504+0000] {processor.py:161} INFO - Started process (PID=83441) to work on /workspaces/recomart-recommendation-pipeline/airflow_venv/lib/python3.12/site-packages/airflow/example_dags/example_bash_operator.py
[2026-07-20T06:46:03.505+0000] {processor.py:830} INFO - Processing file /workspaces/recomart-recommendation-pipeline/airflow_venv/lib/python3.12/site-packages/airflow/example_dags/example_bash_operator.py for tasks to queue
[2026-07-20T06:46:03.507+0000] {logging_mixin.py:188} INFO - [2026-07-20T06:46:03.506+0000] {dagbag.py:545} INFO - Filling up the DagBag from /workspaces/recomart-recommendation-pipeline/airflow_venv/lib/python3.12/site-packages/airflow/example_dags/example_bash_operator.py
[2026-07-20T06:46:03.515+0000] {processor.py:840} INFO - DAG(s) 'example_bash_operator' retrieved from /workspaces/recomart-recommendation-pipeline/airflow_venv/lib/python3.12/site-packages/airflow/example_dags/example_bash_operator.py
[2026-07-20T06:46:03.533+0000] {logging_mixin.py:188} INFO - [2026-07-20T06:46:03.533+0000] {dag.py:3089} INFO - Sync 1 DAGs
[2026-07-20T06:46:03.548+0000] {logging_mixin.py:188} INFO - [2026-07-20T06:46:03.548+0000] {dag.py:3947} INFO - Setting next_dagrun for example_bash_operator to 2026-07-19 00:00:00+00:00, run_after=2026-07-20 00:00:00+00:00
[2026-07-20T06:46:03.564+0000] {processor.py:183} INFO - Processing /workspaces/recomart-recommendation-pipeline/airflow_venv/lib/python3.12/site-packages/airflow/example_dags/example_bash_operator.py took 0.064 seconds
[2026-07-20T06:47:09.249+0000] {processor.py:161} INFO - Started process (PID=83990) to work on /workspaces/recomart-recommendation-pipeline/airflow_venv/lib/python3.12/site-packages/airflow/example_dags/example_bash_operator.py
[2026-07-20T06:47:09.254+0000] {processor.py:830} INFO - Processing file /workspaces/recomart-recommendation-pipeline/airflow_venv/lib/python3.12/site-packages/airflow/example_dags/example_bash_operator.py for tasks to queue
[2026-07-20T06:47:09.256+0000] {logging_mixin.py:188} INFO - [2026-07-20T06:47:09.255+0000] {dagbag.py:545} INFO - Filling up the DagBag from /workspaces/recomart-recommendation-pipeline/airflow_venv/lib/python3.12/site-packages/airflow/example_dags/example_bash_operator.py
[2026-07-20T06:47:09.326+0000] {processor.py:840} INFO - DAG(s) 'example_bash_operator' retrieved from /workspaces/recomart-recommendation-pipeline/airflow_venv/lib/python3.12/site-packages/airflow/example_dags/example_bash_operator.py
[2026-07-20T06:47:09.358+0000] {logging_mixin.py:188} INFO - [2026-07-20T06:47:09.357+0000] {dag.py:3089} INFO - Sync 1 DAGs
[2026-07-20T06:47:09.395+0000] {logging_mixin.py:188} INFO - [2026-07-20T06:47:09.395+0000] {dag.py:3947} INFO - Setting next_dagrun for example_bash_operator to 2026-07-19 00:00:00+00:00, run_after=2026-07-20 00:00:00+00:00
[2026-07-20T06:47:09.420+0000] {processor.py:183} INFO - Processing /workspaces/recomart-recommendation-pipeline/airflow_venv/lib/python3.12/site-packages/airflow/example_dags/example_bash_operator.py took 0.183 seconds
[2026-07-20T06:48:11.868+0000] {processor.py:161} INFO - Started process (PID=84508) to work on /workspaces/recomart-recommendation-pipeline/airflow_venv/lib/python3.12/site-packages/airflow/example_dags/example_bash_operator.py
[2026-07-20T06:48:11.869+0000] {processor.py:830} INFO - Processing file /workspaces/recomart-recommendation-pipeline/airflow_venv/lib/python3.12/site-packages/airflow/example_dags/example_bash_operator.py for tasks to queue
[2026-07-20T06:48:11.871+0000] {logging_mixin.py:188} INFO - [2026-07-20T06:48:11.871+0000] {dagbag.py:545} INFO - Filling up the DagBag from /workspaces/recomart-recommendation-pipeline/airflow_venv/lib/python3.12/site-packages/airflow/example_dags/example_bash_operator.py
[2026-07-20T06:48:11.884+0000] {processor.py:840} INFO - DAG(s) 'example_bash_operator' retrieved from /workspaces/recomart-recommendation-pipeline/airflow_venv/lib/python3.12/site-packages/airflow/example_dags/example_bash_operator.py
[2026-07-20T06:48:11.905+0000] {logging_mixin.py:188} INFO - [2026-07-20T06:48:11.905+0000] {dag.py:3089} INFO - Sync 1 DAGs
[2026-07-20T06:48:11.921+0000] {logging_mixin.py:188} INFO - [2026-07-20T06:48:11.921+0000] {dag.py:3947} INFO - Setting next_dagrun for example_bash_operator to 2026-07-19 00:00:00+00:00, run_after=2026-07-20 00:00:00+00:00
[2026-07-20T06:48:11.938+0000] {processor.py:183} INFO - Processing /workspaces/recomart-recommendation-pipeline/airflow_venv/lib/python3.12/site-packages/airflow/example_dags/example_bash_operator.py took 0.076 seconds
[2026-07-20T06:49:15.088+0000] {processor.py:161} INFO - Started process (PID=85145) to work on /workspaces/recomart-recommendation-pipeline/airflow_venv/lib/python3.12/site-packages/airflow/example_dags/example_bash_operator.py
[2026-07-20T06:49:15.089+0000] {processor.py:830} INFO - Processing file /workspaces/recomart-recommendation-pipeline/airflow_venv/lib/python3.12/site-packages/airflow/example_dags/example_bash_operator.py for tasks to queue
[2026-07-20T06:49:15.091+0000] {logging_mixin.py:188} INFO - [2026-07-20T06:49:15.090+0000] {dagbag.py:545} INFO - Filling up the DagBag from /workspaces/recomart-recommendation-pipeline/airflow_venv/lib/python3.12/site-packages/airflow/example_dags/example_bash_operator.py
[2026-07-20T06:49:15.100+0000] {processor.py:840} INFO - DAG(s) 'example_bash_operator' retrieved from /workspaces/recomart-recommendation-pipeline/airflow_venv/lib/python3.12/site-packages/airflow/example_dags/example_bash_operator.py
[2026-07-20T06:49:15.117+0000] {logging_mixin.py:188} INFO - [2026-07-20T06:49:15.117+0000] {dag.py:3089} INFO - Sync 1 DAGs
[2026-07-20T06:49:15.132+0000] {logging_mixin.py:188} INFO - [2026-07-20T06:49:15.132+0000] {dag.py:3947} INFO - Setting next_dagrun for example_bash_operator to 2026-07-19 00:00:00+00:00, run_after=2026-07-20 00:00:00+00:00
[2026-07-20T06:49:15.148+0000] {processor.py:183} INFO - Processing /workspaces/recomart-recommendation-pipeline/airflow_venv/lib/python3.12/site-packages/airflow/example_dags/example_bash_operator.py took 0.066 seconds
[2026-07-20T06:50:19.563+0000] {processor.py:161} INFO - Started process (PID=85791) to work on /workspaces/recomart-recommendation-pipeline/airflow_venv/lib/python3.12/site-packages/airflow/example_dags/example_bash_operator.py
[2026-07-20T06:50:19.564+0000] {processor.py:830} INFO - Processing file /workspaces/recomart-recommendation-pipeline/airflow_venv/lib/python3.12/site-packages/airflow/example_dags/example_bash_operator.py for tasks to queue
[2026-07-20T06:50:19.565+0000] {logging_mixin.py:188} INFO - [2026-07-20T06:50:19.565+0000] {dagbag.py:545} INFO - Filling up the DagBag from /workspaces/recomart-recommendation-pipeline/airflow_venv/lib/python3.12/site-packages/airflow/example_dags/example_bash_operator.py
[2026-07-20T06:50:19.576+0000] {processor.py:840} INFO - DAG(s) 'example_bash_operator' retrieved from /workspaces/recomart-recommendation-pipeline/airflow_venv/lib/python3.12/site-packages/airflow/example_dags/example_bash_operator.py
[2026-07-20T06:50:19.597+0000] {logging_mixin.py:188} INFO - [2026-07-20T06:50:19.597+0000] {dag.py:3089} INFO - Sync 1 DAGs
[2026-07-20T06:50:19.612+0000] {logging_mixin.py:188} INFO - [2026-07-20T06:50:19.612+0000] {dag.py:3947} INFO - Setting next_dagrun for example_bash_operator to 2026-07-19 00:00:00+00:00, run_after=2026-07-20 00:00:00+00:00
[2026-07-20T06:50:19.628+0000] {processor.py:183} INFO - Processing /workspaces/recomart-recommendation-pipeline/airflow_venv/lib/python3.12/site-packages/airflow/example_dags/example_bash_operator.py took 0.070 seconds
[2026-07-20T06:51:27.041+0000] {processor.py:161} INFO - Started process (PID=86470) to work on /workspaces/recomart-recommendation-pipeline/airflow_venv/lib/python3.12/site-packages/airflow/example_dags/example_bash_operator.py
[2026-07-20T06:51:27.041+0000] {processor.py:830} INFO - Processing file /workspaces/recomart-recommendation-pipeline/airflow_venv/lib/python3.12/site-packages/airflow/example_dags/example_bash_operator.py for tasks to queue
[2026-07-20T06:51:27.043+0000] {logging_mixin.py:188} INFO - [2026-07-20T06:51:27.042+0000] {dagbag.py:545} INFO - Filling up the DagBag from /workspaces/recomart-recommendation-pipeline/airflow_venv/lib/python3.12/site-packages/airflow/example_dags/example_bash_operator.py
[2026-07-20T06:51:27.052+0000] {processor.py:840} INFO - DAG(s) 'example_bash_operator' retrieved from /workspaces/recomart-recommendation-pipeline/airflow_venv/lib/python3.12/site-packages/airflow/example_dags/example_bash_operator.py
[2026-07-20T06:51:27.069+0000] {logging_mixin.py:188} INFO - [2026-07-20T06:51:27.068+0000] {dag.py:3089} INFO - Sync 1 DAGs
[2026-07-20T06:51:27.089+0000] {logging_mixin.py:188} INFO - [2026-07-20T06:51:27.089+0000] {dag.py:3947} INFO - Setting next_dagrun for example_bash_operator to 2026-07-19 00:00:00+00:00, run_after=2026-07-20 00:00:00+00:00
[2026-07-20T06:51:27.106+0000] {processor.py:183} INFO - Processing /workspaces/recomart-recommendation-pipeline/airflow_venv/lib/python3.12/site-packages/airflow/example_dags/example_bash_operator.py took 0.071 seconds
[2026-07-20T06:58:34.537+0000] {processor.py:161} INFO - Started process (PID=89906) to work on /workspaces/recomart-recommendation-pipeline/airflow_venv/lib/python3.12/site-packages/airflow/example_dags/example_bash_operator.py
[2026-07-20T06:58:34.575+0000] {processor.py:830} INFO - Processing file /workspaces/recomart-recommendation-pipeline/airflow_venv/lib/python3.12/site-packages/airflow/example_dags/example_bash_operator.py for tasks to queue
[2026-07-20T06:58:34.578+0000] {logging_mixin.py:188} INFO - [2026-07-20T06:58:34.577+0000] {dagbag.py:545} INFO - Filling up the DagBag from /workspaces/recomart-recommendation-pipeline/airflow_venv/lib/python3.12/site-packages/airflow/example_dags/example_bash_operator.py
[2026-07-20T06:58:34.621+0000] {processor.py:840} INFO - DAG(s) 'example_bash_operator' retrieved from /workspaces/recomart-recommendation-pipeline/airflow_venv/lib/python3.12/site-packages/airflow/example_dags/example_bash_operator.py
[2026-07-20T06:58:34.881+0000] {logging_mixin.py:188} INFO - [2026-07-20T06:58:34.880+0000] {dag.py:3089} INFO - Sync 1 DAGs
[2026-07-20T06:58:34.932+0000] {logging_mixin.py:188} INFO - [2026-07-20T06:58:34.931+0000] {dag.py:3947} INFO - Setting next_dagrun for example_bash_operator to 2026-07-19 00:00:00+00:00, run_after=2026-07-20 00:00:00+00:00
[2026-07-20T06:58:34.962+0000] {processor.py:183} INFO - Processing /workspaces/recomart-recommendation-pipeline/airflow_venv/lib/python3.12/site-packages/airflow/example_dags/example_bash_operator.py took 0.431 seconds
[2026-07-20T07:00:10.183+0000] {processor.py:161} INFO - Started process (PID=91631) to work on /workspaces/recomart-recommendation-pipeline/airflow_venv/lib/python3.12/site-packages/airflow/example_dags/example_bash_operator.py
[2026-07-20T07:00:10.184+0000] {processor.py:830} INFO - Processing file /workspaces/recomart-recommendation-pipeline/airflow_venv/lib/python3.12/site-packages/airflow/example_dags/example_bash_operator.py for tasks to queue
[2026-07-20T07:00:10.186+0000] {logging_mixin.py:188} INFO - [2026-07-20T07:00:10.185+0000] {dagbag.py:545} INFO - Filling up the DagBag from /workspaces/recomart-recommendation-pipeline/airflow_venv/lib/python3.12/site-packages/airflow/example_dags/example_bash_operator.py
[2026-07-20T07:00:10.196+0000] {processor.py:840} INFO - DAG(s) 'example_bash_operator' retrieved from /workspaces/recomart-recommendation-pipeline/airflow_venv/lib/python3.12/site-packages/airflow/example_dags/example_bash_operator.py
[2026-07-20T07:00:10.215+0000] {logging_mixin.py:188} INFO - [2026-07-20T07:00:10.215+0000] {dag.py:3089} INFO - Sync 1 DAGs
[2026-07-20T07:00:10.231+0000] {logging_mixin.py:188} INFO - [2026-07-20T07:00:10.231+0000] {dag.py:3947} INFO - Setting next_dagrun for example_bash_operator to 2026-07-19 00:00:00+00:00, run_after=2026-07-20 00:00:00+00:00
[2026-07-20T07:00:10.252+0000] {processor.py:183} INFO - Processing /workspaces/recomart-recommendation-pipeline/airflow_venv/lib/python3.12/site-packages/airflow/example_dags/example_bash_operator.py took 0.074 seconds
[2026-07-20T07:01:01.273+0000] {processor.py:161} INFO - Started process (PID=92061) to work on /workspaces/recomart-recommendation-pipeline/airflow_venv/lib/python3.12/site-packages/airflow/example_dags/example_bash_operator.py
[2026-07-20T07:01:01.274+0000] {processor.py:830} INFO - Processing file /workspaces/recomart-recommendation-pipeline/airflow_venv/lib/python3.12/site-packages/airflow/example_dags/example_bash_operator.py for tasks to queue
[2026-07-20T07:01:01.277+0000] {logging_mixin.py:188} INFO - [2026-07-20T07:01:01.277+0000] {dagbag.py:545} INFO - Filling up the DagBag from /workspaces/recomart-recommendation-pipeline/airflow_venv/lib/python3.12/site-packages/airflow/example_dags/example_bash_operator.py
[2026-07-20T07:01:01.289+0000] {processor.py:840} INFO - DAG(s) 'example_bash_operator' retrieved from /workspaces/recomart-recommendation-pipeline/airflow_venv/lib/python3.12/site-packages/airflow/example_dags/example_bash_operator.py
[2026-07-20T07:01:01.307+0000] {logging_mixin.py:188} INFO - [2026-07-20T07:01:01.307+0000] {dag.py:3089} INFO - Sync 1 DAGs
[2026-07-20T07:01:01.322+0000] {logging_mixin.py:188} INFO - [2026-07-20T07:01:01.322+0000] {dag.py:3947} INFO - Setting next_dagrun for example_bash_operator to 2026-07-19 00:00:00+00:00, run_after=2026-07-20 00:00:00+00:00
[2026-07-20T07:01:01.339+0000] {processor.py:183} INFO - Processing /workspaces/recomart-recommendation-pipeline/airflow_venv/lib/python3.12/site-packages/airflow/example_dags/example_bash_operator.py took 0.072 seconds
