[2026-07-20T05:59:36.369+0000] {processor.py:161} INFO - Started process (PID=58477) to work on /workspaces/recomart-recommendation-pipeline/airflow_venv/lib/python3.12/site-packages/airflow/example_dags/example_branch_labels.py
[2026-07-20T05:59:36.370+0000] {processor.py:830} INFO - Processing file /workspaces/recomart-recommendation-pipeline/airflow_venv/lib/python3.12/site-packages/airflow/example_dags/example_branch_labels.py for tasks to queue
[2026-07-20T05:59:36.372+0000] {logging_mixin.py:188} INFO - [2026-07-20T05:59:36.371+0000] {dagbag.py:545} INFO - Filling up the DagBag from /workspaces/recomart-recommendation-pipeline/airflow_venv/lib/python3.12/site-packages/airflow/example_dags/example_branch_labels.py
[2026-07-20T05:59:36.380+0000] {processor.py:840} INFO - DAG(s) 'example_branch_labels' retrieved from /workspaces/recomart-recommendation-pipeline/airflow_venv/lib/python3.12/site-packages/airflow/example_dags/example_branch_labels.py
[2026-07-20T05:59:36.485+0000] {logging_mixin.py:188} INFO - [2026-07-20T05:59:36.484+0000] {override.py:1858} INFO - Created Permission View: can read on DAG:example_branch_labels
[2026-07-20T05:59:36.497+0000] {logging_mixin.py:188} INFO - [2026-07-20T05:59:36.497+0000] {override.py:1858} INFO - Created Permission View: can edit on DAG:example_branch_labels
[2026-07-20T05:59:36.505+0000] {logging_mixin.py:188} INFO - [2026-07-20T05:59:36.505+0000] {override.py:1858} INFO - Created Permission View: can delete on DAG:example_branch_labels
[2026-07-20T05:59:36.506+0000] {logging_mixin.py:188} INFO - [2026-07-20T05:59:36.506+0000] {dag.py:3089} INFO - Sync 1 DAGs
[2026-07-20T05:59:36.517+0000] {logging_mixin.py:188} INFO - [2026-07-20T05:59:36.517+0000] {dag.py:3111} INFO - Creating ORM DAG for example_branch_labels
[2026-07-20T05:59:36.527+0000] {logging_mixin.py:188} INFO - [2026-07-20T05:59:36.527+0000] {dag.py:3947} INFO - Setting next_dagrun for example_branch_labels to 2026-07-19 00:00:00+00:00, run_after=2026-07-20 00:00:00+00:00
[2026-07-20T05:59:36.558+0000] {processor.py:183} INFO - Processing /workspaces/recomart-recommendation-pipeline/airflow_venv/lib/python3.12/site-packages/airflow/example_dags/example_branch_labels.py took 0.193 seconds
[2026-07-20T06:00:28.243+0000] {processor.py:161} INFO - Started process (PID=58854) to work on /workspaces/recomart-recommendation-pipeline/airflow_venv/lib/python3.12/site-packages/airflow/example_dags/example_branch_labels.py
[2026-07-20T06:00:28.244+0000] {processor.py:830} INFO - Processing file /workspaces/recomart-recommendation-pipeline/airflow_venv/lib/python3.12/site-packages/airflow/example_dags/example_branch_labels.py for tasks to queue
[2026-07-20T06:00:28.246+0000] {logging_mixin.py:188} INFO - [2026-07-20T06:00:28.245+0000] {dagbag.py:545} INFO - Filling up the DagBag from /workspaces/recomart-recommendation-pipeline/airflow_venv/lib/python3.12/site-packages/airflow/example_dags/example_branch_labels.py
[2026-07-20T06:00:28.252+0000] {processor.py:840} INFO - DAG(s) 'example_branch_labels' retrieved from /workspaces/recomart-recommendation-pipeline/airflow_venv/lib/python3.12/site-packages/airflow/example_dags/example_branch_labels.py
[2026-07-20T06:00:28.264+0000] {logging_mixin.py:188} INFO - [2026-07-20T06:00:28.264+0000] {dag.py:3089} INFO - Sync 1 DAGs
[2026-07-20T06:00:28.282+0000] {logging_mixin.py:188} INFO - [2026-07-20T06:00:28.282+0000] {dag.py:3947} INFO - Setting next_dagrun for example_branch_labels to 2026-07-19 00:00:00+00:00, run_after=2026-07-20 00:00:00+00:00
[2026-07-20T06:00:28.299+0000] {processor.py:183} INFO - Processing /workspaces/recomart-recommendation-pipeline/airflow_venv/lib/python3.12/site-packages/airflow/example_dags/example_branch_labels.py took 0.061 seconds
[2026-07-20T06:01:33.827+0000] {processor.py:161} INFO - Started process (PID=59680) to work on /workspaces/recomart-recommendation-pipeline/airflow_venv/lib/python3.12/site-packages/airflow/example_dags/example_branch_labels.py
[2026-07-20T06:01:33.828+0000] {processor.py:830} INFO - Processing file /workspaces/recomart-recommendation-pipeline/airflow_venv/lib/python3.12/site-packages/airflow/example_dags/example_branch_labels.py for tasks to queue
[2026-07-20T06:01:33.829+0000] {logging_mixin.py:188} INFO - [2026-07-20T06:01:33.829+0000] {dagbag.py:545} INFO - Filling up the DagBag from /workspaces/recomart-recommendation-pipeline/airflow_venv/lib/python3.12/site-packages/airflow/example_dags/example_branch_labels.py
[2026-07-20T06:01:33.835+0000] {processor.py:840} INFO - DAG(s) 'example_branch_labels' retrieved from /workspaces/recomart-recommendation-pipeline/airflow_venv/lib/python3.12/site-packages/airflow/example_dags/example_branch_labels.py
[2026-07-20T06:01:33.848+0000] {logging_mixin.py:188} INFO - [2026-07-20T06:01:33.848+0000] {dag.py:3089} INFO - Sync 1 DAGs
[2026-07-20T06:01:33.864+0000] {logging_mixin.py:188} INFO - [2026-07-20T06:01:33.864+0000] {dag.py:3947} INFO - Setting next_dagrun for example_branch_labels to 2026-07-19 00:00:00+00:00, run_after=2026-07-20 00:00:00+00:00
[2026-07-20T06:01:33.882+0000] {processor.py:183} INFO - Processing /workspaces/recomart-recommendation-pipeline/airflow_venv/lib/python3.12/site-packages/airflow/example_dags/example_branch_labels.py took 0.059 seconds
[2026-07-20T06:02:38.696+0000] {processor.py:161} INFO - Started process (PID=60263) to work on /workspaces/recomart-recommendation-pipeline/airflow_venv/lib/python3.12/site-packages/airflow/example_dags/example_branch_labels.py
[2026-07-20T06:02:38.696+0000] {processor.py:830} INFO - Processing file /workspaces/recomart-recommendation-pipeline/airflow_venv/lib/python3.12/site-packages/airflow/example_dags/example_branch_labels.py for tasks to queue
[2026-07-20T06:02:38.698+0000] {logging_mixin.py:188} INFO - [2026-07-20T06:02:38.697+0000] {dagbag.py:545} INFO - Filling up the DagBag from /workspaces/recomart-recommendation-pipeline/airflow_venv/lib/python3.12/site-packages/airflow/example_dags/example_branch_labels.py
[2026-07-20T06:02:38.704+0000] {processor.py:840} INFO - DAG(s) 'example_branch_labels' retrieved from /workspaces/recomart-recommendation-pipeline/airflow_venv/lib/python3.12/site-packages/airflow/example_dags/example_branch_labels.py
[2026-07-20T06:02:38.717+0000] {logging_mixin.py:188} INFO - [2026-07-20T06:02:38.716+0000] {dag.py:3089} INFO - Sync 1 DAGs
[2026-07-20T06:02:38.732+0000] {logging_mixin.py:188} INFO - [2026-07-20T06:02:38.731+0000] {dag.py:3947} INFO - Setting next_dagrun for example_branch_labels to 2026-07-19 00:00:00+00:00, run_after=2026-07-20 00:00:00+00:00
[2026-07-20T06:02:38.748+0000] {processor.py:183} INFO - Processing /workspaces/recomart-recommendation-pipeline/airflow_venv/lib/python3.12/site-packages/airflow/example_dags/example_branch_labels.py took 0.056 seconds
[2026-07-20T06:03:41.725+0000] {processor.py:161} INFO - Started process (PID=60859) to work on /workspaces/recomart-recommendation-pipeline/airflow_venv/lib/python3.12/site-packages/airflow/example_dags/example_branch_labels.py
[2026-07-20T06:03:41.728+0000] {processor.py:830} INFO - Processing file /workspaces/recomart-recommendation-pipeline/airflow_venv/lib/python3.12/site-packages/airflow/example_dags/example_branch_labels.py for tasks to queue
[2026-07-20T06:03:41.732+0000] {logging_mixin.py:188} INFO - [2026-07-20T06:03:41.730+0000] {dagbag.py:545} INFO - Filling up the DagBag from /workspaces/recomart-recommendation-pipeline/airflow_venv/lib/python3.12/site-packages/airflow/example_dags/example_branch_labels.py
[2026-07-20T06:03:41.751+0000] {processor.py:840} INFO - DAG(s) 'example_branch_labels' retrieved from /workspaces/recomart-recommendation-pipeline/airflow_venv/lib/python3.12/site-packages/airflow/example_dags/example_branch_labels.py
[2026-07-20T06:03:41.791+0000] {logging_mixin.py:188} INFO - [2026-07-20T06:03:41.791+0000] {dag.py:3089} INFO - Sync 1 DAGs
[2026-07-20T06:03:41.847+0000] {logging_mixin.py:188} INFO - [2026-07-20T06:03:41.845+0000] {dag.py:3947} INFO - Setting next_dagrun for example_branch_labels to 2026-07-19 00:00:00+00:00, run_after=2026-07-20 00:00:00+00:00
[2026-07-20T06:03:42.038+0000] {processor.py:183} INFO - Processing /workspaces/recomart-recommendation-pipeline/airflow_venv/lib/python3.12/site-packages/airflow/example_dags/example_branch_labels.py took 0.326 seconds
[2026-07-20T06:04:48.959+0000] {processor.py:161} INFO - Started process (PID=61393) to work on /workspaces/recomart-recommendation-pipeline/airflow_venv/lib/python3.12/site-packages/airflow/example_dags/example_branch_labels.py
[2026-07-20T06:04:48.960+0000] {processor.py:830} INFO - Processing file /workspaces/recomart-recommendation-pipeline/airflow_venv/lib/python3.12/site-packages/airflow/example_dags/example_branch_labels.py for tasks to queue
[2026-07-20T06:04:48.961+0000] {logging_mixin.py:188} INFO - [2026-07-20T06:04:48.961+0000] {dagbag.py:545} INFO - Filling up the DagBag from /workspaces/recomart-recommendation-pipeline/airflow_venv/lib/python3.12/site-packages/airflow/example_dags/example_branch_labels.py
[2026-07-20T06:04:48.969+0000] {processor.py:840} INFO - DAG(s) 'example_branch_labels' retrieved from /workspaces/recomart-recommendation-pipeline/airflow_venv/lib/python3.12/site-packages/airflow/example_dags/example_branch_labels.py
[2026-07-20T06:04:48.986+0000] {logging_mixin.py:188} INFO - [2026-07-20T06:04:48.986+0000] {dag.py:3089} INFO - Sync 1 DAGs
[2026-07-20T06:04:49.003+0000] {logging_mixin.py:188} INFO - [2026-07-20T06:04:49.003+0000] {dag.py:3947} INFO - Setting next_dagrun for example_branch_labels to 2026-07-19 00:00:00+00:00, run_after=2026-07-20 00:00:00+00:00
[2026-07-20T06:04:49.019+0000] {processor.py:183} INFO - Processing /workspaces/recomart-recommendation-pipeline/airflow_venv/lib/python3.12/site-packages/airflow/example_dags/example_branch_labels.py took 0.065 seconds
[2026-07-20T06:05:55.582+0000] {processor.py:161} INFO - Started process (PID=61942) to work on /workspaces/recomart-recommendation-pipeline/airflow_venv/lib/python3.12/site-packages/airflow/example_dags/example_branch_labels.py
[2026-07-20T06:05:55.582+0000] {processor.py:830} INFO - Processing file /workspaces/recomart-recommendation-pipeline/airflow_venv/lib/python3.12/site-packages/airflow/example_dags/example_branch_labels.py for tasks to queue
[2026-07-20T06:05:55.584+0000] {logging_mixin.py:188} INFO - [2026-07-20T06:05:55.583+0000] {dagbag.py:545} INFO - Filling up the DagBag from /workspaces/recomart-recommendation-pipeline/airflow_venv/lib/python3.12/site-packages/airflow/example_dags/example_branch_labels.py
[2026-07-20T06:05:55.591+0000] {processor.py:840} INFO - DAG(s) 'example_branch_labels' retrieved from /workspaces/recomart-recommendation-pipeline/airflow_venv/lib/python3.12/site-packages/airflow/example_dags/example_branch_labels.py
[2026-07-20T06:05:55.607+0000] {logging_mixin.py:188} INFO - [2026-07-20T06:05:55.607+0000] {dag.py:3089} INFO - Sync 1 DAGs
[2026-07-20T06:05:55.623+0000] {logging_mixin.py:188} INFO - [2026-07-20T06:05:55.623+0000] {dag.py:3947} INFO - Setting next_dagrun for example_branch_labels to 2026-07-19 00:00:00+00:00, run_after=2026-07-20 00:00:00+00:00
[2026-07-20T06:05:55.639+0000] {processor.py:183} INFO - Processing /workspaces/recomart-recommendation-pipeline/airflow_venv/lib/python3.12/site-packages/airflow/example_dags/example_branch_labels.py took 0.062 seconds
[2026-07-20T06:07:08.067+0000] {processor.py:161} INFO - Started process (PID=62517) to work on /workspaces/recomart-recommendation-pipeline/airflow_venv/lib/python3.12/site-packages/airflow/example_dags/example_branch_labels.py
[2026-07-20T06:07:08.068+0000] {processor.py:830} INFO - Processing file /workspaces/recomart-recommendation-pipeline/airflow_venv/lib/python3.12/site-packages/airflow/example_dags/example_branch_labels.py for tasks to queue
[2026-07-20T06:07:08.070+0000] {logging_mixin.py:188} INFO - [2026-07-20T06:07:08.069+0000] {dagbag.py:545} INFO - Filling up the DagBag from /workspaces/recomart-recommendation-pipeline/airflow_venv/lib/python3.12/site-packages/airflow/example_dags/example_branch_labels.py
[2026-07-20T06:07:08.077+0000] {processor.py:840} INFO - DAG(s) 'example_branch_labels' retrieved from /workspaces/recomart-recommendation-pipeline/airflow_venv/lib/python3.12/site-packages/airflow/example_dags/example_branch_labels.py
[2026-07-20T06:07:08.200+0000] {logging_mixin.py:188} INFO - [2026-07-20T06:07:08.200+0000] {dag.py:3089} INFO - Sync 1 DAGs
[2026-07-20T06:07:08.213+0000] {logging_mixin.py:188} INFO - [2026-07-20T06:07:08.213+0000] {dag.py:3947} INFO - Setting next_dagrun for example_branch_labels to 2026-07-19 00:00:00+00:00, run_after=2026-07-20 00:00:00+00:00
[2026-07-20T06:07:08.231+0000] {processor.py:183} INFO - Processing /workspaces/recomart-recommendation-pipeline/airflow_venv/lib/python3.12/site-packages/airflow/example_dags/example_branch_labels.py took 0.168 seconds
[2026-07-20T06:09:29.887+0000] {processor.py:161} INFO - Started process (PID=63849) to work on /workspaces/recomart-recommendation-pipeline/airflow_venv/lib/python3.12/site-packages/airflow/example_dags/example_branch_labels.py
[2026-07-20T06:09:29.888+0000] {processor.py:830} INFO - Processing file /workspaces/recomart-recommendation-pipeline/airflow_venv/lib/python3.12/site-packages/airflow/example_dags/example_branch_labels.py for tasks to queue
[2026-07-20T06:09:29.889+0000] {logging_mixin.py:188} INFO - [2026-07-20T06:09:29.889+0000] {dagbag.py:545} INFO - Filling up the DagBag from /workspaces/recomart-recommendation-pipeline/airflow_venv/lib/python3.12/site-packages/airflow/example_dags/example_branch_labels.py
[2026-07-20T06:09:29.896+0000] {processor.py:840} INFO - DAG(s) 'example_branch_labels' retrieved from /workspaces/recomart-recommendation-pipeline/airflow_venv/lib/python3.12/site-packages/airflow/example_dags/example_branch_labels.py
[2026-07-20T06:09:29.989+0000] {logging_mixin.py:188} INFO - [2026-07-20T06:09:29.988+0000] {dag.py:3089} INFO - Sync 1 DAGs
[2026-07-20T06:09:30.002+0000] {logging_mixin.py:188} INFO - [2026-07-20T06:09:30.002+0000] {dag.py:3947} INFO - Setting next_dagrun for example_branch_labels to 2026-07-19 00:00:00+00:00, run_after=2026-07-20 00:00:00+00:00
[2026-07-20T06:09:30.019+0000] {processor.py:183} INFO - Processing /workspaces/recomart-recommendation-pipeline/airflow_venv/lib/python3.12/site-packages/airflow/example_dags/example_branch_labels.py took 0.136 seconds
[2026-07-20T06:10:24.333+0000] {processor.py:161} INFO - Started process (PID=64291) to work on /workspaces/recomart-recommendation-pipeline/airflow_venv/lib/python3.12/site-packages/airflow/example_dags/example_branch_labels.py
[2026-07-20T06:10:24.336+0000] {processor.py:830} INFO - Processing file /workspaces/recomart-recommendation-pipeline/airflow_venv/lib/python3.12/site-packages/airflow/example_dags/example_branch_labels.py for tasks to queue
[2026-07-20T06:10:24.340+0000] {logging_mixin.py:188} INFO - [2026-07-20T06:10:24.339+0000] {dagbag.py:545} INFO - Filling up the DagBag from /workspaces/recomart-recommendation-pipeline/airflow_venv/lib/python3.12/site-packages/airflow/example_dags/example_branch_labels.py
[2026-07-20T06:10:24.351+0000] {processor.py:840} INFO - DAG(s) 'example_branch_labels' retrieved from /workspaces/recomart-recommendation-pipeline/airflow_venv/lib/python3.12/site-packages/airflow/example_dags/example_branch_labels.py
[2026-07-20T06:10:24.371+0000] {logging_mixin.py:188} INFO - [2026-07-20T06:10:24.371+0000] {dag.py:3089} INFO - Sync 1 DAGs
[2026-07-20T06:10:24.394+0000] {logging_mixin.py:188} INFO - [2026-07-20T06:10:24.394+0000] {dag.py:3947} INFO - Setting next_dagrun for example_branch_labels to 2026-07-19 00:00:00+00:00, run_after=2026-07-20 00:00:00+00:00
[2026-07-20T06:10:24.423+0000] {processor.py:183} INFO - Processing /workspaces/recomart-recommendation-pipeline/airflow_venv/lib/python3.12/site-packages/airflow/example_dags/example_branch_labels.py took 0.096 seconds
[2026-07-20T06:11:30.138+0000] {processor.py:161} INFO - Started process (PID=64994) to work on /workspaces/recomart-recommendation-pipeline/airflow_venv/lib/python3.12/site-packages/airflow/example_dags/example_branch_labels.py
[2026-07-20T06:11:30.139+0000] {processor.py:830} INFO - Processing file /workspaces/recomart-recommendation-pipeline/airflow_venv/lib/python3.12/site-packages/airflow/example_dags/example_branch_labels.py for tasks to queue
[2026-07-20T06:11:30.140+0000] {logging_mixin.py:188} INFO - [2026-07-20T06:11:30.140+0000] {dagbag.py:545} INFO - Filling up the DagBag from /workspaces/recomart-recommendation-pipeline/airflow_venv/lib/python3.12/site-packages/airflow/example_dags/example_branch_labels.py
[2026-07-20T06:11:30.146+0000] {processor.py:840} INFO - DAG(s) 'example_branch_labels' retrieved from /workspaces/recomart-recommendation-pipeline/airflow_venv/lib/python3.12/site-packages/airflow/example_dags/example_branch_labels.py
[2026-07-20T06:11:30.159+0000] {logging_mixin.py:188} INFO - [2026-07-20T06:11:30.159+0000] {dag.py:3089} INFO - Sync 1 DAGs
[2026-07-20T06:11:30.177+0000] {logging_mixin.py:188} INFO - [2026-07-20T06:11:30.177+0000] {dag.py:3947} INFO - Setting next_dagrun for example_branch_labels to 2026-07-19 00:00:00+00:00, run_after=2026-07-20 00:00:00+00:00
[2026-07-20T06:11:30.206+0000] {processor.py:183} INFO - Processing /workspaces/recomart-recommendation-pipeline/airflow_venv/lib/python3.12/site-packages/airflow/example_dags/example_branch_labels.py took 0.072 seconds
[2026-07-20T06:12:31.547+0000] {processor.py:161} INFO - Started process (PID=65505) to work on /workspaces/recomart-recommendation-pipeline/airflow_venv/lib/python3.12/site-packages/airflow/example_dags/example_branch_labels.py
[2026-07-20T06:12:31.548+0000] {processor.py:830} INFO - Processing file /workspaces/recomart-recommendation-pipeline/airflow_venv/lib/python3.12/site-packages/airflow/example_dags/example_branch_labels.py for tasks to queue
[2026-07-20T06:12:31.549+0000] {logging_mixin.py:188} INFO - [2026-07-20T06:12:31.549+0000] {dagbag.py:545} INFO - Filling up the DagBag from /workspaces/recomart-recommendation-pipeline/airflow_venv/lib/python3.12/site-packages/airflow/example_dags/example_branch_labels.py
[2026-07-20T06:12:31.555+0000] {processor.py:840} INFO - DAG(s) 'example_branch_labels' retrieved from /workspaces/recomart-recommendation-pipeline/airflow_venv/lib/python3.12/site-packages/airflow/example_dags/example_branch_labels.py
[2026-07-20T06:12:31.568+0000] {logging_mixin.py:188} INFO - [2026-07-20T06:12:31.568+0000] {dag.py:3089} INFO - Sync 1 DAGs
[2026-07-20T06:12:31.589+0000] {logging_mixin.py:188} INFO - [2026-07-20T06:12:31.589+0000] {dag.py:3947} INFO - Setting next_dagrun for example_branch_labels to 2026-07-19 00:00:00+00:00, run_after=2026-07-20 00:00:00+00:00
[2026-07-20T06:12:31.608+0000] {processor.py:183} INFO - Processing /workspaces/recomart-recommendation-pipeline/airflow_venv/lib/python3.12/site-packages/airflow/example_dags/example_branch_labels.py took 0.065 seconds
[2026-07-20T06:13:38.203+0000] {processor.py:161} INFO - Started process (PID=66049) to work on /workspaces/recomart-recommendation-pipeline/airflow_venv/lib/python3.12/site-packages/airflow/example_dags/example_branch_labels.py
[2026-07-20T06:13:38.204+0000] {processor.py:830} INFO - Processing file /workspaces/recomart-recommendation-pipeline/airflow_venv/lib/python3.12/site-packages/airflow/example_dags/example_branch_labels.py for tasks to queue
[2026-07-20T06:13:38.206+0000] {logging_mixin.py:188} INFO - [2026-07-20T06:13:38.205+0000] {dagbag.py:545} INFO - Filling up the DagBag from /workspaces/recomart-recommendation-pipeline/airflow_venv/lib/python3.12/site-packages/airflow/example_dags/example_branch_labels.py
[2026-07-20T06:13:38.212+0000] {processor.py:840} INFO - DAG(s) 'example_branch_labels' retrieved from /workspaces/recomart-recommendation-pipeline/airflow_venv/lib/python3.12/site-packages/airflow/example_dags/example_branch_labels.py
[2026-07-20T06:13:38.226+0000] {logging_mixin.py:188} INFO - [2026-07-20T06:13:38.226+0000] {dag.py:3089} INFO - Sync 1 DAGs
[2026-07-20T06:13:38.242+0000] {logging_mixin.py:188} INFO - [2026-07-20T06:13:38.242+0000] {dag.py:3947} INFO - Setting next_dagrun for example_branch_labels to 2026-07-19 00:00:00+00:00, run_after=2026-07-20 00:00:00+00:00
[2026-07-20T06:13:38.259+0000] {processor.py:183} INFO - Processing /workspaces/recomart-recommendation-pipeline/airflow_venv/lib/python3.12/site-packages/airflow/example_dags/example_branch_labels.py took 0.060 seconds
[2026-07-20T06:14:47.634+0000] {processor.py:161} INFO - Started process (PID=67029) to work on /workspaces/recomart-recommendation-pipeline/airflow_venv/lib/python3.12/site-packages/airflow/example_dags/example_branch_labels.py
[2026-07-20T06:14:47.635+0000] {processor.py:830} INFO - Processing file /workspaces/recomart-recommendation-pipeline/airflow_venv/lib/python3.12/site-packages/airflow/example_dags/example_branch_labels.py for tasks to queue
[2026-07-20T06:14:47.639+0000] {logging_mixin.py:188} INFO - [2026-07-20T06:14:47.638+0000] {dagbag.py:545} INFO - Filling up the DagBag from /workspaces/recomart-recommendation-pipeline/airflow_venv/lib/python3.12/site-packages/airflow/example_dags/example_branch_labels.py
[2026-07-20T06:14:47.653+0000] {processor.py:840} INFO - DAG(s) 'example_branch_labels' retrieved from /workspaces/recomart-recommendation-pipeline/airflow_venv/lib/python3.12/site-packages/airflow/example_dags/example_branch_labels.py
[2026-07-20T06:14:47.674+0000] {logging_mixin.py:188} INFO - [2026-07-20T06:14:47.674+0000] {dag.py:3089} INFO - Sync 1 DAGs
[2026-07-20T06:14:47.702+0000] {logging_mixin.py:188} INFO - [2026-07-20T06:14:47.702+0000] {dag.py:3947} INFO - Setting next_dagrun for example_branch_labels to 2026-07-19 00:00:00+00:00, run_after=2026-07-20 00:00:00+00:00
[2026-07-20T06:14:47.725+0000] {processor.py:183} INFO - Processing /workspaces/recomart-recommendation-pipeline/airflow_venv/lib/python3.12/site-packages/airflow/example_dags/example_branch_labels.py took 0.101 seconds
[2026-07-20T06:31:33.129+0000] {processor.py:161} INFO - Started process (PID=73902) to work on /workspaces/recomart-recommendation-pipeline/airflow_venv/lib/python3.12/site-packages/airflow/example_dags/example_branch_labels.py
[2026-07-20T06:31:33.132+0000] {processor.py:830} INFO - Processing file /workspaces/recomart-recommendation-pipeline/airflow_venv/lib/python3.12/site-packages/airflow/example_dags/example_branch_labels.py for tasks to queue
[2026-07-20T06:31:33.133+0000] {logging_mixin.py:188} INFO - [2026-07-20T06:31:33.133+0000] {dagbag.py:545} INFO - Filling up the DagBag from /workspaces/recomart-recommendation-pipeline/airflow_venv/lib/python3.12/site-packages/airflow/example_dags/example_branch_labels.py
[2026-07-20T06:31:33.140+0000] {processor.py:840} INFO - DAG(s) 'example_branch_labels' retrieved from /workspaces/recomart-recommendation-pipeline/airflow_venv/lib/python3.12/site-packages/airflow/example_dags/example_branch_labels.py
[2026-07-20T06:31:33.309+0000] {logging_mixin.py:188} INFO - [2026-07-20T06:31:33.309+0000] {dag.py:3089} INFO - Sync 1 DAGs
[2026-07-20T06:31:33.329+0000] {logging_mixin.py:188} INFO - [2026-07-20T06:31:33.329+0000] {dag.py:3947} INFO - Setting next_dagrun for example_branch_labels to 2026-07-19 00:00:00+00:00, run_after=2026-07-20 00:00:00+00:00
[2026-07-20T06:31:33.347+0000] {processor.py:183} INFO - Processing /workspaces/recomart-recommendation-pipeline/airflow_venv/lib/python3.12/site-packages/airflow/example_dags/example_branch_labels.py took 0.223 seconds
[2026-07-20T06:32:46.452+0000] {processor.py:161} INFO - Started process (PID=74854) to work on /workspaces/recomart-recommendation-pipeline/airflow_venv/lib/python3.12/site-packages/airflow/example_dags/example_branch_labels.py
[2026-07-20T06:32:46.453+0000] {processor.py:830} INFO - Processing file /workspaces/recomart-recommendation-pipeline/airflow_venv/lib/python3.12/site-packages/airflow/example_dags/example_branch_labels.py for tasks to queue
[2026-07-20T06:32:46.454+0000] {logging_mixin.py:188} INFO - [2026-07-20T06:32:46.454+0000] {dagbag.py:545} INFO - Filling up the DagBag from /workspaces/recomart-recommendation-pipeline/airflow_venv/lib/python3.12/site-packages/airflow/example_dags/example_branch_labels.py
[2026-07-20T06:32:46.460+0000] {processor.py:840} INFO - DAG(s) 'example_branch_labels' retrieved from /workspaces/recomart-recommendation-pipeline/airflow_venv/lib/python3.12/site-packages/airflow/example_dags/example_branch_labels.py
[2026-07-20T06:32:46.474+0000] {logging_mixin.py:188} INFO - [2026-07-20T06:32:46.473+0000] {dag.py:3089} INFO - Sync 1 DAGs
[2026-07-20T06:32:46.494+0000] {logging_mixin.py:188} INFO - [2026-07-20T06:32:46.493+0000] {dag.py:3947} INFO - Setting next_dagrun for example_branch_labels to 2026-07-19 00:00:00+00:00, run_after=2026-07-20 00:00:00+00:00
[2026-07-20T06:32:46.511+0000] {processor.py:183} INFO - Processing /workspaces/recomart-recommendation-pipeline/airflow_venv/lib/python3.12/site-packages/airflow/example_dags/example_branch_labels.py took 0.063 seconds
[2026-07-20T06:34:26.408+0000] {processor.py:161} INFO - Started process (PID=76212) to work on /workspaces/recomart-recommendation-pipeline/airflow_venv/lib/python3.12/site-packages/airflow/example_dags/example_branch_labels.py
[2026-07-20T06:34:26.409+0000] {processor.py:830} INFO - Processing file /workspaces/recomart-recommendation-pipeline/airflow_venv/lib/python3.12/site-packages/airflow/example_dags/example_branch_labels.py for tasks to queue
[2026-07-20T06:34:26.410+0000] {logging_mixin.py:188} INFO - [2026-07-20T06:34:26.410+0000] {dagbag.py:545} INFO - Filling up the DagBag from /workspaces/recomart-recommendation-pipeline/airflow_venv/lib/python3.12/site-packages/airflow/example_dags/example_branch_labels.py
[2026-07-20T06:34:26.417+0000] {processor.py:840} INFO - DAG(s) 'example_branch_labels' retrieved from /workspaces/recomart-recommendation-pipeline/airflow_venv/lib/python3.12/site-packages/airflow/example_dags/example_branch_labels.py
[2026-07-20T06:34:26.429+0000] {logging_mixin.py:188} INFO - [2026-07-20T06:34:26.429+0000] {dag.py:3089} INFO - Sync 1 DAGs
[2026-07-20T06:34:26.448+0000] {logging_mixin.py:188} INFO - [2026-07-20T06:34:26.447+0000] {dag.py:3947} INFO - Setting next_dagrun for example_branch_labels to 2026-07-19 00:00:00+00:00, run_after=2026-07-20 00:00:00+00:00
[2026-07-20T06:34:26.464+0000] {processor.py:183} INFO - Processing /workspaces/recomart-recommendation-pipeline/airflow_venv/lib/python3.12/site-packages/airflow/example_dags/example_branch_labels.py took 0.061 seconds
[2026-07-20T06:35:24.202+0000] {processor.py:161} INFO - Started process (PID=77319) to work on /workspaces/recomart-recommendation-pipeline/airflow_venv/lib/python3.12/site-packages/airflow/example_dags/example_branch_labels.py
[2026-07-20T06:35:24.203+0000] {processor.py:830} INFO - Processing file /workspaces/recomart-recommendation-pipeline/airflow_venv/lib/python3.12/site-packages/airflow/example_dags/example_branch_labels.py for tasks to queue
[2026-07-20T06:35:24.205+0000] {logging_mixin.py:188} INFO - [2026-07-20T06:35:24.204+0000] {dagbag.py:545} INFO - Filling up the DagBag from /workspaces/recomart-recommendation-pipeline/airflow_venv/lib/python3.12/site-packages/airflow/example_dags/example_branch_labels.py
[2026-07-20T06:35:24.212+0000] {processor.py:840} INFO - DAG(s) 'example_branch_labels' retrieved from /workspaces/recomart-recommendation-pipeline/airflow_venv/lib/python3.12/site-packages/airflow/example_dags/example_branch_labels.py
[2026-07-20T06:35:24.224+0000] {logging_mixin.py:188} INFO - [2026-07-20T06:35:24.224+0000] {dag.py:3089} INFO - Sync 1 DAGs
[2026-07-20T06:35:24.239+0000] {logging_mixin.py:188} INFO - [2026-07-20T06:35:24.238+0000] {dag.py:3947} INFO - Setting next_dagrun for example_branch_labels to 2026-07-19 00:00:00+00:00, run_after=2026-07-20 00:00:00+00:00
[2026-07-20T06:35:24.255+0000] {processor.py:183} INFO - Processing /workspaces/recomart-recommendation-pipeline/airflow_venv/lib/python3.12/site-packages/airflow/example_dags/example_branch_labels.py took 0.061 seconds
[2026-07-20T06:36:44.351+0000] {processor.py:161} INFO - Started process (PID=78713) to work on /workspaces/recomart-recommendation-pipeline/airflow_venv/lib/python3.12/site-packages/airflow/example_dags/example_branch_labels.py
[2026-07-20T06:36:44.352+0000] {processor.py:830} INFO - Processing file /workspaces/recomart-recommendation-pipeline/airflow_venv/lib/python3.12/site-packages/airflow/example_dags/example_branch_labels.py for tasks to queue
[2026-07-20T06:36:44.353+0000] {logging_mixin.py:188} INFO - [2026-07-20T06:36:44.353+0000] {dagbag.py:545} INFO - Filling up the DagBag from /workspaces/recomart-recommendation-pipeline/airflow_venv/lib/python3.12/site-packages/airflow/example_dags/example_branch_labels.py
[2026-07-20T06:36:44.362+0000] {processor.py:840} INFO - DAG(s) 'example_branch_labels' retrieved from /workspaces/recomart-recommendation-pipeline/airflow_venv/lib/python3.12/site-packages/airflow/example_dags/example_branch_labels.py
[2026-07-20T06:36:44.379+0000] {logging_mixin.py:188} INFO - [2026-07-20T06:36:44.379+0000] {dag.py:3089} INFO - Sync 1 DAGs
[2026-07-20T06:36:44.395+0000] {logging_mixin.py:188} INFO - [2026-07-20T06:36:44.394+0000] {dag.py:3947} INFO - Setting next_dagrun for example_branch_labels to 2026-07-19 00:00:00+00:00, run_after=2026-07-20 00:00:00+00:00
[2026-07-20T06:36:44.412+0000] {processor.py:183} INFO - Processing /workspaces/recomart-recommendation-pipeline/airflow_venv/lib/python3.12/site-packages/airflow/example_dags/example_branch_labels.py took 0.065 seconds
[2026-07-20T06:37:52.206+0000] {processor.py:161} INFO - Started process (PID=79272) to work on /workspaces/recomart-recommendation-pipeline/airflow_venv/lib/python3.12/site-packages/airflow/example_dags/example_branch_labels.py
[2026-07-20T06:37:52.207+0000] {processor.py:830} INFO - Processing file /workspaces/recomart-recommendation-pipeline/airflow_venv/lib/python3.12/site-packages/airflow/example_dags/example_branch_labels.py for tasks to queue
[2026-07-20T06:37:52.208+0000] {logging_mixin.py:188} INFO - [2026-07-20T06:37:52.208+0000] {dagbag.py:545} INFO - Filling up the DagBag from /workspaces/recomart-recommendation-pipeline/airflow_venv/lib/python3.12/site-packages/airflow/example_dags/example_branch_labels.py
[2026-07-20T06:37:52.216+0000] {processor.py:840} INFO - DAG(s) 'example_branch_labels' retrieved from /workspaces/recomart-recommendation-pipeline/airflow_venv/lib/python3.12/site-packages/airflow/example_dags/example_branch_labels.py
[2026-07-20T06:37:52.228+0000] {logging_mixin.py:188} INFO - [2026-07-20T06:37:52.228+0000] {dag.py:3089} INFO - Sync 1 DAGs
[2026-07-20T06:37:52.243+0000] {logging_mixin.py:188} INFO - [2026-07-20T06:37:52.242+0000] {dag.py:3947} INFO - Setting next_dagrun for example_branch_labels to 2026-07-19 00:00:00+00:00, run_after=2026-07-20 00:00:00+00:00
[2026-07-20T06:37:52.259+0000] {processor.py:183} INFO - Processing /workspaces/recomart-recommendation-pipeline/airflow_venv/lib/python3.12/site-packages/airflow/example_dags/example_branch_labels.py took 0.058 seconds
[2026-07-20T06:39:04.458+0000] {processor.py:161} INFO - Started process (PID=79854) to work on /workspaces/recomart-recommendation-pipeline/airflow_venv/lib/python3.12/site-packages/airflow/example_dags/example_branch_labels.py
[2026-07-20T06:39:04.459+0000] {processor.py:830} INFO - Processing file /workspaces/recomart-recommendation-pipeline/airflow_venv/lib/python3.12/site-packages/airflow/example_dags/example_branch_labels.py for tasks to queue
[2026-07-20T06:39:04.460+0000] {logging_mixin.py:188} INFO - [2026-07-20T06:39:04.460+0000] {dagbag.py:545} INFO - Filling up the DagBag from /workspaces/recomart-recommendation-pipeline/airflow_venv/lib/python3.12/site-packages/airflow/example_dags/example_branch_labels.py
[2026-07-20T06:39:04.466+0000] {processor.py:840} INFO - DAG(s) 'example_branch_labels' retrieved from /workspaces/recomart-recommendation-pipeline/airflow_venv/lib/python3.12/site-packages/airflow/example_dags/example_branch_labels.py
[2026-07-20T06:39:04.482+0000] {logging_mixin.py:188} INFO - [2026-07-20T06:39:04.482+0000] {dag.py:3089} INFO - Sync 1 DAGs
[2026-07-20T06:39:04.498+0000] {logging_mixin.py:188} INFO - [2026-07-20T06:39:04.498+0000] {dag.py:3947} INFO - Setting next_dagrun for example_branch_labels to 2026-07-19 00:00:00+00:00, run_after=2026-07-20 00:00:00+00:00
[2026-07-20T06:39:04.516+0000] {processor.py:183} INFO - Processing /workspaces/recomart-recommendation-pipeline/airflow_venv/lib/python3.12/site-packages/airflow/example_dags/example_branch_labels.py took 0.062 seconds
[2026-07-20T06:40:19.327+0000] {processor.py:161} INFO - Started process (PID=80457) to work on /workspaces/recomart-recommendation-pipeline/airflow_venv/lib/python3.12/site-packages/airflow/example_dags/example_branch_labels.py
[2026-07-20T06:40:19.328+0000] {processor.py:830} INFO - Processing file /workspaces/recomart-recommendation-pipeline/airflow_venv/lib/python3.12/site-packages/airflow/example_dags/example_branch_labels.py for tasks to queue
[2026-07-20T06:40:19.329+0000] {logging_mixin.py:188} INFO - [2026-07-20T06:40:19.329+0000] {dagbag.py:545} INFO - Filling up the DagBag from /workspaces/recomart-recommendation-pipeline/airflow_venv/lib/python3.12/site-packages/airflow/example_dags/example_branch_labels.py
[2026-07-20T06:40:19.336+0000] {processor.py:840} INFO - DAG(s) 'example_branch_labels' retrieved from /workspaces/recomart-recommendation-pipeline/airflow_venv/lib/python3.12/site-packages/airflow/example_dags/example_branch_labels.py
[2026-07-20T06:40:19.349+0000] {logging_mixin.py:188} INFO - [2026-07-20T06:40:19.349+0000] {dag.py:3089} INFO - Sync 1 DAGs
[2026-07-20T06:40:19.366+0000] {logging_mixin.py:188} INFO - [2026-07-20T06:40:19.365+0000] {dag.py:3947} INFO - Setting next_dagrun for example_branch_labels to 2026-07-19 00:00:00+00:00, run_after=2026-07-20 00:00:00+00:00
[2026-07-20T06:40:19.387+0000] {processor.py:183} INFO - Processing /workspaces/recomart-recommendation-pipeline/airflow_venv/lib/python3.12/site-packages/airflow/example_dags/example_branch_labels.py took 0.064 seconds
[2026-07-20T06:41:28.071+0000] {processor.py:161} INFO - Started process (PID=81073) to work on /workspaces/recomart-recommendation-pipeline/airflow_venv/lib/python3.12/site-packages/airflow/example_dags/example_branch_labels.py
[2026-07-20T06:41:28.072+0000] {processor.py:830} INFO - Processing file /workspaces/recomart-recommendation-pipeline/airflow_venv/lib/python3.12/site-packages/airflow/example_dags/example_branch_labels.py for tasks to queue
[2026-07-20T06:41:28.074+0000] {logging_mixin.py:188} INFO - [2026-07-20T06:41:28.074+0000] {dagbag.py:545} INFO - Filling up the DagBag from /workspaces/recomart-recommendation-pipeline/airflow_venv/lib/python3.12/site-packages/airflow/example_dags/example_branch_labels.py
[2026-07-20T06:41:28.083+0000] {processor.py:840} INFO - DAG(s) 'example_branch_labels' retrieved from /workspaces/recomart-recommendation-pipeline/airflow_venv/lib/python3.12/site-packages/airflow/example_dags/example_branch_labels.py
[2026-07-20T06:41:28.102+0000] {logging_mixin.py:188} INFO - [2026-07-20T06:41:28.102+0000] {dag.py:3089} INFO - Sync 1 DAGs
[2026-07-20T06:41:28.127+0000] {logging_mixin.py:188} INFO - [2026-07-20T06:41:28.126+0000] {dag.py:3947} INFO - Setting next_dagrun for example_branch_labels to 2026-07-19 00:00:00+00:00, run_after=2026-07-20 00:00:00+00:00
[2026-07-20T06:41:28.165+0000] {processor.py:183} INFO - Processing /workspaces/recomart-recommendation-pipeline/airflow_venv/lib/python3.12/site-packages/airflow/example_dags/example_branch_labels.py took 0.102 seconds
[2026-07-20T06:42:40.533+0000] {processor.py:161} INFO - Started process (PID=81684) to work on /workspaces/recomart-recommendation-pipeline/airflow_venv/lib/python3.12/site-packages/airflow/example_dags/example_branch_labels.py
[2026-07-20T06:42:40.533+0000] {processor.py:830} INFO - Processing file /workspaces/recomart-recommendation-pipeline/airflow_venv/lib/python3.12/site-packages/airflow/example_dags/example_branch_labels.py for tasks to queue
[2026-07-20T06:42:40.535+0000] {logging_mixin.py:188} INFO - [2026-07-20T06:42:40.535+0000] {dagbag.py:545} INFO - Filling up the DagBag from /workspaces/recomart-recommendation-pipeline/airflow_venv/lib/python3.12/site-packages/airflow/example_dags/example_branch_labels.py
[2026-07-20T06:42:40.541+0000] {processor.py:840} INFO - DAG(s) 'example_branch_labels' retrieved from /workspaces/recomart-recommendation-pipeline/airflow_venv/lib/python3.12/site-packages/airflow/example_dags/example_branch_labels.py
[2026-07-20T06:42:40.554+0000] {logging_mixin.py:188} INFO - [2026-07-20T06:42:40.554+0000] {dag.py:3089} INFO - Sync 1 DAGs
[2026-07-20T06:42:40.569+0000] {logging_mixin.py:188} INFO - [2026-07-20T06:42:40.568+0000] {dag.py:3947} INFO - Setting next_dagrun for example_branch_labels to 2026-07-19 00:00:00+00:00, run_after=2026-07-20 00:00:00+00:00
[2026-07-20T06:42:40.588+0000] {processor.py:183} INFO - Processing /workspaces/recomart-recommendation-pipeline/airflow_venv/lib/python3.12/site-packages/airflow/example_dags/example_branch_labels.py took 0.060 seconds
[2026-07-20T06:43:53.144+0000] {processor.py:161} INFO - Started process (PID=82302) to work on /workspaces/recomart-recommendation-pipeline/airflow_venv/lib/python3.12/site-packages/airflow/example_dags/example_branch_labels.py
[2026-07-20T06:43:53.147+0000] {processor.py:830} INFO - Processing file /workspaces/recomart-recommendation-pipeline/airflow_venv/lib/python3.12/site-packages/airflow/example_dags/example_branch_labels.py for tasks to queue
[2026-07-20T06:43:53.149+0000] {logging_mixin.py:188} INFO - [2026-07-20T06:43:53.148+0000] {dagbag.py:545} INFO - Filling up the DagBag from /workspaces/recomart-recommendation-pipeline/airflow_venv/lib/python3.12/site-packages/airflow/example_dags/example_branch_labels.py
[2026-07-20T06:43:53.158+0000] {processor.py:840} INFO - DAG(s) 'example_branch_labels' retrieved from /workspaces/recomart-recommendation-pipeline/airflow_venv/lib/python3.12/site-packages/airflow/example_dags/example_branch_labels.py
[2026-07-20T06:43:53.181+0000] {logging_mixin.py:188} INFO - [2026-07-20T06:43:53.181+0000] {dag.py:3089} INFO - Sync 1 DAGs
[2026-07-20T06:43:53.212+0000] {logging_mixin.py:188} INFO - [2026-07-20T06:43:53.211+0000] {dag.py:3947} INFO - Setting next_dagrun for example_branch_labels to 2026-07-19 00:00:00+00:00, run_after=2026-07-20 00:00:00+00:00
[2026-07-20T06:43:53.233+0000] {processor.py:183} INFO - Processing /workspaces/recomart-recommendation-pipeline/airflow_venv/lib/python3.12/site-packages/airflow/example_dags/example_branch_labels.py took 0.095 seconds
[2026-07-20T06:44:59.341+0000] {processor.py:161} INFO - Started process (PID=82860) to work on /workspaces/recomart-recommendation-pipeline/airflow_venv/lib/python3.12/site-packages/airflow/example_dags/example_branch_labels.py
[2026-07-20T06:44:59.342+0000] {processor.py:830} INFO - Processing file /workspaces/recomart-recommendation-pipeline/airflow_venv/lib/python3.12/site-packages/airflow/example_dags/example_branch_labels.py for tasks to queue
[2026-07-20T06:44:59.343+0000] {logging_mixin.py:188} INFO - [2026-07-20T06:44:59.343+0000] {dagbag.py:545} INFO - Filling up the DagBag from /workspaces/recomart-recommendation-pipeline/airflow_venv/lib/python3.12/site-packages/airflow/example_dags/example_branch_labels.py
[2026-07-20T06:44:59.349+0000] {processor.py:840} INFO - DAG(s) 'example_branch_labels' retrieved from /workspaces/recomart-recommendation-pipeline/airflow_venv/lib/python3.12/site-packages/airflow/example_dags/example_branch_labels.py
[2026-07-20T06:44:59.373+0000] {logging_mixin.py:188} INFO - [2026-07-20T06:44:59.373+0000] {dag.py:3089} INFO - Sync 1 DAGs
[2026-07-20T06:44:59.403+0000] {logging_mixin.py:188} INFO - [2026-07-20T06:44:59.403+0000] {dag.py:3947} INFO - Setting next_dagrun for example_branch_labels to 2026-07-19 00:00:00+00:00, run_after=2026-07-20 00:00:00+00:00
[2026-07-20T06:44:59.420+0000] {processor.py:183} INFO - Processing /workspaces/recomart-recommendation-pipeline/airflow_venv/lib/python3.12/site-packages/airflow/example_dags/example_branch_labels.py took 0.084 seconds
[2026-07-20T06:46:02.342+0000] {processor.py:161} INFO - Started process (PID=83439) to work on /workspaces/recomart-recommendation-pipeline/airflow_venv/lib/python3.12/site-packages/airflow/example_dags/example_branch_labels.py
[2026-07-20T06:46:02.343+0000] {processor.py:830} INFO - Processing file /workspaces/recomart-recommendation-pipeline/airflow_venv/lib/python3.12/site-packages/airflow/example_dags/example_branch_labels.py for tasks to queue
[2026-07-20T06:46:02.344+0000] {logging_mixin.py:188} INFO - [2026-07-20T06:46:02.344+0000] {dagbag.py:545} INFO - Filling up the DagBag from /workspaces/recomart-recommendation-pipeline/airflow_venv/lib/python3.12/site-packages/airflow/example_dags/example_branch_labels.py
[2026-07-20T06:46:02.350+0000] {processor.py:840} INFO - DAG(s) 'example_branch_labels' retrieved from /workspaces/recomart-recommendation-pipeline/airflow_venv/lib/python3.12/site-packages/airflow/example_dags/example_branch_labels.py
[2026-07-20T06:46:02.363+0000] {logging_mixin.py:188} INFO - [2026-07-20T06:46:02.363+0000] {dag.py:3089} INFO - Sync 1 DAGs
[2026-07-20T06:46:02.382+0000] {logging_mixin.py:188} INFO - [2026-07-20T06:46:02.382+0000] {dag.py:3947} INFO - Setting next_dagrun for example_branch_labels to 2026-07-19 00:00:00+00:00, run_after=2026-07-20 00:00:00+00:00
[2026-07-20T06:46:02.401+0000] {processor.py:183} INFO - Processing /workspaces/recomart-recommendation-pipeline/airflow_venv/lib/python3.12/site-packages/airflow/example_dags/example_branch_labels.py took 0.064 seconds
[2026-07-20T06:47:08.674+0000] {processor.py:161} INFO - Started process (PID=83970) to work on /workspaces/recomart-recommendation-pipeline/airflow_venv/lib/python3.12/site-packages/airflow/example_dags/example_branch_labels.py
[2026-07-20T06:47:08.675+0000] {processor.py:830} INFO - Processing file /workspaces/recomart-recommendation-pipeline/airflow_venv/lib/python3.12/site-packages/airflow/example_dags/example_branch_labels.py for tasks to queue
[2026-07-20T06:47:08.677+0000] {logging_mixin.py:188} INFO - [2026-07-20T06:47:08.676+0000] {dagbag.py:545} INFO - Filling up the DagBag from /workspaces/recomart-recommendation-pipeline/airflow_venv/lib/python3.12/site-packages/airflow/example_dags/example_branch_labels.py
[2026-07-20T06:47:08.685+0000] {processor.py:840} INFO - DAG(s) 'example_branch_labels' retrieved from /workspaces/recomart-recommendation-pipeline/airflow_venv/lib/python3.12/site-packages/airflow/example_dags/example_branch_labels.py
[2026-07-20T06:47:08.700+0000] {logging_mixin.py:188} INFO - [2026-07-20T06:47:08.700+0000] {dag.py:3089} INFO - Sync 1 DAGs
[2026-07-20T06:47:08.716+0000] {logging_mixin.py:188} INFO - [2026-07-20T06:47:08.716+0000] {dag.py:3947} INFO - Setting next_dagrun for example_branch_labels to 2026-07-19 00:00:00+00:00, run_after=2026-07-20 00:00:00+00:00
[2026-07-20T06:47:08.733+0000] {processor.py:183} INFO - Processing /workspaces/recomart-recommendation-pipeline/airflow_venv/lib/python3.12/site-packages/airflow/example_dags/example_branch_labels.py took 0.065 seconds
[2026-07-20T06:48:11.260+0000] {processor.py:161} INFO - Started process (PID=84501) to work on /workspaces/recomart-recommendation-pipeline/airflow_venv/lib/python3.12/site-packages/airflow/example_dags/example_branch_labels.py
[2026-07-20T06:48:11.261+0000] {processor.py:830} INFO - Processing file /workspaces/recomart-recommendation-pipeline/airflow_venv/lib/python3.12/site-packages/airflow/example_dags/example_branch_labels.py for tasks to queue
[2026-07-20T06:48:11.262+0000] {logging_mixin.py:188} INFO - [2026-07-20T06:48:11.262+0000] {dagbag.py:545} INFO - Filling up the DagBag from /workspaces/recomart-recommendation-pipeline/airflow_venv/lib/python3.12/site-packages/airflow/example_dags/example_branch_labels.py
[2026-07-20T06:48:11.268+0000] {processor.py:840} INFO - DAG(s) 'example_branch_labels' retrieved from /workspaces/recomart-recommendation-pipeline/airflow_venv/lib/python3.12/site-packages/airflow/example_dags/example_branch_labels.py
[2026-07-20T06:48:11.285+0000] {logging_mixin.py:188} INFO - [2026-07-20T06:48:11.285+0000] {dag.py:3089} INFO - Sync 1 DAGs
[2026-07-20T06:48:11.302+0000] {logging_mixin.py:188} INFO - [2026-07-20T06:48:11.301+0000] {dag.py:3947} INFO - Setting next_dagrun for example_branch_labels to 2026-07-19 00:00:00+00:00, run_after=2026-07-20 00:00:00+00:00
[2026-07-20T06:48:11.320+0000] {processor.py:183} INFO - Processing /workspaces/recomart-recommendation-pipeline/airflow_venv/lib/python3.12/site-packages/airflow/example_dags/example_branch_labels.py took 0.064 seconds
[2026-07-20T06:49:13.846+0000] {processor.py:161} INFO - Started process (PID=85137) to work on /workspaces/recomart-recommendation-pipeline/airflow_venv/lib/python3.12/site-packages/airflow/example_dags/example_branch_labels.py
[2026-07-20T06:49:13.847+0000] {processor.py:830} INFO - Processing file /workspaces/recomart-recommendation-pipeline/airflow_venv/lib/python3.12/site-packages/airflow/example_dags/example_branch_labels.py for tasks to queue
[2026-07-20T06:49:13.850+0000] {logging_mixin.py:188} INFO - [2026-07-20T06:49:13.849+0000] {dagbag.py:545} INFO - Filling up the DagBag from /workspaces/recomart-recommendation-pipeline/airflow_venv/lib/python3.12/site-packages/airflow/example_dags/example_branch_labels.py
[2026-07-20T06:49:13.862+0000] {processor.py:840} INFO - DAG(s) 'example_branch_labels' retrieved from /workspaces/recomart-recommendation-pipeline/airflow_venv/lib/python3.12/site-packages/airflow/example_dags/example_branch_labels.py
[2026-07-20T06:49:13.886+0000] {logging_mixin.py:188} INFO - [2026-07-20T06:49:13.886+0000] {dag.py:3089} INFO - Sync 1 DAGs
[2026-07-20T06:49:13.933+0000] {logging_mixin.py:188} INFO - [2026-07-20T06:49:13.932+0000] {dag.py:3947} INFO - Setting next_dagrun for example_branch_labels to 2026-07-19 00:00:00+00:00, run_after=2026-07-20 00:00:00+00:00
[2026-07-20T06:49:13.984+0000] {processor.py:183} INFO - Processing /workspaces/recomart-recommendation-pipeline/airflow_venv/lib/python3.12/site-packages/airflow/example_dags/example_branch_labels.py took 0.147 seconds
[2026-07-20T06:50:18.397+0000] {processor.py:161} INFO - Started process (PID=85777) to work on /workspaces/recomart-recommendation-pipeline/airflow_venv/lib/python3.12/site-packages/airflow/example_dags/example_branch_labels.py
[2026-07-20T06:50:18.398+0000] {processor.py:830} INFO - Processing file /workspaces/recomart-recommendation-pipeline/airflow_venv/lib/python3.12/site-packages/airflow/example_dags/example_branch_labels.py for tasks to queue
[2026-07-20T06:50:18.399+0000] {logging_mixin.py:188} INFO - [2026-07-20T06:50:18.399+0000] {dagbag.py:545} INFO - Filling up the DagBag from /workspaces/recomart-recommendation-pipeline/airflow_venv/lib/python3.12/site-packages/airflow/example_dags/example_branch_labels.py
[2026-07-20T06:50:18.405+0000] {processor.py:840} INFO - DAG(s) 'example_branch_labels' retrieved from /workspaces/recomart-recommendation-pipeline/airflow_venv/lib/python3.12/site-packages/airflow/example_dags/example_branch_labels.py
[2026-07-20T06:50:18.418+0000] {logging_mixin.py:188} INFO - [2026-07-20T06:50:18.418+0000] {dag.py:3089} INFO - Sync 1 DAGs
[2026-07-20T06:50:18.437+0000] {logging_mixin.py:188} INFO - [2026-07-20T06:50:18.436+0000] {dag.py:3947} INFO - Setting next_dagrun for example_branch_labels to 2026-07-19 00:00:00+00:00, run_after=2026-07-20 00:00:00+00:00
[2026-07-20T06:50:18.457+0000] {processor.py:183} INFO - Processing /workspaces/recomart-recommendation-pipeline/airflow_venv/lib/python3.12/site-packages/airflow/example_dags/example_branch_labels.py took 0.064 seconds
[2026-07-20T06:51:26.803+0000] {processor.py:161} INFO - Started process (PID=86469) to work on /workspaces/recomart-recommendation-pipeline/airflow_venv/lib/python3.12/site-packages/airflow/example_dags/example_branch_labels.py
[2026-07-20T06:51:26.803+0000] {processor.py:830} INFO - Processing file /workspaces/recomart-recommendation-pipeline/airflow_venv/lib/python3.12/site-packages/airflow/example_dags/example_branch_labels.py for tasks to queue
[2026-07-20T06:51:26.805+0000] {logging_mixin.py:188} INFO - [2026-07-20T06:51:26.804+0000] {dagbag.py:545} INFO - Filling up the DagBag from /workspaces/recomart-recommendation-pipeline/airflow_venv/lib/python3.12/site-packages/airflow/example_dags/example_branch_labels.py
[2026-07-20T06:51:26.811+0000] {processor.py:840} INFO - DAG(s) 'example_branch_labels' retrieved from /workspaces/recomart-recommendation-pipeline/airflow_venv/lib/python3.12/site-packages/airflow/example_dags/example_branch_labels.py
[2026-07-20T06:51:26.824+0000] {logging_mixin.py:188} INFO - [2026-07-20T06:51:26.823+0000] {dag.py:3089} INFO - Sync 1 DAGs
[2026-07-20T06:51:26.838+0000] {logging_mixin.py:188} INFO - [2026-07-20T06:51:26.838+0000] {dag.py:3947} INFO - Setting next_dagrun for example_branch_labels to 2026-07-19 00:00:00+00:00, run_after=2026-07-20 00:00:00+00:00
[2026-07-20T06:51:26.855+0000] {processor.py:183} INFO - Processing /workspaces/recomart-recommendation-pipeline/airflow_venv/lib/python3.12/site-packages/airflow/example_dags/example_branch_labels.py took 0.057 seconds
[2026-07-20T06:58:33.285+0000] {processor.py:161} INFO - Started process (PID=89898) to work on /workspaces/recomart-recommendation-pipeline/airflow_venv/lib/python3.12/site-packages/airflow/example_dags/example_branch_labels.py
[2026-07-20T06:58:33.287+0000] {processor.py:830} INFO - Processing file /workspaces/recomart-recommendation-pipeline/airflow_venv/lib/python3.12/site-packages/airflow/example_dags/example_branch_labels.py for tasks to queue
[2026-07-20T06:58:33.289+0000] {logging_mixin.py:188} INFO - [2026-07-20T06:58:33.288+0000] {dagbag.py:545} INFO - Filling up the DagBag from /workspaces/recomart-recommendation-pipeline/airflow_venv/lib/python3.12/site-packages/airflow/example_dags/example_branch_labels.py
[2026-07-20T06:58:33.295+0000] {processor.py:840} INFO - DAG(s) 'example_branch_labels' retrieved from /workspaces/recomart-recommendation-pipeline/airflow_venv/lib/python3.12/site-packages/airflow/example_dags/example_branch_labels.py
[2026-07-20T06:58:33.384+0000] {logging_mixin.py:188} INFO - [2026-07-20T06:58:33.384+0000] {dag.py:3089} INFO - Sync 1 DAGs
[2026-07-20T06:58:33.399+0000] {logging_mixin.py:188} INFO - [2026-07-20T06:58:33.399+0000] {dag.py:3947} INFO - Setting next_dagrun for example_branch_labels to 2026-07-19 00:00:00+00:00, run_after=2026-07-20 00:00:00+00:00
[2026-07-20T06:58:33.416+0000] {processor.py:183} INFO - Processing /workspaces/recomart-recommendation-pipeline/airflow_venv/lib/python3.12/site-packages/airflow/example_dags/example_branch_labels.py took 0.138 seconds
[2026-07-20T07:00:09.047+0000] {processor.py:161} INFO - Started process (PID=91616) to work on /workspaces/recomart-recommendation-pipeline/airflow_venv/lib/python3.12/site-packages/airflow/example_dags/example_branch_labels.py
[2026-07-20T07:00:09.050+0000] {processor.py:830} INFO - Processing file /workspaces/recomart-recommendation-pipeline/airflow_venv/lib/python3.12/site-packages/airflow/example_dags/example_branch_labels.py for tasks to queue
[2026-07-20T07:00:09.052+0000] {logging_mixin.py:188} INFO - [2026-07-20T07:00:09.051+0000] {dagbag.py:545} INFO - Filling up the DagBag from /workspaces/recomart-recommendation-pipeline/airflow_venv/lib/python3.12/site-packages/airflow/example_dags/example_branch_labels.py
[2026-07-20T07:00:09.060+0000] {processor.py:840} INFO - DAG(s) 'example_branch_labels' retrieved from /workspaces/recomart-recommendation-pipeline/airflow_venv/lib/python3.12/site-packages/airflow/example_dags/example_branch_labels.py
[2026-07-20T07:00:09.074+0000] {logging_mixin.py:188} INFO - [2026-07-20T07:00:09.074+0000] {dag.py:3089} INFO - Sync 1 DAGs
[2026-07-20T07:00:09.100+0000] {logging_mixin.py:188} INFO - [2026-07-20T07:00:09.100+0000] {dag.py:3947} INFO - Setting next_dagrun for example_branch_labels to 2026-07-19 00:00:00+00:00, run_after=2026-07-20 00:00:00+00:00
[2026-07-20T07:00:09.117+0000] {processor.py:183} INFO - Processing /workspaces/recomart-recommendation-pipeline/airflow_venv/lib/python3.12/site-packages/airflow/example_dags/example_branch_labels.py took 0.075 seconds
[2026-07-20T07:01:00.649+0000] {processor.py:161} INFO - Started process (PID=92060) to work on /workspaces/recomart-recommendation-pipeline/airflow_venv/lib/python3.12/site-packages/airflow/example_dags/example_branch_labels.py
[2026-07-20T07:01:00.649+0000] {processor.py:830} INFO - Processing file /workspaces/recomart-recommendation-pipeline/airflow_venv/lib/python3.12/site-packages/airflow/example_dags/example_branch_labels.py for tasks to queue
[2026-07-20T07:01:00.651+0000] {logging_mixin.py:188} INFO - [2026-07-20T07:01:00.650+0000] {dagbag.py:545} INFO - Filling up the DagBag from /workspaces/recomart-recommendation-pipeline/airflow_venv/lib/python3.12/site-packages/airflow/example_dags/example_branch_labels.py
[2026-07-20T07:01:00.657+0000] {processor.py:840} INFO - DAG(s) 'example_branch_labels' retrieved from /workspaces/recomart-recommendation-pipeline/airflow_venv/lib/python3.12/site-packages/airflow/example_dags/example_branch_labels.py
[2026-07-20T07:01:00.669+0000] {logging_mixin.py:188} INFO - [2026-07-20T07:01:00.669+0000] {dag.py:3089} INFO - Sync 1 DAGs
[2026-07-20T07:01:00.690+0000] {logging_mixin.py:188} INFO - [2026-07-20T07:01:00.689+0000] {dag.py:3947} INFO - Setting next_dagrun for example_branch_labels to 2026-07-19 00:00:00+00:00, run_after=2026-07-20 00:00:00+00:00
[2026-07-20T07:01:00.708+0000] {processor.py:183} INFO - Processing /workspaces/recomart-recommendation-pipeline/airflow_venv/lib/python3.12/site-packages/airflow/example_dags/example_branch_labels.py took 0.064 seconds
