[2026-07-20T05:59:34.021+0000] {processor.py:161} INFO - Started process (PID=58387) to work on /workspaces/recomart-recommendation-pipeline/airflow_venv/lib/python3.12/site-packages/airflow/example_dags/example_branch_day_of_week_operator.py
[2026-07-20T05:59:34.022+0000] {processor.py:830} INFO - Processing file /workspaces/recomart-recommendation-pipeline/airflow_venv/lib/python3.12/site-packages/airflow/example_dags/example_branch_day_of_week_operator.py for tasks to queue
[2026-07-20T05:59:34.023+0000] {logging_mixin.py:188} INFO - [2026-07-20T05:59:34.023+0000] {dagbag.py:545} INFO - Filling up the DagBag from /workspaces/recomart-recommendation-pipeline/airflow_venv/lib/python3.12/site-packages/airflow/example_dags/example_branch_day_of_week_operator.py
[2026-07-20T05:59:34.030+0000] {processor.py:840} INFO - DAG(s) 'example_weekday_branch_operator' retrieved from /workspaces/recomart-recommendation-pipeline/airflow_venv/lib/python3.12/site-packages/airflow/example_dags/example_branch_day_of_week_operator.py
[2026-07-20T05:59:34.134+0000] {logging_mixin.py:188} INFO - [2026-07-20T05:59:34.133+0000] {override.py:1858} INFO - Created Permission View: can read on DAG:example_weekday_branch_operator
[2026-07-20T05:59:34.145+0000] {logging_mixin.py:188} INFO - [2026-07-20T05:59:34.144+0000] {override.py:1858} INFO - Created Permission View: can edit on DAG:example_weekday_branch_operator
[2026-07-20T05:59:34.151+0000] {logging_mixin.py:188} INFO - [2026-07-20T05:59:34.151+0000] {override.py:1858} INFO - Created Permission View: can delete on DAG:example_weekday_branch_operator
[2026-07-20T05:59:34.151+0000] {logging_mixin.py:188} INFO - [2026-07-20T05:59:34.151+0000] {dag.py:3089} INFO - Sync 1 DAGs
[2026-07-20T05:59:34.159+0000] {logging_mixin.py:188} INFO - [2026-07-20T05:59:34.159+0000] {dag.py:3111} INFO - Creating ORM DAG for example_weekday_branch_operator
[2026-07-20T05:59:34.167+0000] {logging_mixin.py:188} INFO - [2026-07-20T05:59:34.167+0000] {dag.py:3947} INFO - Setting next_dagrun for example_weekday_branch_operator to 2026-07-19 00:00:00+00:00, run_after=2026-07-20 00:00:00+00:00
[2026-07-20T05:59:34.190+0000] {processor.py:183} INFO - Processing /workspaces/recomart-recommendation-pipeline/airflow_venv/lib/python3.12/site-packages/airflow/example_dags/example_branch_day_of_week_operator.py took 0.173 seconds
[2026-07-20T06:00:25.961+0000] {processor.py:161} INFO - Started process (PID=58838) to work on /workspaces/recomart-recommendation-pipeline/airflow_venv/lib/python3.12/site-packages/airflow/example_dags/example_branch_day_of_week_operator.py
[2026-07-20T06:00:25.962+0000] {processor.py:830} INFO - Processing file /workspaces/recomart-recommendation-pipeline/airflow_venv/lib/python3.12/site-packages/airflow/example_dags/example_branch_day_of_week_operator.py for tasks to queue
[2026-07-20T06:00:25.963+0000] {logging_mixin.py:188} INFO - [2026-07-20T06:00:25.962+0000] {dagbag.py:545} INFO - Filling up the DagBag from /workspaces/recomart-recommendation-pipeline/airflow_venv/lib/python3.12/site-packages/airflow/example_dags/example_branch_day_of_week_operator.py
[2026-07-20T06:00:25.969+0000] {processor.py:840} INFO - DAG(s) 'example_weekday_branch_operator' retrieved from /workspaces/recomart-recommendation-pipeline/airflow_venv/lib/python3.12/site-packages/airflow/example_dags/example_branch_day_of_week_operator.py
[2026-07-20T06:00:25.983+0000] {logging_mixin.py:188} INFO - [2026-07-20T06:00:25.983+0000] {dag.py:3089} INFO - Sync 1 DAGs
[2026-07-20T06:00:25.998+0000] {logging_mixin.py:188} INFO - [2026-07-20T06:00:25.998+0000] {dag.py:3947} INFO - Setting next_dagrun for example_weekday_branch_operator to 2026-07-19 00:00:00+00:00, run_after=2026-07-20 00:00:00+00:00
[2026-07-20T06:00:26.017+0000] {processor.py:183} INFO - Processing /workspaces/recomart-recommendation-pipeline/airflow_venv/lib/python3.12/site-packages/airflow/example_dags/example_branch_day_of_week_operator.py took 0.060 seconds
[2026-07-20T06:01:31.505+0000] {processor.py:161} INFO - Started process (PID=59635) to work on /workspaces/recomart-recommendation-pipeline/airflow_venv/lib/python3.12/site-packages/airflow/example_dags/example_branch_day_of_week_operator.py
[2026-07-20T06:01:31.511+0000] {processor.py:830} INFO - Processing file /workspaces/recomart-recommendation-pipeline/airflow_venv/lib/python3.12/site-packages/airflow/example_dags/example_branch_day_of_week_operator.py for tasks to queue
[2026-07-20T06:01:31.513+0000] {logging_mixin.py:188} INFO - [2026-07-20T06:01:31.512+0000] {dagbag.py:545} INFO - Filling up the DagBag from /workspaces/recomart-recommendation-pipeline/airflow_venv/lib/python3.12/site-packages/airflow/example_dags/example_branch_day_of_week_operator.py
[2026-07-20T06:01:31.522+0000] {processor.py:840} INFO - DAG(s) 'example_weekday_branch_operator' retrieved from /workspaces/recomart-recommendation-pipeline/airflow_venv/lib/python3.12/site-packages/airflow/example_dags/example_branch_day_of_week_operator.py
[2026-07-20T06:01:31.540+0000] {logging_mixin.py:188} INFO - [2026-07-20T06:01:31.540+0000] {dag.py:3089} INFO - Sync 1 DAGs
[2026-07-20T06:01:31.564+0000] {logging_mixin.py:188} INFO - [2026-07-20T06:01:31.563+0000] {dag.py:3947} INFO - Setting next_dagrun for example_weekday_branch_operator to 2026-07-19 00:00:00+00:00, run_after=2026-07-20 00:00:00+00:00
[2026-07-20T06:01:31.637+0000] {processor.py:183} INFO - Processing /workspaces/recomart-recommendation-pipeline/airflow_venv/lib/python3.12/site-packages/airflow/example_dags/example_branch_day_of_week_operator.py took 0.140 seconds
[2026-07-20T06:02:37.161+0000] {processor.py:161} INFO - Started process (PID=60253) to work on /workspaces/recomart-recommendation-pipeline/airflow_venv/lib/python3.12/site-packages/airflow/example_dags/example_branch_day_of_week_operator.py
[2026-07-20T06:02:37.162+0000] {processor.py:830} INFO - Processing file /workspaces/recomart-recommendation-pipeline/airflow_venv/lib/python3.12/site-packages/airflow/example_dags/example_branch_day_of_week_operator.py for tasks to queue
[2026-07-20T06:02:37.163+0000] {logging_mixin.py:188} INFO - [2026-07-20T06:02:37.163+0000] {dagbag.py:545} INFO - Filling up the DagBag from /workspaces/recomart-recommendation-pipeline/airflow_venv/lib/python3.12/site-packages/airflow/example_dags/example_branch_day_of_week_operator.py
[2026-07-20T06:02:37.169+0000] {processor.py:840} INFO - DAG(s) 'example_weekday_branch_operator' retrieved from /workspaces/recomart-recommendation-pipeline/airflow_venv/lib/python3.12/site-packages/airflow/example_dags/example_branch_day_of_week_operator.py
[2026-07-20T06:02:37.190+0000] {logging_mixin.py:188} INFO - [2026-07-20T06:02:37.190+0000] {dag.py:3089} INFO - Sync 1 DAGs
[2026-07-20T06:02:37.228+0000] {logging_mixin.py:188} INFO - [2026-07-20T06:02:37.225+0000] {dag.py:3947} INFO - Setting next_dagrun for example_weekday_branch_operator to 2026-07-19 00:00:00+00:00, run_after=2026-07-20 00:00:00+00:00
[2026-07-20T06:02:37.261+0000] {processor.py:183} INFO - Processing /workspaces/recomart-recommendation-pipeline/airflow_venv/lib/python3.12/site-packages/airflow/example_dags/example_branch_day_of_week_operator.py took 0.106 seconds
[2026-07-20T06:03:38.558+0000] {processor.py:161} INFO - Started process (PID=60763) to work on /workspaces/recomart-recommendation-pipeline/airflow_venv/lib/python3.12/site-packages/airflow/example_dags/example_branch_day_of_week_operator.py
[2026-07-20T06:03:38.562+0000] {processor.py:830} INFO - Processing file /workspaces/recomart-recommendation-pipeline/airflow_venv/lib/python3.12/site-packages/airflow/example_dags/example_branch_day_of_week_operator.py for tasks to queue
[2026-07-20T06:03:38.569+0000] {logging_mixin.py:188} INFO - [2026-07-20T06:03:38.565+0000] {dagbag.py:545} INFO - Filling up the DagBag from /workspaces/recomart-recommendation-pipeline/airflow_venv/lib/python3.12/site-packages/airflow/example_dags/example_branch_day_of_week_operator.py
[2026-07-20T06:03:38.598+0000] {processor.py:840} INFO - DAG(s) 'example_weekday_branch_operator' retrieved from /workspaces/recomart-recommendation-pipeline/airflow_venv/lib/python3.12/site-packages/airflow/example_dags/example_branch_day_of_week_operator.py
[2026-07-20T06:03:38.629+0000] {logging_mixin.py:188} INFO - [2026-07-20T06:03:38.629+0000] {dag.py:3089} INFO - Sync 1 DAGs
[2026-07-20T06:03:38.658+0000] {logging_mixin.py:188} INFO - [2026-07-20T06:03:38.657+0000] {dag.py:3947} INFO - Setting next_dagrun for example_weekday_branch_operator to 2026-07-19 00:00:00+00:00, run_after=2026-07-20 00:00:00+00:00
[2026-07-20T06:03:38.804+0000] {processor.py:183} INFO - Processing /workspaces/recomart-recommendation-pipeline/airflow_venv/lib/python3.12/site-packages/airflow/example_dags/example_branch_day_of_week_operator.py took 0.258 seconds
[2026-07-20T06:04:46.699+0000] {processor.py:161} INFO - Started process (PID=61377) to work on /workspaces/recomart-recommendation-pipeline/airflow_venv/lib/python3.12/site-packages/airflow/example_dags/example_branch_day_of_week_operator.py
[2026-07-20T06:04:46.700+0000] {processor.py:830} INFO - Processing file /workspaces/recomart-recommendation-pipeline/airflow_venv/lib/python3.12/site-packages/airflow/example_dags/example_branch_day_of_week_operator.py for tasks to queue
[2026-07-20T06:04:46.702+0000] {logging_mixin.py:188} INFO - [2026-07-20T06:04:46.702+0000] {dagbag.py:545} INFO - Filling up the DagBag from /workspaces/recomart-recommendation-pipeline/airflow_venv/lib/python3.12/site-packages/airflow/example_dags/example_branch_day_of_week_operator.py
[2026-07-20T06:04:46.710+0000] {processor.py:840} INFO - DAG(s) 'example_weekday_branch_operator' retrieved from /workspaces/recomart-recommendation-pipeline/airflow_venv/lib/python3.12/site-packages/airflow/example_dags/example_branch_day_of_week_operator.py
[2026-07-20T06:04:46.722+0000] {logging_mixin.py:188} INFO - [2026-07-20T06:04:46.722+0000] {dag.py:3089} INFO - Sync 1 DAGs
[2026-07-20T06:04:46.738+0000] {logging_mixin.py:188} INFO - [2026-07-20T06:04:46.738+0000] {dag.py:3947} INFO - Setting next_dagrun for example_weekday_branch_operator to 2026-07-19 00:00:00+00:00, run_after=2026-07-20 00:00:00+00:00
[2026-07-20T06:04:46.759+0000] {processor.py:183} INFO - Processing /workspaces/recomart-recommendation-pipeline/airflow_venv/lib/python3.12/site-packages/airflow/example_dags/example_branch_day_of_week_operator.py took 0.066 seconds
[2026-07-20T06:05:53.317+0000] {processor.py:161} INFO - Started process (PID=61908) to work on /workspaces/recomart-recommendation-pipeline/airflow_venv/lib/python3.12/site-packages/airflow/example_dags/example_branch_day_of_week_operator.py
[2026-07-20T06:05:53.318+0000] {processor.py:830} INFO - Processing file /workspaces/recomart-recommendation-pipeline/airflow_venv/lib/python3.12/site-packages/airflow/example_dags/example_branch_day_of_week_operator.py for tasks to queue
[2026-07-20T06:05:53.319+0000] {logging_mixin.py:188} INFO - [2026-07-20T06:05:53.319+0000] {dagbag.py:545} INFO - Filling up the DagBag from /workspaces/recomart-recommendation-pipeline/airflow_venv/lib/python3.12/site-packages/airflow/example_dags/example_branch_day_of_week_operator.py
[2026-07-20T06:05:53.325+0000] {processor.py:840} INFO - DAG(s) 'example_weekday_branch_operator' retrieved from /workspaces/recomart-recommendation-pipeline/airflow_venv/lib/python3.12/site-packages/airflow/example_dags/example_branch_day_of_week_operator.py
[2026-07-20T06:05:53.337+0000] {logging_mixin.py:188} INFO - [2026-07-20T06:05:53.337+0000] {dag.py:3089} INFO - Sync 1 DAGs
[2026-07-20T06:05:53.352+0000] {logging_mixin.py:188} INFO - [2026-07-20T06:05:53.352+0000] {dag.py:3947} INFO - Setting next_dagrun for example_weekday_branch_operator to 2026-07-19 00:00:00+00:00, run_after=2026-07-20 00:00:00+00:00
[2026-07-20T06:05:53.368+0000] {processor.py:183} INFO - Processing /workspaces/recomart-recommendation-pipeline/airflow_venv/lib/python3.12/site-packages/airflow/example_dags/example_branch_day_of_week_operator.py took 0.056 seconds
[2026-07-20T06:07:05.594+0000] {processor.py:161} INFO - Started process (PID=62489) to work on /workspaces/recomart-recommendation-pipeline/airflow_venv/lib/python3.12/site-packages/airflow/example_dags/example_branch_day_of_week_operator.py
[2026-07-20T06:07:05.595+0000] {processor.py:830} INFO - Processing file /workspaces/recomart-recommendation-pipeline/airflow_venv/lib/python3.12/site-packages/airflow/example_dags/example_branch_day_of_week_operator.py for tasks to queue
[2026-07-20T06:07:05.596+0000] {logging_mixin.py:188} INFO - [2026-07-20T06:07:05.596+0000] {dagbag.py:545} INFO - Filling up the DagBag from /workspaces/recomart-recommendation-pipeline/airflow_venv/lib/python3.12/site-packages/airflow/example_dags/example_branch_day_of_week_operator.py
[2026-07-20T06:07:05.602+0000] {processor.py:840} INFO - DAG(s) 'example_weekday_branch_operator' retrieved from /workspaces/recomart-recommendation-pipeline/airflow_venv/lib/python3.12/site-packages/airflow/example_dags/example_branch_day_of_week_operator.py
[2026-07-20T06:07:05.743+0000] {logging_mixin.py:188} INFO - [2026-07-20T06:07:05.743+0000] {dag.py:3089} INFO - Sync 1 DAGs
[2026-07-20T06:07:05.758+0000] {logging_mixin.py:188} INFO - [2026-07-20T06:07:05.757+0000] {dag.py:3947} INFO - Setting next_dagrun for example_weekday_branch_operator to 2026-07-19 00:00:00+00:00, run_after=2026-07-20 00:00:00+00:00
[2026-07-20T06:07:05.776+0000] {processor.py:183} INFO - Processing /workspaces/recomart-recommendation-pipeline/airflow_venv/lib/python3.12/site-packages/airflow/example_dags/example_branch_day_of_week_operator.py took 0.187 seconds
[2026-07-20T06:09:27.910+0000] {processor.py:161} INFO - Started process (PID=63818) to work on /workspaces/recomart-recommendation-pipeline/airflow_venv/lib/python3.12/site-packages/airflow/example_dags/example_branch_day_of_week_operator.py
[2026-07-20T06:09:27.911+0000] {processor.py:830} INFO - Processing file /workspaces/recomart-recommendation-pipeline/airflow_venv/lib/python3.12/site-packages/airflow/example_dags/example_branch_day_of_week_operator.py for tasks to queue
[2026-07-20T06:09:27.912+0000] {logging_mixin.py:188} INFO - [2026-07-20T06:09:27.912+0000] {dagbag.py:545} INFO - Filling up the DagBag from /workspaces/recomart-recommendation-pipeline/airflow_venv/lib/python3.12/site-packages/airflow/example_dags/example_branch_day_of_week_operator.py
[2026-07-20T06:09:27.918+0000] {processor.py:840} INFO - DAG(s) 'example_weekday_branch_operator' retrieved from /workspaces/recomart-recommendation-pipeline/airflow_venv/lib/python3.12/site-packages/airflow/example_dags/example_branch_day_of_week_operator.py
[2026-07-20T06:09:28.001+0000] {logging_mixin.py:188} INFO - [2026-07-20T06:09:28.001+0000] {dag.py:3089} INFO - Sync 1 DAGs
[2026-07-20T06:09:28.014+0000] {logging_mixin.py:188} INFO - [2026-07-20T06:09:28.014+0000] {dag.py:3947} INFO - Setting next_dagrun for example_weekday_branch_operator to 2026-07-19 00:00:00+00:00, run_after=2026-07-20 00:00:00+00:00
[2026-07-20T06:09:28.036+0000] {processor.py:183} INFO - Processing /workspaces/recomart-recommendation-pipeline/airflow_venv/lib/python3.12/site-packages/airflow/example_dags/example_branch_day_of_week_operator.py took 0.130 seconds
[2026-07-20T06:10:22.928+0000] {processor.py:161} INFO - Started process (PID=64283) to work on /workspaces/recomart-recommendation-pipeline/airflow_venv/lib/python3.12/site-packages/airflow/example_dags/example_branch_day_of_week_operator.py
[2026-07-20T06:10:22.929+0000] {processor.py:830} INFO - Processing file /workspaces/recomart-recommendation-pipeline/airflow_venv/lib/python3.12/site-packages/airflow/example_dags/example_branch_day_of_week_operator.py for tasks to queue
[2026-07-20T06:10:22.930+0000] {logging_mixin.py:188} INFO - [2026-07-20T06:10:22.930+0000] {dagbag.py:545} INFO - Filling up the DagBag from /workspaces/recomart-recommendation-pipeline/airflow_venv/lib/python3.12/site-packages/airflow/example_dags/example_branch_day_of_week_operator.py
[2026-07-20T06:10:22.937+0000] {processor.py:840} INFO - DAG(s) 'example_weekday_branch_operator' retrieved from /workspaces/recomart-recommendation-pipeline/airflow_venv/lib/python3.12/site-packages/airflow/example_dags/example_branch_day_of_week_operator.py
[2026-07-20T06:10:22.950+0000] {logging_mixin.py:188} INFO - [2026-07-20T06:10:22.950+0000] {dag.py:3089} INFO - Sync 1 DAGs
[2026-07-20T06:10:22.967+0000] {logging_mixin.py:188} INFO - [2026-07-20T06:10:22.967+0000] {dag.py:3947} INFO - Setting next_dagrun for example_weekday_branch_operator to 2026-07-19 00:00:00+00:00, run_after=2026-07-20 00:00:00+00:00
[2026-07-20T06:10:22.993+0000] {processor.py:183} INFO - Processing /workspaces/recomart-recommendation-pipeline/airflow_venv/lib/python3.12/site-packages/airflow/example_dags/example_branch_day_of_week_operator.py took 0.069 seconds
[2026-07-20T06:11:27.730+0000] {processor.py:161} INFO - Started process (PID=64984) to work on /workspaces/recomart-recommendation-pipeline/airflow_venv/lib/python3.12/site-packages/airflow/example_dags/example_branch_day_of_week_operator.py
[2026-07-20T06:11:27.731+0000] {processor.py:830} INFO - Processing file /workspaces/recomart-recommendation-pipeline/airflow_venv/lib/python3.12/site-packages/airflow/example_dags/example_branch_day_of_week_operator.py for tasks to queue
[2026-07-20T06:11:27.732+0000] {logging_mixin.py:188} INFO - [2026-07-20T06:11:27.732+0000] {dagbag.py:545} INFO - Filling up the DagBag from /workspaces/recomart-recommendation-pipeline/airflow_venv/lib/python3.12/site-packages/airflow/example_dags/example_branch_day_of_week_operator.py
[2026-07-20T06:11:27.738+0000] {processor.py:840} INFO - DAG(s) 'example_weekday_branch_operator' retrieved from /workspaces/recomart-recommendation-pipeline/airflow_venv/lib/python3.12/site-packages/airflow/example_dags/example_branch_day_of_week_operator.py
[2026-07-20T06:11:27.752+0000] {logging_mixin.py:188} INFO - [2026-07-20T06:11:27.752+0000] {dag.py:3089} INFO - Sync 1 DAGs
[2026-07-20T06:11:27.768+0000] {logging_mixin.py:188} INFO - [2026-07-20T06:11:27.768+0000] {dag.py:3947} INFO - Setting next_dagrun for example_weekday_branch_operator to 2026-07-19 00:00:00+00:00, run_after=2026-07-20 00:00:00+00:00
[2026-07-20T06:11:27.790+0000] {processor.py:183} INFO - Processing /workspaces/recomart-recommendation-pipeline/airflow_venv/lib/python3.12/site-packages/airflow/example_dags/example_branch_day_of_week_operator.py took 0.064 seconds
[2026-07-20T06:12:29.299+0000] {processor.py:161} INFO - Started process (PID=65488) to work on /workspaces/recomart-recommendation-pipeline/airflow_venv/lib/python3.12/site-packages/airflow/example_dags/example_branch_day_of_week_operator.py
[2026-07-20T06:12:29.300+0000] {processor.py:830} INFO - Processing file /workspaces/recomart-recommendation-pipeline/airflow_venv/lib/python3.12/site-packages/airflow/example_dags/example_branch_day_of_week_operator.py for tasks to queue
[2026-07-20T06:12:29.301+0000] {logging_mixin.py:188} INFO - [2026-07-20T06:12:29.301+0000] {dagbag.py:545} INFO - Filling up the DagBag from /workspaces/recomart-recommendation-pipeline/airflow_venv/lib/python3.12/site-packages/airflow/example_dags/example_branch_day_of_week_operator.py
[2026-07-20T06:12:29.307+0000] {processor.py:840} INFO - DAG(s) 'example_weekday_branch_operator' retrieved from /workspaces/recomart-recommendation-pipeline/airflow_venv/lib/python3.12/site-packages/airflow/example_dags/example_branch_day_of_week_operator.py
[2026-07-20T06:12:29.323+0000] {logging_mixin.py:188} INFO - [2026-07-20T06:12:29.323+0000] {dag.py:3089} INFO - Sync 1 DAGs
[2026-07-20T06:12:29.340+0000] {logging_mixin.py:188} INFO - [2026-07-20T06:12:29.340+0000] {dag.py:3947} INFO - Setting next_dagrun for example_weekday_branch_operator to 2026-07-19 00:00:00+00:00, run_after=2026-07-20 00:00:00+00:00
[2026-07-20T06:12:29.357+0000] {processor.py:183} INFO - Processing /workspaces/recomart-recommendation-pipeline/airflow_venv/lib/python3.12/site-packages/airflow/example_dags/example_branch_day_of_week_operator.py took 0.062 seconds
[2026-07-20T06:13:35.793+0000] {processor.py:161} INFO - Started process (PID=66033) to work on /workspaces/recomart-recommendation-pipeline/airflow_venv/lib/python3.12/site-packages/airflow/example_dags/example_branch_day_of_week_operator.py
[2026-07-20T06:13:35.793+0000] {processor.py:830} INFO - Processing file /workspaces/recomart-recommendation-pipeline/airflow_venv/lib/python3.12/site-packages/airflow/example_dags/example_branch_day_of_week_operator.py for tasks to queue
[2026-07-20T06:13:35.795+0000] {logging_mixin.py:188} INFO - [2026-07-20T06:13:35.794+0000] {dagbag.py:545} INFO - Filling up the DagBag from /workspaces/recomart-recommendation-pipeline/airflow_venv/lib/python3.12/site-packages/airflow/example_dags/example_branch_day_of_week_operator.py
[2026-07-20T06:13:35.801+0000] {processor.py:840} INFO - DAG(s) 'example_weekday_branch_operator' retrieved from /workspaces/recomart-recommendation-pipeline/airflow_venv/lib/python3.12/site-packages/airflow/example_dags/example_branch_day_of_week_operator.py
[2026-07-20T06:13:35.819+0000] {logging_mixin.py:188} INFO - [2026-07-20T06:13:35.819+0000] {dag.py:3089} INFO - Sync 1 DAGs
[2026-07-20T06:13:35.835+0000] {logging_mixin.py:188} INFO - [2026-07-20T06:13:35.835+0000] {dag.py:3947} INFO - Setting next_dagrun for example_weekday_branch_operator to 2026-07-19 00:00:00+00:00, run_after=2026-07-20 00:00:00+00:00
[2026-07-20T06:13:35.854+0000] {processor.py:183} INFO - Processing /workspaces/recomart-recommendation-pipeline/airflow_venv/lib/python3.12/site-packages/airflow/example_dags/example_branch_day_of_week_operator.py took 0.066 seconds
[2026-07-20T06:14:45.226+0000] {processor.py:161} INFO - Started process (PID=66966) to work on /workspaces/recomart-recommendation-pipeline/airflow_venv/lib/python3.12/site-packages/airflow/example_dags/example_branch_day_of_week_operator.py
[2026-07-20T06:14:45.227+0000] {processor.py:830} INFO - Processing file /workspaces/recomart-recommendation-pipeline/airflow_venv/lib/python3.12/site-packages/airflow/example_dags/example_branch_day_of_week_operator.py for tasks to queue
[2026-07-20T06:14:45.228+0000] {logging_mixin.py:188} INFO - [2026-07-20T06:14:45.228+0000] {dagbag.py:545} INFO - Filling up the DagBag from /workspaces/recomart-recommendation-pipeline/airflow_venv/lib/python3.12/site-packages/airflow/example_dags/example_branch_day_of_week_operator.py
[2026-07-20T06:14:45.234+0000] {processor.py:840} INFO - DAG(s) 'example_weekday_branch_operator' retrieved from /workspaces/recomart-recommendation-pipeline/airflow_venv/lib/python3.12/site-packages/airflow/example_dags/example_branch_day_of_week_operator.py
[2026-07-20T06:14:45.247+0000] {logging_mixin.py:188} INFO - [2026-07-20T06:14:45.247+0000] {dag.py:3089} INFO - Sync 1 DAGs
[2026-07-20T06:14:45.262+0000] {logging_mixin.py:188} INFO - [2026-07-20T06:14:45.262+0000] {dag.py:3947} INFO - Setting next_dagrun for example_weekday_branch_operator to 2026-07-19 00:00:00+00:00, run_after=2026-07-20 00:00:00+00:00
[2026-07-20T06:14:45.282+0000] {processor.py:183} INFO - Processing /workspaces/recomart-recommendation-pipeline/airflow_venv/lib/python3.12/site-packages/airflow/example_dags/example_branch_day_of_week_operator.py took 0.060 seconds
[2026-07-20T06:31:30.412+0000] {processor.py:161} INFO - Started process (PID=73885) to work on /workspaces/recomart-recommendation-pipeline/airflow_venv/lib/python3.12/site-packages/airflow/example_dags/example_branch_day_of_week_operator.py
[2026-07-20T06:31:30.415+0000] {processor.py:830} INFO - Processing file /workspaces/recomart-recommendation-pipeline/airflow_venv/lib/python3.12/site-packages/airflow/example_dags/example_branch_day_of_week_operator.py for tasks to queue
[2026-07-20T06:31:30.417+0000] {logging_mixin.py:188} INFO - [2026-07-20T06:31:30.416+0000] {dagbag.py:545} INFO - Filling up the DagBag from /workspaces/recomart-recommendation-pipeline/airflow_venv/lib/python3.12/site-packages/airflow/example_dags/example_branch_day_of_week_operator.py
[2026-07-20T06:31:30.433+0000] {processor.py:840} INFO - DAG(s) 'example_weekday_branch_operator' retrieved from /workspaces/recomart-recommendation-pipeline/airflow_venv/lib/python3.12/site-packages/airflow/example_dags/example_branch_day_of_week_operator.py
[2026-07-20T06:31:30.565+0000] {logging_mixin.py:188} INFO - [2026-07-20T06:31:30.564+0000] {dag.py:3089} INFO - Sync 1 DAGs
[2026-07-20T06:31:30.599+0000] {logging_mixin.py:188} INFO - [2026-07-20T06:31:30.598+0000] {dag.py:3947} INFO - Setting next_dagrun for example_weekday_branch_operator to 2026-07-19 00:00:00+00:00, run_after=2026-07-20 00:00:00+00:00
[2026-07-20T06:31:30.721+0000] {processor.py:183} INFO - Processing /workspaces/recomart-recommendation-pipeline/airflow_venv/lib/python3.12/site-packages/airflow/example_dags/example_branch_day_of_week_operator.py took 0.315 seconds
[2026-07-20T06:32:24.732+0000] {processor.py:161} INFO - Started process (PID=74634) to work on /workspaces/recomart-recommendation-pipeline/airflow_venv/lib/python3.12/site-packages/airflow/example_dags/example_branch_day_of_week_operator.py
[2026-07-20T06:32:24.733+0000] {processor.py:830} INFO - Processing file /workspaces/recomart-recommendation-pipeline/airflow_venv/lib/python3.12/site-packages/airflow/example_dags/example_branch_day_of_week_operator.py for tasks to queue
[2026-07-20T06:32:24.735+0000] {logging_mixin.py:188} INFO - [2026-07-20T06:32:24.734+0000] {dagbag.py:545} INFO - Filling up the DagBag from /workspaces/recomart-recommendation-pipeline/airflow_venv/lib/python3.12/site-packages/airflow/example_dags/example_branch_day_of_week_operator.py
[2026-07-20T06:32:24.741+0000] {processor.py:840} INFO - DAG(s) 'example_weekday_branch_operator' retrieved from /workspaces/recomart-recommendation-pipeline/airflow_venv/lib/python3.12/site-packages/airflow/example_dags/example_branch_day_of_week_operator.py
[2026-07-20T06:32:24.753+0000] {logging_mixin.py:188} INFO - [2026-07-20T06:32:24.753+0000] {dag.py:3089} INFO - Sync 1 DAGs
[2026-07-20T06:32:24.770+0000] {logging_mixin.py:188} INFO - [2026-07-20T06:32:24.769+0000] {dag.py:3947} INFO - Setting next_dagrun for example_weekday_branch_operator to 2026-07-19 00:00:00+00:00, run_after=2026-07-20 00:00:00+00:00
[2026-07-20T06:32:24.796+0000] {processor.py:183} INFO - Processing /workspaces/recomart-recommendation-pipeline/airflow_venv/lib/python3.12/site-packages/airflow/example_dags/example_branch_day_of_week_operator.py took 0.068 seconds
[2026-07-20T06:33:31.276+0000] {processor.py:161} INFO - Started process (PID=75189) to work on /workspaces/recomart-recommendation-pipeline/airflow_venv/lib/python3.12/site-packages/airflow/example_dags/example_branch_day_of_week_operator.py
[2026-07-20T06:33:31.277+0000] {processor.py:830} INFO - Processing file /workspaces/recomart-recommendation-pipeline/airflow_venv/lib/python3.12/site-packages/airflow/example_dags/example_branch_day_of_week_operator.py for tasks to queue
[2026-07-20T06:33:31.278+0000] {logging_mixin.py:188} INFO - [2026-07-20T06:33:31.278+0000] {dagbag.py:545} INFO - Filling up the DagBag from /workspaces/recomart-recommendation-pipeline/airflow_venv/lib/python3.12/site-packages/airflow/example_dags/example_branch_day_of_week_operator.py
[2026-07-20T06:33:31.284+0000] {processor.py:840} INFO - DAG(s) 'example_weekday_branch_operator' retrieved from /workspaces/recomart-recommendation-pipeline/airflow_venv/lib/python3.12/site-packages/airflow/example_dags/example_branch_day_of_week_operator.py
[2026-07-20T06:33:31.298+0000] {logging_mixin.py:188} INFO - [2026-07-20T06:33:31.298+0000] {dag.py:3089} INFO - Sync 1 DAGs
[2026-07-20T06:33:31.320+0000] {logging_mixin.py:188} INFO - [2026-07-20T06:33:31.320+0000] {dag.py:3947} INFO - Setting next_dagrun for example_weekday_branch_operator to 2026-07-19 00:00:00+00:00, run_after=2026-07-20 00:00:00+00:00
[2026-07-20T06:33:31.337+0000] {processor.py:183} INFO - Processing /workspaces/recomart-recommendation-pipeline/airflow_venv/lib/python3.12/site-packages/airflow/example_dags/example_branch_day_of_week_operator.py took 0.065 seconds
[2026-07-20T06:35:00.126+0000] {processor.py:161} INFO - Started process (PID=76833) to work on /workspaces/recomart-recommendation-pipeline/airflow_venv/lib/python3.12/site-packages/airflow/example_dags/example_branch_day_of_week_operator.py
[2026-07-20T06:35:00.127+0000] {processor.py:830} INFO - Processing file /workspaces/recomart-recommendation-pipeline/airflow_venv/lib/python3.12/site-packages/airflow/example_dags/example_branch_day_of_week_operator.py for tasks to queue
[2026-07-20T06:35:00.128+0000] {logging_mixin.py:188} INFO - [2026-07-20T06:35:00.128+0000] {dagbag.py:545} INFO - Filling up the DagBag from /workspaces/recomart-recommendation-pipeline/airflow_venv/lib/python3.12/site-packages/airflow/example_dags/example_branch_day_of_week_operator.py
[2026-07-20T06:35:00.134+0000] {processor.py:840} INFO - DAG(s) 'example_weekday_branch_operator' retrieved from /workspaces/recomart-recommendation-pipeline/airflow_venv/lib/python3.12/site-packages/airflow/example_dags/example_branch_day_of_week_operator.py
[2026-07-20T06:35:00.146+0000] {logging_mixin.py:188} INFO - [2026-07-20T06:35:00.146+0000] {dag.py:3089} INFO - Sync 1 DAGs
[2026-07-20T06:35:00.160+0000] {logging_mixin.py:188} INFO - [2026-07-20T06:35:00.160+0000] {dag.py:3947} INFO - Setting next_dagrun for example_weekday_branch_operator to 2026-07-19 00:00:00+00:00, run_after=2026-07-20 00:00:00+00:00
[2026-07-20T06:35:00.177+0000] {processor.py:183} INFO - Processing /workspaces/recomart-recommendation-pipeline/airflow_venv/lib/python3.12/site-packages/airflow/example_dags/example_branch_day_of_week_operator.py took 0.055 seconds
[2026-07-20T06:36:17.559+0000] {processor.py:161} INFO - Started process (PID=78346) to work on /workspaces/recomart-recommendation-pipeline/airflow_venv/lib/python3.12/site-packages/airflow/example_dags/example_branch_day_of_week_operator.py
[2026-07-20T06:36:17.559+0000] {processor.py:830} INFO - Processing file /workspaces/recomart-recommendation-pipeline/airflow_venv/lib/python3.12/site-packages/airflow/example_dags/example_branch_day_of_week_operator.py for tasks to queue
[2026-07-20T06:36:17.561+0000] {logging_mixin.py:188} INFO - [2026-07-20T06:36:17.560+0000] {dagbag.py:545} INFO - Filling up the DagBag from /workspaces/recomart-recommendation-pipeline/airflow_venv/lib/python3.12/site-packages/airflow/example_dags/example_branch_day_of_week_operator.py
[2026-07-20T06:36:17.566+0000] {processor.py:840} INFO - DAG(s) 'example_weekday_branch_operator' retrieved from /workspaces/recomart-recommendation-pipeline/airflow_venv/lib/python3.12/site-packages/airflow/example_dags/example_branch_day_of_week_operator.py
[2026-07-20T06:36:17.578+0000] {logging_mixin.py:188} INFO - [2026-07-20T06:36:17.578+0000] {dag.py:3089} INFO - Sync 1 DAGs
[2026-07-20T06:36:17.593+0000] {logging_mixin.py:188} INFO - [2026-07-20T06:36:17.593+0000] {dag.py:3947} INFO - Setting next_dagrun for example_weekday_branch_operator to 2026-07-19 00:00:00+00:00, run_after=2026-07-20 00:00:00+00:00
[2026-07-20T06:36:17.611+0000] {processor.py:183} INFO - Processing /workspaces/recomart-recommendation-pipeline/airflow_venv/lib/python3.12/site-packages/airflow/example_dags/example_branch_day_of_week_operator.py took 0.057 seconds
[2026-07-20T06:37:30.690+0000] {processor.py:161} INFO - Started process (PID=79058) to work on /workspaces/recomart-recommendation-pipeline/airflow_venv/lib/python3.12/site-packages/airflow/example_dags/example_branch_day_of_week_operator.py
[2026-07-20T06:37:30.690+0000] {processor.py:830} INFO - Processing file /workspaces/recomart-recommendation-pipeline/airflow_venv/lib/python3.12/site-packages/airflow/example_dags/example_branch_day_of_week_operator.py for tasks to queue
[2026-07-20T06:37:30.692+0000] {logging_mixin.py:188} INFO - [2026-07-20T06:37:30.692+0000] {dagbag.py:545} INFO - Filling up the DagBag from /workspaces/recomart-recommendation-pipeline/airflow_venv/lib/python3.12/site-packages/airflow/example_dags/example_branch_day_of_week_operator.py
[2026-07-20T06:37:30.698+0000] {processor.py:840} INFO - DAG(s) 'example_weekday_branch_operator' retrieved from /workspaces/recomart-recommendation-pipeline/airflow_venv/lib/python3.12/site-packages/airflow/example_dags/example_branch_day_of_week_operator.py
[2026-07-20T06:37:30.711+0000] {logging_mixin.py:188} INFO - [2026-07-20T06:37:30.711+0000] {dag.py:3089} INFO - Sync 1 DAGs
[2026-07-20T06:37:30.726+0000] {logging_mixin.py:188} INFO - [2026-07-20T06:37:30.726+0000] {dag.py:3947} INFO - Setting next_dagrun for example_weekday_branch_operator to 2026-07-19 00:00:00+00:00, run_after=2026-07-20 00:00:00+00:00
[2026-07-20T06:37:30.742+0000] {processor.py:183} INFO - Processing /workspaces/recomart-recommendation-pipeline/airflow_venv/lib/python3.12/site-packages/airflow/example_dags/example_branch_day_of_week_operator.py took 0.058 seconds
[2026-07-20T06:38:41.490+0000] {processor.py:161} INFO - Started process (PID=79694) to work on /workspaces/recomart-recommendation-pipeline/airflow_venv/lib/python3.12/site-packages/airflow/example_dags/example_branch_day_of_week_operator.py
[2026-07-20T06:38:41.490+0000] {processor.py:830} INFO - Processing file /workspaces/recomart-recommendation-pipeline/airflow_venv/lib/python3.12/site-packages/airflow/example_dags/example_branch_day_of_week_operator.py for tasks to queue
[2026-07-20T06:38:41.492+0000] {logging_mixin.py:188} INFO - [2026-07-20T06:38:41.492+0000] {dagbag.py:545} INFO - Filling up the DagBag from /workspaces/recomart-recommendation-pipeline/airflow_venv/lib/python3.12/site-packages/airflow/example_dags/example_branch_day_of_week_operator.py
[2026-07-20T06:38:41.498+0000] {processor.py:840} INFO - DAG(s) 'example_weekday_branch_operator' retrieved from /workspaces/recomart-recommendation-pipeline/airflow_venv/lib/python3.12/site-packages/airflow/example_dags/example_branch_day_of_week_operator.py
[2026-07-20T06:38:41.511+0000] {logging_mixin.py:188} INFO - [2026-07-20T06:38:41.511+0000] {dag.py:3089} INFO - Sync 1 DAGs
[2026-07-20T06:38:41.530+0000] {logging_mixin.py:188} INFO - [2026-07-20T06:38:41.530+0000] {dag.py:3947} INFO - Setting next_dagrun for example_weekday_branch_operator to 2026-07-19 00:00:00+00:00, run_after=2026-07-20 00:00:00+00:00
[2026-07-20T06:38:41.547+0000] {processor.py:183} INFO - Processing /workspaces/recomart-recommendation-pipeline/airflow_venv/lib/python3.12/site-packages/airflow/example_dags/example_branch_day_of_week_operator.py took 0.061 seconds
[2026-07-20T06:39:52.985+0000] {processor.py:161} INFO - Started process (PID=80272) to work on /workspaces/recomart-recommendation-pipeline/airflow_venv/lib/python3.12/site-packages/airflow/example_dags/example_branch_day_of_week_operator.py
[2026-07-20T06:39:52.986+0000] {processor.py:830} INFO - Processing file /workspaces/recomart-recommendation-pipeline/airflow_venv/lib/python3.12/site-packages/airflow/example_dags/example_branch_day_of_week_operator.py for tasks to queue
[2026-07-20T06:39:52.987+0000] {logging_mixin.py:188} INFO - [2026-07-20T06:39:52.987+0000] {dagbag.py:545} INFO - Filling up the DagBag from /workspaces/recomart-recommendation-pipeline/airflow_venv/lib/python3.12/site-packages/airflow/example_dags/example_branch_day_of_week_operator.py
[2026-07-20T06:39:52.993+0000] {processor.py:840} INFO - DAG(s) 'example_weekday_branch_operator' retrieved from /workspaces/recomart-recommendation-pipeline/airflow_venv/lib/python3.12/site-packages/airflow/example_dags/example_branch_day_of_week_operator.py
[2026-07-20T06:39:53.010+0000] {logging_mixin.py:188} INFO - [2026-07-20T06:39:53.010+0000] {dag.py:3089} INFO - Sync 1 DAGs
[2026-07-20T06:39:53.128+0000] {logging_mixin.py:188} INFO - [2026-07-20T06:39:53.128+0000] {dag.py:3947} INFO - Setting next_dagrun for example_weekday_branch_operator to 2026-07-19 00:00:00+00:00, run_after=2026-07-20 00:00:00+00:00
[2026-07-20T06:39:53.144+0000] {processor.py:183} INFO - Processing /workspaces/recomart-recommendation-pipeline/airflow_venv/lib/python3.12/site-packages/airflow/example_dags/example_branch_day_of_week_operator.py took 0.163 seconds
[2026-07-20T06:41:07.002+0000] {processor.py:161} INFO - Started process (PID=80922) to work on /workspaces/recomart-recommendation-pipeline/airflow_venv/lib/python3.12/site-packages/airflow/example_dags/example_branch_day_of_week_operator.py
[2026-07-20T06:41:07.003+0000] {processor.py:830} INFO - Processing file /workspaces/recomart-recommendation-pipeline/airflow_venv/lib/python3.12/site-packages/airflow/example_dags/example_branch_day_of_week_operator.py for tasks to queue
[2026-07-20T06:41:07.004+0000] {logging_mixin.py:188} INFO - [2026-07-20T06:41:07.004+0000] {dagbag.py:545} INFO - Filling up the DagBag from /workspaces/recomart-recommendation-pipeline/airflow_venv/lib/python3.12/site-packages/airflow/example_dags/example_branch_day_of_week_operator.py
[2026-07-20T06:41:07.010+0000] {processor.py:840} INFO - DAG(s) 'example_weekday_branch_operator' retrieved from /workspaces/recomart-recommendation-pipeline/airflow_venv/lib/python3.12/site-packages/airflow/example_dags/example_branch_day_of_week_operator.py
[2026-07-20T06:41:07.022+0000] {logging_mixin.py:188} INFO - [2026-07-20T06:41:07.022+0000] {dag.py:3089} INFO - Sync 1 DAGs
[2026-07-20T06:41:07.037+0000] {logging_mixin.py:188} INFO - [2026-07-20T06:41:07.037+0000] {dag.py:3947} INFO - Setting next_dagrun for example_weekday_branch_operator to 2026-07-19 00:00:00+00:00, run_after=2026-07-20 00:00:00+00:00
[2026-07-20T06:41:07.053+0000] {processor.py:183} INFO - Processing /workspaces/recomart-recommendation-pipeline/airflow_venv/lib/python3.12/site-packages/airflow/example_dags/example_branch_day_of_week_operator.py took 0.056 seconds
[2026-07-20T06:42:18.525+0000] {processor.py:161} INFO - Started process (PID=81500) to work on /workspaces/recomart-recommendation-pipeline/airflow_venv/lib/python3.12/site-packages/airflow/example_dags/example_branch_day_of_week_operator.py
[2026-07-20T06:42:18.526+0000] {processor.py:830} INFO - Processing file /workspaces/recomart-recommendation-pipeline/airflow_venv/lib/python3.12/site-packages/airflow/example_dags/example_branch_day_of_week_operator.py for tasks to queue
[2026-07-20T06:42:18.528+0000] {logging_mixin.py:188} INFO - [2026-07-20T06:42:18.527+0000] {dagbag.py:545} INFO - Filling up the DagBag from /workspaces/recomart-recommendation-pipeline/airflow_venv/lib/python3.12/site-packages/airflow/example_dags/example_branch_day_of_week_operator.py
[2026-07-20T06:42:18.549+0000] {processor.py:840} INFO - DAG(s) 'example_weekday_branch_operator' retrieved from /workspaces/recomart-recommendation-pipeline/airflow_venv/lib/python3.12/site-packages/airflow/example_dags/example_branch_day_of_week_operator.py
[2026-07-20T06:42:18.563+0000] {logging_mixin.py:188} INFO - [2026-07-20T06:42:18.563+0000] {dag.py:3089} INFO - Sync 1 DAGs
[2026-07-20T06:42:18.583+0000] {logging_mixin.py:188} INFO - [2026-07-20T06:42:18.582+0000] {dag.py:3947} INFO - Setting next_dagrun for example_weekday_branch_operator to 2026-07-19 00:00:00+00:00, run_after=2026-07-20 00:00:00+00:00
[2026-07-20T06:42:18.601+0000] {processor.py:183} INFO - Processing /workspaces/recomart-recommendation-pipeline/airflow_venv/lib/python3.12/site-packages/airflow/example_dags/example_branch_day_of_week_operator.py took 0.082 seconds
[2026-07-20T06:43:28.373+0000] {processor.py:161} INFO - Started process (PID=82073) to work on /workspaces/recomart-recommendation-pipeline/airflow_venv/lib/python3.12/site-packages/airflow/example_dags/example_branch_day_of_week_operator.py
[2026-07-20T06:43:28.374+0000] {processor.py:830} INFO - Processing file /workspaces/recomart-recommendation-pipeline/airflow_venv/lib/python3.12/site-packages/airflow/example_dags/example_branch_day_of_week_operator.py for tasks to queue
[2026-07-20T06:43:28.376+0000] {logging_mixin.py:188} INFO - [2026-07-20T06:43:28.375+0000] {dagbag.py:545} INFO - Filling up the DagBag from /workspaces/recomart-recommendation-pipeline/airflow_venv/lib/python3.12/site-packages/airflow/example_dags/example_branch_day_of_week_operator.py
[2026-07-20T06:43:28.384+0000] {processor.py:840} INFO - DAG(s) 'example_weekday_branch_operator' retrieved from /workspaces/recomart-recommendation-pipeline/airflow_venv/lib/python3.12/site-packages/airflow/example_dags/example_branch_day_of_week_operator.py
[2026-07-20T06:43:28.398+0000] {logging_mixin.py:188} INFO - [2026-07-20T06:43:28.398+0000] {dag.py:3089} INFO - Sync 1 DAGs
[2026-07-20T06:43:28.413+0000] {logging_mixin.py:188} INFO - [2026-07-20T06:43:28.413+0000] {dag.py:3947} INFO - Setting next_dagrun for example_weekday_branch_operator to 2026-07-19 00:00:00+00:00, run_after=2026-07-20 00:00:00+00:00
[2026-07-20T06:43:28.430+0000] {processor.py:183} INFO - Processing /workspaces/recomart-recommendation-pipeline/airflow_venv/lib/python3.12/site-packages/airflow/example_dags/example_branch_day_of_week_operator.py took 0.063 seconds
[2026-07-20T06:44:39.694+0000] {processor.py:161} INFO - Started process (PID=82653) to work on /workspaces/recomart-recommendation-pipeline/airflow_venv/lib/python3.12/site-packages/airflow/example_dags/example_branch_day_of_week_operator.py
[2026-07-20T06:44:39.695+0000] {processor.py:830} INFO - Processing file /workspaces/recomart-recommendation-pipeline/airflow_venv/lib/python3.12/site-packages/airflow/example_dags/example_branch_day_of_week_operator.py for tasks to queue
[2026-07-20T06:44:39.696+0000] {logging_mixin.py:188} INFO - [2026-07-20T06:44:39.696+0000] {dagbag.py:545} INFO - Filling up the DagBag from /workspaces/recomart-recommendation-pipeline/airflow_venv/lib/python3.12/site-packages/airflow/example_dags/example_branch_day_of_week_operator.py
[2026-07-20T06:44:39.703+0000] {processor.py:840} INFO - DAG(s) 'example_weekday_branch_operator' retrieved from /workspaces/recomart-recommendation-pipeline/airflow_venv/lib/python3.12/site-packages/airflow/example_dags/example_branch_day_of_week_operator.py
[2026-07-20T06:44:39.716+0000] {logging_mixin.py:188} INFO - [2026-07-20T06:44:39.716+0000] {dag.py:3089} INFO - Sync 1 DAGs
[2026-07-20T06:44:39.731+0000] {logging_mixin.py:188} INFO - [2026-07-20T06:44:39.731+0000] {dag.py:3947} INFO - Setting next_dagrun for example_weekday_branch_operator to 2026-07-19 00:00:00+00:00, run_after=2026-07-20 00:00:00+00:00
[2026-07-20T06:44:39.748+0000] {processor.py:183} INFO - Processing /workspaces/recomart-recommendation-pipeline/airflow_venv/lib/python3.12/site-packages/airflow/example_dags/example_branch_day_of_week_operator.py took 0.058 seconds
[2026-07-20T06:45:41.228+0000] {processor.py:161} INFO - Started process (PID=83191) to work on /workspaces/recomart-recommendation-pipeline/airflow_venv/lib/python3.12/site-packages/airflow/example_dags/example_branch_day_of_week_operator.py
[2026-07-20T06:45:41.229+0000] {processor.py:830} INFO - Processing file /workspaces/recomart-recommendation-pipeline/airflow_venv/lib/python3.12/site-packages/airflow/example_dags/example_branch_day_of_week_operator.py for tasks to queue
[2026-07-20T06:45:41.231+0000] {logging_mixin.py:188} INFO - [2026-07-20T06:45:41.230+0000] {dagbag.py:545} INFO - Filling up the DagBag from /workspaces/recomart-recommendation-pipeline/airflow_venv/lib/python3.12/site-packages/airflow/example_dags/example_branch_day_of_week_operator.py
[2026-07-20T06:45:41.241+0000] {processor.py:840} INFO - DAG(s) 'example_weekday_branch_operator' retrieved from /workspaces/recomart-recommendation-pipeline/airflow_venv/lib/python3.12/site-packages/airflow/example_dags/example_branch_day_of_week_operator.py
[2026-07-20T06:45:41.271+0000] {logging_mixin.py:188} INFO - [2026-07-20T06:45:41.271+0000] {dag.py:3089} INFO - Sync 1 DAGs
[2026-07-20T06:45:41.321+0000] {logging_mixin.py:188} INFO - [2026-07-20T06:45:41.321+0000] {dag.py:3947} INFO - Setting next_dagrun for example_weekday_branch_operator to 2026-07-19 00:00:00+00:00, run_after=2026-07-20 00:00:00+00:00
[2026-07-20T06:45:41.341+0000] {processor.py:183} INFO - Processing /workspaces/recomart-recommendation-pipeline/airflow_venv/lib/python3.12/site-packages/airflow/example_dags/example_branch_day_of_week_operator.py took 0.121 seconds
[2026-07-20T06:46:49.302+0000] {processor.py:161} INFO - Started process (PID=83840) to work on /workspaces/recomart-recommendation-pipeline/airflow_venv/lib/python3.12/site-packages/airflow/example_dags/example_branch_day_of_week_operator.py
[2026-07-20T06:46:49.303+0000] {processor.py:830} INFO - Processing file /workspaces/recomart-recommendation-pipeline/airflow_venv/lib/python3.12/site-packages/airflow/example_dags/example_branch_day_of_week_operator.py for tasks to queue
[2026-07-20T06:46:49.304+0000] {logging_mixin.py:188} INFO - [2026-07-20T06:46:49.304+0000] {dagbag.py:545} INFO - Filling up the DagBag from /workspaces/recomart-recommendation-pipeline/airflow_venv/lib/python3.12/site-packages/airflow/example_dags/example_branch_day_of_week_operator.py
[2026-07-20T06:46:49.310+0000] {processor.py:840} INFO - DAG(s) 'example_weekday_branch_operator' retrieved from /workspaces/recomart-recommendation-pipeline/airflow_venv/lib/python3.12/site-packages/airflow/example_dags/example_branch_day_of_week_operator.py
[2026-07-20T06:46:49.323+0000] {logging_mixin.py:188} INFO - [2026-07-20T06:46:49.323+0000] {dag.py:3089} INFO - Sync 1 DAGs
[2026-07-20T06:46:49.343+0000] {logging_mixin.py:188} INFO - [2026-07-20T06:46:49.342+0000] {dag.py:3947} INFO - Setting next_dagrun for example_weekday_branch_operator to 2026-07-19 00:00:00+00:00, run_after=2026-07-20 00:00:00+00:00
[2026-07-20T06:46:49.382+0000] {processor.py:183} INFO - Processing /workspaces/recomart-recommendation-pipeline/airflow_venv/lib/python3.12/site-packages/airflow/example_dags/example_branch_day_of_week_operator.py took 0.085 seconds
[2026-07-20T06:47:51.172+0000] {processor.py:161} INFO - Started process (PID=84359) to work on /workspaces/recomart-recommendation-pipeline/airflow_venv/lib/python3.12/site-packages/airflow/example_dags/example_branch_day_of_week_operator.py
[2026-07-20T06:47:51.173+0000] {processor.py:830} INFO - Processing file /workspaces/recomart-recommendation-pipeline/airflow_venv/lib/python3.12/site-packages/airflow/example_dags/example_branch_day_of_week_operator.py for tasks to queue
[2026-07-20T06:47:51.175+0000] {logging_mixin.py:188} INFO - [2026-07-20T06:47:51.174+0000] {dagbag.py:545} INFO - Filling up the DagBag from /workspaces/recomart-recommendation-pipeline/airflow_venv/lib/python3.12/site-packages/airflow/example_dags/example_branch_day_of_week_operator.py
[2026-07-20T06:47:51.184+0000] {processor.py:840} INFO - DAG(s) 'example_weekday_branch_operator' retrieved from /workspaces/recomart-recommendation-pipeline/airflow_venv/lib/python3.12/site-packages/airflow/example_dags/example_branch_day_of_week_operator.py
[2026-07-20T06:47:51.202+0000] {logging_mixin.py:188} INFO - [2026-07-20T06:47:51.201+0000] {dag.py:3089} INFO - Sync 1 DAGs
[2026-07-20T06:47:51.224+0000] {logging_mixin.py:188} INFO - [2026-07-20T06:47:51.224+0000] {dag.py:3947} INFO - Setting next_dagrun for example_weekday_branch_operator to 2026-07-19 00:00:00+00:00, run_after=2026-07-20 00:00:00+00:00
[2026-07-20T06:47:51.263+0000] {processor.py:183} INFO - Processing /workspaces/recomart-recommendation-pipeline/airflow_venv/lib/python3.12/site-packages/airflow/example_dags/example_branch_day_of_week_operator.py took 0.099 seconds
[2026-07-20T06:48:55.238+0000] {processor.py:161} INFO - Started process (PID=84875) to work on /workspaces/recomart-recommendation-pipeline/airflow_venv/lib/python3.12/site-packages/airflow/example_dags/example_branch_day_of_week_operator.py
[2026-07-20T06:48:55.240+0000] {processor.py:830} INFO - Processing file /workspaces/recomart-recommendation-pipeline/airflow_venv/lib/python3.12/site-packages/airflow/example_dags/example_branch_day_of_week_operator.py for tasks to queue
[2026-07-20T06:48:55.242+0000] {logging_mixin.py:188} INFO - [2026-07-20T06:48:55.241+0000] {dagbag.py:545} INFO - Filling up the DagBag from /workspaces/recomart-recommendation-pipeline/airflow_venv/lib/python3.12/site-packages/airflow/example_dags/example_branch_day_of_week_operator.py
[2026-07-20T06:48:55.264+0000] {processor.py:840} INFO - DAG(s) 'example_weekday_branch_operator' retrieved from /workspaces/recomart-recommendation-pipeline/airflow_venv/lib/python3.12/site-packages/airflow/example_dags/example_branch_day_of_week_operator.py
[2026-07-20T06:48:55.287+0000] {logging_mixin.py:188} INFO - [2026-07-20T06:48:55.287+0000] {dag.py:3089} INFO - Sync 1 DAGs
[2026-07-20T06:48:55.318+0000] {logging_mixin.py:188} INFO - [2026-07-20T06:48:55.318+0000] {dag.py:3947} INFO - Setting next_dagrun for example_weekday_branch_operator to 2026-07-19 00:00:00+00:00, run_after=2026-07-20 00:00:00+00:00
[2026-07-20T06:48:55.348+0000] {processor.py:183} INFO - Processing /workspaces/recomart-recommendation-pipeline/airflow_venv/lib/python3.12/site-packages/airflow/example_dags/example_branch_day_of_week_operator.py took 0.119 seconds
[2026-07-20T06:49:57.244+0000] {processor.py:161} INFO - Started process (PID=85508) to work on /workspaces/recomart-recommendation-pipeline/airflow_venv/lib/python3.12/site-packages/airflow/example_dags/example_branch_day_of_week_operator.py
[2026-07-20T06:49:57.245+0000] {processor.py:830} INFO - Processing file /workspaces/recomart-recommendation-pipeline/airflow_venv/lib/python3.12/site-packages/airflow/example_dags/example_branch_day_of_week_operator.py for tasks to queue
[2026-07-20T06:49:57.247+0000] {logging_mixin.py:188} INFO - [2026-07-20T06:49:57.247+0000] {dagbag.py:545} INFO - Filling up the DagBag from /workspaces/recomart-recommendation-pipeline/airflow_venv/lib/python3.12/site-packages/airflow/example_dags/example_branch_day_of_week_operator.py
[2026-07-20T06:49:57.273+0000] {processor.py:840} INFO - DAG(s) 'example_weekday_branch_operator' retrieved from /workspaces/recomart-recommendation-pipeline/airflow_venv/lib/python3.12/site-packages/airflow/example_dags/example_branch_day_of_week_operator.py
[2026-07-20T06:49:57.292+0000] {logging_mixin.py:188} INFO - [2026-07-20T06:49:57.291+0000] {dag.py:3089} INFO - Sync 1 DAGs
[2026-07-20T06:49:57.315+0000] {logging_mixin.py:188} INFO - [2026-07-20T06:49:57.315+0000] {dag.py:3947} INFO - Setting next_dagrun for example_weekday_branch_operator to 2026-07-19 00:00:00+00:00, run_after=2026-07-20 00:00:00+00:00
[2026-07-20T06:49:57.337+0000] {processor.py:183} INFO - Processing /workspaces/recomart-recommendation-pipeline/airflow_venv/lib/python3.12/site-packages/airflow/example_dags/example_branch_day_of_week_operator.py took 0.104 seconds
[2026-07-20T06:51:04.763+0000] {processor.py:161} INFO - Started process (PID=86294) to work on /workspaces/recomart-recommendation-pipeline/airflow_venv/lib/python3.12/site-packages/airflow/example_dags/example_branch_day_of_week_operator.py
[2026-07-20T06:51:04.764+0000] {processor.py:830} INFO - Processing file /workspaces/recomart-recommendation-pipeline/airflow_venv/lib/python3.12/site-packages/airflow/example_dags/example_branch_day_of_week_operator.py for tasks to queue
[2026-07-20T06:51:04.766+0000] {logging_mixin.py:188} INFO - [2026-07-20T06:51:04.765+0000] {dagbag.py:545} INFO - Filling up the DagBag from /workspaces/recomart-recommendation-pipeline/airflow_venv/lib/python3.12/site-packages/airflow/example_dags/example_branch_day_of_week_operator.py
[2026-07-20T06:51:04.782+0000] {processor.py:840} INFO - DAG(s) 'example_weekday_branch_operator' retrieved from /workspaces/recomart-recommendation-pipeline/airflow_venv/lib/python3.12/site-packages/airflow/example_dags/example_branch_day_of_week_operator.py
[2026-07-20T06:51:04.809+0000] {logging_mixin.py:188} INFO - [2026-07-20T06:51:04.809+0000] {dag.py:3089} INFO - Sync 1 DAGs
[2026-07-20T06:51:04.839+0000] {logging_mixin.py:188} INFO - [2026-07-20T06:51:04.838+0000] {dag.py:3947} INFO - Setting next_dagrun for example_weekday_branch_operator to 2026-07-19 00:00:00+00:00, run_after=2026-07-20 00:00:00+00:00
[2026-07-20T06:51:04.866+0000] {processor.py:183} INFO - Processing /workspaces/recomart-recommendation-pipeline/airflow_venv/lib/python3.12/site-packages/airflow/example_dags/example_branch_day_of_week_operator.py took 0.109 seconds
[2026-07-20T06:58:30.805+0000] {processor.py:161} INFO - Started process (PID=89887) to work on /workspaces/recomart-recommendation-pipeline/airflow_venv/lib/python3.12/site-packages/airflow/example_dags/example_branch_day_of_week_operator.py
[2026-07-20T06:58:30.809+0000] {processor.py:830} INFO - Processing file /workspaces/recomart-recommendation-pipeline/airflow_venv/lib/python3.12/site-packages/airflow/example_dags/example_branch_day_of_week_operator.py for tasks to queue
[2026-07-20T06:58:30.810+0000] {logging_mixin.py:188} INFO - [2026-07-20T06:58:30.810+0000] {dagbag.py:545} INFO - Filling up the DagBag from /workspaces/recomart-recommendation-pipeline/airflow_venv/lib/python3.12/site-packages/airflow/example_dags/example_branch_day_of_week_operator.py
[2026-07-20T06:58:30.816+0000] {processor.py:840} INFO - DAG(s) 'example_weekday_branch_operator' retrieved from /workspaces/recomart-recommendation-pipeline/airflow_venv/lib/python3.12/site-packages/airflow/example_dags/example_branch_day_of_week_operator.py
[2026-07-20T06:58:30.905+0000] {logging_mixin.py:188} INFO - [2026-07-20T06:58:30.905+0000] {dag.py:3089} INFO - Sync 1 DAGs
[2026-07-20T06:58:30.918+0000] {logging_mixin.py:188} INFO - [2026-07-20T06:58:30.918+0000] {dag.py:3947} INFO - Setting next_dagrun for example_weekday_branch_operator to 2026-07-19 00:00:00+00:00, run_after=2026-07-20 00:00:00+00:00
[2026-07-20T06:58:30.937+0000] {processor.py:183} INFO - Processing /workspaces/recomart-recommendation-pipeline/airflow_venv/lib/python3.12/site-packages/airflow/example_dags/example_branch_day_of_week_operator.py took 0.136 seconds
[2026-07-20T07:00:06.655+0000] {processor.py:161} INFO - Started process (PID=91528) to work on /workspaces/recomart-recommendation-pipeline/airflow_venv/lib/python3.12/site-packages/airflow/example_dags/example_branch_day_of_week_operator.py
[2026-07-20T07:00:06.656+0000] {processor.py:830} INFO - Processing file /workspaces/recomart-recommendation-pipeline/airflow_venv/lib/python3.12/site-packages/airflow/example_dags/example_branch_day_of_week_operator.py for tasks to queue
[2026-07-20T07:00:06.657+0000] {logging_mixin.py:188} INFO - [2026-07-20T07:00:06.657+0000] {dagbag.py:545} INFO - Filling up the DagBag from /workspaces/recomart-recommendation-pipeline/airflow_venv/lib/python3.12/site-packages/airflow/example_dags/example_branch_day_of_week_operator.py
[2026-07-20T07:00:06.663+0000] {processor.py:840} INFO - DAG(s) 'example_weekday_branch_operator' retrieved from /workspaces/recomart-recommendation-pipeline/airflow_venv/lib/python3.12/site-packages/airflow/example_dags/example_branch_day_of_week_operator.py
[2026-07-20T07:00:06.678+0000] {logging_mixin.py:188} INFO - [2026-07-20T07:00:06.678+0000] {dag.py:3089} INFO - Sync 1 DAGs
[2026-07-20T07:00:06.701+0000] {logging_mixin.py:188} INFO - [2026-07-20T07:00:06.701+0000] {dag.py:3947} INFO - Setting next_dagrun for example_weekday_branch_operator to 2026-07-19 00:00:00+00:00, run_after=2026-07-20 00:00:00+00:00
[2026-07-20T07:00:06.729+0000] {processor.py:183} INFO - Processing /workspaces/recomart-recommendation-pipeline/airflow_venv/lib/python3.12/site-packages/airflow/example_dags/example_branch_day_of_week_operator.py took 0.079 seconds
[2026-07-20T07:00:58.274+0000] {processor.py:161} INFO - Started process (PID=92026) to work on /workspaces/recomart-recommendation-pipeline/airflow_venv/lib/python3.12/site-packages/airflow/example_dags/example_branch_day_of_week_operator.py
[2026-07-20T07:00:58.276+0000] {processor.py:830} INFO - Processing file /workspaces/recomart-recommendation-pipeline/airflow_venv/lib/python3.12/site-packages/airflow/example_dags/example_branch_day_of_week_operator.py for tasks to queue
[2026-07-20T07:00:58.278+0000] {logging_mixin.py:188} INFO - [2026-07-20T07:00:58.278+0000] {dagbag.py:545} INFO - Filling up the DagBag from /workspaces/recomart-recommendation-pipeline/airflow_venv/lib/python3.12/site-packages/airflow/example_dags/example_branch_day_of_week_operator.py
[2026-07-20T07:00:58.287+0000] {processor.py:840} INFO - DAG(s) 'example_weekday_branch_operator' retrieved from /workspaces/recomart-recommendation-pipeline/airflow_venv/lib/python3.12/site-packages/airflow/example_dags/example_branch_day_of_week_operator.py
[2026-07-20T07:00:58.306+0000] {logging_mixin.py:188} INFO - [2026-07-20T07:00:58.306+0000] {dag.py:3089} INFO - Sync 1 DAGs
[2026-07-20T07:00:58.331+0000] {logging_mixin.py:188} INFO - [2026-07-20T07:00:58.331+0000] {dag.py:3947} INFO - Setting next_dagrun for example_weekday_branch_operator to 2026-07-19 00:00:00+00:00, run_after=2026-07-20 00:00:00+00:00
[2026-07-20T07:00:58.369+0000] {processor.py:183} INFO - Processing /workspaces/recomart-recommendation-pipeline/airflow_venv/lib/python3.12/site-packages/airflow/example_dags/example_branch_day_of_week_operator.py took 0.101 seconds
