[2026-07-20T05:59:28.477+0000] {processor.py:161} INFO - Started process (PID=58359) to work on /workspaces/recomart-recommendation-pipeline/airflow_venv/lib/python3.12/site-packages/airflow/example_dags/example_dag_decorator.py
[2026-07-20T05:59:28.478+0000] {processor.py:830} INFO - Processing file /workspaces/recomart-recommendation-pipeline/airflow_venv/lib/python3.12/site-packages/airflow/example_dags/example_dag_decorator.py for tasks to queue
[2026-07-20T05:59:28.480+0000] {logging_mixin.py:188} INFO - [2026-07-20T05:59:28.479+0000] {dagbag.py:545} INFO - Filling up the DagBag from /workspaces/recomart-recommendation-pipeline/airflow_venv/lib/python3.12/site-packages/airflow/example_dags/example_dag_decorator.py
[2026-07-20T05:59:28.602+0000] {processor.py:840} INFO - DAG(s) 'example_dag_decorator' retrieved from /workspaces/recomart-recommendation-pipeline/airflow_venv/lib/python3.12/site-packages/airflow/example_dags/example_dag_decorator.py
[2026-07-20T05:59:28.702+0000] {logging_mixin.py:188} INFO - [2026-07-20T05:59:28.701+0000] {override.py:1858} INFO - Created Permission View: can read on DAG:example_dag_decorator
[2026-07-20T05:59:28.712+0000] {logging_mixin.py:188} INFO - [2026-07-20T05:59:28.711+0000] {override.py:1858} INFO - Created Permission View: can edit on DAG:example_dag_decorator
[2026-07-20T05:59:28.719+0000] {logging_mixin.py:188} INFO - [2026-07-20T05:59:28.718+0000] {override.py:1858} INFO - Created Permission View: can delete on DAG:example_dag_decorator
[2026-07-20T05:59:28.719+0000] {logging_mixin.py:188} INFO - [2026-07-20T05:59:28.719+0000] {dag.py:3089} INFO - Sync 1 DAGs
[2026-07-20T05:59:28.726+0000] {logging_mixin.py:188} INFO - [2026-07-20T05:59:28.726+0000] {dag.py:3111} INFO - Creating ORM DAG for example_dag_decorator
[2026-07-20T05:59:28.727+0000] {logging_mixin.py:188} INFO - [2026-07-20T05:59:28.727+0000] {dag.py:3947} INFO - Setting next_dagrun for example_dag_decorator to None, run_after=None
[2026-07-20T05:59:28.745+0000] {processor.py:183} INFO - Processing /workspaces/recomart-recommendation-pipeline/airflow_venv/lib/python3.12/site-packages/airflow/example_dags/example_dag_decorator.py took 0.273 seconds
[2026-07-20T06:00:20.657+0000] {processor.py:161} INFO - Started process (PID=58791) to work on /workspaces/recomart-recommendation-pipeline/airflow_venv/lib/python3.12/site-packages/airflow/example_dags/example_dag_decorator.py
[2026-07-20T06:00:20.657+0000] {processor.py:830} INFO - Processing file /workspaces/recomart-recommendation-pipeline/airflow_venv/lib/python3.12/site-packages/airflow/example_dags/example_dag_decorator.py for tasks to queue
[2026-07-20T06:00:20.659+0000] {logging_mixin.py:188} INFO - [2026-07-20T06:00:20.658+0000] {dagbag.py:545} INFO - Filling up the DagBag from /workspaces/recomart-recommendation-pipeline/airflow_venv/lib/python3.12/site-packages/airflow/example_dags/example_dag_decorator.py
[2026-07-20T06:00:20.736+0000] {processor.py:840} INFO - DAG(s) 'example_dag_decorator' retrieved from /workspaces/recomart-recommendation-pipeline/airflow_venv/lib/python3.12/site-packages/airflow/example_dags/example_dag_decorator.py
[2026-07-20T06:00:20.850+0000] {logging_mixin.py:188} INFO - [2026-07-20T06:00:20.850+0000] {dag.py:3089} INFO - Sync 1 DAGs
[2026-07-20T06:00:20.860+0000] {logging_mixin.py:188} INFO - [2026-07-20T06:00:20.860+0000] {dag.py:3947} INFO - Setting next_dagrun for example_dag_decorator to None, run_after=None
[2026-07-20T06:00:21.026+0000] {processor.py:183} INFO - Processing /workspaces/recomart-recommendation-pipeline/airflow_venv/lib/python3.12/site-packages/airflow/example_dags/example_dag_decorator.py took 0.374 seconds
[2026-07-20T06:01:26.015+0000] {processor.py:161} INFO - Started process (PID=59503) to work on /workspaces/recomart-recommendation-pipeline/airflow_venv/lib/python3.12/site-packages/airflow/example_dags/example_dag_decorator.py
[2026-07-20T06:01:26.015+0000] {processor.py:830} INFO - Processing file /workspaces/recomart-recommendation-pipeline/airflow_venv/lib/python3.12/site-packages/airflow/example_dags/example_dag_decorator.py for tasks to queue
[2026-07-20T06:01:26.017+0000] {logging_mixin.py:188} INFO - [2026-07-20T06:01:26.016+0000] {dagbag.py:545} INFO - Filling up the DagBag from /workspaces/recomart-recommendation-pipeline/airflow_venv/lib/python3.12/site-packages/airflow/example_dags/example_dag_decorator.py
[2026-07-20T06:01:26.208+0000] {processor.py:840} INFO - DAG(s) 'example_dag_decorator' retrieved from /workspaces/recomart-recommendation-pipeline/airflow_venv/lib/python3.12/site-packages/airflow/example_dags/example_dag_decorator.py
[2026-07-20T06:01:26.311+0000] {logging_mixin.py:188} INFO - [2026-07-20T06:01:26.311+0000] {dag.py:3089} INFO - Sync 1 DAGs
[2026-07-20T06:01:26.429+0000] {logging_mixin.py:188} INFO - [2026-07-20T06:01:26.429+0000] {dag.py:3947} INFO - Setting next_dagrun for example_dag_decorator to None, run_after=None
[2026-07-20T06:01:26.445+0000] {processor.py:183} INFO - Processing /workspaces/recomart-recommendation-pipeline/airflow_venv/lib/python3.12/site-packages/airflow/example_dags/example_dag_decorator.py took 0.435 seconds
[2026-07-20T06:02:15.799+0000] {processor.py:161} INFO - Started process (PID=60042) to work on /workspaces/recomart-recommendation-pipeline/airflow_venv/lib/python3.12/site-packages/airflow/example_dags/example_dag_decorator.py
[2026-07-20T06:02:15.800+0000] {processor.py:830} INFO - Processing file /workspaces/recomart-recommendation-pipeline/airflow_venv/lib/python3.12/site-packages/airflow/example_dags/example_dag_decorator.py for tasks to queue
[2026-07-20T06:02:15.801+0000] {logging_mixin.py:188} INFO - [2026-07-20T06:02:15.801+0000] {dagbag.py:545} INFO - Filling up the DagBag from /workspaces/recomart-recommendation-pipeline/airflow_venv/lib/python3.12/site-packages/airflow/example_dags/example_dag_decorator.py
[2026-07-20T06:02:15.879+0000] {processor.py:840} INFO - DAG(s) 'example_dag_decorator' retrieved from /workspaces/recomart-recommendation-pipeline/airflow_venv/lib/python3.12/site-packages/airflow/example_dags/example_dag_decorator.py
[2026-07-20T06:02:16.083+0000] {logging_mixin.py:188} INFO - [2026-07-20T06:02:16.083+0000] {dag.py:3089} INFO - Sync 1 DAGs
[2026-07-20T06:02:16.091+0000] {logging_mixin.py:188} INFO - [2026-07-20T06:02:16.091+0000] {dag.py:3947} INFO - Setting next_dagrun for example_dag_decorator to None, run_after=None
[2026-07-20T06:02:16.110+0000] {processor.py:183} INFO - Processing /workspaces/recomart-recommendation-pipeline/airflow_venv/lib/python3.12/site-packages/airflow/example_dags/example_dag_decorator.py took 0.315 seconds
[2026-07-20T06:03:20.517+0000] {processor.py:161} INFO - Started process (PID=60584) to work on /workspaces/recomart-recommendation-pipeline/airflow_venv/lib/python3.12/site-packages/airflow/example_dags/example_dag_decorator.py
[2026-07-20T06:03:20.517+0000] {processor.py:830} INFO - Processing file /workspaces/recomart-recommendation-pipeline/airflow_venv/lib/python3.12/site-packages/airflow/example_dags/example_dag_decorator.py for tasks to queue
[2026-07-20T06:03:20.519+0000] {logging_mixin.py:188} INFO - [2026-07-20T06:03:20.518+0000] {dagbag.py:545} INFO - Filling up the DagBag from /workspaces/recomart-recommendation-pipeline/airflow_venv/lib/python3.12/site-packages/airflow/example_dags/example_dag_decorator.py
[2026-07-20T06:03:20.694+0000] {processor.py:840} INFO - DAG(s) 'example_dag_decorator' retrieved from /workspaces/recomart-recommendation-pipeline/airflow_venv/lib/python3.12/site-packages/airflow/example_dags/example_dag_decorator.py
[2026-07-20T06:03:20.772+0000] {logging_mixin.py:188} INFO - [2026-07-20T06:03:20.772+0000] {dag.py:3089} INFO - Sync 1 DAGs
[2026-07-20T06:03:20.781+0000] {logging_mixin.py:188} INFO - [2026-07-20T06:03:20.780+0000] {dag.py:3947} INFO - Setting next_dagrun for example_dag_decorator to None, run_after=None
[2026-07-20T06:03:20.797+0000] {processor.py:183} INFO - Processing /workspaces/recomart-recommendation-pipeline/airflow_venv/lib/python3.12/site-packages/airflow/example_dags/example_dag_decorator.py took 0.285 seconds
[2026-07-20T06:04:24.654+0000] {processor.py:161} INFO - Started process (PID=61158) to work on /workspaces/recomart-recommendation-pipeline/airflow_venv/lib/python3.12/site-packages/airflow/example_dags/example_dag_decorator.py
[2026-07-20T06:04:24.655+0000] {processor.py:830} INFO - Processing file /workspaces/recomart-recommendation-pipeline/airflow_venv/lib/python3.12/site-packages/airflow/example_dags/example_dag_decorator.py for tasks to queue
[2026-07-20T06:04:24.656+0000] {logging_mixin.py:188} INFO - [2026-07-20T06:04:24.656+0000] {dagbag.py:545} INFO - Filling up the DagBag from /workspaces/recomart-recommendation-pipeline/airflow_venv/lib/python3.12/site-packages/airflow/example_dags/example_dag_decorator.py
[2026-07-20T06:04:24.835+0000] {processor.py:840} INFO - DAG(s) 'example_dag_decorator' retrieved from /workspaces/recomart-recommendation-pipeline/airflow_venv/lib/python3.12/site-packages/airflow/example_dags/example_dag_decorator.py
[2026-07-20T06:04:24.919+0000] {logging_mixin.py:188} INFO - [2026-07-20T06:04:24.919+0000] {dag.py:3089} INFO - Sync 1 DAGs
[2026-07-20T06:04:24.926+0000] {logging_mixin.py:188} INFO - [2026-07-20T06:04:24.926+0000] {dag.py:3947} INFO - Setting next_dagrun for example_dag_decorator to None, run_after=None
[2026-07-20T06:04:24.941+0000] {processor.py:183} INFO - Processing /workspaces/recomart-recommendation-pipeline/airflow_venv/lib/python3.12/site-packages/airflow/example_dags/example_dag_decorator.py took 0.292 seconds
[2026-07-20T06:05:30.775+0000] {processor.py:161} INFO - Started process (PID=61689) to work on /workspaces/recomart-recommendation-pipeline/airflow_venv/lib/python3.12/site-packages/airflow/example_dags/example_dag_decorator.py
[2026-07-20T06:05:30.776+0000] {processor.py:830} INFO - Processing file /workspaces/recomart-recommendation-pipeline/airflow_venv/lib/python3.12/site-packages/airflow/example_dags/example_dag_decorator.py for tasks to queue
[2026-07-20T06:05:30.778+0000] {logging_mixin.py:188} INFO - [2026-07-20T06:05:30.778+0000] {dagbag.py:545} INFO - Filling up the DagBag from /workspaces/recomart-recommendation-pipeline/airflow_venv/lib/python3.12/site-packages/airflow/example_dags/example_dag_decorator.py
[2026-07-20T06:05:30.962+0000] {processor.py:840} INFO - DAG(s) 'example_dag_decorator' retrieved from /workspaces/recomart-recommendation-pipeline/airflow_venv/lib/python3.12/site-packages/airflow/example_dags/example_dag_decorator.py
[2026-07-20T06:05:31.048+0000] {logging_mixin.py:188} INFO - [2026-07-20T06:05:31.048+0000] {dag.py:3089} INFO - Sync 1 DAGs
[2026-07-20T06:05:31.054+0000] {logging_mixin.py:188} INFO - [2026-07-20T06:05:31.054+0000] {dag.py:3947} INFO - Setting next_dagrun for example_dag_decorator to None, run_after=None
[2026-07-20T06:05:31.071+0000] {processor.py:183} INFO - Processing /workspaces/recomart-recommendation-pipeline/airflow_venv/lib/python3.12/site-packages/airflow/example_dags/example_dag_decorator.py took 0.301 seconds
[2026-07-20T06:06:41.214+0000] {processor.py:161} INFO - Started process (PID=62316) to work on /workspaces/recomart-recommendation-pipeline/airflow_venv/lib/python3.12/site-packages/airflow/example_dags/example_dag_decorator.py
[2026-07-20T06:06:41.215+0000] {processor.py:830} INFO - Processing file /workspaces/recomart-recommendation-pipeline/airflow_venv/lib/python3.12/site-packages/airflow/example_dags/example_dag_decorator.py for tasks to queue
[2026-07-20T06:06:41.216+0000] {logging_mixin.py:188} INFO - [2026-07-20T06:06:41.216+0000] {dagbag.py:545} INFO - Filling up the DagBag from /workspaces/recomart-recommendation-pipeline/airflow_venv/lib/python3.12/site-packages/airflow/example_dags/example_dag_decorator.py
[2026-07-20T06:06:41.393+0000] {processor.py:840} INFO - DAG(s) 'example_dag_decorator' retrieved from /workspaces/recomart-recommendation-pipeline/airflow_venv/lib/python3.12/site-packages/airflow/example_dags/example_dag_decorator.py
[2026-07-20T06:06:41.471+0000] {logging_mixin.py:188} INFO - [2026-07-20T06:06:41.471+0000] {dag.py:3089} INFO - Sync 1 DAGs
[2026-07-20T06:06:41.479+0000] {logging_mixin.py:188} INFO - [2026-07-20T06:06:41.479+0000] {dag.py:3947} INFO - Setting next_dagrun for example_dag_decorator to None, run_after=None
[2026-07-20T06:06:41.497+0000] {processor.py:183} INFO - Processing /workspaces/recomart-recommendation-pipeline/airflow_venv/lib/python3.12/site-packages/airflow/example_dags/example_dag_decorator.py took 0.287 seconds
[2026-07-20T06:07:53.923+0000] {processor.py:161} INFO - Started process (PID=62890) to work on /workspaces/recomart-recommendation-pipeline/airflow_venv/lib/python3.12/site-packages/airflow/example_dags/example_dag_decorator.py
[2026-07-20T06:07:53.923+0000] {processor.py:830} INFO - Processing file /workspaces/recomart-recommendation-pipeline/airflow_venv/lib/python3.12/site-packages/airflow/example_dags/example_dag_decorator.py for tasks to queue
[2026-07-20T06:07:53.925+0000] {logging_mixin.py:188} INFO - [2026-07-20T06:07:53.924+0000] {dagbag.py:545} INFO - Filling up the DagBag from /workspaces/recomart-recommendation-pipeline/airflow_venv/lib/python3.12/site-packages/airflow/example_dags/example_dag_decorator.py
[2026-07-20T06:07:54.006+0000] {processor.py:840} INFO - DAG(s) 'example_dag_decorator' retrieved from /workspaces/recomart-recommendation-pipeline/airflow_venv/lib/python3.12/site-packages/airflow/example_dags/example_dag_decorator.py
[2026-07-20T06:07:54.098+0000] {logging_mixin.py:188} INFO - [2026-07-20T06:07:54.097+0000] {dag.py:3089} INFO - Sync 1 DAGs
[2026-07-20T06:07:54.109+0000] {logging_mixin.py:188} INFO - [2026-07-20T06:07:54.108+0000] {dag.py:3947} INFO - Setting next_dagrun for example_dag_decorator to None, run_after=None
[2026-07-20T06:07:54.126+0000] {processor.py:183} INFO - Processing /workspaces/recomart-recommendation-pipeline/airflow_venv/lib/python3.12/site-packages/airflow/example_dags/example_dag_decorator.py took 0.208 seconds
[2026-07-20T06:09:22.873+0000] {processor.py:161} INFO - Started process (PID=63790) to work on /workspaces/recomart-recommendation-pipeline/airflow_venv/lib/python3.12/site-packages/airflow/example_dags/example_dag_decorator.py
[2026-07-20T06:09:22.873+0000] {processor.py:830} INFO - Processing file /workspaces/recomart-recommendation-pipeline/airflow_venv/lib/python3.12/site-packages/airflow/example_dags/example_dag_decorator.py for tasks to queue
[2026-07-20T06:09:22.875+0000] {logging_mixin.py:188} INFO - [2026-07-20T06:09:22.874+0000] {dagbag.py:545} INFO - Filling up the DagBag from /workspaces/recomart-recommendation-pipeline/airflow_venv/lib/python3.12/site-packages/airflow/example_dags/example_dag_decorator.py
[2026-07-20T06:09:22.951+0000] {processor.py:840} INFO - DAG(s) 'example_dag_decorator' retrieved from /workspaces/recomart-recommendation-pipeline/airflow_venv/lib/python3.12/site-packages/airflow/example_dags/example_dag_decorator.py
[2026-07-20T06:09:23.038+0000] {logging_mixin.py:188} INFO - [2026-07-20T06:09:23.038+0000] {dag.py:3089} INFO - Sync 1 DAGs
[2026-07-20T06:09:23.046+0000] {logging_mixin.py:188} INFO - [2026-07-20T06:09:23.046+0000] {dag.py:3947} INFO - Setting next_dagrun for example_dag_decorator to None, run_after=None
[2026-07-20T06:09:23.062+0000] {processor.py:183} INFO - Processing /workspaces/recomart-recommendation-pipeline/airflow_venv/lib/python3.12/site-packages/airflow/example_dags/example_dag_decorator.py took 0.195 seconds
[2026-07-20T06:10:17.583+0000] {processor.py:161} INFO - Started process (PID=64239) to work on /workspaces/recomart-recommendation-pipeline/airflow_venv/lib/python3.12/site-packages/airflow/example_dags/example_dag_decorator.py
[2026-07-20T06:10:17.584+0000] {processor.py:830} INFO - Processing file /workspaces/recomart-recommendation-pipeline/airflow_venv/lib/python3.12/site-packages/airflow/example_dags/example_dag_decorator.py for tasks to queue
[2026-07-20T06:10:17.585+0000] {logging_mixin.py:188} INFO - [2026-07-20T06:10:17.585+0000] {dagbag.py:545} INFO - Filling up the DagBag from /workspaces/recomart-recommendation-pipeline/airflow_venv/lib/python3.12/site-packages/airflow/example_dags/example_dag_decorator.py
[2026-07-20T06:10:17.667+0000] {processor.py:840} INFO - DAG(s) 'example_dag_decorator' retrieved from /workspaces/recomart-recommendation-pipeline/airflow_venv/lib/python3.12/site-packages/airflow/example_dags/example_dag_decorator.py
[2026-07-20T06:10:17.755+0000] {logging_mixin.py:188} INFO - [2026-07-20T06:10:17.755+0000] {dag.py:3089} INFO - Sync 1 DAGs
[2026-07-20T06:10:17.764+0000] {logging_mixin.py:188} INFO - [2026-07-20T06:10:17.764+0000] {dag.py:3947} INFO - Setting next_dagrun for example_dag_decorator to None, run_after=None
[2026-07-20T06:10:17.815+0000] {processor.py:183} INFO - Processing /workspaces/recomart-recommendation-pipeline/airflow_venv/lib/python3.12/site-packages/airflow/example_dags/example_dag_decorator.py took 0.236 seconds
[2026-07-20T06:11:22.784+0000] {processor.py:161} INFO - Started process (PID=64956) to work on /workspaces/recomart-recommendation-pipeline/airflow_venv/lib/python3.12/site-packages/airflow/example_dags/example_dag_decorator.py
[2026-07-20T06:11:22.785+0000] {processor.py:830} INFO - Processing file /workspaces/recomart-recommendation-pipeline/airflow_venv/lib/python3.12/site-packages/airflow/example_dags/example_dag_decorator.py for tasks to queue
[2026-07-20T06:11:22.786+0000] {logging_mixin.py:188} INFO - [2026-07-20T06:11:22.786+0000] {dagbag.py:545} INFO - Filling up the DagBag from /workspaces/recomart-recommendation-pipeline/airflow_venv/lib/python3.12/site-packages/airflow/example_dags/example_dag_decorator.py
[2026-07-20T06:11:22.860+0000] {processor.py:840} INFO - DAG(s) 'example_dag_decorator' retrieved from /workspaces/recomart-recommendation-pipeline/airflow_venv/lib/python3.12/site-packages/airflow/example_dags/example_dag_decorator.py
[2026-07-20T06:11:22.955+0000] {logging_mixin.py:188} INFO - [2026-07-20T06:11:22.954+0000] {dag.py:3089} INFO - Sync 1 DAGs
[2026-07-20T06:11:23.062+0000] {logging_mixin.py:188} INFO - [2026-07-20T06:11:23.062+0000] {dag.py:3947} INFO - Setting next_dagrun for example_dag_decorator to None, run_after=None
[2026-07-20T06:11:23.080+0000] {processor.py:183} INFO - Processing /workspaces/recomart-recommendation-pipeline/airflow_venv/lib/python3.12/site-packages/airflow/example_dags/example_dag_decorator.py took 0.302 seconds
[2026-07-20T06:12:24.048+0000] {processor.py:161} INFO - Started process (PID=65460) to work on /workspaces/recomart-recommendation-pipeline/airflow_venv/lib/python3.12/site-packages/airflow/example_dags/example_dag_decorator.py
[2026-07-20T06:12:24.049+0000] {processor.py:830} INFO - Processing file /workspaces/recomart-recommendation-pipeline/airflow_venv/lib/python3.12/site-packages/airflow/example_dags/example_dag_decorator.py for tasks to queue
[2026-07-20T06:12:24.051+0000] {logging_mixin.py:188} INFO - [2026-07-20T06:12:24.050+0000] {dagbag.py:545} INFO - Filling up the DagBag from /workspaces/recomart-recommendation-pipeline/airflow_venv/lib/python3.12/site-packages/airflow/example_dags/example_dag_decorator.py
[2026-07-20T06:12:24.130+0000] {processor.py:840} INFO - DAG(s) 'example_dag_decorator' retrieved from /workspaces/recomart-recommendation-pipeline/airflow_venv/lib/python3.12/site-packages/airflow/example_dags/example_dag_decorator.py
[2026-07-20T06:12:24.311+0000] {logging_mixin.py:188} INFO - [2026-07-20T06:12:24.310+0000] {dag.py:3089} INFO - Sync 1 DAGs
[2026-07-20T06:12:24.317+0000] {logging_mixin.py:188} INFO - [2026-07-20T06:12:24.317+0000] {dag.py:3947} INFO - Setting next_dagrun for example_dag_decorator to None, run_after=None
[2026-07-20T06:12:24.335+0000] {processor.py:183} INFO - Processing /workspaces/recomart-recommendation-pipeline/airflow_venv/lib/python3.12/site-packages/airflow/example_dags/example_dag_decorator.py took 0.290 seconds
[2026-07-20T06:13:15.002+0000] {processor.py:161} INFO - Started process (PID=65885) to work on /workspaces/recomart-recommendation-pipeline/airflow_venv/lib/python3.12/site-packages/airflow/example_dags/example_dag_decorator.py
[2026-07-20T06:13:15.003+0000] {processor.py:830} INFO - Processing file /workspaces/recomart-recommendation-pipeline/airflow_venv/lib/python3.12/site-packages/airflow/example_dags/example_dag_decorator.py for tasks to queue
[2026-07-20T06:13:15.004+0000] {logging_mixin.py:188} INFO - [2026-07-20T06:13:15.004+0000] {dagbag.py:545} INFO - Filling up the DagBag from /workspaces/recomart-recommendation-pipeline/airflow_venv/lib/python3.12/site-packages/airflow/example_dags/example_dag_decorator.py
[2026-07-20T06:13:15.195+0000] {processor.py:840} INFO - DAG(s) 'example_dag_decorator' retrieved from /workspaces/recomart-recommendation-pipeline/airflow_venv/lib/python3.12/site-packages/airflow/example_dags/example_dag_decorator.py
[2026-07-20T06:13:15.315+0000] {logging_mixin.py:188} INFO - [2026-07-20T06:13:15.315+0000] {dag.py:3089} INFO - Sync 1 DAGs
[2026-07-20T06:13:15.322+0000] {logging_mixin.py:188} INFO - [2026-07-20T06:13:15.322+0000] {dag.py:3947} INFO - Setting next_dagrun for example_dag_decorator to None, run_after=None
[2026-07-20T06:13:15.338+0000] {processor.py:183} INFO - Processing /workspaces/recomart-recommendation-pipeline/airflow_venv/lib/python3.12/site-packages/airflow/example_dags/example_dag_decorator.py took 0.340 seconds
[2026-07-20T06:14:24.857+0000] {processor.py:161} INFO - Started process (PID=66730) to work on /workspaces/recomart-recommendation-pipeline/airflow_venv/lib/python3.12/site-packages/airflow/example_dags/example_dag_decorator.py
[2026-07-20T06:14:24.857+0000] {processor.py:830} INFO - Processing file /workspaces/recomart-recommendation-pipeline/airflow_venv/lib/python3.12/site-packages/airflow/example_dags/example_dag_decorator.py for tasks to queue
[2026-07-20T06:14:24.858+0000] {logging_mixin.py:188} INFO - [2026-07-20T06:14:24.858+0000] {dagbag.py:545} INFO - Filling up the DagBag from /workspaces/recomart-recommendation-pipeline/airflow_venv/lib/python3.12/site-packages/airflow/example_dags/example_dag_decorator.py
[2026-07-20T06:14:25.048+0000] {processor.py:840} INFO - DAG(s) 'example_dag_decorator' retrieved from /workspaces/recomart-recommendation-pipeline/airflow_venv/lib/python3.12/site-packages/airflow/example_dags/example_dag_decorator.py
[2026-07-20T06:14:25.130+0000] {logging_mixin.py:188} INFO - [2026-07-20T06:14:25.129+0000] {dag.py:3089} INFO - Sync 1 DAGs
[2026-07-20T06:14:25.136+0000] {logging_mixin.py:188} INFO - [2026-07-20T06:14:25.136+0000] {dag.py:3947} INFO - Setting next_dagrun for example_dag_decorator to None, run_after=None
[2026-07-20T06:14:25.150+0000] {processor.py:183} INFO - Processing /workspaces/recomart-recommendation-pipeline/airflow_venv/lib/python3.12/site-packages/airflow/example_dags/example_dag_decorator.py took 0.298 seconds
[2026-07-20T06:15:32.889+0000] {processor.py:161} INFO - Started process (PID=67340) to work on /workspaces/recomart-recommendation-pipeline/airflow_venv/lib/python3.12/site-packages/airflow/example_dags/example_dag_decorator.py
[2026-07-20T06:15:32.894+0000] {processor.py:830} INFO - Processing file /workspaces/recomart-recommendation-pipeline/airflow_venv/lib/python3.12/site-packages/airflow/example_dags/example_dag_decorator.py for tasks to queue
[2026-07-20T06:15:32.897+0000] {logging_mixin.py:188} INFO - [2026-07-20T06:15:32.896+0000] {dagbag.py:545} INFO - Filling up the DagBag from /workspaces/recomart-recommendation-pipeline/airflow_venv/lib/python3.12/site-packages/airflow/example_dags/example_dag_decorator.py
[2026-07-20T06:15:33.135+0000] {processor.py:840} INFO - DAG(s) 'example_dag_decorator' retrieved from /workspaces/recomart-recommendation-pipeline/airflow_venv/lib/python3.12/site-packages/airflow/example_dags/example_dag_decorator.py
[2026-07-20T06:15:33.278+0000] {logging_mixin.py:188} INFO - [2026-07-20T06:15:33.278+0000] {dag.py:3089} INFO - Sync 1 DAGs
[2026-07-20T06:15:33.308+0000] {logging_mixin.py:188} INFO - [2026-07-20T06:15:33.308+0000] {dag.py:3947} INFO - Setting next_dagrun for example_dag_decorator to None, run_after=None
[2026-07-20T06:15:33.424+0000] {processor.py:183} INFO - Processing /workspaces/recomart-recommendation-pipeline/airflow_venv/lib/python3.12/site-packages/airflow/example_dags/example_dag_decorator.py took 0.546 seconds
[2026-07-20T06:31:25.063+0000] {processor.py:161} INFO - Started process (PID=73839) to work on /workspaces/recomart-recommendation-pipeline/airflow_venv/lib/python3.12/site-packages/airflow/example_dags/example_dag_decorator.py
[2026-07-20T06:31:25.064+0000] {processor.py:830} INFO - Processing file /workspaces/recomart-recommendation-pipeline/airflow_venv/lib/python3.12/site-packages/airflow/example_dags/example_dag_decorator.py for tasks to queue
[2026-07-20T06:31:25.066+0000] {logging_mixin.py:188} INFO - [2026-07-20T06:31:25.065+0000] {dagbag.py:545} INFO - Filling up the DagBag from /workspaces/recomart-recommendation-pipeline/airflow_venv/lib/python3.12/site-packages/airflow/example_dags/example_dag_decorator.py
[2026-07-20T06:31:25.151+0000] {processor.py:840} INFO - DAG(s) 'example_dag_decorator' retrieved from /workspaces/recomart-recommendation-pipeline/airflow_venv/lib/python3.12/site-packages/airflow/example_dags/example_dag_decorator.py
[2026-07-20T06:31:25.246+0000] {logging_mixin.py:188} INFO - [2026-07-20T06:31:25.245+0000] {dag.py:3089} INFO - Sync 1 DAGs
[2026-07-20T06:31:25.252+0000] {logging_mixin.py:188} INFO - [2026-07-20T06:31:25.252+0000] {dag.py:3947} INFO - Setting next_dagrun for example_dag_decorator to None, run_after=None
[2026-07-20T06:31:25.270+0000] {processor.py:183} INFO - Processing /workspaces/recomart-recommendation-pipeline/airflow_venv/lib/python3.12/site-packages/airflow/example_dags/example_dag_decorator.py took 0.213 seconds
[2026-07-20T06:32:19.700+0000] {processor.py:161} INFO - Started process (PID=74606) to work on /workspaces/recomart-recommendation-pipeline/airflow_venv/lib/python3.12/site-packages/airflow/example_dags/example_dag_decorator.py
[2026-07-20T06:32:19.701+0000] {processor.py:830} INFO - Processing file /workspaces/recomart-recommendation-pipeline/airflow_venv/lib/python3.12/site-packages/airflow/example_dags/example_dag_decorator.py for tasks to queue
[2026-07-20T06:32:19.702+0000] {logging_mixin.py:188} INFO - [2026-07-20T06:32:19.702+0000] {dagbag.py:545} INFO - Filling up the DagBag from /workspaces/recomart-recommendation-pipeline/airflow_venv/lib/python3.12/site-packages/airflow/example_dags/example_dag_decorator.py
[2026-07-20T06:32:19.786+0000] {processor.py:840} INFO - DAG(s) 'example_dag_decorator' retrieved from /workspaces/recomart-recommendation-pipeline/airflow_venv/lib/python3.12/site-packages/airflow/example_dags/example_dag_decorator.py
[2026-07-20T06:32:19.870+0000] {logging_mixin.py:188} INFO - [2026-07-20T06:32:19.870+0000] {dag.py:3089} INFO - Sync 1 DAGs
[2026-07-20T06:32:19.879+0000] {logging_mixin.py:188} INFO - [2026-07-20T06:32:19.879+0000] {dag.py:3947} INFO - Setting next_dagrun for example_dag_decorator to None, run_after=None
[2026-07-20T06:32:19.899+0000] {processor.py:183} INFO - Processing /workspaces/recomart-recommendation-pipeline/airflow_venv/lib/python3.12/site-packages/airflow/example_dags/example_dag_decorator.py took 0.203 seconds
[2026-07-20T06:33:26.379+0000] {processor.py:161} INFO - Started process (PID=75143) to work on /workspaces/recomart-recommendation-pipeline/airflow_venv/lib/python3.12/site-packages/airflow/example_dags/example_dag_decorator.py
[2026-07-20T06:33:26.379+0000] {processor.py:830} INFO - Processing file /workspaces/recomart-recommendation-pipeline/airflow_venv/lib/python3.12/site-packages/airflow/example_dags/example_dag_decorator.py for tasks to queue
[2026-07-20T06:33:26.381+0000] {logging_mixin.py:188} INFO - [2026-07-20T06:33:26.380+0000] {dagbag.py:545} INFO - Filling up the DagBag from /workspaces/recomart-recommendation-pipeline/airflow_venv/lib/python3.12/site-packages/airflow/example_dags/example_dag_decorator.py
[2026-07-20T06:33:26.457+0000] {processor.py:840} INFO - DAG(s) 'example_dag_decorator' retrieved from /workspaces/recomart-recommendation-pipeline/airflow_venv/lib/python3.12/site-packages/airflow/example_dags/example_dag_decorator.py
[2026-07-20T06:33:26.548+0000] {logging_mixin.py:188} INFO - [2026-07-20T06:33:26.547+0000] {dag.py:3089} INFO - Sync 1 DAGs
[2026-07-20T06:33:26.679+0000] {logging_mixin.py:188} INFO - [2026-07-20T06:33:26.678+0000] {dag.py:3947} INFO - Setting next_dagrun for example_dag_decorator to None, run_after=None
[2026-07-20T06:33:26.696+0000] {processor.py:183} INFO - Processing /workspaces/recomart-recommendation-pipeline/airflow_venv/lib/python3.12/site-packages/airflow/example_dags/example_dag_decorator.py took 0.323 seconds
[2026-07-20T06:34:56.229+0000] {processor.py:161} INFO - Started process (PID=76787) to work on /workspaces/recomart-recommendation-pipeline/airflow_venv/lib/python3.12/site-packages/airflow/example_dags/example_dag_decorator.py
[2026-07-20T06:34:56.230+0000] {processor.py:830} INFO - Processing file /workspaces/recomart-recommendation-pipeline/airflow_venv/lib/python3.12/site-packages/airflow/example_dags/example_dag_decorator.py for tasks to queue
[2026-07-20T06:34:56.231+0000] {logging_mixin.py:188} INFO - [2026-07-20T06:34:56.231+0000] {dagbag.py:545} INFO - Filling up the DagBag from /workspaces/recomart-recommendation-pipeline/airflow_venv/lib/python3.12/site-packages/airflow/example_dags/example_dag_decorator.py
[2026-07-20T06:34:56.307+0000] {processor.py:840} INFO - DAG(s) 'example_dag_decorator' retrieved from /workspaces/recomart-recommendation-pipeline/airflow_venv/lib/python3.12/site-packages/airflow/example_dags/example_dag_decorator.py
[2026-07-20T06:34:56.322+0000] {logging_mixin.py:188} INFO - [2026-07-20T06:34:56.321+0000] {dag.py:3089} INFO - Sync 1 DAGs
[2026-07-20T06:34:56.333+0000] {logging_mixin.py:188} INFO - [2026-07-20T06:34:56.332+0000] {dag.py:3947} INFO - Setting next_dagrun for example_dag_decorator to None, run_after=None
[2026-07-20T06:34:56.350+0000] {processor.py:183} INFO - Processing /workspaces/recomart-recommendation-pipeline/airflow_venv/lib/python3.12/site-packages/airflow/example_dags/example_dag_decorator.py took 0.125 seconds
[2026-07-20T06:35:50.433+0000] {processor.py:161} INFO - Started process (PID=77839) to work on /workspaces/recomart-recommendation-pipeline/airflow_venv/lib/python3.12/site-packages/airflow/example_dags/example_dag_decorator.py
[2026-07-20T06:35:50.434+0000] {processor.py:830} INFO - Processing file /workspaces/recomart-recommendation-pipeline/airflow_venv/lib/python3.12/site-packages/airflow/example_dags/example_dag_decorator.py for tasks to queue
[2026-07-20T06:35:50.436+0000] {logging_mixin.py:188} INFO - [2026-07-20T06:35:50.435+0000] {dagbag.py:545} INFO - Filling up the DagBag from /workspaces/recomart-recommendation-pipeline/airflow_venv/lib/python3.12/site-packages/airflow/example_dags/example_dag_decorator.py
[2026-07-20T06:35:50.617+0000] {processor.py:840} INFO - DAG(s) 'example_dag_decorator' retrieved from /workspaces/recomart-recommendation-pipeline/airflow_venv/lib/python3.12/site-packages/airflow/example_dags/example_dag_decorator.py
[2026-07-20T06:35:50.703+0000] {logging_mixin.py:188} INFO - [2026-07-20T06:35:50.702+0000] {dag.py:3089} INFO - Sync 1 DAGs
[2026-07-20T06:35:50.709+0000] {logging_mixin.py:188} INFO - [2026-07-20T06:35:50.709+0000] {dag.py:3947} INFO - Setting next_dagrun for example_dag_decorator to None, run_after=None
[2026-07-20T06:35:50.726+0000] {processor.py:183} INFO - Processing /workspaces/recomart-recommendation-pipeline/airflow_venv/lib/python3.12/site-packages/airflow/example_dags/example_dag_decorator.py took 0.298 seconds
[2026-07-20T06:37:04.935+0000] {processor.py:161} INFO - Started process (PID=78859) to work on /workspaces/recomart-recommendation-pipeline/airflow_venv/lib/python3.12/site-packages/airflow/example_dags/example_dag_decorator.py
[2026-07-20T06:37:04.937+0000] {processor.py:830} INFO - Processing file /workspaces/recomart-recommendation-pipeline/airflow_venv/lib/python3.12/site-packages/airflow/example_dags/example_dag_decorator.py for tasks to queue
[2026-07-20T06:37:04.939+0000] {logging_mixin.py:188} INFO - [2026-07-20T06:37:04.938+0000] {dagbag.py:545} INFO - Filling up the DagBag from /workspaces/recomart-recommendation-pipeline/airflow_venv/lib/python3.12/site-packages/airflow/example_dags/example_dag_decorator.py
[2026-07-20T06:37:05.190+0000] {processor.py:840} INFO - DAG(s) 'example_dag_decorator' retrieved from /workspaces/recomart-recommendation-pipeline/airflow_venv/lib/python3.12/site-packages/airflow/example_dags/example_dag_decorator.py
[2026-07-20T06:37:05.313+0000] {logging_mixin.py:188} INFO - [2026-07-20T06:37:05.313+0000] {dag.py:3089} INFO - Sync 1 DAGs
[2026-07-20T06:37:05.324+0000] {logging_mixin.py:188} INFO - [2026-07-20T06:37:05.323+0000] {dag.py:3947} INFO - Setting next_dagrun for example_dag_decorator to None, run_after=None
[2026-07-20T06:37:05.340+0000] {processor.py:183} INFO - Processing /workspaces/recomart-recommendation-pipeline/airflow_venv/lib/python3.12/site-packages/airflow/example_dags/example_dag_decorator.py took 0.412 seconds
[2026-07-20T06:38:12.901+0000] {processor.py:161} INFO - Started process (PID=79427) to work on /workspaces/recomart-recommendation-pipeline/airflow_venv/lib/python3.12/site-packages/airflow/example_dags/example_dag_decorator.py
[2026-07-20T06:38:12.902+0000] {processor.py:830} INFO - Processing file /workspaces/recomart-recommendation-pipeline/airflow_venv/lib/python3.12/site-packages/airflow/example_dags/example_dag_decorator.py for tasks to queue
[2026-07-20T06:38:12.903+0000] {logging_mixin.py:188} INFO - [2026-07-20T06:38:12.903+0000] {dagbag.py:545} INFO - Filling up the DagBag from /workspaces/recomart-recommendation-pipeline/airflow_venv/lib/python3.12/site-packages/airflow/example_dags/example_dag_decorator.py
[2026-07-20T06:38:13.095+0000] {processor.py:840} INFO - DAG(s) 'example_dag_decorator' retrieved from /workspaces/recomart-recommendation-pipeline/airflow_venv/lib/python3.12/site-packages/airflow/example_dags/example_dag_decorator.py
[2026-07-20T06:38:13.196+0000] {logging_mixin.py:188} INFO - [2026-07-20T06:38:13.195+0000] {dag.py:3089} INFO - Sync 1 DAGs
[2026-07-20T06:38:13.202+0000] {logging_mixin.py:188} INFO - [2026-07-20T06:38:13.202+0000] {dag.py:3947} INFO - Setting next_dagrun for example_dag_decorator to None, run_after=None
[2026-07-20T06:38:13.220+0000] {processor.py:183} INFO - Processing /workspaces/recomart-recommendation-pipeline/airflow_venv/lib/python3.12/site-packages/airflow/example_dags/example_dag_decorator.py took 0.323 seconds
[2026-07-20T06:39:03.126+0000] {processor.py:161} INFO - Started process (PID=79851) to work on /workspaces/recomart-recommendation-pipeline/airflow_venv/lib/python3.12/site-packages/airflow/example_dags/example_dag_decorator.py
[2026-07-20T06:39:03.126+0000] {processor.py:830} INFO - Processing file /workspaces/recomart-recommendation-pipeline/airflow_venv/lib/python3.12/site-packages/airflow/example_dags/example_dag_decorator.py for tasks to queue
[2026-07-20T06:39:03.128+0000] {logging_mixin.py:188} INFO - [2026-07-20T06:39:03.127+0000] {dagbag.py:545} INFO - Filling up the DagBag from /workspaces/recomart-recommendation-pipeline/airflow_venv/lib/python3.12/site-packages/airflow/example_dags/example_dag_decorator.py
[2026-07-20T06:39:03.303+0000] {processor.py:840} INFO - DAG(s) 'example_dag_decorator' retrieved from /workspaces/recomart-recommendation-pipeline/airflow_venv/lib/python3.12/site-packages/airflow/example_dags/example_dag_decorator.py
[2026-07-20T06:39:03.384+0000] {logging_mixin.py:188} INFO - [2026-07-20T06:39:03.384+0000] {dag.py:3089} INFO - Sync 1 DAGs
[2026-07-20T06:39:03.390+0000] {logging_mixin.py:188} INFO - [2026-07-20T06:39:03.390+0000] {dag.py:3947} INFO - Setting next_dagrun for example_dag_decorator to None, run_after=None
[2026-07-20T06:39:03.409+0000] {processor.py:183} INFO - Processing /workspaces/recomart-recommendation-pipeline/airflow_venv/lib/python3.12/site-packages/airflow/example_dags/example_dag_decorator.py took 0.288 seconds
[2026-07-20T06:40:18.405+0000] {processor.py:161} INFO - Started process (PID=80449) to work on /workspaces/recomart-recommendation-pipeline/airflow_venv/lib/python3.12/site-packages/airflow/example_dags/example_dag_decorator.py
[2026-07-20T06:40:18.406+0000] {processor.py:830} INFO - Processing file /workspaces/recomart-recommendation-pipeline/airflow_venv/lib/python3.12/site-packages/airflow/example_dags/example_dag_decorator.py for tasks to queue
[2026-07-20T06:40:18.408+0000] {logging_mixin.py:188} INFO - [2026-07-20T06:40:18.408+0000] {dagbag.py:545} INFO - Filling up the DagBag from /workspaces/recomart-recommendation-pipeline/airflow_venv/lib/python3.12/site-packages/airflow/example_dags/example_dag_decorator.py
[2026-07-20T06:40:18.531+0000] {processor.py:840} INFO - DAG(s) 'example_dag_decorator' retrieved from /workspaces/recomart-recommendation-pipeline/airflow_venv/lib/python3.12/site-packages/airflow/example_dags/example_dag_decorator.py
[2026-07-20T06:40:18.688+0000] {logging_mixin.py:188} INFO - [2026-07-20T06:40:18.686+0000] {dag.py:3089} INFO - Sync 1 DAGs
[2026-07-20T06:40:18.701+0000] {logging_mixin.py:188} INFO - [2026-07-20T06:40:18.701+0000] {dag.py:3947} INFO - Setting next_dagrun for example_dag_decorator to None, run_after=None
[2026-07-20T06:40:18.749+0000] {processor.py:183} INFO - Processing /workspaces/recomart-recommendation-pipeline/airflow_venv/lib/python3.12/site-packages/airflow/example_dags/example_dag_decorator.py took 0.351 seconds
[2026-07-20T06:41:27.592+0000] {processor.py:161} INFO - Started process (PID=81071) to work on /workspaces/recomart-recommendation-pipeline/airflow_venv/lib/python3.12/site-packages/airflow/example_dags/example_dag_decorator.py
[2026-07-20T06:41:27.593+0000] {processor.py:830} INFO - Processing file /workspaces/recomart-recommendation-pipeline/airflow_venv/lib/python3.12/site-packages/airflow/example_dags/example_dag_decorator.py for tasks to queue
[2026-07-20T06:41:27.596+0000] {logging_mixin.py:188} INFO - [2026-07-20T06:41:27.595+0000] {dagbag.py:545} INFO - Filling up the DagBag from /workspaces/recomart-recommendation-pipeline/airflow_venv/lib/python3.12/site-packages/airflow/example_dags/example_dag_decorator.py
[2026-07-20T06:41:27.727+0000] {processor.py:840} INFO - DAG(s) 'example_dag_decorator' retrieved from /workspaces/recomart-recommendation-pipeline/airflow_venv/lib/python3.12/site-packages/airflow/example_dags/example_dag_decorator.py
[2026-07-20T06:41:27.862+0000] {logging_mixin.py:188} INFO - [2026-07-20T06:41:27.862+0000] {dag.py:3089} INFO - Sync 1 DAGs
[2026-07-20T06:41:27.874+0000] {logging_mixin.py:188} INFO - [2026-07-20T06:41:27.874+0000] {dag.py:3947} INFO - Setting next_dagrun for example_dag_decorator to None, run_after=None
[2026-07-20T06:41:27.925+0000] {processor.py:183} INFO - Processing /workspaces/recomart-recommendation-pipeline/airflow_venv/lib/python3.12/site-packages/airflow/example_dags/example_dag_decorator.py took 0.345 seconds
[2026-07-20T06:42:39.297+0000] {processor.py:161} INFO - Started process (PID=81657) to work on /workspaces/recomart-recommendation-pipeline/airflow_venv/lib/python3.12/site-packages/airflow/example_dags/example_dag_decorator.py
[2026-07-20T06:42:39.298+0000] {processor.py:830} INFO - Processing file /workspaces/recomart-recommendation-pipeline/airflow_venv/lib/python3.12/site-packages/airflow/example_dags/example_dag_decorator.py for tasks to queue
[2026-07-20T06:42:39.299+0000] {logging_mixin.py:188} INFO - [2026-07-20T06:42:39.299+0000] {dagbag.py:545} INFO - Filling up the DagBag from /workspaces/recomart-recommendation-pipeline/airflow_venv/lib/python3.12/site-packages/airflow/example_dags/example_dag_decorator.py
[2026-07-20T06:42:39.375+0000] {processor.py:840} INFO - DAG(s) 'example_dag_decorator' retrieved from /workspaces/recomart-recommendation-pipeline/airflow_venv/lib/python3.12/site-packages/airflow/example_dags/example_dag_decorator.py
[2026-07-20T06:42:39.459+0000] {logging_mixin.py:188} INFO - [2026-07-20T06:42:39.458+0000] {dag.py:3089} INFO - Sync 1 DAGs
[2026-07-20T06:42:39.465+0000] {logging_mixin.py:188} INFO - [2026-07-20T06:42:39.465+0000] {dag.py:3947} INFO - Setting next_dagrun for example_dag_decorator to None, run_after=None
[2026-07-20T06:42:39.485+0000] {processor.py:183} INFO - Processing /workspaces/recomart-recommendation-pipeline/airflow_venv/lib/python3.12/site-packages/airflow/example_dags/example_dag_decorator.py took 0.193 seconds
[2026-07-20T06:43:52.645+0000] {processor.py:161} INFO - Started process (PID=82295) to work on /workspaces/recomart-recommendation-pipeline/airflow_venv/lib/python3.12/site-packages/airflow/example_dags/example_dag_decorator.py
[2026-07-20T06:43:52.646+0000] {processor.py:830} INFO - Processing file /workspaces/recomart-recommendation-pipeline/airflow_venv/lib/python3.12/site-packages/airflow/example_dags/example_dag_decorator.py for tasks to queue
[2026-07-20T06:43:52.647+0000] {logging_mixin.py:188} INFO - [2026-07-20T06:43:52.647+0000] {dagbag.py:545} INFO - Filling up the DagBag from /workspaces/recomart-recommendation-pipeline/airflow_venv/lib/python3.12/site-packages/airflow/example_dags/example_dag_decorator.py
[2026-07-20T06:43:52.731+0000] {processor.py:840} INFO - DAG(s) 'example_dag_decorator' retrieved from /workspaces/recomart-recommendation-pipeline/airflow_venv/lib/python3.12/site-packages/airflow/example_dags/example_dag_decorator.py
[2026-07-20T06:43:52.819+0000] {logging_mixin.py:188} INFO - [2026-07-20T06:43:52.819+0000] {dag.py:3089} INFO - Sync 1 DAGs
[2026-07-20T06:43:52.826+0000] {logging_mixin.py:188} INFO - [2026-07-20T06:43:52.825+0000] {dag.py:3947} INFO - Setting next_dagrun for example_dag_decorator to None, run_after=None
[2026-07-20T06:43:52.842+0000] {processor.py:183} INFO - Processing /workspaces/recomart-recommendation-pipeline/airflow_venv/lib/python3.12/site-packages/airflow/example_dags/example_dag_decorator.py took 0.202 seconds
[2026-07-20T06:44:58.019+0000] {processor.py:161} INFO - Started process (PID=82852) to work on /workspaces/recomart-recommendation-pipeline/airflow_venv/lib/python3.12/site-packages/airflow/example_dags/example_dag_decorator.py
[2026-07-20T06:44:58.021+0000] {processor.py:830} INFO - Processing file /workspaces/recomart-recommendation-pipeline/airflow_venv/lib/python3.12/site-packages/airflow/example_dags/example_dag_decorator.py for tasks to queue
[2026-07-20T06:44:58.024+0000] {logging_mixin.py:188} INFO - [2026-07-20T06:44:58.024+0000] {dagbag.py:545} INFO - Filling up the DagBag from /workspaces/recomart-recommendation-pipeline/airflow_venv/lib/python3.12/site-packages/airflow/example_dags/example_dag_decorator.py
[2026-07-20T06:44:58.143+0000] {processor.py:840} INFO - DAG(s) 'example_dag_decorator' retrieved from /workspaces/recomart-recommendation-pipeline/airflow_venv/lib/python3.12/site-packages/airflow/example_dags/example_dag_decorator.py
[2026-07-20T06:44:58.253+0000] {logging_mixin.py:188} INFO - [2026-07-20T06:44:58.253+0000] {dag.py:3089} INFO - Sync 1 DAGs
[2026-07-20T06:44:58.260+0000] {logging_mixin.py:188} INFO - [2026-07-20T06:44:58.260+0000] {dag.py:3947} INFO - Setting next_dagrun for example_dag_decorator to None, run_after=None
[2026-07-20T06:44:58.281+0000] {processor.py:183} INFO - Processing /workspaces/recomart-recommendation-pipeline/airflow_venv/lib/python3.12/site-packages/airflow/example_dags/example_dag_decorator.py took 0.276 seconds
[2026-07-20T06:46:01.090+0000] {processor.py:161} INFO - Started process (PID=83431) to work on /workspaces/recomart-recommendation-pipeline/airflow_venv/lib/python3.12/site-packages/airflow/example_dags/example_dag_decorator.py
[2026-07-20T06:46:01.090+0000] {processor.py:830} INFO - Processing file /workspaces/recomart-recommendation-pipeline/airflow_venv/lib/python3.12/site-packages/airflow/example_dags/example_dag_decorator.py for tasks to queue
[2026-07-20T06:46:01.092+0000] {logging_mixin.py:188} INFO - [2026-07-20T06:46:01.091+0000] {dagbag.py:545} INFO - Filling up the DagBag from /workspaces/recomart-recommendation-pipeline/airflow_venv/lib/python3.12/site-packages/airflow/example_dags/example_dag_decorator.py
[2026-07-20T06:46:01.172+0000] {processor.py:840} INFO - DAG(s) 'example_dag_decorator' retrieved from /workspaces/recomart-recommendation-pipeline/airflow_venv/lib/python3.12/site-packages/airflow/example_dags/example_dag_decorator.py
[2026-07-20T06:46:01.259+0000] {logging_mixin.py:188} INFO - [2026-07-20T06:46:01.259+0000] {dag.py:3089} INFO - Sync 1 DAGs
[2026-07-20T06:46:01.266+0000] {logging_mixin.py:188} INFO - [2026-07-20T06:46:01.266+0000] {dag.py:3947} INFO - Setting next_dagrun for example_dag_decorator to None, run_after=None
[2026-07-20T06:46:01.286+0000] {processor.py:183} INFO - Processing /workspaces/recomart-recommendation-pipeline/airflow_venv/lib/python3.12/site-packages/airflow/example_dags/example_dag_decorator.py took 0.203 seconds
[2026-07-20T06:47:07.339+0000] {processor.py:161} INFO - Started process (PID=83968) to work on /workspaces/recomart-recommendation-pipeline/airflow_venv/lib/python3.12/site-packages/airflow/example_dags/example_dag_decorator.py
[2026-07-20T06:47:07.340+0000] {processor.py:830} INFO - Processing file /workspaces/recomart-recommendation-pipeline/airflow_venv/lib/python3.12/site-packages/airflow/example_dags/example_dag_decorator.py for tasks to queue
[2026-07-20T06:47:07.341+0000] {logging_mixin.py:188} INFO - [2026-07-20T06:47:07.341+0000] {dagbag.py:545} INFO - Filling up the DagBag from /workspaces/recomart-recommendation-pipeline/airflow_venv/lib/python3.12/site-packages/airflow/example_dags/example_dag_decorator.py
[2026-07-20T06:47:07.418+0000] {processor.py:840} INFO - DAG(s) 'example_dag_decorator' retrieved from /workspaces/recomart-recommendation-pipeline/airflow_venv/lib/python3.12/site-packages/airflow/example_dags/example_dag_decorator.py
[2026-07-20T06:47:07.510+0000] {logging_mixin.py:188} INFO - [2026-07-20T06:47:07.510+0000] {dag.py:3089} INFO - Sync 1 DAGs
[2026-07-20T06:47:07.518+0000] {logging_mixin.py:188} INFO - [2026-07-20T06:47:07.518+0000] {dag.py:3947} INFO - Setting next_dagrun for example_dag_decorator to None, run_after=None
[2026-07-20T06:47:07.536+0000] {processor.py:183} INFO - Processing /workspaces/recomart-recommendation-pipeline/airflow_venv/lib/python3.12/site-packages/airflow/example_dags/example_dag_decorator.py took 0.201 seconds
[2026-07-20T06:48:09.927+0000] {processor.py:161} INFO - Started process (PID=84480) to work on /workspaces/recomart-recommendation-pipeline/airflow_venv/lib/python3.12/site-packages/airflow/example_dags/example_dag_decorator.py
[2026-07-20T06:48:09.928+0000] {processor.py:830} INFO - Processing file /workspaces/recomart-recommendation-pipeline/airflow_venv/lib/python3.12/site-packages/airflow/example_dags/example_dag_decorator.py for tasks to queue
[2026-07-20T06:48:09.929+0000] {logging_mixin.py:188} INFO - [2026-07-20T06:48:09.929+0000] {dagbag.py:545} INFO - Filling up the DagBag from /workspaces/recomart-recommendation-pipeline/airflow_venv/lib/python3.12/site-packages/airflow/example_dags/example_dag_decorator.py
[2026-07-20T06:48:10.007+0000] {processor.py:840} INFO - DAG(s) 'example_dag_decorator' retrieved from /workspaces/recomart-recommendation-pipeline/airflow_venv/lib/python3.12/site-packages/airflow/example_dags/example_dag_decorator.py
[2026-07-20T06:48:10.099+0000] {logging_mixin.py:188} INFO - [2026-07-20T06:48:10.099+0000] {dag.py:3089} INFO - Sync 1 DAGs
[2026-07-20T06:48:10.106+0000] {logging_mixin.py:188} INFO - [2026-07-20T06:48:10.106+0000] {dag.py:3947} INFO - Setting next_dagrun for example_dag_decorator to None, run_after=None
[2026-07-20T06:48:10.123+0000] {processor.py:183} INFO - Processing /workspaces/recomart-recommendation-pipeline/airflow_venv/lib/python3.12/site-packages/airflow/example_dags/example_dag_decorator.py took 0.200 seconds
[2026-07-20T06:49:13.046+0000] {processor.py:161} INFO - Started process (PID=85135) to work on /workspaces/recomart-recommendation-pipeline/airflow_venv/lib/python3.12/site-packages/airflow/example_dags/example_dag_decorator.py
[2026-07-20T06:49:13.048+0000] {processor.py:830} INFO - Processing file /workspaces/recomart-recommendation-pipeline/airflow_venv/lib/python3.12/site-packages/airflow/example_dags/example_dag_decorator.py for tasks to queue
[2026-07-20T06:49:13.051+0000] {logging_mixin.py:188} INFO - [2026-07-20T06:49:13.050+0000] {dagbag.py:545} INFO - Filling up the DagBag from /workspaces/recomart-recommendation-pipeline/airflow_venv/lib/python3.12/site-packages/airflow/example_dags/example_dag_decorator.py
[2026-07-20T06:49:13.184+0000] {processor.py:840} INFO - DAG(s) 'example_dag_decorator' retrieved from /workspaces/recomart-recommendation-pipeline/airflow_venv/lib/python3.12/site-packages/airflow/example_dags/example_dag_decorator.py
[2026-07-20T06:49:13.335+0000] {logging_mixin.py:188} INFO - [2026-07-20T06:49:13.334+0000] {dag.py:3089} INFO - Sync 1 DAGs
[2026-07-20T06:49:13.347+0000] {logging_mixin.py:188} INFO - [2026-07-20T06:49:13.347+0000] {dag.py:3947} INFO - Setting next_dagrun for example_dag_decorator to None, run_after=None
[2026-07-20T06:49:13.385+0000] {processor.py:183} INFO - Processing /workspaces/recomart-recommendation-pipeline/airflow_venv/lib/python3.12/site-packages/airflow/example_dags/example_dag_decorator.py took 0.348 seconds
[2026-07-20T06:50:17.159+0000] {processor.py:161} INFO - Started process (PID=85775) to work on /workspaces/recomart-recommendation-pipeline/airflow_venv/lib/python3.12/site-packages/airflow/example_dags/example_dag_decorator.py
[2026-07-20T06:50:17.159+0000] {processor.py:830} INFO - Processing file /workspaces/recomart-recommendation-pipeline/airflow_venv/lib/python3.12/site-packages/airflow/example_dags/example_dag_decorator.py for tasks to queue
[2026-07-20T06:50:17.161+0000] {logging_mixin.py:188} INFO - [2026-07-20T06:50:17.160+0000] {dagbag.py:545} INFO - Filling up the DagBag from /workspaces/recomart-recommendation-pipeline/airflow_venv/lib/python3.12/site-packages/airflow/example_dags/example_dag_decorator.py
[2026-07-20T06:50:17.240+0000] {processor.py:840} INFO - DAG(s) 'example_dag_decorator' retrieved from /workspaces/recomart-recommendation-pipeline/airflow_venv/lib/python3.12/site-packages/airflow/example_dags/example_dag_decorator.py
[2026-07-20T06:50:17.327+0000] {logging_mixin.py:188} INFO - [2026-07-20T06:50:17.327+0000] {dag.py:3089} INFO - Sync 1 DAGs
[2026-07-20T06:50:17.334+0000] {logging_mixin.py:188} INFO - [2026-07-20T06:50:17.334+0000] {dag.py:3947} INFO - Setting next_dagrun for example_dag_decorator to None, run_after=None
[2026-07-20T06:50:17.351+0000] {processor.py:183} INFO - Processing /workspaces/recomart-recommendation-pipeline/airflow_venv/lib/python3.12/site-packages/airflow/example_dags/example_dag_decorator.py took 0.197 seconds
[2026-07-20T06:51:25.364+0000] {processor.py:161} INFO - Started process (PID=86448) to work on /workspaces/recomart-recommendation-pipeline/airflow_venv/lib/python3.12/site-packages/airflow/example_dags/example_dag_decorator.py
[2026-07-20T06:51:25.365+0000] {processor.py:830} INFO - Processing file /workspaces/recomart-recommendation-pipeline/airflow_venv/lib/python3.12/site-packages/airflow/example_dags/example_dag_decorator.py for tasks to queue
[2026-07-20T06:51:25.367+0000] {logging_mixin.py:188} INFO - [2026-07-20T06:51:25.367+0000] {dagbag.py:545} INFO - Filling up the DagBag from /workspaces/recomart-recommendation-pipeline/airflow_venv/lib/python3.12/site-packages/airflow/example_dags/example_dag_decorator.py
[2026-07-20T06:51:25.547+0000] {processor.py:840} INFO - DAG(s) 'example_dag_decorator' retrieved from /workspaces/recomart-recommendation-pipeline/airflow_venv/lib/python3.12/site-packages/airflow/example_dags/example_dag_decorator.py
[2026-07-20T06:51:25.644+0000] {logging_mixin.py:188} INFO - [2026-07-20T06:51:25.644+0000] {dag.py:3089} INFO - Sync 1 DAGs
[2026-07-20T06:51:25.654+0000] {logging_mixin.py:188} INFO - [2026-07-20T06:51:25.654+0000] {dag.py:3947} INFO - Setting next_dagrun for example_dag_decorator to None, run_after=None
[2026-07-20T06:51:25.673+0000] {processor.py:183} INFO - Processing /workspaces/recomart-recommendation-pipeline/airflow_venv/lib/python3.12/site-packages/airflow/example_dags/example_dag_decorator.py took 0.316 seconds
[2026-07-20T06:58:25.458+0000] {processor.py:161} INFO - Started process (PID=89859) to work on /workspaces/recomart-recommendation-pipeline/airflow_venv/lib/python3.12/site-packages/airflow/example_dags/example_dag_decorator.py
[2026-07-20T06:58:25.460+0000] {processor.py:830} INFO - Processing file /workspaces/recomart-recommendation-pipeline/airflow_venv/lib/python3.12/site-packages/airflow/example_dags/example_dag_decorator.py for tasks to queue
[2026-07-20T06:58:25.461+0000] {logging_mixin.py:188} INFO - [2026-07-20T06:58:25.461+0000] {dagbag.py:545} INFO - Filling up the DagBag from /workspaces/recomart-recommendation-pipeline/airflow_venv/lib/python3.12/site-packages/airflow/example_dags/example_dag_decorator.py
[2026-07-20T06:58:25.577+0000] {processor.py:840} INFO - DAG(s) 'example_dag_decorator' retrieved from /workspaces/recomart-recommendation-pipeline/airflow_venv/lib/python3.12/site-packages/airflow/example_dags/example_dag_decorator.py
[2026-07-20T06:58:25.672+0000] {logging_mixin.py:188} INFO - [2026-07-20T06:58:25.671+0000] {dag.py:3089} INFO - Sync 1 DAGs
[2026-07-20T06:58:25.682+0000] {logging_mixin.py:188} INFO - [2026-07-20T06:58:25.682+0000] {dag.py:3947} INFO - Setting next_dagrun for example_dag_decorator to None, run_after=None
[2026-07-20T06:58:25.702+0000] {processor.py:183} INFO - Processing /workspaces/recomart-recommendation-pipeline/airflow_venv/lib/python3.12/site-packages/airflow/example_dags/example_dag_decorator.py took 0.248 seconds
[2026-07-20T07:00:01.516+0000] {processor.py:161} INFO - Started process (PID=91440) to work on /workspaces/recomart-recommendation-pipeline/airflow_venv/lib/python3.12/site-packages/airflow/example_dags/example_dag_decorator.py
[2026-07-20T07:00:01.517+0000] {processor.py:830} INFO - Processing file /workspaces/recomart-recommendation-pipeline/airflow_venv/lib/python3.12/site-packages/airflow/example_dags/example_dag_decorator.py for tasks to queue
[2026-07-20T07:00:01.520+0000] {logging_mixin.py:188} INFO - [2026-07-20T07:00:01.518+0000] {dagbag.py:545} INFO - Filling up the DagBag from /workspaces/recomart-recommendation-pipeline/airflow_venv/lib/python3.12/site-packages/airflow/example_dags/example_dag_decorator.py
[2026-07-20T07:00:01.660+0000] {processor.py:840} INFO - DAG(s) 'example_dag_decorator' retrieved from /workspaces/recomart-recommendation-pipeline/airflow_venv/lib/python3.12/site-packages/airflow/example_dags/example_dag_decorator.py
[2026-07-20T07:00:01.680+0000] {logging_mixin.py:188} INFO - [2026-07-20T07:00:01.680+0000] {dag.py:3089} INFO - Sync 1 DAGs
[2026-07-20T07:00:01.693+0000] {logging_mixin.py:188} INFO - [2026-07-20T07:00:01.693+0000] {dag.py:3947} INFO - Setting next_dagrun for example_dag_decorator to None, run_after=None
[2026-07-20T07:00:01.710+0000] {processor.py:183} INFO - Processing /workspaces/recomart-recommendation-pipeline/airflow_venv/lib/python3.12/site-packages/airflow/example_dags/example_dag_decorator.py took 0.202 seconds
[2026-07-20T07:00:53.015+0000] {processor.py:161} INFO - Started process (PID=91998) to work on /workspaces/recomart-recommendation-pipeline/airflow_venv/lib/python3.12/site-packages/airflow/example_dags/example_dag_decorator.py
[2026-07-20T07:00:53.016+0000] {processor.py:830} INFO - Processing file /workspaces/recomart-recommendation-pipeline/airflow_venv/lib/python3.12/site-packages/airflow/example_dags/example_dag_decorator.py for tasks to queue
[2026-07-20T07:00:53.017+0000] {logging_mixin.py:188} INFO - [2026-07-20T07:00:53.017+0000] {dagbag.py:545} INFO - Filling up the DagBag from /workspaces/recomart-recommendation-pipeline/airflow_venv/lib/python3.12/site-packages/airflow/example_dags/example_dag_decorator.py
[2026-07-20T07:00:53.097+0000] {processor.py:840} INFO - DAG(s) 'example_dag_decorator' retrieved from /workspaces/recomart-recommendation-pipeline/airflow_venv/lib/python3.12/site-packages/airflow/example_dags/example_dag_decorator.py
[2026-07-20T07:00:53.112+0000] {logging_mixin.py:188} INFO - [2026-07-20T07:00:53.111+0000] {dag.py:3089} INFO - Sync 1 DAGs
[2026-07-20T07:00:53.121+0000] {logging_mixin.py:188} INFO - [2026-07-20T07:00:53.120+0000] {dag.py:3947} INFO - Setting next_dagrun for example_dag_decorator to None, run_after=None
[2026-07-20T07:00:53.143+0000] {processor.py:183} INFO - Processing /workspaces/recomart-recommendation-pipeline/airflow_venv/lib/python3.12/site-packages/airflow/example_dags/example_dag_decorator.py took 0.132 seconds
[2026-07-20T07:01:44.756+0000] {processor.py:161} INFO - Started process (PID=92496) to work on /workspaces/recomart-recommendation-pipeline/airflow_venv/lib/python3.12/site-packages/airflow/example_dags/example_dag_decorator.py
[2026-07-20T07:01:44.757+0000] {processor.py:830} INFO - Processing file /workspaces/recomart-recommendation-pipeline/airflow_venv/lib/python3.12/site-packages/airflow/example_dags/example_dag_decorator.py for tasks to queue
[2026-07-20T07:01:44.759+0000] {logging_mixin.py:188} INFO - [2026-07-20T07:01:44.759+0000] {dagbag.py:545} INFO - Filling up the DagBag from /workspaces/recomart-recommendation-pipeline/airflow_venv/lib/python3.12/site-packages/airflow/example_dags/example_dag_decorator.py
[2026-07-20T07:01:44.877+0000] {processor.py:840} INFO - DAG(s) 'example_dag_decorator' retrieved from /workspaces/recomart-recommendation-pipeline/airflow_venv/lib/python3.12/site-packages/airflow/example_dags/example_dag_decorator.py
[2026-07-20T07:01:45.241+0000] {logging_mixin.py:188} INFO - [2026-07-20T07:01:45.241+0000] {dag.py:3089} INFO - Sync 1 DAGs
[2026-07-20T07:01:45.257+0000] {logging_mixin.py:188} INFO - [2026-07-20T07:01:45.257+0000] {dag.py:3947} INFO - Setting next_dagrun for example_dag_decorator to None, run_after=None
[2026-07-20T07:01:45.322+0000] {processor.py:183} INFO - Processing /workspaces/recomart-recommendation-pipeline/airflow_venv/lib/python3.12/site-packages/airflow/example_dags/example_dag_decorator.py took 0.573 seconds
