[2026-07-20T05:59:32.274+0000] {processor.py:161} INFO - Started process (PID=58378) to work on /workspaces/recomart-recommendation-pipeline/airflow_venv/lib/python3.12/site-packages/airflow/example_dags/example_branch_operator.py
[2026-07-20T05:59:32.274+0000] {processor.py:830} INFO - Processing file /workspaces/recomart-recommendation-pipeline/airflow_venv/lib/python3.12/site-packages/airflow/example_dags/example_branch_operator.py for tasks to queue
[2026-07-20T05:59:32.276+0000] {logging_mixin.py:188} INFO - [2026-07-20T05:59:32.275+0000] {dagbag.py:545} INFO - Filling up the DagBag from /workspaces/recomart-recommendation-pipeline/airflow_venv/lib/python3.12/site-packages/airflow/example_dags/example_branch_operator.py
[2026-07-20T05:59:32.289+0000] {processor.py:840} INFO - DAG(s) 'example_branch_operator' retrieved from /workspaces/recomart-recommendation-pipeline/airflow_venv/lib/python3.12/site-packages/airflow/example_dags/example_branch_operator.py
[2026-07-20T05:59:32.396+0000] {logging_mixin.py:188} INFO - [2026-07-20T05:59:32.395+0000] {override.py:1858} INFO - Created Permission View: can read on DAG:example_branch_operator
[2026-07-20T05:59:32.406+0000] {logging_mixin.py:188} INFO - [2026-07-20T05:59:32.406+0000] {override.py:1858} INFO - Created Permission View: can edit on DAG:example_branch_operator
[2026-07-20T05:59:32.413+0000] {logging_mixin.py:188} INFO - [2026-07-20T05:59:32.413+0000] {override.py:1858} INFO - Created Permission View: can delete on DAG:example_branch_operator
[2026-07-20T05:59:32.413+0000] {logging_mixin.py:188} INFO - [2026-07-20T05:59:32.413+0000] {dag.py:3089} INFO - Sync 1 DAGs
[2026-07-20T05:59:32.422+0000] {logging_mixin.py:188} INFO - [2026-07-20T05:59:32.422+0000] {dag.py:3111} INFO - Creating ORM DAG for example_branch_operator
[2026-07-20T05:59:32.430+0000] {logging_mixin.py:188} INFO - [2026-07-20T05:59:32.430+0000] {dag.py:3947} INFO - Setting next_dagrun for example_branch_operator to 2026-07-19 00:00:00+00:00, run_after=2026-07-20 00:00:00+00:00
[2026-07-20T05:59:32.448+0000] {processor.py:183} INFO - Processing /workspaces/recomart-recommendation-pipeline/airflow_venv/lib/python3.12/site-packages/airflow/example_dags/example_branch_operator.py took 0.179 seconds
[2026-07-20T06:00:24.134+0000] {processor.py:161} INFO - Started process (PID=58816) to work on /workspaces/recomart-recommendation-pipeline/airflow_venv/lib/python3.12/site-packages/airflow/example_dags/example_branch_operator.py
[2026-07-20T06:00:24.135+0000] {processor.py:830} INFO - Processing file /workspaces/recomart-recommendation-pipeline/airflow_venv/lib/python3.12/site-packages/airflow/example_dags/example_branch_operator.py for tasks to queue
[2026-07-20T06:00:24.136+0000] {logging_mixin.py:188} INFO - [2026-07-20T06:00:24.136+0000] {dagbag.py:545} INFO - Filling up the DagBag from /workspaces/recomart-recommendation-pipeline/airflow_venv/lib/python3.12/site-packages/airflow/example_dags/example_branch_operator.py
[2026-07-20T06:00:24.150+0000] {processor.py:840} INFO - DAG(s) 'example_branch_operator' retrieved from /workspaces/recomart-recommendation-pipeline/airflow_venv/lib/python3.12/site-packages/airflow/example_dags/example_branch_operator.py
[2026-07-20T06:00:24.167+0000] {logging_mixin.py:188} INFO - [2026-07-20T06:00:24.167+0000] {dag.py:3089} INFO - Sync 1 DAGs
[2026-07-20T06:00:24.189+0000] {logging_mixin.py:188} INFO - [2026-07-20T06:00:24.188+0000] {dag.py:3947} INFO - Setting next_dagrun for example_branch_operator to 2026-07-19 00:00:00+00:00, run_after=2026-07-20 00:00:00+00:00
[2026-07-20T06:00:24.205+0000] {processor.py:183} INFO - Processing /workspaces/recomart-recommendation-pipeline/airflow_venv/lib/python3.12/site-packages/airflow/example_dags/example_branch_operator.py took 0.075 seconds
[2026-07-20T06:01:29.111+0000] {processor.py:161} INFO - Started process (PID=59599) to work on /workspaces/recomart-recommendation-pipeline/airflow_venv/lib/python3.12/site-packages/airflow/example_dags/example_branch_operator.py
[2026-07-20T06:01:29.112+0000] {processor.py:830} INFO - Processing file /workspaces/recomart-recommendation-pipeline/airflow_venv/lib/python3.12/site-packages/airflow/example_dags/example_branch_operator.py for tasks to queue
[2026-07-20T06:01:29.113+0000] {logging_mixin.py:188} INFO - [2026-07-20T06:01:29.113+0000] {dagbag.py:545} INFO - Filling up the DagBag from /workspaces/recomart-recommendation-pipeline/airflow_venv/lib/python3.12/site-packages/airflow/example_dags/example_branch_operator.py
[2026-07-20T06:01:29.132+0000] {processor.py:840} INFO - DAG(s) 'example_branch_operator' retrieved from /workspaces/recomart-recommendation-pipeline/airflow_venv/lib/python3.12/site-packages/airflow/example_dags/example_branch_operator.py
[2026-07-20T06:01:29.166+0000] {logging_mixin.py:188} INFO - [2026-07-20T06:01:29.166+0000] {dag.py:3089} INFO - Sync 1 DAGs
[2026-07-20T06:01:29.193+0000] {logging_mixin.py:188} INFO - [2026-07-20T06:01:29.192+0000] {dag.py:3947} INFO - Setting next_dagrun for example_branch_operator to 2026-07-19 00:00:00+00:00, run_after=2026-07-20 00:00:00+00:00
[2026-07-20T06:01:29.214+0000] {processor.py:183} INFO - Processing /workspaces/recomart-recommendation-pipeline/airflow_venv/lib/python3.12/site-packages/airflow/example_dags/example_branch_operator.py took 0.107 seconds
[2026-07-20T06:02:35.689+0000] {processor.py:161} INFO - Started process (PID=60215) to work on /workspaces/recomart-recommendation-pipeline/airflow_venv/lib/python3.12/site-packages/airflow/example_dags/example_branch_operator.py
[2026-07-20T06:02:35.690+0000] {processor.py:830} INFO - Processing file /workspaces/recomart-recommendation-pipeline/airflow_venv/lib/python3.12/site-packages/airflow/example_dags/example_branch_operator.py for tasks to queue
[2026-07-20T06:02:35.691+0000] {logging_mixin.py:188} INFO - [2026-07-20T06:02:35.691+0000] {dagbag.py:545} INFO - Filling up the DagBag from /workspaces/recomart-recommendation-pipeline/airflow_venv/lib/python3.12/site-packages/airflow/example_dags/example_branch_operator.py
[2026-07-20T06:02:35.708+0000] {processor.py:840} INFO - DAG(s) 'example_branch_operator' retrieved from /workspaces/recomart-recommendation-pipeline/airflow_venv/lib/python3.12/site-packages/airflow/example_dags/example_branch_operator.py
[2026-07-20T06:02:35.727+0000] {logging_mixin.py:188} INFO - [2026-07-20T06:02:35.727+0000] {dag.py:3089} INFO - Sync 1 DAGs
[2026-07-20T06:02:35.742+0000] {logging_mixin.py:188} INFO - [2026-07-20T06:02:35.742+0000] {dag.py:3947} INFO - Setting next_dagrun for example_branch_operator to 2026-07-19 00:00:00+00:00, run_after=2026-07-20 00:00:00+00:00
[2026-07-20T06:02:35.760+0000] {processor.py:183} INFO - Processing /workspaces/recomart-recommendation-pipeline/airflow_venv/lib/python3.12/site-packages/airflow/example_dags/example_branch_operator.py took 0.075 seconds
[2026-07-20T06:03:36.547+0000] {processor.py:161} INFO - Started process (PID=60755) to work on /workspaces/recomart-recommendation-pipeline/airflow_venv/lib/python3.12/site-packages/airflow/example_dags/example_branch_operator.py
[2026-07-20T06:03:36.547+0000] {processor.py:830} INFO - Processing file /workspaces/recomart-recommendation-pipeline/airflow_venv/lib/python3.12/site-packages/airflow/example_dags/example_branch_operator.py for tasks to queue
[2026-07-20T06:03:36.549+0000] {logging_mixin.py:188} INFO - [2026-07-20T06:03:36.549+0000] {dagbag.py:545} INFO - Filling up the DagBag from /workspaces/recomart-recommendation-pipeline/airflow_venv/lib/python3.12/site-packages/airflow/example_dags/example_branch_operator.py
[2026-07-20T06:03:36.573+0000] {processor.py:840} INFO - DAG(s) 'example_branch_operator' retrieved from /workspaces/recomart-recommendation-pipeline/airflow_venv/lib/python3.12/site-packages/airflow/example_dags/example_branch_operator.py
[2026-07-20T06:03:36.598+0000] {logging_mixin.py:188} INFO - [2026-07-20T06:03:36.597+0000] {dag.py:3089} INFO - Sync 1 DAGs
[2026-07-20T06:03:36.616+0000] {logging_mixin.py:188} INFO - [2026-07-20T06:03:36.616+0000] {dag.py:3947} INFO - Setting next_dagrun for example_branch_operator to 2026-07-19 00:00:00+00:00, run_after=2026-07-20 00:00:00+00:00
[2026-07-20T06:03:36.636+0000] {processor.py:183} INFO - Processing /workspaces/recomart-recommendation-pipeline/airflow_venv/lib/python3.12/site-packages/airflow/example_dags/example_branch_operator.py took 0.093 seconds
[2026-07-20T06:04:44.320+0000] {processor.py:161} INFO - Started process (PID=61367) to work on /workspaces/recomart-recommendation-pipeline/airflow_venv/lib/python3.12/site-packages/airflow/example_dags/example_branch_operator.py
[2026-07-20T06:04:44.321+0000] {processor.py:830} INFO - Processing file /workspaces/recomart-recommendation-pipeline/airflow_venv/lib/python3.12/site-packages/airflow/example_dags/example_branch_operator.py for tasks to queue
[2026-07-20T06:04:44.322+0000] {logging_mixin.py:188} INFO - [2026-07-20T06:04:44.322+0000] {dagbag.py:545} INFO - Filling up the DagBag from /workspaces/recomart-recommendation-pipeline/airflow_venv/lib/python3.12/site-packages/airflow/example_dags/example_branch_operator.py
[2026-07-20T06:04:44.336+0000] {processor.py:840} INFO - DAG(s) 'example_branch_operator' retrieved from /workspaces/recomart-recommendation-pipeline/airflow_venv/lib/python3.12/site-packages/airflow/example_dags/example_branch_operator.py
[2026-07-20T06:04:44.354+0000] {logging_mixin.py:188} INFO - [2026-07-20T06:04:44.354+0000] {dag.py:3089} INFO - Sync 1 DAGs
[2026-07-20T06:04:44.369+0000] {logging_mixin.py:188} INFO - [2026-07-20T06:04:44.369+0000] {dag.py:3947} INFO - Setting next_dagrun for example_branch_operator to 2026-07-19 00:00:00+00:00, run_after=2026-07-20 00:00:00+00:00
[2026-07-20T06:04:44.386+0000] {processor.py:183} INFO - Processing /workspaces/recomart-recommendation-pipeline/airflow_venv/lib/python3.12/site-packages/airflow/example_dags/example_branch_operator.py took 0.070 seconds
[2026-07-20T06:05:51.517+0000] {processor.py:161} INFO - Started process (PID=61898) to work on /workspaces/recomart-recommendation-pipeline/airflow_venv/lib/python3.12/site-packages/airflow/example_dags/example_branch_operator.py
[2026-07-20T06:05:51.518+0000] {processor.py:830} INFO - Processing file /workspaces/recomart-recommendation-pipeline/airflow_venv/lib/python3.12/site-packages/airflow/example_dags/example_branch_operator.py for tasks to queue
[2026-07-20T06:05:51.519+0000] {logging_mixin.py:188} INFO - [2026-07-20T06:05:51.519+0000] {dagbag.py:545} INFO - Filling up the DagBag from /workspaces/recomart-recommendation-pipeline/airflow_venv/lib/python3.12/site-packages/airflow/example_dags/example_branch_operator.py
[2026-07-20T06:05:51.535+0000] {processor.py:840} INFO - DAG(s) 'example_branch_operator' retrieved from /workspaces/recomart-recommendation-pipeline/airflow_venv/lib/python3.12/site-packages/airflow/example_dags/example_branch_operator.py
[2026-07-20T06:05:51.555+0000] {logging_mixin.py:188} INFO - [2026-07-20T06:05:51.555+0000] {dag.py:3089} INFO - Sync 1 DAGs
[2026-07-20T06:05:51.570+0000] {logging_mixin.py:188} INFO - [2026-07-20T06:05:51.570+0000] {dag.py:3947} INFO - Setting next_dagrun for example_branch_operator to 2026-07-19 00:00:00+00:00, run_after=2026-07-20 00:00:00+00:00
[2026-07-20T06:05:51.588+0000] {processor.py:183} INFO - Processing /workspaces/recomart-recommendation-pipeline/airflow_venv/lib/python3.12/site-packages/airflow/example_dags/example_branch_operator.py took 0.076 seconds
[2026-07-20T06:07:03.032+0000] {processor.py:161} INFO - Started process (PID=62472) to work on /workspaces/recomart-recommendation-pipeline/airflow_venv/lib/python3.12/site-packages/airflow/example_dags/example_branch_operator.py
[2026-07-20T06:07:03.034+0000] {processor.py:830} INFO - Processing file /workspaces/recomart-recommendation-pipeline/airflow_venv/lib/python3.12/site-packages/airflow/example_dags/example_branch_operator.py for tasks to queue
[2026-07-20T06:07:03.036+0000] {logging_mixin.py:188} INFO - [2026-07-20T06:07:03.035+0000] {dagbag.py:545} INFO - Filling up the DagBag from /workspaces/recomart-recommendation-pipeline/airflow_venv/lib/python3.12/site-packages/airflow/example_dags/example_branch_operator.py
[2026-07-20T06:07:03.150+0000] {processor.py:840} INFO - DAG(s) 'example_branch_operator' retrieved from /workspaces/recomart-recommendation-pipeline/airflow_venv/lib/python3.12/site-packages/airflow/example_dags/example_branch_operator.py
[2026-07-20T06:07:03.166+0000] {logging_mixin.py:188} INFO - [2026-07-20T06:07:03.165+0000] {dag.py:3089} INFO - Sync 1 DAGs
[2026-07-20T06:07:03.183+0000] {logging_mixin.py:188} INFO - [2026-07-20T06:07:03.183+0000] {dag.py:3947} INFO - Setting next_dagrun for example_branch_operator to 2026-07-19 00:00:00+00:00, run_after=2026-07-20 00:00:00+00:00
[2026-07-20T06:07:03.203+0000] {processor.py:183} INFO - Processing /workspaces/recomart-recommendation-pipeline/airflow_venv/lib/python3.12/site-packages/airflow/example_dags/example_branch_operator.py took 0.176 seconds
[2026-07-20T06:07:56.812+0000] {processor.py:161} INFO - Started process (PID=62911) to work on /workspaces/recomart-recommendation-pipeline/airflow_venv/lib/python3.12/site-packages/airflow/example_dags/example_branch_operator.py
[2026-07-20T06:07:56.814+0000] {processor.py:830} INFO - Processing file /workspaces/recomart-recommendation-pipeline/airflow_venv/lib/python3.12/site-packages/airflow/example_dags/example_branch_operator.py for tasks to queue
[2026-07-20T06:07:56.818+0000] {logging_mixin.py:188} INFO - [2026-07-20T06:07:56.817+0000] {dagbag.py:545} INFO - Filling up the DagBag from /workspaces/recomart-recommendation-pipeline/airflow_venv/lib/python3.12/site-packages/airflow/example_dags/example_branch_operator.py
[2026-07-20T06:07:56.859+0000] {processor.py:840} INFO - DAG(s) 'example_branch_operator' retrieved from /workspaces/recomart-recommendation-pipeline/airflow_venv/lib/python3.12/site-packages/airflow/example_dags/example_branch_operator.py
[2026-07-20T06:07:56.912+0000] {logging_mixin.py:188} INFO - [2026-07-20T06:07:56.911+0000] {dag.py:3089} INFO - Sync 1 DAGs
[2026-07-20T06:07:56.963+0000] {logging_mixin.py:188} INFO - [2026-07-20T06:07:56.962+0000] {dag.py:3947} INFO - Setting next_dagrun for example_branch_operator to 2026-07-19 00:00:00+00:00, run_after=2026-07-20 00:00:00+00:00
[2026-07-20T06:07:57.063+0000] {processor.py:183} INFO - Processing /workspaces/recomart-recommendation-pipeline/airflow_venv/lib/python3.12/site-packages/airflow/example_dags/example_branch_operator.py took 0.262 seconds
[2026-07-20T06:09:25.432+0000] {processor.py:161} INFO - Started process (PID=63807) to work on /workspaces/recomart-recommendation-pipeline/airflow_venv/lib/python3.12/site-packages/airflow/example_dags/example_branch_operator.py
[2026-07-20T06:09:25.433+0000] {processor.py:830} INFO - Processing file /workspaces/recomart-recommendation-pipeline/airflow_venv/lib/python3.12/site-packages/airflow/example_dags/example_branch_operator.py for tasks to queue
[2026-07-20T06:09:25.434+0000] {logging_mixin.py:188} INFO - [2026-07-20T06:09:25.434+0000] {dagbag.py:545} INFO - Filling up the DagBag from /workspaces/recomart-recommendation-pipeline/airflow_venv/lib/python3.12/site-packages/airflow/example_dags/example_branch_operator.py
[2026-07-20T06:09:25.448+0000] {processor.py:840} INFO - DAG(s) 'example_branch_operator' retrieved from /workspaces/recomart-recommendation-pipeline/airflow_venv/lib/python3.12/site-packages/airflow/example_dags/example_branch_operator.py
[2026-07-20T06:09:25.540+0000] {logging_mixin.py:188} INFO - [2026-07-20T06:09:25.540+0000] {dag.py:3089} INFO - Sync 1 DAGs
[2026-07-20T06:09:25.554+0000] {logging_mixin.py:188} INFO - [2026-07-20T06:09:25.554+0000] {dag.py:3947} INFO - Setting next_dagrun for example_branch_operator to 2026-07-19 00:00:00+00:00, run_after=2026-07-20 00:00:00+00:00
[2026-07-20T06:09:25.572+0000] {processor.py:183} INFO - Processing /workspaces/recomart-recommendation-pipeline/airflow_venv/lib/python3.12/site-packages/airflow/example_dags/example_branch_operator.py took 0.144 seconds
[2026-07-20T06:10:20.750+0000] {processor.py:161} INFO - Started process (PID=64273) to work on /workspaces/recomart-recommendation-pipeline/airflow_venv/lib/python3.12/site-packages/airflow/example_dags/example_branch_operator.py
[2026-07-20T06:10:20.751+0000] {processor.py:830} INFO - Processing file /workspaces/recomart-recommendation-pipeline/airflow_venv/lib/python3.12/site-packages/airflow/example_dags/example_branch_operator.py for tasks to queue
[2026-07-20T06:10:20.753+0000] {logging_mixin.py:188} INFO - [2026-07-20T06:10:20.753+0000] {dagbag.py:545} INFO - Filling up the DagBag from /workspaces/recomart-recommendation-pipeline/airflow_venv/lib/python3.12/site-packages/airflow/example_dags/example_branch_operator.py
[2026-07-20T06:10:20.779+0000] {processor.py:840} INFO - DAG(s) 'example_branch_operator' retrieved from /workspaces/recomart-recommendation-pipeline/airflow_venv/lib/python3.12/site-packages/airflow/example_dags/example_branch_operator.py
[2026-07-20T06:10:20.805+0000] {logging_mixin.py:188} INFO - [2026-07-20T06:10:20.805+0000] {dag.py:3089} INFO - Sync 1 DAGs
[2026-07-20T06:10:20.821+0000] {logging_mixin.py:188} INFO - [2026-07-20T06:10:20.820+0000] {dag.py:3947} INFO - Setting next_dagrun for example_branch_operator to 2026-07-19 00:00:00+00:00, run_after=2026-07-20 00:00:00+00:00
[2026-07-20T06:10:20.839+0000] {processor.py:183} INFO - Processing /workspaces/recomart-recommendation-pipeline/airflow_venv/lib/python3.12/site-packages/airflow/example_dags/example_branch_operator.py took 0.096 seconds
[2026-07-20T06:11:25.260+0000] {processor.py:161} INFO - Started process (PID=64974) to work on /workspaces/recomart-recommendation-pipeline/airflow_venv/lib/python3.12/site-packages/airflow/example_dags/example_branch_operator.py
[2026-07-20T06:11:25.260+0000] {processor.py:830} INFO - Processing file /workspaces/recomart-recommendation-pipeline/airflow_venv/lib/python3.12/site-packages/airflow/example_dags/example_branch_operator.py for tasks to queue
[2026-07-20T06:11:25.262+0000] {logging_mixin.py:188} INFO - [2026-07-20T06:11:25.261+0000] {dagbag.py:545} INFO - Filling up the DagBag from /workspaces/recomart-recommendation-pipeline/airflow_venv/lib/python3.12/site-packages/airflow/example_dags/example_branch_operator.py
[2026-07-20T06:11:25.278+0000] {processor.py:840} INFO - DAG(s) 'example_branch_operator' retrieved from /workspaces/recomart-recommendation-pipeline/airflow_venv/lib/python3.12/site-packages/airflow/example_dags/example_branch_operator.py
[2026-07-20T06:11:25.296+0000] {logging_mixin.py:188} INFO - [2026-07-20T06:11:25.296+0000] {dag.py:3089} INFO - Sync 1 DAGs
[2026-07-20T06:11:25.326+0000] {logging_mixin.py:188} INFO - [2026-07-20T06:11:25.326+0000] {dag.py:3947} INFO - Setting next_dagrun for example_branch_operator to 2026-07-19 00:00:00+00:00, run_after=2026-07-20 00:00:00+00:00
[2026-07-20T06:11:25.355+0000] {processor.py:183} INFO - Processing /workspaces/recomart-recommendation-pipeline/airflow_venv/lib/python3.12/site-packages/airflow/example_dags/example_branch_operator.py took 0.100 seconds
[2026-07-20T06:12:26.914+0000] {processor.py:161} INFO - Started process (PID=65478) to work on /workspaces/recomart-recommendation-pipeline/airflow_venv/lib/python3.12/site-packages/airflow/example_dags/example_branch_operator.py
[2026-07-20T06:12:26.915+0000] {processor.py:830} INFO - Processing file /workspaces/recomart-recommendation-pipeline/airflow_venv/lib/python3.12/site-packages/airflow/example_dags/example_branch_operator.py for tasks to queue
[2026-07-20T06:12:26.917+0000] {logging_mixin.py:188} INFO - [2026-07-20T06:12:26.916+0000] {dagbag.py:545} INFO - Filling up the DagBag from /workspaces/recomart-recommendation-pipeline/airflow_venv/lib/python3.12/site-packages/airflow/example_dags/example_branch_operator.py
[2026-07-20T06:12:26.937+0000] {processor.py:840} INFO - DAG(s) 'example_branch_operator' retrieved from /workspaces/recomart-recommendation-pipeline/airflow_venv/lib/python3.12/site-packages/airflow/example_dags/example_branch_operator.py
[2026-07-20T06:12:26.973+0000] {logging_mixin.py:188} INFO - [2026-07-20T06:12:26.972+0000] {dag.py:3089} INFO - Sync 1 DAGs
[2026-07-20T06:12:26.995+0000] {logging_mixin.py:188} INFO - [2026-07-20T06:12:26.995+0000] {dag.py:3947} INFO - Setting next_dagrun for example_branch_operator to 2026-07-19 00:00:00+00:00, run_after=2026-07-20 00:00:00+00:00
[2026-07-20T06:12:27.016+0000] {processor.py:183} INFO - Processing /workspaces/recomart-recommendation-pipeline/airflow_venv/lib/python3.12/site-packages/airflow/example_dags/example_branch_operator.py took 0.108 seconds
[2026-07-20T06:13:33.527+0000] {processor.py:161} INFO - Started process (PID=66005) to work on /workspaces/recomart-recommendation-pipeline/airflow_venv/lib/python3.12/site-packages/airflow/example_dags/example_branch_operator.py
[2026-07-20T06:13:33.527+0000] {processor.py:830} INFO - Processing file /workspaces/recomart-recommendation-pipeline/airflow_venv/lib/python3.12/site-packages/airflow/example_dags/example_branch_operator.py for tasks to queue
[2026-07-20T06:13:33.529+0000] {logging_mixin.py:188} INFO - [2026-07-20T06:13:33.529+0000] {dagbag.py:545} INFO - Filling up the DagBag from /workspaces/recomart-recommendation-pipeline/airflow_venv/lib/python3.12/site-packages/airflow/example_dags/example_branch_operator.py
[2026-07-20T06:13:33.543+0000] {processor.py:840} INFO - DAG(s) 'example_branch_operator' retrieved from /workspaces/recomart-recommendation-pipeline/airflow_venv/lib/python3.12/site-packages/airflow/example_dags/example_branch_operator.py
[2026-07-20T06:13:33.562+0000] {logging_mixin.py:188} INFO - [2026-07-20T06:13:33.562+0000] {dag.py:3089} INFO - Sync 1 DAGs
[2026-07-20T06:13:33.582+0000] {logging_mixin.py:188} INFO - [2026-07-20T06:13:33.581+0000] {dag.py:3947} INFO - Setting next_dagrun for example_branch_operator to 2026-07-19 00:00:00+00:00, run_after=2026-07-20 00:00:00+00:00
[2026-07-20T06:13:33.599+0000] {processor.py:183} INFO - Processing /workspaces/recomart-recommendation-pipeline/airflow_venv/lib/python3.12/site-packages/airflow/example_dags/example_branch_operator.py took 0.077 seconds
[2026-07-20T06:14:43.750+0000] {processor.py:161} INFO - Started process (PID=66925) to work on /workspaces/recomart-recommendation-pipeline/airflow_venv/lib/python3.12/site-packages/airflow/example_dags/example_branch_operator.py
[2026-07-20T06:14:43.751+0000] {processor.py:830} INFO - Processing file /workspaces/recomart-recommendation-pipeline/airflow_venv/lib/python3.12/site-packages/airflow/example_dags/example_branch_operator.py for tasks to queue
[2026-07-20T06:14:43.754+0000] {logging_mixin.py:188} INFO - [2026-07-20T06:14:43.753+0000] {dagbag.py:545} INFO - Filling up the DagBag from /workspaces/recomart-recommendation-pipeline/airflow_venv/lib/python3.12/site-packages/airflow/example_dags/example_branch_operator.py
[2026-07-20T06:14:43.779+0000] {processor.py:840} INFO - DAG(s) 'example_branch_operator' retrieved from /workspaces/recomart-recommendation-pipeline/airflow_venv/lib/python3.12/site-packages/airflow/example_dags/example_branch_operator.py
[2026-07-20T06:14:43.816+0000] {logging_mixin.py:188} INFO - [2026-07-20T06:14:43.816+0000] {dag.py:3089} INFO - Sync 1 DAGs
[2026-07-20T06:14:43.834+0000] {logging_mixin.py:188} INFO - [2026-07-20T06:14:43.833+0000] {dag.py:3947} INFO - Setting next_dagrun for example_branch_operator to 2026-07-19 00:00:00+00:00, run_after=2026-07-20 00:00:00+00:00
[2026-07-20T06:14:43.853+0000] {processor.py:183} INFO - Processing /workspaces/recomart-recommendation-pipeline/airflow_venv/lib/python3.12/site-packages/airflow/example_dags/example_branch_operator.py took 0.110 seconds
[2026-07-20T06:31:28.864+0000] {processor.py:161} INFO - Started process (PID=73882) to work on /workspaces/recomart-recommendation-pipeline/airflow_venv/lib/python3.12/site-packages/airflow/example_dags/example_branch_operator.py
[2026-07-20T06:31:28.864+0000] {processor.py:830} INFO - Processing file /workspaces/recomart-recommendation-pipeline/airflow_venv/lib/python3.12/site-packages/airflow/example_dags/example_branch_operator.py for tasks to queue
[2026-07-20T06:31:28.866+0000] {logging_mixin.py:188} INFO - [2026-07-20T06:31:28.865+0000] {dagbag.py:545} INFO - Filling up the DagBag from /workspaces/recomart-recommendation-pipeline/airflow_venv/lib/python3.12/site-packages/airflow/example_dags/example_branch_operator.py
[2026-07-20T06:31:28.884+0000] {processor.py:840} INFO - DAG(s) 'example_branch_operator' retrieved from /workspaces/recomart-recommendation-pipeline/airflow_venv/lib/python3.12/site-packages/airflow/example_dags/example_branch_operator.py
[2026-07-20T06:31:28.973+0000] {logging_mixin.py:188} INFO - [2026-07-20T06:31:28.972+0000] {dag.py:3089} INFO - Sync 1 DAGs
[2026-07-20T06:31:28.995+0000] {logging_mixin.py:188} INFO - [2026-07-20T06:31:28.995+0000] {dag.py:3947} INFO - Setting next_dagrun for example_branch_operator to 2026-07-19 00:00:00+00:00, run_after=2026-07-20 00:00:00+00:00
[2026-07-20T06:31:29.014+0000] {processor.py:183} INFO - Processing /workspaces/recomart-recommendation-pipeline/airflow_venv/lib/python3.12/site-packages/airflow/example_dags/example_branch_operator.py took 0.155 seconds
[2026-07-20T06:32:22.450+0000] {processor.py:161} INFO - Started process (PID=74618) to work on /workspaces/recomart-recommendation-pipeline/airflow_venv/lib/python3.12/site-packages/airflow/example_dags/example_branch_operator.py
[2026-07-20T06:32:22.451+0000] {processor.py:830} INFO - Processing file /workspaces/recomart-recommendation-pipeline/airflow_venv/lib/python3.12/site-packages/airflow/example_dags/example_branch_operator.py for tasks to queue
[2026-07-20T06:32:22.452+0000] {logging_mixin.py:188} INFO - [2026-07-20T06:32:22.452+0000] {dagbag.py:545} INFO - Filling up the DagBag from /workspaces/recomart-recommendation-pipeline/airflow_venv/lib/python3.12/site-packages/airflow/example_dags/example_branch_operator.py
[2026-07-20T06:32:22.465+0000] {processor.py:840} INFO - DAG(s) 'example_branch_operator' retrieved from /workspaces/recomart-recommendation-pipeline/airflow_venv/lib/python3.12/site-packages/airflow/example_dags/example_branch_operator.py
[2026-07-20T06:32:22.490+0000] {logging_mixin.py:188} INFO - [2026-07-20T06:32:22.490+0000] {dag.py:3089} INFO - Sync 1 DAGs
[2026-07-20T06:32:22.506+0000] {logging_mixin.py:188} INFO - [2026-07-20T06:32:22.506+0000] {dag.py:3947} INFO - Setting next_dagrun for example_branch_operator to 2026-07-19 00:00:00+00:00, run_after=2026-07-20 00:00:00+00:00
[2026-07-20T06:32:22.525+0000] {processor.py:183} INFO - Processing /workspaces/recomart-recommendation-pipeline/airflow_venv/lib/python3.12/site-packages/airflow/example_dags/example_branch_operator.py took 0.079 seconds
[2026-07-20T06:33:29.245+0000] {processor.py:161} INFO - Started process (PID=75161) to work on /workspaces/recomart-recommendation-pipeline/airflow_venv/lib/python3.12/site-packages/airflow/example_dags/example_branch_operator.py
[2026-07-20T06:33:29.245+0000] {processor.py:830} INFO - Processing file /workspaces/recomart-recommendation-pipeline/airflow_venv/lib/python3.12/site-packages/airflow/example_dags/example_branch_operator.py for tasks to queue
[2026-07-20T06:33:29.247+0000] {logging_mixin.py:188} INFO - [2026-07-20T06:33:29.246+0000] {dagbag.py:545} INFO - Filling up the DagBag from /workspaces/recomart-recommendation-pipeline/airflow_venv/lib/python3.12/site-packages/airflow/example_dags/example_branch_operator.py
[2026-07-20T06:33:29.284+0000] {processor.py:840} INFO - DAG(s) 'example_branch_operator' retrieved from /workspaces/recomart-recommendation-pipeline/airflow_venv/lib/python3.12/site-packages/airflow/example_dags/example_branch_operator.py
[2026-07-20T06:33:29.307+0000] {logging_mixin.py:188} INFO - [2026-07-20T06:33:29.306+0000] {dag.py:3089} INFO - Sync 1 DAGs
[2026-07-20T06:33:29.323+0000] {logging_mixin.py:188} INFO - [2026-07-20T06:33:29.323+0000] {dag.py:3947} INFO - Setting next_dagrun for example_branch_operator to 2026-07-19 00:00:00+00:00, run_after=2026-07-20 00:00:00+00:00
[2026-07-20T06:33:29.344+0000] {processor.py:183} INFO - Processing /workspaces/recomart-recommendation-pipeline/airflow_venv/lib/python3.12/site-packages/airflow/example_dags/example_branch_operator.py took 0.103 seconds
[2026-07-20T06:34:58.390+0000] {processor.py:161} INFO - Started process (PID=76804) to work on /workspaces/recomart-recommendation-pipeline/airflow_venv/lib/python3.12/site-packages/airflow/example_dags/example_branch_operator.py
[2026-07-20T06:34:58.390+0000] {processor.py:830} INFO - Processing file /workspaces/recomart-recommendation-pipeline/airflow_venv/lib/python3.12/site-packages/airflow/example_dags/example_branch_operator.py for tasks to queue
[2026-07-20T06:34:58.392+0000] {logging_mixin.py:188} INFO - [2026-07-20T06:34:58.391+0000] {dagbag.py:545} INFO - Filling up the DagBag from /workspaces/recomart-recommendation-pipeline/airflow_venv/lib/python3.12/site-packages/airflow/example_dags/example_branch_operator.py
[2026-07-20T06:34:58.406+0000] {processor.py:840} INFO - DAG(s) 'example_branch_operator' retrieved from /workspaces/recomart-recommendation-pipeline/airflow_venv/lib/python3.12/site-packages/airflow/example_dags/example_branch_operator.py
[2026-07-20T06:34:58.424+0000] {logging_mixin.py:188} INFO - [2026-07-20T06:34:58.424+0000] {dag.py:3089} INFO - Sync 1 DAGs
[2026-07-20T06:34:58.440+0000] {logging_mixin.py:188} INFO - [2026-07-20T06:34:58.440+0000] {dag.py:3947} INFO - Setting next_dagrun for example_branch_operator to 2026-07-19 00:00:00+00:00, run_after=2026-07-20 00:00:00+00:00
[2026-07-20T06:34:58.456+0000] {processor.py:183} INFO - Processing /workspaces/recomart-recommendation-pipeline/airflow_venv/lib/python3.12/site-packages/airflow/example_dags/example_branch_operator.py took 0.072 seconds
[2026-07-20T06:36:11.282+0000] {processor.py:161} INFO - Started process (PID=78231) to work on /workspaces/recomart-recommendation-pipeline/airflow_venv/lib/python3.12/site-packages/airflow/example_dags/example_branch_operator.py
[2026-07-20T06:36:11.283+0000] {processor.py:830} INFO - Processing file /workspaces/recomart-recommendation-pipeline/airflow_venv/lib/python3.12/site-packages/airflow/example_dags/example_branch_operator.py for tasks to queue
[2026-07-20T06:36:11.284+0000] {logging_mixin.py:188} INFO - [2026-07-20T06:36:11.284+0000] {dagbag.py:545} INFO - Filling up the DagBag from /workspaces/recomart-recommendation-pipeline/airflow_venv/lib/python3.12/site-packages/airflow/example_dags/example_branch_operator.py
[2026-07-20T06:36:11.298+0000] {processor.py:840} INFO - DAG(s) 'example_branch_operator' retrieved from /workspaces/recomart-recommendation-pipeline/airflow_venv/lib/python3.12/site-packages/airflow/example_dags/example_branch_operator.py
[2026-07-20T06:36:11.316+0000] {logging_mixin.py:188} INFO - [2026-07-20T06:36:11.316+0000] {dag.py:3089} INFO - Sync 1 DAGs
[2026-07-20T06:36:11.331+0000] {logging_mixin.py:188} INFO - [2026-07-20T06:36:11.331+0000] {dag.py:3947} INFO - Setting next_dagrun for example_branch_operator to 2026-07-19 00:00:00+00:00, run_after=2026-07-20 00:00:00+00:00
[2026-07-20T06:36:11.347+0000] {processor.py:183} INFO - Processing /workspaces/recomart-recommendation-pipeline/airflow_venv/lib/python3.12/site-packages/airflow/example_dags/example_branch_operator.py took 0.070 seconds
[2026-07-20T06:37:07.794+0000] {processor.py:161} INFO - Started process (PID=78898) to work on /workspaces/recomart-recommendation-pipeline/airflow_venv/lib/python3.12/site-packages/airflow/example_dags/example_branch_operator.py
[2026-07-20T06:37:07.794+0000] {processor.py:830} INFO - Processing file /workspaces/recomart-recommendation-pipeline/airflow_venv/lib/python3.12/site-packages/airflow/example_dags/example_branch_operator.py for tasks to queue
[2026-07-20T06:37:07.796+0000] {logging_mixin.py:188} INFO - [2026-07-20T06:37:07.795+0000] {dagbag.py:545} INFO - Filling up the DagBag from /workspaces/recomart-recommendation-pipeline/airflow_venv/lib/python3.12/site-packages/airflow/example_dags/example_branch_operator.py
[2026-07-20T06:37:07.810+0000] {processor.py:840} INFO - DAG(s) 'example_branch_operator' retrieved from /workspaces/recomart-recommendation-pipeline/airflow_venv/lib/python3.12/site-packages/airflow/example_dags/example_branch_operator.py
[2026-07-20T06:37:07.828+0000] {logging_mixin.py:188} INFO - [2026-07-20T06:37:07.828+0000] {dag.py:3089} INFO - Sync 1 DAGs
[2026-07-20T06:37:07.847+0000] {logging_mixin.py:188} INFO - [2026-07-20T06:37:07.847+0000] {dag.py:3947} INFO - Setting next_dagrun for example_branch_operator to 2026-07-19 00:00:00+00:00, run_after=2026-07-20 00:00:00+00:00
[2026-07-20T06:37:07.864+0000] {processor.py:183} INFO - Processing /workspaces/recomart-recommendation-pipeline/airflow_venv/lib/python3.12/site-packages/airflow/example_dags/example_branch_operator.py took 0.076 seconds
[2026-07-20T06:38:16.814+0000] {processor.py:161} INFO - Started process (PID=79446) to work on /workspaces/recomart-recommendation-pipeline/airflow_venv/lib/python3.12/site-packages/airflow/example_dags/example_branch_operator.py
[2026-07-20T06:38:16.814+0000] {processor.py:830} INFO - Processing file /workspaces/recomart-recommendation-pipeline/airflow_venv/lib/python3.12/site-packages/airflow/example_dags/example_branch_operator.py for tasks to queue
[2026-07-20T06:38:16.816+0000] {logging_mixin.py:188} INFO - [2026-07-20T06:38:16.816+0000] {dagbag.py:545} INFO - Filling up the DagBag from /workspaces/recomart-recommendation-pipeline/airflow_venv/lib/python3.12/site-packages/airflow/example_dags/example_branch_operator.py
[2026-07-20T06:38:16.838+0000] {processor.py:840} INFO - DAG(s) 'example_branch_operator' retrieved from /workspaces/recomart-recommendation-pipeline/airflow_venv/lib/python3.12/site-packages/airflow/example_dags/example_branch_operator.py
[2026-07-20T06:38:16.856+0000] {logging_mixin.py:188} INFO - [2026-07-20T06:38:16.855+0000] {dag.py:3089} INFO - Sync 1 DAGs
[2026-07-20T06:38:16.991+0000] {logging_mixin.py:188} INFO - [2026-07-20T06:38:16.990+0000] {dag.py:3947} INFO - Setting next_dagrun for example_branch_operator to 2026-07-19 00:00:00+00:00, run_after=2026-07-20 00:00:00+00:00
[2026-07-20T06:38:17.007+0000] {processor.py:183} INFO - Processing /workspaces/recomart-recommendation-pipeline/airflow_venv/lib/python3.12/site-packages/airflow/example_dags/example_branch_operator.py took 0.198 seconds
[2026-07-20T06:39:28.095+0000] {processor.py:161} INFO - Started process (PID=80023) to work on /workspaces/recomart-recommendation-pipeline/airflow_venv/lib/python3.12/site-packages/airflow/example_dags/example_branch_operator.py
[2026-07-20T06:39:28.096+0000] {processor.py:830} INFO - Processing file /workspaces/recomart-recommendation-pipeline/airflow_venv/lib/python3.12/site-packages/airflow/example_dags/example_branch_operator.py for tasks to queue
[2026-07-20T06:39:28.097+0000] {logging_mixin.py:188} INFO - [2026-07-20T06:39:28.097+0000] {dagbag.py:545} INFO - Filling up the DagBag from /workspaces/recomart-recommendation-pipeline/airflow_venv/lib/python3.12/site-packages/airflow/example_dags/example_branch_operator.py
[2026-07-20T06:39:28.115+0000] {processor.py:840} INFO - DAG(s) 'example_branch_operator' retrieved from /workspaces/recomart-recommendation-pipeline/airflow_venv/lib/python3.12/site-packages/airflow/example_dags/example_branch_operator.py
[2026-07-20T06:39:28.133+0000] {logging_mixin.py:188} INFO - [2026-07-20T06:39:28.133+0000] {dag.py:3089} INFO - Sync 1 DAGs
[2026-07-20T06:39:28.250+0000] {logging_mixin.py:188} INFO - [2026-07-20T06:39:28.249+0000] {dag.py:3947} INFO - Setting next_dagrun for example_branch_operator to 2026-07-19 00:00:00+00:00, run_after=2026-07-20 00:00:00+00:00
[2026-07-20T06:39:28.265+0000] {processor.py:183} INFO - Processing /workspaces/recomart-recommendation-pipeline/airflow_venv/lib/python3.12/site-packages/airflow/example_dags/example_branch_operator.py took 0.175 seconds
[2026-07-20T06:40:44.033+0000] {processor.py:161} INFO - Started process (PID=80698) to work on /workspaces/recomart-recommendation-pipeline/airflow_venv/lib/python3.12/site-packages/airflow/example_dags/example_branch_operator.py
[2026-07-20T06:40:44.033+0000] {processor.py:830} INFO - Processing file /workspaces/recomart-recommendation-pipeline/airflow_venv/lib/python3.12/site-packages/airflow/example_dags/example_branch_operator.py for tasks to queue
[2026-07-20T06:40:44.035+0000] {logging_mixin.py:188} INFO - [2026-07-20T06:40:44.034+0000] {dagbag.py:545} INFO - Filling up the DagBag from /workspaces/recomart-recommendation-pipeline/airflow_venv/lib/python3.12/site-packages/airflow/example_dags/example_branch_operator.py
[2026-07-20T06:40:44.049+0000] {processor.py:840} INFO - DAG(s) 'example_branch_operator' retrieved from /workspaces/recomart-recommendation-pipeline/airflow_venv/lib/python3.12/site-packages/airflow/example_dags/example_branch_operator.py
[2026-07-20T06:40:44.068+0000] {logging_mixin.py:188} INFO - [2026-07-20T06:40:44.068+0000] {dag.py:3089} INFO - Sync 1 DAGs
[2026-07-20T06:40:44.096+0000] {logging_mixin.py:188} INFO - [2026-07-20T06:40:44.095+0000] {dag.py:3947} INFO - Setting next_dagrun for example_branch_operator to 2026-07-19 00:00:00+00:00, run_after=2026-07-20 00:00:00+00:00
[2026-07-20T06:40:44.124+0000] {processor.py:183} INFO - Processing /workspaces/recomart-recommendation-pipeline/airflow_venv/lib/python3.12/site-packages/airflow/example_dags/example_branch_operator.py took 0.096 seconds
[2026-07-20T06:41:53.671+0000] {processor.py:161} INFO - Started process (PID=81328) to work on /workspaces/recomart-recommendation-pipeline/airflow_venv/lib/python3.12/site-packages/airflow/example_dags/example_branch_operator.py
[2026-07-20T06:41:53.673+0000] {processor.py:830} INFO - Processing file /workspaces/recomart-recommendation-pipeline/airflow_venv/lib/python3.12/site-packages/airflow/example_dags/example_branch_operator.py for tasks to queue
[2026-07-20T06:41:53.677+0000] {logging_mixin.py:188} INFO - [2026-07-20T06:41:53.675+0000] {dagbag.py:545} INFO - Filling up the DagBag from /workspaces/recomart-recommendation-pipeline/airflow_venv/lib/python3.12/site-packages/airflow/example_dags/example_branch_operator.py
[2026-07-20T06:41:53.719+0000] {processor.py:840} INFO - DAG(s) 'example_branch_operator' retrieved from /workspaces/recomart-recommendation-pipeline/airflow_venv/lib/python3.12/site-packages/airflow/example_dags/example_branch_operator.py
[2026-07-20T06:41:53.753+0000] {logging_mixin.py:188} INFO - [2026-07-20T06:41:53.753+0000] {dag.py:3089} INFO - Sync 1 DAGs
[2026-07-20T06:41:53.812+0000] {logging_mixin.py:188} INFO - [2026-07-20T06:41:53.811+0000] {dag.py:3947} INFO - Setting next_dagrun for example_branch_operator to 2026-07-19 00:00:00+00:00, run_after=2026-07-20 00:00:00+00:00
[2026-07-20T06:41:53.879+0000] {processor.py:183} INFO - Processing /workspaces/recomart-recommendation-pipeline/airflow_venv/lib/python3.12/site-packages/airflow/example_dags/example_branch_operator.py took 0.214 seconds
[2026-07-20T06:43:03.626+0000] {processor.py:161} INFO - Started process (PID=81899) to work on /workspaces/recomart-recommendation-pipeline/airflow_venv/lib/python3.12/site-packages/airflow/example_dags/example_branch_operator.py
[2026-07-20T06:43:03.627+0000] {processor.py:830} INFO - Processing file /workspaces/recomart-recommendation-pipeline/airflow_venv/lib/python3.12/site-packages/airflow/example_dags/example_branch_operator.py for tasks to queue
[2026-07-20T06:43:03.630+0000] {logging_mixin.py:188} INFO - [2026-07-20T06:43:03.629+0000] {dagbag.py:545} INFO - Filling up the DagBag from /workspaces/recomart-recommendation-pipeline/airflow_venv/lib/python3.12/site-packages/airflow/example_dags/example_branch_operator.py
[2026-07-20T06:43:03.655+0000] {processor.py:840} INFO - DAG(s) 'example_branch_operator' retrieved from /workspaces/recomart-recommendation-pipeline/airflow_venv/lib/python3.12/site-packages/airflow/example_dags/example_branch_operator.py
[2026-07-20T06:43:03.694+0000] {logging_mixin.py:188} INFO - [2026-07-20T06:43:03.694+0000] {dag.py:3089} INFO - Sync 1 DAGs
[2026-07-20T06:43:03.721+0000] {logging_mixin.py:188} INFO - [2026-07-20T06:43:03.721+0000] {dag.py:3947} INFO - Setting next_dagrun for example_branch_operator to 2026-07-19 00:00:00+00:00, run_after=2026-07-20 00:00:00+00:00
[2026-07-20T06:43:03.746+0000] {processor.py:183} INFO - Processing /workspaces/recomart-recommendation-pipeline/airflow_venv/lib/python3.12/site-packages/airflow/example_dags/example_branch_operator.py took 0.128 seconds
[2026-07-20T06:44:18.245+0000] {processor.py:161} INFO - Started process (PID=82498) to work on /workspaces/recomart-recommendation-pipeline/airflow_venv/lib/python3.12/site-packages/airflow/example_dags/example_branch_operator.py
[2026-07-20T06:44:18.246+0000] {processor.py:830} INFO - Processing file /workspaces/recomart-recommendation-pipeline/airflow_venv/lib/python3.12/site-packages/airflow/example_dags/example_branch_operator.py for tasks to queue
[2026-07-20T06:44:18.247+0000] {logging_mixin.py:188} INFO - [2026-07-20T06:44:18.247+0000] {dagbag.py:545} INFO - Filling up the DagBag from /workspaces/recomart-recommendation-pipeline/airflow_venv/lib/python3.12/site-packages/airflow/example_dags/example_branch_operator.py
[2026-07-20T06:44:18.261+0000] {processor.py:840} INFO - DAG(s) 'example_branch_operator' retrieved from /workspaces/recomart-recommendation-pipeline/airflow_venv/lib/python3.12/site-packages/airflow/example_dags/example_branch_operator.py
[2026-07-20T06:44:18.302+0000] {logging_mixin.py:188} INFO - [2026-07-20T06:44:18.302+0000] {dag.py:3089} INFO - Sync 1 DAGs
[2026-07-20T06:44:18.319+0000] {logging_mixin.py:188} INFO - [2026-07-20T06:44:18.319+0000] {dag.py:3947} INFO - Setting next_dagrun for example_branch_operator to 2026-07-19 00:00:00+00:00, run_after=2026-07-20 00:00:00+00:00
[2026-07-20T06:44:18.340+0000] {processor.py:183} INFO - Processing /workspaces/recomart-recommendation-pipeline/airflow_venv/lib/python3.12/site-packages/airflow/example_dags/example_branch_operator.py took 0.100 seconds
[2026-07-20T06:45:18.134+0000] {processor.py:161} INFO - Started process (PID=83001) to work on /workspaces/recomart-recommendation-pipeline/airflow_venv/lib/python3.12/site-packages/airflow/example_dags/example_branch_operator.py
[2026-07-20T06:45:18.135+0000] {processor.py:830} INFO - Processing file /workspaces/recomart-recommendation-pipeline/airflow_venv/lib/python3.12/site-packages/airflow/example_dags/example_branch_operator.py for tasks to queue
[2026-07-20T06:45:18.136+0000] {logging_mixin.py:188} INFO - [2026-07-20T06:45:18.136+0000] {dagbag.py:545} INFO - Filling up the DagBag from /workspaces/recomart-recommendation-pipeline/airflow_venv/lib/python3.12/site-packages/airflow/example_dags/example_branch_operator.py
[2026-07-20T06:45:18.150+0000] {processor.py:840} INFO - DAG(s) 'example_branch_operator' retrieved from /workspaces/recomart-recommendation-pipeline/airflow_venv/lib/python3.12/site-packages/airflow/example_dags/example_branch_operator.py
[2026-07-20T06:45:18.169+0000] {logging_mixin.py:188} INFO - [2026-07-20T06:45:18.169+0000] {dag.py:3089} INFO - Sync 1 DAGs
[2026-07-20T06:45:18.193+0000] {logging_mixin.py:188} INFO - [2026-07-20T06:45:18.193+0000] {dag.py:3947} INFO - Setting next_dagrun for example_branch_operator to 2026-07-19 00:00:00+00:00, run_after=2026-07-20 00:00:00+00:00
[2026-07-20T06:45:18.213+0000] {processor.py:183} INFO - Processing /workspaces/recomart-recommendation-pipeline/airflow_venv/lib/python3.12/site-packages/airflow/example_dags/example_branch_operator.py took 0.083 seconds
[2026-07-20T06:46:26.704+0000] {processor.py:161} INFO - Started process (PID=83604) to work on /workspaces/recomart-recommendation-pipeline/airflow_venv/lib/python3.12/site-packages/airflow/example_dags/example_branch_operator.py
[2026-07-20T06:46:26.705+0000] {processor.py:830} INFO - Processing file /workspaces/recomart-recommendation-pipeline/airflow_venv/lib/python3.12/site-packages/airflow/example_dags/example_branch_operator.py for tasks to queue
[2026-07-20T06:46:26.706+0000] {logging_mixin.py:188} INFO - [2026-07-20T06:46:26.706+0000] {dagbag.py:545} INFO - Filling up the DagBag from /workspaces/recomart-recommendation-pipeline/airflow_venv/lib/python3.12/site-packages/airflow/example_dags/example_branch_operator.py
[2026-07-20T06:46:26.720+0000] {processor.py:840} INFO - DAG(s) 'example_branch_operator' retrieved from /workspaces/recomart-recommendation-pipeline/airflow_venv/lib/python3.12/site-packages/airflow/example_dags/example_branch_operator.py
[2026-07-20T06:46:26.738+0000] {logging_mixin.py:188} INFO - [2026-07-20T06:46:26.738+0000] {dag.py:3089} INFO - Sync 1 DAGs
[2026-07-20T06:46:26.753+0000] {logging_mixin.py:188} INFO - [2026-07-20T06:46:26.753+0000] {dag.py:3947} INFO - Setting next_dagrun for example_branch_operator to 2026-07-19 00:00:00+00:00, run_after=2026-07-20 00:00:00+00:00
[2026-07-20T06:46:26.771+0000] {processor.py:183} INFO - Processing /workspaces/recomart-recommendation-pipeline/airflow_venv/lib/python3.12/site-packages/airflow/example_dags/example_branch_operator.py took 0.072 seconds
[2026-07-20T06:47:30.251+0000] {processor.py:161} INFO - Started process (PID=84145) to work on /workspaces/recomart-recommendation-pipeline/airflow_venv/lib/python3.12/site-packages/airflow/example_dags/example_branch_operator.py
[2026-07-20T06:47:30.251+0000] {processor.py:830} INFO - Processing file /workspaces/recomart-recommendation-pipeline/airflow_venv/lib/python3.12/site-packages/airflow/example_dags/example_branch_operator.py for tasks to queue
[2026-07-20T06:47:30.253+0000] {logging_mixin.py:188} INFO - [2026-07-20T06:47:30.252+0000] {dagbag.py:545} INFO - Filling up the DagBag from /workspaces/recomart-recommendation-pipeline/airflow_venv/lib/python3.12/site-packages/airflow/example_dags/example_branch_operator.py
[2026-07-20T06:47:30.267+0000] {processor.py:840} INFO - DAG(s) 'example_branch_operator' retrieved from /workspaces/recomart-recommendation-pipeline/airflow_venv/lib/python3.12/site-packages/airflow/example_dags/example_branch_operator.py
[2026-07-20T06:47:30.291+0000] {logging_mixin.py:188} INFO - [2026-07-20T06:47:30.291+0000] {dag.py:3089} INFO - Sync 1 DAGs
[2026-07-20T06:47:30.306+0000] {logging_mixin.py:188} INFO - [2026-07-20T06:47:30.306+0000] {dag.py:3947} INFO - Setting next_dagrun for example_branch_operator to 2026-07-19 00:00:00+00:00, run_after=2026-07-20 00:00:00+00:00
[2026-07-20T06:47:30.323+0000] {processor.py:183} INFO - Processing /workspaces/recomart-recommendation-pipeline/airflow_venv/lib/python3.12/site-packages/airflow/example_dags/example_branch_operator.py took 0.077 seconds
[2026-07-20T06:48:33.502+0000] {processor.py:161} INFO - Started process (PID=84658) to work on /workspaces/recomart-recommendation-pipeline/airflow_venv/lib/python3.12/site-packages/airflow/example_dags/example_branch_operator.py
[2026-07-20T06:48:33.502+0000] {processor.py:830} INFO - Processing file /workspaces/recomart-recommendation-pipeline/airflow_venv/lib/python3.12/site-packages/airflow/example_dags/example_branch_operator.py for tasks to queue
[2026-07-20T06:48:33.504+0000] {logging_mixin.py:188} INFO - [2026-07-20T06:48:33.503+0000] {dagbag.py:545} INFO - Filling up the DagBag from /workspaces/recomart-recommendation-pipeline/airflow_venv/lib/python3.12/site-packages/airflow/example_dags/example_branch_operator.py
[2026-07-20T06:48:33.517+0000] {processor.py:840} INFO - DAG(s) 'example_branch_operator' retrieved from /workspaces/recomart-recommendation-pipeline/airflow_venv/lib/python3.12/site-packages/airflow/example_dags/example_branch_operator.py
[2026-07-20T06:48:33.535+0000] {logging_mixin.py:188} INFO - [2026-07-20T06:48:33.535+0000] {dag.py:3089} INFO - Sync 1 DAGs
[2026-07-20T06:48:33.549+0000] {logging_mixin.py:188} INFO - [2026-07-20T06:48:33.549+0000] {dag.py:3947} INFO - Setting next_dagrun for example_branch_operator to 2026-07-19 00:00:00+00:00, run_after=2026-07-20 00:00:00+00:00
[2026-07-20T06:48:33.566+0000] {processor.py:183} INFO - Processing /workspaces/recomart-recommendation-pipeline/airflow_venv/lib/python3.12/site-packages/airflow/example_dags/example_branch_operator.py took 0.069 seconds
[2026-07-20T06:49:35.480+0000] {processor.py:161} INFO - Started process (PID=85294) to work on /workspaces/recomart-recommendation-pipeline/airflow_venv/lib/python3.12/site-packages/airflow/example_dags/example_branch_operator.py
[2026-07-20T06:49:35.481+0000] {processor.py:830} INFO - Processing file /workspaces/recomart-recommendation-pipeline/airflow_venv/lib/python3.12/site-packages/airflow/example_dags/example_branch_operator.py for tasks to queue
[2026-07-20T06:49:35.483+0000] {logging_mixin.py:188} INFO - [2026-07-20T06:49:35.482+0000] {dagbag.py:545} INFO - Filling up the DagBag from /workspaces/recomart-recommendation-pipeline/airflow_venv/lib/python3.12/site-packages/airflow/example_dags/example_branch_operator.py
[2026-07-20T06:49:35.502+0000] {processor.py:840} INFO - DAG(s) 'example_branch_operator' retrieved from /workspaces/recomart-recommendation-pipeline/airflow_venv/lib/python3.12/site-packages/airflow/example_dags/example_branch_operator.py
[2026-07-20T06:49:35.525+0000] {logging_mixin.py:188} INFO - [2026-07-20T06:49:35.525+0000] {dag.py:3089} INFO - Sync 1 DAGs
[2026-07-20T06:49:35.540+0000] {logging_mixin.py:188} INFO - [2026-07-20T06:49:35.540+0000] {dag.py:3947} INFO - Setting next_dagrun for example_branch_operator to 2026-07-19 00:00:00+00:00, run_after=2026-07-20 00:00:00+00:00
[2026-07-20T06:49:35.557+0000] {processor.py:183} INFO - Processing /workspaces/recomart-recommendation-pipeline/airflow_venv/lib/python3.12/site-packages/airflow/example_dags/example_branch_operator.py took 0.083 seconds
[2026-07-20T06:50:41.534+0000] {processor.py:161} INFO - Started process (PID=86012) to work on /workspaces/recomart-recommendation-pipeline/airflow_venv/lib/python3.12/site-packages/airflow/example_dags/example_branch_operator.py
[2026-07-20T06:50:41.535+0000] {processor.py:830} INFO - Processing file /workspaces/recomart-recommendation-pipeline/airflow_venv/lib/python3.12/site-packages/airflow/example_dags/example_branch_operator.py for tasks to queue
[2026-07-20T06:50:41.536+0000] {logging_mixin.py:188} INFO - [2026-07-20T06:50:41.536+0000] {dagbag.py:545} INFO - Filling up the DagBag from /workspaces/recomart-recommendation-pipeline/airflow_venv/lib/python3.12/site-packages/airflow/example_dags/example_branch_operator.py
[2026-07-20T06:50:41.550+0000] {processor.py:840} INFO - DAG(s) 'example_branch_operator' retrieved from /workspaces/recomart-recommendation-pipeline/airflow_venv/lib/python3.12/site-packages/airflow/example_dags/example_branch_operator.py
[2026-07-20T06:50:41.568+0000] {logging_mixin.py:188} INFO - [2026-07-20T06:50:41.568+0000] {dag.py:3089} INFO - Sync 1 DAGs
[2026-07-20T06:50:41.590+0000] {logging_mixin.py:188} INFO - [2026-07-20T06:50:41.589+0000] {dag.py:3947} INFO - Setting next_dagrun for example_branch_operator to 2026-07-19 00:00:00+00:00, run_after=2026-07-20 00:00:00+00:00
[2026-07-20T06:50:41.607+0000] {processor.py:183} INFO - Processing /workspaces/recomart-recommendation-pipeline/airflow_venv/lib/python3.12/site-packages/airflow/example_dags/example_branch_operator.py took 0.077 seconds
[2026-07-20T06:51:50.382+0000] {processor.py:161} INFO - Started process (PID=86695) to work on /workspaces/recomart-recommendation-pipeline/airflow_venv/lib/python3.12/site-packages/airflow/example_dags/example_branch_operator.py
[2026-07-20T06:51:50.385+0000] {processor.py:830} INFO - Processing file /workspaces/recomart-recommendation-pipeline/airflow_venv/lib/python3.12/site-packages/airflow/example_dags/example_branch_operator.py for tasks to queue
[2026-07-20T06:51:50.387+0000] {logging_mixin.py:188} INFO - [2026-07-20T06:51:50.387+0000] {dagbag.py:545} INFO - Filling up the DagBag from /workspaces/recomart-recommendation-pipeline/airflow_venv/lib/python3.12/site-packages/airflow/example_dags/example_branch_operator.py
[2026-07-20T06:51:50.411+0000] {processor.py:840} INFO - DAG(s) 'example_branch_operator' retrieved from /workspaces/recomart-recommendation-pipeline/airflow_venv/lib/python3.12/site-packages/airflow/example_dags/example_branch_operator.py
[2026-07-20T06:51:50.441+0000] {logging_mixin.py:188} INFO - [2026-07-20T06:51:50.441+0000] {dag.py:3089} INFO - Sync 1 DAGs
[2026-07-20T06:51:50.459+0000] {logging_mixin.py:188} INFO - [2026-07-20T06:51:50.458+0000] {dag.py:3947} INFO - Setting next_dagrun for example_branch_operator to 2026-07-19 00:00:00+00:00, run_after=2026-07-20 00:00:00+00:00
[2026-07-20T06:51:50.479+0000] {processor.py:183} INFO - Processing /workspaces/recomart-recommendation-pipeline/airflow_venv/lib/python3.12/site-packages/airflow/example_dags/example_branch_operator.py took 0.103 seconds
[2026-07-20T06:58:29.272+0000] {processor.py:161} INFO - Started process (PID=89878) to work on /workspaces/recomart-recommendation-pipeline/airflow_venv/lib/python3.12/site-packages/airflow/example_dags/example_branch_operator.py
[2026-07-20T06:58:29.274+0000] {processor.py:830} INFO - Processing file /workspaces/recomart-recommendation-pipeline/airflow_venv/lib/python3.12/site-packages/airflow/example_dags/example_branch_operator.py for tasks to queue
[2026-07-20T06:58:29.276+0000] {logging_mixin.py:188} INFO - [2026-07-20T06:58:29.275+0000] {dagbag.py:545} INFO - Filling up the DagBag from /workspaces/recomart-recommendation-pipeline/airflow_venv/lib/python3.12/site-packages/airflow/example_dags/example_branch_operator.py
[2026-07-20T06:58:29.294+0000] {processor.py:840} INFO - DAG(s) 'example_branch_operator' retrieved from /workspaces/recomart-recommendation-pipeline/airflow_venv/lib/python3.12/site-packages/airflow/example_dags/example_branch_operator.py
[2026-07-20T06:58:29.402+0000] {logging_mixin.py:188} INFO - [2026-07-20T06:58:29.400+0000] {dag.py:3089} INFO - Sync 1 DAGs
[2026-07-20T06:58:29.424+0000] {logging_mixin.py:188} INFO - [2026-07-20T06:58:29.424+0000] {dag.py:3947} INFO - Setting next_dagrun for example_branch_operator to 2026-07-19 00:00:00+00:00, run_after=2026-07-20 00:00:00+00:00
[2026-07-20T06:58:29.479+0000] {processor.py:183} INFO - Processing /workspaces/recomart-recommendation-pipeline/airflow_venv/lib/python3.12/site-packages/airflow/example_dags/example_branch_operator.py took 0.212 seconds
[2026-07-20T07:00:05.119+0000] {processor.py:161} INFO - Started process (PID=91524) to work on /workspaces/recomart-recommendation-pipeline/airflow_venv/lib/python3.12/site-packages/airflow/example_dags/example_branch_operator.py
[2026-07-20T07:00:05.120+0000] {processor.py:830} INFO - Processing file /workspaces/recomart-recommendation-pipeline/airflow_venv/lib/python3.12/site-packages/airflow/example_dags/example_branch_operator.py for tasks to queue
[2026-07-20T07:00:05.121+0000] {logging_mixin.py:188} INFO - [2026-07-20T07:00:05.121+0000] {dagbag.py:545} INFO - Filling up the DagBag from /workspaces/recomart-recommendation-pipeline/airflow_venv/lib/python3.12/site-packages/airflow/example_dags/example_branch_operator.py
[2026-07-20T07:00:05.135+0000] {processor.py:840} INFO - DAG(s) 'example_branch_operator' retrieved from /workspaces/recomart-recommendation-pipeline/airflow_venv/lib/python3.12/site-packages/airflow/example_dags/example_branch_operator.py
[2026-07-20T07:00:05.154+0000] {logging_mixin.py:188} INFO - [2026-07-20T07:00:05.154+0000] {dag.py:3089} INFO - Sync 1 DAGs
[2026-07-20T07:00:05.171+0000] {logging_mixin.py:188} INFO - [2026-07-20T07:00:05.170+0000] {dag.py:3947} INFO - Setting next_dagrun for example_branch_operator to 2026-07-19 00:00:00+00:00, run_after=2026-07-20 00:00:00+00:00
[2026-07-20T07:00:05.193+0000] {processor.py:183} INFO - Processing /workspaces/recomart-recommendation-pipeline/airflow_venv/lib/python3.12/site-packages/airflow/example_dags/example_branch_operator.py took 0.078 seconds
[2026-07-20T07:00:56.541+0000] {processor.py:161} INFO - Started process (PID=92016) to work on /workspaces/recomart-recommendation-pipeline/airflow_venv/lib/python3.12/site-packages/airflow/example_dags/example_branch_operator.py
[2026-07-20T07:00:56.541+0000] {processor.py:830} INFO - Processing file /workspaces/recomart-recommendation-pipeline/airflow_venv/lib/python3.12/site-packages/airflow/example_dags/example_branch_operator.py for tasks to queue
[2026-07-20T07:00:56.543+0000] {logging_mixin.py:188} INFO - [2026-07-20T07:00:56.542+0000] {dagbag.py:545} INFO - Filling up the DagBag from /workspaces/recomart-recommendation-pipeline/airflow_venv/lib/python3.12/site-packages/airflow/example_dags/example_branch_operator.py
[2026-07-20T07:00:56.556+0000] {processor.py:840} INFO - DAG(s) 'example_branch_operator' retrieved from /workspaces/recomart-recommendation-pipeline/airflow_venv/lib/python3.12/site-packages/airflow/example_dags/example_branch_operator.py
[2026-07-20T07:00:56.576+0000] {logging_mixin.py:188} INFO - [2026-07-20T07:00:56.576+0000] {dag.py:3089} INFO - Sync 1 DAGs
[2026-07-20T07:00:56.596+0000] {logging_mixin.py:188} INFO - [2026-07-20T07:00:56.596+0000] {dag.py:3947} INFO - Setting next_dagrun for example_branch_operator to 2026-07-19 00:00:00+00:00, run_after=2026-07-20 00:00:00+00:00
[2026-07-20T07:00:56.616+0000] {processor.py:183} INFO - Processing /workspaces/recomart-recommendation-pipeline/airflow_venv/lib/python3.12/site-packages/airflow/example_dags/example_branch_operator.py took 0.079 seconds
