[2026-07-20T05:58:56.255+0000] {processor.py:161} INFO - Started process (PID=58044) to work on /workspaces/recomart-recommendation-pipeline/airflow_venv/lib/python3.12/site-packages/airflow/example_dags/example_task_group_decorator.py
[2026-07-20T05:58:56.257+0000] {processor.py:830} INFO - Processing file /workspaces/recomart-recommendation-pipeline/airflow_venv/lib/python3.12/site-packages/airflow/example_dags/example_task_group_decorator.py for tasks to queue
[2026-07-20T05:58:56.258+0000] {logging_mixin.py:188} INFO - [2026-07-20T05:58:56.258+0000] {dagbag.py:545} INFO - Filling up the DagBag from /workspaces/recomart-recommendation-pipeline/airflow_venv/lib/python3.12/site-packages/airflow/example_dags/example_task_group_decorator.py
[2026-07-20T05:58:56.281+0000] {processor.py:840} INFO - DAG(s) 'example_task_group_decorator' retrieved from /workspaces/recomart-recommendation-pipeline/airflow_venv/lib/python3.12/site-packages/airflow/example_dags/example_task_group_decorator.py
[2026-07-20T05:58:56.618+0000] {logging_mixin.py:188} INFO - [2026-07-20T05:58:56.617+0000] {override.py:1858} INFO - Created Permission View: can read on DAG:example_task_group_decorator
[2026-07-20T05:58:56.633+0000] {logging_mixin.py:188} INFO - [2026-07-20T05:58:56.633+0000] {override.py:1858} INFO - Created Permission View: can edit on DAG:example_task_group_decorator
[2026-07-20T05:58:56.651+0000] {logging_mixin.py:188} INFO - [2026-07-20T05:58:56.651+0000] {override.py:1858} INFO - Created Permission View: can delete on DAG:example_task_group_decorator
[2026-07-20T05:58:56.652+0000] {logging_mixin.py:188} INFO - [2026-07-20T05:58:56.652+0000] {dag.py:3089} INFO - Sync 1 DAGs
[2026-07-20T05:58:56.666+0000] {logging_mixin.py:188} INFO - [2026-07-20T05:58:56.666+0000] {dag.py:3111} INFO - Creating ORM DAG for example_task_group_decorator
[2026-07-20T05:58:56.677+0000] {logging_mixin.py:188} INFO - [2026-07-20T05:58:56.676+0000] {dag.py:3947} INFO - Setting next_dagrun for example_task_group_decorator to 2026-07-19 00:00:00+00:00, run_after=2026-07-20 00:00:00+00:00
[2026-07-20T05:58:56.723+0000] {processor.py:183} INFO - Processing /workspaces/recomart-recommendation-pipeline/airflow_venv/lib/python3.12/site-packages/airflow/example_dags/example_task_group_decorator.py took 0.477 seconds
[2026-07-20T05:59:55.452+0000] {processor.py:161} INFO - Started process (PID=58618) to work on /workspaces/recomart-recommendation-pipeline/airflow_venv/lib/python3.12/site-packages/airflow/example_dags/example_task_group_decorator.py
[2026-07-20T05:59:55.453+0000] {processor.py:830} INFO - Processing file /workspaces/recomart-recommendation-pipeline/airflow_venv/lib/python3.12/site-packages/airflow/example_dags/example_task_group_decorator.py for tasks to queue
[2026-07-20T05:59:55.455+0000] {logging_mixin.py:188} INFO - [2026-07-20T05:59:55.454+0000] {dagbag.py:545} INFO - Filling up the DagBag from /workspaces/recomart-recommendation-pipeline/airflow_venv/lib/python3.12/site-packages/airflow/example_dags/example_task_group_decorator.py
[2026-07-20T05:59:55.471+0000] {processor.py:840} INFO - DAG(s) 'example_task_group_decorator' retrieved from /workspaces/recomart-recommendation-pipeline/airflow_venv/lib/python3.12/site-packages/airflow/example_dags/example_task_group_decorator.py
[2026-07-20T05:59:55.496+0000] {logging_mixin.py:188} INFO - [2026-07-20T05:59:55.496+0000] {dag.py:3089} INFO - Sync 1 DAGs
[2026-07-20T05:59:55.529+0000] {logging_mixin.py:188} INFO - [2026-07-20T05:59:55.529+0000] {dag.py:3947} INFO - Setting next_dagrun for example_task_group_decorator to 2026-07-19 00:00:00+00:00, run_after=2026-07-20 00:00:00+00:00
[2026-07-20T05:59:55.575+0000] {processor.py:183} INFO - Processing /workspaces/recomart-recommendation-pipeline/airflow_venv/lib/python3.12/site-packages/airflow/example_dags/example_task_group_decorator.py took 0.130 seconds
[2026-07-20T06:00:44.157+0000] {processor.py:161} INFO - Started process (PID=59074) to work on /workspaces/recomart-recommendation-pipeline/airflow_venv/lib/python3.12/site-packages/airflow/example_dags/example_task_group_decorator.py
[2026-07-20T06:00:44.158+0000] {processor.py:830} INFO - Processing file /workspaces/recomart-recommendation-pipeline/airflow_venv/lib/python3.12/site-packages/airflow/example_dags/example_task_group_decorator.py for tasks to queue
[2026-07-20T06:00:44.161+0000] {logging_mixin.py:188} INFO - [2026-07-20T06:00:44.160+0000] {dagbag.py:545} INFO - Filling up the DagBag from /workspaces/recomart-recommendation-pipeline/airflow_venv/lib/python3.12/site-packages/airflow/example_dags/example_task_group_decorator.py
[2026-07-20T06:00:44.180+0000] {processor.py:840} INFO - DAG(s) 'example_task_group_decorator' retrieved from /workspaces/recomart-recommendation-pipeline/airflow_venv/lib/python3.12/site-packages/airflow/example_dags/example_task_group_decorator.py
[2026-07-20T06:00:44.212+0000] {logging_mixin.py:188} INFO - [2026-07-20T06:00:44.212+0000] {dag.py:3089} INFO - Sync 1 DAGs
[2026-07-20T06:00:44.240+0000] {logging_mixin.py:188} INFO - [2026-07-20T06:00:44.239+0000] {dag.py:3947} INFO - Setting next_dagrun for example_task_group_decorator to 2026-07-19 00:00:00+00:00, run_after=2026-07-20 00:00:00+00:00
[2026-07-20T06:00:44.466+0000] {processor.py:183} INFO - Processing /workspaces/recomart-recommendation-pipeline/airflow_venv/lib/python3.12/site-packages/airflow/example_dags/example_task_group_decorator.py took 0.316 seconds
[2026-07-20T06:01:36.405+0000] {processor.py:161} INFO - Started process (PID=59722) to work on /workspaces/recomart-recommendation-pipeline/airflow_venv/lib/python3.12/site-packages/airflow/example_dags/example_task_group_decorator.py
[2026-07-20T06:01:36.406+0000] {processor.py:830} INFO - Processing file /workspaces/recomart-recommendation-pipeline/airflow_venv/lib/python3.12/site-packages/airflow/example_dags/example_task_group_decorator.py for tasks to queue
[2026-07-20T06:01:36.407+0000] {logging_mixin.py:188} INFO - [2026-07-20T06:01:36.407+0000] {dagbag.py:545} INFO - Filling up the DagBag from /workspaces/recomart-recommendation-pipeline/airflow_venv/lib/python3.12/site-packages/airflow/example_dags/example_task_group_decorator.py
[2026-07-20T06:01:36.420+0000] {processor.py:840} INFO - DAG(s) 'example_task_group_decorator' retrieved from /workspaces/recomart-recommendation-pipeline/airflow_venv/lib/python3.12/site-packages/airflow/example_dags/example_task_group_decorator.py
[2026-07-20T06:01:36.438+0000] {logging_mixin.py:188} INFO - [2026-07-20T06:01:36.438+0000] {dag.py:3089} INFO - Sync 1 DAGs
[2026-07-20T06:01:36.453+0000] {logging_mixin.py:188} INFO - [2026-07-20T06:01:36.452+0000] {dag.py:3947} INFO - Setting next_dagrun for example_task_group_decorator to 2026-07-19 00:00:00+00:00, run_after=2026-07-20 00:00:00+00:00
[2026-07-20T06:01:36.471+0000] {processor.py:183} INFO - Processing /workspaces/recomart-recommendation-pipeline/airflow_venv/lib/python3.12/site-packages/airflow/example_dags/example_task_group_decorator.py took 0.070 seconds
[2026-07-20T06:02:20.792+0000] {processor.py:161} INFO - Started process (PID=60088) to work on /workspaces/recomart-recommendation-pipeline/airflow_venv/lib/python3.12/site-packages/airflow/example_dags/example_task_group_decorator.py
[2026-07-20T06:02:20.793+0000] {processor.py:830} INFO - Processing file /workspaces/recomart-recommendation-pipeline/airflow_venv/lib/python3.12/site-packages/airflow/example_dags/example_task_group_decorator.py for tasks to queue
[2026-07-20T06:02:20.795+0000] {logging_mixin.py:188} INFO - [2026-07-20T06:02:20.795+0000] {dagbag.py:545} INFO - Filling up the DagBag from /workspaces/recomart-recommendation-pipeline/airflow_venv/lib/python3.12/site-packages/airflow/example_dags/example_task_group_decorator.py
[2026-07-20T06:02:20.806+0000] {processor.py:840} INFO - DAG(s) 'example_task_group_decorator' retrieved from /workspaces/recomart-recommendation-pipeline/airflow_venv/lib/python3.12/site-packages/airflow/example_dags/example_task_group_decorator.py
[2026-07-20T06:02:20.822+0000] {logging_mixin.py:188} INFO - [2026-07-20T06:02:20.822+0000] {dag.py:3089} INFO - Sync 1 DAGs
[2026-07-20T06:02:20.840+0000] {logging_mixin.py:188} INFO - [2026-07-20T06:02:20.839+0000] {dag.py:3947} INFO - Setting next_dagrun for example_task_group_decorator to 2026-07-19 00:00:00+00:00, run_after=2026-07-20 00:00:00+00:00
[2026-07-20T06:02:20.856+0000] {processor.py:183} INFO - Processing /workspaces/recomart-recommendation-pipeline/airflow_venv/lib/python3.12/site-packages/airflow/example_dags/example_task_group_decorator.py took 0.071 seconds
[2026-07-20T06:03:05.052+0000] {processor.py:161} INFO - Started process (PID=60460) to work on /workspaces/recomart-recommendation-pipeline/airflow_venv/lib/python3.12/site-packages/airflow/example_dags/example_task_group_decorator.py
[2026-07-20T06:03:05.053+0000] {processor.py:830} INFO - Processing file /workspaces/recomart-recommendation-pipeline/airflow_venv/lib/python3.12/site-packages/airflow/example_dags/example_task_group_decorator.py for tasks to queue
[2026-07-20T06:03:05.055+0000] {logging_mixin.py:188} INFO - [2026-07-20T06:03:05.054+0000] {dagbag.py:545} INFO - Filling up the DagBag from /workspaces/recomart-recommendation-pipeline/airflow_venv/lib/python3.12/site-packages/airflow/example_dags/example_task_group_decorator.py
[2026-07-20T06:03:05.073+0000] {processor.py:840} INFO - DAG(s) 'example_task_group_decorator' retrieved from /workspaces/recomart-recommendation-pipeline/airflow_venv/lib/python3.12/site-packages/airflow/example_dags/example_task_group_decorator.py
[2026-07-20T06:03:05.099+0000] {logging_mixin.py:188} INFO - [2026-07-20T06:03:05.099+0000] {dag.py:3089} INFO - Sync 1 DAGs
[2026-07-20T06:03:05.121+0000] {logging_mixin.py:188} INFO - [2026-07-20T06:03:05.121+0000] {dag.py:3947} INFO - Setting next_dagrun for example_task_group_decorator to 2026-07-19 00:00:00+00:00, run_after=2026-07-20 00:00:00+00:00
[2026-07-20T06:03:05.143+0000] {processor.py:183} INFO - Processing /workspaces/recomart-recommendation-pipeline/airflow_venv/lib/python3.12/site-packages/airflow/example_dags/example_task_group_decorator.py took 0.098 seconds
[2026-07-20T06:03:47.166+0000] {processor.py:161} INFO - Started process (PID=60890) to work on /workspaces/recomart-recommendation-pipeline/airflow_venv/lib/python3.12/site-packages/airflow/example_dags/example_task_group_decorator.py
[2026-07-20T06:03:47.167+0000] {processor.py:830} INFO - Processing file /workspaces/recomart-recommendation-pipeline/airflow_venv/lib/python3.12/site-packages/airflow/example_dags/example_task_group_decorator.py for tasks to queue
[2026-07-20T06:03:47.170+0000] {logging_mixin.py:188} INFO - [2026-07-20T06:03:47.169+0000] {dagbag.py:545} INFO - Filling up the DagBag from /workspaces/recomart-recommendation-pipeline/airflow_venv/lib/python3.12/site-packages/airflow/example_dags/example_task_group_decorator.py
[2026-07-20T06:03:47.189+0000] {processor.py:840} INFO - DAG(s) 'example_task_group_decorator' retrieved from /workspaces/recomart-recommendation-pipeline/airflow_venv/lib/python3.12/site-packages/airflow/example_dags/example_task_group_decorator.py
[2026-07-20T06:03:47.208+0000] {logging_mixin.py:188} INFO - [2026-07-20T06:03:47.208+0000] {dag.py:3089} INFO - Sync 1 DAGs
[2026-07-20T06:03:47.223+0000] {logging_mixin.py:188} INFO - [2026-07-20T06:03:47.223+0000] {dag.py:3947} INFO - Setting next_dagrun for example_task_group_decorator to 2026-07-19 00:00:00+00:00, run_after=2026-07-20 00:00:00+00:00
[2026-07-20T06:03:47.240+0000] {processor.py:183} INFO - Processing /workspaces/recomart-recommendation-pipeline/airflow_venv/lib/python3.12/site-packages/airflow/example_dags/example_task_group_decorator.py took 0.080 seconds
[2026-07-20T06:04:31.844+0000] {processor.py:161} INFO - Started process (PID=61202) to work on /workspaces/recomart-recommendation-pipeline/airflow_venv/lib/python3.12/site-packages/airflow/example_dags/example_task_group_decorator.py
[2026-07-20T06:04:31.844+0000] {processor.py:830} INFO - Processing file /workspaces/recomart-recommendation-pipeline/airflow_venv/lib/python3.12/site-packages/airflow/example_dags/example_task_group_decorator.py for tasks to queue
[2026-07-20T06:04:31.846+0000] {logging_mixin.py:188} INFO - [2026-07-20T06:04:31.845+0000] {dagbag.py:545} INFO - Filling up the DagBag from /workspaces/recomart-recommendation-pipeline/airflow_venv/lib/python3.12/site-packages/airflow/example_dags/example_task_group_decorator.py
[2026-07-20T06:04:31.857+0000] {processor.py:840} INFO - DAG(s) 'example_task_group_decorator' retrieved from /workspaces/recomart-recommendation-pipeline/airflow_venv/lib/python3.12/site-packages/airflow/example_dags/example_task_group_decorator.py
[2026-07-20T06:04:31.875+0000] {logging_mixin.py:188} INFO - [2026-07-20T06:04:31.874+0000] {dag.py:3089} INFO - Sync 1 DAGs
[2026-07-20T06:04:31.895+0000] {logging_mixin.py:188} INFO - [2026-07-20T06:04:31.895+0000] {dag.py:3947} INFO - Setting next_dagrun for example_task_group_decorator to 2026-07-19 00:00:00+00:00, run_after=2026-07-20 00:00:00+00:00
[2026-07-20T06:04:31.913+0000] {processor.py:183} INFO - Processing /workspaces/recomart-recommendation-pipeline/airflow_venv/lib/python3.12/site-packages/airflow/example_dags/example_task_group_decorator.py took 0.074 seconds
[2026-07-20T06:05:15.177+0000] {processor.py:161} INFO - Started process (PID=61594) to work on /workspaces/recomart-recommendation-pipeline/airflow_venv/lib/python3.12/site-packages/airflow/example_dags/example_task_group_decorator.py
[2026-07-20T06:05:15.179+0000] {processor.py:830} INFO - Processing file /workspaces/recomart-recommendation-pipeline/airflow_venv/lib/python3.12/site-packages/airflow/example_dags/example_task_group_decorator.py for tasks to queue
[2026-07-20T06:05:15.181+0000] {logging_mixin.py:188} INFO - [2026-07-20T06:05:15.181+0000] {dagbag.py:545} INFO - Filling up the DagBag from /workspaces/recomart-recommendation-pipeline/airflow_venv/lib/python3.12/site-packages/airflow/example_dags/example_task_group_decorator.py
[2026-07-20T06:05:15.209+0000] {processor.py:840} INFO - DAG(s) 'example_task_group_decorator' retrieved from /workspaces/recomart-recommendation-pipeline/airflow_venv/lib/python3.12/site-packages/airflow/example_dags/example_task_group_decorator.py
[2026-07-20T06:05:15.225+0000] {logging_mixin.py:188} INFO - [2026-07-20T06:05:15.225+0000] {dag.py:3089} INFO - Sync 1 DAGs
[2026-07-20T06:05:15.239+0000] {logging_mixin.py:188} INFO - [2026-07-20T06:05:15.239+0000] {dag.py:3947} INFO - Setting next_dagrun for example_task_group_decorator to 2026-07-19 00:00:00+00:00, run_after=2026-07-20 00:00:00+00:00
[2026-07-20T06:05:15.387+0000] {processor.py:183} INFO - Processing /workspaces/recomart-recommendation-pipeline/airflow_venv/lib/python3.12/site-packages/airflow/example_dags/example_task_group_decorator.py took 0.218 seconds
[2026-07-20T06:06:01.342+0000] {processor.py:161} INFO - Started process (PID=61972) to work on /workspaces/recomart-recommendation-pipeline/airflow_venv/lib/python3.12/site-packages/airflow/example_dags/example_task_group_decorator.py
[2026-07-20T06:06:01.343+0000] {processor.py:830} INFO - Processing file /workspaces/recomart-recommendation-pipeline/airflow_venv/lib/python3.12/site-packages/airflow/example_dags/example_task_group_decorator.py for tasks to queue
[2026-07-20T06:06:01.345+0000] {logging_mixin.py:188} INFO - [2026-07-20T06:06:01.345+0000] {dagbag.py:545} INFO - Filling up the DagBag from /workspaces/recomart-recommendation-pipeline/airflow_venv/lib/python3.12/site-packages/airflow/example_dags/example_task_group_decorator.py
[2026-07-20T06:06:01.369+0000] {processor.py:840} INFO - DAG(s) 'example_task_group_decorator' retrieved from /workspaces/recomart-recommendation-pipeline/airflow_venv/lib/python3.12/site-packages/airflow/example_dags/example_task_group_decorator.py
[2026-07-20T06:06:01.401+0000] {logging_mixin.py:188} INFO - [2026-07-20T06:06:01.401+0000] {dag.py:3089} INFO - Sync 1 DAGs
[2026-07-20T06:06:01.428+0000] {logging_mixin.py:188} INFO - [2026-07-20T06:06:01.427+0000] {dag.py:3947} INFO - Setting next_dagrun for example_task_group_decorator to 2026-07-19 00:00:00+00:00, run_after=2026-07-20 00:00:00+00:00
[2026-07-20T06:06:01.450+0000] {processor.py:183} INFO - Processing /workspaces/recomart-recommendation-pipeline/airflow_venv/lib/python3.12/site-packages/airflow/example_dags/example_task_group_decorator.py took 0.117 seconds
[2026-07-20T06:06:48.342+0000] {processor.py:161} INFO - Started process (PID=62372) to work on /workspaces/recomart-recommendation-pipeline/airflow_venv/lib/python3.12/site-packages/airflow/example_dags/example_task_group_decorator.py
[2026-07-20T06:06:48.343+0000] {processor.py:830} INFO - Processing file /workspaces/recomart-recommendation-pipeline/airflow_venv/lib/python3.12/site-packages/airflow/example_dags/example_task_group_decorator.py for tasks to queue
[2026-07-20T06:06:48.344+0000] {logging_mixin.py:188} INFO - [2026-07-20T06:06:48.344+0000] {dagbag.py:545} INFO - Filling up the DagBag from /workspaces/recomart-recommendation-pipeline/airflow_venv/lib/python3.12/site-packages/airflow/example_dags/example_task_group_decorator.py
[2026-07-20T06:06:48.355+0000] {processor.py:840} INFO - DAG(s) 'example_task_group_decorator' retrieved from /workspaces/recomart-recommendation-pipeline/airflow_venv/lib/python3.12/site-packages/airflow/example_dags/example_task_group_decorator.py
[2026-07-20T06:06:48.370+0000] {logging_mixin.py:188} INFO - [2026-07-20T06:06:48.370+0000] {dag.py:3089} INFO - Sync 1 DAGs
[2026-07-20T06:06:48.481+0000] {logging_mixin.py:188} INFO - [2026-07-20T06:06:48.481+0000] {dag.py:3947} INFO - Setting next_dagrun for example_task_group_decorator to 2026-07-19 00:00:00+00:00, run_after=2026-07-20 00:00:00+00:00
[2026-07-20T06:06:48.499+0000] {processor.py:183} INFO - Processing /workspaces/recomart-recommendation-pipeline/airflow_venv/lib/python3.12/site-packages/airflow/example_dags/example_task_group_decorator.py took 0.161 seconds
[2026-07-20T06:07:38.531+0000] {processor.py:161} INFO - Started process (PID=62790) to work on /workspaces/recomart-recommendation-pipeline/airflow_venv/lib/python3.12/site-packages/airflow/example_dags/example_task_group_decorator.py
[2026-07-20T06:07:38.532+0000] {processor.py:830} INFO - Processing file /workspaces/recomart-recommendation-pipeline/airflow_venv/lib/python3.12/site-packages/airflow/example_dags/example_task_group_decorator.py for tasks to queue
[2026-07-20T06:07:38.534+0000] {logging_mixin.py:188} INFO - [2026-07-20T06:07:38.533+0000] {dagbag.py:545} INFO - Filling up the DagBag from /workspaces/recomart-recommendation-pipeline/airflow_venv/lib/python3.12/site-packages/airflow/example_dags/example_task_group_decorator.py
[2026-07-20T06:07:38.546+0000] {processor.py:840} INFO - DAG(s) 'example_task_group_decorator' retrieved from /workspaces/recomart-recommendation-pipeline/airflow_venv/lib/python3.12/site-packages/airflow/example_dags/example_task_group_decorator.py
[2026-07-20T06:07:38.562+0000] {logging_mixin.py:188} INFO - [2026-07-20T06:07:38.561+0000] {dag.py:3089} INFO - Sync 1 DAGs
[2026-07-20T06:07:38.579+0000] {logging_mixin.py:188} INFO - [2026-07-20T06:07:38.579+0000] {dag.py:3947} INFO - Setting next_dagrun for example_task_group_decorator to 2026-07-19 00:00:00+00:00, run_after=2026-07-20 00:00:00+00:00
[2026-07-20T06:07:38.599+0000] {processor.py:183} INFO - Processing /workspaces/recomart-recommendation-pipeline/airflow_venv/lib/python3.12/site-packages/airflow/example_dags/example_task_group_decorator.py took 0.074 seconds
[2026-07-20T06:08:54.831+0000] {processor.py:161} INFO - Started process (PID=63585) to work on /workspaces/recomart-recommendation-pipeline/airflow_venv/lib/python3.12/site-packages/airflow/example_dags/example_task_group_decorator.py
[2026-07-20T06:08:54.831+0000] {processor.py:830} INFO - Processing file /workspaces/recomart-recommendation-pipeline/airflow_venv/lib/python3.12/site-packages/airflow/example_dags/example_task_group_decorator.py for tasks to queue
[2026-07-20T06:08:54.833+0000] {logging_mixin.py:188} INFO - [2026-07-20T06:08:54.832+0000] {dagbag.py:545} INFO - Filling up the DagBag from /workspaces/recomart-recommendation-pipeline/airflow_venv/lib/python3.12/site-packages/airflow/example_dags/example_task_group_decorator.py
[2026-07-20T06:08:54.845+0000] {processor.py:840} INFO - DAG(s) 'example_task_group_decorator' retrieved from /workspaces/recomart-recommendation-pipeline/airflow_venv/lib/python3.12/site-packages/airflow/example_dags/example_task_group_decorator.py
[2026-07-20T06:08:54.850+0000] {logging_mixin.py:188} INFO - [2026-07-20T06:08:54.850+0000] {dag.py:3089} INFO - Sync 1 DAGs
[2026-07-20T06:08:54.865+0000] {logging_mixin.py:188} INFO - [2026-07-20T06:08:54.865+0000] {dag.py:3947} INFO - Setting next_dagrun for example_task_group_decorator to 2026-07-19 00:00:00+00:00, run_after=2026-07-20 00:00:00+00:00
[2026-07-20T06:08:54.884+0000] {processor.py:183} INFO - Processing /workspaces/recomart-recommendation-pipeline/airflow_venv/lib/python3.12/site-packages/airflow/example_dags/example_task_group_decorator.py took 0.057 seconds
[2026-07-20T06:09:50.328+0000] {processor.py:161} INFO - Started process (PID=64053) to work on /workspaces/recomart-recommendation-pipeline/airflow_venv/lib/python3.12/site-packages/airflow/example_dags/example_task_group_decorator.py
[2026-07-20T06:09:50.329+0000] {processor.py:830} INFO - Processing file /workspaces/recomart-recommendation-pipeline/airflow_venv/lib/python3.12/site-packages/airflow/example_dags/example_task_group_decorator.py for tasks to queue
[2026-07-20T06:09:50.331+0000] {logging_mixin.py:188} INFO - [2026-07-20T06:09:50.331+0000] {dagbag.py:545} INFO - Filling up the DagBag from /workspaces/recomart-recommendation-pipeline/airflow_venv/lib/python3.12/site-packages/airflow/example_dags/example_task_group_decorator.py
[2026-07-20T06:09:50.342+0000] {processor.py:840} INFO - DAG(s) 'example_task_group_decorator' retrieved from /workspaces/recomart-recommendation-pipeline/airflow_venv/lib/python3.12/site-packages/airflow/example_dags/example_task_group_decorator.py
[2026-07-20T06:09:50.451+0000] {logging_mixin.py:188} INFO - [2026-07-20T06:09:50.451+0000] {dag.py:3089} INFO - Sync 1 DAGs
[2026-07-20T06:09:50.477+0000] {logging_mixin.py:188} INFO - [2026-07-20T06:09:50.477+0000] {dag.py:3947} INFO - Setting next_dagrun for example_task_group_decorator to 2026-07-19 00:00:00+00:00, run_after=2026-07-20 00:00:00+00:00
[2026-07-20T06:09:50.500+0000] {processor.py:183} INFO - Processing /workspaces/recomart-recommendation-pipeline/airflow_venv/lib/python3.12/site-packages/airflow/example_dags/example_task_group_decorator.py took 0.176 seconds
[2026-07-20T06:10:39.876+0000] {processor.py:161} INFO - Started process (PID=64423) to work on /workspaces/recomart-recommendation-pipeline/airflow_venv/lib/python3.12/site-packages/airflow/example_dags/example_task_group_decorator.py
[2026-07-20T06:10:39.877+0000] {processor.py:830} INFO - Processing file /workspaces/recomart-recommendation-pipeline/airflow_venv/lib/python3.12/site-packages/airflow/example_dags/example_task_group_decorator.py for tasks to queue
[2026-07-20T06:10:39.879+0000] {logging_mixin.py:188} INFO - [2026-07-20T06:10:39.878+0000] {dagbag.py:545} INFO - Filling up the DagBag from /workspaces/recomart-recommendation-pipeline/airflow_venv/lib/python3.12/site-packages/airflow/example_dags/example_task_group_decorator.py
[2026-07-20T06:10:39.895+0000] {processor.py:840} INFO - DAG(s) 'example_task_group_decorator' retrieved from /workspaces/recomart-recommendation-pipeline/airflow_venv/lib/python3.12/site-packages/airflow/example_dags/example_task_group_decorator.py
[2026-07-20T06:10:39.915+0000] {logging_mixin.py:188} INFO - [2026-07-20T06:10:39.914+0000] {dag.py:3089} INFO - Sync 1 DAGs
[2026-07-20T06:10:39.929+0000] {logging_mixin.py:188} INFO - [2026-07-20T06:10:39.929+0000] {dag.py:3947} INFO - Setting next_dagrun for example_task_group_decorator to 2026-07-19 00:00:00+00:00, run_after=2026-07-20 00:00:00+00:00
[2026-07-20T06:10:39.946+0000] {processor.py:183} INFO - Processing /workspaces/recomart-recommendation-pipeline/airflow_venv/lib/python3.12/site-packages/airflow/example_dags/example_task_group_decorator.py took 0.075 seconds
[2026-07-20T06:11:31.650+0000] {processor.py:161} INFO - Started process (PID=65010) to work on /workspaces/recomart-recommendation-pipeline/airflow_venv/lib/python3.12/site-packages/airflow/example_dags/example_task_group_decorator.py
[2026-07-20T06:11:31.651+0000] {processor.py:830} INFO - Processing file /workspaces/recomart-recommendation-pipeline/airflow_venv/lib/python3.12/site-packages/airflow/example_dags/example_task_group_decorator.py for tasks to queue
[2026-07-20T06:11:31.653+0000] {logging_mixin.py:188} INFO - [2026-07-20T06:11:31.652+0000] {dagbag.py:545} INFO - Filling up the DagBag from /workspaces/recomart-recommendation-pipeline/airflow_venv/lib/python3.12/site-packages/airflow/example_dags/example_task_group_decorator.py
[2026-07-20T06:11:31.664+0000] {processor.py:840} INFO - DAG(s) 'example_task_group_decorator' retrieved from /workspaces/recomart-recommendation-pipeline/airflow_venv/lib/python3.12/site-packages/airflow/example_dags/example_task_group_decorator.py
[2026-07-20T06:11:31.683+0000] {logging_mixin.py:188} INFO - [2026-07-20T06:11:31.683+0000] {dag.py:3089} INFO - Sync 1 DAGs
[2026-07-20T06:11:31.699+0000] {logging_mixin.py:188} INFO - [2026-07-20T06:11:31.699+0000] {dag.py:3947} INFO - Setting next_dagrun for example_task_group_decorator to 2026-07-19 00:00:00+00:00, run_after=2026-07-20 00:00:00+00:00
[2026-07-20T06:11:31.717+0000] {processor.py:183} INFO - Processing /workspaces/recomart-recommendation-pipeline/airflow_venv/lib/python3.12/site-packages/airflow/example_dags/example_task_group_decorator.py took 0.071 seconds
[2026-07-20T06:12:12.377+0000] {processor.py:161} INFO - Started process (PID=65357) to work on /workspaces/recomart-recommendation-pipeline/airflow_venv/lib/python3.12/site-packages/airflow/example_dags/example_task_group_decorator.py
[2026-07-20T06:12:12.377+0000] {processor.py:830} INFO - Processing file /workspaces/recomart-recommendation-pipeline/airflow_venv/lib/python3.12/site-packages/airflow/example_dags/example_task_group_decorator.py for tasks to queue
[2026-07-20T06:12:12.379+0000] {logging_mixin.py:188} INFO - [2026-07-20T06:12:12.379+0000] {dagbag.py:545} INFO - Filling up the DagBag from /workspaces/recomart-recommendation-pipeline/airflow_venv/lib/python3.12/site-packages/airflow/example_dags/example_task_group_decorator.py
[2026-07-20T06:12:12.394+0000] {processor.py:840} INFO - DAG(s) 'example_task_group_decorator' retrieved from /workspaces/recomart-recommendation-pipeline/airflow_venv/lib/python3.12/site-packages/airflow/example_dags/example_task_group_decorator.py
[2026-07-20T06:12:12.429+0000] {logging_mixin.py:188} INFO - [2026-07-20T06:12:12.428+0000] {dag.py:3089} INFO - Sync 1 DAGs
[2026-07-20T06:12:12.455+0000] {logging_mixin.py:188} INFO - [2026-07-20T06:12:12.454+0000] {dag.py:3947} INFO - Setting next_dagrun for example_task_group_decorator to 2026-07-19 00:00:00+00:00, run_after=2026-07-20 00:00:00+00:00
[2026-07-20T06:12:12.483+0000] {processor.py:183} INFO - Processing /workspaces/recomart-recommendation-pipeline/airflow_venv/lib/python3.12/site-packages/airflow/example_dags/example_task_group_decorator.py took 0.112 seconds
[2026-07-20T06:12:56.070+0000] {processor.py:161} INFO - Started process (PID=65746) to work on /workspaces/recomart-recommendation-pipeline/airflow_venv/lib/python3.12/site-packages/airflow/example_dags/example_task_group_decorator.py
[2026-07-20T06:12:56.073+0000] {processor.py:830} INFO - Processing file /workspaces/recomart-recommendation-pipeline/airflow_venv/lib/python3.12/site-packages/airflow/example_dags/example_task_group_decorator.py for tasks to queue
[2026-07-20T06:12:56.075+0000] {logging_mixin.py:188} INFO - [2026-07-20T06:12:56.075+0000] {dagbag.py:545} INFO - Filling up the DagBag from /workspaces/recomart-recommendation-pipeline/airflow_venv/lib/python3.12/site-packages/airflow/example_dags/example_task_group_decorator.py
[2026-07-20T06:12:56.105+0000] {processor.py:840} INFO - DAG(s) 'example_task_group_decorator' retrieved from /workspaces/recomart-recommendation-pipeline/airflow_venv/lib/python3.12/site-packages/airflow/example_dags/example_task_group_decorator.py
[2026-07-20T06:12:56.144+0000] {logging_mixin.py:188} INFO - [2026-07-20T06:12:56.144+0000] {dag.py:3089} INFO - Sync 1 DAGs
[2026-07-20T06:12:56.179+0000] {logging_mixin.py:188} INFO - [2026-07-20T06:12:56.179+0000] {dag.py:3947} INFO - Setting next_dagrun for example_task_group_decorator to 2026-07-19 00:00:00+00:00, run_after=2026-07-20 00:00:00+00:00
[2026-07-20T06:12:56.201+0000] {processor.py:183} INFO - Processing /workspaces/recomart-recommendation-pipeline/airflow_venv/lib/python3.12/site-packages/airflow/example_dags/example_task_group_decorator.py took 0.137 seconds
[2026-07-20T06:13:40.919+0000] {processor.py:161} INFO - Started process (PID=66121) to work on /workspaces/recomart-recommendation-pipeline/airflow_venv/lib/python3.12/site-packages/airflow/example_dags/example_task_group_decorator.py
[2026-07-20T06:13:40.920+0000] {processor.py:830} INFO - Processing file /workspaces/recomart-recommendation-pipeline/airflow_venv/lib/python3.12/site-packages/airflow/example_dags/example_task_group_decorator.py for tasks to queue
[2026-07-20T06:13:40.921+0000] {logging_mixin.py:188} INFO - [2026-07-20T06:13:40.921+0000] {dagbag.py:545} INFO - Filling up the DagBag from /workspaces/recomart-recommendation-pipeline/airflow_venv/lib/python3.12/site-packages/airflow/example_dags/example_task_group_decorator.py
[2026-07-20T06:13:40.932+0000] {processor.py:840} INFO - DAG(s) 'example_task_group_decorator' retrieved from /workspaces/recomart-recommendation-pipeline/airflow_venv/lib/python3.12/site-packages/airflow/example_dags/example_task_group_decorator.py
[2026-07-20T06:13:40.952+0000] {logging_mixin.py:188} INFO - [2026-07-20T06:13:40.952+0000] {dag.py:3089} INFO - Sync 1 DAGs
[2026-07-20T06:13:40.968+0000] {logging_mixin.py:188} INFO - [2026-07-20T06:13:40.968+0000] {dag.py:3947} INFO - Setting next_dagrun for example_task_group_decorator to 2026-07-19 00:00:00+00:00, run_after=2026-07-20 00:00:00+00:00
[2026-07-20T06:13:40.989+0000] {processor.py:183} INFO - Processing /workspaces/recomart-recommendation-pipeline/airflow_venv/lib/python3.12/site-packages/airflow/example_dags/example_task_group_decorator.py took 0.074 seconds
[2026-07-20T06:14:28.307+0000] {processor.py:161} INFO - Started process (PID=66767) to work on /workspaces/recomart-recommendation-pipeline/airflow_venv/lib/python3.12/site-packages/airflow/example_dags/example_task_group_decorator.py
[2026-07-20T06:14:28.308+0000] {processor.py:830} INFO - Processing file /workspaces/recomart-recommendation-pipeline/airflow_venv/lib/python3.12/site-packages/airflow/example_dags/example_task_group_decorator.py for tasks to queue
[2026-07-20T06:14:28.310+0000] {logging_mixin.py:188} INFO - [2026-07-20T06:14:28.309+0000] {dagbag.py:545} INFO - Filling up the DagBag from /workspaces/recomart-recommendation-pipeline/airflow_venv/lib/python3.12/site-packages/airflow/example_dags/example_task_group_decorator.py
[2026-07-20T06:14:28.323+0000] {processor.py:840} INFO - DAG(s) 'example_task_group_decorator' retrieved from /workspaces/recomart-recommendation-pipeline/airflow_venv/lib/python3.12/site-packages/airflow/example_dags/example_task_group_decorator.py
[2026-07-20T06:14:28.338+0000] {logging_mixin.py:188} INFO - [2026-07-20T06:14:28.338+0000] {dag.py:3089} INFO - Sync 1 DAGs
[2026-07-20T06:14:28.352+0000] {logging_mixin.py:188} INFO - [2026-07-20T06:14:28.352+0000] {dag.py:3947} INFO - Setting next_dagrun for example_task_group_decorator to 2026-07-19 00:00:00+00:00, run_after=2026-07-20 00:00:00+00:00
[2026-07-20T06:14:28.369+0000] {processor.py:183} INFO - Processing /workspaces/recomart-recommendation-pipeline/airflow_venv/lib/python3.12/site-packages/airflow/example_dags/example_task_group_decorator.py took 0.066 seconds
[2026-07-20T06:15:11.860+0000] {processor.py:161} INFO - Started process (PID=67199) to work on /workspaces/recomart-recommendation-pipeline/airflow_venv/lib/python3.12/site-packages/airflow/example_dags/example_task_group_decorator.py
[2026-07-20T06:15:11.861+0000] {processor.py:830} INFO - Processing file /workspaces/recomart-recommendation-pipeline/airflow_venv/lib/python3.12/site-packages/airflow/example_dags/example_task_group_decorator.py for tasks to queue
[2026-07-20T06:15:11.862+0000] {logging_mixin.py:188} INFO - [2026-07-20T06:15:11.862+0000] {dagbag.py:545} INFO - Filling up the DagBag from /workspaces/recomart-recommendation-pipeline/airflow_venv/lib/python3.12/site-packages/airflow/example_dags/example_task_group_decorator.py
[2026-07-20T06:15:11.876+0000] {processor.py:840} INFO - DAG(s) 'example_task_group_decorator' retrieved from /workspaces/recomart-recommendation-pipeline/airflow_venv/lib/python3.12/site-packages/airflow/example_dags/example_task_group_decorator.py
[2026-07-20T06:15:11.897+0000] {logging_mixin.py:188} INFO - [2026-07-20T06:15:11.897+0000] {dag.py:3089} INFO - Sync 1 DAGs
[2026-07-20T06:15:11.921+0000] {logging_mixin.py:188} INFO - [2026-07-20T06:15:11.921+0000] {dag.py:3947} INFO - Setting next_dagrun for example_task_group_decorator to 2026-07-19 00:00:00+00:00, run_after=2026-07-20 00:00:00+00:00
[2026-07-20T06:15:12.046+0000] {processor.py:183} INFO - Processing /workspaces/recomart-recommendation-pipeline/airflow_venv/lib/python3.12/site-packages/airflow/example_dags/example_task_group_decorator.py took 0.190 seconds
[2026-07-20T06:30:57.600+0000] {processor.py:161} INFO - Started process (PID=73534) to work on /workspaces/recomart-recommendation-pipeline/airflow_venv/lib/python3.12/site-packages/airflow/example_dags/example_task_group_decorator.py
[2026-07-20T06:30:57.601+0000] {processor.py:830} INFO - Processing file /workspaces/recomart-recommendation-pipeline/airflow_venv/lib/python3.12/site-packages/airflow/example_dags/example_task_group_decorator.py for tasks to queue
[2026-07-20T06:30:57.602+0000] {logging_mixin.py:188} INFO - [2026-07-20T06:30:57.602+0000] {dagbag.py:545} INFO - Filling up the DagBag from /workspaces/recomart-recommendation-pipeline/airflow_venv/lib/python3.12/site-packages/airflow/example_dags/example_task_group_decorator.py
[2026-07-20T06:30:57.621+0000] {processor.py:840} INFO - DAG(s) 'example_task_group_decorator' retrieved from /workspaces/recomart-recommendation-pipeline/airflow_venv/lib/python3.12/site-packages/airflow/example_dags/example_task_group_decorator.py
[2026-07-20T06:30:57.631+0000] {logging_mixin.py:188} INFO - [2026-07-20T06:30:57.631+0000] {dag.py:3089} INFO - Sync 1 DAGs
[2026-07-20T06:30:57.657+0000] {logging_mixin.py:188} INFO - [2026-07-20T06:30:57.656+0000] {dag.py:3947} INFO - Setting next_dagrun for example_task_group_decorator to 2026-07-19 00:00:00+00:00, run_after=2026-07-20 00:00:00+00:00
[2026-07-20T06:30:57.689+0000] {processor.py:183} INFO - Processing /workspaces/recomart-recommendation-pipeline/airflow_venv/lib/python3.12/site-packages/airflow/example_dags/example_task_group_decorator.py took 0.110 seconds
[2026-07-20T06:31:53.641+0000] {processor.py:161} INFO - Started process (PID=74109) to work on /workspaces/recomart-recommendation-pipeline/airflow_venv/lib/python3.12/site-packages/airflow/example_dags/example_task_group_decorator.py
[2026-07-20T06:31:53.642+0000] {processor.py:830} INFO - Processing file /workspaces/recomart-recommendation-pipeline/airflow_venv/lib/python3.12/site-packages/airflow/example_dags/example_task_group_decorator.py for tasks to queue
[2026-07-20T06:31:53.644+0000] {logging_mixin.py:188} INFO - [2026-07-20T06:31:53.644+0000] {dagbag.py:545} INFO - Filling up the DagBag from /workspaces/recomart-recommendation-pipeline/airflow_venv/lib/python3.12/site-packages/airflow/example_dags/example_task_group_decorator.py
[2026-07-20T06:31:53.662+0000] {processor.py:840} INFO - DAG(s) 'example_task_group_decorator' retrieved from /workspaces/recomart-recommendation-pipeline/airflow_venv/lib/python3.12/site-packages/airflow/example_dags/example_task_group_decorator.py
[2026-07-20T06:31:53.806+0000] {logging_mixin.py:188} INFO - [2026-07-20T06:31:53.805+0000] {dag.py:3089} INFO - Sync 1 DAGs
[2026-07-20T06:31:53.827+0000] {logging_mixin.py:188} INFO - [2026-07-20T06:31:53.826+0000] {dag.py:3947} INFO - Setting next_dagrun for example_task_group_decorator to 2026-07-19 00:00:00+00:00, run_after=2026-07-20 00:00:00+00:00
[2026-07-20T06:31:53.863+0000] {processor.py:183} INFO - Processing /workspaces/recomart-recommendation-pipeline/airflow_venv/lib/python3.12/site-packages/airflow/example_dags/example_task_group_decorator.py took 0.228 seconds
[2026-07-20T06:32:41.765+0000] {processor.py:161} INFO - Started process (PID=74826) to work on /workspaces/recomart-recommendation-pipeline/airflow_venv/lib/python3.12/site-packages/airflow/example_dags/example_task_group_decorator.py
[2026-07-20T06:32:41.766+0000] {processor.py:830} INFO - Processing file /workspaces/recomart-recommendation-pipeline/airflow_venv/lib/python3.12/site-packages/airflow/example_dags/example_task_group_decorator.py for tasks to queue
[2026-07-20T06:32:41.769+0000] {logging_mixin.py:188} INFO - [2026-07-20T06:32:41.768+0000] {dagbag.py:545} INFO - Filling up the DagBag from /workspaces/recomart-recommendation-pipeline/airflow_venv/lib/python3.12/site-packages/airflow/example_dags/example_task_group_decorator.py
[2026-07-20T06:32:41.794+0000] {processor.py:840} INFO - DAG(s) 'example_task_group_decorator' retrieved from /workspaces/recomart-recommendation-pipeline/airflow_venv/lib/python3.12/site-packages/airflow/example_dags/example_task_group_decorator.py
[2026-07-20T06:32:41.831+0000] {logging_mixin.py:188} INFO - [2026-07-20T06:32:41.830+0000] {dag.py:3089} INFO - Sync 1 DAGs
[2026-07-20T06:32:41.852+0000] {logging_mixin.py:188} INFO - [2026-07-20T06:32:41.852+0000] {dag.py:3947} INFO - Setting next_dagrun for example_task_group_decorator to 2026-07-19 00:00:00+00:00, run_after=2026-07-20 00:00:00+00:00
[2026-07-20T06:32:41.897+0000] {processor.py:183} INFO - Processing /workspaces/recomart-recommendation-pipeline/airflow_venv/lib/python3.12/site-packages/airflow/example_dags/example_task_group_decorator.py took 0.141 seconds
[2026-07-20T06:33:34.526+0000] {processor.py:161} INFO - Started process (PID=75201) to work on /workspaces/recomart-recommendation-pipeline/airflow_venv/lib/python3.12/site-packages/airflow/example_dags/example_task_group_decorator.py
[2026-07-20T06:33:34.527+0000] {processor.py:830} INFO - Processing file /workspaces/recomart-recommendation-pipeline/airflow_venv/lib/python3.12/site-packages/airflow/example_dags/example_task_group_decorator.py for tasks to queue
[2026-07-20T06:33:34.535+0000] {logging_mixin.py:188} INFO - [2026-07-20T06:33:34.534+0000] {dagbag.py:545} INFO - Filling up the DagBag from /workspaces/recomart-recommendation-pipeline/airflow_venv/lib/python3.12/site-packages/airflow/example_dags/example_task_group_decorator.py
[2026-07-20T06:33:34.577+0000] {processor.py:840} INFO - DAG(s) 'example_task_group_decorator' retrieved from /workspaces/recomart-recommendation-pipeline/airflow_venv/lib/python3.12/site-packages/airflow/example_dags/example_task_group_decorator.py
[2026-07-20T06:33:34.620+0000] {logging_mixin.py:188} INFO - [2026-07-20T06:33:34.619+0000] {dag.py:3089} INFO - Sync 1 DAGs
[2026-07-20T06:33:34.635+0000] {logging_mixin.py:188} INFO - [2026-07-20T06:33:34.635+0000] {dag.py:3947} INFO - Setting next_dagrun for example_task_group_decorator to 2026-07-19 00:00:00+00:00, run_after=2026-07-20 00:00:00+00:00
[2026-07-20T06:33:34.653+0000] {processor.py:183} INFO - Processing /workspaces/recomart-recommendation-pipeline/airflow_venv/lib/python3.12/site-packages/airflow/example_dags/example_task_group_decorator.py took 0.135 seconds
[2026-07-20T06:34:45.827+0000] {processor.py:161} INFO - Started process (PID=76594) to work on /workspaces/recomart-recommendation-pipeline/airflow_venv/lib/python3.12/site-packages/airflow/example_dags/example_task_group_decorator.py
[2026-07-20T06:34:45.828+0000] {processor.py:830} INFO - Processing file /workspaces/recomart-recommendation-pipeline/airflow_venv/lib/python3.12/site-packages/airflow/example_dags/example_task_group_decorator.py for tasks to queue
[2026-07-20T06:34:45.830+0000] {logging_mixin.py:188} INFO - [2026-07-20T06:34:45.829+0000] {dagbag.py:545} INFO - Filling up the DagBag from /workspaces/recomart-recommendation-pipeline/airflow_venv/lib/python3.12/site-packages/airflow/example_dags/example_task_group_decorator.py
[2026-07-20T06:34:45.847+0000] {processor.py:840} INFO - DAG(s) 'example_task_group_decorator' retrieved from /workspaces/recomart-recommendation-pipeline/airflow_venv/lib/python3.12/site-packages/airflow/example_dags/example_task_group_decorator.py
[2026-07-20T06:34:45.863+0000] {logging_mixin.py:188} INFO - [2026-07-20T06:34:45.863+0000] {dag.py:3089} INFO - Sync 1 DAGs
[2026-07-20T06:34:45.882+0000] {logging_mixin.py:188} INFO - [2026-07-20T06:34:45.882+0000] {dag.py:3947} INFO - Setting next_dagrun for example_task_group_decorator to 2026-07-19 00:00:00+00:00, run_after=2026-07-20 00:00:00+00:00
[2026-07-20T06:34:45.900+0000] {processor.py:183} INFO - Processing /workspaces/recomart-recommendation-pipeline/airflow_venv/lib/python3.12/site-packages/airflow/example_dags/example_task_group_decorator.py took 0.078 seconds
[2026-07-20T06:35:40.352+0000] {processor.py:161} INFO - Started process (PID=77644) to work on /workspaces/recomart-recommendation-pipeline/airflow_venv/lib/python3.12/site-packages/airflow/example_dags/example_task_group_decorator.py
[2026-07-20T06:35:40.352+0000] {processor.py:830} INFO - Processing file /workspaces/recomart-recommendation-pipeline/airflow_venv/lib/python3.12/site-packages/airflow/example_dags/example_task_group_decorator.py for tasks to queue
[2026-07-20T06:35:40.354+0000] {logging_mixin.py:188} INFO - [2026-07-20T06:35:40.353+0000] {dagbag.py:545} INFO - Filling up the DagBag from /workspaces/recomart-recommendation-pipeline/airflow_venv/lib/python3.12/site-packages/airflow/example_dags/example_task_group_decorator.py
[2026-07-20T06:35:40.365+0000] {processor.py:840} INFO - DAG(s) 'example_task_group_decorator' retrieved from /workspaces/recomart-recommendation-pipeline/airflow_venv/lib/python3.12/site-packages/airflow/example_dags/example_task_group_decorator.py
[2026-07-20T06:35:40.380+0000] {logging_mixin.py:188} INFO - [2026-07-20T06:35:40.379+0000] {dag.py:3089} INFO - Sync 1 DAGs
[2026-07-20T06:35:40.394+0000] {logging_mixin.py:188} INFO - [2026-07-20T06:35:40.394+0000] {dag.py:3947} INFO - Setting next_dagrun for example_task_group_decorator to 2026-07-19 00:00:00+00:00, run_after=2026-07-20 00:00:00+00:00
[2026-07-20T06:35:40.411+0000] {processor.py:183} INFO - Processing /workspaces/recomart-recommendation-pipeline/airflow_venv/lib/python3.12/site-packages/airflow/example_dags/example_task_group_decorator.py took 0.064 seconds
[2026-07-20T06:36:31.565+0000] {processor.py:161} INFO - Started process (PID=78561) to work on /workspaces/recomart-recommendation-pipeline/airflow_venv/lib/python3.12/site-packages/airflow/example_dags/example_task_group_decorator.py
[2026-07-20T06:36:31.566+0000] {processor.py:830} INFO - Processing file /workspaces/recomart-recommendation-pipeline/airflow_venv/lib/python3.12/site-packages/airflow/example_dags/example_task_group_decorator.py for tasks to queue
[2026-07-20T06:36:31.567+0000] {logging_mixin.py:188} INFO - [2026-07-20T06:36:31.567+0000] {dagbag.py:545} INFO - Filling up the DagBag from /workspaces/recomart-recommendation-pipeline/airflow_venv/lib/python3.12/site-packages/airflow/example_dags/example_task_group_decorator.py
[2026-07-20T06:36:31.579+0000] {processor.py:840} INFO - DAG(s) 'example_task_group_decorator' retrieved from /workspaces/recomart-recommendation-pipeline/airflow_venv/lib/python3.12/site-packages/airflow/example_dags/example_task_group_decorator.py
[2026-07-20T06:36:31.608+0000] {logging_mixin.py:188} INFO - [2026-07-20T06:36:31.608+0000] {dag.py:3089} INFO - Sync 1 DAGs
[2026-07-20T06:36:31.622+0000] {logging_mixin.py:188} INFO - [2026-07-20T06:36:31.622+0000] {dag.py:3947} INFO - Setting next_dagrun for example_task_group_decorator to 2026-07-19 00:00:00+00:00, run_after=2026-07-20 00:00:00+00:00
[2026-07-20T06:36:31.645+0000] {processor.py:183} INFO - Processing /workspaces/recomart-recommendation-pipeline/airflow_venv/lib/python3.12/site-packages/airflow/example_dags/example_task_group_decorator.py took 0.084 seconds
[2026-07-20T06:37:22.630+0000] {processor.py:161} INFO - Started process (PID=78999) to work on /workspaces/recomart-recommendation-pipeline/airflow_venv/lib/python3.12/site-packages/airflow/example_dags/example_task_group_decorator.py
[2026-07-20T06:37:22.631+0000] {processor.py:830} INFO - Processing file /workspaces/recomart-recommendation-pipeline/airflow_venv/lib/python3.12/site-packages/airflow/example_dags/example_task_group_decorator.py for tasks to queue
[2026-07-20T06:37:22.635+0000] {logging_mixin.py:188} INFO - [2026-07-20T06:37:22.635+0000] {dagbag.py:545} INFO - Filling up the DagBag from /workspaces/recomart-recommendation-pipeline/airflow_venv/lib/python3.12/site-packages/airflow/example_dags/example_task_group_decorator.py
[2026-07-20T06:37:22.652+0000] {processor.py:840} INFO - DAG(s) 'example_task_group_decorator' retrieved from /workspaces/recomart-recommendation-pipeline/airflow_venv/lib/python3.12/site-packages/airflow/example_dags/example_task_group_decorator.py
[2026-07-20T06:37:22.675+0000] {logging_mixin.py:188} INFO - [2026-07-20T06:37:22.675+0000] {dag.py:3089} INFO - Sync 1 DAGs
[2026-07-20T06:37:22.695+0000] {logging_mixin.py:188} INFO - [2026-07-20T06:37:22.695+0000] {dag.py:3947} INFO - Setting next_dagrun for example_task_group_decorator to 2026-07-19 00:00:00+00:00, run_after=2026-07-20 00:00:00+00:00
[2026-07-20T06:37:22.738+0000] {processor.py:183} INFO - Processing /workspaces/recomart-recommendation-pipeline/airflow_venv/lib/python3.12/site-packages/airflow/example_dags/example_task_group_decorator.py took 0.118 seconds
[2026-07-20T06:38:07.490+0000] {processor.py:161} INFO - Started process (PID=79399) to work on /workspaces/recomart-recommendation-pipeline/airflow_venv/lib/python3.12/site-packages/airflow/example_dags/example_task_group_decorator.py
[2026-07-20T06:38:07.491+0000] {processor.py:830} INFO - Processing file /workspaces/recomart-recommendation-pipeline/airflow_venv/lib/python3.12/site-packages/airflow/example_dags/example_task_group_decorator.py for tasks to queue
[2026-07-20T06:38:07.493+0000] {logging_mixin.py:188} INFO - [2026-07-20T06:38:07.492+0000] {dagbag.py:545} INFO - Filling up the DagBag from /workspaces/recomart-recommendation-pipeline/airflow_venv/lib/python3.12/site-packages/airflow/example_dags/example_task_group_decorator.py
[2026-07-20T06:38:07.504+0000] {processor.py:840} INFO - DAG(s) 'example_task_group_decorator' retrieved from /workspaces/recomart-recommendation-pipeline/airflow_venv/lib/python3.12/site-packages/airflow/example_dags/example_task_group_decorator.py
[2026-07-20T06:38:07.519+0000] {logging_mixin.py:188} INFO - [2026-07-20T06:38:07.519+0000] {dag.py:3089} INFO - Sync 1 DAGs
[2026-07-20T06:38:07.533+0000] {logging_mixin.py:188} INFO - [2026-07-20T06:38:07.533+0000] {dag.py:3947} INFO - Setting next_dagrun for example_task_group_decorator to 2026-07-19 00:00:00+00:00, run_after=2026-07-20 00:00:00+00:00
[2026-07-20T06:38:07.648+0000] {processor.py:183} INFO - Processing /workspaces/recomart-recommendation-pipeline/airflow_venv/lib/python3.12/site-packages/airflow/example_dags/example_task_group_decorator.py took 0.163 seconds
[2026-07-20T06:38:57.150+0000] {processor.py:161} INFO - Started process (PID=79795) to work on /workspaces/recomart-recommendation-pipeline/airflow_venv/lib/python3.12/site-packages/airflow/example_dags/example_task_group_decorator.py
[2026-07-20T06:38:57.152+0000] {processor.py:830} INFO - Processing file /workspaces/recomart-recommendation-pipeline/airflow_venv/lib/python3.12/site-packages/airflow/example_dags/example_task_group_decorator.py for tasks to queue
[2026-07-20T06:38:57.156+0000] {logging_mixin.py:188} INFO - [2026-07-20T06:38:57.156+0000] {dagbag.py:545} INFO - Filling up the DagBag from /workspaces/recomart-recommendation-pipeline/airflow_venv/lib/python3.12/site-packages/airflow/example_dags/example_task_group_decorator.py
[2026-07-20T06:38:57.218+0000] {processor.py:840} INFO - DAG(s) 'example_task_group_decorator' retrieved from /workspaces/recomart-recommendation-pipeline/airflow_venv/lib/python3.12/site-packages/airflow/example_dags/example_task_group_decorator.py
[2026-07-20T06:38:57.305+0000] {logging_mixin.py:188} INFO - [2026-07-20T06:38:57.305+0000] {dag.py:3089} INFO - Sync 1 DAGs
[2026-07-20T06:38:57.359+0000] {logging_mixin.py:188} INFO - [2026-07-20T06:38:57.358+0000] {dag.py:3947} INFO - Setting next_dagrun for example_task_group_decorator to 2026-07-19 00:00:00+00:00, run_after=2026-07-20 00:00:00+00:00
[2026-07-20T06:38:57.394+0000] {processor.py:183} INFO - Processing /workspaces/recomart-recommendation-pipeline/airflow_venv/lib/python3.12/site-packages/airflow/example_dags/example_task_group_decorator.py took 0.257 seconds
[2026-07-20T06:39:44.208+0000] {processor.py:161} INFO - Started process (PID=80201) to work on /workspaces/recomart-recommendation-pipeline/airflow_venv/lib/python3.12/site-packages/airflow/example_dags/example_task_group_decorator.py
[2026-07-20T06:39:44.209+0000] {processor.py:830} INFO - Processing file /workspaces/recomart-recommendation-pipeline/airflow_venv/lib/python3.12/site-packages/airflow/example_dags/example_task_group_decorator.py for tasks to queue
[2026-07-20T06:39:44.210+0000] {logging_mixin.py:188} INFO - [2026-07-20T06:39:44.210+0000] {dagbag.py:545} INFO - Filling up the DagBag from /workspaces/recomart-recommendation-pipeline/airflow_venv/lib/python3.12/site-packages/airflow/example_dags/example_task_group_decorator.py
[2026-07-20T06:39:44.223+0000] {processor.py:840} INFO - DAG(s) 'example_task_group_decorator' retrieved from /workspaces/recomart-recommendation-pipeline/airflow_venv/lib/python3.12/site-packages/airflow/example_dags/example_task_group_decorator.py
[2026-07-20T06:39:44.239+0000] {logging_mixin.py:188} INFO - [2026-07-20T06:39:44.238+0000] {dag.py:3089} INFO - Sync 1 DAGs
[2026-07-20T06:39:44.437+0000] {logging_mixin.py:188} INFO - [2026-07-20T06:39:44.437+0000] {dag.py:3947} INFO - Setting next_dagrun for example_task_group_decorator to 2026-07-19 00:00:00+00:00, run_after=2026-07-20 00:00:00+00:00
[2026-07-20T06:39:44.453+0000] {processor.py:183} INFO - Processing /workspaces/recomart-recommendation-pipeline/airflow_venv/lib/python3.12/site-packages/airflow/example_dags/example_task_group_decorator.py took 0.250 seconds
[2026-07-20T06:40:34.461+0000] {processor.py:161} INFO - Started process (PID=80571) to work on /workspaces/recomart-recommendation-pipeline/airflow_venv/lib/python3.12/site-packages/airflow/example_dags/example_task_group_decorator.py
[2026-07-20T06:40:34.462+0000] {processor.py:830} INFO - Processing file /workspaces/recomart-recommendation-pipeline/airflow_venv/lib/python3.12/site-packages/airflow/example_dags/example_task_group_decorator.py for tasks to queue
[2026-07-20T06:40:34.463+0000] {logging_mixin.py:188} INFO - [2026-07-20T06:40:34.463+0000] {dagbag.py:545} INFO - Filling up the DagBag from /workspaces/recomart-recommendation-pipeline/airflow_venv/lib/python3.12/site-packages/airflow/example_dags/example_task_group_decorator.py
[2026-07-20T06:40:34.476+0000] {processor.py:840} INFO - DAG(s) 'example_task_group_decorator' retrieved from /workspaces/recomart-recommendation-pipeline/airflow_venv/lib/python3.12/site-packages/airflow/example_dags/example_task_group_decorator.py
[2026-07-20T06:40:34.497+0000] {logging_mixin.py:188} INFO - [2026-07-20T06:40:34.497+0000] {dag.py:3089} INFO - Sync 1 DAGs
[2026-07-20T06:40:34.512+0000] {logging_mixin.py:188} INFO - [2026-07-20T06:40:34.512+0000] {dag.py:3947} INFO - Setting next_dagrun for example_task_group_decorator to 2026-07-19 00:00:00+00:00, run_after=2026-07-20 00:00:00+00:00
[2026-07-20T06:40:34.532+0000] {processor.py:183} INFO - Processing /workspaces/recomart-recommendation-pipeline/airflow_venv/lib/python3.12/site-packages/airflow/example_dags/example_task_group_decorator.py took 0.075 seconds
[2026-07-20T06:41:22.133+0000] {processor.py:161} INFO - Started process (PID=81044) to work on /workspaces/recomart-recommendation-pipeline/airflow_venv/lib/python3.12/site-packages/airflow/example_dags/example_task_group_decorator.py
[2026-07-20T06:41:22.134+0000] {processor.py:830} INFO - Processing file /workspaces/recomart-recommendation-pipeline/airflow_venv/lib/python3.12/site-packages/airflow/example_dags/example_task_group_decorator.py for tasks to queue
[2026-07-20T06:41:22.135+0000] {logging_mixin.py:188} INFO - [2026-07-20T06:41:22.135+0000] {dagbag.py:545} INFO - Filling up the DagBag from /workspaces/recomart-recommendation-pipeline/airflow_venv/lib/python3.12/site-packages/airflow/example_dags/example_task_group_decorator.py
[2026-07-20T06:41:22.147+0000] {processor.py:840} INFO - DAG(s) 'example_task_group_decorator' retrieved from /workspaces/recomart-recommendation-pipeline/airflow_venv/lib/python3.12/site-packages/airflow/example_dags/example_task_group_decorator.py
[2026-07-20T06:41:22.163+0000] {logging_mixin.py:188} INFO - [2026-07-20T06:41:22.163+0000] {dag.py:3089} INFO - Sync 1 DAGs
[2026-07-20T06:41:22.180+0000] {logging_mixin.py:188} INFO - [2026-07-20T06:41:22.180+0000] {dag.py:3947} INFO - Setting next_dagrun for example_task_group_decorator to 2026-07-19 00:00:00+00:00, run_after=2026-07-20 00:00:00+00:00
[2026-07-20T06:41:22.198+0000] {processor.py:183} INFO - Processing /workspaces/recomart-recommendation-pipeline/airflow_venv/lib/python3.12/site-packages/airflow/example_dags/example_task_group_decorator.py took 0.070 seconds
[2026-07-20T06:42:08.790+0000] {processor.py:161} INFO - Started process (PID=81435) to work on /workspaces/recomart-recommendation-pipeline/airflow_venv/lib/python3.12/site-packages/airflow/example_dags/example_task_group_decorator.py
[2026-07-20T06:42:08.791+0000] {processor.py:830} INFO - Processing file /workspaces/recomart-recommendation-pipeline/airflow_venv/lib/python3.12/site-packages/airflow/example_dags/example_task_group_decorator.py for tasks to queue
[2026-07-20T06:42:08.793+0000] {logging_mixin.py:188} INFO - [2026-07-20T06:42:08.792+0000] {dagbag.py:545} INFO - Filling up the DagBag from /workspaces/recomart-recommendation-pipeline/airflow_venv/lib/python3.12/site-packages/airflow/example_dags/example_task_group_decorator.py
[2026-07-20T06:42:08.811+0000] {processor.py:840} INFO - DAG(s) 'example_task_group_decorator' retrieved from /workspaces/recomart-recommendation-pipeline/airflow_venv/lib/python3.12/site-packages/airflow/example_dags/example_task_group_decorator.py
[2026-07-20T06:42:08.836+0000] {logging_mixin.py:188} INFO - [2026-07-20T06:42:08.836+0000] {dag.py:3089} INFO - Sync 1 DAGs
[2026-07-20T06:42:08.859+0000] {logging_mixin.py:188} INFO - [2026-07-20T06:42:08.859+0000] {dag.py:3947} INFO - Setting next_dagrun for example_task_group_decorator to 2026-07-19 00:00:00+00:00, run_after=2026-07-20 00:00:00+00:00
[2026-07-20T06:42:08.882+0000] {processor.py:183} INFO - Processing /workspaces/recomart-recommendation-pipeline/airflow_venv/lib/python3.12/site-packages/airflow/example_dags/example_task_group_decorator.py took 0.097 seconds
[2026-07-20T06:42:55.741+0000] {processor.py:161} INFO - Started process (PID=81837) to work on /workspaces/recomart-recommendation-pipeline/airflow_venv/lib/python3.12/site-packages/airflow/example_dags/example_task_group_decorator.py
[2026-07-20T06:42:55.742+0000] {processor.py:830} INFO - Processing file /workspaces/recomart-recommendation-pipeline/airflow_venv/lib/python3.12/site-packages/airflow/example_dags/example_task_group_decorator.py for tasks to queue
[2026-07-20T06:42:55.743+0000] {logging_mixin.py:188} INFO - [2026-07-20T06:42:55.743+0000] {dagbag.py:545} INFO - Filling up the DagBag from /workspaces/recomart-recommendation-pipeline/airflow_venv/lib/python3.12/site-packages/airflow/example_dags/example_task_group_decorator.py
[2026-07-20T06:42:55.755+0000] {processor.py:840} INFO - DAG(s) 'example_task_group_decorator' retrieved from /workspaces/recomart-recommendation-pipeline/airflow_venv/lib/python3.12/site-packages/airflow/example_dags/example_task_group_decorator.py
[2026-07-20T06:42:55.771+0000] {logging_mixin.py:188} INFO - [2026-07-20T06:42:55.771+0000] {dag.py:3089} INFO - Sync 1 DAGs
[2026-07-20T06:42:55.790+0000] {logging_mixin.py:188} INFO - [2026-07-20T06:42:55.790+0000] {dag.py:3947} INFO - Setting next_dagrun for example_task_group_decorator to 2026-07-19 00:00:00+00:00, run_after=2026-07-20 00:00:00+00:00
[2026-07-20T06:42:55.807+0000] {processor.py:183} INFO - Processing /workspaces/recomart-recommendation-pipeline/airflow_venv/lib/python3.12/site-packages/airflow/example_dags/example_task_group_decorator.py took 0.070 seconds
[2026-07-20T06:43:43.817+0000] {processor.py:161} INFO - Started process (PID=82235) to work on /workspaces/recomart-recommendation-pipeline/airflow_venv/lib/python3.12/site-packages/airflow/example_dags/example_task_group_decorator.py
[2026-07-20T06:43:43.818+0000] {processor.py:830} INFO - Processing file /workspaces/recomart-recommendation-pipeline/airflow_venv/lib/python3.12/site-packages/airflow/example_dags/example_task_group_decorator.py for tasks to queue
[2026-07-20T06:43:43.819+0000] {logging_mixin.py:188} INFO - [2026-07-20T06:43:43.819+0000] {dagbag.py:545} INFO - Filling up the DagBag from /workspaces/recomart-recommendation-pipeline/airflow_venv/lib/python3.12/site-packages/airflow/example_dags/example_task_group_decorator.py
[2026-07-20T06:43:43.831+0000] {processor.py:840} INFO - DAG(s) 'example_task_group_decorator' retrieved from /workspaces/recomart-recommendation-pipeline/airflow_venv/lib/python3.12/site-packages/airflow/example_dags/example_task_group_decorator.py
[2026-07-20T06:43:43.846+0000] {logging_mixin.py:188} INFO - [2026-07-20T06:43:43.846+0000] {dag.py:3089} INFO - Sync 1 DAGs
[2026-07-20T06:43:43.860+0000] {logging_mixin.py:188} INFO - [2026-07-20T06:43:43.860+0000] {dag.py:3947} INFO - Setting next_dagrun for example_task_group_decorator to 2026-07-19 00:00:00+00:00, run_after=2026-07-20 00:00:00+00:00
[2026-07-20T06:43:43.881+0000] {processor.py:183} INFO - Processing /workspaces/recomart-recommendation-pipeline/airflow_venv/lib/python3.12/site-packages/airflow/example_dags/example_task_group_decorator.py took 0.069 seconds
[2026-07-20T06:44:33.929+0000] {processor.py:161} INFO - Started process (PID=82603) to work on /workspaces/recomart-recommendation-pipeline/airflow_venv/lib/python3.12/site-packages/airflow/example_dags/example_task_group_decorator.py
[2026-07-20T06:44:33.930+0000] {processor.py:830} INFO - Processing file /workspaces/recomart-recommendation-pipeline/airflow_venv/lib/python3.12/site-packages/airflow/example_dags/example_task_group_decorator.py for tasks to queue
[2026-07-20T06:44:33.932+0000] {logging_mixin.py:188} INFO - [2026-07-20T06:44:33.931+0000] {dagbag.py:545} INFO - Filling up the DagBag from /workspaces/recomart-recommendation-pipeline/airflow_venv/lib/python3.12/site-packages/airflow/example_dags/example_task_group_decorator.py
[2026-07-20T06:44:33.950+0000] {processor.py:840} INFO - DAG(s) 'example_task_group_decorator' retrieved from /workspaces/recomart-recommendation-pipeline/airflow_venv/lib/python3.12/site-packages/airflow/example_dags/example_task_group_decorator.py
[2026-07-20T06:44:33.975+0000] {logging_mixin.py:188} INFO - [2026-07-20T06:44:33.975+0000] {dag.py:3089} INFO - Sync 1 DAGs
[2026-07-20T06:44:33.999+0000] {logging_mixin.py:188} INFO - [2026-07-20T06:44:33.999+0000] {dag.py:3947} INFO - Setting next_dagrun for example_task_group_decorator to 2026-07-19 00:00:00+00:00, run_after=2026-07-20 00:00:00+00:00
[2026-07-20T06:44:34.056+0000] {processor.py:183} INFO - Processing /workspaces/recomart-recommendation-pipeline/airflow_venv/lib/python3.12/site-packages/airflow/example_dags/example_task_group_decorator.py took 0.134 seconds
[2026-07-20T06:45:25.852+0000] {processor.py:161} INFO - Started process (PID=83042) to work on /workspaces/recomart-recommendation-pipeline/airflow_venv/lib/python3.12/site-packages/airflow/example_dags/example_task_group_decorator.py
[2026-07-20T06:45:25.853+0000] {processor.py:830} INFO - Processing file /workspaces/recomart-recommendation-pipeline/airflow_venv/lib/python3.12/site-packages/airflow/example_dags/example_task_group_decorator.py for tasks to queue
[2026-07-20T06:45:25.854+0000] {logging_mixin.py:188} INFO - [2026-07-20T06:45:25.854+0000] {dagbag.py:545} INFO - Filling up the DagBag from /workspaces/recomart-recommendation-pipeline/airflow_venv/lib/python3.12/site-packages/airflow/example_dags/example_task_group_decorator.py
[2026-07-20T06:45:25.866+0000] {processor.py:840} INFO - DAG(s) 'example_task_group_decorator' retrieved from /workspaces/recomart-recommendation-pipeline/airflow_venv/lib/python3.12/site-packages/airflow/example_dags/example_task_group_decorator.py
[2026-07-20T06:45:25.887+0000] {logging_mixin.py:188} INFO - [2026-07-20T06:45:25.887+0000] {dag.py:3089} INFO - Sync 1 DAGs
[2026-07-20T06:45:25.905+0000] {logging_mixin.py:188} INFO - [2026-07-20T06:45:25.905+0000] {dag.py:3947} INFO - Setting next_dagrun for example_task_group_decorator to 2026-07-19 00:00:00+00:00, run_after=2026-07-20 00:00:00+00:00
[2026-07-20T06:45:25.922+0000] {processor.py:183} INFO - Processing /workspaces/recomart-recommendation-pipeline/airflow_venv/lib/python3.12/site-packages/airflow/example_dags/example_task_group_decorator.py took 0.074 seconds
[2026-07-20T06:46:11.426+0000] {processor.py:161} INFO - Started process (PID=83505) to work on /workspaces/recomart-recommendation-pipeline/airflow_venv/lib/python3.12/site-packages/airflow/example_dags/example_task_group_decorator.py
[2026-07-20T06:46:11.427+0000] {processor.py:830} INFO - Processing file /workspaces/recomart-recommendation-pipeline/airflow_venv/lib/python3.12/site-packages/airflow/example_dags/example_task_group_decorator.py for tasks to queue
[2026-07-20T06:46:11.428+0000] {logging_mixin.py:188} INFO - [2026-07-20T06:46:11.428+0000] {dagbag.py:545} INFO - Filling up the DagBag from /workspaces/recomart-recommendation-pipeline/airflow_venv/lib/python3.12/site-packages/airflow/example_dags/example_task_group_decorator.py
[2026-07-20T06:46:11.439+0000] {processor.py:840} INFO - DAG(s) 'example_task_group_decorator' retrieved from /workspaces/recomart-recommendation-pipeline/airflow_venv/lib/python3.12/site-packages/airflow/example_dags/example_task_group_decorator.py
[2026-07-20T06:46:11.454+0000] {logging_mixin.py:188} INFO - [2026-07-20T06:46:11.454+0000] {dag.py:3089} INFO - Sync 1 DAGs
[2026-07-20T06:46:11.468+0000] {logging_mixin.py:188} INFO - [2026-07-20T06:46:11.468+0000] {dag.py:3947} INFO - Setting next_dagrun for example_task_group_decorator to 2026-07-19 00:00:00+00:00, run_after=2026-07-20 00:00:00+00:00
[2026-07-20T06:46:11.488+0000] {processor.py:183} INFO - Processing /workspaces/recomart-recommendation-pipeline/airflow_venv/lib/python3.12/site-packages/airflow/example_dags/example_task_group_decorator.py took 0.067 seconds
[2026-07-20T06:46:56.796+0000] {processor.py:161} INFO - Started process (PID=83887) to work on /workspaces/recomart-recommendation-pipeline/airflow_venv/lib/python3.12/site-packages/airflow/example_dags/example_task_group_decorator.py
[2026-07-20T06:46:56.797+0000] {processor.py:830} INFO - Processing file /workspaces/recomart-recommendation-pipeline/airflow_venv/lib/python3.12/site-packages/airflow/example_dags/example_task_group_decorator.py for tasks to queue
[2026-07-20T06:46:56.799+0000] {logging_mixin.py:188} INFO - [2026-07-20T06:46:56.798+0000] {dagbag.py:545} INFO - Filling up the DagBag from /workspaces/recomart-recommendation-pipeline/airflow_venv/lib/python3.12/site-packages/airflow/example_dags/example_task_group_decorator.py
[2026-07-20T06:46:56.814+0000] {processor.py:840} INFO - DAG(s) 'example_task_group_decorator' retrieved from /workspaces/recomart-recommendation-pipeline/airflow_venv/lib/python3.12/site-packages/airflow/example_dags/example_task_group_decorator.py
[2026-07-20T06:46:56.852+0000] {logging_mixin.py:188} INFO - [2026-07-20T06:46:56.851+0000] {dag.py:3089} INFO - Sync 1 DAGs
[2026-07-20T06:46:56.878+0000] {logging_mixin.py:188} INFO - [2026-07-20T06:46:56.878+0000] {dag.py:3947} INFO - Setting next_dagrun for example_task_group_decorator to 2026-07-19 00:00:00+00:00, run_after=2026-07-20 00:00:00+00:00
[2026-07-20T06:46:56.917+0000] {processor.py:183} INFO - Processing /workspaces/recomart-recommendation-pipeline/airflow_venv/lib/python3.12/site-packages/airflow/example_dags/example_task_group_decorator.py took 0.126 seconds
[2026-07-20T06:47:37.788+0000] {processor.py:161} INFO - Started process (PID=84185) to work on /workspaces/recomart-recommendation-pipeline/airflow_venv/lib/python3.12/site-packages/airflow/example_dags/example_task_group_decorator.py
[2026-07-20T06:47:37.789+0000] {processor.py:830} INFO - Processing file /workspaces/recomart-recommendation-pipeline/airflow_venv/lib/python3.12/site-packages/airflow/example_dags/example_task_group_decorator.py for tasks to queue
[2026-07-20T06:47:37.791+0000] {logging_mixin.py:188} INFO - [2026-07-20T06:47:37.790+0000] {dagbag.py:545} INFO - Filling up the DagBag from /workspaces/recomart-recommendation-pipeline/airflow_venv/lib/python3.12/site-packages/airflow/example_dags/example_task_group_decorator.py
[2026-07-20T06:47:37.802+0000] {processor.py:840} INFO - DAG(s) 'example_task_group_decorator' retrieved from /workspaces/recomart-recommendation-pipeline/airflow_venv/lib/python3.12/site-packages/airflow/example_dags/example_task_group_decorator.py
[2026-07-20T06:47:37.818+0000] {logging_mixin.py:188} INFO - [2026-07-20T06:47:37.818+0000] {dag.py:3089} INFO - Sync 1 DAGs
[2026-07-20T06:47:37.832+0000] {logging_mixin.py:188} INFO - [2026-07-20T06:47:37.832+0000] {dag.py:3947} INFO - Setting next_dagrun for example_task_group_decorator to 2026-07-19 00:00:00+00:00, run_after=2026-07-20 00:00:00+00:00
[2026-07-20T06:47:37.849+0000] {processor.py:183} INFO - Processing /workspaces/recomart-recommendation-pipeline/airflow_venv/lib/python3.12/site-packages/airflow/example_dags/example_task_group_decorator.py took 0.067 seconds
[2026-07-20T06:48:19.805+0000] {processor.py:161} INFO - Started process (PID=84555) to work on /workspaces/recomart-recommendation-pipeline/airflow_venv/lib/python3.12/site-packages/airflow/example_dags/example_task_group_decorator.py
[2026-07-20T06:48:19.806+0000] {processor.py:830} INFO - Processing file /workspaces/recomart-recommendation-pipeline/airflow_venv/lib/python3.12/site-packages/airflow/example_dags/example_task_group_decorator.py for tasks to queue
[2026-07-20T06:48:19.808+0000] {logging_mixin.py:188} INFO - [2026-07-20T06:48:19.807+0000] {dagbag.py:545} INFO - Filling up the DagBag from /workspaces/recomart-recommendation-pipeline/airflow_venv/lib/python3.12/site-packages/airflow/example_dags/example_task_group_decorator.py
[2026-07-20T06:48:19.827+0000] {processor.py:840} INFO - DAG(s) 'example_task_group_decorator' retrieved from /workspaces/recomart-recommendation-pipeline/airflow_venv/lib/python3.12/site-packages/airflow/example_dags/example_task_group_decorator.py
[2026-07-20T06:48:19.847+0000] {logging_mixin.py:188} INFO - [2026-07-20T06:48:19.846+0000] {dag.py:3089} INFO - Sync 1 DAGs
[2026-07-20T06:48:19.861+0000] {logging_mixin.py:188} INFO - [2026-07-20T06:48:19.861+0000] {dag.py:3947} INFO - Setting next_dagrun for example_task_group_decorator to 2026-07-19 00:00:00+00:00, run_after=2026-07-20 00:00:00+00:00
[2026-07-20T06:48:19.880+0000] {processor.py:183} INFO - Processing /workspaces/recomart-recommendation-pipeline/airflow_venv/lib/python3.12/site-packages/airflow/example_dags/example_task_group_decorator.py took 0.085 seconds
[2026-07-20T06:49:01.694+0000] {processor.py:161} INFO - Started process (PID=85036) to work on /workspaces/recomart-recommendation-pipeline/airflow_venv/lib/python3.12/site-packages/airflow/example_dags/example_task_group_decorator.py
[2026-07-20T06:49:01.696+0000] {processor.py:830} INFO - Processing file /workspaces/recomart-recommendation-pipeline/airflow_venv/lib/python3.12/site-packages/airflow/example_dags/example_task_group_decorator.py for tasks to queue
[2026-07-20T06:49:01.700+0000] {logging_mixin.py:188} INFO - [2026-07-20T06:49:01.700+0000] {dagbag.py:545} INFO - Filling up the DagBag from /workspaces/recomart-recommendation-pipeline/airflow_venv/lib/python3.12/site-packages/airflow/example_dags/example_task_group_decorator.py
[2026-07-20T06:49:01.744+0000] {processor.py:840} INFO - DAG(s) 'example_task_group_decorator' retrieved from /workspaces/recomart-recommendation-pipeline/airflow_venv/lib/python3.12/site-packages/airflow/example_dags/example_task_group_decorator.py
[2026-07-20T06:49:01.804+0000] {logging_mixin.py:188} INFO - [2026-07-20T06:49:01.804+0000] {dag.py:3089} INFO - Sync 1 DAGs
[2026-07-20T06:49:01.834+0000] {logging_mixin.py:188} INFO - [2026-07-20T06:49:01.834+0000] {dag.py:3947} INFO - Setting next_dagrun for example_task_group_decorator to 2026-07-19 00:00:00+00:00, run_after=2026-07-20 00:00:00+00:00
[2026-07-20T06:49:02.016+0000] {processor.py:183} INFO - Processing /workspaces/recomart-recommendation-pipeline/airflow_venv/lib/python3.12/site-packages/airflow/example_dags/example_task_group_decorator.py took 0.334 seconds
[2026-07-20T06:49:43.215+0000] {processor.py:161} INFO - Started process (PID=85412) to work on /workspaces/recomart-recommendation-pipeline/airflow_venv/lib/python3.12/site-packages/airflow/example_dags/example_task_group_decorator.py
[2026-07-20T06:49:43.216+0000] {processor.py:830} INFO - Processing file /workspaces/recomart-recommendation-pipeline/airflow_venv/lib/python3.12/site-packages/airflow/example_dags/example_task_group_decorator.py for tasks to queue
[2026-07-20T06:49:43.217+0000] {logging_mixin.py:188} INFO - [2026-07-20T06:49:43.217+0000] {dagbag.py:545} INFO - Filling up the DagBag from /workspaces/recomart-recommendation-pipeline/airflow_venv/lib/python3.12/site-packages/airflow/example_dags/example_task_group_decorator.py
[2026-07-20T06:49:43.229+0000] {processor.py:840} INFO - DAG(s) 'example_task_group_decorator' retrieved from /workspaces/recomart-recommendation-pipeline/airflow_venv/lib/python3.12/site-packages/airflow/example_dags/example_task_group_decorator.py
[2026-07-20T06:49:43.244+0000] {logging_mixin.py:188} INFO - [2026-07-20T06:49:43.244+0000] {dag.py:3089} INFO - Sync 1 DAGs
[2026-07-20T06:49:43.259+0000] {logging_mixin.py:188} INFO - [2026-07-20T06:49:43.259+0000] {dag.py:3947} INFO - Setting next_dagrun for example_task_group_decorator to 2026-07-19 00:00:00+00:00, run_after=2026-07-20 00:00:00+00:00
[2026-07-20T06:49:43.282+0000] {processor.py:183} INFO - Processing /workspaces/recomart-recommendation-pipeline/airflow_venv/lib/python3.12/site-packages/airflow/example_dags/example_task_group_decorator.py took 0.071 seconds
[2026-07-20T06:50:27.471+0000] {processor.py:161} INFO - Started process (PID=85851) to work on /workspaces/recomart-recommendation-pipeline/airflow_venv/lib/python3.12/site-packages/airflow/example_dags/example_task_group_decorator.py
[2026-07-20T06:50:27.472+0000] {processor.py:830} INFO - Processing file /workspaces/recomart-recommendation-pipeline/airflow_venv/lib/python3.12/site-packages/airflow/example_dags/example_task_group_decorator.py for tasks to queue
[2026-07-20T06:50:27.473+0000] {logging_mixin.py:188} INFO - [2026-07-20T06:50:27.473+0000] {dagbag.py:545} INFO - Filling up the DagBag from /workspaces/recomart-recommendation-pipeline/airflow_venv/lib/python3.12/site-packages/airflow/example_dags/example_task_group_decorator.py
[2026-07-20T06:50:27.489+0000] {processor.py:840} INFO - DAG(s) 'example_task_group_decorator' retrieved from /workspaces/recomart-recommendation-pipeline/airflow_venv/lib/python3.12/site-packages/airflow/example_dags/example_task_group_decorator.py
[2026-07-20T06:50:27.504+0000] {logging_mixin.py:188} INFO - [2026-07-20T06:50:27.504+0000] {dag.py:3089} INFO - Sync 1 DAGs
[2026-07-20T06:50:27.519+0000] {logging_mixin.py:188} INFO - [2026-07-20T06:50:27.518+0000] {dag.py:3947} INFO - Setting next_dagrun for example_task_group_decorator to 2026-07-19 00:00:00+00:00, run_after=2026-07-20 00:00:00+00:00
[2026-07-20T06:50:27.537+0000] {processor.py:183} INFO - Processing /workspaces/recomart-recommendation-pipeline/airflow_venv/lib/python3.12/site-packages/airflow/example_dags/example_task_group_decorator.py took 0.071 seconds
[2026-07-20T06:51:11.797+0000] {processor.py:161} INFO - Started process (PID=86352) to work on /workspaces/recomart-recommendation-pipeline/airflow_venv/lib/python3.12/site-packages/airflow/example_dags/example_task_group_decorator.py
[2026-07-20T06:51:11.799+0000] {processor.py:830} INFO - Processing file /workspaces/recomart-recommendation-pipeline/airflow_venv/lib/python3.12/site-packages/airflow/example_dags/example_task_group_decorator.py for tasks to queue
[2026-07-20T06:51:11.807+0000] {logging_mixin.py:188} INFO - [2026-07-20T06:51:11.806+0000] {dagbag.py:545} INFO - Filling up the DagBag from /workspaces/recomart-recommendation-pipeline/airflow_venv/lib/python3.12/site-packages/airflow/example_dags/example_task_group_decorator.py
[2026-07-20T06:51:11.830+0000] {processor.py:840} INFO - DAG(s) 'example_task_group_decorator' retrieved from /workspaces/recomart-recommendation-pipeline/airflow_venv/lib/python3.12/site-packages/airflow/example_dags/example_task_group_decorator.py
[2026-07-20T06:51:11.862+0000] {logging_mixin.py:188} INFO - [2026-07-20T06:51:11.861+0000] {dag.py:3089} INFO - Sync 1 DAGs
[2026-07-20T06:51:11.879+0000] {logging_mixin.py:188} INFO - [2026-07-20T06:51:11.879+0000] {dag.py:3947} INFO - Setting next_dagrun for example_task_group_decorator to 2026-07-19 00:00:00+00:00, run_after=2026-07-20 00:00:00+00:00
[2026-07-20T06:51:11.899+0000] {processor.py:183} INFO - Processing /workspaces/recomart-recommendation-pipeline/airflow_venv/lib/python3.12/site-packages/airflow/example_dags/example_task_group_decorator.py took 0.112 seconds
[2026-07-20T06:51:58.439+0000] {processor.py:161} INFO - Started process (PID=86758) to work on /workspaces/recomart-recommendation-pipeline/airflow_venv/lib/python3.12/site-packages/airflow/example_dags/example_task_group_decorator.py
[2026-07-20T06:51:58.440+0000] {processor.py:830} INFO - Processing file /workspaces/recomart-recommendation-pipeline/airflow_venv/lib/python3.12/site-packages/airflow/example_dags/example_task_group_decorator.py for tasks to queue
[2026-07-20T06:51:58.442+0000] {logging_mixin.py:188} INFO - [2026-07-20T06:51:58.442+0000] {dagbag.py:545} INFO - Filling up the DagBag from /workspaces/recomart-recommendation-pipeline/airflow_venv/lib/python3.12/site-packages/airflow/example_dags/example_task_group_decorator.py
[2026-07-20T06:51:58.454+0000] {processor.py:840} INFO - DAG(s) 'example_task_group_decorator' retrieved from /workspaces/recomart-recommendation-pipeline/airflow_venv/lib/python3.12/site-packages/airflow/example_dags/example_task_group_decorator.py
[2026-07-20T06:51:58.471+0000] {logging_mixin.py:188} INFO - [2026-07-20T06:51:58.470+0000] {dag.py:3089} INFO - Sync 1 DAGs
[2026-07-20T06:51:58.491+0000] {logging_mixin.py:188} INFO - [2026-07-20T06:51:58.491+0000] {dag.py:3947} INFO - Setting next_dagrun for example_task_group_decorator to 2026-07-19 00:00:00+00:00, run_after=2026-07-20 00:00:00+00:00
[2026-07-20T06:51:58.509+0000] {processor.py:183} INFO - Processing /workspaces/recomart-recommendation-pipeline/airflow_venv/lib/python3.12/site-packages/airflow/example_dags/example_task_group_decorator.py took 0.075 seconds
[2026-07-20T06:57:57.724+0000] {processor.py:161} INFO - Started process (PID=89650) to work on /workspaces/recomart-recommendation-pipeline/airflow_venv/lib/python3.12/site-packages/airflow/example_dags/example_task_group_decorator.py
[2026-07-20T06:57:57.725+0000] {processor.py:830} INFO - Processing file /workspaces/recomart-recommendation-pipeline/airflow_venv/lib/python3.12/site-packages/airflow/example_dags/example_task_group_decorator.py for tasks to queue
[2026-07-20T06:57:57.727+0000] {logging_mixin.py:188} INFO - [2026-07-20T06:57:57.726+0000] {dagbag.py:545} INFO - Filling up the DagBag from /workspaces/recomart-recommendation-pipeline/airflow_venv/lib/python3.12/site-packages/airflow/example_dags/example_task_group_decorator.py
[2026-07-20T06:57:57.740+0000] {processor.py:840} INFO - DAG(s) 'example_task_group_decorator' retrieved from /workspaces/recomart-recommendation-pipeline/airflow_venv/lib/python3.12/site-packages/airflow/example_dags/example_task_group_decorator.py
[2026-07-20T06:57:57.746+0000] {logging_mixin.py:188} INFO - [2026-07-20T06:57:57.746+0000] {dag.py:3089} INFO - Sync 1 DAGs
[2026-07-20T06:57:57.761+0000] {logging_mixin.py:188} INFO - [2026-07-20T06:57:57.761+0000] {dag.py:3947} INFO - Setting next_dagrun for example_task_group_decorator to 2026-07-19 00:00:00+00:00, run_after=2026-07-20 00:00:00+00:00
[2026-07-20T06:57:57.780+0000] {processor.py:183} INFO - Processing /workspaces/recomart-recommendation-pipeline/airflow_venv/lib/python3.12/site-packages/airflow/example_dags/example_task_group_decorator.py took 0.060 seconds
[2026-07-20T06:58:55.055+0000] {processor.py:161} INFO - Started process (PID=90168) to work on /workspaces/recomart-recommendation-pipeline/airflow_venv/lib/python3.12/site-packages/airflow/example_dags/example_task_group_decorator.py
[2026-07-20T06:58:55.056+0000] {processor.py:830} INFO - Processing file /workspaces/recomart-recommendation-pipeline/airflow_venv/lib/python3.12/site-packages/airflow/example_dags/example_task_group_decorator.py for tasks to queue
[2026-07-20T06:58:55.064+0000] {logging_mixin.py:188} INFO - [2026-07-20T06:58:55.063+0000] {dagbag.py:545} INFO - Filling up the DagBag from /workspaces/recomart-recommendation-pipeline/airflow_venv/lib/python3.12/site-packages/airflow/example_dags/example_task_group_decorator.py
[2026-07-20T06:58:55.094+0000] {processor.py:840} INFO - DAG(s) 'example_task_group_decorator' retrieved from /workspaces/recomart-recommendation-pipeline/airflow_venv/lib/python3.12/site-packages/airflow/example_dags/example_task_group_decorator.py
[2026-07-20T06:58:55.222+0000] {logging_mixin.py:188} INFO - [2026-07-20T06:58:55.222+0000] {dag.py:3089} INFO - Sync 1 DAGs
[2026-07-20T06:58:55.235+0000] {logging_mixin.py:188} INFO - [2026-07-20T06:58:55.234+0000] {dag.py:3947} INFO - Setting next_dagrun for example_task_group_decorator to 2026-07-19 00:00:00+00:00, run_after=2026-07-20 00:00:00+00:00
[2026-07-20T06:58:55.252+0000] {processor.py:183} INFO - Processing /workspaces/recomart-recommendation-pipeline/airflow_venv/lib/python3.12/site-packages/airflow/example_dags/example_task_group_decorator.py took 0.203 seconds
[2026-07-20T07:00:27.027+0000] {processor.py:161} INFO - Started process (PID=91738) to work on /workspaces/recomart-recommendation-pipeline/airflow_venv/lib/python3.12/site-packages/airflow/example_dags/example_task_group_decorator.py
[2026-07-20T07:00:27.029+0000] {processor.py:830} INFO - Processing file /workspaces/recomart-recommendation-pipeline/airflow_venv/lib/python3.12/site-packages/airflow/example_dags/example_task_group_decorator.py for tasks to queue
[2026-07-20T07:00:27.031+0000] {logging_mixin.py:188} INFO - [2026-07-20T07:00:27.030+0000] {dagbag.py:545} INFO - Filling up the DagBag from /workspaces/recomart-recommendation-pipeline/airflow_venv/lib/python3.12/site-packages/airflow/example_dags/example_task_group_decorator.py
[2026-07-20T07:00:27.046+0000] {processor.py:840} INFO - DAG(s) 'example_task_group_decorator' retrieved from /workspaces/recomart-recommendation-pipeline/airflow_venv/lib/python3.12/site-packages/airflow/example_dags/example_task_group_decorator.py
[2026-07-20T07:00:27.062+0000] {logging_mixin.py:188} INFO - [2026-07-20T07:00:27.062+0000] {dag.py:3089} INFO - Sync 1 DAGs
[2026-07-20T07:00:27.079+0000] {logging_mixin.py:188} INFO - [2026-07-20T07:00:27.079+0000] {dag.py:3947} INFO - Setting next_dagrun for example_task_group_decorator to 2026-07-19 00:00:00+00:00, run_after=2026-07-20 00:00:00+00:00
[2026-07-20T07:00:27.098+0000] {processor.py:183} INFO - Processing /workspaces/recomart-recommendation-pipeline/airflow_venv/lib/python3.12/site-packages/airflow/example_dags/example_task_group_decorator.py took 0.075 seconds
[2026-07-20T07:01:17.687+0000] {processor.py:161} INFO - Started process (PID=92172) to work on /workspaces/recomart-recommendation-pipeline/airflow_venv/lib/python3.12/site-packages/airflow/example_dags/example_task_group_decorator.py
[2026-07-20T07:01:17.688+0000] {processor.py:830} INFO - Processing file /workspaces/recomart-recommendation-pipeline/airflow_venv/lib/python3.12/site-packages/airflow/example_dags/example_task_group_decorator.py for tasks to queue
[2026-07-20T07:01:17.689+0000] {logging_mixin.py:188} INFO - [2026-07-20T07:01:17.689+0000] {dagbag.py:545} INFO - Filling up the DagBag from /workspaces/recomart-recommendation-pipeline/airflow_venv/lib/python3.12/site-packages/airflow/example_dags/example_task_group_decorator.py
[2026-07-20T07:01:17.700+0000] {processor.py:840} INFO - DAG(s) 'example_task_group_decorator' retrieved from /workspaces/recomart-recommendation-pipeline/airflow_venv/lib/python3.12/site-packages/airflow/example_dags/example_task_group_decorator.py
[2026-07-20T07:01:17.719+0000] {logging_mixin.py:188} INFO - [2026-07-20T07:01:17.719+0000] {dag.py:3089} INFO - Sync 1 DAGs
[2026-07-20T07:01:17.735+0000] {logging_mixin.py:188} INFO - [2026-07-20T07:01:17.735+0000] {dag.py:3947} INFO - Setting next_dagrun for example_task_group_decorator to 2026-07-19 00:00:00+00:00, run_after=2026-07-20 00:00:00+00:00
[2026-07-20T07:01:17.753+0000] {processor.py:183} INFO - Processing /workspaces/recomart-recommendation-pipeline/airflow_venv/lib/python3.12/site-packages/airflow/example_dags/example_task_group_decorator.py took 0.070 seconds
