[2026-07-20T05:59:15.123+0000] {processor.py:161} INFO - Started process (PID=58269) to work on /workspaces/recomart-recommendation-pipeline/airflow_venv/lib/python3.12/site-packages/airflow/example_dags/example_params_ui_tutorial.py
[2026-07-20T05:59:15.124+0000] {processor.py:830} INFO - Processing file /workspaces/recomart-recommendation-pipeline/airflow_venv/lib/python3.12/site-packages/airflow/example_dags/example_params_ui_tutorial.py for tasks to queue
[2026-07-20T05:59:15.125+0000] {logging_mixin.py:188} INFO - [2026-07-20T05:59:15.125+0000] {dagbag.py:545} INFO - Filling up the DagBag from /workspaces/recomart-recommendation-pipeline/airflow_venv/lib/python3.12/site-packages/airflow/example_dags/example_params_ui_tutorial.py
[2026-07-20T05:59:15.131+0000] {processor.py:840} INFO - DAG(s) 'example_params_ui_tutorial' retrieved from /workspaces/recomart-recommendation-pipeline/airflow_venv/lib/python3.12/site-packages/airflow/example_dags/example_params_ui_tutorial.py
[2026-07-20T05:59:15.248+0000] {logging_mixin.py:188} INFO - [2026-07-20T05:59:15.248+0000] {override.py:1858} INFO - Created Permission View: can read on DAG:example_params_ui_tutorial
[2026-07-20T05:59:15.260+0000] {logging_mixin.py:188} INFO - [2026-07-20T05:59:15.260+0000] {override.py:1858} INFO - Created Permission View: can edit on DAG:example_params_ui_tutorial
[2026-07-20T05:59:15.267+0000] {logging_mixin.py:188} INFO - [2026-07-20T05:59:15.267+0000] {override.py:1858} INFO - Created Permission View: can delete on DAG:example_params_ui_tutorial
[2026-07-20T05:59:15.267+0000] {logging_mixin.py:188} INFO - [2026-07-20T05:59:15.267+0000] {dag.py:3089} INFO - Sync 1 DAGs
[2026-07-20T05:59:15.276+0000] {logging_mixin.py:188} INFO - [2026-07-20T05:59:15.276+0000] {dag.py:3111} INFO - Creating ORM DAG for example_params_ui_tutorial
[2026-07-20T05:59:15.277+0000] {logging_mixin.py:188} INFO - [2026-07-20T05:59:15.277+0000] {dag.py:3947} INFO - Setting next_dagrun for example_params_ui_tutorial to None, run_after=None
[2026-07-20T05:59:15.293+0000] {processor.py:183} INFO - Processing /workspaces/recomart-recommendation-pipeline/airflow_venv/lib/python3.12/site-packages/airflow/example_dags/example_params_ui_tutorial.py took 0.176 seconds
[2026-07-20T06:00:09.871+0000] {processor.py:161} INFO - Started process (PID=58715) to work on /workspaces/recomart-recommendation-pipeline/airflow_venv/lib/python3.12/site-packages/airflow/example_dags/example_params_ui_tutorial.py
[2026-07-20T06:00:09.872+0000] {processor.py:830} INFO - Processing file /workspaces/recomart-recommendation-pipeline/airflow_venv/lib/python3.12/site-packages/airflow/example_dags/example_params_ui_tutorial.py for tasks to queue
[2026-07-20T06:00:09.875+0000] {logging_mixin.py:188} INFO - [2026-07-20T06:00:09.874+0000] {dagbag.py:545} INFO - Filling up the DagBag from /workspaces/recomart-recommendation-pipeline/airflow_venv/lib/python3.12/site-packages/airflow/example_dags/example_params_ui_tutorial.py
[2026-07-20T06:00:09.889+0000] {processor.py:840} INFO - DAG(s) 'example_params_ui_tutorial' retrieved from /workspaces/recomart-recommendation-pipeline/airflow_venv/lib/python3.12/site-packages/airflow/example_dags/example_params_ui_tutorial.py
[2026-07-20T06:00:09.989+0000] {logging_mixin.py:188} INFO - [2026-07-20T06:00:09.989+0000] {dag.py:3089} INFO - Sync 1 DAGs
[2026-07-20T06:00:10.010+0000] {logging_mixin.py:188} INFO - [2026-07-20T06:00:10.009+0000] {dag.py:3947} INFO - Setting next_dagrun for example_params_ui_tutorial to None, run_after=None
[2026-07-20T06:00:10.068+0000] {processor.py:183} INFO - Processing /workspaces/recomart-recommendation-pipeline/airflow_venv/lib/python3.12/site-packages/airflow/example_dags/example_params_ui_tutorial.py took 0.206 seconds
[2026-07-20T06:01:00.302+0000] {processor.py:161} INFO - Started process (PID=59267) to work on /workspaces/recomart-recommendation-pipeline/airflow_venv/lib/python3.12/site-packages/airflow/example_dags/example_params_ui_tutorial.py
[2026-07-20T06:01:00.303+0000] {processor.py:830} INFO - Processing file /workspaces/recomart-recommendation-pipeline/airflow_venv/lib/python3.12/site-packages/airflow/example_dags/example_params_ui_tutorial.py for tasks to queue
[2026-07-20T06:01:00.304+0000] {logging_mixin.py:188} INFO - [2026-07-20T06:01:00.304+0000] {dagbag.py:545} INFO - Filling up the DagBag from /workspaces/recomart-recommendation-pipeline/airflow_venv/lib/python3.12/site-packages/airflow/example_dags/example_params_ui_tutorial.py
[2026-07-20T06:01:00.310+0000] {processor.py:840} INFO - DAG(s) 'example_params_ui_tutorial' retrieved from /workspaces/recomart-recommendation-pipeline/airflow_venv/lib/python3.12/site-packages/airflow/example_dags/example_params_ui_tutorial.py
[2026-07-20T06:01:00.341+0000] {logging_mixin.py:188} INFO - [2026-07-20T06:01:00.341+0000] {dag.py:3089} INFO - Sync 1 DAGs
[2026-07-20T06:01:00.350+0000] {logging_mixin.py:188} INFO - [2026-07-20T06:01:00.350+0000] {dag.py:3947} INFO - Setting next_dagrun for example_params_ui_tutorial to None, run_after=None
[2026-07-20T06:01:00.366+0000] {processor.py:183} INFO - Processing /workspaces/recomart-recommendation-pipeline/airflow_venv/lib/python3.12/site-packages/airflow/example_dags/example_params_ui_tutorial.py took 0.068 seconds
[2026-07-20T06:01:50.406+0000] {processor.py:161} INFO - Started process (PID=59864) to work on /workspaces/recomart-recommendation-pipeline/airflow_venv/lib/python3.12/site-packages/airflow/example_dags/example_params_ui_tutorial.py
[2026-07-20T06:01:50.407+0000] {processor.py:830} INFO - Processing file /workspaces/recomart-recommendation-pipeline/airflow_venv/lib/python3.12/site-packages/airflow/example_dags/example_params_ui_tutorial.py for tasks to queue
[2026-07-20T06:01:50.408+0000] {logging_mixin.py:188} INFO - [2026-07-20T06:01:50.408+0000] {dagbag.py:545} INFO - Filling up the DagBag from /workspaces/recomart-recommendation-pipeline/airflow_venv/lib/python3.12/site-packages/airflow/example_dags/example_params_ui_tutorial.py
[2026-07-20T06:01:50.414+0000] {processor.py:840} INFO - DAG(s) 'example_params_ui_tutorial' retrieved from /workspaces/recomart-recommendation-pipeline/airflow_venv/lib/python3.12/site-packages/airflow/example_dags/example_params_ui_tutorial.py
[2026-07-20T06:01:50.445+0000] {logging_mixin.py:188} INFO - [2026-07-20T06:01:50.445+0000] {dag.py:3089} INFO - Sync 1 DAGs
[2026-07-20T06:01:50.454+0000] {logging_mixin.py:188} INFO - [2026-07-20T06:01:50.454+0000] {dag.py:3947} INFO - Setting next_dagrun for example_params_ui_tutorial to None, run_after=None
[2026-07-20T06:01:50.472+0000] {processor.py:183} INFO - Processing /workspaces/recomart-recommendation-pipeline/airflow_venv/lib/python3.12/site-packages/airflow/example_dags/example_params_ui_tutorial.py took 0.070 seconds
[2026-07-20T06:02:55.140+0000] {processor.py:161} INFO - Started process (PID=60388) to work on /workspaces/recomart-recommendation-pipeline/airflow_venv/lib/python3.12/site-packages/airflow/example_dags/example_params_ui_tutorial.py
[2026-07-20T06:02:55.141+0000] {processor.py:830} INFO - Processing file /workspaces/recomart-recommendation-pipeline/airflow_venv/lib/python3.12/site-packages/airflow/example_dags/example_params_ui_tutorial.py for tasks to queue
[2026-07-20T06:02:55.143+0000] {logging_mixin.py:188} INFO - [2026-07-20T06:02:55.142+0000] {dagbag.py:545} INFO - Filling up the DagBag from /workspaces/recomart-recommendation-pipeline/airflow_venv/lib/python3.12/site-packages/airflow/example_dags/example_params_ui_tutorial.py
[2026-07-20T06:02:55.148+0000] {processor.py:840} INFO - DAG(s) 'example_params_ui_tutorial' retrieved from /workspaces/recomart-recommendation-pipeline/airflow_venv/lib/python3.12/site-packages/airflow/example_dags/example_params_ui_tutorial.py
[2026-07-20T06:02:55.204+0000] {logging_mixin.py:188} INFO - [2026-07-20T06:02:55.204+0000] {dag.py:3089} INFO - Sync 1 DAGs
[2026-07-20T06:02:55.222+0000] {logging_mixin.py:188} INFO - [2026-07-20T06:02:55.222+0000] {dag.py:3947} INFO - Setting next_dagrun for example_params_ui_tutorial to None, run_after=None
[2026-07-20T06:02:55.245+0000] {processor.py:183} INFO - Processing /workspaces/recomart-recommendation-pipeline/airflow_venv/lib/python3.12/site-packages/airflow/example_dags/example_params_ui_tutorial.py took 0.109 seconds
[2026-07-20T06:03:57.091+0000] {processor.py:161} INFO - Started process (PID=60957) to work on /workspaces/recomart-recommendation-pipeline/airflow_venv/lib/python3.12/site-packages/airflow/example_dags/example_params_ui_tutorial.py
[2026-07-20T06:03:57.092+0000] {processor.py:830} INFO - Processing file /workspaces/recomart-recommendation-pipeline/airflow_venv/lib/python3.12/site-packages/airflow/example_dags/example_params_ui_tutorial.py for tasks to queue
[2026-07-20T06:03:57.093+0000] {logging_mixin.py:188} INFO - [2026-07-20T06:03:57.093+0000] {dagbag.py:545} INFO - Filling up the DagBag from /workspaces/recomart-recommendation-pipeline/airflow_venv/lib/python3.12/site-packages/airflow/example_dags/example_params_ui_tutorial.py
[2026-07-20T06:03:57.099+0000] {processor.py:840} INFO - DAG(s) 'example_params_ui_tutorial' retrieved from /workspaces/recomart-recommendation-pipeline/airflow_venv/lib/python3.12/site-packages/airflow/example_dags/example_params_ui_tutorial.py
[2026-07-20T06:03:57.132+0000] {logging_mixin.py:188} INFO - [2026-07-20T06:03:57.132+0000] {dag.py:3089} INFO - Sync 1 DAGs
[2026-07-20T06:03:57.141+0000] {logging_mixin.py:188} INFO - [2026-07-20T06:03:57.141+0000] {dag.py:3947} INFO - Setting next_dagrun for example_params_ui_tutorial to None, run_after=None
[2026-07-20T06:03:57.159+0000] {processor.py:183} INFO - Processing /workspaces/recomart-recommendation-pipeline/airflow_venv/lib/python3.12/site-packages/airflow/example_dags/example_params_ui_tutorial.py took 0.073 seconds
[2026-07-20T06:04:42.009+0000] {processor.py:161} INFO - Started process (PID=61333) to work on /workspaces/recomart-recommendation-pipeline/airflow_venv/lib/python3.12/site-packages/airflow/example_dags/example_params_ui_tutorial.py
[2026-07-20T06:04:42.012+0000] {processor.py:830} INFO - Processing file /workspaces/recomart-recommendation-pipeline/airflow_venv/lib/python3.12/site-packages/airflow/example_dags/example_params_ui_tutorial.py for tasks to queue
[2026-07-20T06:04:42.014+0000] {logging_mixin.py:188} INFO - [2026-07-20T06:04:42.013+0000] {dagbag.py:545} INFO - Filling up the DagBag from /workspaces/recomart-recommendation-pipeline/airflow_venv/lib/python3.12/site-packages/airflow/example_dags/example_params_ui_tutorial.py
[2026-07-20T06:04:42.024+0000] {processor.py:840} INFO - DAG(s) 'example_params_ui_tutorial' retrieved from /workspaces/recomart-recommendation-pipeline/airflow_venv/lib/python3.12/site-packages/airflow/example_dags/example_params_ui_tutorial.py
[2026-07-20T06:04:42.073+0000] {logging_mixin.py:188} INFO - [2026-07-20T06:04:42.073+0000] {dag.py:3089} INFO - Sync 1 DAGs
[2026-07-20T06:04:42.085+0000] {logging_mixin.py:188} INFO - [2026-07-20T06:04:42.085+0000] {dag.py:3947} INFO - Setting next_dagrun for example_params_ui_tutorial to None, run_after=None
[2026-07-20T06:04:42.103+0000] {processor.py:183} INFO - Processing /workspaces/recomart-recommendation-pipeline/airflow_venv/lib/python3.12/site-packages/airflow/example_dags/example_params_ui_tutorial.py took 0.101 seconds
[2026-07-20T06:05:50.019+0000] {processor.py:161} INFO - Started process (PID=61888) to work on /workspaces/recomart-recommendation-pipeline/airflow_venv/lib/python3.12/site-packages/airflow/example_dags/example_params_ui_tutorial.py
[2026-07-20T06:05:50.020+0000] {processor.py:830} INFO - Processing file /workspaces/recomart-recommendation-pipeline/airflow_venv/lib/python3.12/site-packages/airflow/example_dags/example_params_ui_tutorial.py for tasks to queue
[2026-07-20T06:05:50.021+0000] {logging_mixin.py:188} INFO - [2026-07-20T06:05:50.021+0000] {dagbag.py:545} INFO - Filling up the DagBag from /workspaces/recomart-recommendation-pipeline/airflow_venv/lib/python3.12/site-packages/airflow/example_dags/example_params_ui_tutorial.py
[2026-07-20T06:05:50.027+0000] {processor.py:840} INFO - DAG(s) 'example_params_ui_tutorial' retrieved from /workspaces/recomart-recommendation-pipeline/airflow_venv/lib/python3.12/site-packages/airflow/example_dags/example_params_ui_tutorial.py
[2026-07-20T06:05:50.066+0000] {logging_mixin.py:188} INFO - [2026-07-20T06:05:50.066+0000] {dag.py:3089} INFO - Sync 1 DAGs
[2026-07-20T06:05:50.077+0000] {logging_mixin.py:188} INFO - [2026-07-20T06:05:50.077+0000] {dag.py:3947} INFO - Setting next_dagrun for example_params_ui_tutorial to None, run_after=None
[2026-07-20T06:05:50.106+0000] {processor.py:183} INFO - Processing /workspaces/recomart-recommendation-pipeline/airflow_venv/lib/python3.12/site-packages/airflow/example_dags/example_params_ui_tutorial.py took 0.091 seconds
[2026-07-20T06:06:36.356+0000] {processor.py:161} INFO - Started process (PID=62253) to work on /workspaces/recomart-recommendation-pipeline/airflow_venv/lib/python3.12/site-packages/airflow/example_dags/example_params_ui_tutorial.py
[2026-07-20T06:06:36.357+0000] {processor.py:830} INFO - Processing file /workspaces/recomart-recommendation-pipeline/airflow_venv/lib/python3.12/site-packages/airflow/example_dags/example_params_ui_tutorial.py for tasks to queue
[2026-07-20T06:06:36.359+0000] {logging_mixin.py:188} INFO - [2026-07-20T06:06:36.358+0000] {dagbag.py:545} INFO - Filling up the DagBag from /workspaces/recomart-recommendation-pipeline/airflow_venv/lib/python3.12/site-packages/airflow/example_dags/example_params_ui_tutorial.py
[2026-07-20T06:06:36.376+0000] {processor.py:840} INFO - DAG(s) 'example_params_ui_tutorial' retrieved from /workspaces/recomart-recommendation-pipeline/airflow_venv/lib/python3.12/site-packages/airflow/example_dags/example_params_ui_tutorial.py
[2026-07-20T06:06:36.544+0000] {logging_mixin.py:188} INFO - [2026-07-20T06:06:36.543+0000] {dag.py:3089} INFO - Sync 1 DAGs
[2026-07-20T06:06:36.707+0000] {logging_mixin.py:188} INFO - [2026-07-20T06:06:36.707+0000] {dag.py:3947} INFO - Setting next_dagrun for example_params_ui_tutorial to None, run_after=None
[2026-07-20T06:06:36.724+0000] {processor.py:183} INFO - Processing /workspaces/recomart-recommendation-pipeline/airflow_venv/lib/python3.12/site-packages/airflow/example_dags/example_params_ui_tutorial.py took 0.375 seconds
[2026-07-20T06:07:24.259+0000] {processor.py:161} INFO - Started process (PID=62623) to work on /workspaces/recomart-recommendation-pipeline/airflow_venv/lib/python3.12/site-packages/airflow/example_dags/example_params_ui_tutorial.py
[2026-07-20T06:07:24.260+0000] {processor.py:830} INFO - Processing file /workspaces/recomart-recommendation-pipeline/airflow_venv/lib/python3.12/site-packages/airflow/example_dags/example_params_ui_tutorial.py for tasks to queue
[2026-07-20T06:07:24.261+0000] {logging_mixin.py:188} INFO - [2026-07-20T06:07:24.261+0000] {dagbag.py:545} INFO - Filling up the DagBag from /workspaces/recomart-recommendation-pipeline/airflow_venv/lib/python3.12/site-packages/airflow/example_dags/example_params_ui_tutorial.py
[2026-07-20T06:07:24.267+0000] {processor.py:840} INFO - DAG(s) 'example_params_ui_tutorial' retrieved from /workspaces/recomart-recommendation-pipeline/airflow_venv/lib/python3.12/site-packages/airflow/example_dags/example_params_ui_tutorial.py
[2026-07-20T06:07:24.305+0000] {logging_mixin.py:188} INFO - [2026-07-20T06:07:24.305+0000] {dag.py:3089} INFO - Sync 1 DAGs
[2026-07-20T06:07:24.314+0000] {logging_mixin.py:188} INFO - [2026-07-20T06:07:24.314+0000] {dag.py:3947} INFO - Setting next_dagrun for example_params_ui_tutorial to None, run_after=None
[2026-07-20T06:07:24.333+0000] {processor.py:183} INFO - Processing /workspaces/recomart-recommendation-pipeline/airflow_venv/lib/python3.12/site-packages/airflow/example_dags/example_params_ui_tutorial.py took 0.079 seconds
[2026-07-20T06:09:10.706+0000] {processor.py:161} INFO - Started process (PID=63705) to work on /workspaces/recomart-recommendation-pipeline/airflow_venv/lib/python3.12/site-packages/airflow/example_dags/example_params_ui_tutorial.py
[2026-07-20T06:09:10.707+0000] {processor.py:830} INFO - Processing file /workspaces/recomart-recommendation-pipeline/airflow_venv/lib/python3.12/site-packages/airflow/example_dags/example_params_ui_tutorial.py for tasks to queue
[2026-07-20T06:09:10.709+0000] {logging_mixin.py:188} INFO - [2026-07-20T06:09:10.708+0000] {dagbag.py:545} INFO - Filling up the DagBag from /workspaces/recomart-recommendation-pipeline/airflow_venv/lib/python3.12/site-packages/airflow/example_dags/example_params_ui_tutorial.py
[2026-07-20T06:09:10.715+0000] {processor.py:840} INFO - DAG(s) 'example_params_ui_tutorial' retrieved from /workspaces/recomart-recommendation-pipeline/airflow_venv/lib/python3.12/site-packages/airflow/example_dags/example_params_ui_tutorial.py
[2026-07-20T06:09:10.828+0000] {logging_mixin.py:188} INFO - [2026-07-20T06:09:10.827+0000] {dag.py:3089} INFO - Sync 1 DAGs
[2026-07-20T06:09:10.836+0000] {logging_mixin.py:188} INFO - [2026-07-20T06:09:10.835+0000] {dag.py:3947} INFO - Setting next_dagrun for example_params_ui_tutorial to None, run_after=None
[2026-07-20T06:09:10.855+0000] {processor.py:183} INFO - Processing /workspaces/recomart-recommendation-pipeline/airflow_venv/lib/python3.12/site-packages/airflow/example_dags/example_params_ui_tutorial.py took 0.154 seconds
[2026-07-20T06:10:07.144+0000] {processor.py:161} INFO - Started process (PID=64164) to work on /workspaces/recomart-recommendation-pipeline/airflow_venv/lib/python3.12/site-packages/airflow/example_dags/example_params_ui_tutorial.py
[2026-07-20T06:10:07.145+0000] {processor.py:830} INFO - Processing file /workspaces/recomart-recommendation-pipeline/airflow_venv/lib/python3.12/site-packages/airflow/example_dags/example_params_ui_tutorial.py for tasks to queue
[2026-07-20T06:10:07.147+0000] {logging_mixin.py:188} INFO - [2026-07-20T06:10:07.146+0000] {dagbag.py:545} INFO - Filling up the DagBag from /workspaces/recomart-recommendation-pipeline/airflow_venv/lib/python3.12/site-packages/airflow/example_dags/example_params_ui_tutorial.py
[2026-07-20T06:10:07.155+0000] {processor.py:840} INFO - DAG(s) 'example_params_ui_tutorial' retrieved from /workspaces/recomart-recommendation-pipeline/airflow_venv/lib/python3.12/site-packages/airflow/example_dags/example_params_ui_tutorial.py
[2026-07-20T06:10:07.209+0000] {logging_mixin.py:188} INFO - [2026-07-20T06:10:07.208+0000] {dag.py:3089} INFO - Sync 1 DAGs
[2026-07-20T06:10:07.222+0000] {logging_mixin.py:188} INFO - [2026-07-20T06:10:07.222+0000] {dag.py:3947} INFO - Setting next_dagrun for example_params_ui_tutorial to None, run_after=None
[2026-07-20T06:10:07.253+0000] {processor.py:183} INFO - Processing /workspaces/recomart-recommendation-pipeline/airflow_venv/lib/python3.12/site-packages/airflow/example_dags/example_params_ui_tutorial.py took 0.114 seconds
[2026-07-20T06:10:58.156+0000] {processor.py:161} INFO - Started process (PID=64594) to work on /workspaces/recomart-recommendation-pipeline/airflow_venv/lib/python3.12/site-packages/airflow/example_dags/example_params_ui_tutorial.py
[2026-07-20T06:10:58.157+0000] {processor.py:830} INFO - Processing file /workspaces/recomart-recommendation-pipeline/airflow_venv/lib/python3.12/site-packages/airflow/example_dags/example_params_ui_tutorial.py for tasks to queue
[2026-07-20T06:10:58.159+0000] {logging_mixin.py:188} INFO - [2026-07-20T06:10:58.158+0000] {dagbag.py:545} INFO - Filling up the DagBag from /workspaces/recomart-recommendation-pipeline/airflow_venv/lib/python3.12/site-packages/airflow/example_dags/example_params_ui_tutorial.py
[2026-07-20T06:10:58.166+0000] {processor.py:840} INFO - DAG(s) 'example_params_ui_tutorial' retrieved from /workspaces/recomart-recommendation-pipeline/airflow_venv/lib/python3.12/site-packages/airflow/example_dags/example_params_ui_tutorial.py
[2026-07-20T06:10:58.204+0000] {logging_mixin.py:188} INFO - [2026-07-20T06:10:58.204+0000] {dag.py:3089} INFO - Sync 1 DAGs
[2026-07-20T06:10:58.213+0000] {logging_mixin.py:188} INFO - [2026-07-20T06:10:58.213+0000] {dag.py:3947} INFO - Setting next_dagrun for example_params_ui_tutorial to None, run_after=None
[2026-07-20T06:10:58.230+0000] {processor.py:183} INFO - Processing /workspaces/recomart-recommendation-pipeline/airflow_venv/lib/python3.12/site-packages/airflow/example_dags/example_params_ui_tutorial.py took 0.077 seconds
[2026-07-20T06:11:46.013+0000] {processor.py:161} INFO - Started process (PID=65176) to work on /workspaces/recomart-recommendation-pipeline/airflow_venv/lib/python3.12/site-packages/airflow/example_dags/example_params_ui_tutorial.py
[2026-07-20T06:11:46.014+0000] {processor.py:830} INFO - Processing file /workspaces/recomart-recommendation-pipeline/airflow_venv/lib/python3.12/site-packages/airflow/example_dags/example_params_ui_tutorial.py for tasks to queue
[2026-07-20T06:11:46.015+0000] {logging_mixin.py:188} INFO - [2026-07-20T06:11:46.015+0000] {dagbag.py:545} INFO - Filling up the DagBag from /workspaces/recomart-recommendation-pipeline/airflow_venv/lib/python3.12/site-packages/airflow/example_dags/example_params_ui_tutorial.py
[2026-07-20T06:11:46.021+0000] {processor.py:840} INFO - DAG(s) 'example_params_ui_tutorial' retrieved from /workspaces/recomart-recommendation-pipeline/airflow_venv/lib/python3.12/site-packages/airflow/example_dags/example_params_ui_tutorial.py
[2026-07-20T06:11:46.054+0000] {logging_mixin.py:188} INFO - [2026-07-20T06:11:46.053+0000] {dag.py:3089} INFO - Sync 1 DAGs
[2026-07-20T06:11:46.063+0000] {logging_mixin.py:188} INFO - [2026-07-20T06:11:46.063+0000] {dag.py:3947} INFO - Setting next_dagrun for example_params_ui_tutorial to None, run_after=None
[2026-07-20T06:11:46.083+0000] {processor.py:183} INFO - Processing /workspaces/recomart-recommendation-pipeline/airflow_venv/lib/python3.12/site-packages/airflow/example_dags/example_params_ui_tutorial.py took 0.075 seconds
[2026-07-20T06:12:49.391+0000] {processor.py:161} INFO - Started process (PID=65696) to work on /workspaces/recomart-recommendation-pipeline/airflow_venv/lib/python3.12/site-packages/airflow/example_dags/example_params_ui_tutorial.py
[2026-07-20T06:12:49.392+0000] {processor.py:830} INFO - Processing file /workspaces/recomart-recommendation-pipeline/airflow_venv/lib/python3.12/site-packages/airflow/example_dags/example_params_ui_tutorial.py for tasks to queue
[2026-07-20T06:12:49.393+0000] {logging_mixin.py:188} INFO - [2026-07-20T06:12:49.393+0000] {dagbag.py:545} INFO - Filling up the DagBag from /workspaces/recomart-recommendation-pipeline/airflow_venv/lib/python3.12/site-packages/airflow/example_dags/example_params_ui_tutorial.py
[2026-07-20T06:12:49.401+0000] {processor.py:840} INFO - DAG(s) 'example_params_ui_tutorial' retrieved from /workspaces/recomart-recommendation-pipeline/airflow_venv/lib/python3.12/site-packages/airflow/example_dags/example_params_ui_tutorial.py
[2026-07-20T06:12:49.435+0000] {logging_mixin.py:188} INFO - [2026-07-20T06:12:49.435+0000] {dag.py:3089} INFO - Sync 1 DAGs
[2026-07-20T06:12:49.449+0000] {logging_mixin.py:188} INFO - [2026-07-20T06:12:49.449+0000] {dag.py:3947} INFO - Setting next_dagrun for example_params_ui_tutorial to None, run_after=None
[2026-07-20T06:12:49.466+0000] {processor.py:183} INFO - Processing /workspaces/recomart-recommendation-pipeline/airflow_venv/lib/python3.12/site-packages/airflow/example_dags/example_params_ui_tutorial.py took 0.079 seconds
[2026-07-20T06:13:54.963+0000] {processor.py:161} INFO - Started process (PID=66335) to work on /workspaces/recomart-recommendation-pipeline/airflow_venv/lib/python3.12/site-packages/airflow/example_dags/example_params_ui_tutorial.py
[2026-07-20T06:13:54.963+0000] {processor.py:830} INFO - Processing file /workspaces/recomart-recommendation-pipeline/airflow_venv/lib/python3.12/site-packages/airflow/example_dags/example_params_ui_tutorial.py for tasks to queue
[2026-07-20T06:13:54.965+0000] {logging_mixin.py:188} INFO - [2026-07-20T06:13:54.964+0000] {dagbag.py:545} INFO - Filling up the DagBag from /workspaces/recomart-recommendation-pipeline/airflow_venv/lib/python3.12/site-packages/airflow/example_dags/example_params_ui_tutorial.py
[2026-07-20T06:13:54.971+0000] {processor.py:840} INFO - DAG(s) 'example_params_ui_tutorial' retrieved from /workspaces/recomart-recommendation-pipeline/airflow_venv/lib/python3.12/site-packages/airflow/example_dags/example_params_ui_tutorial.py
[2026-07-20T06:13:55.009+0000] {logging_mixin.py:188} INFO - [2026-07-20T06:13:55.009+0000] {dag.py:3089} INFO - Sync 1 DAGs
[2026-07-20T06:13:55.019+0000] {logging_mixin.py:188} INFO - [2026-07-20T06:13:55.019+0000] {dag.py:3947} INFO - Setting next_dagrun for example_params_ui_tutorial to None, run_after=None
[2026-07-20T06:13:55.037+0000] {processor.py:183} INFO - Processing /workspaces/recomart-recommendation-pipeline/airflow_venv/lib/python3.12/site-packages/airflow/example_dags/example_params_ui_tutorial.py took 0.079 seconds
[2026-07-20T06:14:41.151+0000] {processor.py:161} INFO - Started process (PID=66914) to work on /workspaces/recomart-recommendation-pipeline/airflow_venv/lib/python3.12/site-packages/airflow/example_dags/example_params_ui_tutorial.py
[2026-07-20T06:14:41.152+0000] {processor.py:830} INFO - Processing file /workspaces/recomart-recommendation-pipeline/airflow_venv/lib/python3.12/site-packages/airflow/example_dags/example_params_ui_tutorial.py for tasks to queue
[2026-07-20T06:14:41.153+0000] {logging_mixin.py:188} INFO - [2026-07-20T06:14:41.153+0000] {dagbag.py:545} INFO - Filling up the DagBag from /workspaces/recomart-recommendation-pipeline/airflow_venv/lib/python3.12/site-packages/airflow/example_dags/example_params_ui_tutorial.py
[2026-07-20T06:14:41.159+0000] {processor.py:840} INFO - DAG(s) 'example_params_ui_tutorial' retrieved from /workspaces/recomart-recommendation-pipeline/airflow_venv/lib/python3.12/site-packages/airflow/example_dags/example_params_ui_tutorial.py
[2026-07-20T06:14:41.200+0000] {logging_mixin.py:188} INFO - [2026-07-20T06:14:41.199+0000] {dag.py:3089} INFO - Sync 1 DAGs
[2026-07-20T06:14:41.209+0000] {logging_mixin.py:188} INFO - [2026-07-20T06:14:41.208+0000] {dag.py:3947} INFO - Setting next_dagrun for example_params_ui_tutorial to None, run_after=None
[2026-07-20T06:14:41.226+0000] {processor.py:183} INFO - Processing /workspaces/recomart-recommendation-pipeline/airflow_venv/lib/python3.12/site-packages/airflow/example_dags/example_params_ui_tutorial.py took 0.079 seconds
[2026-07-20T06:31:13.428+0000] {processor.py:161} INFO - Started process (PID=73762) to work on /workspaces/recomart-recommendation-pipeline/airflow_venv/lib/python3.12/site-packages/airflow/example_dags/example_params_ui_tutorial.py
[2026-07-20T06:31:13.429+0000] {processor.py:830} INFO - Processing file /workspaces/recomart-recommendation-pipeline/airflow_venv/lib/python3.12/site-packages/airflow/example_dags/example_params_ui_tutorial.py for tasks to queue
[2026-07-20T06:31:13.430+0000] {logging_mixin.py:188} INFO - [2026-07-20T06:31:13.430+0000] {dagbag.py:545} INFO - Filling up the DagBag from /workspaces/recomart-recommendation-pipeline/airflow_venv/lib/python3.12/site-packages/airflow/example_dags/example_params_ui_tutorial.py
[2026-07-20T06:31:13.436+0000] {processor.py:840} INFO - DAG(s) 'example_params_ui_tutorial' retrieved from /workspaces/recomart-recommendation-pipeline/airflow_venv/lib/python3.12/site-packages/airflow/example_dags/example_params_ui_tutorial.py
[2026-07-20T06:31:13.563+0000] {logging_mixin.py:188} INFO - [2026-07-20T06:31:13.562+0000] {dag.py:3089} INFO - Sync 1 DAGs
[2026-07-20T06:31:13.572+0000] {logging_mixin.py:188} INFO - [2026-07-20T06:31:13.572+0000] {dag.py:3947} INFO - Setting next_dagrun for example_params_ui_tutorial to None, run_after=None
[2026-07-20T06:31:13.594+0000] {processor.py:183} INFO - Processing /workspaces/recomart-recommendation-pipeline/airflow_venv/lib/python3.12/site-packages/airflow/example_dags/example_params_ui_tutorial.py took 0.171 seconds
[2026-07-20T06:32:09.279+0000] {processor.py:161} INFO - Started process (PID=74409) to work on /workspaces/recomart-recommendation-pipeline/airflow_venv/lib/python3.12/site-packages/airflow/example_dags/example_params_ui_tutorial.py
[2026-07-20T06:32:09.280+0000] {processor.py:830} INFO - Processing file /workspaces/recomart-recommendation-pipeline/airflow_venv/lib/python3.12/site-packages/airflow/example_dags/example_params_ui_tutorial.py for tasks to queue
[2026-07-20T06:32:09.282+0000] {logging_mixin.py:188} INFO - [2026-07-20T06:32:09.282+0000] {dagbag.py:545} INFO - Filling up the DagBag from /workspaces/recomart-recommendation-pipeline/airflow_venv/lib/python3.12/site-packages/airflow/example_dags/example_params_ui_tutorial.py
[2026-07-20T06:32:09.289+0000] {processor.py:840} INFO - DAG(s) 'example_params_ui_tutorial' retrieved from /workspaces/recomart-recommendation-pipeline/airflow_venv/lib/python3.12/site-packages/airflow/example_dags/example_params_ui_tutorial.py
[2026-07-20T06:32:09.322+0000] {logging_mixin.py:188} INFO - [2026-07-20T06:32:09.322+0000] {dag.py:3089} INFO - Sync 1 DAGs
[2026-07-20T06:32:09.331+0000] {logging_mixin.py:188} INFO - [2026-07-20T06:32:09.331+0000] {dag.py:3947} INFO - Setting next_dagrun for example_params_ui_tutorial to None, run_after=None
[2026-07-20T06:32:09.348+0000] {processor.py:183} INFO - Processing /workspaces/recomart-recommendation-pipeline/airflow_venv/lib/python3.12/site-packages/airflow/example_dags/example_params_ui_tutorial.py took 0.074 seconds
[2026-07-20T06:32:59.644+0000] {processor.py:161} INFO - Started process (PID=74952) to work on /workspaces/recomart-recommendation-pipeline/airflow_venv/lib/python3.12/site-packages/airflow/example_dags/example_params_ui_tutorial.py
[2026-07-20T06:32:59.645+0000] {processor.py:830} INFO - Processing file /workspaces/recomart-recommendation-pipeline/airflow_venv/lib/python3.12/site-packages/airflow/example_dags/example_params_ui_tutorial.py for tasks to queue
[2026-07-20T06:32:59.648+0000] {logging_mixin.py:188} INFO - [2026-07-20T06:32:59.647+0000] {dagbag.py:545} INFO - Filling up the DagBag from /workspaces/recomart-recommendation-pipeline/airflow_venv/lib/python3.12/site-packages/airflow/example_dags/example_params_ui_tutorial.py
[2026-07-20T06:32:59.658+0000] {processor.py:840} INFO - DAG(s) 'example_params_ui_tutorial' retrieved from /workspaces/recomart-recommendation-pipeline/airflow_venv/lib/python3.12/site-packages/airflow/example_dags/example_params_ui_tutorial.py
[2026-07-20T06:32:59.721+0000] {logging_mixin.py:188} INFO - [2026-07-20T06:32:59.721+0000] {dag.py:3089} INFO - Sync 1 DAGs
[2026-07-20T06:32:59.730+0000] {logging_mixin.py:188} INFO - [2026-07-20T06:32:59.730+0000] {dag.py:3947} INFO - Setting next_dagrun for example_params_ui_tutorial to None, run_after=None
[2026-07-20T06:32:59.746+0000] {processor.py:183} INFO - Processing /workspaces/recomart-recommendation-pipeline/airflow_venv/lib/python3.12/site-packages/airflow/example_dags/example_params_ui_tutorial.py took 0.110 seconds
[2026-07-20T06:34:21.953+0000] {processor.py:161} INFO - Started process (PID=76124) to work on /workspaces/recomart-recommendation-pipeline/airflow_venv/lib/python3.12/site-packages/airflow/example_dags/example_params_ui_tutorial.py
[2026-07-20T06:34:21.954+0000] {processor.py:830} INFO - Processing file /workspaces/recomart-recommendation-pipeline/airflow_venv/lib/python3.12/site-packages/airflow/example_dags/example_params_ui_tutorial.py for tasks to queue
[2026-07-20T06:34:21.955+0000] {logging_mixin.py:188} INFO - [2026-07-20T06:34:21.955+0000] {dagbag.py:545} INFO - Filling up the DagBag from /workspaces/recomart-recommendation-pipeline/airflow_venv/lib/python3.12/site-packages/airflow/example_dags/example_params_ui_tutorial.py
[2026-07-20T06:34:21.960+0000] {processor.py:840} INFO - DAG(s) 'example_params_ui_tutorial' retrieved from /workspaces/recomart-recommendation-pipeline/airflow_venv/lib/python3.12/site-packages/airflow/example_dags/example_params_ui_tutorial.py
[2026-07-20T06:34:22.000+0000] {logging_mixin.py:188} INFO - [2026-07-20T06:34:22.000+0000] {dag.py:3089} INFO - Sync 1 DAGs
[2026-07-20T06:34:22.009+0000] {logging_mixin.py:188} INFO - [2026-07-20T06:34:22.009+0000] {dag.py:3947} INFO - Setting next_dagrun for example_params_ui_tutorial to None, run_after=None
[2026-07-20T06:34:22.027+0000] {processor.py:183} INFO - Processing /workspaces/recomart-recommendation-pipeline/airflow_venv/lib/python3.12/site-packages/airflow/example_dags/example_params_ui_tutorial.py took 0.078 seconds
[2026-07-20T06:35:19.645+0000] {processor.py:161} INFO - Started process (PID=77214) to work on /workspaces/recomart-recommendation-pipeline/airflow_venv/lib/python3.12/site-packages/airflow/example_dags/example_params_ui_tutorial.py
[2026-07-20T06:35:19.646+0000] {processor.py:830} INFO - Processing file /workspaces/recomart-recommendation-pipeline/airflow_venv/lib/python3.12/site-packages/airflow/example_dags/example_params_ui_tutorial.py for tasks to queue
[2026-07-20T06:35:19.647+0000] {logging_mixin.py:188} INFO - [2026-07-20T06:35:19.647+0000] {dagbag.py:545} INFO - Filling up the DagBag from /workspaces/recomart-recommendation-pipeline/airflow_venv/lib/python3.12/site-packages/airflow/example_dags/example_params_ui_tutorial.py
[2026-07-20T06:35:19.653+0000] {processor.py:840} INFO - DAG(s) 'example_params_ui_tutorial' retrieved from /workspaces/recomart-recommendation-pipeline/airflow_venv/lib/python3.12/site-packages/airflow/example_dags/example_params_ui_tutorial.py
[2026-07-20T06:35:19.684+0000] {logging_mixin.py:188} INFO - [2026-07-20T06:35:19.684+0000] {dag.py:3089} INFO - Sync 1 DAGs
[2026-07-20T06:35:19.694+0000] {logging_mixin.py:188} INFO - [2026-07-20T06:35:19.694+0000] {dag.py:3947} INFO - Setting next_dagrun for example_params_ui_tutorial to None, run_after=None
[2026-07-20T06:35:19.710+0000] {processor.py:183} INFO - Processing /workspaces/recomart-recommendation-pipeline/airflow_venv/lib/python3.12/site-packages/airflow/example_dags/example_params_ui_tutorial.py took 0.069 seconds
[2026-07-20T06:36:07.283+0000] {processor.py:161} INFO - Started process (PID=78145) to work on /workspaces/recomart-recommendation-pipeline/airflow_venv/lib/python3.12/site-packages/airflow/example_dags/example_params_ui_tutorial.py
[2026-07-20T06:36:07.283+0000] {processor.py:830} INFO - Processing file /workspaces/recomart-recommendation-pipeline/airflow_venv/lib/python3.12/site-packages/airflow/example_dags/example_params_ui_tutorial.py for tasks to queue
[2026-07-20T06:36:07.285+0000] {logging_mixin.py:188} INFO - [2026-07-20T06:36:07.284+0000] {dagbag.py:545} INFO - Filling up the DagBag from /workspaces/recomart-recommendation-pipeline/airflow_venv/lib/python3.12/site-packages/airflow/example_dags/example_params_ui_tutorial.py
[2026-07-20T06:36:07.290+0000] {processor.py:840} INFO - DAG(s) 'example_params_ui_tutorial' retrieved from /workspaces/recomart-recommendation-pipeline/airflow_venv/lib/python3.12/site-packages/airflow/example_dags/example_params_ui_tutorial.py
[2026-07-20T06:36:07.322+0000] {logging_mixin.py:188} INFO - [2026-07-20T06:36:07.322+0000] {dag.py:3089} INFO - Sync 1 DAGs
[2026-07-20T06:36:07.331+0000] {logging_mixin.py:188} INFO - [2026-07-20T06:36:07.331+0000] {dag.py:3947} INFO - Setting next_dagrun for example_params_ui_tutorial to None, run_after=None
[2026-07-20T06:36:07.348+0000] {processor.py:183} INFO - Processing /workspaces/recomart-recommendation-pipeline/airflow_venv/lib/python3.12/site-packages/airflow/example_dags/example_params_ui_tutorial.py took 0.069 seconds
[2026-07-20T06:37:02.536+0000] {processor.py:161} INFO - Started process (PID=78848) to work on /workspaces/recomart-recommendation-pipeline/airflow_venv/lib/python3.12/site-packages/airflow/example_dags/example_params_ui_tutorial.py
[2026-07-20T06:37:02.537+0000] {processor.py:830} INFO - Processing file /workspaces/recomart-recommendation-pipeline/airflow_venv/lib/python3.12/site-packages/airflow/example_dags/example_params_ui_tutorial.py for tasks to queue
[2026-07-20T06:37:02.539+0000] {logging_mixin.py:188} INFO - [2026-07-20T06:37:02.538+0000] {dagbag.py:545} INFO - Filling up the DagBag from /workspaces/recomart-recommendation-pipeline/airflow_venv/lib/python3.12/site-packages/airflow/example_dags/example_params_ui_tutorial.py
[2026-07-20T06:37:02.546+0000] {processor.py:840} INFO - DAG(s) 'example_params_ui_tutorial' retrieved from /workspaces/recomart-recommendation-pipeline/airflow_venv/lib/python3.12/site-packages/airflow/example_dags/example_params_ui_tutorial.py
[2026-07-20T06:37:02.598+0000] {logging_mixin.py:188} INFO - [2026-07-20T06:37:02.597+0000] {dag.py:3089} INFO - Sync 1 DAGs
[2026-07-20T06:37:02.636+0000] {logging_mixin.py:188} INFO - [2026-07-20T06:37:02.636+0000] {dag.py:3947} INFO - Setting next_dagrun for example_params_ui_tutorial to None, run_after=None
[2026-07-20T06:37:02.696+0000] {processor.py:183} INFO - Processing /workspaces/recomart-recommendation-pipeline/airflow_venv/lib/python3.12/site-packages/airflow/example_dags/example_params_ui_tutorial.py took 0.164 seconds
[2026-07-20T06:38:10.353+0000] {processor.py:161} INFO - Started process (PID=79411) to work on /workspaces/recomart-recommendation-pipeline/airflow_venv/lib/python3.12/site-packages/airflow/example_dags/example_params_ui_tutorial.py
[2026-07-20T06:38:10.354+0000] {processor.py:830} INFO - Processing file /workspaces/recomart-recommendation-pipeline/airflow_venv/lib/python3.12/site-packages/airflow/example_dags/example_params_ui_tutorial.py for tasks to queue
[2026-07-20T06:38:10.356+0000] {logging_mixin.py:188} INFO - [2026-07-20T06:38:10.356+0000] {dagbag.py:545} INFO - Filling up the DagBag from /workspaces/recomart-recommendation-pipeline/airflow_venv/lib/python3.12/site-packages/airflow/example_dags/example_params_ui_tutorial.py
[2026-07-20T06:38:10.365+0000] {processor.py:840} INFO - DAG(s) 'example_params_ui_tutorial' retrieved from /workspaces/recomart-recommendation-pipeline/airflow_venv/lib/python3.12/site-packages/airflow/example_dags/example_params_ui_tutorial.py
[2026-07-20T06:38:10.422+0000] {logging_mixin.py:188} INFO - [2026-07-20T06:38:10.421+0000] {dag.py:3089} INFO - Sync 1 DAGs
[2026-07-20T06:38:10.436+0000] {logging_mixin.py:188} INFO - [2026-07-20T06:38:10.436+0000] {dag.py:3947} INFO - Setting next_dagrun for example_params_ui_tutorial to None, run_after=None
[2026-07-20T06:38:10.507+0000] {processor.py:183} INFO - Processing /workspaces/recomart-recommendation-pipeline/airflow_venv/lib/python3.12/site-packages/airflow/example_dags/example_params_ui_tutorial.py took 0.161 seconds
[2026-07-20T06:38:59.230+0000] {processor.py:161} INFO - Started process (PID=79824) to work on /workspaces/recomart-recommendation-pipeline/airflow_venv/lib/python3.12/site-packages/airflow/example_dags/example_params_ui_tutorial.py
[2026-07-20T06:38:59.231+0000] {processor.py:830} INFO - Processing file /workspaces/recomart-recommendation-pipeline/airflow_venv/lib/python3.12/site-packages/airflow/example_dags/example_params_ui_tutorial.py for tasks to queue
[2026-07-20T06:38:59.232+0000] {logging_mixin.py:188} INFO - [2026-07-20T06:38:59.232+0000] {dagbag.py:545} INFO - Filling up the DagBag from /workspaces/recomart-recommendation-pipeline/airflow_venv/lib/python3.12/site-packages/airflow/example_dags/example_params_ui_tutorial.py
[2026-07-20T06:38:59.238+0000] {processor.py:840} INFO - DAG(s) 'example_params_ui_tutorial' retrieved from /workspaces/recomart-recommendation-pipeline/airflow_venv/lib/python3.12/site-packages/airflow/example_dags/example_params_ui_tutorial.py
[2026-07-20T06:38:59.270+0000] {logging_mixin.py:188} INFO - [2026-07-20T06:38:59.270+0000] {dag.py:3089} INFO - Sync 1 DAGs
[2026-07-20T06:38:59.279+0000] {logging_mixin.py:188} INFO - [2026-07-20T06:38:59.278+0000] {dag.py:3947} INFO - Setting next_dagrun for example_params_ui_tutorial to None, run_after=None
[2026-07-20T06:38:59.298+0000] {processor.py:183} INFO - Processing /workspaces/recomart-recommendation-pipeline/airflow_venv/lib/python3.12/site-packages/airflow/example_dags/example_params_ui_tutorial.py took 0.072 seconds
[2026-07-20T06:39:48.120+0000] {processor.py:161} INFO - Started process (PID=80226) to work on /workspaces/recomart-recommendation-pipeline/airflow_venv/lib/python3.12/site-packages/airflow/example_dags/example_params_ui_tutorial.py
[2026-07-20T06:39:48.120+0000] {processor.py:830} INFO - Processing file /workspaces/recomart-recommendation-pipeline/airflow_venv/lib/python3.12/site-packages/airflow/example_dags/example_params_ui_tutorial.py for tasks to queue
[2026-07-20T06:39:48.122+0000] {logging_mixin.py:188} INFO - [2026-07-20T06:39:48.121+0000] {dagbag.py:545} INFO - Filling up the DagBag from /workspaces/recomart-recommendation-pipeline/airflow_venv/lib/python3.12/site-packages/airflow/example_dags/example_params_ui_tutorial.py
[2026-07-20T06:39:48.127+0000] {processor.py:840} INFO - DAG(s) 'example_params_ui_tutorial' retrieved from /workspaces/recomart-recommendation-pipeline/airflow_venv/lib/python3.12/site-packages/airflow/example_dags/example_params_ui_tutorial.py
[2026-07-20T06:39:48.159+0000] {logging_mixin.py:188} INFO - [2026-07-20T06:39:48.159+0000] {dag.py:3089} INFO - Sync 1 DAGs
[2026-07-20T06:39:48.261+0000] {logging_mixin.py:188} INFO - [2026-07-20T06:39:48.261+0000] {dag.py:3947} INFO - Setting next_dagrun for example_params_ui_tutorial to None, run_after=None
[2026-07-20T06:39:48.298+0000] {processor.py:183} INFO - Processing /workspaces/recomart-recommendation-pipeline/airflow_venv/lib/python3.12/site-packages/airflow/example_dags/example_params_ui_tutorial.py took 0.183 seconds
[2026-07-20T06:40:37.655+0000] {processor.py:161} INFO - Started process (PID=80590) to work on /workspaces/recomart-recommendation-pipeline/airflow_venv/lib/python3.12/site-packages/airflow/example_dags/example_params_ui_tutorial.py
[2026-07-20T06:40:37.656+0000] {processor.py:830} INFO - Processing file /workspaces/recomart-recommendation-pipeline/airflow_venv/lib/python3.12/site-packages/airflow/example_dags/example_params_ui_tutorial.py for tasks to queue
[2026-07-20T06:40:37.657+0000] {logging_mixin.py:188} INFO - [2026-07-20T06:40:37.657+0000] {dagbag.py:545} INFO - Filling up the DagBag from /workspaces/recomart-recommendation-pipeline/airflow_venv/lib/python3.12/site-packages/airflow/example_dags/example_params_ui_tutorial.py
[2026-07-20T06:40:37.663+0000] {processor.py:840} INFO - DAG(s) 'example_params_ui_tutorial' retrieved from /workspaces/recomart-recommendation-pipeline/airflow_venv/lib/python3.12/site-packages/airflow/example_dags/example_params_ui_tutorial.py
[2026-07-20T06:40:37.701+0000] {logging_mixin.py:188} INFO - [2026-07-20T06:40:37.701+0000] {dag.py:3089} INFO - Sync 1 DAGs
[2026-07-20T06:40:37.710+0000] {logging_mixin.py:188} INFO - [2026-07-20T06:40:37.710+0000] {dag.py:3947} INFO - Setting next_dagrun for example_params_ui_tutorial to None, run_after=None
[2026-07-20T06:40:37.727+0000] {processor.py:183} INFO - Processing /workspaces/recomart-recommendation-pipeline/airflow_venv/lib/python3.12/site-packages/airflow/example_dags/example_params_ui_tutorial.py took 0.076 seconds
[2026-07-20T06:41:25.206+0000] {processor.py:161} INFO - Started process (PID=81061) to work on /workspaces/recomart-recommendation-pipeline/airflow_venv/lib/python3.12/site-packages/airflow/example_dags/example_params_ui_tutorial.py
[2026-07-20T06:41:25.207+0000] {processor.py:830} INFO - Processing file /workspaces/recomart-recommendation-pipeline/airflow_venv/lib/python3.12/site-packages/airflow/example_dags/example_params_ui_tutorial.py for tasks to queue
[2026-07-20T06:41:25.209+0000] {logging_mixin.py:188} INFO - [2026-07-20T06:41:25.208+0000] {dagbag.py:545} INFO - Filling up the DagBag from /workspaces/recomart-recommendation-pipeline/airflow_venv/lib/python3.12/site-packages/airflow/example_dags/example_params_ui_tutorial.py
[2026-07-20T06:41:25.220+0000] {processor.py:840} INFO - DAG(s) 'example_params_ui_tutorial' retrieved from /workspaces/recomart-recommendation-pipeline/airflow_venv/lib/python3.12/site-packages/airflow/example_dags/example_params_ui_tutorial.py
[2026-07-20T06:41:25.253+0000] {logging_mixin.py:188} INFO - [2026-07-20T06:41:25.253+0000] {dag.py:3089} INFO - Sync 1 DAGs
[2026-07-20T06:41:25.262+0000] {logging_mixin.py:188} INFO - [2026-07-20T06:41:25.262+0000] {dag.py:3947} INFO - Setting next_dagrun for example_params_ui_tutorial to None, run_after=None
[2026-07-20T06:41:25.283+0000] {processor.py:183} INFO - Processing /workspaces/recomart-recommendation-pipeline/airflow_venv/lib/python3.12/site-packages/airflow/example_dags/example_params_ui_tutorial.py took 0.086 seconds
[2026-07-20T06:42:12.224+0000] {processor.py:161} INFO - Started process (PID=81448) to work on /workspaces/recomart-recommendation-pipeline/airflow_venv/lib/python3.12/site-packages/airflow/example_dags/example_params_ui_tutorial.py
[2026-07-20T06:42:12.224+0000] {processor.py:830} INFO - Processing file /workspaces/recomart-recommendation-pipeline/airflow_venv/lib/python3.12/site-packages/airflow/example_dags/example_params_ui_tutorial.py for tasks to queue
[2026-07-20T06:42:12.226+0000] {logging_mixin.py:188} INFO - [2026-07-20T06:42:12.225+0000] {dagbag.py:545} INFO - Filling up the DagBag from /workspaces/recomart-recommendation-pipeline/airflow_venv/lib/python3.12/site-packages/airflow/example_dags/example_params_ui_tutorial.py
[2026-07-20T06:42:12.231+0000] {processor.py:840} INFO - DAG(s) 'example_params_ui_tutorial' retrieved from /workspaces/recomart-recommendation-pipeline/airflow_venv/lib/python3.12/site-packages/airflow/example_dags/example_params_ui_tutorial.py
[2026-07-20T06:42:12.262+0000] {logging_mixin.py:188} INFO - [2026-07-20T06:42:12.262+0000] {dag.py:3089} INFO - Sync 1 DAGs
[2026-07-20T06:42:12.272+0000] {logging_mixin.py:188} INFO - [2026-07-20T06:42:12.272+0000] {dag.py:3947} INFO - Setting next_dagrun for example_params_ui_tutorial to None, run_after=None
[2026-07-20T06:42:12.292+0000] {processor.py:183} INFO - Processing /workspaces/recomart-recommendation-pipeline/airflow_venv/lib/python3.12/site-packages/airflow/example_dags/example_params_ui_tutorial.py took 0.073 seconds
[2026-07-20T06:42:58.603+0000] {processor.py:161} INFO - Started process (PID=81860) to work on /workspaces/recomart-recommendation-pipeline/airflow_venv/lib/python3.12/site-packages/airflow/example_dags/example_params_ui_tutorial.py
[2026-07-20T06:42:58.604+0000] {processor.py:830} INFO - Processing file /workspaces/recomart-recommendation-pipeline/airflow_venv/lib/python3.12/site-packages/airflow/example_dags/example_params_ui_tutorial.py for tasks to queue
[2026-07-20T06:42:58.605+0000] {logging_mixin.py:188} INFO - [2026-07-20T06:42:58.605+0000] {dagbag.py:545} INFO - Filling up the DagBag from /workspaces/recomart-recommendation-pipeline/airflow_venv/lib/python3.12/site-packages/airflow/example_dags/example_params_ui_tutorial.py
[2026-07-20T06:42:58.611+0000] {processor.py:840} INFO - DAG(s) 'example_params_ui_tutorial' retrieved from /workspaces/recomart-recommendation-pipeline/airflow_venv/lib/python3.12/site-packages/airflow/example_dags/example_params_ui_tutorial.py
[2026-07-20T06:42:58.642+0000] {logging_mixin.py:188} INFO - [2026-07-20T06:42:58.642+0000] {dag.py:3089} INFO - Sync 1 DAGs
[2026-07-20T06:42:58.651+0000] {logging_mixin.py:188} INFO - [2026-07-20T06:42:58.651+0000] {dag.py:3947} INFO - Setting next_dagrun for example_params_ui_tutorial to None, run_after=None
[2026-07-20T06:42:58.667+0000] {processor.py:183} INFO - Processing /workspaces/recomart-recommendation-pipeline/airflow_venv/lib/python3.12/site-packages/airflow/example_dags/example_params_ui_tutorial.py took 0.069 seconds
[2026-07-20T06:43:46.760+0000] {processor.py:161} INFO - Started process (PID=82265) to work on /workspaces/recomart-recommendation-pipeline/airflow_venv/lib/python3.12/site-packages/airflow/example_dags/example_params_ui_tutorial.py
[2026-07-20T06:43:46.761+0000] {processor.py:830} INFO - Processing file /workspaces/recomart-recommendation-pipeline/airflow_venv/lib/python3.12/site-packages/airflow/example_dags/example_params_ui_tutorial.py for tasks to queue
[2026-07-20T06:43:46.762+0000] {logging_mixin.py:188} INFO - [2026-07-20T06:43:46.762+0000] {dagbag.py:545} INFO - Filling up the DagBag from /workspaces/recomart-recommendation-pipeline/airflow_venv/lib/python3.12/site-packages/airflow/example_dags/example_params_ui_tutorial.py
[2026-07-20T06:43:46.771+0000] {processor.py:840} INFO - DAG(s) 'example_params_ui_tutorial' retrieved from /workspaces/recomart-recommendation-pipeline/airflow_venv/lib/python3.12/site-packages/airflow/example_dags/example_params_ui_tutorial.py
[2026-07-20T06:43:46.839+0000] {logging_mixin.py:188} INFO - [2026-07-20T06:43:46.839+0000] {dag.py:3089} INFO - Sync 1 DAGs
[2026-07-20T06:43:46.861+0000] {logging_mixin.py:188} INFO - [2026-07-20T06:43:46.860+0000] {dag.py:3947} INFO - Setting next_dagrun for example_params_ui_tutorial to None, run_after=None
[2026-07-20T06:43:46.909+0000] {processor.py:183} INFO - Processing /workspaces/recomart-recommendation-pipeline/airflow_venv/lib/python3.12/site-packages/airflow/example_dags/example_params_ui_tutorial.py took 0.165 seconds
[2026-07-20T06:44:36.265+0000] {processor.py:161} INFO - Started process (PID=82632) to work on /workspaces/recomart-recommendation-pipeline/airflow_venv/lib/python3.12/site-packages/airflow/example_dags/example_params_ui_tutorial.py
[2026-07-20T06:44:36.266+0000] {processor.py:830} INFO - Processing file /workspaces/recomart-recommendation-pipeline/airflow_venv/lib/python3.12/site-packages/airflow/example_dags/example_params_ui_tutorial.py for tasks to queue
[2026-07-20T06:44:36.267+0000] {logging_mixin.py:188} INFO - [2026-07-20T06:44:36.267+0000] {dagbag.py:545} INFO - Filling up the DagBag from /workspaces/recomart-recommendation-pipeline/airflow_venv/lib/python3.12/site-packages/airflow/example_dags/example_params_ui_tutorial.py
[2026-07-20T06:44:36.274+0000] {processor.py:840} INFO - DAG(s) 'example_params_ui_tutorial' retrieved from /workspaces/recomart-recommendation-pipeline/airflow_venv/lib/python3.12/site-packages/airflow/example_dags/example_params_ui_tutorial.py
[2026-07-20T06:44:36.311+0000] {logging_mixin.py:188} INFO - [2026-07-20T06:44:36.311+0000] {dag.py:3089} INFO - Sync 1 DAGs
[2026-07-20T06:44:36.320+0000] {logging_mixin.py:188} INFO - [2026-07-20T06:44:36.320+0000] {dag.py:3947} INFO - Setting next_dagrun for example_params_ui_tutorial to None, run_after=None
[2026-07-20T06:44:36.338+0000] {processor.py:183} INFO - Processing /workspaces/recomart-recommendation-pipeline/airflow_venv/lib/python3.12/site-packages/airflow/example_dags/example_params_ui_tutorial.py took 0.077 seconds
[2026-07-20T06:45:35.993+0000] {processor.py:161} INFO - Started process (PID=83116) to work on /workspaces/recomart-recommendation-pipeline/airflow_venv/lib/python3.12/site-packages/airflow/example_dags/example_params_ui_tutorial.py
[2026-07-20T06:45:35.994+0000] {processor.py:830} INFO - Processing file /workspaces/recomart-recommendation-pipeline/airflow_venv/lib/python3.12/site-packages/airflow/example_dags/example_params_ui_tutorial.py for tasks to queue
[2026-07-20T06:45:35.995+0000] {logging_mixin.py:188} INFO - [2026-07-20T06:45:35.995+0000] {dagbag.py:545} INFO - Filling up the DagBag from /workspaces/recomart-recommendation-pipeline/airflow_venv/lib/python3.12/site-packages/airflow/example_dags/example_params_ui_tutorial.py
[2026-07-20T06:45:36.001+0000] {processor.py:840} INFO - DAG(s) 'example_params_ui_tutorial' retrieved from /workspaces/recomart-recommendation-pipeline/airflow_venv/lib/python3.12/site-packages/airflow/example_dags/example_params_ui_tutorial.py
[2026-07-20T06:45:36.032+0000] {logging_mixin.py:188} INFO - [2026-07-20T06:45:36.032+0000] {dag.py:3089} INFO - Sync 1 DAGs
[2026-07-20T06:45:36.041+0000] {logging_mixin.py:188} INFO - [2026-07-20T06:45:36.041+0000] {dag.py:3947} INFO - Setting next_dagrun for example_params_ui_tutorial to None, run_after=None
[2026-07-20T06:45:36.058+0000] {processor.py:183} INFO - Processing /workspaces/recomart-recommendation-pipeline/airflow_venv/lib/python3.12/site-packages/airflow/example_dags/example_params_ui_tutorial.py took 0.071 seconds
[2026-07-20T06:46:44.163+0000] {processor.py:161} INFO - Started process (PID=83801) to work on /workspaces/recomart-recommendation-pipeline/airflow_venv/lib/python3.12/site-packages/airflow/example_dags/example_params_ui_tutorial.py
[2026-07-20T06:46:44.164+0000] {processor.py:830} INFO - Processing file /workspaces/recomart-recommendation-pipeline/airflow_venv/lib/python3.12/site-packages/airflow/example_dags/example_params_ui_tutorial.py for tasks to queue
[2026-07-20T06:46:44.166+0000] {logging_mixin.py:188} INFO - [2026-07-20T06:46:44.166+0000] {dagbag.py:545} INFO - Filling up the DagBag from /workspaces/recomart-recommendation-pipeline/airflow_venv/lib/python3.12/site-packages/airflow/example_dags/example_params_ui_tutorial.py
[2026-07-20T06:46:44.173+0000] {processor.py:840} INFO - DAG(s) 'example_params_ui_tutorial' retrieved from /workspaces/recomart-recommendation-pipeline/airflow_venv/lib/python3.12/site-packages/airflow/example_dags/example_params_ui_tutorial.py
[2026-07-20T06:46:44.217+0000] {logging_mixin.py:188} INFO - [2026-07-20T06:46:44.217+0000] {dag.py:3089} INFO - Sync 1 DAGs
[2026-07-20T06:46:44.226+0000] {logging_mixin.py:188} INFO - [2026-07-20T06:46:44.226+0000] {dag.py:3947} INFO - Setting next_dagrun for example_params_ui_tutorial to None, run_after=None
[2026-07-20T06:46:44.242+0000] {processor.py:183} INFO - Processing /workspaces/recomart-recommendation-pipeline/airflow_venv/lib/python3.12/site-packages/airflow/example_dags/example_params_ui_tutorial.py took 0.086 seconds
[2026-07-20T06:47:46.023+0000] {processor.py:161} INFO - Started process (PID=84312) to work on /workspaces/recomart-recommendation-pipeline/airflow_venv/lib/python3.12/site-packages/airflow/example_dags/example_params_ui_tutorial.py
[2026-07-20T06:47:46.023+0000] {processor.py:830} INFO - Processing file /workspaces/recomart-recommendation-pipeline/airflow_venv/lib/python3.12/site-packages/airflow/example_dags/example_params_ui_tutorial.py for tasks to queue
[2026-07-20T06:47:46.025+0000] {logging_mixin.py:188} INFO - [2026-07-20T06:47:46.024+0000] {dagbag.py:545} INFO - Filling up the DagBag from /workspaces/recomart-recommendation-pipeline/airflow_venv/lib/python3.12/site-packages/airflow/example_dags/example_params_ui_tutorial.py
[2026-07-20T06:47:46.031+0000] {processor.py:840} INFO - DAG(s) 'example_params_ui_tutorial' retrieved from /workspaces/recomart-recommendation-pipeline/airflow_venv/lib/python3.12/site-packages/airflow/example_dags/example_params_ui_tutorial.py
[2026-07-20T06:47:46.064+0000] {logging_mixin.py:188} INFO - [2026-07-20T06:47:46.064+0000] {dag.py:3089} INFO - Sync 1 DAGs
[2026-07-20T06:47:46.075+0000] {logging_mixin.py:188} INFO - [2026-07-20T06:47:46.074+0000] {dag.py:3947} INFO - Setting next_dagrun for example_params_ui_tutorial to None, run_after=None
[2026-07-20T06:47:46.094+0000] {processor.py:183} INFO - Processing /workspaces/recomart-recommendation-pipeline/airflow_venv/lib/python3.12/site-packages/airflow/example_dags/example_params_ui_tutorial.py took 0.077 seconds
[2026-07-20T06:48:50.210+0000] {processor.py:161} INFO - Started process (PID=84829) to work on /workspaces/recomart-recommendation-pipeline/airflow_venv/lib/python3.12/site-packages/airflow/example_dags/example_params_ui_tutorial.py
[2026-07-20T06:48:50.210+0000] {processor.py:830} INFO - Processing file /workspaces/recomart-recommendation-pipeline/airflow_venv/lib/python3.12/site-packages/airflow/example_dags/example_params_ui_tutorial.py for tasks to queue
[2026-07-20T06:48:50.212+0000] {logging_mixin.py:188} INFO - [2026-07-20T06:48:50.212+0000] {dagbag.py:545} INFO - Filling up the DagBag from /workspaces/recomart-recommendation-pipeline/airflow_venv/lib/python3.12/site-packages/airflow/example_dags/example_params_ui_tutorial.py
[2026-07-20T06:48:50.218+0000] {processor.py:840} INFO - DAG(s) 'example_params_ui_tutorial' retrieved from /workspaces/recomart-recommendation-pipeline/airflow_venv/lib/python3.12/site-packages/airflow/example_dags/example_params_ui_tutorial.py
[2026-07-20T06:48:50.251+0000] {logging_mixin.py:188} INFO - [2026-07-20T06:48:50.251+0000] {dag.py:3089} INFO - Sync 1 DAGs
[2026-07-20T06:48:50.260+0000] {logging_mixin.py:188} INFO - [2026-07-20T06:48:50.260+0000] {dag.py:3947} INFO - Setting next_dagrun for example_params_ui_tutorial to None, run_after=None
[2026-07-20T06:48:50.279+0000] {processor.py:183} INFO - Processing /workspaces/recomart-recommendation-pipeline/airflow_venv/lib/python3.12/site-packages/airflow/example_dags/example_params_ui_tutorial.py took 0.076 seconds
[2026-07-20T06:49:52.452+0000] {processor.py:161} INFO - Started process (PID=85468) to work on /workspaces/recomart-recommendation-pipeline/airflow_venv/lib/python3.12/site-packages/airflow/example_dags/example_params_ui_tutorial.py
[2026-07-20T06:49:52.452+0000] {processor.py:830} INFO - Processing file /workspaces/recomart-recommendation-pipeline/airflow_venv/lib/python3.12/site-packages/airflow/example_dags/example_params_ui_tutorial.py for tasks to queue
[2026-07-20T06:49:52.454+0000] {logging_mixin.py:188} INFO - [2026-07-20T06:49:52.453+0000] {dagbag.py:545} INFO - Filling up the DagBag from /workspaces/recomart-recommendation-pipeline/airflow_venv/lib/python3.12/site-packages/airflow/example_dags/example_params_ui_tutorial.py
[2026-07-20T06:49:52.459+0000] {processor.py:840} INFO - DAG(s) 'example_params_ui_tutorial' retrieved from /workspaces/recomart-recommendation-pipeline/airflow_venv/lib/python3.12/site-packages/airflow/example_dags/example_params_ui_tutorial.py
[2026-07-20T06:49:52.497+0000] {logging_mixin.py:188} INFO - [2026-07-20T06:49:52.497+0000] {dag.py:3089} INFO - Sync 1 DAGs
[2026-07-20T06:49:52.506+0000] {logging_mixin.py:188} INFO - [2026-07-20T06:49:52.506+0000] {dag.py:3947} INFO - Setting next_dagrun for example_params_ui_tutorial to None, run_after=None
[2026-07-20T06:49:52.523+0000] {processor.py:183} INFO - Processing /workspaces/recomart-recommendation-pipeline/airflow_venv/lib/python3.12/site-packages/airflow/example_dags/example_params_ui_tutorial.py took 0.076 seconds
[2026-07-20T06:50:59.727+0000] {processor.py:161} INFO - Started process (PID=86266) to work on /workspaces/recomart-recommendation-pipeline/airflow_venv/lib/python3.12/site-packages/airflow/example_dags/example_params_ui_tutorial.py
[2026-07-20T06:50:59.727+0000] {processor.py:830} INFO - Processing file /workspaces/recomart-recommendation-pipeline/airflow_venv/lib/python3.12/site-packages/airflow/example_dags/example_params_ui_tutorial.py for tasks to queue
[2026-07-20T06:50:59.729+0000] {logging_mixin.py:188} INFO - [2026-07-20T06:50:59.728+0000] {dagbag.py:545} INFO - Filling up the DagBag from /workspaces/recomart-recommendation-pipeline/airflow_venv/lib/python3.12/site-packages/airflow/example_dags/example_params_ui_tutorial.py
[2026-07-20T06:50:59.735+0000] {processor.py:840} INFO - DAG(s) 'example_params_ui_tutorial' retrieved from /workspaces/recomart-recommendation-pipeline/airflow_venv/lib/python3.12/site-packages/airflow/example_dags/example_params_ui_tutorial.py
[2026-07-20T06:50:59.770+0000] {logging_mixin.py:188} INFO - [2026-07-20T06:50:59.770+0000] {dag.py:3089} INFO - Sync 1 DAGs
[2026-07-20T06:50:59.784+0000] {logging_mixin.py:188} INFO - [2026-07-20T06:50:59.784+0000] {dag.py:3947} INFO - Setting next_dagrun for example_params_ui_tutorial to None, run_after=None
[2026-07-20T06:50:59.806+0000] {processor.py:183} INFO - Processing /workspaces/recomart-recommendation-pipeline/airflow_venv/lib/python3.12/site-packages/airflow/example_dags/example_params_ui_tutorial.py took 0.084 seconds
[2026-07-20T06:52:07.630+0000] {processor.py:161} INFO - Started process (PID=86824) to work on /workspaces/recomart-recommendation-pipeline/airflow_venv/lib/python3.12/site-packages/airflow/example_dags/example_params_ui_tutorial.py
[2026-07-20T06:52:07.631+0000] {processor.py:830} INFO - Processing file /workspaces/recomart-recommendation-pipeline/airflow_venv/lib/python3.12/site-packages/airflow/example_dags/example_params_ui_tutorial.py for tasks to queue
[2026-07-20T06:52:07.633+0000] {logging_mixin.py:188} INFO - [2026-07-20T06:52:07.633+0000] {dagbag.py:545} INFO - Filling up the DagBag from /workspaces/recomart-recommendation-pipeline/airflow_venv/lib/python3.12/site-packages/airflow/example_dags/example_params_ui_tutorial.py
[2026-07-20T06:52:07.642+0000] {processor.py:840} INFO - DAG(s) 'example_params_ui_tutorial' retrieved from /workspaces/recomart-recommendation-pipeline/airflow_venv/lib/python3.12/site-packages/airflow/example_dags/example_params_ui_tutorial.py
[2026-07-20T06:52:07.709+0000] {logging_mixin.py:188} INFO - [2026-07-20T06:52:07.708+0000] {dag.py:3089} INFO - Sync 1 DAGs
[2026-07-20T06:52:07.765+0000] {logging_mixin.py:188} INFO - [2026-07-20T06:52:07.765+0000] {dag.py:3947} INFO - Setting next_dagrun for example_params_ui_tutorial to None, run_after=None
[2026-07-20T06:52:07.894+0000] {processor.py:183} INFO - Processing /workspaces/recomart-recommendation-pipeline/airflow_venv/lib/python3.12/site-packages/airflow/example_dags/example_params_ui_tutorial.py took 0.270 seconds
[2026-07-20T06:58:13.755+0000] {processor.py:161} INFO - Started process (PID=89759) to work on /workspaces/recomart-recommendation-pipeline/airflow_venv/lib/python3.12/site-packages/airflow/example_dags/example_params_ui_tutorial.py
[2026-07-20T06:58:13.756+0000] {processor.py:830} INFO - Processing file /workspaces/recomart-recommendation-pipeline/airflow_venv/lib/python3.12/site-packages/airflow/example_dags/example_params_ui_tutorial.py for tasks to queue
[2026-07-20T06:58:13.757+0000] {logging_mixin.py:188} INFO - [2026-07-20T06:58:13.757+0000] {dagbag.py:545} INFO - Filling up the DagBag from /workspaces/recomart-recommendation-pipeline/airflow_venv/lib/python3.12/site-packages/airflow/example_dags/example_params_ui_tutorial.py
[2026-07-20T06:58:13.763+0000] {processor.py:840} INFO - DAG(s) 'example_params_ui_tutorial' retrieved from /workspaces/recomart-recommendation-pipeline/airflow_venv/lib/python3.12/site-packages/airflow/example_dags/example_params_ui_tutorial.py
[2026-07-20T06:58:13.881+0000] {logging_mixin.py:188} INFO - [2026-07-20T06:58:13.880+0000] {dag.py:3089} INFO - Sync 1 DAGs
[2026-07-20T06:58:13.893+0000] {logging_mixin.py:188} INFO - [2026-07-20T06:58:13.893+0000] {dag.py:3947} INFO - Setting next_dagrun for example_params_ui_tutorial to None, run_after=None
[2026-07-20T06:58:13.912+0000] {processor.py:183} INFO - Processing /workspaces/recomart-recommendation-pipeline/airflow_venv/lib/python3.12/site-packages/airflow/example_dags/example_params_ui_tutorial.py took 0.162 seconds
[2026-07-20T06:59:50.176+0000] {processor.py:161} INFO - Started process (PID=91299) to work on /workspaces/recomart-recommendation-pipeline/airflow_venv/lib/python3.12/site-packages/airflow/example_dags/example_params_ui_tutorial.py
[2026-07-20T06:59:50.181+0000] {processor.py:830} INFO - Processing file /workspaces/recomart-recommendation-pipeline/airflow_venv/lib/python3.12/site-packages/airflow/example_dags/example_params_ui_tutorial.py for tasks to queue
[2026-07-20T06:59:50.189+0000] {logging_mixin.py:188} INFO - [2026-07-20T06:59:50.183+0000] {dagbag.py:545} INFO - Filling up the DagBag from /workspaces/recomart-recommendation-pipeline/airflow_venv/lib/python3.12/site-packages/airflow/example_dags/example_params_ui_tutorial.py
[2026-07-20T06:59:50.199+0000] {processor.py:840} INFO - DAG(s) 'example_params_ui_tutorial' retrieved from /workspaces/recomart-recommendation-pipeline/airflow_venv/lib/python3.12/site-packages/airflow/example_dags/example_params_ui_tutorial.py
[2026-07-20T06:59:50.237+0000] {logging_mixin.py:188} INFO - [2026-07-20T06:59:50.237+0000] {dag.py:3089} INFO - Sync 1 DAGs
[2026-07-20T06:59:50.247+0000] {logging_mixin.py:188} INFO - [2026-07-20T06:59:50.247+0000] {dag.py:3947} INFO - Setting next_dagrun for example_params_ui_tutorial to None, run_after=None
[2026-07-20T06:59:50.272+0000] {processor.py:183} INFO - Processing /workspaces/recomart-recommendation-pipeline/airflow_venv/lib/python3.12/site-packages/airflow/example_dags/example_params_ui_tutorial.py took 0.104 seconds
[2026-07-20T07:00:42.446+0000] {processor.py:161} INFO - Started process (PID=91926) to work on /workspaces/recomart-recommendation-pipeline/airflow_venv/lib/python3.12/site-packages/airflow/example_dags/example_params_ui_tutorial.py
[2026-07-20T07:00:42.447+0000] {processor.py:830} INFO - Processing file /workspaces/recomart-recommendation-pipeline/airflow_venv/lib/python3.12/site-packages/airflow/example_dags/example_params_ui_tutorial.py for tasks to queue
[2026-07-20T07:00:42.449+0000] {logging_mixin.py:188} INFO - [2026-07-20T07:00:42.448+0000] {dagbag.py:545} INFO - Filling up the DagBag from /workspaces/recomart-recommendation-pipeline/airflow_venv/lib/python3.12/site-packages/airflow/example_dags/example_params_ui_tutorial.py
[2026-07-20T07:00:42.454+0000] {processor.py:840} INFO - DAG(s) 'example_params_ui_tutorial' retrieved from /workspaces/recomart-recommendation-pipeline/airflow_venv/lib/python3.12/site-packages/airflow/example_dags/example_params_ui_tutorial.py
[2026-07-20T07:00:42.495+0000] {logging_mixin.py:188} INFO - [2026-07-20T07:00:42.494+0000] {dag.py:3089} INFO - Sync 1 DAGs
[2026-07-20T07:00:42.506+0000] {logging_mixin.py:188} INFO - [2026-07-20T07:00:42.506+0000] {dag.py:3947} INFO - Setting next_dagrun for example_params_ui_tutorial to None, run_after=None
[2026-07-20T07:00:42.538+0000] {processor.py:183} INFO - Processing /workspaces/recomart-recommendation-pipeline/airflow_venv/lib/python3.12/site-packages/airflow/example_dags/example_params_ui_tutorial.py took 0.095 seconds
[2026-07-20T07:01:34.364+0000] {processor.py:161} INFO - Started process (PID=92300) to work on /workspaces/recomart-recommendation-pipeline/airflow_venv/lib/python3.12/site-packages/airflow/example_dags/example_params_ui_tutorial.py
[2026-07-20T07:01:34.365+0000] {processor.py:830} INFO - Processing file /workspaces/recomart-recommendation-pipeline/airflow_venv/lib/python3.12/site-packages/airflow/example_dags/example_params_ui_tutorial.py for tasks to queue
[2026-07-20T07:01:34.366+0000] {logging_mixin.py:188} INFO - [2026-07-20T07:01:34.366+0000] {dagbag.py:545} INFO - Filling up the DagBag from /workspaces/recomart-recommendation-pipeline/airflow_venv/lib/python3.12/site-packages/airflow/example_dags/example_params_ui_tutorial.py
[2026-07-20T07:01:34.373+0000] {processor.py:840} INFO - DAG(s) 'example_params_ui_tutorial' retrieved from /workspaces/recomart-recommendation-pipeline/airflow_venv/lib/python3.12/site-packages/airflow/example_dags/example_params_ui_tutorial.py
[2026-07-20T07:01:34.410+0000] {logging_mixin.py:188} INFO - [2026-07-20T07:01:34.410+0000] {dag.py:3089} INFO - Sync 1 DAGs
[2026-07-20T07:01:34.423+0000] {logging_mixin.py:188} INFO - [2026-07-20T07:01:34.422+0000] {dag.py:3947} INFO - Setting next_dagrun for example_params_ui_tutorial to None, run_after=None
[2026-07-20T07:01:34.439+0000] {processor.py:183} INFO - Processing /workspaces/recomart-recommendation-pipeline/airflow_venv/lib/python3.12/site-packages/airflow/example_dags/example_params_ui_tutorial.py took 0.079 seconds
