[2026-07-20T05:59:05.701+0000] {processor.py:161} INFO - Started process (PID=58205) to work on /workspaces/recomart-recommendation-pipeline/airflow_venv/lib/python3.12/site-packages/airflow/example_dags/example_setup_teardown.py
[2026-07-20T05:59:05.702+0000] {processor.py:830} INFO - Processing file /workspaces/recomart-recommendation-pipeline/airflow_venv/lib/python3.12/site-packages/airflow/example_dags/example_setup_teardown.py for tasks to queue
[2026-07-20T05:59:05.706+0000] {logging_mixin.py:188} INFO - [2026-07-20T05:59:05.706+0000] {dagbag.py:545} INFO - Filling up the DagBag from /workspaces/recomart-recommendation-pipeline/airflow_venv/lib/python3.12/site-packages/airflow/example_dags/example_setup_teardown.py
[2026-07-20T05:59:05.720+0000] {processor.py:840} INFO - DAG(s) 'example_setup_teardown' retrieved from /workspaces/recomart-recommendation-pipeline/airflow_venv/lib/python3.12/site-packages/airflow/example_dags/example_setup_teardown.py
[2026-07-20T05:59:05.878+0000] {logging_mixin.py:188} INFO - [2026-07-20T05:59:05.876+0000] {override.py:1858} INFO - Created Permission View: can read on DAG:example_setup_teardown
[2026-07-20T05:59:05.894+0000] {logging_mixin.py:188} INFO - [2026-07-20T05:59:05.893+0000] {override.py:1858} INFO - Created Permission View: can edit on DAG:example_setup_teardown
[2026-07-20T05:59:05.904+0000] {logging_mixin.py:188} INFO - [2026-07-20T05:59:05.903+0000] {override.py:1858} INFO - Created Permission View: can delete on DAG:example_setup_teardown
[2026-07-20T05:59:05.904+0000] {logging_mixin.py:188} INFO - [2026-07-20T05:59:05.904+0000] {dag.py:3089} INFO - Sync 1 DAGs
[2026-07-20T05:59:05.915+0000] {logging_mixin.py:188} INFO - [2026-07-20T05:59:05.915+0000] {dag.py:3111} INFO - Creating ORM DAG for example_setup_teardown
[2026-07-20T05:59:05.925+0000] {logging_mixin.py:188} INFO - [2026-07-20T05:59:05.925+0000] {dag.py:3947} INFO - Setting next_dagrun for example_setup_teardown to 2026-07-19 00:00:00+00:00, run_after=2026-07-20 00:00:00+00:00
[2026-07-20T05:59:05.959+0000] {processor.py:183} INFO - Processing /workspaces/recomart-recommendation-pipeline/airflow_venv/lib/python3.12/site-packages/airflow/example_dags/example_setup_teardown.py took 0.264 seconds
[2026-07-20T06:00:03.569+0000] {processor.py:161} INFO - Started process (PID=58665) to work on /workspaces/recomart-recommendation-pipeline/airflow_venv/lib/python3.12/site-packages/airflow/example_dags/example_setup_teardown.py
[2026-07-20T06:00:03.570+0000] {processor.py:830} INFO - Processing file /workspaces/recomart-recommendation-pipeline/airflow_venv/lib/python3.12/site-packages/airflow/example_dags/example_setup_teardown.py for tasks to queue
[2026-07-20T06:00:03.572+0000] {logging_mixin.py:188} INFO - [2026-07-20T06:00:03.571+0000] {dagbag.py:545} INFO - Filling up the DagBag from /workspaces/recomart-recommendation-pipeline/airflow_venv/lib/python3.12/site-packages/airflow/example_dags/example_setup_teardown.py
[2026-07-20T06:00:03.579+0000] {processor.py:840} INFO - DAG(s) 'example_setup_teardown' retrieved from /workspaces/recomart-recommendation-pipeline/airflow_venv/lib/python3.12/site-packages/airflow/example_dags/example_setup_teardown.py
[2026-07-20T06:00:03.594+0000] {logging_mixin.py:188} INFO - [2026-07-20T06:00:03.594+0000] {dag.py:3089} INFO - Sync 1 DAGs
[2026-07-20T06:00:03.608+0000] {logging_mixin.py:188} INFO - [2026-07-20T06:00:03.608+0000] {dag.py:3947} INFO - Setting next_dagrun for example_setup_teardown to 2026-07-19 00:00:00+00:00, run_after=2026-07-20 00:00:00+00:00
[2026-07-20T06:00:03.624+0000] {processor.py:183} INFO - Processing /workspaces/recomart-recommendation-pipeline/airflow_venv/lib/python3.12/site-packages/airflow/example_dags/example_setup_teardown.py took 0.059 seconds
[2026-07-20T06:00:53.424+0000] {processor.py:161} INFO - Started process (PID=59209) to work on /workspaces/recomart-recommendation-pipeline/airflow_venv/lib/python3.12/site-packages/airflow/example_dags/example_setup_teardown.py
[2026-07-20T06:00:53.425+0000] {processor.py:830} INFO - Processing file /workspaces/recomart-recommendation-pipeline/airflow_venv/lib/python3.12/site-packages/airflow/example_dags/example_setup_teardown.py for tasks to queue
[2026-07-20T06:00:53.426+0000] {logging_mixin.py:188} INFO - [2026-07-20T06:00:53.426+0000] {dagbag.py:545} INFO - Filling up the DagBag from /workspaces/recomart-recommendation-pipeline/airflow_venv/lib/python3.12/site-packages/airflow/example_dags/example_setup_teardown.py
[2026-07-20T06:00:53.432+0000] {processor.py:840} INFO - DAG(s) 'example_setup_teardown' retrieved from /workspaces/recomart-recommendation-pipeline/airflow_venv/lib/python3.12/site-packages/airflow/example_dags/example_setup_teardown.py
[2026-07-20T06:00:53.444+0000] {logging_mixin.py:188} INFO - [2026-07-20T06:00:53.444+0000] {dag.py:3089} INFO - Sync 1 DAGs
[2026-07-20T06:00:53.458+0000] {logging_mixin.py:188} INFO - [2026-07-20T06:00:53.458+0000] {dag.py:3947} INFO - Setting next_dagrun for example_setup_teardown to 2026-07-19 00:00:00+00:00, run_after=2026-07-20 00:00:00+00:00
[2026-07-20T06:00:53.478+0000] {processor.py:183} INFO - Processing /workspaces/recomart-recommendation-pipeline/airflow_venv/lib/python3.12/site-packages/airflow/example_dags/example_setup_teardown.py took 0.058 seconds
[2026-07-20T06:01:43.065+0000] {processor.py:161} INFO - Started process (PID=59808) to work on /workspaces/recomart-recommendation-pipeline/airflow_venv/lib/python3.12/site-packages/airflow/example_dags/example_setup_teardown.py
[2026-07-20T06:01:43.066+0000] {processor.py:830} INFO - Processing file /workspaces/recomart-recommendation-pipeline/airflow_venv/lib/python3.12/site-packages/airflow/example_dags/example_setup_teardown.py for tasks to queue
[2026-07-20T06:01:43.068+0000] {logging_mixin.py:188} INFO - [2026-07-20T06:01:43.067+0000] {dagbag.py:545} INFO - Filling up the DagBag from /workspaces/recomart-recommendation-pipeline/airflow_venv/lib/python3.12/site-packages/airflow/example_dags/example_setup_teardown.py
[2026-07-20T06:01:43.079+0000] {processor.py:840} INFO - DAG(s) 'example_setup_teardown' retrieved from /workspaces/recomart-recommendation-pipeline/airflow_venv/lib/python3.12/site-packages/airflow/example_dags/example_setup_teardown.py
[2026-07-20T06:01:43.099+0000] {logging_mixin.py:188} INFO - [2026-07-20T06:01:43.099+0000] {dag.py:3089} INFO - Sync 1 DAGs
[2026-07-20T06:01:43.122+0000] {logging_mixin.py:188} INFO - [2026-07-20T06:01:43.121+0000] {dag.py:3947} INFO - Setting next_dagrun for example_setup_teardown to 2026-07-19 00:00:00+00:00, run_after=2026-07-20 00:00:00+00:00
[2026-07-20T06:01:43.155+0000] {processor.py:183} INFO - Processing /workspaces/recomart-recommendation-pipeline/airflow_venv/lib/python3.12/site-packages/airflow/example_dags/example_setup_teardown.py took 0.098 seconds
[2026-07-20T06:02:29.195+0000] {processor.py:161} INFO - Started process (PID=60147) to work on /workspaces/recomart-recommendation-pipeline/airflow_venv/lib/python3.12/site-packages/airflow/example_dags/example_setup_teardown.py
[2026-07-20T06:02:29.196+0000] {processor.py:830} INFO - Processing file /workspaces/recomart-recommendation-pipeline/airflow_venv/lib/python3.12/site-packages/airflow/example_dags/example_setup_teardown.py for tasks to queue
[2026-07-20T06:02:29.198+0000] {logging_mixin.py:188} INFO - [2026-07-20T06:02:29.197+0000] {dagbag.py:545} INFO - Filling up the DagBag from /workspaces/recomart-recommendation-pipeline/airflow_venv/lib/python3.12/site-packages/airflow/example_dags/example_setup_teardown.py
[2026-07-20T06:02:29.206+0000] {processor.py:840} INFO - DAG(s) 'example_setup_teardown' retrieved from /workspaces/recomart-recommendation-pipeline/airflow_venv/lib/python3.12/site-packages/airflow/example_dags/example_setup_teardown.py
[2026-07-20T06:02:29.230+0000] {logging_mixin.py:188} INFO - [2026-07-20T06:02:29.229+0000] {dag.py:3089} INFO - Sync 1 DAGs
[2026-07-20T06:02:29.261+0000] {logging_mixin.py:188} INFO - [2026-07-20T06:02:29.261+0000] {dag.py:3947} INFO - Setting next_dagrun for example_setup_teardown to 2026-07-19 00:00:00+00:00, run_after=2026-07-20 00:00:00+00:00
[2026-07-20T06:02:29.282+0000] {processor.py:183} INFO - Processing /workspaces/recomart-recommendation-pipeline/airflow_venv/lib/python3.12/site-packages/airflow/example_dags/example_setup_teardown.py took 0.107 seconds
[2026-07-20T06:03:11.965+0000] {processor.py:161} INFO - Started process (PID=60519) to work on /workspaces/recomart-recommendation-pipeline/airflow_venv/lib/python3.12/site-packages/airflow/example_dags/example_setup_teardown.py
[2026-07-20T06:03:11.966+0000] {processor.py:830} INFO - Processing file /workspaces/recomart-recommendation-pipeline/airflow_venv/lib/python3.12/site-packages/airflow/example_dags/example_setup_teardown.py for tasks to queue
[2026-07-20T06:03:11.967+0000] {logging_mixin.py:188} INFO - [2026-07-20T06:03:11.967+0000] {dagbag.py:545} INFO - Filling up the DagBag from /workspaces/recomart-recommendation-pipeline/airflow_venv/lib/python3.12/site-packages/airflow/example_dags/example_setup_teardown.py
[2026-07-20T06:03:11.974+0000] {processor.py:840} INFO - DAG(s) 'example_setup_teardown' retrieved from /workspaces/recomart-recommendation-pipeline/airflow_venv/lib/python3.12/site-packages/airflow/example_dags/example_setup_teardown.py
[2026-07-20T06:03:11.991+0000] {logging_mixin.py:188} INFO - [2026-07-20T06:03:11.990+0000] {dag.py:3089} INFO - Sync 1 DAGs
[2026-07-20T06:03:12.007+0000] {logging_mixin.py:188} INFO - [2026-07-20T06:03:12.007+0000] {dag.py:3947} INFO - Setting next_dagrun for example_setup_teardown to 2026-07-19 00:00:00+00:00, run_after=2026-07-20 00:00:00+00:00
[2026-07-20T06:03:12.027+0000] {processor.py:183} INFO - Processing /workspaces/recomart-recommendation-pipeline/airflow_venv/lib/python3.12/site-packages/airflow/example_dags/example_setup_teardown.py took 0.066 seconds
[2026-07-20T06:03:54.804+0000] {processor.py:161} INFO - Started process (PID=60947) to work on /workspaces/recomart-recommendation-pipeline/airflow_venv/lib/python3.12/site-packages/airflow/example_dags/example_setup_teardown.py
[2026-07-20T06:03:54.805+0000] {processor.py:830} INFO - Processing file /workspaces/recomart-recommendation-pipeline/airflow_venv/lib/python3.12/site-packages/airflow/example_dags/example_setup_teardown.py for tasks to queue
[2026-07-20T06:03:54.806+0000] {logging_mixin.py:188} INFO - [2026-07-20T06:03:54.806+0000] {dagbag.py:545} INFO - Filling up the DagBag from /workspaces/recomart-recommendation-pipeline/airflow_venv/lib/python3.12/site-packages/airflow/example_dags/example_setup_teardown.py
[2026-07-20T06:03:54.812+0000] {processor.py:840} INFO - DAG(s) 'example_setup_teardown' retrieved from /workspaces/recomart-recommendation-pipeline/airflow_venv/lib/python3.12/site-packages/airflow/example_dags/example_setup_teardown.py
[2026-07-20T06:03:54.824+0000] {logging_mixin.py:188} INFO - [2026-07-20T06:03:54.823+0000] {dag.py:3089} INFO - Sync 1 DAGs
[2026-07-20T06:03:54.838+0000] {logging_mixin.py:188} INFO - [2026-07-20T06:03:54.838+0000] {dag.py:3947} INFO - Setting next_dagrun for example_setup_teardown to 2026-07-19 00:00:00+00:00, run_after=2026-07-20 00:00:00+00:00
[2026-07-20T06:03:54.855+0000] {processor.py:183} INFO - Processing /workspaces/recomart-recommendation-pipeline/airflow_venv/lib/python3.12/site-packages/airflow/example_dags/example_setup_teardown.py took 0.055 seconds
[2026-07-20T06:04:38.463+0000] {processor.py:161} INFO - Started process (PID=61319) to work on /workspaces/recomart-recommendation-pipeline/airflow_venv/lib/python3.12/site-packages/airflow/example_dags/example_setup_teardown.py
[2026-07-20T06:04:38.466+0000] {processor.py:830} INFO - Processing file /workspaces/recomart-recommendation-pipeline/airflow_venv/lib/python3.12/site-packages/airflow/example_dags/example_setup_teardown.py for tasks to queue
[2026-07-20T06:04:38.468+0000] {logging_mixin.py:188} INFO - [2026-07-20T06:04:38.467+0000] {dagbag.py:545} INFO - Filling up the DagBag from /workspaces/recomart-recommendation-pipeline/airflow_venv/lib/python3.12/site-packages/airflow/example_dags/example_setup_teardown.py
[2026-07-20T06:04:38.478+0000] {processor.py:840} INFO - DAG(s) 'example_setup_teardown' retrieved from /workspaces/recomart-recommendation-pipeline/airflow_venv/lib/python3.12/site-packages/airflow/example_dags/example_setup_teardown.py
[2026-07-20T06:04:38.502+0000] {logging_mixin.py:188} INFO - [2026-07-20T06:04:38.501+0000] {dag.py:3089} INFO - Sync 1 DAGs
[2026-07-20T06:04:38.525+0000] {logging_mixin.py:188} INFO - [2026-07-20T06:04:38.525+0000] {dag.py:3947} INFO - Setting next_dagrun for example_setup_teardown to 2026-07-19 00:00:00+00:00, run_after=2026-07-20 00:00:00+00:00
[2026-07-20T06:04:38.619+0000] {processor.py:183} INFO - Processing /workspaces/recomart-recommendation-pipeline/airflow_venv/lib/python3.12/site-packages/airflow/example_dags/example_setup_teardown.py took 0.164 seconds
[2026-07-20T06:05:22.731+0000] {processor.py:161} INFO - Started process (PID=61633) to work on /workspaces/recomart-recommendation-pipeline/airflow_venv/lib/python3.12/site-packages/airflow/example_dags/example_setup_teardown.py
[2026-07-20T06:05:22.732+0000] {processor.py:830} INFO - Processing file /workspaces/recomart-recommendation-pipeline/airflow_venv/lib/python3.12/site-packages/airflow/example_dags/example_setup_teardown.py for tasks to queue
[2026-07-20T06:05:22.733+0000] {logging_mixin.py:188} INFO - [2026-07-20T06:05:22.733+0000] {dagbag.py:545} INFO - Filling up the DagBag from /workspaces/recomart-recommendation-pipeline/airflow_venv/lib/python3.12/site-packages/airflow/example_dags/example_setup_teardown.py
[2026-07-20T06:05:22.739+0000] {processor.py:840} INFO - DAG(s) 'example_setup_teardown' retrieved from /workspaces/recomart-recommendation-pipeline/airflow_venv/lib/python3.12/site-packages/airflow/example_dags/example_setup_teardown.py
[2026-07-20T06:05:22.750+0000] {logging_mixin.py:188} INFO - [2026-07-20T06:05:22.750+0000] {dag.py:3089} INFO - Sync 1 DAGs
[2026-07-20T06:05:22.765+0000] {logging_mixin.py:188} INFO - [2026-07-20T06:05:22.765+0000] {dag.py:3947} INFO - Setting next_dagrun for example_setup_teardown to 2026-07-19 00:00:00+00:00, run_after=2026-07-20 00:00:00+00:00
[2026-07-20T06:05:22.885+0000] {processor.py:183} INFO - Processing /workspaces/recomart-recommendation-pipeline/airflow_venv/lib/python3.12/site-packages/airflow/example_dags/example_setup_teardown.py took 0.158 seconds
[2026-07-20T06:06:08.449+0000] {processor.py:161} INFO - Started process (PID=62027) to work on /workspaces/recomart-recommendation-pipeline/airflow_venv/lib/python3.12/site-packages/airflow/example_dags/example_setup_teardown.py
[2026-07-20T06:06:08.450+0000] {processor.py:830} INFO - Processing file /workspaces/recomart-recommendation-pipeline/airflow_venv/lib/python3.12/site-packages/airflow/example_dags/example_setup_teardown.py for tasks to queue
[2026-07-20T06:06:08.451+0000] {logging_mixin.py:188} INFO - [2026-07-20T06:06:08.451+0000] {dagbag.py:545} INFO - Filling up the DagBag from /workspaces/recomart-recommendation-pipeline/airflow_venv/lib/python3.12/site-packages/airflow/example_dags/example_setup_teardown.py
[2026-07-20T06:06:08.457+0000] {processor.py:840} INFO - DAG(s) 'example_setup_teardown' retrieved from /workspaces/recomart-recommendation-pipeline/airflow_venv/lib/python3.12/site-packages/airflow/example_dags/example_setup_teardown.py
[2026-07-20T06:06:08.468+0000] {logging_mixin.py:188} INFO - [2026-07-20T06:06:08.468+0000] {dag.py:3089} INFO - Sync 1 DAGs
[2026-07-20T06:06:08.487+0000] {logging_mixin.py:188} INFO - [2026-07-20T06:06:08.487+0000] {dag.py:3947} INFO - Setting next_dagrun for example_setup_teardown to 2026-07-19 00:00:00+00:00, run_after=2026-07-20 00:00:00+00:00
[2026-07-20T06:06:08.504+0000] {processor.py:183} INFO - Processing /workspaces/recomart-recommendation-pipeline/airflow_venv/lib/python3.12/site-packages/airflow/example_dags/example_setup_teardown.py took 0.059 seconds
[2026-07-20T06:06:56.353+0000] {processor.py:161} INFO - Started process (PID=62436) to work on /workspaces/recomart-recommendation-pipeline/airflow_venv/lib/python3.12/site-packages/airflow/example_dags/example_setup_teardown.py
[2026-07-20T06:06:56.353+0000] {processor.py:830} INFO - Processing file /workspaces/recomart-recommendation-pipeline/airflow_venv/lib/python3.12/site-packages/airflow/example_dags/example_setup_teardown.py for tasks to queue
[2026-07-20T06:06:56.355+0000] {logging_mixin.py:188} INFO - [2026-07-20T06:06:56.354+0000] {dagbag.py:545} INFO - Filling up the DagBag from /workspaces/recomart-recommendation-pipeline/airflow_venv/lib/python3.12/site-packages/airflow/example_dags/example_setup_teardown.py
[2026-07-20T06:06:56.360+0000] {processor.py:840} INFO - DAG(s) 'example_setup_teardown' retrieved from /workspaces/recomart-recommendation-pipeline/airflow_venv/lib/python3.12/site-packages/airflow/example_dags/example_setup_teardown.py
[2026-07-20T06:06:56.462+0000] {logging_mixin.py:188} INFO - [2026-07-20T06:06:56.461+0000] {dag.py:3089} INFO - Sync 1 DAGs
[2026-07-20T06:06:56.476+0000] {logging_mixin.py:188} INFO - [2026-07-20T06:06:56.476+0000] {dag.py:3947} INFO - Setting next_dagrun for example_setup_teardown to 2026-07-19 00:00:00+00:00, run_after=2026-07-20 00:00:00+00:00
[2026-07-20T06:06:56.494+0000] {processor.py:183} INFO - Processing /workspaces/recomart-recommendation-pipeline/airflow_venv/lib/python3.12/site-packages/airflow/example_dags/example_setup_teardown.py took 0.146 seconds
[2026-07-20T06:07:47.602+0000] {processor.py:161} INFO - Started process (PID=62860) to work on /workspaces/recomart-recommendation-pipeline/airflow_venv/lib/python3.12/site-packages/airflow/example_dags/example_setup_teardown.py
[2026-07-20T06:07:47.602+0000] {processor.py:830} INFO - Processing file /workspaces/recomart-recommendation-pipeline/airflow_venv/lib/python3.12/site-packages/airflow/example_dags/example_setup_teardown.py for tasks to queue
[2026-07-20T06:07:47.604+0000] {logging_mixin.py:188} INFO - [2026-07-20T06:07:47.604+0000] {dagbag.py:545} INFO - Filling up the DagBag from /workspaces/recomart-recommendation-pipeline/airflow_venv/lib/python3.12/site-packages/airflow/example_dags/example_setup_teardown.py
[2026-07-20T06:07:47.610+0000] {processor.py:840} INFO - DAG(s) 'example_setup_teardown' retrieved from /workspaces/recomart-recommendation-pipeline/airflow_venv/lib/python3.12/site-packages/airflow/example_dags/example_setup_teardown.py
[2026-07-20T06:07:47.622+0000] {logging_mixin.py:188} INFO - [2026-07-20T06:07:47.622+0000] {dag.py:3089} INFO - Sync 1 DAGs
[2026-07-20T06:07:47.638+0000] {logging_mixin.py:188} INFO - [2026-07-20T06:07:47.638+0000] {dag.py:3947} INFO - Setting next_dagrun for example_setup_teardown to 2026-07-19 00:00:00+00:00, run_after=2026-07-20 00:00:00+00:00
[2026-07-20T06:07:47.656+0000] {processor.py:183} INFO - Processing /workspaces/recomart-recommendation-pipeline/airflow_venv/lib/python3.12/site-packages/airflow/example_dags/example_setup_teardown.py took 0.059 seconds
[2026-07-20T06:09:03.478+0000] {processor.py:161} INFO - Started process (PID=63649) to work on /workspaces/recomart-recommendation-pipeline/airflow_venv/lib/python3.12/site-packages/airflow/example_dags/example_setup_teardown.py
[2026-07-20T06:09:03.479+0000] {processor.py:830} INFO - Processing file /workspaces/recomart-recommendation-pipeline/airflow_venv/lib/python3.12/site-packages/airflow/example_dags/example_setup_teardown.py for tasks to queue
[2026-07-20T06:09:03.480+0000] {logging_mixin.py:188} INFO - [2026-07-20T06:09:03.480+0000] {dagbag.py:545} INFO - Filling up the DagBag from /workspaces/recomart-recommendation-pipeline/airflow_venv/lib/python3.12/site-packages/airflow/example_dags/example_setup_teardown.py
[2026-07-20T06:09:03.487+0000] {processor.py:840} INFO - DAG(s) 'example_setup_teardown' retrieved from /workspaces/recomart-recommendation-pipeline/airflow_venv/lib/python3.12/site-packages/airflow/example_dags/example_setup_teardown.py
[2026-07-20T06:09:03.570+0000] {logging_mixin.py:188} INFO - [2026-07-20T06:09:03.570+0000] {dag.py:3089} INFO - Sync 1 DAGs
[2026-07-20T06:09:03.591+0000] {logging_mixin.py:188} INFO - [2026-07-20T06:09:03.591+0000] {dag.py:3947} INFO - Setting next_dagrun for example_setup_teardown to 2026-07-19 00:00:00+00:00, run_after=2026-07-20 00:00:00+00:00
[2026-07-20T06:09:03.608+0000] {processor.py:183} INFO - Processing /workspaces/recomart-recommendation-pipeline/airflow_venv/lib/python3.12/site-packages/airflow/example_dags/example_setup_teardown.py took 0.136 seconds
[2026-07-20T06:10:00.359+0000] {processor.py:161} INFO - Started process (PID=64127) to work on /workspaces/recomart-recommendation-pipeline/airflow_venv/lib/python3.12/site-packages/airflow/example_dags/example_setup_teardown.py
[2026-07-20T06:10:00.360+0000] {processor.py:830} INFO - Processing file /workspaces/recomart-recommendation-pipeline/airflow_venv/lib/python3.12/site-packages/airflow/example_dags/example_setup_teardown.py for tasks to queue
[2026-07-20T06:10:00.361+0000] {logging_mixin.py:188} INFO - [2026-07-20T06:10:00.361+0000] {dagbag.py:545} INFO - Filling up the DagBag from /workspaces/recomart-recommendation-pipeline/airflow_venv/lib/python3.12/site-packages/airflow/example_dags/example_setup_teardown.py
[2026-07-20T06:10:00.366+0000] {processor.py:840} INFO - DAG(s) 'example_setup_teardown' retrieved from /workspaces/recomart-recommendation-pipeline/airflow_venv/lib/python3.12/site-packages/airflow/example_dags/example_setup_teardown.py
[2026-07-20T06:10:00.384+0000] {logging_mixin.py:188} INFO - [2026-07-20T06:10:00.384+0000] {dag.py:3089} INFO - Sync 1 DAGs
[2026-07-20T06:10:00.404+0000] {logging_mixin.py:188} INFO - [2026-07-20T06:10:00.404+0000] {dag.py:3947} INFO - Setting next_dagrun for example_setup_teardown to 2026-07-19 00:00:00+00:00, run_after=2026-07-20 00:00:00+00:00
[2026-07-20T06:10:00.421+0000] {processor.py:183} INFO - Processing /workspaces/recomart-recommendation-pipeline/airflow_venv/lib/python3.12/site-packages/airflow/example_dags/example_setup_teardown.py took 0.066 seconds
[2026-07-20T06:10:51.141+0000] {processor.py:161} INFO - Started process (PID=64532) to work on /workspaces/recomart-recommendation-pipeline/airflow_venv/lib/python3.12/site-packages/airflow/example_dags/example_setup_teardown.py
[2026-07-20T06:10:51.142+0000] {processor.py:830} INFO - Processing file /workspaces/recomart-recommendation-pipeline/airflow_venv/lib/python3.12/site-packages/airflow/example_dags/example_setup_teardown.py for tasks to queue
[2026-07-20T06:10:51.143+0000] {logging_mixin.py:188} INFO - [2026-07-20T06:10:51.143+0000] {dagbag.py:545} INFO - Filling up the DagBag from /workspaces/recomart-recommendation-pipeline/airflow_venv/lib/python3.12/site-packages/airflow/example_dags/example_setup_teardown.py
[2026-07-20T06:10:51.151+0000] {processor.py:840} INFO - DAG(s) 'example_setup_teardown' retrieved from /workspaces/recomart-recommendation-pipeline/airflow_venv/lib/python3.12/site-packages/airflow/example_dags/example_setup_teardown.py
[2026-07-20T06:10:51.172+0000] {logging_mixin.py:188} INFO - [2026-07-20T06:10:51.172+0000] {dag.py:3089} INFO - Sync 1 DAGs
[2026-07-20T06:10:51.197+0000] {logging_mixin.py:188} INFO - [2026-07-20T06:10:51.197+0000] {dag.py:3947} INFO - Setting next_dagrun for example_setup_teardown to 2026-07-19 00:00:00+00:00, run_after=2026-07-20 00:00:00+00:00
[2026-07-20T06:10:51.228+0000] {processor.py:183} INFO - Processing /workspaces/recomart-recommendation-pipeline/airflow_venv/lib/python3.12/site-packages/airflow/example_dags/example_setup_teardown.py took 0.091 seconds
[2026-07-20T06:11:39.474+0000] {processor.py:161} INFO - Started process (PID=65067) to work on /workspaces/recomart-recommendation-pipeline/airflow_venv/lib/python3.12/site-packages/airflow/example_dags/example_setup_teardown.py
[2026-07-20T06:11:39.475+0000] {processor.py:830} INFO - Processing file /workspaces/recomart-recommendation-pipeline/airflow_venv/lib/python3.12/site-packages/airflow/example_dags/example_setup_teardown.py for tasks to queue
[2026-07-20T06:11:39.477+0000] {logging_mixin.py:188} INFO - [2026-07-20T06:11:39.476+0000] {dagbag.py:545} INFO - Filling up the DagBag from /workspaces/recomart-recommendation-pipeline/airflow_venv/lib/python3.12/site-packages/airflow/example_dags/example_setup_teardown.py
[2026-07-20T06:11:39.484+0000] {processor.py:840} INFO - DAG(s) 'example_setup_teardown' retrieved from /workspaces/recomart-recommendation-pipeline/airflow_venv/lib/python3.12/site-packages/airflow/example_dags/example_setup_teardown.py
[2026-07-20T06:11:39.497+0000] {logging_mixin.py:188} INFO - [2026-07-20T06:11:39.497+0000] {dag.py:3089} INFO - Sync 1 DAGs
[2026-07-20T06:11:39.513+0000] {logging_mixin.py:188} INFO - [2026-07-20T06:11:39.513+0000] {dag.py:3947} INFO - Setting next_dagrun for example_setup_teardown to 2026-07-19 00:00:00+00:00, run_after=2026-07-20 00:00:00+00:00
[2026-07-20T06:11:39.530+0000] {processor.py:183} INFO - Processing /workspaces/recomart-recommendation-pipeline/airflow_venv/lib/python3.12/site-packages/airflow/example_dags/example_setup_teardown.py took 0.062 seconds
[2026-07-20T06:12:21.057+0000] {processor.py:161} INFO - Started process (PID=65429) to work on /workspaces/recomart-recommendation-pipeline/airflow_venv/lib/python3.12/site-packages/airflow/example_dags/example_setup_teardown.py
[2026-07-20T06:12:21.058+0000] {processor.py:830} INFO - Processing file /workspaces/recomart-recommendation-pipeline/airflow_venv/lib/python3.12/site-packages/airflow/example_dags/example_setup_teardown.py for tasks to queue
[2026-07-20T06:12:21.059+0000] {logging_mixin.py:188} INFO - [2026-07-20T06:12:21.059+0000] {dagbag.py:545} INFO - Filling up the DagBag from /workspaces/recomart-recommendation-pipeline/airflow_venv/lib/python3.12/site-packages/airflow/example_dags/example_setup_teardown.py
[2026-07-20T06:12:21.064+0000] {processor.py:840} INFO - DAG(s) 'example_setup_teardown' retrieved from /workspaces/recomart-recommendation-pipeline/airflow_venv/lib/python3.12/site-packages/airflow/example_dags/example_setup_teardown.py
[2026-07-20T06:12:21.079+0000] {logging_mixin.py:188} INFO - [2026-07-20T06:12:21.079+0000] {dag.py:3089} INFO - Sync 1 DAGs
[2026-07-20T06:12:21.099+0000] {logging_mixin.py:188} INFO - [2026-07-20T06:12:21.099+0000] {dag.py:3947} INFO - Setting next_dagrun for example_setup_teardown to 2026-07-19 00:00:00+00:00, run_after=2026-07-20 00:00:00+00:00
[2026-07-20T06:12:21.120+0000] {processor.py:183} INFO - Processing /workspaces/recomart-recommendation-pipeline/airflow_venv/lib/python3.12/site-packages/airflow/example_dags/example_setup_teardown.py took 0.067 seconds
[2026-07-20T06:13:04.729+0000] {processor.py:161} INFO - Started process (PID=65817) to work on /workspaces/recomart-recommendation-pipeline/airflow_venv/lib/python3.12/site-packages/airflow/example_dags/example_setup_teardown.py
[2026-07-20T06:13:04.731+0000] {processor.py:830} INFO - Processing file /workspaces/recomart-recommendation-pipeline/airflow_venv/lib/python3.12/site-packages/airflow/example_dags/example_setup_teardown.py for tasks to queue
[2026-07-20T06:13:04.734+0000] {logging_mixin.py:188} INFO - [2026-07-20T06:13:04.733+0000] {dagbag.py:545} INFO - Filling up the DagBag from /workspaces/recomart-recommendation-pipeline/airflow_venv/lib/python3.12/site-packages/airflow/example_dags/example_setup_teardown.py
[2026-07-20T06:13:04.740+0000] {processor.py:840} INFO - DAG(s) 'example_setup_teardown' retrieved from /workspaces/recomart-recommendation-pipeline/airflow_venv/lib/python3.12/site-packages/airflow/example_dags/example_setup_teardown.py
[2026-07-20T06:13:04.752+0000] {logging_mixin.py:188} INFO - [2026-07-20T06:13:04.752+0000] {dag.py:3089} INFO - Sync 1 DAGs
[2026-07-20T06:13:04.768+0000] {logging_mixin.py:188} INFO - [2026-07-20T06:13:04.768+0000] {dag.py:3947} INFO - Setting next_dagrun for example_setup_teardown to 2026-07-19 00:00:00+00:00, run_after=2026-07-20 00:00:00+00:00
[2026-07-20T06:13:04.789+0000] {processor.py:183} INFO - Processing /workspaces/recomart-recommendation-pipeline/airflow_venv/lib/python3.12/site-packages/airflow/example_dags/example_setup_teardown.py took 0.070 seconds
[2026-07-20T06:13:49.494+0000] {processor.py:161} INFO - Started process (PID=66245) to work on /workspaces/recomart-recommendation-pipeline/airflow_venv/lib/python3.12/site-packages/airflow/example_dags/example_setup_teardown.py
[2026-07-20T06:13:49.496+0000] {processor.py:830} INFO - Processing file /workspaces/recomart-recommendation-pipeline/airflow_venv/lib/python3.12/site-packages/airflow/example_dags/example_setup_teardown.py for tasks to queue
[2026-07-20T06:13:49.499+0000] {logging_mixin.py:188} INFO - [2026-07-20T06:13:49.499+0000] {dagbag.py:545} INFO - Filling up the DagBag from /workspaces/recomart-recommendation-pipeline/airflow_venv/lib/python3.12/site-packages/airflow/example_dags/example_setup_teardown.py
[2026-07-20T06:13:49.511+0000] {processor.py:840} INFO - DAG(s) 'example_setup_teardown' retrieved from /workspaces/recomart-recommendation-pipeline/airflow_venv/lib/python3.12/site-packages/airflow/example_dags/example_setup_teardown.py
[2026-07-20T06:13:49.529+0000] {logging_mixin.py:188} INFO - [2026-07-20T06:13:49.529+0000] {dag.py:3089} INFO - Sync 1 DAGs
[2026-07-20T06:13:49.551+0000] {logging_mixin.py:188} INFO - [2026-07-20T06:13:49.551+0000] {dag.py:3947} INFO - Setting next_dagrun for example_setup_teardown to 2026-07-19 00:00:00+00:00, run_after=2026-07-20 00:00:00+00:00
[2026-07-20T06:13:49.573+0000] {processor.py:183} INFO - Processing /workspaces/recomart-recommendation-pipeline/airflow_venv/lib/python3.12/site-packages/airflow/example_dags/example_setup_teardown.py took 0.087 seconds
[2026-07-20T06:14:36.135+0000] {processor.py:161} INFO - Started process (PID=66807) to work on /workspaces/recomart-recommendation-pipeline/airflow_venv/lib/python3.12/site-packages/airflow/example_dags/example_setup_teardown.py
[2026-07-20T06:14:36.135+0000] {processor.py:830} INFO - Processing file /workspaces/recomart-recommendation-pipeline/airflow_venv/lib/python3.12/site-packages/airflow/example_dags/example_setup_teardown.py for tasks to queue
[2026-07-20T06:14:36.137+0000] {logging_mixin.py:188} INFO - [2026-07-20T06:14:36.137+0000] {dagbag.py:545} INFO - Filling up the DagBag from /workspaces/recomart-recommendation-pipeline/airflow_venv/lib/python3.12/site-packages/airflow/example_dags/example_setup_teardown.py
[2026-07-20T06:14:36.145+0000] {processor.py:840} INFO - DAG(s) 'example_setup_teardown' retrieved from /workspaces/recomart-recommendation-pipeline/airflow_venv/lib/python3.12/site-packages/airflow/example_dags/example_setup_teardown.py
[2026-07-20T06:14:36.164+0000] {logging_mixin.py:188} INFO - [2026-07-20T06:14:36.163+0000] {dag.py:3089} INFO - Sync 1 DAGs
[2026-07-20T06:14:36.186+0000] {logging_mixin.py:188} INFO - [2026-07-20T06:14:36.186+0000] {dag.py:3947} INFO - Setting next_dagrun for example_setup_teardown to 2026-07-19 00:00:00+00:00, run_after=2026-07-20 00:00:00+00:00
[2026-07-20T06:14:36.209+0000] {processor.py:183} INFO - Processing /workspaces/recomart-recommendation-pipeline/airflow_venv/lib/python3.12/site-packages/airflow/example_dags/example_setup_teardown.py took 0.080 seconds
[2026-07-20T06:15:19.971+0000] {processor.py:161} INFO - Started process (PID=67257) to work on /workspaces/recomart-recommendation-pipeline/airflow_venv/lib/python3.12/site-packages/airflow/example_dags/example_setup_teardown.py
[2026-07-20T06:15:19.972+0000] {processor.py:830} INFO - Processing file /workspaces/recomart-recommendation-pipeline/airflow_venv/lib/python3.12/site-packages/airflow/example_dags/example_setup_teardown.py for tasks to queue
[2026-07-20T06:15:19.974+0000] {logging_mixin.py:188} INFO - [2026-07-20T06:15:19.973+0000] {dagbag.py:545} INFO - Filling up the DagBag from /workspaces/recomart-recommendation-pipeline/airflow_venv/lib/python3.12/site-packages/airflow/example_dags/example_setup_teardown.py
[2026-07-20T06:15:19.981+0000] {processor.py:840} INFO - DAG(s) 'example_setup_teardown' retrieved from /workspaces/recomart-recommendation-pipeline/airflow_venv/lib/python3.12/site-packages/airflow/example_dags/example_setup_teardown.py
[2026-07-20T06:15:19.995+0000] {logging_mixin.py:188} INFO - [2026-07-20T06:15:19.995+0000] {dag.py:3089} INFO - Sync 1 DAGs
[2026-07-20T06:15:20.113+0000] {logging_mixin.py:188} INFO - [2026-07-20T06:15:20.113+0000] {dag.py:3947} INFO - Setting next_dagrun for example_setup_teardown to 2026-07-19 00:00:00+00:00, run_after=2026-07-20 00:00:00+00:00
[2026-07-20T06:15:20.129+0000] {processor.py:183} INFO - Processing /workspaces/recomart-recommendation-pipeline/airflow_venv/lib/python3.12/site-packages/airflow/example_dags/example_setup_teardown.py took 0.163 seconds
[2026-07-20T06:31:05.729+0000] {processor.py:161} INFO - Started process (PID=73701) to work on /workspaces/recomart-recommendation-pipeline/airflow_venv/lib/python3.12/site-packages/airflow/example_dags/example_setup_teardown.py
[2026-07-20T06:31:05.730+0000] {processor.py:830} INFO - Processing file /workspaces/recomart-recommendation-pipeline/airflow_venv/lib/python3.12/site-packages/airflow/example_dags/example_setup_teardown.py for tasks to queue
[2026-07-20T06:31:05.732+0000] {logging_mixin.py:188} INFO - [2026-07-20T06:31:05.731+0000] {dagbag.py:545} INFO - Filling up the DagBag from /workspaces/recomart-recommendation-pipeline/airflow_venv/lib/python3.12/site-packages/airflow/example_dags/example_setup_teardown.py
[2026-07-20T06:31:05.737+0000] {processor.py:840} INFO - DAG(s) 'example_setup_teardown' retrieved from /workspaces/recomart-recommendation-pipeline/airflow_venv/lib/python3.12/site-packages/airflow/example_dags/example_setup_teardown.py
[2026-07-20T06:31:05.927+0000] {logging_mixin.py:188} INFO - [2026-07-20T06:31:05.927+0000] {dag.py:3089} INFO - Sync 1 DAGs
[2026-07-20T06:31:05.960+0000] {logging_mixin.py:188} INFO - [2026-07-20T06:31:05.960+0000] {dag.py:3947} INFO - Setting next_dagrun for example_setup_teardown to 2026-07-19 00:00:00+00:00, run_after=2026-07-20 00:00:00+00:00
[2026-07-20T06:31:05.988+0000] {processor.py:183} INFO - Processing /workspaces/recomart-recommendation-pipeline/airflow_venv/lib/python3.12/site-packages/airflow/example_dags/example_setup_teardown.py took 0.263 seconds
[2026-07-20T06:32:01.638+0000] {processor.py:161} INFO - Started process (PID=74231) to work on /workspaces/recomart-recommendation-pipeline/airflow_venv/lib/python3.12/site-packages/airflow/example_dags/example_setup_teardown.py
[2026-07-20T06:32:01.638+0000] {processor.py:830} INFO - Processing file /workspaces/recomart-recommendation-pipeline/airflow_venv/lib/python3.12/site-packages/airflow/example_dags/example_setup_teardown.py for tasks to queue
[2026-07-20T06:32:01.640+0000] {logging_mixin.py:188} INFO - [2026-07-20T06:32:01.639+0000] {dagbag.py:545} INFO - Filling up the DagBag from /workspaces/recomart-recommendation-pipeline/airflow_venv/lib/python3.12/site-packages/airflow/example_dags/example_setup_teardown.py
[2026-07-20T06:32:01.649+0000] {processor.py:840} INFO - DAG(s) 'example_setup_teardown' retrieved from /workspaces/recomart-recommendation-pipeline/airflow_venv/lib/python3.12/site-packages/airflow/example_dags/example_setup_teardown.py
[2026-07-20T06:32:01.675+0000] {logging_mixin.py:188} INFO - [2026-07-20T06:32:01.675+0000] {dag.py:3089} INFO - Sync 1 DAGs
[2026-07-20T06:32:01.726+0000] {logging_mixin.py:188} INFO - [2026-07-20T06:32:01.725+0000] {dag.py:3947} INFO - Setting next_dagrun for example_setup_teardown to 2026-07-19 00:00:00+00:00, run_after=2026-07-20 00:00:00+00:00
[2026-07-20T06:32:01.768+0000] {processor.py:183} INFO - Processing /workspaces/recomart-recommendation-pipeline/airflow_venv/lib/python3.12/site-packages/airflow/example_dags/example_setup_teardown.py took 0.135 seconds
[2026-07-20T06:32:53.022+0000] {processor.py:161} INFO - Started process (PID=74909) to work on /workspaces/recomart-recommendation-pipeline/airflow_venv/lib/python3.12/site-packages/airflow/example_dags/example_setup_teardown.py
[2026-07-20T06:32:53.023+0000] {processor.py:830} INFO - Processing file /workspaces/recomart-recommendation-pipeline/airflow_venv/lib/python3.12/site-packages/airflow/example_dags/example_setup_teardown.py for tasks to queue
[2026-07-20T06:32:53.025+0000] {logging_mixin.py:188} INFO - [2026-07-20T06:32:53.025+0000] {dagbag.py:545} INFO - Filling up the DagBag from /workspaces/recomart-recommendation-pipeline/airflow_venv/lib/python3.12/site-packages/airflow/example_dags/example_setup_teardown.py
[2026-07-20T06:32:53.033+0000] {processor.py:840} INFO - DAG(s) 'example_setup_teardown' retrieved from /workspaces/recomart-recommendation-pipeline/airflow_venv/lib/python3.12/site-packages/airflow/example_dags/example_setup_teardown.py
[2026-07-20T06:32:53.055+0000] {logging_mixin.py:188} INFO - [2026-07-20T06:32:53.055+0000] {dag.py:3089} INFO - Sync 1 DAGs
[2026-07-20T06:32:53.080+0000] {logging_mixin.py:188} INFO - [2026-07-20T06:32:53.080+0000] {dag.py:3947} INFO - Setting next_dagrun for example_setup_teardown to 2026-07-19 00:00:00+00:00, run_after=2026-07-20 00:00:00+00:00
[2026-07-20T06:32:53.126+0000] {processor.py:183} INFO - Processing /workspaces/recomart-recommendation-pipeline/airflow_venv/lib/python3.12/site-packages/airflow/example_dags/example_setup_teardown.py took 0.110 seconds
[2026-07-20T06:34:14.235+0000] {processor.py:161} INFO - Started process (PID=75972) to work on /workspaces/recomart-recommendation-pipeline/airflow_venv/lib/python3.12/site-packages/airflow/example_dags/example_setup_teardown.py
[2026-07-20T06:34:14.236+0000] {processor.py:830} INFO - Processing file /workspaces/recomart-recommendation-pipeline/airflow_venv/lib/python3.12/site-packages/airflow/example_dags/example_setup_teardown.py for tasks to queue
[2026-07-20T06:34:14.237+0000] {logging_mixin.py:188} INFO - [2026-07-20T06:34:14.237+0000] {dagbag.py:545} INFO - Filling up the DagBag from /workspaces/recomart-recommendation-pipeline/airflow_venv/lib/python3.12/site-packages/airflow/example_dags/example_setup_teardown.py
[2026-07-20T06:34:14.242+0000] {processor.py:840} INFO - DAG(s) 'example_setup_teardown' retrieved from /workspaces/recomart-recommendation-pipeline/airflow_venv/lib/python3.12/site-packages/airflow/example_dags/example_setup_teardown.py
[2026-07-20T06:34:14.254+0000] {logging_mixin.py:188} INFO - [2026-07-20T06:34:14.254+0000] {dag.py:3089} INFO - Sync 1 DAGs
[2026-07-20T06:34:14.269+0000] {logging_mixin.py:188} INFO - [2026-07-20T06:34:14.269+0000] {dag.py:3947} INFO - Setting next_dagrun for example_setup_teardown to 2026-07-19 00:00:00+00:00, run_after=2026-07-20 00:00:00+00:00
[2026-07-20T06:34:14.291+0000] {processor.py:183} INFO - Processing /workspaces/recomart-recommendation-pipeline/airflow_venv/lib/python3.12/site-packages/airflow/example_dags/example_setup_teardown.py took 0.061 seconds
[2026-07-20T06:35:12.843+0000] {processor.py:161} INFO - Started process (PID=77074) to work on /workspaces/recomart-recommendation-pipeline/airflow_venv/lib/python3.12/site-packages/airflow/example_dags/example_setup_teardown.py
[2026-07-20T06:35:12.844+0000] {processor.py:830} INFO - Processing file /workspaces/recomart-recommendation-pipeline/airflow_venv/lib/python3.12/site-packages/airflow/example_dags/example_setup_teardown.py for tasks to queue
[2026-07-20T06:35:12.845+0000] {logging_mixin.py:188} INFO - [2026-07-20T06:35:12.845+0000] {dagbag.py:545} INFO - Filling up the DagBag from /workspaces/recomart-recommendation-pipeline/airflow_venv/lib/python3.12/site-packages/airflow/example_dags/example_setup_teardown.py
[2026-07-20T06:35:12.850+0000] {processor.py:840} INFO - DAG(s) 'example_setup_teardown' retrieved from /workspaces/recomart-recommendation-pipeline/airflow_venv/lib/python3.12/site-packages/airflow/example_dags/example_setup_teardown.py
[2026-07-20T06:35:12.862+0000] {logging_mixin.py:188} INFO - [2026-07-20T06:35:12.861+0000] {dag.py:3089} INFO - Sync 1 DAGs
[2026-07-20T06:35:12.876+0000] {logging_mixin.py:188} INFO - [2026-07-20T06:35:12.876+0000] {dag.py:3947} INFO - Setting next_dagrun for example_setup_teardown to 2026-07-19 00:00:00+00:00, run_after=2026-07-20 00:00:00+00:00
[2026-07-20T06:35:12.893+0000] {processor.py:183} INFO - Processing /workspaces/recomart-recommendation-pipeline/airflow_venv/lib/python3.12/site-packages/airflow/example_dags/example_setup_teardown.py took 0.054 seconds
[2026-07-20T06:36:00.429+0000] {processor.py:161} INFO - Started process (PID=78032) to work on /workspaces/recomart-recommendation-pipeline/airflow_venv/lib/python3.12/site-packages/airflow/example_dags/example_setup_teardown.py
[2026-07-20T06:36:00.440+0000] {processor.py:830} INFO - Processing file /workspaces/recomart-recommendation-pipeline/airflow_venv/lib/python3.12/site-packages/airflow/example_dags/example_setup_teardown.py for tasks to queue
[2026-07-20T06:36:00.466+0000] {logging_mixin.py:188} INFO - [2026-07-20T06:36:00.453+0000] {dagbag.py:545} INFO - Filling up the DagBag from /workspaces/recomart-recommendation-pipeline/airflow_venv/lib/python3.12/site-packages/airflow/example_dags/example_setup_teardown.py
[2026-07-20T06:36:00.490+0000] {processor.py:840} INFO - DAG(s) 'example_setup_teardown' retrieved from /workspaces/recomart-recommendation-pipeline/airflow_venv/lib/python3.12/site-packages/airflow/example_dags/example_setup_teardown.py
[2026-07-20T06:36:00.511+0000] {logging_mixin.py:188} INFO - [2026-07-20T06:36:00.511+0000] {dag.py:3089} INFO - Sync 1 DAGs
[2026-07-20T06:36:00.534+0000] {logging_mixin.py:188} INFO - [2026-07-20T06:36:00.534+0000] {dag.py:3947} INFO - Setting next_dagrun for example_setup_teardown to 2026-07-19 00:00:00+00:00, run_after=2026-07-20 00:00:00+00:00
[2026-07-20T06:36:00.569+0000] {processor.py:183} INFO - Processing /workspaces/recomart-recommendation-pipeline/airflow_venv/lib/python3.12/site-packages/airflow/example_dags/example_setup_teardown.py took 0.168 seconds
[2026-07-20T06:36:55.864+0000] {processor.py:161} INFO - Started process (PID=78816) to work on /workspaces/recomart-recommendation-pipeline/airflow_venv/lib/python3.12/site-packages/airflow/example_dags/example_setup_teardown.py
[2026-07-20T06:36:55.865+0000] {processor.py:830} INFO - Processing file /workspaces/recomart-recommendation-pipeline/airflow_venv/lib/python3.12/site-packages/airflow/example_dags/example_setup_teardown.py for tasks to queue
[2026-07-20T06:36:55.866+0000] {logging_mixin.py:188} INFO - [2026-07-20T06:36:55.866+0000] {dagbag.py:545} INFO - Filling up the DagBag from /workspaces/recomart-recommendation-pipeline/airflow_venv/lib/python3.12/site-packages/airflow/example_dags/example_setup_teardown.py
[2026-07-20T06:36:55.872+0000] {processor.py:840} INFO - DAG(s) 'example_setup_teardown' retrieved from /workspaces/recomart-recommendation-pipeline/airflow_venv/lib/python3.12/site-packages/airflow/example_dags/example_setup_teardown.py
[2026-07-20T06:36:55.886+0000] {logging_mixin.py:188} INFO - [2026-07-20T06:36:55.886+0000] {dag.py:3089} INFO - Sync 1 DAGs
[2026-07-20T06:36:55.902+0000] {logging_mixin.py:188} INFO - [2026-07-20T06:36:55.902+0000] {dag.py:3947} INFO - Setting next_dagrun for example_setup_teardown to 2026-07-19 00:00:00+00:00, run_after=2026-07-20 00:00:00+00:00
[2026-07-20T06:36:56.021+0000] {processor.py:183} INFO - Processing /workspaces/recomart-recommendation-pipeline/airflow_venv/lib/python3.12/site-packages/airflow/example_dags/example_setup_teardown.py took 0.161 seconds
[2026-07-20T06:37:40.583+0000] {processor.py:161} INFO - Started process (PID=79159) to work on /workspaces/recomart-recommendation-pipeline/airflow_venv/lib/python3.12/site-packages/airflow/example_dags/example_setup_teardown.py
[2026-07-20T06:37:40.584+0000] {processor.py:830} INFO - Processing file /workspaces/recomart-recommendation-pipeline/airflow_venv/lib/python3.12/site-packages/airflow/example_dags/example_setup_teardown.py for tasks to queue
[2026-07-20T06:37:40.585+0000] {logging_mixin.py:188} INFO - [2026-07-20T06:37:40.585+0000] {dagbag.py:545} INFO - Filling up the DagBag from /workspaces/recomart-recommendation-pipeline/airflow_venv/lib/python3.12/site-packages/airflow/example_dags/example_setup_teardown.py
[2026-07-20T06:37:40.590+0000] {processor.py:840} INFO - DAG(s) 'example_setup_teardown' retrieved from /workspaces/recomart-recommendation-pipeline/airflow_venv/lib/python3.12/site-packages/airflow/example_dags/example_setup_teardown.py
[2026-07-20T06:37:40.603+0000] {logging_mixin.py:188} INFO - [2026-07-20T06:37:40.603+0000] {dag.py:3089} INFO - Sync 1 DAGs
[2026-07-20T06:37:40.620+0000] {logging_mixin.py:188} INFO - [2026-07-20T06:37:40.620+0000] {dag.py:3947} INFO - Setting next_dagrun for example_setup_teardown to 2026-07-19 00:00:00+00:00, run_after=2026-07-20 00:00:00+00:00
[2026-07-20T06:37:40.637+0000] {processor.py:183} INFO - Processing /workspaces/recomart-recommendation-pipeline/airflow_venv/lib/python3.12/site-packages/airflow/example_dags/example_setup_teardown.py took 0.058 seconds
[2026-07-20T06:38:28.626+0000] {processor.py:161} INFO - Started process (PID=79548) to work on /workspaces/recomart-recommendation-pipeline/airflow_venv/lib/python3.12/site-packages/airflow/example_dags/example_setup_teardown.py
[2026-07-20T06:38:28.627+0000] {processor.py:830} INFO - Processing file /workspaces/recomart-recommendation-pipeline/airflow_venv/lib/python3.12/site-packages/airflow/example_dags/example_setup_teardown.py for tasks to queue
[2026-07-20T06:38:28.628+0000] {logging_mixin.py:188} INFO - [2026-07-20T06:38:28.628+0000] {dagbag.py:545} INFO - Filling up the DagBag from /workspaces/recomart-recommendation-pipeline/airflow_venv/lib/python3.12/site-packages/airflow/example_dags/example_setup_teardown.py
[2026-07-20T06:38:28.633+0000] {processor.py:840} INFO - DAG(s) 'example_setup_teardown' retrieved from /workspaces/recomart-recommendation-pipeline/airflow_venv/lib/python3.12/site-packages/airflow/example_dags/example_setup_teardown.py
[2026-07-20T06:38:28.645+0000] {logging_mixin.py:188} INFO - [2026-07-20T06:38:28.645+0000] {dag.py:3089} INFO - Sync 1 DAGs
[2026-07-20T06:38:28.750+0000] {logging_mixin.py:188} INFO - [2026-07-20T06:38:28.750+0000] {dag.py:3947} INFO - Setting next_dagrun for example_setup_teardown to 2026-07-19 00:00:00+00:00, run_after=2026-07-20 00:00:00+00:00
[2026-07-20T06:38:28.768+0000] {processor.py:183} INFO - Processing /workspaces/recomart-recommendation-pipeline/airflow_venv/lib/python3.12/site-packages/airflow/example_dags/example_setup_teardown.py took 0.145 seconds
[2026-07-20T06:39:16.774+0000] {processor.py:161} INFO - Started process (PID=79941) to work on /workspaces/recomart-recommendation-pipeline/airflow_venv/lib/python3.12/site-packages/airflow/example_dags/example_setup_teardown.py
[2026-07-20T06:39:16.775+0000] {processor.py:830} INFO - Processing file /workspaces/recomart-recommendation-pipeline/airflow_venv/lib/python3.12/site-packages/airflow/example_dags/example_setup_teardown.py for tasks to queue
[2026-07-20T06:39:16.777+0000] {logging_mixin.py:188} INFO - [2026-07-20T06:39:16.777+0000] {dagbag.py:545} INFO - Filling up the DagBag from /workspaces/recomart-recommendation-pipeline/airflow_venv/lib/python3.12/site-packages/airflow/example_dags/example_setup_teardown.py
[2026-07-20T06:39:16.783+0000] {processor.py:840} INFO - DAG(s) 'example_setup_teardown' retrieved from /workspaces/recomart-recommendation-pipeline/airflow_venv/lib/python3.12/site-packages/airflow/example_dags/example_setup_teardown.py
[2026-07-20T06:39:16.798+0000] {logging_mixin.py:188} INFO - [2026-07-20T06:39:16.798+0000] {dag.py:3089} INFO - Sync 1 DAGs
[2026-07-20T06:39:16.814+0000] {logging_mixin.py:188} INFO - [2026-07-20T06:39:16.814+0000] {dag.py:3947} INFO - Setting next_dagrun for example_setup_teardown to 2026-07-19 00:00:00+00:00, run_after=2026-07-20 00:00:00+00:00
[2026-07-20T06:39:16.831+0000] {processor.py:183} INFO - Processing /workspaces/recomart-recommendation-pipeline/airflow_venv/lib/python3.12/site-packages/airflow/example_dags/example_setup_teardown.py took 0.062 seconds
[2026-07-20T06:40:04.089+0000] {processor.py:161} INFO - Started process (PID=80349) to work on /workspaces/recomart-recommendation-pipeline/airflow_venv/lib/python3.12/site-packages/airflow/example_dags/example_setup_teardown.py
[2026-07-20T06:40:04.090+0000] {processor.py:830} INFO - Processing file /workspaces/recomart-recommendation-pipeline/airflow_venv/lib/python3.12/site-packages/airflow/example_dags/example_setup_teardown.py for tasks to queue
[2026-07-20T06:40:04.091+0000] {logging_mixin.py:188} INFO - [2026-07-20T06:40:04.091+0000] {dagbag.py:545} INFO - Filling up the DagBag from /workspaces/recomart-recommendation-pipeline/airflow_venv/lib/python3.12/site-packages/airflow/example_dags/example_setup_teardown.py
[2026-07-20T06:40:04.096+0000] {processor.py:840} INFO - DAG(s) 'example_setup_teardown' retrieved from /workspaces/recomart-recommendation-pipeline/airflow_venv/lib/python3.12/site-packages/airflow/example_dags/example_setup_teardown.py
[2026-07-20T06:40:04.210+0000] {logging_mixin.py:188} INFO - [2026-07-20T06:40:04.210+0000] {dag.py:3089} INFO - Sync 1 DAGs
[2026-07-20T06:40:04.223+0000] {logging_mixin.py:188} INFO - [2026-07-20T06:40:04.223+0000] {dag.py:3947} INFO - Setting next_dagrun for example_setup_teardown to 2026-07-19 00:00:00+00:00, run_after=2026-07-20 00:00:00+00:00
[2026-07-20T06:40:04.239+0000] {processor.py:183} INFO - Processing /workspaces/recomart-recommendation-pipeline/airflow_venv/lib/python3.12/site-packages/airflow/example_dags/example_setup_teardown.py took 0.156 seconds
[2026-07-20T06:40:54.457+0000] {processor.py:161} INFO - Started process (PID=80839) to work on /workspaces/recomart-recommendation-pipeline/airflow_venv/lib/python3.12/site-packages/airflow/example_dags/example_setup_teardown.py
[2026-07-20T06:40:54.458+0000] {processor.py:830} INFO - Processing file /workspaces/recomart-recommendation-pipeline/airflow_venv/lib/python3.12/site-packages/airflow/example_dags/example_setup_teardown.py for tasks to queue
[2026-07-20T06:40:54.459+0000] {logging_mixin.py:188} INFO - [2026-07-20T06:40:54.459+0000] {dagbag.py:545} INFO - Filling up the DagBag from /workspaces/recomart-recommendation-pipeline/airflow_venv/lib/python3.12/site-packages/airflow/example_dags/example_setup_teardown.py
[2026-07-20T06:40:54.465+0000] {processor.py:840} INFO - DAG(s) 'example_setup_teardown' retrieved from /workspaces/recomart-recommendation-pipeline/airflow_venv/lib/python3.12/site-packages/airflow/example_dags/example_setup_teardown.py
[2026-07-20T06:40:54.479+0000] {logging_mixin.py:188} INFO - [2026-07-20T06:40:54.479+0000] {dag.py:3089} INFO - Sync 1 DAGs
[2026-07-20T06:40:54.497+0000] {logging_mixin.py:188} INFO - [2026-07-20T06:40:54.497+0000] {dag.py:3947} INFO - Setting next_dagrun for example_setup_teardown to 2026-07-19 00:00:00+00:00, run_after=2026-07-20 00:00:00+00:00
[2026-07-20T06:40:54.514+0000] {processor.py:183} INFO - Processing /workspaces/recomart-recommendation-pipeline/airflow_venv/lib/python3.12/site-packages/airflow/example_dags/example_setup_teardown.py took 0.061 seconds
[2026-07-20T06:41:40.385+0000] {processor.py:161} INFO - Started process (PID=81163) to work on /workspaces/recomart-recommendation-pipeline/airflow_venv/lib/python3.12/site-packages/airflow/example_dags/example_setup_teardown.py
[2026-07-20T06:41:40.386+0000] {processor.py:830} INFO - Processing file /workspaces/recomart-recommendation-pipeline/airflow_venv/lib/python3.12/site-packages/airflow/example_dags/example_setup_teardown.py for tasks to queue
[2026-07-20T06:41:40.392+0000] {logging_mixin.py:188} INFO - [2026-07-20T06:41:40.391+0000] {dagbag.py:545} INFO - Filling up the DagBag from /workspaces/recomart-recommendation-pipeline/airflow_venv/lib/python3.12/site-packages/airflow/example_dags/example_setup_teardown.py
[2026-07-20T06:41:40.407+0000] {processor.py:840} INFO - DAG(s) 'example_setup_teardown' retrieved from /workspaces/recomart-recommendation-pipeline/airflow_venv/lib/python3.12/site-packages/airflow/example_dags/example_setup_teardown.py
[2026-07-20T06:41:40.453+0000] {logging_mixin.py:188} INFO - [2026-07-20T06:41:40.452+0000] {dag.py:3089} INFO - Sync 1 DAGs
[2026-07-20T06:41:40.478+0000] {logging_mixin.py:188} INFO - [2026-07-20T06:41:40.478+0000] {dag.py:3947} INFO - Setting next_dagrun for example_setup_teardown to 2026-07-19 00:00:00+00:00, run_after=2026-07-20 00:00:00+00:00
[2026-07-20T06:41:40.501+0000] {processor.py:183} INFO - Processing /workspaces/recomart-recommendation-pipeline/airflow_venv/lib/python3.12/site-packages/airflow/example_dags/example_setup_teardown.py took 0.126 seconds
[2026-07-20T06:42:28.927+0000] {processor.py:161} INFO - Started process (PID=81580) to work on /workspaces/recomart-recommendation-pipeline/airflow_venv/lib/python3.12/site-packages/airflow/example_dags/example_setup_teardown.py
[2026-07-20T06:42:28.928+0000] {processor.py:830} INFO - Processing file /workspaces/recomart-recommendation-pipeline/airflow_venv/lib/python3.12/site-packages/airflow/example_dags/example_setup_teardown.py for tasks to queue
[2026-07-20T06:42:28.929+0000] {logging_mixin.py:188} INFO - [2026-07-20T06:42:28.929+0000] {dagbag.py:545} INFO - Filling up the DagBag from /workspaces/recomart-recommendation-pipeline/airflow_venv/lib/python3.12/site-packages/airflow/example_dags/example_setup_teardown.py
[2026-07-20T06:42:28.935+0000] {processor.py:840} INFO - DAG(s) 'example_setup_teardown' retrieved from /workspaces/recomart-recommendation-pipeline/airflow_venv/lib/python3.12/site-packages/airflow/example_dags/example_setup_teardown.py
[2026-07-20T06:42:28.947+0000] {logging_mixin.py:188} INFO - [2026-07-20T06:42:28.946+0000] {dag.py:3089} INFO - Sync 1 DAGs
[2026-07-20T06:42:28.960+0000] {logging_mixin.py:188} INFO - [2026-07-20T06:42:28.960+0000] {dag.py:3947} INFO - Setting next_dagrun for example_setup_teardown to 2026-07-19 00:00:00+00:00, run_after=2026-07-20 00:00:00+00:00
[2026-07-20T06:42:28.980+0000] {processor.py:183} INFO - Processing /workspaces/recomart-recommendation-pipeline/airflow_venv/lib/python3.12/site-packages/airflow/example_dags/example_setup_teardown.py took 0.057 seconds
[2026-07-20T06:43:14.997+0000] {processor.py:161} INFO - Started process (PID=81981) to work on /workspaces/recomart-recommendation-pipeline/airflow_venv/lib/python3.12/site-packages/airflow/example_dags/example_setup_teardown.py
[2026-07-20T06:43:14.997+0000] {processor.py:830} INFO - Processing file /workspaces/recomart-recommendation-pipeline/airflow_venv/lib/python3.12/site-packages/airflow/example_dags/example_setup_teardown.py for tasks to queue
[2026-07-20T06:43:14.999+0000] {logging_mixin.py:188} INFO - [2026-07-20T06:43:14.998+0000] {dagbag.py:545} INFO - Filling up the DagBag from /workspaces/recomart-recommendation-pipeline/airflow_venv/lib/python3.12/site-packages/airflow/example_dags/example_setup_teardown.py
[2026-07-20T06:43:15.004+0000] {processor.py:840} INFO - DAG(s) 'example_setup_teardown' retrieved from /workspaces/recomart-recommendation-pipeline/airflow_venv/lib/python3.12/site-packages/airflow/example_dags/example_setup_teardown.py
[2026-07-20T06:43:15.016+0000] {logging_mixin.py:188} INFO - [2026-07-20T06:43:15.016+0000] {dag.py:3089} INFO - Sync 1 DAGs
[2026-07-20T06:43:15.030+0000] {logging_mixin.py:188} INFO - [2026-07-20T06:43:15.030+0000] {dag.py:3947} INFO - Setting next_dagrun for example_setup_teardown to 2026-07-19 00:00:00+00:00, run_after=2026-07-20 00:00:00+00:00
[2026-07-20T06:43:15.047+0000] {processor.py:183} INFO - Processing /workspaces/recomart-recommendation-pipeline/airflow_venv/lib/python3.12/site-packages/airflow/example_dags/example_setup_teardown.py took 0.055 seconds
[2026-07-20T06:44:04.701+0000] {processor.py:161} INFO - Started process (PID=82386) to work on /workspaces/recomart-recommendation-pipeline/airflow_venv/lib/python3.12/site-packages/airflow/example_dags/example_setup_teardown.py
[2026-07-20T06:44:04.702+0000] {processor.py:830} INFO - Processing file /workspaces/recomart-recommendation-pipeline/airflow_venv/lib/python3.12/site-packages/airflow/example_dags/example_setup_teardown.py for tasks to queue
[2026-07-20T06:44:04.703+0000] {logging_mixin.py:188} INFO - [2026-07-20T06:44:04.703+0000] {dagbag.py:545} INFO - Filling up the DagBag from /workspaces/recomart-recommendation-pipeline/airflow_venv/lib/python3.12/site-packages/airflow/example_dags/example_setup_teardown.py
[2026-07-20T06:44:04.709+0000] {processor.py:840} INFO - DAG(s) 'example_setup_teardown' retrieved from /workspaces/recomart-recommendation-pipeline/airflow_venv/lib/python3.12/site-packages/airflow/example_dags/example_setup_teardown.py
[2026-07-20T06:44:04.721+0000] {logging_mixin.py:188} INFO - [2026-07-20T06:44:04.721+0000] {dag.py:3089} INFO - Sync 1 DAGs
[2026-07-20T06:44:04.735+0000] {logging_mixin.py:188} INFO - [2026-07-20T06:44:04.735+0000] {dag.py:3947} INFO - Setting next_dagrun for example_setup_teardown to 2026-07-19 00:00:00+00:00, run_after=2026-07-20 00:00:00+00:00
[2026-07-20T06:44:04.752+0000] {processor.py:183} INFO - Processing /workspaces/recomart-recommendation-pipeline/airflow_venv/lib/python3.12/site-packages/airflow/example_dags/example_setup_teardown.py took 0.056 seconds
[2026-07-20T06:44:49.926+0000] {processor.py:161} INFO - Started process (PID=82788) to work on /workspaces/recomart-recommendation-pipeline/airflow_venv/lib/python3.12/site-packages/airflow/example_dags/example_setup_teardown.py
[2026-07-20T06:44:49.926+0000] {processor.py:830} INFO - Processing file /workspaces/recomart-recommendation-pipeline/airflow_venv/lib/python3.12/site-packages/airflow/example_dags/example_setup_teardown.py for tasks to queue
[2026-07-20T06:44:49.928+0000] {logging_mixin.py:188} INFO - [2026-07-20T06:44:49.927+0000] {dagbag.py:545} INFO - Filling up the DagBag from /workspaces/recomart-recommendation-pipeline/airflow_venv/lib/python3.12/site-packages/airflow/example_dags/example_setup_teardown.py
[2026-07-20T06:44:49.933+0000] {processor.py:840} INFO - DAG(s) 'example_setup_teardown' retrieved from /workspaces/recomart-recommendation-pipeline/airflow_venv/lib/python3.12/site-packages/airflow/example_dags/example_setup_teardown.py
[2026-07-20T06:44:49.946+0000] {logging_mixin.py:188} INFO - [2026-07-20T06:44:49.945+0000] {dag.py:3089} INFO - Sync 1 DAGs
[2026-07-20T06:44:49.960+0000] {logging_mixin.py:188} INFO - [2026-07-20T06:44:49.960+0000] {dag.py:3947} INFO - Setting next_dagrun for example_setup_teardown to 2026-07-19 00:00:00+00:00, run_after=2026-07-20 00:00:00+00:00
[2026-07-20T06:44:49.980+0000] {processor.py:183} INFO - Processing /workspaces/recomart-recommendation-pipeline/airflow_venv/lib/python3.12/site-packages/airflow/example_dags/example_setup_teardown.py took 0.059 seconds
[2026-07-20T06:45:33.814+0000] {processor.py:161} INFO - Started process (PID=83106) to work on /workspaces/recomart-recommendation-pipeline/airflow_venv/lib/python3.12/site-packages/airflow/example_dags/example_setup_teardown.py
[2026-07-20T06:45:33.815+0000] {processor.py:830} INFO - Processing file /workspaces/recomart-recommendation-pipeline/airflow_venv/lib/python3.12/site-packages/airflow/example_dags/example_setup_teardown.py for tasks to queue
[2026-07-20T06:45:33.816+0000] {logging_mixin.py:188} INFO - [2026-07-20T06:45:33.816+0000] {dagbag.py:545} INFO - Filling up the DagBag from /workspaces/recomart-recommendation-pipeline/airflow_venv/lib/python3.12/site-packages/airflow/example_dags/example_setup_teardown.py
[2026-07-20T06:45:33.821+0000] {processor.py:840} INFO - DAG(s) 'example_setup_teardown' retrieved from /workspaces/recomart-recommendation-pipeline/airflow_venv/lib/python3.12/site-packages/airflow/example_dags/example_setup_teardown.py
[2026-07-20T06:45:33.833+0000] {logging_mixin.py:188} INFO - [2026-07-20T06:45:33.833+0000] {dag.py:3089} INFO - Sync 1 DAGs
[2026-07-20T06:45:33.847+0000] {logging_mixin.py:188} INFO - [2026-07-20T06:45:33.847+0000] {dag.py:3947} INFO - Setting next_dagrun for example_setup_teardown to 2026-07-19 00:00:00+00:00, run_after=2026-07-20 00:00:00+00:00
[2026-07-20T06:45:33.864+0000] {processor.py:183} INFO - Processing /workspaces/recomart-recommendation-pipeline/airflow_venv/lib/python3.12/site-packages/airflow/example_dags/example_setup_teardown.py took 0.054 seconds
[2026-07-20T06:46:19.614+0000] {processor.py:161} INFO - Started process (PID=83567) to work on /workspaces/recomart-recommendation-pipeline/airflow_venv/lib/python3.12/site-packages/airflow/example_dags/example_setup_teardown.py
[2026-07-20T06:46:19.615+0000] {processor.py:830} INFO - Processing file /workspaces/recomart-recommendation-pipeline/airflow_venv/lib/python3.12/site-packages/airflow/example_dags/example_setup_teardown.py for tasks to queue
[2026-07-20T06:46:19.617+0000] {logging_mixin.py:188} INFO - [2026-07-20T06:46:19.617+0000] {dagbag.py:545} INFO - Filling up the DagBag from /workspaces/recomart-recommendation-pipeline/airflow_venv/lib/python3.12/site-packages/airflow/example_dags/example_setup_teardown.py
[2026-07-20T06:46:19.624+0000] {processor.py:840} INFO - DAG(s) 'example_setup_teardown' retrieved from /workspaces/recomart-recommendation-pipeline/airflow_venv/lib/python3.12/site-packages/airflow/example_dags/example_setup_teardown.py
[2026-07-20T06:46:19.653+0000] {logging_mixin.py:188} INFO - [2026-07-20T06:46:19.653+0000] {dag.py:3089} INFO - Sync 1 DAGs
[2026-07-20T06:46:19.672+0000] {logging_mixin.py:188} INFO - [2026-07-20T06:46:19.672+0000] {dag.py:3947} INFO - Setting next_dagrun for example_setup_teardown to 2026-07-19 00:00:00+00:00, run_after=2026-07-20 00:00:00+00:00
[2026-07-20T06:46:19.691+0000] {processor.py:183} INFO - Processing /workspaces/recomart-recommendation-pipeline/airflow_venv/lib/python3.12/site-packages/airflow/example_dags/example_setup_teardown.py took 0.084 seconds
[2026-07-20T06:47:03.492+0000] {processor.py:161} INFO - Started process (PID=83942) to work on /workspaces/recomart-recommendation-pipeline/airflow_venv/lib/python3.12/site-packages/airflow/example_dags/example_setup_teardown.py
[2026-07-20T06:47:03.493+0000] {processor.py:830} INFO - Processing file /workspaces/recomart-recommendation-pipeline/airflow_venv/lib/python3.12/site-packages/airflow/example_dags/example_setup_teardown.py for tasks to queue
[2026-07-20T06:47:03.495+0000] {logging_mixin.py:188} INFO - [2026-07-20T06:47:03.495+0000] {dagbag.py:545} INFO - Filling up the DagBag from /workspaces/recomart-recommendation-pipeline/airflow_venv/lib/python3.12/site-packages/airflow/example_dags/example_setup_teardown.py
[2026-07-20T06:47:03.500+0000] {processor.py:840} INFO - DAG(s) 'example_setup_teardown' retrieved from /workspaces/recomart-recommendation-pipeline/airflow_venv/lib/python3.12/site-packages/airflow/example_dags/example_setup_teardown.py
[2026-07-20T06:47:03.512+0000] {logging_mixin.py:188} INFO - [2026-07-20T06:47:03.512+0000] {dag.py:3089} INFO - Sync 1 DAGs
[2026-07-20T06:47:03.527+0000] {logging_mixin.py:188} INFO - [2026-07-20T06:47:03.527+0000] {dag.py:3947} INFO - Setting next_dagrun for example_setup_teardown to 2026-07-19 00:00:00+00:00, run_after=2026-07-20 00:00:00+00:00
[2026-07-20T06:47:03.545+0000] {processor.py:183} INFO - Processing /workspaces/recomart-recommendation-pipeline/airflow_venv/lib/python3.12/site-packages/airflow/example_dags/example_setup_teardown.py took 0.057 seconds
[2026-07-20T06:48:05.203+0000] {processor.py:161} INFO - Started process (PID=84451) to work on /workspaces/recomart-recommendation-pipeline/airflow_venv/lib/python3.12/site-packages/airflow/example_dags/example_setup_teardown.py
[2026-07-20T06:48:05.204+0000] {processor.py:830} INFO - Processing file /workspaces/recomart-recommendation-pipeline/airflow_venv/lib/python3.12/site-packages/airflow/example_dags/example_setup_teardown.py for tasks to queue
[2026-07-20T06:48:05.205+0000] {logging_mixin.py:188} INFO - [2026-07-20T06:48:05.205+0000] {dagbag.py:545} INFO - Filling up the DagBag from /workspaces/recomart-recommendation-pipeline/airflow_venv/lib/python3.12/site-packages/airflow/example_dags/example_setup_teardown.py
[2026-07-20T06:48:05.211+0000] {processor.py:840} INFO - DAG(s) 'example_setup_teardown' retrieved from /workspaces/recomart-recommendation-pipeline/airflow_venv/lib/python3.12/site-packages/airflow/example_dags/example_setup_teardown.py
[2026-07-20T06:48:05.223+0000] {logging_mixin.py:188} INFO - [2026-07-20T06:48:05.222+0000] {dag.py:3089} INFO - Sync 1 DAGs
[2026-07-20T06:48:05.237+0000] {logging_mixin.py:188} INFO - [2026-07-20T06:48:05.237+0000] {dag.py:3947} INFO - Setting next_dagrun for example_setup_teardown to 2026-07-19 00:00:00+00:00, run_after=2026-07-20 00:00:00+00:00
[2026-07-20T06:48:05.256+0000] {processor.py:183} INFO - Processing /workspaces/recomart-recommendation-pipeline/airflow_venv/lib/python3.12/site-packages/airflow/example_dags/example_setup_teardown.py took 0.058 seconds
[2026-07-20T06:48:47.253+0000] {processor.py:161} INFO - Started process (PID=84817) to work on /workspaces/recomart-recommendation-pipeline/airflow_venv/lib/python3.12/site-packages/airflow/example_dags/example_setup_teardown.py
[2026-07-20T06:48:47.254+0000] {processor.py:830} INFO - Processing file /workspaces/recomart-recommendation-pipeline/airflow_venv/lib/python3.12/site-packages/airflow/example_dags/example_setup_teardown.py for tasks to queue
[2026-07-20T06:48:47.255+0000] {logging_mixin.py:188} INFO - [2026-07-20T06:48:47.255+0000] {dagbag.py:545} INFO - Filling up the DagBag from /workspaces/recomart-recommendation-pipeline/airflow_venv/lib/python3.12/site-packages/airflow/example_dags/example_setup_teardown.py
[2026-07-20T06:48:47.261+0000] {processor.py:840} INFO - DAG(s) 'example_setup_teardown' retrieved from /workspaces/recomart-recommendation-pipeline/airflow_venv/lib/python3.12/site-packages/airflow/example_dags/example_setup_teardown.py
[2026-07-20T06:48:47.275+0000] {logging_mixin.py:188} INFO - [2026-07-20T06:48:47.275+0000] {dag.py:3089} INFO - Sync 1 DAGs
[2026-07-20T06:48:47.294+0000] {logging_mixin.py:188} INFO - [2026-07-20T06:48:47.294+0000] {dag.py:3947} INFO - Setting next_dagrun for example_setup_teardown to 2026-07-19 00:00:00+00:00, run_after=2026-07-20 00:00:00+00:00
[2026-07-20T06:48:47.311+0000] {processor.py:183} INFO - Processing /workspaces/recomart-recommendation-pipeline/airflow_venv/lib/python3.12/site-packages/airflow/example_dags/example_setup_teardown.py took 0.063 seconds
[2026-07-20T06:49:49.927+0000] {processor.py:161} INFO - Started process (PID=85450) to work on /workspaces/recomart-recommendation-pipeline/airflow_venv/lib/python3.12/site-packages/airflow/example_dags/example_setup_teardown.py
[2026-07-20T06:49:49.928+0000] {processor.py:830} INFO - Processing file /workspaces/recomart-recommendation-pipeline/airflow_venv/lib/python3.12/site-packages/airflow/example_dags/example_setup_teardown.py for tasks to queue
[2026-07-20T06:49:49.930+0000] {logging_mixin.py:188} INFO - [2026-07-20T06:49:49.929+0000] {dagbag.py:545} INFO - Filling up the DagBag from /workspaces/recomart-recommendation-pipeline/airflow_venv/lib/python3.12/site-packages/airflow/example_dags/example_setup_teardown.py
[2026-07-20T06:49:49.934+0000] {processor.py:840} INFO - DAG(s) 'example_setup_teardown' retrieved from /workspaces/recomart-recommendation-pipeline/airflow_venv/lib/python3.12/site-packages/airflow/example_dags/example_setup_teardown.py
[2026-07-20T06:49:49.946+0000] {logging_mixin.py:188} INFO - [2026-07-20T06:49:49.946+0000] {dag.py:3089} INFO - Sync 1 DAGs
[2026-07-20T06:49:49.960+0000] {logging_mixin.py:188} INFO - [2026-07-20T06:49:49.960+0000] {dag.py:3947} INFO - Setting next_dagrun for example_setup_teardown to 2026-07-19 00:00:00+00:00, run_after=2026-07-20 00:00:00+00:00
[2026-07-20T06:49:49.978+0000] {processor.py:183} INFO - Processing /workspaces/recomart-recommendation-pipeline/airflow_venv/lib/python3.12/site-packages/airflow/example_dags/example_setup_teardown.py took 0.056 seconds
[2026-07-20T06:50:33.750+0000] {processor.py:161} INFO - Started process (PID=85887) to work on /workspaces/recomart-recommendation-pipeline/airflow_venv/lib/python3.12/site-packages/airflow/example_dags/example_setup_teardown.py
[2026-07-20T06:50:33.752+0000] {processor.py:830} INFO - Processing file /workspaces/recomart-recommendation-pipeline/airflow_venv/lib/python3.12/site-packages/airflow/example_dags/example_setup_teardown.py for tasks to queue
[2026-07-20T06:50:33.754+0000] {logging_mixin.py:188} INFO - [2026-07-20T06:50:33.754+0000] {dagbag.py:545} INFO - Filling up the DagBag from /workspaces/recomart-recommendation-pipeline/airflow_venv/lib/python3.12/site-packages/airflow/example_dags/example_setup_teardown.py
[2026-07-20T06:50:33.762+0000] {processor.py:840} INFO - DAG(s) 'example_setup_teardown' retrieved from /workspaces/recomart-recommendation-pipeline/airflow_venv/lib/python3.12/site-packages/airflow/example_dags/example_setup_teardown.py
[2026-07-20T06:50:33.779+0000] {logging_mixin.py:188} INFO - [2026-07-20T06:50:33.779+0000] {dag.py:3089} INFO - Sync 1 DAGs
[2026-07-20T06:50:33.800+0000] {logging_mixin.py:188} INFO - [2026-07-20T06:50:33.800+0000] {dag.py:3947} INFO - Setting next_dagrun for example_setup_teardown to 2026-07-19 00:00:00+00:00, run_after=2026-07-20 00:00:00+00:00
[2026-07-20T06:50:33.843+0000] {processor.py:183} INFO - Processing /workspaces/recomart-recommendation-pipeline/airflow_venv/lib/python3.12/site-packages/airflow/example_dags/example_setup_teardown.py took 0.099 seconds
[2026-07-20T06:51:17.896+0000] {processor.py:161} INFO - Started process (PID=86399) to work on /workspaces/recomart-recommendation-pipeline/airflow_venv/lib/python3.12/site-packages/airflow/example_dags/example_setup_teardown.py
[2026-07-20T06:51:17.896+0000] {processor.py:830} INFO - Processing file /workspaces/recomart-recommendation-pipeline/airflow_venv/lib/python3.12/site-packages/airflow/example_dags/example_setup_teardown.py for tasks to queue
[2026-07-20T06:51:17.898+0000] {logging_mixin.py:188} INFO - [2026-07-20T06:51:17.897+0000] {dagbag.py:545} INFO - Filling up the DagBag from /workspaces/recomart-recommendation-pipeline/airflow_venv/lib/python3.12/site-packages/airflow/example_dags/example_setup_teardown.py
[2026-07-20T06:51:17.905+0000] {processor.py:840} INFO - DAG(s) 'example_setup_teardown' retrieved from /workspaces/recomart-recommendation-pipeline/airflow_venv/lib/python3.12/site-packages/airflow/example_dags/example_setup_teardown.py
[2026-07-20T06:51:17.920+0000] {logging_mixin.py:188} INFO - [2026-07-20T06:51:17.920+0000] {dag.py:3089} INFO - Sync 1 DAGs
[2026-07-20T06:51:17.934+0000] {logging_mixin.py:188} INFO - [2026-07-20T06:51:17.934+0000] {dag.py:3947} INFO - Setting next_dagrun for example_setup_teardown to 2026-07-19 00:00:00+00:00, run_after=2026-07-20 00:00:00+00:00
[2026-07-20T06:51:17.952+0000] {processor.py:183} INFO - Processing /workspaces/recomart-recommendation-pipeline/airflow_venv/lib/python3.12/site-packages/airflow/example_dags/example_setup_teardown.py took 0.061 seconds
[2026-07-20T06:52:03.974+0000] {processor.py:161} INFO - Started process (PID=86788) to work on /workspaces/recomart-recommendation-pipeline/airflow_venv/lib/python3.12/site-packages/airflow/example_dags/example_setup_teardown.py
[2026-07-20T06:52:03.975+0000] {processor.py:830} INFO - Processing file /workspaces/recomart-recommendation-pipeline/airflow_venv/lib/python3.12/site-packages/airflow/example_dags/example_setup_teardown.py for tasks to queue
[2026-07-20T06:52:03.978+0000] {logging_mixin.py:188} INFO - [2026-07-20T06:52:03.978+0000] {dagbag.py:545} INFO - Filling up the DagBag from /workspaces/recomart-recommendation-pipeline/airflow_venv/lib/python3.12/site-packages/airflow/example_dags/example_setup_teardown.py
[2026-07-20T06:52:03.986+0000] {processor.py:840} INFO - DAG(s) 'example_setup_teardown' retrieved from /workspaces/recomart-recommendation-pipeline/airflow_venv/lib/python3.12/site-packages/airflow/example_dags/example_setup_teardown.py
[2026-07-20T06:52:04.007+0000] {logging_mixin.py:188} INFO - [2026-07-20T06:52:04.007+0000] {dag.py:3089} INFO - Sync 1 DAGs
[2026-07-20T06:52:04.032+0000] {logging_mixin.py:188} INFO - [2026-07-20T06:52:04.031+0000] {dag.py:3947} INFO - Setting next_dagrun for example_setup_teardown to 2026-07-19 00:00:00+00:00, run_after=2026-07-20 00:00:00+00:00
[2026-07-20T06:52:04.063+0000] {processor.py:183} INFO - Processing /workspaces/recomart-recommendation-pipeline/airflow_venv/lib/python3.12/site-packages/airflow/example_dags/example_setup_teardown.py took 0.096 seconds
[2026-07-20T06:58:06.089+0000] {processor.py:161} INFO - Started process (PID=89715) to work on /workspaces/recomart-recommendation-pipeline/airflow_venv/lib/python3.12/site-packages/airflow/example_dags/example_setup_teardown.py
[2026-07-20T06:58:06.090+0000] {processor.py:830} INFO - Processing file /workspaces/recomart-recommendation-pipeline/airflow_venv/lib/python3.12/site-packages/airflow/example_dags/example_setup_teardown.py for tasks to queue
[2026-07-20T06:58:06.091+0000] {logging_mixin.py:188} INFO - [2026-07-20T06:58:06.091+0000] {dagbag.py:545} INFO - Filling up the DagBag from /workspaces/recomart-recommendation-pipeline/airflow_venv/lib/python3.12/site-packages/airflow/example_dags/example_setup_teardown.py
[2026-07-20T06:58:06.097+0000] {processor.py:840} INFO - DAG(s) 'example_setup_teardown' retrieved from /workspaces/recomart-recommendation-pipeline/airflow_venv/lib/python3.12/site-packages/airflow/example_dags/example_setup_teardown.py
[2026-07-20T06:58:06.184+0000] {logging_mixin.py:188} INFO - [2026-07-20T06:58:06.184+0000] {dag.py:3089} INFO - Sync 1 DAGs
[2026-07-20T06:58:06.198+0000] {logging_mixin.py:188} INFO - [2026-07-20T06:58:06.198+0000] {dag.py:3947} INFO - Setting next_dagrun for example_setup_teardown to 2026-07-19 00:00:00+00:00, run_after=2026-07-20 00:00:00+00:00
[2026-07-20T06:58:06.215+0000] {processor.py:183} INFO - Processing /workspaces/recomart-recommendation-pipeline/airflow_venv/lib/python3.12/site-packages/airflow/example_dags/example_setup_teardown.py took 0.132 seconds
[2026-07-20T06:59:04.515+0000] {processor.py:161} INFO - Started process (PID=90362) to work on /workspaces/recomart-recommendation-pipeline/airflow_venv/lib/python3.12/site-packages/airflow/example_dags/example_setup_teardown.py
[2026-07-20T06:59:04.515+0000] {processor.py:830} INFO - Processing file /workspaces/recomart-recommendation-pipeline/airflow_venv/lib/python3.12/site-packages/airflow/example_dags/example_setup_teardown.py for tasks to queue
[2026-07-20T06:59:04.517+0000] {logging_mixin.py:188} INFO - [2026-07-20T06:59:04.516+0000] {dagbag.py:545} INFO - Filling up the DagBag from /workspaces/recomart-recommendation-pipeline/airflow_venv/lib/python3.12/site-packages/airflow/example_dags/example_setup_teardown.py
[2026-07-20T06:59:04.522+0000] {processor.py:840} INFO - DAG(s) 'example_setup_teardown' retrieved from /workspaces/recomart-recommendation-pipeline/airflow_venv/lib/python3.12/site-packages/airflow/example_dags/example_setup_teardown.py
[2026-07-20T06:59:04.533+0000] {logging_mixin.py:188} INFO - [2026-07-20T06:59:04.533+0000] {dag.py:3089} INFO - Sync 1 DAGs
[2026-07-20T06:59:04.548+0000] {logging_mixin.py:188} INFO - [2026-07-20T06:59:04.547+0000] {dag.py:3947} INFO - Setting next_dagrun for example_setup_teardown to 2026-07-19 00:00:00+00:00, run_after=2026-07-20 00:00:00+00:00
[2026-07-20T06:59:04.564+0000] {processor.py:183} INFO - Processing /workspaces/recomart-recommendation-pipeline/airflow_venv/lib/python3.12/site-packages/airflow/example_dags/example_setup_teardown.py took 0.053 seconds
[2026-07-20T07:00:34.457+0000] {processor.py:161} INFO - Started process (PID=91795) to work on /workspaces/recomart-recommendation-pipeline/airflow_venv/lib/python3.12/site-packages/airflow/example_dags/example_setup_teardown.py
[2026-07-20T07:00:34.458+0000] {processor.py:830} INFO - Processing file /workspaces/recomart-recommendation-pipeline/airflow_venv/lib/python3.12/site-packages/airflow/example_dags/example_setup_teardown.py for tasks to queue
[2026-07-20T07:00:34.460+0000] {logging_mixin.py:188} INFO - [2026-07-20T07:00:34.459+0000] {dagbag.py:545} INFO - Filling up the DagBag from /workspaces/recomart-recommendation-pipeline/airflow_venv/lib/python3.12/site-packages/airflow/example_dags/example_setup_teardown.py
[2026-07-20T07:00:34.467+0000] {processor.py:840} INFO - DAG(s) 'example_setup_teardown' retrieved from /workspaces/recomart-recommendation-pipeline/airflow_venv/lib/python3.12/site-packages/airflow/example_dags/example_setup_teardown.py
[2026-07-20T07:00:34.485+0000] {logging_mixin.py:188} INFO - [2026-07-20T07:00:34.485+0000] {dag.py:3089} INFO - Sync 1 DAGs
[2026-07-20T07:00:34.513+0000] {logging_mixin.py:188} INFO - [2026-07-20T07:00:34.512+0000] {dag.py:3947} INFO - Setting next_dagrun for example_setup_teardown to 2026-07-19 00:00:00+00:00, run_after=2026-07-20 00:00:00+00:00
[2026-07-20T07:00:34.610+0000] {processor.py:183} INFO - Processing /workspaces/recomart-recommendation-pipeline/airflow_venv/lib/python3.12/site-packages/airflow/example_dags/example_setup_teardown.py took 0.159 seconds
[2026-07-20T07:01:27.368+0000] {processor.py:161} INFO - Started process (PID=92244) to work on /workspaces/recomart-recommendation-pipeline/airflow_venv/lib/python3.12/site-packages/airflow/example_dags/example_setup_teardown.py
[2026-07-20T07:01:27.369+0000] {processor.py:830} INFO - Processing file /workspaces/recomart-recommendation-pipeline/airflow_venv/lib/python3.12/site-packages/airflow/example_dags/example_setup_teardown.py for tasks to queue
[2026-07-20T07:01:27.370+0000] {logging_mixin.py:188} INFO - [2026-07-20T07:01:27.370+0000] {dagbag.py:545} INFO - Filling up the DagBag from /workspaces/recomart-recommendation-pipeline/airflow_venv/lib/python3.12/site-packages/airflow/example_dags/example_setup_teardown.py
[2026-07-20T07:01:27.377+0000] {processor.py:840} INFO - DAG(s) 'example_setup_teardown' retrieved from /workspaces/recomart-recommendation-pipeline/airflow_venv/lib/python3.12/site-packages/airflow/example_dags/example_setup_teardown.py
[2026-07-20T07:01:27.392+0000] {logging_mixin.py:188} INFO - [2026-07-20T07:01:27.392+0000] {dag.py:3089} INFO - Sync 1 DAGs
[2026-07-20T07:01:27.407+0000] {logging_mixin.py:188} INFO - [2026-07-20T07:01:27.407+0000] {dag.py:3947} INFO - Setting next_dagrun for example_setup_teardown to 2026-07-19 00:00:00+00:00, run_after=2026-07-20 00:00:00+00:00
[2026-07-20T07:01:27.423+0000] {processor.py:183} INFO - Processing /workspaces/recomart-recommendation-pipeline/airflow_venv/lib/python3.12/site-packages/airflow/example_dags/example_setup_teardown.py took 0.060 seconds
