[2026-07-20T05:59:29.812+0000] {processor.py:161} INFO - Started process (PID=58368) to work on /workspaces/recomart-recommendation-pipeline/airflow_venv/lib/python3.12/site-packages/airflow/example_dags/example_branch_python_dop_operator_3.py
[2026-07-20T05:59:29.813+0000] {processor.py:830} INFO - Processing file /workspaces/recomart-recommendation-pipeline/airflow_venv/lib/python3.12/site-packages/airflow/example_dags/example_branch_python_dop_operator_3.py for tasks to queue
[2026-07-20T05:59:29.814+0000] {logging_mixin.py:188} INFO - [2026-07-20T05:59:29.814+0000] {dagbag.py:545} INFO - Filling up the DagBag from /workspaces/recomart-recommendation-pipeline/airflow_venv/lib/python3.12/site-packages/airflow/example_dags/example_branch_python_dop_operator_3.py
[2026-07-20T05:59:29.821+0000] {processor.py:840} INFO - DAG(s) 'example_branch_dop_operator_v3' retrieved from /workspaces/recomart-recommendation-pipeline/airflow_venv/lib/python3.12/site-packages/airflow/example_dags/example_branch_python_dop_operator_3.py
[2026-07-20T05:59:29.920+0000] {logging_mixin.py:188} INFO - [2026-07-20T05:59:29.920+0000] {override.py:1858} INFO - Created Permission View: can read on DAG:example_branch_dop_operator_v3
[2026-07-20T05:59:29.930+0000] {logging_mixin.py:188} INFO - [2026-07-20T05:59:29.930+0000] {override.py:1858} INFO - Created Permission View: can edit on DAG:example_branch_dop_operator_v3
[2026-07-20T05:59:29.938+0000] {logging_mixin.py:188} INFO - [2026-07-20T05:59:29.937+0000] {override.py:1858} INFO - Created Permission View: can delete on DAG:example_branch_dop_operator_v3
[2026-07-20T05:59:29.938+0000] {logging_mixin.py:188} INFO - [2026-07-20T05:59:29.938+0000] {dag.py:3089} INFO - Sync 1 DAGs
[2026-07-20T05:59:29.948+0000] {logging_mixin.py:188} INFO - [2026-07-20T05:59:29.948+0000] {dag.py:3111} INFO - Creating ORM DAG for example_branch_dop_operator_v3
[2026-07-20T05:59:29.958+0000] {logging_mixin.py:188} INFO - [2026-07-20T05:59:29.958+0000] {dag.py:3947} INFO - Setting next_dagrun for example_branch_dop_operator_v3 to 2026-07-20 05:58:00+00:00, run_after=2026-07-20 05:59:00+00:00
[2026-07-20T05:59:29.980+0000] {processor.py:183} INFO - Processing /workspaces/recomart-recommendation-pipeline/airflow_venv/lib/python3.12/site-packages/airflow/example_dags/example_branch_python_dop_operator_3.py took 0.174 seconds
[2026-07-20T06:00:22.098+0000] {processor.py:161} INFO - Started process (PID=58800) to work on /workspaces/recomart-recommendation-pipeline/airflow_venv/lib/python3.12/site-packages/airflow/example_dags/example_branch_python_dop_operator_3.py
[2026-07-20T06:00:22.099+0000] {processor.py:830} INFO - Processing file /workspaces/recomart-recommendation-pipeline/airflow_venv/lib/python3.12/site-packages/airflow/example_dags/example_branch_python_dop_operator_3.py for tasks to queue
[2026-07-20T06:00:22.101+0000] {logging_mixin.py:188} INFO - [2026-07-20T06:00:22.100+0000] {dagbag.py:545} INFO - Filling up the DagBag from /workspaces/recomart-recommendation-pipeline/airflow_venv/lib/python3.12/site-packages/airflow/example_dags/example_branch_python_dop_operator_3.py
[2026-07-20T06:00:22.110+0000] {processor.py:840} INFO - DAG(s) 'example_branch_dop_operator_v3' retrieved from /workspaces/recomart-recommendation-pipeline/airflow_venv/lib/python3.12/site-packages/airflow/example_dags/example_branch_python_dop_operator_3.py
[2026-07-20T06:00:22.127+0000] {logging_mixin.py:188} INFO - [2026-07-20T06:00:22.127+0000] {dag.py:3089} INFO - Sync 1 DAGs
[2026-07-20T06:00:22.157+0000] {logging_mixin.py:188} INFO - [2026-07-20T06:00:22.156+0000] {dag.py:3947} INFO - Setting next_dagrun for example_branch_dop_operator_v3 to 2026-07-20 05:59:00+00:00, run_after=2026-07-20 06:00:00+00:00
[2026-07-20T06:00:22.207+0000] {processor.py:183} INFO - Processing /workspaces/recomart-recommendation-pipeline/airflow_venv/lib/python3.12/site-packages/airflow/example_dags/example_branch_python_dop_operator_3.py took 0.115 seconds
[2026-07-20T06:01:26.834+0000] {processor.py:161} INFO - Started process (PID=59530) to work on /workspaces/recomart-recommendation-pipeline/airflow_venv/lib/python3.12/site-packages/airflow/example_dags/example_branch_python_dop_operator_3.py
[2026-07-20T06:01:26.835+0000] {processor.py:830} INFO - Processing file /workspaces/recomart-recommendation-pipeline/airflow_venv/lib/python3.12/site-packages/airflow/example_dags/example_branch_python_dop_operator_3.py for tasks to queue
[2026-07-20T06:01:26.836+0000] {logging_mixin.py:188} INFO - [2026-07-20T06:01:26.836+0000] {dagbag.py:545} INFO - Filling up the DagBag from /workspaces/recomart-recommendation-pipeline/airflow_venv/lib/python3.12/site-packages/airflow/example_dags/example_branch_python_dop_operator_3.py
[2026-07-20T06:01:26.843+0000] {processor.py:840} INFO - DAG(s) 'example_branch_dop_operator_v3' retrieved from /workspaces/recomart-recommendation-pipeline/airflow_venv/lib/python3.12/site-packages/airflow/example_dags/example_branch_python_dop_operator_3.py
[2026-07-20T06:01:26.855+0000] {logging_mixin.py:188} INFO - [2026-07-20T06:01:26.855+0000] {dag.py:3089} INFO - Sync 1 DAGs
[2026-07-20T06:01:26.873+0000] {logging_mixin.py:188} INFO - [2026-07-20T06:01:26.873+0000] {dag.py:3947} INFO - Setting next_dagrun for example_branch_dop_operator_v3 to 2026-07-20 06:00:00+00:00, run_after=2026-07-20 06:01:00+00:00
[2026-07-20T06:01:26.892+0000] {processor.py:183} INFO - Processing /workspaces/recomart-recommendation-pipeline/airflow_venv/lib/python3.12/site-packages/airflow/example_dags/example_branch_python_dop_operator_3.py took 0.063 seconds
[2026-07-20T06:02:17.243+0000] {processor.py:161} INFO - Started process (PID=60050) to work on /workspaces/recomart-recommendation-pipeline/airflow_venv/lib/python3.12/site-packages/airflow/example_dags/example_branch_python_dop_operator_3.py
[2026-07-20T06:02:17.243+0000] {processor.py:830} INFO - Processing file /workspaces/recomart-recommendation-pipeline/airflow_venv/lib/python3.12/site-packages/airflow/example_dags/example_branch_python_dop_operator_3.py for tasks to queue
[2026-07-20T06:02:17.247+0000] {logging_mixin.py:188} INFO - [2026-07-20T06:02:17.247+0000] {dagbag.py:545} INFO - Filling up the DagBag from /workspaces/recomart-recommendation-pipeline/airflow_venv/lib/python3.12/site-packages/airflow/example_dags/example_branch_python_dop_operator_3.py
[2026-07-20T06:02:17.257+0000] {processor.py:840} INFO - DAG(s) 'example_branch_dop_operator_v3' retrieved from /workspaces/recomart-recommendation-pipeline/airflow_venv/lib/python3.12/site-packages/airflow/example_dags/example_branch_python_dop_operator_3.py
[2026-07-20T06:02:17.278+0000] {logging_mixin.py:188} INFO - [2026-07-20T06:02:17.278+0000] {dag.py:3089} INFO - Sync 1 DAGs
[2026-07-20T06:02:17.308+0000] {logging_mixin.py:188} INFO - [2026-07-20T06:02:17.308+0000] {dag.py:3947} INFO - Setting next_dagrun for example_branch_dop_operator_v3 to 2026-07-20 06:01:00+00:00, run_after=2026-07-20 06:02:00+00:00
[2026-07-20T06:02:17.345+0000] {processor.py:183} INFO - Processing /workspaces/recomart-recommendation-pipeline/airflow_venv/lib/python3.12/site-packages/airflow/example_dags/example_branch_python_dop_operator_3.py took 0.110 seconds
[2026-07-20T06:03:21.125+0000] {processor.py:161} INFO - Started process (PID=60591) to work on /workspaces/recomart-recommendation-pipeline/airflow_venv/lib/python3.12/site-packages/airflow/example_dags/example_branch_python_dop_operator_3.py
[2026-07-20T06:03:21.126+0000] {processor.py:830} INFO - Processing file /workspaces/recomart-recommendation-pipeline/airflow_venv/lib/python3.12/site-packages/airflow/example_dags/example_branch_python_dop_operator_3.py for tasks to queue
[2026-07-20T06:03:21.127+0000] {logging_mixin.py:188} INFO - [2026-07-20T06:03:21.127+0000] {dagbag.py:545} INFO - Filling up the DagBag from /workspaces/recomart-recommendation-pipeline/airflow_venv/lib/python3.12/site-packages/airflow/example_dags/example_branch_python_dop_operator_3.py
[2026-07-20T06:03:21.133+0000] {processor.py:840} INFO - DAG(s) 'example_branch_dop_operator_v3' retrieved from /workspaces/recomart-recommendation-pipeline/airflow_venv/lib/python3.12/site-packages/airflow/example_dags/example_branch_python_dop_operator_3.py
[2026-07-20T06:03:21.145+0000] {logging_mixin.py:188} INFO - [2026-07-20T06:03:21.144+0000] {dag.py:3089} INFO - Sync 1 DAGs
[2026-07-20T06:03:21.162+0000] {logging_mixin.py:188} INFO - [2026-07-20T06:03:21.162+0000] {dag.py:3947} INFO - Setting next_dagrun for example_branch_dop_operator_v3 to 2026-07-20 06:02:00+00:00, run_after=2026-07-20 06:03:00+00:00
[2026-07-20T06:03:21.193+0000] {processor.py:183} INFO - Processing /workspaces/recomart-recommendation-pipeline/airflow_venv/lib/python3.12/site-packages/airflow/example_dags/example_branch_python_dop_operator_3.py took 0.072 seconds
[2026-07-20T06:04:26.000+0000] {processor.py:161} INFO - Started process (PID=61173) to work on /workspaces/recomart-recommendation-pipeline/airflow_venv/lib/python3.12/site-packages/airflow/example_dags/example_branch_python_dop_operator_3.py
[2026-07-20T06:04:26.001+0000] {processor.py:830} INFO - Processing file /workspaces/recomart-recommendation-pipeline/airflow_venv/lib/python3.12/site-packages/airflow/example_dags/example_branch_python_dop_operator_3.py for tasks to queue
[2026-07-20T06:04:26.002+0000] {logging_mixin.py:188} INFO - [2026-07-20T06:04:26.002+0000] {dagbag.py:545} INFO - Filling up the DagBag from /workspaces/recomart-recommendation-pipeline/airflow_venv/lib/python3.12/site-packages/airflow/example_dags/example_branch_python_dop_operator_3.py
[2026-07-20T06:04:26.010+0000] {processor.py:840} INFO - DAG(s) 'example_branch_dop_operator_v3' retrieved from /workspaces/recomart-recommendation-pipeline/airflow_venv/lib/python3.12/site-packages/airflow/example_dags/example_branch_python_dop_operator_3.py
[2026-07-20T06:04:26.021+0000] {logging_mixin.py:188} INFO - [2026-07-20T06:04:26.021+0000] {dag.py:3089} INFO - Sync 1 DAGs
[2026-07-20T06:04:26.145+0000] {logging_mixin.py:188} INFO - [2026-07-20T06:04:26.145+0000] {dag.py:3947} INFO - Setting next_dagrun for example_branch_dop_operator_v3 to 2026-07-20 06:03:00+00:00, run_after=2026-07-20 06:04:00+00:00
[2026-07-20T06:04:26.162+0000] {processor.py:183} INFO - Processing /workspaces/recomart-recommendation-pipeline/airflow_venv/lib/python3.12/site-packages/airflow/example_dags/example_branch_python_dop_operator_3.py took 0.166 seconds
[2026-07-20T06:05:32.224+0000] {processor.py:161} INFO - Started process (PID=61704) to work on /workspaces/recomart-recommendation-pipeline/airflow_venv/lib/python3.12/site-packages/airflow/example_dags/example_branch_python_dop_operator_3.py
[2026-07-20T06:05:32.225+0000] {processor.py:830} INFO - Processing file /workspaces/recomart-recommendation-pipeline/airflow_venv/lib/python3.12/site-packages/airflow/example_dags/example_branch_python_dop_operator_3.py for tasks to queue
[2026-07-20T06:05:32.226+0000] {logging_mixin.py:188} INFO - [2026-07-20T06:05:32.226+0000] {dagbag.py:545} INFO - Filling up the DagBag from /workspaces/recomart-recommendation-pipeline/airflow_venv/lib/python3.12/site-packages/airflow/example_dags/example_branch_python_dop_operator_3.py
[2026-07-20T06:05:32.233+0000] {processor.py:840} INFO - DAG(s) 'example_branch_dop_operator_v3' retrieved from /workspaces/recomart-recommendation-pipeline/airflow_venv/lib/python3.12/site-packages/airflow/example_dags/example_branch_python_dop_operator_3.py
[2026-07-20T06:05:32.245+0000] {logging_mixin.py:188} INFO - [2026-07-20T06:05:32.245+0000] {dag.py:3089} INFO - Sync 1 DAGs
[2026-07-20T06:05:32.353+0000] {logging_mixin.py:188} INFO - [2026-07-20T06:05:32.353+0000] {dag.py:3947} INFO - Setting next_dagrun for example_branch_dop_operator_v3 to 2026-07-20 06:04:00+00:00, run_after=2026-07-20 06:05:00+00:00
[2026-07-20T06:05:32.369+0000] {processor.py:183} INFO - Processing /workspaces/recomart-recommendation-pipeline/airflow_venv/lib/python3.12/site-packages/airflow/example_dags/example_branch_python_dop_operator_3.py took 0.150 seconds
[2026-07-20T06:06:42.553+0000] {processor.py:161} INFO - Started process (PID=62324) to work on /workspaces/recomart-recommendation-pipeline/airflow_venv/lib/python3.12/site-packages/airflow/example_dags/example_branch_python_dop_operator_3.py
[2026-07-20T06:06:42.554+0000] {processor.py:830} INFO - Processing file /workspaces/recomart-recommendation-pipeline/airflow_venv/lib/python3.12/site-packages/airflow/example_dags/example_branch_python_dop_operator_3.py for tasks to queue
[2026-07-20T06:06:42.555+0000] {logging_mixin.py:188} INFO - [2026-07-20T06:06:42.555+0000] {dagbag.py:545} INFO - Filling up the DagBag from /workspaces/recomart-recommendation-pipeline/airflow_venv/lib/python3.12/site-packages/airflow/example_dags/example_branch_python_dop_operator_3.py
[2026-07-20T06:06:42.562+0000] {processor.py:840} INFO - DAG(s) 'example_branch_dop_operator_v3' retrieved from /workspaces/recomart-recommendation-pipeline/airflow_venv/lib/python3.12/site-packages/airflow/example_dags/example_branch_python_dop_operator_3.py
[2026-07-20T06:06:42.574+0000] {logging_mixin.py:188} INFO - [2026-07-20T06:06:42.574+0000] {dag.py:3089} INFO - Sync 1 DAGs
[2026-07-20T06:06:42.699+0000] {logging_mixin.py:188} INFO - [2026-07-20T06:06:42.698+0000] {dag.py:3947} INFO - Setting next_dagrun for example_branch_dop_operator_v3 to 2026-07-20 06:05:00+00:00, run_after=2026-07-20 06:06:00+00:00
[2026-07-20T06:06:42.714+0000] {processor.py:183} INFO - Processing /workspaces/recomart-recommendation-pipeline/airflow_venv/lib/python3.12/site-packages/airflow/example_dags/example_branch_python_dop_operator_3.py took 0.166 seconds
[2026-07-20T06:07:54.538+0000] {processor.py:161} INFO - Started process (PID=62898) to work on /workspaces/recomart-recommendation-pipeline/airflow_venv/lib/python3.12/site-packages/airflow/example_dags/example_branch_python_dop_operator_3.py
[2026-07-20T06:07:54.538+0000] {processor.py:830} INFO - Processing file /workspaces/recomart-recommendation-pipeline/airflow_venv/lib/python3.12/site-packages/airflow/example_dags/example_branch_python_dop_operator_3.py for tasks to queue
[2026-07-20T06:07:54.540+0000] {logging_mixin.py:188} INFO - [2026-07-20T06:07:54.539+0000] {dagbag.py:545} INFO - Filling up the DagBag from /workspaces/recomart-recommendation-pipeline/airflow_venv/lib/python3.12/site-packages/airflow/example_dags/example_branch_python_dop_operator_3.py
[2026-07-20T06:07:54.547+0000] {processor.py:840} INFO - DAG(s) 'example_branch_dop_operator_v3' retrieved from /workspaces/recomart-recommendation-pipeline/airflow_venv/lib/python3.12/site-packages/airflow/example_dags/example_branch_python_dop_operator_3.py
[2026-07-20T06:07:54.558+0000] {logging_mixin.py:188} INFO - [2026-07-20T06:07:54.558+0000] {dag.py:3089} INFO - Sync 1 DAGs
[2026-07-20T06:07:54.578+0000] {logging_mixin.py:188} INFO - [2026-07-20T06:07:54.578+0000] {dag.py:3947} INFO - Setting next_dagrun for example_branch_dop_operator_v3 to 2026-07-20 06:06:00+00:00, run_after=2026-07-20 06:07:00+00:00
[2026-07-20T06:07:54.598+0000] {processor.py:183} INFO - Processing /workspaces/recomart-recommendation-pipeline/airflow_venv/lib/python3.12/site-packages/airflow/example_dags/example_branch_python_dop_operator_3.py took 0.065 seconds
[2026-07-20T06:09:23.617+0000] {processor.py:161} INFO - Started process (PID=63791) to work on /workspaces/recomart-recommendation-pipeline/airflow_venv/lib/python3.12/site-packages/airflow/example_dags/example_branch_python_dop_operator_3.py
[2026-07-20T06:09:23.618+0000] {processor.py:830} INFO - Processing file /workspaces/recomart-recommendation-pipeline/airflow_venv/lib/python3.12/site-packages/airflow/example_dags/example_branch_python_dop_operator_3.py for tasks to queue
[2026-07-20T06:09:23.619+0000] {logging_mixin.py:188} INFO - [2026-07-20T06:09:23.619+0000] {dagbag.py:545} INFO - Filling up the DagBag from /workspaces/recomart-recommendation-pipeline/airflow_venv/lib/python3.12/site-packages/airflow/example_dags/example_branch_python_dop_operator_3.py
[2026-07-20T06:09:23.626+0000] {processor.py:840} INFO - DAG(s) 'example_branch_dop_operator_v3' retrieved from /workspaces/recomart-recommendation-pipeline/airflow_venv/lib/python3.12/site-packages/airflow/example_dags/example_branch_python_dop_operator_3.py
[2026-07-20T06:09:23.716+0000] {logging_mixin.py:188} INFO - [2026-07-20T06:09:23.716+0000] {dag.py:3089} INFO - Sync 1 DAGs
[2026-07-20T06:09:23.740+0000] {logging_mixin.py:188} INFO - [2026-07-20T06:09:23.740+0000] {dag.py:3947} INFO - Setting next_dagrun for example_branch_dop_operator_v3 to 2026-07-20 06:08:00+00:00, run_after=2026-07-20 06:09:00+00:00
[2026-07-20T06:09:23.766+0000] {processor.py:183} INFO - Processing /workspaces/recomart-recommendation-pipeline/airflow_venv/lib/python3.12/site-packages/airflow/example_dags/example_branch_python_dop_operator_3.py took 0.154 seconds
[2026-07-20T06:10:18.936+0000] {processor.py:161} INFO - Started process (PID=64246) to work on /workspaces/recomart-recommendation-pipeline/airflow_venv/lib/python3.12/site-packages/airflow/example_dags/example_branch_python_dop_operator_3.py
[2026-07-20T06:10:18.937+0000] {processor.py:830} INFO - Processing file /workspaces/recomart-recommendation-pipeline/airflow_venv/lib/python3.12/site-packages/airflow/example_dags/example_branch_python_dop_operator_3.py for tasks to queue
[2026-07-20T06:10:18.939+0000] {logging_mixin.py:188} INFO - [2026-07-20T06:10:18.938+0000] {dagbag.py:545} INFO - Filling up the DagBag from /workspaces/recomart-recommendation-pipeline/airflow_venv/lib/python3.12/site-packages/airflow/example_dags/example_branch_python_dop_operator_3.py
[2026-07-20T06:10:18.949+0000] {processor.py:840} INFO - DAG(s) 'example_branch_dop_operator_v3' retrieved from /workspaces/recomart-recommendation-pipeline/airflow_venv/lib/python3.12/site-packages/airflow/example_dags/example_branch_python_dop_operator_3.py
[2026-07-20T06:10:18.968+0000] {logging_mixin.py:188} INFO - [2026-07-20T06:10:18.968+0000] {dag.py:3089} INFO - Sync 1 DAGs
[2026-07-20T06:10:19.005+0000] {logging_mixin.py:188} INFO - [2026-07-20T06:10:19.005+0000] {dag.py:3947} INFO - Setting next_dagrun for example_branch_dop_operator_v3 to 2026-07-20 06:09:00+00:00, run_after=2026-07-20 06:10:00+00:00
[2026-07-20T06:10:19.092+0000] {processor.py:183} INFO - Processing /workspaces/recomart-recommendation-pipeline/airflow_venv/lib/python3.12/site-packages/airflow/example_dags/example_branch_python_dop_operator_3.py took 0.162 seconds
[2026-07-20T06:11:24.223+0000] {processor.py:161} INFO - Started process (PID=64965) to work on /workspaces/recomart-recommendation-pipeline/airflow_venv/lib/python3.12/site-packages/airflow/example_dags/example_branch_python_dop_operator_3.py
[2026-07-20T06:11:24.224+0000] {processor.py:830} INFO - Processing file /workspaces/recomart-recommendation-pipeline/airflow_venv/lib/python3.12/site-packages/airflow/example_dags/example_branch_python_dop_operator_3.py for tasks to queue
[2026-07-20T06:11:24.225+0000] {logging_mixin.py:188} INFO - [2026-07-20T06:11:24.225+0000] {dagbag.py:545} INFO - Filling up the DagBag from /workspaces/recomart-recommendation-pipeline/airflow_venv/lib/python3.12/site-packages/airflow/example_dags/example_branch_python_dop_operator_3.py
[2026-07-20T06:11:24.232+0000] {processor.py:840} INFO - DAG(s) 'example_branch_dop_operator_v3' retrieved from /workspaces/recomart-recommendation-pipeline/airflow_venv/lib/python3.12/site-packages/airflow/example_dags/example_branch_python_dop_operator_3.py
[2026-07-20T06:11:24.243+0000] {logging_mixin.py:188} INFO - [2026-07-20T06:11:24.243+0000] {dag.py:3089} INFO - Sync 1 DAGs
[2026-07-20T06:11:24.259+0000] {logging_mixin.py:188} INFO - [2026-07-20T06:11:24.259+0000] {dag.py:3947} INFO - Setting next_dagrun for example_branch_dop_operator_v3 to 2026-07-20 06:10:00+00:00, run_after=2026-07-20 06:11:00+00:00
[2026-07-20T06:11:24.279+0000] {processor.py:183} INFO - Processing /workspaces/recomart-recommendation-pipeline/airflow_venv/lib/python3.12/site-packages/airflow/example_dags/example_branch_python_dop_operator_3.py took 0.060 seconds
[2026-07-20T06:12:25.383+0000] {processor.py:161} INFO - Started process (PID=65469) to work on /workspaces/recomart-recommendation-pipeline/airflow_venv/lib/python3.12/site-packages/airflow/example_dags/example_branch_python_dop_operator_3.py
[2026-07-20T06:12:25.384+0000] {processor.py:830} INFO - Processing file /workspaces/recomart-recommendation-pipeline/airflow_venv/lib/python3.12/site-packages/airflow/example_dags/example_branch_python_dop_operator_3.py for tasks to queue
[2026-07-20T06:12:25.385+0000] {logging_mixin.py:188} INFO - [2026-07-20T06:12:25.385+0000] {dagbag.py:545} INFO - Filling up the DagBag from /workspaces/recomart-recommendation-pipeline/airflow_venv/lib/python3.12/site-packages/airflow/example_dags/example_branch_python_dop_operator_3.py
[2026-07-20T06:12:25.392+0000] {processor.py:840} INFO - DAG(s) 'example_branch_dop_operator_v3' retrieved from /workspaces/recomart-recommendation-pipeline/airflow_venv/lib/python3.12/site-packages/airflow/example_dags/example_branch_python_dop_operator_3.py
[2026-07-20T06:12:25.404+0000] {logging_mixin.py:188} INFO - [2026-07-20T06:12:25.404+0000] {dag.py:3089} INFO - Sync 1 DAGs
[2026-07-20T06:12:25.421+0000] {logging_mixin.py:188} INFO - [2026-07-20T06:12:25.421+0000] {dag.py:3947} INFO - Setting next_dagrun for example_branch_dop_operator_v3 to 2026-07-20 06:11:00+00:00, run_after=2026-07-20 06:12:00+00:00
[2026-07-20T06:12:25.441+0000] {processor.py:183} INFO - Processing /workspaces/recomart-recommendation-pipeline/airflow_venv/lib/python3.12/site-packages/airflow/example_dags/example_branch_python_dop_operator_3.py took 0.063 seconds
[2026-07-20T06:13:31.914+0000] {processor.py:161} INFO - Started process (PID=65996) to work on /workspaces/recomart-recommendation-pipeline/airflow_venv/lib/python3.12/site-packages/airflow/example_dags/example_branch_python_dop_operator_3.py
[2026-07-20T06:13:31.915+0000] {processor.py:830} INFO - Processing file /workspaces/recomart-recommendation-pipeline/airflow_venv/lib/python3.12/site-packages/airflow/example_dags/example_branch_python_dop_operator_3.py for tasks to queue
[2026-07-20T06:13:31.917+0000] {logging_mixin.py:188} INFO - [2026-07-20T06:13:31.916+0000] {dagbag.py:545} INFO - Filling up the DagBag from /workspaces/recomart-recommendation-pipeline/airflow_venv/lib/python3.12/site-packages/airflow/example_dags/example_branch_python_dop_operator_3.py
[2026-07-20T06:13:31.926+0000] {processor.py:840} INFO - DAG(s) 'example_branch_dop_operator_v3' retrieved from /workspaces/recomart-recommendation-pipeline/airflow_venv/lib/python3.12/site-packages/airflow/example_dags/example_branch_python_dop_operator_3.py
[2026-07-20T06:13:31.943+0000] {logging_mixin.py:188} INFO - [2026-07-20T06:13:31.943+0000] {dag.py:3089} INFO - Sync 1 DAGs
[2026-07-20T06:13:31.989+0000] {logging_mixin.py:188} INFO - [2026-07-20T06:13:31.988+0000] {dag.py:3947} INFO - Setting next_dagrun for example_branch_dop_operator_v3 to 2026-07-20 06:12:00+00:00, run_after=2026-07-20 06:13:00+00:00
[2026-07-20T06:13:32.014+0000] {processor.py:183} INFO - Processing /workspaces/recomart-recommendation-pipeline/airflow_venv/lib/python3.12/site-packages/airflow/example_dags/example_branch_python_dop_operator_3.py took 0.107 seconds
[2026-07-20T06:14:42.287+0000] {processor.py:161} INFO - Started process (PID=66922) to work on /workspaces/recomart-recommendation-pipeline/airflow_venv/lib/python3.12/site-packages/airflow/example_dags/example_branch_python_dop_operator_3.py
[2026-07-20T06:14:42.288+0000] {processor.py:830} INFO - Processing file /workspaces/recomart-recommendation-pipeline/airflow_venv/lib/python3.12/site-packages/airflow/example_dags/example_branch_python_dop_operator_3.py for tasks to queue
[2026-07-20T06:14:42.289+0000] {logging_mixin.py:188} INFO - [2026-07-20T06:14:42.289+0000] {dagbag.py:545} INFO - Filling up the DagBag from /workspaces/recomart-recommendation-pipeline/airflow_venv/lib/python3.12/site-packages/airflow/example_dags/example_branch_python_dop_operator_3.py
[2026-07-20T06:14:42.296+0000] {processor.py:840} INFO - DAG(s) 'example_branch_dop_operator_v3' retrieved from /workspaces/recomart-recommendation-pipeline/airflow_venv/lib/python3.12/site-packages/airflow/example_dags/example_branch_python_dop_operator_3.py
[2026-07-20T06:14:42.308+0000] {logging_mixin.py:188} INFO - [2026-07-20T06:14:42.308+0000] {dag.py:3089} INFO - Sync 1 DAGs
[2026-07-20T06:14:42.327+0000] {logging_mixin.py:188} INFO - [2026-07-20T06:14:42.327+0000] {dag.py:3947} INFO - Setting next_dagrun for example_branch_dop_operator_v3 to 2026-07-20 06:13:00+00:00, run_after=2026-07-20 06:14:00+00:00
[2026-07-20T06:14:42.345+0000] {processor.py:183} INFO - Processing /workspaces/recomart-recommendation-pipeline/airflow_venv/lib/python3.12/site-packages/airflow/example_dags/example_branch_python_dop_operator_3.py took 0.064 seconds
[2026-07-20T06:31:26.402+0000] {processor.py:161} INFO - Started process (PID=73847) to work on /workspaces/recomart-recommendation-pipeline/airflow_venv/lib/python3.12/site-packages/airflow/example_dags/example_branch_python_dop_operator_3.py
[2026-07-20T06:31:26.402+0000] {processor.py:830} INFO - Processing file /workspaces/recomart-recommendation-pipeline/airflow_venv/lib/python3.12/site-packages/airflow/example_dags/example_branch_python_dop_operator_3.py for tasks to queue
[2026-07-20T06:31:26.404+0000] {logging_mixin.py:188} INFO - [2026-07-20T06:31:26.403+0000] {dagbag.py:545} INFO - Filling up the DagBag from /workspaces/recomart-recommendation-pipeline/airflow_venv/lib/python3.12/site-packages/airflow/example_dags/example_branch_python_dop_operator_3.py
[2026-07-20T06:31:26.410+0000] {processor.py:840} INFO - DAG(s) 'example_branch_dop_operator_v3' retrieved from /workspaces/recomart-recommendation-pipeline/airflow_venv/lib/python3.12/site-packages/airflow/example_dags/example_branch_python_dop_operator_3.py
[2026-07-20T06:31:26.496+0000] {logging_mixin.py:188} INFO - [2026-07-20T06:31:26.496+0000] {dag.py:3089} INFO - Sync 1 DAGs
[2026-07-20T06:31:26.512+0000] {logging_mixin.py:188} INFO - [2026-07-20T06:31:26.512+0000] {dag.py:3947} INFO - Setting next_dagrun for example_branch_dop_operator_v3 to 2026-07-20 06:30:00+00:00, run_after=2026-07-20 06:31:00+00:00
[2026-07-20T06:31:26.529+0000] {processor.py:183} INFO - Processing /workspaces/recomart-recommendation-pipeline/airflow_venv/lib/python3.12/site-packages/airflow/example_dags/example_branch_python_dop_operator_3.py took 0.131 seconds
[2026-07-20T06:32:20.186+0000] {processor.py:161} INFO - Started process (PID=74608) to work on /workspaces/recomart-recommendation-pipeline/airflow_venv/lib/python3.12/site-packages/airflow/example_dags/example_branch_python_dop_operator_3.py
[2026-07-20T06:32:20.187+0000] {processor.py:830} INFO - Processing file /workspaces/recomart-recommendation-pipeline/airflow_venv/lib/python3.12/site-packages/airflow/example_dags/example_branch_python_dop_operator_3.py for tasks to queue
[2026-07-20T06:32:20.188+0000] {logging_mixin.py:188} INFO - [2026-07-20T06:32:20.188+0000] {dagbag.py:545} INFO - Filling up the DagBag from /workspaces/recomart-recommendation-pipeline/airflow_venv/lib/python3.12/site-packages/airflow/example_dags/example_branch_python_dop_operator_3.py
[2026-07-20T06:32:20.195+0000] {processor.py:840} INFO - DAG(s) 'example_branch_dop_operator_v3' retrieved from /workspaces/recomart-recommendation-pipeline/airflow_venv/lib/python3.12/site-packages/airflow/example_dags/example_branch_python_dop_operator_3.py
[2026-07-20T06:32:20.207+0000] {logging_mixin.py:188} INFO - [2026-07-20T06:32:20.207+0000] {dag.py:3089} INFO - Sync 1 DAGs
[2026-07-20T06:32:20.224+0000] {logging_mixin.py:188} INFO - [2026-07-20T06:32:20.224+0000] {dag.py:3947} INFO - Setting next_dagrun for example_branch_dop_operator_v3 to 2026-07-20 06:31:00+00:00, run_after=2026-07-20 06:32:00+00:00
[2026-07-20T06:32:20.240+0000] {processor.py:183} INFO - Processing /workspaces/recomart-recommendation-pipeline/airflow_venv/lib/python3.12/site-packages/airflow/example_dags/example_branch_python_dop_operator_3.py took 0.060 seconds
[2026-07-20T06:33:27.842+0000] {processor.py:161} INFO - Started process (PID=75151) to work on /workspaces/recomart-recommendation-pipeline/airflow_venv/lib/python3.12/site-packages/airflow/example_dags/example_branch_python_dop_operator_3.py
[2026-07-20T06:33:27.844+0000] {processor.py:830} INFO - Processing file /workspaces/recomart-recommendation-pipeline/airflow_venv/lib/python3.12/site-packages/airflow/example_dags/example_branch_python_dop_operator_3.py for tasks to queue
[2026-07-20T06:33:27.846+0000] {logging_mixin.py:188} INFO - [2026-07-20T06:33:27.845+0000] {dagbag.py:545} INFO - Filling up the DagBag from /workspaces/recomart-recommendation-pipeline/airflow_venv/lib/python3.12/site-packages/airflow/example_dags/example_branch_python_dop_operator_3.py
[2026-07-20T06:33:27.861+0000] {processor.py:840} INFO - DAG(s) 'example_branch_dop_operator_v3' retrieved from /workspaces/recomart-recommendation-pipeline/airflow_venv/lib/python3.12/site-packages/airflow/example_dags/example_branch_python_dop_operator_3.py
[2026-07-20T06:33:27.882+0000] {logging_mixin.py:188} INFO - [2026-07-20T06:33:27.882+0000] {dag.py:3089} INFO - Sync 1 DAGs
[2026-07-20T06:33:27.908+0000] {logging_mixin.py:188} INFO - [2026-07-20T06:33:27.907+0000] {dag.py:3947} INFO - Setting next_dagrun for example_branch_dop_operator_v3 to 2026-07-20 06:32:00+00:00, run_after=2026-07-20 06:33:00+00:00
[2026-07-20T06:33:27.930+0000] {processor.py:183} INFO - Processing /workspaces/recomart-recommendation-pipeline/airflow_venv/lib/python3.12/site-packages/airflow/example_dags/example_branch_python_dop_operator_3.py took 0.097 seconds
[2026-07-20T06:34:57.471+0000] {processor.py:161} INFO - Started process (PID=76789) to work on /workspaces/recomart-recommendation-pipeline/airflow_venv/lib/python3.12/site-packages/airflow/example_dags/example_branch_python_dop_operator_3.py
[2026-07-20T06:34:57.472+0000] {processor.py:830} INFO - Processing file /workspaces/recomart-recommendation-pipeline/airflow_venv/lib/python3.12/site-packages/airflow/example_dags/example_branch_python_dop_operator_3.py for tasks to queue
[2026-07-20T06:34:57.473+0000] {logging_mixin.py:188} INFO - [2026-07-20T06:34:57.473+0000] {dagbag.py:545} INFO - Filling up the DagBag from /workspaces/recomart-recommendation-pipeline/airflow_venv/lib/python3.12/site-packages/airflow/example_dags/example_branch_python_dop_operator_3.py
[2026-07-20T06:34:57.485+0000] {processor.py:840} INFO - DAG(s) 'example_branch_dop_operator_v3' retrieved from /workspaces/recomart-recommendation-pipeline/airflow_venv/lib/python3.12/site-packages/airflow/example_dags/example_branch_python_dop_operator_3.py
[2026-07-20T06:34:57.501+0000] {logging_mixin.py:188} INFO - [2026-07-20T06:34:57.501+0000] {dag.py:3089} INFO - Sync 1 DAGs
[2026-07-20T06:34:57.518+0000] {logging_mixin.py:188} INFO - [2026-07-20T06:34:57.518+0000] {dag.py:3947} INFO - Setting next_dagrun for example_branch_dop_operator_v3 to 2026-07-20 06:33:00+00:00, run_after=2026-07-20 06:34:00+00:00
[2026-07-20T06:34:57.536+0000] {processor.py:183} INFO - Processing /workspaces/recomart-recommendation-pipeline/airflow_venv/lib/python3.12/site-packages/airflow/example_dags/example_branch_python_dop_operator_3.py took 0.070 seconds
[2026-07-20T06:36:09.574+0000] {processor.py:161} INFO - Started process (PID=78180) to work on /workspaces/recomart-recommendation-pipeline/airflow_venv/lib/python3.12/site-packages/airflow/example_dags/example_branch_python_dop_operator_3.py
[2026-07-20T06:36:09.575+0000] {processor.py:830} INFO - Processing file /workspaces/recomart-recommendation-pipeline/airflow_venv/lib/python3.12/site-packages/airflow/example_dags/example_branch_python_dop_operator_3.py for tasks to queue
[2026-07-20T06:36:09.577+0000] {logging_mixin.py:188} INFO - [2026-07-20T06:36:09.576+0000] {dagbag.py:545} INFO - Filling up the DagBag from /workspaces/recomart-recommendation-pipeline/airflow_venv/lib/python3.12/site-packages/airflow/example_dags/example_branch_python_dop_operator_3.py
[2026-07-20T06:36:09.588+0000] {processor.py:840} INFO - DAG(s) 'example_branch_dop_operator_v3' retrieved from /workspaces/recomart-recommendation-pipeline/airflow_venv/lib/python3.12/site-packages/airflow/example_dags/example_branch_python_dop_operator_3.py
[2026-07-20T06:36:09.610+0000] {logging_mixin.py:188} INFO - [2026-07-20T06:36:09.610+0000] {dag.py:3089} INFO - Sync 1 DAGs
[2026-07-20T06:36:09.641+0000] {logging_mixin.py:188} INFO - [2026-07-20T06:36:09.641+0000] {dag.py:3947} INFO - Setting next_dagrun for example_branch_dop_operator_v3 to 2026-07-20 06:35:00+00:00, run_after=2026-07-20 06:36:00+00:00
[2026-07-20T06:36:09.659+0000] {processor.py:183} INFO - Processing /workspaces/recomart-recommendation-pipeline/airflow_venv/lib/python3.12/site-packages/airflow/example_dags/example_branch_python_dop_operator_3.py took 0.094 seconds
[2026-07-20T06:37:06.464+0000] {processor.py:161} INFO - Started process (PID=78889) to work on /workspaces/recomart-recommendation-pipeline/airflow_venv/lib/python3.12/site-packages/airflow/example_dags/example_branch_python_dop_operator_3.py
[2026-07-20T06:37:06.465+0000] {processor.py:830} INFO - Processing file /workspaces/recomart-recommendation-pipeline/airflow_venv/lib/python3.12/site-packages/airflow/example_dags/example_branch_python_dop_operator_3.py for tasks to queue
[2026-07-20T06:37:06.466+0000] {logging_mixin.py:188} INFO - [2026-07-20T06:37:06.466+0000] {dagbag.py:545} INFO - Filling up the DagBag from /workspaces/recomart-recommendation-pipeline/airflow_venv/lib/python3.12/site-packages/airflow/example_dags/example_branch_python_dop_operator_3.py
[2026-07-20T06:37:06.474+0000] {processor.py:840} INFO - DAG(s) 'example_branch_dop_operator_v3' retrieved from /workspaces/recomart-recommendation-pipeline/airflow_venv/lib/python3.12/site-packages/airflow/example_dags/example_branch_python_dop_operator_3.py
[2026-07-20T06:37:06.489+0000] {logging_mixin.py:188} INFO - [2026-07-20T06:37:06.489+0000] {dag.py:3089} INFO - Sync 1 DAGs
[2026-07-20T06:37:06.508+0000] {logging_mixin.py:188} INFO - [2026-07-20T06:37:06.508+0000] {dag.py:3947} INFO - Setting next_dagrun for example_branch_dop_operator_v3 to 2026-07-20 06:36:00+00:00, run_after=2026-07-20 06:37:00+00:00
[2026-07-20T06:37:06.525+0000] {processor.py:183} INFO - Processing /workspaces/recomart-recommendation-pipeline/airflow_venv/lib/python3.12/site-packages/airflow/example_dags/example_branch_python_dop_operator_3.py took 0.065 seconds
[2026-07-20T06:38:14.337+0000] {processor.py:161} INFO - Started process (PID=79430) to work on /workspaces/recomart-recommendation-pipeline/airflow_venv/lib/python3.12/site-packages/airflow/example_dags/example_branch_python_dop_operator_3.py
[2026-07-20T06:38:14.338+0000] {processor.py:830} INFO - Processing file /workspaces/recomart-recommendation-pipeline/airflow_venv/lib/python3.12/site-packages/airflow/example_dags/example_branch_python_dop_operator_3.py for tasks to queue
[2026-07-20T06:38:14.339+0000] {logging_mixin.py:188} INFO - [2026-07-20T06:38:14.339+0000] {dagbag.py:545} INFO - Filling up the DagBag from /workspaces/recomart-recommendation-pipeline/airflow_venv/lib/python3.12/site-packages/airflow/example_dags/example_branch_python_dop_operator_3.py
[2026-07-20T06:38:14.345+0000] {processor.py:840} INFO - DAG(s) 'example_branch_dop_operator_v3' retrieved from /workspaces/recomart-recommendation-pipeline/airflow_venv/lib/python3.12/site-packages/airflow/example_dags/example_branch_python_dop_operator_3.py
[2026-07-20T06:38:14.357+0000] {logging_mixin.py:188} INFO - [2026-07-20T06:38:14.357+0000] {dag.py:3089} INFO - Sync 1 DAGs
[2026-07-20T06:38:14.375+0000] {logging_mixin.py:188} INFO - [2026-07-20T06:38:14.375+0000] {dag.py:3947} INFO - Setting next_dagrun for example_branch_dop_operator_v3 to 2026-07-20 06:37:00+00:00, run_after=2026-07-20 06:38:00+00:00
[2026-07-20T06:38:14.489+0000] {processor.py:183} INFO - Processing /workspaces/recomart-recommendation-pipeline/airflow_venv/lib/python3.12/site-packages/airflow/example_dags/example_branch_python_dop_operator_3.py took 0.157 seconds
[2026-07-20T06:39:25.801+0000] {processor.py:161} INFO - Started process (PID=80013) to work on /workspaces/recomart-recommendation-pipeline/airflow_venv/lib/python3.12/site-packages/airflow/example_dags/example_branch_python_dop_operator_3.py
[2026-07-20T06:39:25.802+0000] {processor.py:830} INFO - Processing file /workspaces/recomart-recommendation-pipeline/airflow_venv/lib/python3.12/site-packages/airflow/example_dags/example_branch_python_dop_operator_3.py for tasks to queue
[2026-07-20T06:39:25.803+0000] {logging_mixin.py:188} INFO - [2026-07-20T06:39:25.803+0000] {dagbag.py:545} INFO - Filling up the DagBag from /workspaces/recomart-recommendation-pipeline/airflow_venv/lib/python3.12/site-packages/airflow/example_dags/example_branch_python_dop_operator_3.py
[2026-07-20T06:39:25.810+0000] {processor.py:840} INFO - DAG(s) 'example_branch_dop_operator_v3' retrieved from /workspaces/recomart-recommendation-pipeline/airflow_venv/lib/python3.12/site-packages/airflow/example_dags/example_branch_python_dop_operator_3.py
[2026-07-20T06:39:25.822+0000] {logging_mixin.py:188} INFO - [2026-07-20T06:39:25.822+0000] {dag.py:3089} INFO - Sync 1 DAGs
[2026-07-20T06:39:25.842+0000] {logging_mixin.py:188} INFO - [2026-07-20T06:39:25.841+0000] {dag.py:3947} INFO - Setting next_dagrun for example_branch_dop_operator_v3 to 2026-07-20 06:38:00+00:00, run_after=2026-07-20 06:39:00+00:00
[2026-07-20T06:39:25.860+0000] {processor.py:183} INFO - Processing /workspaces/recomart-recommendation-pipeline/airflow_venv/lib/python3.12/site-packages/airflow/example_dags/example_branch_python_dop_operator_3.py took 0.065 seconds
[2026-07-20T06:40:41.495+0000] {processor.py:161} INFO - Started process (PID=80687) to work on /workspaces/recomart-recommendation-pipeline/airflow_venv/lib/python3.12/site-packages/airflow/example_dags/example_branch_python_dop_operator_3.py
[2026-07-20T06:40:41.496+0000] {processor.py:830} INFO - Processing file /workspaces/recomart-recommendation-pipeline/airflow_venv/lib/python3.12/site-packages/airflow/example_dags/example_branch_python_dop_operator_3.py for tasks to queue
[2026-07-20T06:40:41.499+0000] {logging_mixin.py:188} INFO - [2026-07-20T06:40:41.498+0000] {dagbag.py:545} INFO - Filling up the DagBag from /workspaces/recomart-recommendation-pipeline/airflow_venv/lib/python3.12/site-packages/airflow/example_dags/example_branch_python_dop_operator_3.py
[2026-07-20T06:40:41.515+0000] {processor.py:840} INFO - DAG(s) 'example_branch_dop_operator_v3' retrieved from /workspaces/recomart-recommendation-pipeline/airflow_venv/lib/python3.12/site-packages/airflow/example_dags/example_branch_python_dop_operator_3.py
[2026-07-20T06:40:41.577+0000] {logging_mixin.py:188} INFO - [2026-07-20T06:40:41.576+0000] {dag.py:3089} INFO - Sync 1 DAGs
[2026-07-20T06:40:41.636+0000] {logging_mixin.py:188} INFO - [2026-07-20T06:40:41.636+0000] {dag.py:3947} INFO - Setting next_dagrun for example_branch_dop_operator_v3 to 2026-07-20 06:39:00+00:00, run_after=2026-07-20 06:40:00+00:00
[2026-07-20T06:40:41.716+0000] {processor.py:183} INFO - Processing /workspaces/recomart-recommendation-pipeline/airflow_venv/lib/python3.12/site-packages/airflow/example_dags/example_branch_python_dop_operator_3.py took 0.228 seconds
[2026-07-20T06:41:51.405+0000] {processor.py:161} INFO - Started process (PID=81298) to work on /workspaces/recomart-recommendation-pipeline/airflow_venv/lib/python3.12/site-packages/airflow/example_dags/example_branch_python_dop_operator_3.py
[2026-07-20T06:41:51.407+0000] {processor.py:830} INFO - Processing file /workspaces/recomart-recommendation-pipeline/airflow_venv/lib/python3.12/site-packages/airflow/example_dags/example_branch_python_dop_operator_3.py for tasks to queue
[2026-07-20T06:41:51.409+0000] {logging_mixin.py:188} INFO - [2026-07-20T06:41:51.408+0000] {dagbag.py:545} INFO - Filling up the DagBag from /workspaces/recomart-recommendation-pipeline/airflow_venv/lib/python3.12/site-packages/airflow/example_dags/example_branch_python_dop_operator_3.py
[2026-07-20T06:41:51.419+0000] {processor.py:840} INFO - DAG(s) 'example_branch_dop_operator_v3' retrieved from /workspaces/recomart-recommendation-pipeline/airflow_venv/lib/python3.12/site-packages/airflow/example_dags/example_branch_python_dop_operator_3.py
[2026-07-20T06:41:51.437+0000] {logging_mixin.py:188} INFO - [2026-07-20T06:41:51.437+0000] {dag.py:3089} INFO - Sync 1 DAGs
[2026-07-20T06:41:51.465+0000] {logging_mixin.py:188} INFO - [2026-07-20T06:41:51.464+0000] {dag.py:3947} INFO - Setting next_dagrun for example_branch_dop_operator_v3 to 2026-07-20 06:40:00+00:00, run_after=2026-07-20 06:41:00+00:00
[2026-07-20T06:41:51.501+0000] {processor.py:183} INFO - Processing /workspaces/recomart-recommendation-pipeline/airflow_venv/lib/python3.12/site-packages/airflow/example_dags/example_branch_python_dop_operator_3.py took 0.106 seconds
[2026-07-20T06:43:01.484+0000] {processor.py:161} INFO - Started process (PID=81872) to work on /workspaces/recomart-recommendation-pipeline/airflow_venv/lib/python3.12/site-packages/airflow/example_dags/example_branch_python_dop_operator_3.py
[2026-07-20T06:43:01.486+0000] {processor.py:830} INFO - Processing file /workspaces/recomart-recommendation-pipeline/airflow_venv/lib/python3.12/site-packages/airflow/example_dags/example_branch_python_dop_operator_3.py for tasks to queue
[2026-07-20T06:43:01.488+0000] {logging_mixin.py:188} INFO - [2026-07-20T06:43:01.487+0000] {dagbag.py:545} INFO - Filling up the DagBag from /workspaces/recomart-recommendation-pipeline/airflow_venv/lib/python3.12/site-packages/airflow/example_dags/example_branch_python_dop_operator_3.py
[2026-07-20T06:43:01.498+0000] {processor.py:840} INFO - DAG(s) 'example_branch_dop_operator_v3' retrieved from /workspaces/recomart-recommendation-pipeline/airflow_venv/lib/python3.12/site-packages/airflow/example_dags/example_branch_python_dop_operator_3.py
[2026-07-20T06:43:01.516+0000] {logging_mixin.py:188} INFO - [2026-07-20T06:43:01.516+0000] {dag.py:3089} INFO - Sync 1 DAGs
[2026-07-20T06:43:01.544+0000] {logging_mixin.py:188} INFO - [2026-07-20T06:43:01.544+0000] {dag.py:3947} INFO - Setting next_dagrun for example_branch_dop_operator_v3 to 2026-07-20 06:42:00+00:00, run_after=2026-07-20 06:43:00+00:00
[2026-07-20T06:43:01.586+0000] {processor.py:183} INFO - Processing /workspaces/recomart-recommendation-pipeline/airflow_venv/lib/python3.12/site-packages/airflow/example_dags/example_branch_python_dop_operator_3.py took 0.110 seconds
[2026-07-20T06:44:15.978+0000] {processor.py:161} INFO - Started process (PID=82488) to work on /workspaces/recomart-recommendation-pipeline/airflow_venv/lib/python3.12/site-packages/airflow/example_dags/example_branch_python_dop_operator_3.py
[2026-07-20T06:44:15.980+0000] {processor.py:830} INFO - Processing file /workspaces/recomart-recommendation-pipeline/airflow_venv/lib/python3.12/site-packages/airflow/example_dags/example_branch_python_dop_operator_3.py for tasks to queue
[2026-07-20T06:44:15.982+0000] {logging_mixin.py:188} INFO - [2026-07-20T06:44:15.981+0000] {dagbag.py:545} INFO - Filling up the DagBag from /workspaces/recomart-recommendation-pipeline/airflow_venv/lib/python3.12/site-packages/airflow/example_dags/example_branch_python_dop_operator_3.py
[2026-07-20T06:44:15.992+0000] {processor.py:840} INFO - DAG(s) 'example_branch_dop_operator_v3' retrieved from /workspaces/recomart-recommendation-pipeline/airflow_venv/lib/python3.12/site-packages/airflow/example_dags/example_branch_python_dop_operator_3.py
[2026-07-20T06:44:16.007+0000] {logging_mixin.py:188} INFO - [2026-07-20T06:44:16.007+0000] {dag.py:3089} INFO - Sync 1 DAGs
[2026-07-20T06:44:16.024+0000] {logging_mixin.py:188} INFO - [2026-07-20T06:44:16.024+0000] {dag.py:3947} INFO - Setting next_dagrun for example_branch_dop_operator_v3 to 2026-07-20 06:43:00+00:00, run_after=2026-07-20 06:44:00+00:00
[2026-07-20T06:44:16.041+0000] {processor.py:183} INFO - Processing /workspaces/recomart-recommendation-pipeline/airflow_venv/lib/python3.12/site-packages/airflow/example_dags/example_branch_python_dop_operator_3.py took 0.069 seconds
[2026-07-20T06:45:15.867+0000] {processor.py:161} INFO - Started process (PID=82973) to work on /workspaces/recomart-recommendation-pipeline/airflow_venv/lib/python3.12/site-packages/airflow/example_dags/example_branch_python_dop_operator_3.py
[2026-07-20T06:45:15.869+0000] {processor.py:830} INFO - Processing file /workspaces/recomart-recommendation-pipeline/airflow_venv/lib/python3.12/site-packages/airflow/example_dags/example_branch_python_dop_operator_3.py for tasks to queue
[2026-07-20T06:45:15.873+0000] {logging_mixin.py:188} INFO - [2026-07-20T06:45:15.871+0000] {dagbag.py:545} INFO - Filling up the DagBag from /workspaces/recomart-recommendation-pipeline/airflow_venv/lib/python3.12/site-packages/airflow/example_dags/example_branch_python_dop_operator_3.py
[2026-07-20T06:45:15.888+0000] {processor.py:840} INFO - DAG(s) 'example_branch_dop_operator_v3' retrieved from /workspaces/recomart-recommendation-pipeline/airflow_venv/lib/python3.12/site-packages/airflow/example_dags/example_branch_python_dop_operator_3.py
[2026-07-20T06:45:15.904+0000] {logging_mixin.py:188} INFO - [2026-07-20T06:45:15.904+0000] {dag.py:3089} INFO - Sync 1 DAGs
[2026-07-20T06:45:15.922+0000] {logging_mixin.py:188} INFO - [2026-07-20T06:45:15.922+0000] {dag.py:3947} INFO - Setting next_dagrun for example_branch_dop_operator_v3 to 2026-07-20 06:44:00+00:00, run_after=2026-07-20 06:45:00+00:00
[2026-07-20T06:45:15.939+0000] {processor.py:183} INFO - Processing /workspaces/recomart-recommendation-pipeline/airflow_venv/lib/python3.12/site-packages/airflow/example_dags/example_branch_python_dop_operator_3.py took 0.079 seconds
[2026-07-20T06:46:24.731+0000] {processor.py:161} INFO - Started process (PID=83600) to work on /workspaces/recomart-recommendation-pipeline/airflow_venv/lib/python3.12/site-packages/airflow/example_dags/example_branch_python_dop_operator_3.py
[2026-07-20T06:46:24.732+0000] {processor.py:830} INFO - Processing file /workspaces/recomart-recommendation-pipeline/airflow_venv/lib/python3.12/site-packages/airflow/example_dags/example_branch_python_dop_operator_3.py for tasks to queue
[2026-07-20T06:46:24.733+0000] {logging_mixin.py:188} INFO - [2026-07-20T06:46:24.733+0000] {dagbag.py:545} INFO - Filling up the DagBag from /workspaces/recomart-recommendation-pipeline/airflow_venv/lib/python3.12/site-packages/airflow/example_dags/example_branch_python_dop_operator_3.py
[2026-07-20T06:46:24.740+0000] {processor.py:840} INFO - DAG(s) 'example_branch_dop_operator_v3' retrieved from /workspaces/recomart-recommendation-pipeline/airflow_venv/lib/python3.12/site-packages/airflow/example_dags/example_branch_python_dop_operator_3.py
[2026-07-20T06:46:24.751+0000] {logging_mixin.py:188} INFO - [2026-07-20T06:46:24.751+0000] {dag.py:3089} INFO - Sync 1 DAGs
[2026-07-20T06:46:24.770+0000] {logging_mixin.py:188} INFO - [2026-07-20T06:46:24.770+0000] {dag.py:3947} INFO - Setting next_dagrun for example_branch_dop_operator_v3 to 2026-07-20 06:45:00+00:00, run_after=2026-07-20 06:46:00+00:00
[2026-07-20T06:46:24.790+0000] {processor.py:183} INFO - Processing /workspaces/recomart-recommendation-pipeline/airflow_venv/lib/python3.12/site-packages/airflow/example_dags/example_branch_python_dop_operator_3.py took 0.064 seconds
[2026-07-20T06:47:27.824+0000] {processor.py:161} INFO - Started process (PID=84110) to work on /workspaces/recomart-recommendation-pipeline/airflow_venv/lib/python3.12/site-packages/airflow/example_dags/example_branch_python_dop_operator_3.py
[2026-07-20T06:47:27.826+0000] {processor.py:830} INFO - Processing file /workspaces/recomart-recommendation-pipeline/airflow_venv/lib/python3.12/site-packages/airflow/example_dags/example_branch_python_dop_operator_3.py for tasks to queue
[2026-07-20T06:47:27.828+0000] {logging_mixin.py:188} INFO - [2026-07-20T06:47:27.828+0000] {dagbag.py:545} INFO - Filling up the DagBag from /workspaces/recomart-recommendation-pipeline/airflow_venv/lib/python3.12/site-packages/airflow/example_dags/example_branch_python_dop_operator_3.py
[2026-07-20T06:47:27.848+0000] {processor.py:840} INFO - DAG(s) 'example_branch_dop_operator_v3' retrieved from /workspaces/recomart-recommendation-pipeline/airflow_venv/lib/python3.12/site-packages/airflow/example_dags/example_branch_python_dop_operator_3.py
[2026-07-20T06:47:27.867+0000] {logging_mixin.py:188} INFO - [2026-07-20T06:47:27.867+0000] {dag.py:3089} INFO - Sync 1 DAGs
[2026-07-20T06:47:27.894+0000] {logging_mixin.py:188} INFO - [2026-07-20T06:47:27.894+0000] {dag.py:3947} INFO - Setting next_dagrun for example_branch_dop_operator_v3 to 2026-07-20 06:46:00+00:00, run_after=2026-07-20 06:47:00+00:00
[2026-07-20T06:47:27.951+0000] {processor.py:183} INFO - Processing /workspaces/recomart-recommendation-pipeline/airflow_venv/lib/python3.12/site-packages/airflow/example_dags/example_branch_python_dop_operator_3.py took 0.134 seconds
[2026-07-20T06:48:32.208+0000] {processor.py:161} INFO - Started process (PID=84655) to work on /workspaces/recomart-recommendation-pipeline/airflow_venv/lib/python3.12/site-packages/airflow/example_dags/example_branch_python_dop_operator_3.py
[2026-07-20T06:48:32.208+0000] {processor.py:830} INFO - Processing file /workspaces/recomart-recommendation-pipeline/airflow_venv/lib/python3.12/site-packages/airflow/example_dags/example_branch_python_dop_operator_3.py for tasks to queue
[2026-07-20T06:48:32.210+0000] {logging_mixin.py:188} INFO - [2026-07-20T06:48:32.210+0000] {dagbag.py:545} INFO - Filling up the DagBag from /workspaces/recomart-recommendation-pipeline/airflow_venv/lib/python3.12/site-packages/airflow/example_dags/example_branch_python_dop_operator_3.py
[2026-07-20T06:48:32.217+0000] {processor.py:840} INFO - DAG(s) 'example_branch_dop_operator_v3' retrieved from /workspaces/recomart-recommendation-pipeline/airflow_venv/lib/python3.12/site-packages/airflow/example_dags/example_branch_python_dop_operator_3.py
[2026-07-20T06:48:32.229+0000] {logging_mixin.py:188} INFO - [2026-07-20T06:48:32.228+0000] {dag.py:3089} INFO - Sync 1 DAGs
[2026-07-20T06:48:32.246+0000] {logging_mixin.py:188} INFO - [2026-07-20T06:48:32.245+0000] {dag.py:3947} INFO - Setting next_dagrun for example_branch_dop_operator_v3 to 2026-07-20 06:47:00+00:00, run_after=2026-07-20 06:48:00+00:00
[2026-07-20T06:48:32.262+0000] {processor.py:183} INFO - Processing /workspaces/recomart-recommendation-pipeline/airflow_venv/lib/python3.12/site-packages/airflow/example_dags/example_branch_python_dop_operator_3.py took 0.059 seconds
[2026-07-20T06:49:34.158+0000] {processor.py:161} INFO - Started process (PID=85284) to work on /workspaces/recomart-recommendation-pipeline/airflow_venv/lib/python3.12/site-packages/airflow/example_dags/example_branch_python_dop_operator_3.py
[2026-07-20T06:49:34.159+0000] {processor.py:830} INFO - Processing file /workspaces/recomart-recommendation-pipeline/airflow_venv/lib/python3.12/site-packages/airflow/example_dags/example_branch_python_dop_operator_3.py for tasks to queue
[2026-07-20T06:49:34.160+0000] {logging_mixin.py:188} INFO - [2026-07-20T06:49:34.160+0000] {dagbag.py:545} INFO - Filling up the DagBag from /workspaces/recomart-recommendation-pipeline/airflow_venv/lib/python3.12/site-packages/airflow/example_dags/example_branch_python_dop_operator_3.py
[2026-07-20T06:49:34.167+0000] {processor.py:840} INFO - DAG(s) 'example_branch_dop_operator_v3' retrieved from /workspaces/recomart-recommendation-pipeline/airflow_venv/lib/python3.12/site-packages/airflow/example_dags/example_branch_python_dop_operator_3.py
[2026-07-20T06:49:34.183+0000] {logging_mixin.py:188} INFO - [2026-07-20T06:49:34.183+0000] {dag.py:3089} INFO - Sync 1 DAGs
[2026-07-20T06:49:34.201+0000] {logging_mixin.py:188} INFO - [2026-07-20T06:49:34.201+0000] {dag.py:3947} INFO - Setting next_dagrun for example_branch_dop_operator_v3 to 2026-07-20 06:48:00+00:00, run_after=2026-07-20 06:49:00+00:00
[2026-07-20T06:49:34.220+0000] {processor.py:183} INFO - Processing /workspaces/recomart-recommendation-pipeline/airflow_venv/lib/python3.12/site-packages/airflow/example_dags/example_branch_python_dop_operator_3.py took 0.067 seconds
[2026-07-20T06:50:39.945+0000] {processor.py:161} INFO - Started process (PID=85936) to work on /workspaces/recomart-recommendation-pipeline/airflow_venv/lib/python3.12/site-packages/airflow/example_dags/example_branch_python_dop_operator_3.py
[2026-07-20T06:50:39.946+0000] {processor.py:830} INFO - Processing file /workspaces/recomart-recommendation-pipeline/airflow_venv/lib/python3.12/site-packages/airflow/example_dags/example_branch_python_dop_operator_3.py for tasks to queue
[2026-07-20T06:50:39.947+0000] {logging_mixin.py:188} INFO - [2026-07-20T06:50:39.947+0000] {dagbag.py:545} INFO - Filling up the DagBag from /workspaces/recomart-recommendation-pipeline/airflow_venv/lib/python3.12/site-packages/airflow/example_dags/example_branch_python_dop_operator_3.py
[2026-07-20T06:50:39.954+0000] {processor.py:840} INFO - DAG(s) 'example_branch_dop_operator_v3' retrieved from /workspaces/recomart-recommendation-pipeline/airflow_venv/lib/python3.12/site-packages/airflow/example_dags/example_branch_python_dop_operator_3.py
[2026-07-20T06:50:39.966+0000] {logging_mixin.py:188} INFO - [2026-07-20T06:50:39.965+0000] {dag.py:3089} INFO - Sync 1 DAGs
[2026-07-20T06:50:39.988+0000] {logging_mixin.py:188} INFO - [2026-07-20T06:50:39.988+0000] {dag.py:3947} INFO - Setting next_dagrun for example_branch_dop_operator_v3 to 2026-07-20 06:49:00+00:00, run_after=2026-07-20 06:50:00+00:00
[2026-07-20T06:50:40.005+0000] {processor.py:183} INFO - Processing /workspaces/recomart-recommendation-pipeline/airflow_venv/lib/python3.12/site-packages/airflow/example_dags/example_branch_python_dop_operator_3.py took 0.064 seconds
[2026-07-20T06:51:48.728+0000] {processor.py:161} INFO - Started process (PID=86688) to work on /workspaces/recomart-recommendation-pipeline/airflow_venv/lib/python3.12/site-packages/airflow/example_dags/example_branch_python_dop_operator_3.py
[2026-07-20T06:51:48.729+0000] {processor.py:830} INFO - Processing file /workspaces/recomart-recommendation-pipeline/airflow_venv/lib/python3.12/site-packages/airflow/example_dags/example_branch_python_dop_operator_3.py for tasks to queue
[2026-07-20T06:51:48.732+0000] {logging_mixin.py:188} INFO - [2026-07-20T06:51:48.731+0000] {dagbag.py:545} INFO - Filling up the DagBag from /workspaces/recomart-recommendation-pipeline/airflow_venv/lib/python3.12/site-packages/airflow/example_dags/example_branch_python_dop_operator_3.py
[2026-07-20T06:51:48.743+0000] {processor.py:840} INFO - DAG(s) 'example_branch_dop_operator_v3' retrieved from /workspaces/recomart-recommendation-pipeline/airflow_venv/lib/python3.12/site-packages/airflow/example_dags/example_branch_python_dop_operator_3.py
[2026-07-20T06:51:48.756+0000] {logging_mixin.py:188} INFO - [2026-07-20T06:51:48.756+0000] {dag.py:3089} INFO - Sync 1 DAGs
[2026-07-20T06:51:48.776+0000] {logging_mixin.py:188} INFO - [2026-07-20T06:51:48.776+0000] {dag.py:3947} INFO - Setting next_dagrun for example_branch_dop_operator_v3 to 2026-07-20 06:50:00+00:00, run_after=2026-07-20 06:51:00+00:00
[2026-07-20T06:51:48.795+0000] {processor.py:183} INFO - Processing /workspaces/recomart-recommendation-pipeline/airflow_venv/lib/python3.12/site-packages/airflow/example_dags/example_branch_python_dop_operator_3.py took 0.073 seconds
[2026-07-20T06:58:26.804+0000] {processor.py:161} INFO - Started process (PID=89861) to work on /workspaces/recomart-recommendation-pipeline/airflow_venv/lib/python3.12/site-packages/airflow/example_dags/example_branch_python_dop_operator_3.py
[2026-07-20T06:58:26.805+0000] {processor.py:830} INFO - Processing file /workspaces/recomart-recommendation-pipeline/airflow_venv/lib/python3.12/site-packages/airflow/example_dags/example_branch_python_dop_operator_3.py for tasks to queue
[2026-07-20T06:58:26.807+0000] {logging_mixin.py:188} INFO - [2026-07-20T06:58:26.806+0000] {dagbag.py:545} INFO - Filling up the DagBag from /workspaces/recomart-recommendation-pipeline/airflow_venv/lib/python3.12/site-packages/airflow/example_dags/example_branch_python_dop_operator_3.py
[2026-07-20T06:58:26.814+0000] {processor.py:840} INFO - DAG(s) 'example_branch_dop_operator_v3' retrieved from /workspaces/recomart-recommendation-pipeline/airflow_venv/lib/python3.12/site-packages/airflow/example_dags/example_branch_python_dop_operator_3.py
[2026-07-20T06:58:26.900+0000] {logging_mixin.py:188} INFO - [2026-07-20T06:58:26.900+0000] {dag.py:3089} INFO - Sync 1 DAGs
[2026-07-20T06:58:26.916+0000] {logging_mixin.py:188} INFO - [2026-07-20T06:58:26.916+0000] {dag.py:3947} INFO - Setting next_dagrun for example_branch_dop_operator_v3 to 2026-07-20 06:57:00+00:00, run_after=2026-07-20 06:58:00+00:00
[2026-07-20T06:58:26.934+0000] {processor.py:183} INFO - Processing /workspaces/recomart-recommendation-pipeline/airflow_venv/lib/python3.12/site-packages/airflow/example_dags/example_branch_python_dop_operator_3.py took 0.134 seconds
[2026-07-20T07:00:02.845+0000] {processor.py:161} INFO - Started process (PID=91473) to work on /workspaces/recomart-recommendation-pipeline/airflow_venv/lib/python3.12/site-packages/airflow/example_dags/example_branch_python_dop_operator_3.py
[2026-07-20T07:00:02.846+0000] {processor.py:830} INFO - Processing file /workspaces/recomart-recommendation-pipeline/airflow_venv/lib/python3.12/site-packages/airflow/example_dags/example_branch_python_dop_operator_3.py for tasks to queue
[2026-07-20T07:00:02.847+0000] {logging_mixin.py:188} INFO - [2026-07-20T07:00:02.847+0000] {dagbag.py:545} INFO - Filling up the DagBag from /workspaces/recomart-recommendation-pipeline/airflow_venv/lib/python3.12/site-packages/airflow/example_dags/example_branch_python_dop_operator_3.py
[2026-07-20T07:00:02.854+0000] {processor.py:840} INFO - DAG(s) 'example_branch_dop_operator_v3' retrieved from /workspaces/recomart-recommendation-pipeline/airflow_venv/lib/python3.12/site-packages/airflow/example_dags/example_branch_python_dop_operator_3.py
[2026-07-20T07:00:02.868+0000] {logging_mixin.py:188} INFO - [2026-07-20T07:00:02.868+0000] {dag.py:3089} INFO - Sync 1 DAGs
[2026-07-20T07:00:02.890+0000] {logging_mixin.py:188} INFO - [2026-07-20T07:00:02.890+0000] {dag.py:3947} INFO - Setting next_dagrun for example_branch_dop_operator_v3 to 2026-07-20 06:59:00+00:00, run_after=2026-07-20 07:00:00+00:00
[2026-07-20T07:00:02.906+0000] {processor.py:183} INFO - Processing /workspaces/recomart-recommendation-pipeline/airflow_venv/lib/python3.12/site-packages/airflow/example_dags/example_branch_python_dop_operator_3.py took 0.066 seconds
[2026-07-20T07:00:54.247+0000] {processor.py:161} INFO - Started process (PID=92006) to work on /workspaces/recomart-recommendation-pipeline/airflow_venv/lib/python3.12/site-packages/airflow/example_dags/example_branch_python_dop_operator_3.py
[2026-07-20T07:00:54.248+0000] {processor.py:830} INFO - Processing file /workspaces/recomart-recommendation-pipeline/airflow_venv/lib/python3.12/site-packages/airflow/example_dags/example_branch_python_dop_operator_3.py for tasks to queue
[2026-07-20T07:00:54.249+0000] {logging_mixin.py:188} INFO - [2026-07-20T07:00:54.249+0000] {dagbag.py:545} INFO - Filling up the DagBag from /workspaces/recomart-recommendation-pipeline/airflow_venv/lib/python3.12/site-packages/airflow/example_dags/example_branch_python_dop_operator_3.py
[2026-07-20T07:00:54.256+0000] {processor.py:840} INFO - DAG(s) 'example_branch_dop_operator_v3' retrieved from /workspaces/recomart-recommendation-pipeline/airflow_venv/lib/python3.12/site-packages/airflow/example_dags/example_branch_python_dop_operator_3.py
[2026-07-20T07:00:54.267+0000] {logging_mixin.py:188} INFO - [2026-07-20T07:00:54.267+0000] {dag.py:3089} INFO - Sync 1 DAGs
[2026-07-20T07:00:54.290+0000] {logging_mixin.py:188} INFO - [2026-07-20T07:00:54.290+0000] {dag.py:3947} INFO - Setting next_dagrun for example_branch_dop_operator_v3 to 2026-07-20 06:59:00+00:00, run_after=2026-07-20 07:00:00+00:00
[2026-07-20T07:00:54.308+0000] {processor.py:183} INFO - Processing /workspaces/recomart-recommendation-pipeline/airflow_venv/lib/python3.12/site-packages/airflow/example_dags/example_branch_python_dop_operator_3.py took 0.066 seconds
