[2026-07-20T05:59:10.754+0000] {processor.py:161} INFO - Started process (PID=58226) to work on /workspaces/recomart-recommendation-pipeline/airflow_venv/lib/python3.12/site-packages/airflow/example_dags/example_python_operator.py
[2026-07-20T05:59:10.755+0000] {processor.py:830} INFO - Processing file /workspaces/recomart-recommendation-pipeline/airflow_venv/lib/python3.12/site-packages/airflow/example_dags/example_python_operator.py for tasks to queue
[2026-07-20T05:59:10.756+0000] {logging_mixin.py:188} INFO - [2026-07-20T05:59:10.756+0000] {dagbag.py:545} INFO - Filling up the DagBag from /workspaces/recomart-recommendation-pipeline/airflow_venv/lib/python3.12/site-packages/airflow/example_dags/example_python_operator.py
[2026-07-20T05:59:10.765+0000] {processor.py:840} INFO - DAG(s) 'example_python_operator' retrieved from /workspaces/recomart-recommendation-pipeline/airflow_venv/lib/python3.12/site-packages/airflow/example_dags/example_python_operator.py
[2026-07-20T05:59:11.114+0000] {logging_mixin.py:188} INFO - [2026-07-20T05:59:11.113+0000] {override.py:1858} INFO - Created Permission View: can read on DAG:example_python_operator
[2026-07-20T05:59:11.125+0000] {logging_mixin.py:188} INFO - [2026-07-20T05:59:11.125+0000] {override.py:1858} INFO - Created Permission View: can edit on DAG:example_python_operator
[2026-07-20T05:59:11.133+0000] {logging_mixin.py:188} INFO - [2026-07-20T05:59:11.133+0000] {override.py:1858} INFO - Created Permission View: can delete on DAG:example_python_operator
[2026-07-20T05:59:11.133+0000] {logging_mixin.py:188} INFO - [2026-07-20T05:59:11.133+0000] {dag.py:3089} INFO - Sync 1 DAGs
[2026-07-20T05:59:11.148+0000] {logging_mixin.py:188} INFO - [2026-07-20T05:59:11.148+0000] {dag.py:3111} INFO - Creating ORM DAG for example_python_operator
[2026-07-20T05:59:11.149+0000] {logging_mixin.py:188} INFO - [2026-07-20T05:59:11.148+0000] {dag.py:3947} INFO - Setting next_dagrun for example_python_operator to None, run_after=None
[2026-07-20T05:59:11.198+0000] {processor.py:183} INFO - Processing /workspaces/recomart-recommendation-pipeline/airflow_venv/lib/python3.12/site-packages/airflow/example_dags/example_python_operator.py took 0.449 seconds
[2026-07-20T06:00:06.828+0000] {processor.py:161} INFO - Started process (PID=58703) to work on /workspaces/recomart-recommendation-pipeline/airflow_venv/lib/python3.12/site-packages/airflow/example_dags/example_python_operator.py
[2026-07-20T06:00:06.829+0000] {processor.py:830} INFO - Processing file /workspaces/recomart-recommendation-pipeline/airflow_venv/lib/python3.12/site-packages/airflow/example_dags/example_python_operator.py for tasks to queue
[2026-07-20T06:00:06.830+0000] {logging_mixin.py:188} INFO - [2026-07-20T06:00:06.830+0000] {dagbag.py:545} INFO - Filling up the DagBag from /workspaces/recomart-recommendation-pipeline/airflow_venv/lib/python3.12/site-packages/airflow/example_dags/example_python_operator.py
[2026-07-20T06:00:06.839+0000] {processor.py:840} INFO - DAG(s) 'example_python_operator' retrieved from /workspaces/recomart-recommendation-pipeline/airflow_venv/lib/python3.12/site-packages/airflow/example_dags/example_python_operator.py
[2026-07-20T06:00:06.853+0000] {logging_mixin.py:188} INFO - [2026-07-20T06:00:06.853+0000] {dag.py:3089} INFO - Sync 1 DAGs
[2026-07-20T06:00:06.862+0000] {logging_mixin.py:188} INFO - [2026-07-20T06:00:06.862+0000] {dag.py:3947} INFO - Setting next_dagrun for example_python_operator to None, run_after=None
[2026-07-20T06:00:06.883+0000] {processor.py:183} INFO - Processing /workspaces/recomart-recommendation-pipeline/airflow_venv/lib/python3.12/site-packages/airflow/example_dags/example_python_operator.py took 0.060 seconds
[2026-07-20T06:00:57.568+0000] {processor.py:161} INFO - Started process (PID=59255) to work on /workspaces/recomart-recommendation-pipeline/airflow_venv/lib/python3.12/site-packages/airflow/example_dags/example_python_operator.py
[2026-07-20T06:00:57.569+0000] {processor.py:830} INFO - Processing file /workspaces/recomart-recommendation-pipeline/airflow_venv/lib/python3.12/site-packages/airflow/example_dags/example_python_operator.py for tasks to queue
[2026-07-20T06:00:57.571+0000] {logging_mixin.py:188} INFO - [2026-07-20T06:00:57.571+0000] {dagbag.py:545} INFO - Filling up the DagBag from /workspaces/recomart-recommendation-pipeline/airflow_venv/lib/python3.12/site-packages/airflow/example_dags/example_python_operator.py
[2026-07-20T06:00:57.584+0000] {processor.py:840} INFO - DAG(s) 'example_python_operator' retrieved from /workspaces/recomart-recommendation-pipeline/airflow_venv/lib/python3.12/site-packages/airflow/example_dags/example_python_operator.py
[2026-07-20T06:00:57.604+0000] {logging_mixin.py:188} INFO - [2026-07-20T06:00:57.604+0000] {dag.py:3089} INFO - Sync 1 DAGs
[2026-07-20T06:00:57.618+0000] {logging_mixin.py:188} INFO - [2026-07-20T06:00:57.618+0000] {dag.py:3947} INFO - Setting next_dagrun for example_python_operator to None, run_after=None
[2026-07-20T06:00:57.662+0000] {processor.py:183} INFO - Processing /workspaces/recomart-recommendation-pipeline/airflow_venv/lib/python3.12/site-packages/airflow/example_dags/example_python_operator.py took 0.100 seconds
[2026-07-20T06:01:47.055+0000] {processor.py:161} INFO - Started process (PID=59834) to work on /workspaces/recomart-recommendation-pipeline/airflow_venv/lib/python3.12/site-packages/airflow/example_dags/example_python_operator.py
[2026-07-20T06:01:47.056+0000] {processor.py:830} INFO - Processing file /workspaces/recomart-recommendation-pipeline/airflow_venv/lib/python3.12/site-packages/airflow/example_dags/example_python_operator.py for tasks to queue
[2026-07-20T06:01:47.057+0000] {logging_mixin.py:188} INFO - [2026-07-20T06:01:47.057+0000] {dagbag.py:545} INFO - Filling up the DagBag from /workspaces/recomart-recommendation-pipeline/airflow_venv/lib/python3.12/site-packages/airflow/example_dags/example_python_operator.py
[2026-07-20T06:01:47.065+0000] {processor.py:840} INFO - DAG(s) 'example_python_operator' retrieved from /workspaces/recomart-recommendation-pipeline/airflow_venv/lib/python3.12/site-packages/airflow/example_dags/example_python_operator.py
[2026-07-20T06:01:47.084+0000] {logging_mixin.py:188} INFO - [2026-07-20T06:01:47.083+0000] {dag.py:3089} INFO - Sync 1 DAGs
[2026-07-20T06:01:47.094+0000] {logging_mixin.py:188} INFO - [2026-07-20T06:01:47.094+0000] {dag.py:3947} INFO - Setting next_dagrun for example_python_operator to None, run_after=None
[2026-07-20T06:01:47.111+0000] {processor.py:183} INFO - Processing /workspaces/recomart-recommendation-pipeline/airflow_venv/lib/python3.12/site-packages/airflow/example_dags/example_python_operator.py took 0.060 seconds
[2026-07-20T06:02:33.342+0000] {processor.py:161} INFO - Started process (PID=60172) to work on /workspaces/recomart-recommendation-pipeline/airflow_venv/lib/python3.12/site-packages/airflow/example_dags/example_python_operator.py
[2026-07-20T06:02:33.343+0000] {processor.py:830} INFO - Processing file /workspaces/recomart-recommendation-pipeline/airflow_venv/lib/python3.12/site-packages/airflow/example_dags/example_python_operator.py for tasks to queue
[2026-07-20T06:02:33.344+0000] {logging_mixin.py:188} INFO - [2026-07-20T06:02:33.344+0000] {dagbag.py:545} INFO - Filling up the DagBag from /workspaces/recomart-recommendation-pipeline/airflow_venv/lib/python3.12/site-packages/airflow/example_dags/example_python_operator.py
[2026-07-20T06:02:33.354+0000] {processor.py:840} INFO - DAG(s) 'example_python_operator' retrieved from /workspaces/recomart-recommendation-pipeline/airflow_venv/lib/python3.12/site-packages/airflow/example_dags/example_python_operator.py
[2026-07-20T06:02:33.369+0000] {logging_mixin.py:188} INFO - [2026-07-20T06:02:33.368+0000] {dag.py:3089} INFO - Sync 1 DAGs
[2026-07-20T06:02:33.383+0000] {logging_mixin.py:188} INFO - [2026-07-20T06:02:33.382+0000] {dag.py:3947} INFO - Setting next_dagrun for example_python_operator to None, run_after=None
[2026-07-20T06:02:33.402+0000] {processor.py:183} INFO - Processing /workspaces/recomart-recommendation-pipeline/airflow_venv/lib/python3.12/site-packages/airflow/example_dags/example_python_operator.py took 0.065 seconds
[2026-07-20T06:03:34.126+0000] {processor.py:161} INFO - Started process (PID=60677) to work on /workspaces/recomart-recommendation-pipeline/airflow_venv/lib/python3.12/site-packages/airflow/example_dags/example_python_operator.py
[2026-07-20T06:03:34.127+0000] {processor.py:830} INFO - Processing file /workspaces/recomart-recommendation-pipeline/airflow_venv/lib/python3.12/site-packages/airflow/example_dags/example_python_operator.py for tasks to queue
[2026-07-20T06:03:34.128+0000] {logging_mixin.py:188} INFO - [2026-07-20T06:03:34.128+0000] {dagbag.py:545} INFO - Filling up the DagBag from /workspaces/recomart-recommendation-pipeline/airflow_venv/lib/python3.12/site-packages/airflow/example_dags/example_python_operator.py
[2026-07-20T06:03:34.138+0000] {processor.py:840} INFO - DAG(s) 'example_python_operator' retrieved from /workspaces/recomart-recommendation-pipeline/airflow_venv/lib/python3.12/site-packages/airflow/example_dags/example_python_operator.py
[2026-07-20T06:03:34.152+0000] {logging_mixin.py:188} INFO - [2026-07-20T06:03:34.151+0000] {dag.py:3089} INFO - Sync 1 DAGs
[2026-07-20T06:03:34.160+0000] {logging_mixin.py:188} INFO - [2026-07-20T06:03:34.160+0000] {dag.py:3947} INFO - Setting next_dagrun for example_python_operator to None, run_after=None
[2026-07-20T06:03:34.192+0000] {processor.py:183} INFO - Processing /workspaces/recomart-recommendation-pipeline/airflow_venv/lib/python3.12/site-packages/airflow/example_dags/example_python_operator.py took 0.070 seconds
[2026-07-20T06:04:39.034+0000] {processor.py:161} INFO - Started process (PID=61321) to work on /workspaces/recomart-recommendation-pipeline/airflow_venv/lib/python3.12/site-packages/airflow/example_dags/example_python_operator.py
[2026-07-20T06:04:39.036+0000] {processor.py:830} INFO - Processing file /workspaces/recomart-recommendation-pipeline/airflow_venv/lib/python3.12/site-packages/airflow/example_dags/example_python_operator.py for tasks to queue
[2026-07-20T06:04:39.039+0000] {logging_mixin.py:188} INFO - [2026-07-20T06:04:39.038+0000] {dagbag.py:545} INFO - Filling up the DagBag from /workspaces/recomart-recommendation-pipeline/airflow_venv/lib/python3.12/site-packages/airflow/example_dags/example_python_operator.py
[2026-07-20T06:04:39.056+0000] {processor.py:840} INFO - DAG(s) 'example_python_operator' retrieved from /workspaces/recomart-recommendation-pipeline/airflow_venv/lib/python3.12/site-packages/airflow/example_dags/example_python_operator.py
[2026-07-20T06:04:39.091+0000] {logging_mixin.py:188} INFO - [2026-07-20T06:04:39.090+0000] {dag.py:3089} INFO - Sync 1 DAGs
[2026-07-20T06:04:39.105+0000] {logging_mixin.py:188} INFO - [2026-07-20T06:04:39.105+0000] {dag.py:3947} INFO - Setting next_dagrun for example_python_operator to None, run_after=None
[2026-07-20T06:04:39.128+0000] {processor.py:183} INFO - Processing /workspaces/recomart-recommendation-pipeline/airflow_venv/lib/python3.12/site-packages/airflow/example_dags/example_python_operator.py took 0.105 seconds
[2026-07-20T06:05:23.967+0000] {processor.py:161} INFO - Started process (PID=61652) to work on /workspaces/recomart-recommendation-pipeline/airflow_venv/lib/python3.12/site-packages/airflow/example_dags/example_python_operator.py
[2026-07-20T06:05:23.968+0000] {processor.py:830} INFO - Processing file /workspaces/recomart-recommendation-pipeline/airflow_venv/lib/python3.12/site-packages/airflow/example_dags/example_python_operator.py for tasks to queue
[2026-07-20T06:05:23.972+0000] {logging_mixin.py:188} INFO - [2026-07-20T06:05:23.972+0000] {dagbag.py:545} INFO - Filling up the DagBag from /workspaces/recomart-recommendation-pipeline/airflow_venv/lib/python3.12/site-packages/airflow/example_dags/example_python_operator.py
[2026-07-20T06:05:23.988+0000] {processor.py:840} INFO - DAG(s) 'example_python_operator' retrieved from /workspaces/recomart-recommendation-pipeline/airflow_venv/lib/python3.12/site-packages/airflow/example_dags/example_python_operator.py
[2026-07-20T06:05:24.006+0000] {logging_mixin.py:188} INFO - [2026-07-20T06:05:24.006+0000] {dag.py:3089} INFO - Sync 1 DAGs
[2026-07-20T06:05:24.014+0000] {logging_mixin.py:188} INFO - [2026-07-20T06:05:24.014+0000] {dag.py:3947} INFO - Setting next_dagrun for example_python_operator to None, run_after=None
[2026-07-20T06:05:24.033+0000] {processor.py:183} INFO - Processing /workspaces/recomart-recommendation-pipeline/airflow_venv/lib/python3.12/site-packages/airflow/example_dags/example_python_operator.py took 0.071 seconds
[2026-07-20T06:06:09.591+0000] {processor.py:161} INFO - Started process (PID=62029) to work on /workspaces/recomart-recommendation-pipeline/airflow_venv/lib/python3.12/site-packages/airflow/example_dags/example_python_operator.py
[2026-07-20T06:06:09.592+0000] {processor.py:830} INFO - Processing file /workspaces/recomart-recommendation-pipeline/airflow_venv/lib/python3.12/site-packages/airflow/example_dags/example_python_operator.py for tasks to queue
[2026-07-20T06:06:09.593+0000] {logging_mixin.py:188} INFO - [2026-07-20T06:06:09.593+0000] {dagbag.py:545} INFO - Filling up the DagBag from /workspaces/recomart-recommendation-pipeline/airflow_venv/lib/python3.12/site-packages/airflow/example_dags/example_python_operator.py
[2026-07-20T06:06:09.602+0000] {processor.py:840} INFO - DAG(s) 'example_python_operator' retrieved from /workspaces/recomart-recommendation-pipeline/airflow_venv/lib/python3.12/site-packages/airflow/example_dags/example_python_operator.py
[2026-07-20T06:06:09.616+0000] {logging_mixin.py:188} INFO - [2026-07-20T06:06:09.616+0000] {dag.py:3089} INFO - Sync 1 DAGs
[2026-07-20T06:06:09.626+0000] {logging_mixin.py:188} INFO - [2026-07-20T06:06:09.626+0000] {dag.py:3947} INFO - Setting next_dagrun for example_python_operator to None, run_after=None
[2026-07-20T06:06:09.643+0000] {processor.py:183} INFO - Processing /workspaces/recomart-recommendation-pipeline/airflow_venv/lib/python3.12/site-packages/airflow/example_dags/example_python_operator.py took 0.057 seconds
[2026-07-20T06:06:57.590+0000] {processor.py:161} INFO - Started process (PID=62444) to work on /workspaces/recomart-recommendation-pipeline/airflow_venv/lib/python3.12/site-packages/airflow/example_dags/example_python_operator.py
[2026-07-20T06:06:57.591+0000] {processor.py:830} INFO - Processing file /workspaces/recomart-recommendation-pipeline/airflow_venv/lib/python3.12/site-packages/airflow/example_dags/example_python_operator.py for tasks to queue
[2026-07-20T06:06:57.593+0000] {logging_mixin.py:188} INFO - [2026-07-20T06:06:57.592+0000] {dagbag.py:545} INFO - Filling up the DagBag from /workspaces/recomart-recommendation-pipeline/airflow_venv/lib/python3.12/site-packages/airflow/example_dags/example_python_operator.py
[2026-07-20T06:06:57.602+0000] {processor.py:840} INFO - DAG(s) 'example_python_operator' retrieved from /workspaces/recomart-recommendation-pipeline/airflow_venv/lib/python3.12/site-packages/airflow/example_dags/example_python_operator.py
[2026-07-20T06:06:57.721+0000] {logging_mixin.py:188} INFO - [2026-07-20T06:06:57.720+0000] {dag.py:3089} INFO - Sync 1 DAGs
[2026-07-20T06:06:57.729+0000] {logging_mixin.py:188} INFO - [2026-07-20T06:06:57.729+0000] {dag.py:3947} INFO - Setting next_dagrun for example_python_operator to None, run_after=None
[2026-07-20T06:06:57.744+0000] {processor.py:183} INFO - Processing /workspaces/recomart-recommendation-pipeline/airflow_venv/lib/python3.12/site-packages/airflow/example_dags/example_python_operator.py took 0.159 seconds
[2026-07-20T06:07:48.734+0000] {processor.py:161} INFO - Started process (PID=62862) to work on /workspaces/recomart-recommendation-pipeline/airflow_venv/lib/python3.12/site-packages/airflow/example_dags/example_python_operator.py
[2026-07-20T06:07:48.734+0000] {processor.py:830} INFO - Processing file /workspaces/recomart-recommendation-pipeline/airflow_venv/lib/python3.12/site-packages/airflow/example_dags/example_python_operator.py for tasks to queue
[2026-07-20T06:07:48.736+0000] {logging_mixin.py:188} INFO - [2026-07-20T06:07:48.736+0000] {dagbag.py:545} INFO - Filling up the DagBag from /workspaces/recomart-recommendation-pipeline/airflow_venv/lib/python3.12/site-packages/airflow/example_dags/example_python_operator.py
[2026-07-20T06:07:48.746+0000] {processor.py:840} INFO - DAG(s) 'example_python_operator' retrieved from /workspaces/recomart-recommendation-pipeline/airflow_venv/lib/python3.12/site-packages/airflow/example_dags/example_python_operator.py
[2026-07-20T06:07:48.769+0000] {logging_mixin.py:188} INFO - [2026-07-20T06:07:48.768+0000] {dag.py:3089} INFO - Sync 1 DAGs
[2026-07-20T06:07:48.782+0000] {logging_mixin.py:188} INFO - [2026-07-20T06:07:48.782+0000] {dag.py:3947} INFO - Setting next_dagrun for example_python_operator to None, run_after=None
[2026-07-20T06:07:48.815+0000] {processor.py:183} INFO - Processing /workspaces/recomart-recommendation-pipeline/airflow_venv/lib/python3.12/site-packages/airflow/example_dags/example_python_operator.py took 0.086 seconds
[2026-07-20T06:09:07.689+0000] {processor.py:161} INFO - Started process (PID=63675) to work on /workspaces/recomart-recommendation-pipeline/airflow_venv/lib/python3.12/site-packages/airflow/example_dags/example_python_operator.py
[2026-07-20T06:09:07.692+0000] {processor.py:830} INFO - Processing file /workspaces/recomart-recommendation-pipeline/airflow_venv/lib/python3.12/site-packages/airflow/example_dags/example_python_operator.py for tasks to queue
[2026-07-20T06:09:07.695+0000] {logging_mixin.py:188} INFO - [2026-07-20T06:09:07.695+0000] {dagbag.py:545} INFO - Filling up the DagBag from /workspaces/recomart-recommendation-pipeline/airflow_venv/lib/python3.12/site-packages/airflow/example_dags/example_python_operator.py
[2026-07-20T06:09:07.714+0000] {processor.py:840} INFO - DAG(s) 'example_python_operator' retrieved from /workspaces/recomart-recommendation-pipeline/airflow_venv/lib/python3.12/site-packages/airflow/example_dags/example_python_operator.py
[2026-07-20T06:09:07.853+0000] {logging_mixin.py:188} INFO - [2026-07-20T06:09:07.853+0000] {dag.py:3089} INFO - Sync 1 DAGs
[2026-07-20T06:09:07.864+0000] {logging_mixin.py:188} INFO - [2026-07-20T06:09:07.864+0000] {dag.py:3947} INFO - Setting next_dagrun for example_python_operator to None, run_after=None
[2026-07-20T06:09:07.979+0000] {processor.py:183} INFO - Processing /workspaces/recomart-recommendation-pipeline/airflow_venv/lib/python3.12/site-packages/airflow/example_dags/example_python_operator.py took 0.301 seconds
[2026-07-20T06:10:04.269+0000] {processor.py:161} INFO - Started process (PID=64152) to work on /workspaces/recomart-recommendation-pipeline/airflow_venv/lib/python3.12/site-packages/airflow/example_dags/example_python_operator.py
[2026-07-20T06:10:04.270+0000] {processor.py:830} INFO - Processing file /workspaces/recomart-recommendation-pipeline/airflow_venv/lib/python3.12/site-packages/airflow/example_dags/example_python_operator.py for tasks to queue
[2026-07-20T06:10:04.271+0000] {logging_mixin.py:188} INFO - [2026-07-20T06:10:04.271+0000] {dagbag.py:545} INFO - Filling up the DagBag from /workspaces/recomart-recommendation-pipeline/airflow_venv/lib/python3.12/site-packages/airflow/example_dags/example_python_operator.py
[2026-07-20T06:10:04.283+0000] {processor.py:840} INFO - DAG(s) 'example_python_operator' retrieved from /workspaces/recomart-recommendation-pipeline/airflow_venv/lib/python3.12/site-packages/airflow/example_dags/example_python_operator.py
[2026-07-20T06:10:04.297+0000] {logging_mixin.py:188} INFO - [2026-07-20T06:10:04.297+0000] {dag.py:3089} INFO - Sync 1 DAGs
[2026-07-20T06:10:04.307+0000] {logging_mixin.py:188} INFO - [2026-07-20T06:10:04.307+0000] {dag.py:3947} INFO - Setting next_dagrun for example_python_operator to None, run_after=None
[2026-07-20T06:10:04.327+0000] {processor.py:183} INFO - Processing /workspaces/recomart-recommendation-pipeline/airflow_venv/lib/python3.12/site-packages/airflow/example_dags/example_python_operator.py took 0.063 seconds
[2026-07-20T06:10:54.644+0000] {processor.py:161} INFO - Started process (PID=64569) to work on /workspaces/recomart-recommendation-pipeline/airflow_venv/lib/python3.12/site-packages/airflow/example_dags/example_python_operator.py
[2026-07-20T06:10:54.645+0000] {processor.py:830} INFO - Processing file /workspaces/recomart-recommendation-pipeline/airflow_venv/lib/python3.12/site-packages/airflow/example_dags/example_python_operator.py for tasks to queue
[2026-07-20T06:10:54.647+0000] {logging_mixin.py:188} INFO - [2026-07-20T06:10:54.646+0000] {dagbag.py:545} INFO - Filling up the DagBag from /workspaces/recomart-recommendation-pipeline/airflow_venv/lib/python3.12/site-packages/airflow/example_dags/example_python_operator.py
[2026-07-20T06:10:54.659+0000] {processor.py:840} INFO - DAG(s) 'example_python_operator' retrieved from /workspaces/recomart-recommendation-pipeline/airflow_venv/lib/python3.12/site-packages/airflow/example_dags/example_python_operator.py
[2026-07-20T06:10:54.680+0000] {logging_mixin.py:188} INFO - [2026-07-20T06:10:54.679+0000] {dag.py:3089} INFO - Sync 1 DAGs
[2026-07-20T06:10:54.693+0000] {logging_mixin.py:188} INFO - [2026-07-20T06:10:54.693+0000] {dag.py:3947} INFO - Setting next_dagrun for example_python_operator to None, run_after=None
[2026-07-20T06:10:54.768+0000] {processor.py:183} INFO - Processing /workspaces/recomart-recommendation-pipeline/airflow_venv/lib/python3.12/site-packages/airflow/example_dags/example_python_operator.py took 0.130 seconds
[2026-07-20T06:11:43.149+0000] {processor.py:161} INFO - Started process (PID=65164) to work on /workspaces/recomart-recommendation-pipeline/airflow_venv/lib/python3.12/site-packages/airflow/example_dags/example_python_operator.py
[2026-07-20T06:11:43.150+0000] {processor.py:830} INFO - Processing file /workspaces/recomart-recommendation-pipeline/airflow_venv/lib/python3.12/site-packages/airflow/example_dags/example_python_operator.py for tasks to queue
[2026-07-20T06:11:43.151+0000] {logging_mixin.py:188} INFO - [2026-07-20T06:11:43.151+0000] {dagbag.py:545} INFO - Filling up the DagBag from /workspaces/recomart-recommendation-pipeline/airflow_venv/lib/python3.12/site-packages/airflow/example_dags/example_python_operator.py
[2026-07-20T06:11:43.160+0000] {processor.py:840} INFO - DAG(s) 'example_python_operator' retrieved from /workspaces/recomart-recommendation-pipeline/airflow_venv/lib/python3.12/site-packages/airflow/example_dags/example_python_operator.py
[2026-07-20T06:11:43.177+0000] {logging_mixin.py:188} INFO - [2026-07-20T06:11:43.177+0000] {dag.py:3089} INFO - Sync 1 DAGs
[2026-07-20T06:11:43.190+0000] {logging_mixin.py:188} INFO - [2026-07-20T06:11:43.189+0000] {dag.py:3947} INFO - Setting next_dagrun for example_python_operator to None, run_after=None
[2026-07-20T06:11:43.215+0000] {processor.py:183} INFO - Processing /workspaces/recomart-recommendation-pipeline/airflow_venv/lib/python3.12/site-packages/airflow/example_dags/example_python_operator.py took 0.070 seconds
[2026-07-20T06:12:46.529+0000] {processor.py:161} INFO - Started process (PID=65679) to work on /workspaces/recomart-recommendation-pipeline/airflow_venv/lib/python3.12/site-packages/airflow/example_dags/example_python_operator.py
[2026-07-20T06:12:46.530+0000] {processor.py:830} INFO - Processing file /workspaces/recomart-recommendation-pipeline/airflow_venv/lib/python3.12/site-packages/airflow/example_dags/example_python_operator.py for tasks to queue
[2026-07-20T06:12:46.532+0000] {logging_mixin.py:188} INFO - [2026-07-20T06:12:46.531+0000] {dagbag.py:545} INFO - Filling up the DagBag from /workspaces/recomart-recommendation-pipeline/airflow_venv/lib/python3.12/site-packages/airflow/example_dags/example_python_operator.py
[2026-07-20T06:12:46.540+0000] {processor.py:840} INFO - DAG(s) 'example_python_operator' retrieved from /workspaces/recomart-recommendation-pipeline/airflow_venv/lib/python3.12/site-packages/airflow/example_dags/example_python_operator.py
[2026-07-20T06:12:46.554+0000] {logging_mixin.py:188} INFO - [2026-07-20T06:12:46.554+0000] {dag.py:3089} INFO - Sync 1 DAGs
[2026-07-20T06:12:46.563+0000] {logging_mixin.py:188} INFO - [2026-07-20T06:12:46.563+0000] {dag.py:3947} INFO - Setting next_dagrun for example_python_operator to None, run_after=None
[2026-07-20T06:12:46.581+0000] {processor.py:183} INFO - Processing /workspaces/recomart-recommendation-pipeline/airflow_venv/lib/python3.12/site-packages/airflow/example_dags/example_python_operator.py took 0.057 seconds
[2026-07-20T06:13:52.217+0000] {processor.py:161} INFO - Started process (PID=66317) to work on /workspaces/recomart-recommendation-pipeline/airflow_venv/lib/python3.12/site-packages/airflow/example_dags/example_python_operator.py
[2026-07-20T06:13:52.218+0000] {processor.py:830} INFO - Processing file /workspaces/recomart-recommendation-pipeline/airflow_venv/lib/python3.12/site-packages/airflow/example_dags/example_python_operator.py for tasks to queue
[2026-07-20T06:13:52.219+0000] {logging_mixin.py:188} INFO - [2026-07-20T06:13:52.219+0000] {dagbag.py:545} INFO - Filling up the DagBag from /workspaces/recomart-recommendation-pipeline/airflow_venv/lib/python3.12/site-packages/airflow/example_dags/example_python_operator.py
[2026-07-20T06:13:52.228+0000] {processor.py:840} INFO - DAG(s) 'example_python_operator' retrieved from /workspaces/recomart-recommendation-pipeline/airflow_venv/lib/python3.12/site-packages/airflow/example_dags/example_python_operator.py
[2026-07-20T06:13:52.242+0000] {logging_mixin.py:188} INFO - [2026-07-20T06:13:52.242+0000] {dag.py:3089} INFO - Sync 1 DAGs
[2026-07-20T06:13:52.251+0000] {logging_mixin.py:188} INFO - [2026-07-20T06:13:52.251+0000] {dag.py:3947} INFO - Setting next_dagrun for example_python_operator to None, run_after=None
[2026-07-20T06:13:52.267+0000] {processor.py:183} INFO - Processing /workspaces/recomart-recommendation-pipeline/airflow_venv/lib/python3.12/site-packages/airflow/example_dags/example_python_operator.py took 0.054 seconds
[2026-07-20T06:14:38.594+0000] {processor.py:161} INFO - Started process (PID=66842) to work on /workspaces/recomart-recommendation-pipeline/airflow_venv/lib/python3.12/site-packages/airflow/example_dags/example_python_operator.py
[2026-07-20T06:14:38.595+0000] {processor.py:830} INFO - Processing file /workspaces/recomart-recommendation-pipeline/airflow_venv/lib/python3.12/site-packages/airflow/example_dags/example_python_operator.py for tasks to queue
[2026-07-20T06:14:38.596+0000] {logging_mixin.py:188} INFO - [2026-07-20T06:14:38.596+0000] {dagbag.py:545} INFO - Filling up the DagBag from /workspaces/recomart-recommendation-pipeline/airflow_venv/lib/python3.12/site-packages/airflow/example_dags/example_python_operator.py
[2026-07-20T06:14:38.604+0000] {processor.py:840} INFO - DAG(s) 'example_python_operator' retrieved from /workspaces/recomart-recommendation-pipeline/airflow_venv/lib/python3.12/site-packages/airflow/example_dags/example_python_operator.py
[2026-07-20T06:14:38.618+0000] {logging_mixin.py:188} INFO - [2026-07-20T06:14:38.618+0000] {dag.py:3089} INFO - Sync 1 DAGs
[2026-07-20T06:14:38.631+0000] {logging_mixin.py:188} INFO - [2026-07-20T06:14:38.631+0000] {dag.py:3947} INFO - Setting next_dagrun for example_python_operator to None, run_after=None
[2026-07-20T06:14:38.648+0000] {processor.py:183} INFO - Processing /workspaces/recomart-recommendation-pipeline/airflow_venv/lib/python3.12/site-packages/airflow/example_dags/example_python_operator.py took 0.058 seconds
[2026-07-20T06:15:23.929+0000] {processor.py:161} INFO - Started process (PID=67281) to work on /workspaces/recomart-recommendation-pipeline/airflow_venv/lib/python3.12/site-packages/airflow/example_dags/example_python_operator.py
[2026-07-20T06:15:23.929+0000] {processor.py:830} INFO - Processing file /workspaces/recomart-recommendation-pipeline/airflow_venv/lib/python3.12/site-packages/airflow/example_dags/example_python_operator.py for tasks to queue
[2026-07-20T06:15:23.931+0000] {logging_mixin.py:188} INFO - [2026-07-20T06:15:23.930+0000] {dagbag.py:545} INFO - Filling up the DagBag from /workspaces/recomart-recommendation-pipeline/airflow_venv/lib/python3.12/site-packages/airflow/example_dags/example_python_operator.py
[2026-07-20T06:15:23.947+0000] {processor.py:840} INFO - DAG(s) 'example_python_operator' retrieved from /workspaces/recomart-recommendation-pipeline/airflow_venv/lib/python3.12/site-packages/airflow/example_dags/example_python_operator.py
[2026-07-20T06:15:23.970+0000] {logging_mixin.py:188} INFO - [2026-07-20T06:15:23.970+0000] {dag.py:3089} INFO - Sync 1 DAGs
[2026-07-20T06:15:23.990+0000] {logging_mixin.py:188} INFO - [2026-07-20T06:15:23.989+0000] {dag.py:3947} INFO - Setting next_dagrun for example_python_operator to None, run_after=None
[2026-07-20T06:15:24.125+0000] {processor.py:183} INFO - Processing /workspaces/recomart-recommendation-pipeline/airflow_venv/lib/python3.12/site-packages/airflow/example_dags/example_python_operator.py took 0.200 seconds
[2026-07-20T06:31:09.720+0000] {processor.py:161} INFO - Started process (PID=73738) to work on /workspaces/recomart-recommendation-pipeline/airflow_venv/lib/python3.12/site-packages/airflow/example_dags/example_python_operator.py
[2026-07-20T06:31:09.721+0000] {processor.py:830} INFO - Processing file /workspaces/recomart-recommendation-pipeline/airflow_venv/lib/python3.12/site-packages/airflow/example_dags/example_python_operator.py for tasks to queue
[2026-07-20T06:31:09.722+0000] {logging_mixin.py:188} INFO - [2026-07-20T06:31:09.722+0000] {dagbag.py:545} INFO - Filling up the DagBag from /workspaces/recomart-recommendation-pipeline/airflow_venv/lib/python3.12/site-packages/airflow/example_dags/example_python_operator.py
[2026-07-20T06:31:09.731+0000] {processor.py:840} INFO - DAG(s) 'example_python_operator' retrieved from /workspaces/recomart-recommendation-pipeline/airflow_venv/lib/python3.12/site-packages/airflow/example_dags/example_python_operator.py
[2026-07-20T06:31:09.819+0000] {logging_mixin.py:188} INFO - [2026-07-20T06:31:09.819+0000] {dag.py:3089} INFO - Sync 1 DAGs
[2026-07-20T06:31:09.826+0000] {logging_mixin.py:188} INFO - [2026-07-20T06:31:09.826+0000] {dag.py:3947} INFO - Setting next_dagrun for example_python_operator to None, run_after=None
[2026-07-20T06:31:09.844+0000] {processor.py:183} INFO - Processing /workspaces/recomart-recommendation-pipeline/airflow_venv/lib/python3.12/site-packages/airflow/example_dags/example_python_operator.py took 0.128 seconds
[2026-07-20T06:32:06.363+0000] {processor.py:161} INFO - Started process (PID=74319) to work on /workspaces/recomart-recommendation-pipeline/airflow_venv/lib/python3.12/site-packages/airflow/example_dags/example_python_operator.py
[2026-07-20T06:32:06.364+0000] {processor.py:830} INFO - Processing file /workspaces/recomart-recommendation-pipeline/airflow_venv/lib/python3.12/site-packages/airflow/example_dags/example_python_operator.py for tasks to queue
[2026-07-20T06:32:06.365+0000] {logging_mixin.py:188} INFO - [2026-07-20T06:32:06.365+0000] {dagbag.py:545} INFO - Filling up the DagBag from /workspaces/recomart-recommendation-pipeline/airflow_venv/lib/python3.12/site-packages/airflow/example_dags/example_python_operator.py
[2026-07-20T06:32:06.376+0000] {processor.py:840} INFO - DAG(s) 'example_python_operator' retrieved from /workspaces/recomart-recommendation-pipeline/airflow_venv/lib/python3.12/site-packages/airflow/example_dags/example_python_operator.py
[2026-07-20T06:32:06.401+0000] {logging_mixin.py:188} INFO - [2026-07-20T06:32:06.401+0000] {dag.py:3089} INFO - Sync 1 DAGs
[2026-07-20T06:32:06.414+0000] {logging_mixin.py:188} INFO - [2026-07-20T06:32:06.414+0000] {dag.py:3947} INFO - Setting next_dagrun for example_python_operator to None, run_after=None
[2026-07-20T06:32:06.446+0000] {processor.py:183} INFO - Processing /workspaces/recomart-recommendation-pipeline/airflow_venv/lib/python3.12/site-packages/airflow/example_dags/example_python_operator.py took 0.087 seconds
[2026-07-20T06:32:56.188+0000] {processor.py:161} INFO - Started process (PID=74929) to work on /workspaces/recomart-recommendation-pipeline/airflow_venv/lib/python3.12/site-packages/airflow/example_dags/example_python_operator.py
[2026-07-20T06:32:56.189+0000] {processor.py:830} INFO - Processing file /workspaces/recomart-recommendation-pipeline/airflow_venv/lib/python3.12/site-packages/airflow/example_dags/example_python_operator.py for tasks to queue
[2026-07-20T06:32:56.191+0000] {logging_mixin.py:188} INFO - [2026-07-20T06:32:56.190+0000] {dagbag.py:545} INFO - Filling up the DagBag from /workspaces/recomart-recommendation-pipeline/airflow_venv/lib/python3.12/site-packages/airflow/example_dags/example_python_operator.py
[2026-07-20T06:32:56.199+0000] {processor.py:840} INFO - DAG(s) 'example_python_operator' retrieved from /workspaces/recomart-recommendation-pipeline/airflow_venv/lib/python3.12/site-packages/airflow/example_dags/example_python_operator.py
[2026-07-20T06:32:56.212+0000] {logging_mixin.py:188} INFO - [2026-07-20T06:32:56.212+0000] {dag.py:3089} INFO - Sync 1 DAGs
[2026-07-20T06:32:56.221+0000] {logging_mixin.py:188} INFO - [2026-07-20T06:32:56.221+0000] {dag.py:3947} INFO - Setting next_dagrun for example_python_operator to None, run_after=None
[2026-07-20T06:32:56.238+0000] {processor.py:183} INFO - Processing /workspaces/recomart-recommendation-pipeline/airflow_venv/lib/python3.12/site-packages/airflow/example_dags/example_python_operator.py took 0.055 seconds
[2026-07-20T06:34:18.871+0000] {processor.py:161} INFO - Started process (PID=76028) to work on /workspaces/recomart-recommendation-pipeline/airflow_venv/lib/python3.12/site-packages/airflow/example_dags/example_python_operator.py
[2026-07-20T06:34:18.871+0000] {processor.py:830} INFO - Processing file /workspaces/recomart-recommendation-pipeline/airflow_venv/lib/python3.12/site-packages/airflow/example_dags/example_python_operator.py for tasks to queue
[2026-07-20T06:34:18.873+0000] {logging_mixin.py:188} INFO - [2026-07-20T06:34:18.873+0000] {dagbag.py:545} INFO - Filling up the DagBag from /workspaces/recomart-recommendation-pipeline/airflow_venv/lib/python3.12/site-packages/airflow/example_dags/example_python_operator.py
[2026-07-20T06:34:18.884+0000] {processor.py:840} INFO - DAG(s) 'example_python_operator' retrieved from /workspaces/recomart-recommendation-pipeline/airflow_venv/lib/python3.12/site-packages/airflow/example_dags/example_python_operator.py
[2026-07-20T06:34:18.898+0000] {logging_mixin.py:188} INFO - [2026-07-20T06:34:18.898+0000] {dag.py:3089} INFO - Sync 1 DAGs
[2026-07-20T06:34:18.907+0000] {logging_mixin.py:188} INFO - [2026-07-20T06:34:18.906+0000] {dag.py:3947} INFO - Setting next_dagrun for example_python_operator to None, run_after=None
[2026-07-20T06:34:18.923+0000] {processor.py:183} INFO - Processing /workspaces/recomart-recommendation-pipeline/airflow_venv/lib/python3.12/site-packages/airflow/example_dags/example_python_operator.py took 0.057 seconds
[2026-07-20T06:35:16.794+0000] {processor.py:161} INFO - Started process (PID=77176) to work on /workspaces/recomart-recommendation-pipeline/airflow_venv/lib/python3.12/site-packages/airflow/example_dags/example_python_operator.py
[2026-07-20T06:35:16.795+0000] {processor.py:830} INFO - Processing file /workspaces/recomart-recommendation-pipeline/airflow_venv/lib/python3.12/site-packages/airflow/example_dags/example_python_operator.py for tasks to queue
[2026-07-20T06:35:16.796+0000] {logging_mixin.py:188} INFO - [2026-07-20T06:35:16.796+0000] {dagbag.py:545} INFO - Filling up the DagBag from /workspaces/recomart-recommendation-pipeline/airflow_venv/lib/python3.12/site-packages/airflow/example_dags/example_python_operator.py
[2026-07-20T06:35:16.807+0000] {processor.py:840} INFO - DAG(s) 'example_python_operator' retrieved from /workspaces/recomart-recommendation-pipeline/airflow_venv/lib/python3.12/site-packages/airflow/example_dags/example_python_operator.py
[2026-07-20T06:35:16.824+0000] {logging_mixin.py:188} INFO - [2026-07-20T06:35:16.824+0000] {dag.py:3089} INFO - Sync 1 DAGs
[2026-07-20T06:35:16.832+0000] {logging_mixin.py:188} INFO - [2026-07-20T06:35:16.832+0000] {dag.py:3947} INFO - Setting next_dagrun for example_python_operator to None, run_after=None
[2026-07-20T06:35:16.849+0000] {processor.py:183} INFO - Processing /workspaces/recomart-recommendation-pipeline/airflow_venv/lib/python3.12/site-packages/airflow/example_dags/example_python_operator.py took 0.059 seconds
[2026-07-20T06:36:04.354+0000] {processor.py:161} INFO - Started process (PID=78098) to work on /workspaces/recomart-recommendation-pipeline/airflow_venv/lib/python3.12/site-packages/airflow/example_dags/example_python_operator.py
[2026-07-20T06:36:04.355+0000] {processor.py:830} INFO - Processing file /workspaces/recomart-recommendation-pipeline/airflow_venv/lib/python3.12/site-packages/airflow/example_dags/example_python_operator.py for tasks to queue
[2026-07-20T06:36:04.356+0000] {logging_mixin.py:188} INFO - [2026-07-20T06:36:04.356+0000] {dagbag.py:545} INFO - Filling up the DagBag from /workspaces/recomart-recommendation-pipeline/airflow_venv/lib/python3.12/site-packages/airflow/example_dags/example_python_operator.py
[2026-07-20T06:36:04.365+0000] {processor.py:840} INFO - DAG(s) 'example_python_operator' retrieved from /workspaces/recomart-recommendation-pipeline/airflow_venv/lib/python3.12/site-packages/airflow/example_dags/example_python_operator.py
[2026-07-20T06:36:04.379+0000] {logging_mixin.py:188} INFO - [2026-07-20T06:36:04.378+0000] {dag.py:3089} INFO - Sync 1 DAGs
[2026-07-20T06:36:04.387+0000] {logging_mixin.py:188} INFO - [2026-07-20T06:36:04.387+0000] {dag.py:3947} INFO - Setting next_dagrun for example_python_operator to None, run_after=None
[2026-07-20T06:36:04.404+0000] {processor.py:183} INFO - Processing /workspaces/recomart-recommendation-pipeline/airflow_venv/lib/python3.12/site-packages/airflow/example_dags/example_python_operator.py took 0.054 seconds
[2026-07-20T06:36:59.480+0000] {processor.py:161} INFO - Started process (PID=78836) to work on /workspaces/recomart-recommendation-pipeline/airflow_venv/lib/python3.12/site-packages/airflow/example_dags/example_python_operator.py
[2026-07-20T06:36:59.481+0000] {processor.py:830} INFO - Processing file /workspaces/recomart-recommendation-pipeline/airflow_venv/lib/python3.12/site-packages/airflow/example_dags/example_python_operator.py for tasks to queue
[2026-07-20T06:36:59.483+0000] {logging_mixin.py:188} INFO - [2026-07-20T06:36:59.482+0000] {dagbag.py:545} INFO - Filling up the DagBag from /workspaces/recomart-recommendation-pipeline/airflow_venv/lib/python3.12/site-packages/airflow/example_dags/example_python_operator.py
[2026-07-20T06:36:59.494+0000] {processor.py:840} INFO - DAG(s) 'example_python_operator' retrieved from /workspaces/recomart-recommendation-pipeline/airflow_venv/lib/python3.12/site-packages/airflow/example_dags/example_python_operator.py
[2026-07-20T06:36:59.514+0000] {logging_mixin.py:188} INFO - [2026-07-20T06:36:59.514+0000] {dag.py:3089} INFO - Sync 1 DAGs
[2026-07-20T06:36:59.528+0000] {logging_mixin.py:188} INFO - [2026-07-20T06:36:59.528+0000] {dag.py:3947} INFO - Setting next_dagrun for example_python_operator to None, run_after=None
[2026-07-20T06:36:59.713+0000] {processor.py:183} INFO - Processing /workspaces/recomart-recommendation-pipeline/airflow_venv/lib/python3.12/site-packages/airflow/example_dags/example_python_operator.py took 0.239 seconds
[2026-07-20T06:37:44.586+0000] {processor.py:161} INFO - Started process (PID=79214) to work on /workspaces/recomart-recommendation-pipeline/airflow_venv/lib/python3.12/site-packages/airflow/example_dags/example_python_operator.py
[2026-07-20T06:37:44.587+0000] {processor.py:830} INFO - Processing file /workspaces/recomart-recommendation-pipeline/airflow_venv/lib/python3.12/site-packages/airflow/example_dags/example_python_operator.py for tasks to queue
[2026-07-20T06:37:44.588+0000] {logging_mixin.py:188} INFO - [2026-07-20T06:37:44.588+0000] {dagbag.py:545} INFO - Filling up the DagBag from /workspaces/recomart-recommendation-pipeline/airflow_venv/lib/python3.12/site-packages/airflow/example_dags/example_python_operator.py
[2026-07-20T06:37:44.597+0000] {processor.py:840} INFO - DAG(s) 'example_python_operator' retrieved from /workspaces/recomart-recommendation-pipeline/airflow_venv/lib/python3.12/site-packages/airflow/example_dags/example_python_operator.py
[2026-07-20T06:37:44.610+0000] {logging_mixin.py:188} INFO - [2026-07-20T06:37:44.610+0000] {dag.py:3089} INFO - Sync 1 DAGs
[2026-07-20T06:37:44.619+0000] {logging_mixin.py:188} INFO - [2026-07-20T06:37:44.619+0000] {dag.py:3947} INFO - Setting next_dagrun for example_python_operator to None, run_after=None
[2026-07-20T06:37:44.635+0000] {processor.py:183} INFO - Processing /workspaces/recomart-recommendation-pipeline/airflow_venv/lib/python3.12/site-packages/airflow/example_dags/example_python_operator.py took 0.055 seconds
[2026-07-20T06:38:32.635+0000] {processor.py:161} INFO - Started process (PID=79568) to work on /workspaces/recomart-recommendation-pipeline/airflow_venv/lib/python3.12/site-packages/airflow/example_dags/example_python_operator.py
[2026-07-20T06:38:32.636+0000] {processor.py:830} INFO - Processing file /workspaces/recomart-recommendation-pipeline/airflow_venv/lib/python3.12/site-packages/airflow/example_dags/example_python_operator.py for tasks to queue
[2026-07-20T06:38:32.637+0000] {logging_mixin.py:188} INFO - [2026-07-20T06:38:32.637+0000] {dagbag.py:545} INFO - Filling up the DagBag from /workspaces/recomart-recommendation-pipeline/airflow_venv/lib/python3.12/site-packages/airflow/example_dags/example_python_operator.py
[2026-07-20T06:38:32.645+0000] {processor.py:840} INFO - DAG(s) 'example_python_operator' retrieved from /workspaces/recomart-recommendation-pipeline/airflow_venv/lib/python3.12/site-packages/airflow/example_dags/example_python_operator.py
[2026-07-20T06:38:32.658+0000] {logging_mixin.py:188} INFO - [2026-07-20T06:38:32.658+0000] {dag.py:3089} INFO - Sync 1 DAGs
[2026-07-20T06:38:32.807+0000] {logging_mixin.py:188} INFO - [2026-07-20T06:38:32.806+0000] {dag.py:3947} INFO - Setting next_dagrun for example_python_operator to None, run_after=None
[2026-07-20T06:38:32.925+0000] {processor.py:183} INFO - Processing /workspaces/recomart-recommendation-pipeline/airflow_venv/lib/python3.12/site-packages/airflow/example_dags/example_python_operator.py took 0.294 seconds
[2026-07-20T06:39:20.015+0000] {processor.py:161} INFO - Started process (PID=79984) to work on /workspaces/recomart-recommendation-pipeline/airflow_venv/lib/python3.12/site-packages/airflow/example_dags/example_python_operator.py
[2026-07-20T06:39:20.016+0000] {processor.py:830} INFO - Processing file /workspaces/recomart-recommendation-pipeline/airflow_venv/lib/python3.12/site-packages/airflow/example_dags/example_python_operator.py for tasks to queue
[2026-07-20T06:39:20.017+0000] {logging_mixin.py:188} INFO - [2026-07-20T06:39:20.017+0000] {dagbag.py:545} INFO - Filling up the DagBag from /workspaces/recomart-recommendation-pipeline/airflow_venv/lib/python3.12/site-packages/airflow/example_dags/example_python_operator.py
[2026-07-20T06:39:20.030+0000] {processor.py:840} INFO - DAG(s) 'example_python_operator' retrieved from /workspaces/recomart-recommendation-pipeline/airflow_venv/lib/python3.12/site-packages/airflow/example_dags/example_python_operator.py
[2026-07-20T06:39:20.052+0000] {logging_mixin.py:188} INFO - [2026-07-20T06:39:20.051+0000] {dag.py:3089} INFO - Sync 1 DAGs
[2026-07-20T06:39:20.065+0000] {logging_mixin.py:188} INFO - [2026-07-20T06:39:20.065+0000] {dag.py:3947} INFO - Setting next_dagrun for example_python_operator to None, run_after=None
[2026-07-20T06:39:20.156+0000] {processor.py:183} INFO - Processing /workspaces/recomart-recommendation-pipeline/airflow_venv/lib/python3.12/site-packages/airflow/example_dags/example_python_operator.py took 0.148 seconds
[2026-07-20T06:40:09.086+0000] {processor.py:161} INFO - Started process (PID=80376) to work on /workspaces/recomart-recommendation-pipeline/airflow_venv/lib/python3.12/site-packages/airflow/example_dags/example_python_operator.py
[2026-07-20T06:40:09.086+0000] {processor.py:830} INFO - Processing file /workspaces/recomart-recommendation-pipeline/airflow_venv/lib/python3.12/site-packages/airflow/example_dags/example_python_operator.py for tasks to queue
[2026-07-20T06:40:09.088+0000] {logging_mixin.py:188} INFO - [2026-07-20T06:40:09.088+0000] {dagbag.py:545} INFO - Filling up the DagBag from /workspaces/recomart-recommendation-pipeline/airflow_venv/lib/python3.12/site-packages/airflow/example_dags/example_python_operator.py
[2026-07-20T06:40:09.097+0000] {processor.py:840} INFO - DAG(s) 'example_python_operator' retrieved from /workspaces/recomart-recommendation-pipeline/airflow_venv/lib/python3.12/site-packages/airflow/example_dags/example_python_operator.py
[2026-07-20T06:40:09.111+0000] {logging_mixin.py:188} INFO - [2026-07-20T06:40:09.111+0000] {dag.py:3089} INFO - Sync 1 DAGs
[2026-07-20T06:40:09.120+0000] {logging_mixin.py:188} INFO - [2026-07-20T06:40:09.120+0000] {dag.py:3947} INFO - Setting next_dagrun for example_python_operator to None, run_after=None
[2026-07-20T06:40:09.139+0000] {processor.py:183} INFO - Processing /workspaces/recomart-recommendation-pipeline/airflow_venv/lib/python3.12/site-packages/airflow/example_dags/example_python_operator.py took 0.059 seconds
[2026-07-20T06:40:58.330+0000] {processor.py:161} INFO - Started process (PID=80858) to work on /workspaces/recomart-recommendation-pipeline/airflow_venv/lib/python3.12/site-packages/airflow/example_dags/example_python_operator.py
[2026-07-20T06:40:58.331+0000] {processor.py:830} INFO - Processing file /workspaces/recomart-recommendation-pipeline/airflow_venv/lib/python3.12/site-packages/airflow/example_dags/example_python_operator.py for tasks to queue
[2026-07-20T06:40:58.332+0000] {logging_mixin.py:188} INFO - [2026-07-20T06:40:58.332+0000] {dagbag.py:545} INFO - Filling up the DagBag from /workspaces/recomart-recommendation-pipeline/airflow_venv/lib/python3.12/site-packages/airflow/example_dags/example_python_operator.py
[2026-07-20T06:40:58.342+0000] {processor.py:840} INFO - DAG(s) 'example_python_operator' retrieved from /workspaces/recomart-recommendation-pipeline/airflow_venv/lib/python3.12/site-packages/airflow/example_dags/example_python_operator.py
[2026-07-20T06:40:58.356+0000] {logging_mixin.py:188} INFO - [2026-07-20T06:40:58.356+0000] {dag.py:3089} INFO - Sync 1 DAGs
[2026-07-20T06:40:58.365+0000] {logging_mixin.py:188} INFO - [2026-07-20T06:40:58.365+0000] {dag.py:3947} INFO - Setting next_dagrun for example_python_operator to None, run_after=None
[2026-07-20T06:40:58.383+0000] {processor.py:183} INFO - Processing /workspaces/recomart-recommendation-pipeline/airflow_venv/lib/python3.12/site-packages/airflow/example_dags/example_python_operator.py took 0.058 seconds
[2026-07-20T06:41:44.344+0000] {processor.py:161} INFO - Started process (PID=81260) to work on /workspaces/recomart-recommendation-pipeline/airflow_venv/lib/python3.12/site-packages/airflow/example_dags/example_python_operator.py
[2026-07-20T06:41:44.345+0000] {processor.py:830} INFO - Processing file /workspaces/recomart-recommendation-pipeline/airflow_venv/lib/python3.12/site-packages/airflow/example_dags/example_python_operator.py for tasks to queue
[2026-07-20T06:41:44.346+0000] {logging_mixin.py:188} INFO - [2026-07-20T06:41:44.346+0000] {dagbag.py:545} INFO - Filling up the DagBag from /workspaces/recomart-recommendation-pipeline/airflow_venv/lib/python3.12/site-packages/airflow/example_dags/example_python_operator.py
[2026-07-20T06:41:44.355+0000] {processor.py:840} INFO - DAG(s) 'example_python_operator' retrieved from /workspaces/recomart-recommendation-pipeline/airflow_venv/lib/python3.12/site-packages/airflow/example_dags/example_python_operator.py
[2026-07-20T06:41:44.368+0000] {logging_mixin.py:188} INFO - [2026-07-20T06:41:44.368+0000] {dag.py:3089} INFO - Sync 1 DAGs
[2026-07-20T06:41:44.380+0000] {logging_mixin.py:188} INFO - [2026-07-20T06:41:44.379+0000] {dag.py:3947} INFO - Setting next_dagrun for example_python_operator to None, run_after=None
[2026-07-20T06:41:44.398+0000] {processor.py:183} INFO - Processing /workspaces/recomart-recommendation-pipeline/airflow_venv/lib/python3.12/site-packages/airflow/example_dags/example_python_operator.py took 0.058 seconds
[2026-07-20T06:42:32.908+0000] {processor.py:161} INFO - Started process (PID=81613) to work on /workspaces/recomart-recommendation-pipeline/airflow_venv/lib/python3.12/site-packages/airflow/example_dags/example_python_operator.py
[2026-07-20T06:42:32.909+0000] {processor.py:830} INFO - Processing file /workspaces/recomart-recommendation-pipeline/airflow_venv/lib/python3.12/site-packages/airflow/example_dags/example_python_operator.py for tasks to queue
[2026-07-20T06:42:32.912+0000] {logging_mixin.py:188} INFO - [2026-07-20T06:42:32.912+0000] {dagbag.py:545} INFO - Filling up the DagBag from /workspaces/recomart-recommendation-pipeline/airflow_venv/lib/python3.12/site-packages/airflow/example_dags/example_python_operator.py
[2026-07-20T06:42:32.930+0000] {processor.py:840} INFO - DAG(s) 'example_python_operator' retrieved from /workspaces/recomart-recommendation-pipeline/airflow_venv/lib/python3.12/site-packages/airflow/example_dags/example_python_operator.py
[2026-07-20T06:42:32.960+0000] {logging_mixin.py:188} INFO - [2026-07-20T06:42:32.960+0000] {dag.py:3089} INFO - Sync 1 DAGs
[2026-07-20T06:42:32.979+0000] {logging_mixin.py:188} INFO - [2026-07-20T06:42:32.979+0000] {dag.py:3947} INFO - Setting next_dagrun for example_python_operator to None, run_after=None
[2026-07-20T06:42:33.004+0000] {processor.py:183} INFO - Processing /workspaces/recomart-recommendation-pipeline/airflow_venv/lib/python3.12/site-packages/airflow/example_dags/example_python_operator.py took 0.103 seconds
[2026-07-20T06:43:19.226+0000] {processor.py:161} INFO - Started process (PID=82002) to work on /workspaces/recomart-recommendation-pipeline/airflow_venv/lib/python3.12/site-packages/airflow/example_dags/example_python_operator.py
[2026-07-20T06:43:19.227+0000] {processor.py:830} INFO - Processing file /workspaces/recomart-recommendation-pipeline/airflow_venv/lib/python3.12/site-packages/airflow/example_dags/example_python_operator.py for tasks to queue
[2026-07-20T06:43:19.228+0000] {logging_mixin.py:188} INFO - [2026-07-20T06:43:19.228+0000] {dagbag.py:545} INFO - Filling up the DagBag from /workspaces/recomart-recommendation-pipeline/airflow_venv/lib/python3.12/site-packages/airflow/example_dags/example_python_operator.py
[2026-07-20T06:43:19.237+0000] {processor.py:840} INFO - DAG(s) 'example_python_operator' retrieved from /workspaces/recomart-recommendation-pipeline/airflow_venv/lib/python3.12/site-packages/airflow/example_dags/example_python_operator.py
[2026-07-20T06:43:19.250+0000] {logging_mixin.py:188} INFO - [2026-07-20T06:43:19.250+0000] {dag.py:3089} INFO - Sync 1 DAGs
[2026-07-20T06:43:19.261+0000] {logging_mixin.py:188} INFO - [2026-07-20T06:43:19.261+0000] {dag.py:3947} INFO - Setting next_dagrun for example_python_operator to None, run_after=None
[2026-07-20T06:43:19.283+0000] {processor.py:183} INFO - Processing /workspaces/recomart-recommendation-pipeline/airflow_venv/lib/python3.12/site-packages/airflow/example_dags/example_python_operator.py took 0.061 seconds
[2026-07-20T06:44:08.702+0000] {processor.py:161} INFO - Started process (PID=82424) to work on /workspaces/recomart-recommendation-pipeline/airflow_venv/lib/python3.12/site-packages/airflow/example_dags/example_python_operator.py
[2026-07-20T06:44:08.703+0000] {processor.py:830} INFO - Processing file /workspaces/recomart-recommendation-pipeline/airflow_venv/lib/python3.12/site-packages/airflow/example_dags/example_python_operator.py for tasks to queue
[2026-07-20T06:44:08.704+0000] {logging_mixin.py:188} INFO - [2026-07-20T06:44:08.704+0000] {dagbag.py:545} INFO - Filling up the DagBag from /workspaces/recomart-recommendation-pipeline/airflow_venv/lib/python3.12/site-packages/airflow/example_dags/example_python_operator.py
[2026-07-20T06:44:08.713+0000] {processor.py:840} INFO - DAG(s) 'example_python_operator' retrieved from /workspaces/recomart-recommendation-pipeline/airflow_venv/lib/python3.12/site-packages/airflow/example_dags/example_python_operator.py
[2026-07-20T06:44:08.726+0000] {logging_mixin.py:188} INFO - [2026-07-20T06:44:08.726+0000] {dag.py:3089} INFO - Sync 1 DAGs
[2026-07-20T06:44:08.735+0000] {logging_mixin.py:188} INFO - [2026-07-20T06:44:08.735+0000] {dag.py:3947} INFO - Setting next_dagrun for example_python_operator to None, run_after=None
[2026-07-20T06:44:08.753+0000] {processor.py:183} INFO - Processing /workspaces/recomart-recommendation-pipeline/airflow_venv/lib/python3.12/site-packages/airflow/example_dags/example_python_operator.py took 0.055 seconds
[2026-07-20T06:44:53.210+0000] {processor.py:161} INFO - Started process (PID=82807) to work on /workspaces/recomart-recommendation-pipeline/airflow_venv/lib/python3.12/site-packages/airflow/example_dags/example_python_operator.py
[2026-07-20T06:44:53.210+0000] {processor.py:830} INFO - Processing file /workspaces/recomart-recommendation-pipeline/airflow_venv/lib/python3.12/site-packages/airflow/example_dags/example_python_operator.py for tasks to queue
[2026-07-20T06:44:53.212+0000] {logging_mixin.py:188} INFO - [2026-07-20T06:44:53.211+0000] {dagbag.py:545} INFO - Filling up the DagBag from /workspaces/recomart-recommendation-pipeline/airflow_venv/lib/python3.12/site-packages/airflow/example_dags/example_python_operator.py
[2026-07-20T06:44:53.220+0000] {processor.py:840} INFO - DAG(s) 'example_python_operator' retrieved from /workspaces/recomart-recommendation-pipeline/airflow_venv/lib/python3.12/site-packages/airflow/example_dags/example_python_operator.py
[2026-07-20T06:44:53.234+0000] {logging_mixin.py:188} INFO - [2026-07-20T06:44:53.234+0000] {dag.py:3089} INFO - Sync 1 DAGs
[2026-07-20T06:44:53.243+0000] {logging_mixin.py:188} INFO - [2026-07-20T06:44:53.243+0000] {dag.py:3947} INFO - Setting next_dagrun for example_python_operator to None, run_after=None
[2026-07-20T06:44:53.259+0000] {processor.py:183} INFO - Processing /workspaces/recomart-recommendation-pipeline/airflow_venv/lib/python3.12/site-packages/airflow/example_dags/example_python_operator.py took 0.054 seconds
[2026-07-20T06:45:56.322+0000] {processor.py:161} INFO - Started process (PID=83385) to work on /workspaces/recomart-recommendation-pipeline/airflow_venv/lib/python3.12/site-packages/airflow/example_dags/example_python_operator.py
[2026-07-20T06:45:56.322+0000] {processor.py:830} INFO - Processing file /workspaces/recomart-recommendation-pipeline/airflow_venv/lib/python3.12/site-packages/airflow/example_dags/example_python_operator.py for tasks to queue
[2026-07-20T06:45:56.324+0000] {logging_mixin.py:188} INFO - [2026-07-20T06:45:56.323+0000] {dagbag.py:545} INFO - Filling up the DagBag from /workspaces/recomart-recommendation-pipeline/airflow_venv/lib/python3.12/site-packages/airflow/example_dags/example_python_operator.py
[2026-07-20T06:45:56.332+0000] {processor.py:840} INFO - DAG(s) 'example_python_operator' retrieved from /workspaces/recomart-recommendation-pipeline/airflow_venv/lib/python3.12/site-packages/airflow/example_dags/example_python_operator.py
[2026-07-20T06:45:56.345+0000] {logging_mixin.py:188} INFO - [2026-07-20T06:45:56.345+0000] {dag.py:3089} INFO - Sync 1 DAGs
[2026-07-20T06:45:56.354+0000] {logging_mixin.py:188} INFO - [2026-07-20T06:45:56.354+0000] {dag.py:3947} INFO - Setting next_dagrun for example_python_operator to None, run_after=None
[2026-07-20T06:45:56.375+0000] {processor.py:183} INFO - Processing /workspaces/recomart-recommendation-pipeline/airflow_venv/lib/python3.12/site-packages/airflow/example_dags/example_python_operator.py took 0.058 seconds
[2026-07-20T06:46:40.803+0000] {processor.py:161} INFO - Started process (PID=83748) to work on /workspaces/recomart-recommendation-pipeline/airflow_venv/lib/python3.12/site-packages/airflow/example_dags/example_python_operator.py
[2026-07-20T06:46:40.804+0000] {processor.py:830} INFO - Processing file /workspaces/recomart-recommendation-pipeline/airflow_venv/lib/python3.12/site-packages/airflow/example_dags/example_python_operator.py for tasks to queue
[2026-07-20T06:46:40.805+0000] {logging_mixin.py:188} INFO - [2026-07-20T06:46:40.805+0000] {dagbag.py:545} INFO - Filling up the DagBag from /workspaces/recomart-recommendation-pipeline/airflow_venv/lib/python3.12/site-packages/airflow/example_dags/example_python_operator.py
[2026-07-20T06:46:40.814+0000] {processor.py:840} INFO - DAG(s) 'example_python_operator' retrieved from /workspaces/recomart-recommendation-pipeline/airflow_venv/lib/python3.12/site-packages/airflow/example_dags/example_python_operator.py
[2026-07-20T06:46:40.827+0000] {logging_mixin.py:188} INFO - [2026-07-20T06:46:40.827+0000] {dag.py:3089} INFO - Sync 1 DAGs
[2026-07-20T06:46:40.836+0000] {logging_mixin.py:188} INFO - [2026-07-20T06:46:40.836+0000] {dag.py:3947} INFO - Setting next_dagrun for example_python_operator to None, run_after=None
[2026-07-20T06:46:40.853+0000] {processor.py:183} INFO - Processing /workspaces/recomart-recommendation-pipeline/airflow_venv/lib/python3.12/site-packages/airflow/example_dags/example_python_operator.py took 0.054 seconds
[2026-07-20T06:47:23.579+0000] {processor.py:161} INFO - Started process (PID=84089) to work on /workspaces/recomart-recommendation-pipeline/airflow_venv/lib/python3.12/site-packages/airflow/example_dags/example_python_operator.py
[2026-07-20T06:47:23.580+0000] {processor.py:830} INFO - Processing file /workspaces/recomart-recommendation-pipeline/airflow_venv/lib/python3.12/site-packages/airflow/example_dags/example_python_operator.py for tasks to queue
[2026-07-20T06:47:23.582+0000] {logging_mixin.py:188} INFO - [2026-07-20T06:47:23.581+0000] {dagbag.py:545} INFO - Filling up the DagBag from /workspaces/recomart-recommendation-pipeline/airflow_venv/lib/python3.12/site-packages/airflow/example_dags/example_python_operator.py
[2026-07-20T06:47:23.592+0000] {processor.py:840} INFO - DAG(s) 'example_python_operator' retrieved from /workspaces/recomart-recommendation-pipeline/airflow_venv/lib/python3.12/site-packages/airflow/example_dags/example_python_operator.py
[2026-07-20T06:47:23.605+0000] {logging_mixin.py:188} INFO - [2026-07-20T06:47:23.605+0000] {dag.py:3089} INFO - Sync 1 DAGs
[2026-07-20T06:47:23.614+0000] {logging_mixin.py:188} INFO - [2026-07-20T06:47:23.614+0000] {dag.py:3947} INFO - Setting next_dagrun for example_python_operator to None, run_after=None
[2026-07-20T06:47:23.631+0000] {processor.py:183} INFO - Processing /workspaces/recomart-recommendation-pipeline/airflow_venv/lib/python3.12/site-packages/airflow/example_dags/example_python_operator.py took 0.058 seconds
[2026-07-20T06:48:27.222+0000] {processor.py:161} INFO - Started process (PID=84610) to work on /workspaces/recomart-recommendation-pipeline/airflow_venv/lib/python3.12/site-packages/airflow/example_dags/example_python_operator.py
[2026-07-20T06:48:27.223+0000] {processor.py:830} INFO - Processing file /workspaces/recomart-recommendation-pipeline/airflow_venv/lib/python3.12/site-packages/airflow/example_dags/example_python_operator.py for tasks to queue
[2026-07-20T06:48:27.224+0000] {logging_mixin.py:188} INFO - [2026-07-20T06:48:27.224+0000] {dagbag.py:545} INFO - Filling up the DagBag from /workspaces/recomart-recommendation-pipeline/airflow_venv/lib/python3.12/site-packages/airflow/example_dags/example_python_operator.py
[2026-07-20T06:48:27.233+0000] {processor.py:840} INFO - DAG(s) 'example_python_operator' retrieved from /workspaces/recomart-recommendation-pipeline/airflow_venv/lib/python3.12/site-packages/airflow/example_dags/example_python_operator.py
[2026-07-20T06:48:27.246+0000] {logging_mixin.py:188} INFO - [2026-07-20T06:48:27.246+0000] {dag.py:3089} INFO - Sync 1 DAGs
[2026-07-20T06:48:27.255+0000] {logging_mixin.py:188} INFO - [2026-07-20T06:48:27.255+0000] {dag.py:3947} INFO - Setting next_dagrun for example_python_operator to None, run_after=None
[2026-07-20T06:48:27.272+0000] {processor.py:183} INFO - Processing /workspaces/recomart-recommendation-pipeline/airflow_venv/lib/python3.12/site-packages/airflow/example_dags/example_python_operator.py took 0.055 seconds
[2026-07-20T06:49:29.197+0000] {processor.py:161} INFO - Started process (PID=85238) to work on /workspaces/recomart-recommendation-pipeline/airflow_venv/lib/python3.12/site-packages/airflow/example_dags/example_python_operator.py
[2026-07-20T06:49:29.198+0000] {processor.py:830} INFO - Processing file /workspaces/recomart-recommendation-pipeline/airflow_venv/lib/python3.12/site-packages/airflow/example_dags/example_python_operator.py for tasks to queue
[2026-07-20T06:49:29.200+0000] {logging_mixin.py:188} INFO - [2026-07-20T06:49:29.199+0000] {dagbag.py:545} INFO - Filling up the DagBag from /workspaces/recomart-recommendation-pipeline/airflow_venv/lib/python3.12/site-packages/airflow/example_dags/example_python_operator.py
[2026-07-20T06:49:29.208+0000] {processor.py:840} INFO - DAG(s) 'example_python_operator' retrieved from /workspaces/recomart-recommendation-pipeline/airflow_venv/lib/python3.12/site-packages/airflow/example_dags/example_python_operator.py
[2026-07-20T06:49:29.222+0000] {logging_mixin.py:188} INFO - [2026-07-20T06:49:29.222+0000] {dag.py:3089} INFO - Sync 1 DAGs
[2026-07-20T06:49:29.231+0000] {logging_mixin.py:188} INFO - [2026-07-20T06:49:29.231+0000] {dag.py:3947} INFO - Setting next_dagrun for example_python_operator to None, run_after=None
[2026-07-20T06:49:29.250+0000] {processor.py:183} INFO - Processing /workspaces/recomart-recommendation-pipeline/airflow_venv/lib/python3.12/site-packages/airflow/example_dags/example_python_operator.py took 0.058 seconds
[2026-07-20T06:50:13.542+0000] {processor.py:161} INFO - Started process (PID=85748) to work on /workspaces/recomart-recommendation-pipeline/airflow_venv/lib/python3.12/site-packages/airflow/example_dags/example_python_operator.py
[2026-07-20T06:50:13.543+0000] {processor.py:830} INFO - Processing file /workspaces/recomart-recommendation-pipeline/airflow_venv/lib/python3.12/site-packages/airflow/example_dags/example_python_operator.py for tasks to queue
[2026-07-20T06:50:13.545+0000] {logging_mixin.py:188} INFO - [2026-07-20T06:50:13.545+0000] {dagbag.py:545} INFO - Filling up the DagBag from /workspaces/recomart-recommendation-pipeline/airflow_venv/lib/python3.12/site-packages/airflow/example_dags/example_python_operator.py
[2026-07-20T06:50:13.584+0000] {processor.py:840} INFO - DAG(s) 'example_python_operator' retrieved from /workspaces/recomart-recommendation-pipeline/airflow_venv/lib/python3.12/site-packages/airflow/example_dags/example_python_operator.py
[2026-07-20T06:50:13.619+0000] {logging_mixin.py:188} INFO - [2026-07-20T06:50:13.618+0000] {dag.py:3089} INFO - Sync 1 DAGs
[2026-07-20T06:50:13.655+0000] {logging_mixin.py:188} INFO - [2026-07-20T06:50:13.654+0000] {dag.py:3947} INFO - Setting next_dagrun for example_python_operator to None, run_after=None
[2026-07-20T06:50:13.683+0000] {processor.py:183} INFO - Processing /workspaces/recomart-recommendation-pipeline/airflow_venv/lib/python3.12/site-packages/airflow/example_dags/example_python_operator.py took 0.147 seconds
[2026-07-20T06:51:19.070+0000] {processor.py:161} INFO - Started process (PID=86407) to work on /workspaces/recomart-recommendation-pipeline/airflow_venv/lib/python3.12/site-packages/airflow/example_dags/example_python_operator.py
[2026-07-20T06:51:19.071+0000] {processor.py:830} INFO - Processing file /workspaces/recomart-recommendation-pipeline/airflow_venv/lib/python3.12/site-packages/airflow/example_dags/example_python_operator.py for tasks to queue
[2026-07-20T06:51:19.073+0000] {logging_mixin.py:188} INFO - [2026-07-20T06:51:19.072+0000] {dagbag.py:545} INFO - Filling up the DagBag from /workspaces/recomart-recommendation-pipeline/airflow_venv/lib/python3.12/site-packages/airflow/example_dags/example_python_operator.py
[2026-07-20T06:51:19.084+0000] {processor.py:840} INFO - DAG(s) 'example_python_operator' retrieved from /workspaces/recomart-recommendation-pipeline/airflow_venv/lib/python3.12/site-packages/airflow/example_dags/example_python_operator.py
[2026-07-20T06:51:19.100+0000] {logging_mixin.py:188} INFO - [2026-07-20T06:51:19.099+0000] {dag.py:3089} INFO - Sync 1 DAGs
[2026-07-20T06:51:19.108+0000] {logging_mixin.py:188} INFO - [2026-07-20T06:51:19.108+0000] {dag.py:3947} INFO - Setting next_dagrun for example_python_operator to None, run_after=None
[2026-07-20T06:51:19.126+0000] {processor.py:183} INFO - Processing /workspaces/recomart-recommendation-pipeline/airflow_venv/lib/python3.12/site-packages/airflow/example_dags/example_python_operator.py took 0.061 seconds
[2026-07-20T06:52:05.134+0000] {processor.py:161} INFO - Started process (PID=86796) to work on /workspaces/recomart-recommendation-pipeline/airflow_venv/lib/python3.12/site-packages/airflow/example_dags/example_python_operator.py
[2026-07-20T06:52:05.135+0000] {processor.py:830} INFO - Processing file /workspaces/recomart-recommendation-pipeline/airflow_venv/lib/python3.12/site-packages/airflow/example_dags/example_python_operator.py for tasks to queue
[2026-07-20T06:52:05.137+0000] {logging_mixin.py:188} INFO - [2026-07-20T06:52:05.136+0000] {dagbag.py:545} INFO - Filling up the DagBag from /workspaces/recomart-recommendation-pipeline/airflow_venv/lib/python3.12/site-packages/airflow/example_dags/example_python_operator.py
[2026-07-20T06:52:05.149+0000] {processor.py:840} INFO - DAG(s) 'example_python_operator' retrieved from /workspaces/recomart-recommendation-pipeline/airflow_venv/lib/python3.12/site-packages/airflow/example_dags/example_python_operator.py
[2026-07-20T06:52:05.181+0000] {logging_mixin.py:188} INFO - [2026-07-20T06:52:05.181+0000] {dag.py:3089} INFO - Sync 1 DAGs
[2026-07-20T06:52:05.196+0000] {logging_mixin.py:188} INFO - [2026-07-20T06:52:05.196+0000] {dag.py:3947} INFO - Setting next_dagrun for example_python_operator to None, run_after=None
[2026-07-20T06:52:05.240+0000] {processor.py:183} INFO - Processing /workspaces/recomart-recommendation-pipeline/airflow_venv/lib/python3.12/site-packages/airflow/example_dags/example_python_operator.py took 0.112 seconds
[2026-07-20T06:58:09.826+0000] {processor.py:161} INFO - Started process (PID=89734) to work on /workspaces/recomart-recommendation-pipeline/airflow_venv/lib/python3.12/site-packages/airflow/example_dags/example_python_operator.py
[2026-07-20T06:58:09.827+0000] {processor.py:830} INFO - Processing file /workspaces/recomart-recommendation-pipeline/airflow_venv/lib/python3.12/site-packages/airflow/example_dags/example_python_operator.py for tasks to queue
[2026-07-20T06:58:09.828+0000] {logging_mixin.py:188} INFO - [2026-07-20T06:58:09.828+0000] {dagbag.py:545} INFO - Filling up the DagBag from /workspaces/recomart-recommendation-pipeline/airflow_venv/lib/python3.12/site-packages/airflow/example_dags/example_python_operator.py
[2026-07-20T06:58:09.838+0000] {processor.py:840} INFO - DAG(s) 'example_python_operator' retrieved from /workspaces/recomart-recommendation-pipeline/airflow_venv/lib/python3.12/site-packages/airflow/example_dags/example_python_operator.py
[2026-07-20T06:58:09.981+0000] {logging_mixin.py:188} INFO - [2026-07-20T06:58:09.981+0000] {dag.py:3089} INFO - Sync 1 DAGs
[2026-07-20T06:58:09.995+0000] {logging_mixin.py:188} INFO - [2026-07-20T06:58:09.995+0000] {dag.py:3947} INFO - Setting next_dagrun for example_python_operator to None, run_after=None
[2026-07-20T06:58:10.028+0000] {processor.py:183} INFO - Processing /workspaces/recomart-recommendation-pipeline/airflow_venv/lib/python3.12/site-packages/airflow/example_dags/example_python_operator.py took 0.206 seconds
[2026-07-20T06:59:29.051+0000] {processor.py:161} INFO - Started process (PID=90871) to work on /workspaces/recomart-recommendation-pipeline/airflow_venv/lib/python3.12/site-packages/airflow/example_dags/example_python_operator.py
[2026-07-20T06:59:29.052+0000] {processor.py:830} INFO - Processing file /workspaces/recomart-recommendation-pipeline/airflow_venv/lib/python3.12/site-packages/airflow/example_dags/example_python_operator.py for tasks to queue
[2026-07-20T06:59:29.053+0000] {logging_mixin.py:188} INFO - [2026-07-20T06:59:29.053+0000] {dagbag.py:545} INFO - Filling up the DagBag from /workspaces/recomart-recommendation-pipeline/airflow_venv/lib/python3.12/site-packages/airflow/example_dags/example_python_operator.py
[2026-07-20T06:59:29.062+0000] {processor.py:840} INFO - DAG(s) 'example_python_operator' retrieved from /workspaces/recomart-recommendation-pipeline/airflow_venv/lib/python3.12/site-packages/airflow/example_dags/example_python_operator.py
[2026-07-20T06:59:29.087+0000] {logging_mixin.py:188} INFO - [2026-07-20T06:59:29.086+0000] {dag.py:3089} INFO - Sync 1 DAGs
[2026-07-20T06:59:29.096+0000] {logging_mixin.py:188} INFO - [2026-07-20T06:59:29.096+0000] {dag.py:3947} INFO - Setting next_dagrun for example_python_operator to None, run_after=None
[2026-07-20T06:59:29.113+0000] {processor.py:183} INFO - Processing /workspaces/recomart-recommendation-pipeline/airflow_venv/lib/python3.12/site-packages/airflow/example_dags/example_python_operator.py took 0.065 seconds
[2026-07-20T07:00:38.456+0000] {processor.py:161} INFO - Started process (PID=91833) to work on /workspaces/recomart-recommendation-pipeline/airflow_venv/lib/python3.12/site-packages/airflow/example_dags/example_python_operator.py
[2026-07-20T07:00:38.457+0000] {processor.py:830} INFO - Processing file /workspaces/recomart-recommendation-pipeline/airflow_venv/lib/python3.12/site-packages/airflow/example_dags/example_python_operator.py for tasks to queue
[2026-07-20T07:00:38.461+0000] {logging_mixin.py:188} INFO - [2026-07-20T07:00:38.460+0000] {dagbag.py:545} INFO - Filling up the DagBag from /workspaces/recomart-recommendation-pipeline/airflow_venv/lib/python3.12/site-packages/airflow/example_dags/example_python_operator.py
[2026-07-20T07:00:38.478+0000] {processor.py:840} INFO - DAG(s) 'example_python_operator' retrieved from /workspaces/recomart-recommendation-pipeline/airflow_venv/lib/python3.12/site-packages/airflow/example_dags/example_python_operator.py
[2026-07-20T07:00:38.505+0000] {logging_mixin.py:188} INFO - [2026-07-20T07:00:38.505+0000] {dag.py:3089} INFO - Sync 1 DAGs
[2026-07-20T07:00:38.517+0000] {logging_mixin.py:188} INFO - [2026-07-20T07:00:38.517+0000] {dag.py:3947} INFO - Setting next_dagrun for example_python_operator to None, run_after=None
[2026-07-20T07:00:38.539+0000] {processor.py:183} INFO - Processing /workspaces/recomart-recommendation-pipeline/airflow_venv/lib/python3.12/site-packages/airflow/example_dags/example_python_operator.py took 0.094 seconds
[2026-07-20T07:01:31.518+0000] {processor.py:161} INFO - Started process (PID=92276) to work on /workspaces/recomart-recommendation-pipeline/airflow_venv/lib/python3.12/site-packages/airflow/example_dags/example_python_operator.py
[2026-07-20T07:01:31.518+0000] {processor.py:830} INFO - Processing file /workspaces/recomart-recommendation-pipeline/airflow_venv/lib/python3.12/site-packages/airflow/example_dags/example_python_operator.py for tasks to queue
[2026-07-20T07:01:31.520+0000] {logging_mixin.py:188} INFO - [2026-07-20T07:01:31.520+0000] {dagbag.py:545} INFO - Filling up the DagBag from /workspaces/recomart-recommendation-pipeline/airflow_venv/lib/python3.12/site-packages/airflow/example_dags/example_python_operator.py
[2026-07-20T07:01:31.529+0000] {processor.py:840} INFO - DAG(s) 'example_python_operator' retrieved from /workspaces/recomart-recommendation-pipeline/airflow_venv/lib/python3.12/site-packages/airflow/example_dags/example_python_operator.py
[2026-07-20T07:01:31.543+0000] {logging_mixin.py:188} INFO - [2026-07-20T07:01:31.543+0000] {dag.py:3089} INFO - Sync 1 DAGs
[2026-07-20T07:01:31.552+0000] {logging_mixin.py:188} INFO - [2026-07-20T07:01:31.552+0000] {dag.py:3947} INFO - Setting next_dagrun for example_python_operator to None, run_after=None
[2026-07-20T07:01:31.573+0000] {processor.py:183} INFO - Processing /workspaces/recomart-recommendation-pipeline/airflow_venv/lib/python3.12/site-packages/airflow/example_dags/example_python_operator.py took 0.060 seconds
