[2026-07-20T05:59:01.700+0000] {processor.py:161} INFO - Started process (PID=58132) to work on /workspaces/recomart-recommendation-pipeline/airflow_venv/lib/python3.12/site-packages/airflow/example_dags/example_sla_dag.py
[2026-07-20T05:59:01.701+0000] {processor.py:830} INFO - Processing file /workspaces/recomart-recommendation-pipeline/airflow_venv/lib/python3.12/site-packages/airflow/example_dags/example_sla_dag.py for tasks to queue
[2026-07-20T05:59:01.704+0000] {logging_mixin.py:188} INFO - [2026-07-20T05:59:01.703+0000] {dagbag.py:545} INFO - Filling up the DagBag from /workspaces/recomart-recommendation-pipeline/airflow_venv/lib/python3.12/site-packages/airflow/example_dags/example_sla_dag.py
[2026-07-20T05:59:01.718+0000] {processor.py:840} INFO - DAG(s) 'example_sla_dag' retrieved from /workspaces/recomart-recommendation-pipeline/airflow_venv/lib/python3.12/site-packages/airflow/example_dags/example_sla_dag.py
[2026-07-20T05:59:01.833+0000] {logging_mixin.py:188} INFO - [2026-07-20T05:59:01.832+0000] {override.py:1858} INFO - Created Permission View: can read on DAG:example_sla_dag
[2026-07-20T05:59:01.844+0000] {logging_mixin.py:188} INFO - [2026-07-20T05:59:01.844+0000] {override.py:1858} INFO - Created Permission View: can edit on DAG:example_sla_dag
[2026-07-20T05:59:01.853+0000] {logging_mixin.py:188} INFO - [2026-07-20T05:59:01.852+0000] {override.py:1858} INFO - Created Permission View: can delete on DAG:example_sla_dag
[2026-07-20T05:59:01.853+0000] {logging_mixin.py:188} INFO - [2026-07-20T05:59:01.853+0000] {dag.py:3089} INFO - Sync 1 DAGs
[2026-07-20T05:59:01.862+0000] {logging_mixin.py:188} INFO - [2026-07-20T05:59:01.862+0000] {dag.py:3111} INFO - Creating ORM DAG for example_sla_dag
[2026-07-20T05:59:01.872+0000] {logging_mixin.py:188} INFO - [2026-07-20T05:59:01.872+0000] {dag.py:3947} INFO - Setting next_dagrun for example_sla_dag to 2026-07-20 05:56:00+00:00, run_after=2026-07-20 05:58:00+00:00
[2026-07-20T05:59:01.890+0000] {processor.py:183} INFO - Processing /workspaces/recomart-recommendation-pipeline/airflow_venv/lib/python3.12/site-packages/airflow/example_dags/example_sla_dag.py took 0.195 seconds
[2026-07-20T05:59:59.570+0000] {processor.py:161} INFO - Started process (PID=58638) to work on /workspaces/recomart-recommendation-pipeline/airflow_venv/lib/python3.12/site-packages/airflow/example_dags/example_sla_dag.py
[2026-07-20T05:59:59.571+0000] {processor.py:830} INFO - Processing file /workspaces/recomart-recommendation-pipeline/airflow_venv/lib/python3.12/site-packages/airflow/example_dags/example_sla_dag.py for tasks to queue
[2026-07-20T05:59:59.573+0000] {logging_mixin.py:188} INFO - [2026-07-20T05:59:59.572+0000] {dagbag.py:545} INFO - Filling up the DagBag from /workspaces/recomart-recommendation-pipeline/airflow_venv/lib/python3.12/site-packages/airflow/example_dags/example_sla_dag.py
[2026-07-20T05:59:59.581+0000] {processor.py:840} INFO - DAG(s) 'example_sla_dag' retrieved from /workspaces/recomart-recommendation-pipeline/airflow_venv/lib/python3.12/site-packages/airflow/example_dags/example_sla_dag.py
[2026-07-20T05:59:59.595+0000] {logging_mixin.py:188} INFO - [2026-07-20T05:59:59.595+0000] {dag.py:3089} INFO - Sync 1 DAGs
[2026-07-20T05:59:59.611+0000] {logging_mixin.py:188} INFO - [2026-07-20T05:59:59.611+0000] {dag.py:3947} INFO - Setting next_dagrun for example_sla_dag to 2026-07-20 05:56:00+00:00, run_after=2026-07-20 05:58:00+00:00
[2026-07-20T05:59:59.633+0000] {processor.py:183} INFO - Processing /workspaces/recomart-recommendation-pipeline/airflow_venv/lib/python3.12/site-packages/airflow/example_dags/example_sla_dag.py took 0.068 seconds
[2026-07-20T06:00:49.821+0000] {processor.py:161} INFO - Started process (PID=59189) to work on /workspaces/recomart-recommendation-pipeline/airflow_venv/lib/python3.12/site-packages/airflow/example_dags/example_sla_dag.py
[2026-07-20T06:00:49.821+0000] {processor.py:830} INFO - Processing file /workspaces/recomart-recommendation-pipeline/airflow_venv/lib/python3.12/site-packages/airflow/example_dags/example_sla_dag.py for tasks to queue
[2026-07-20T06:00:49.823+0000] {logging_mixin.py:188} INFO - [2026-07-20T06:00:49.823+0000] {dagbag.py:545} INFO - Filling up the DagBag from /workspaces/recomart-recommendation-pipeline/airflow_venv/lib/python3.12/site-packages/airflow/example_dags/example_sla_dag.py
[2026-07-20T06:00:49.829+0000] {processor.py:840} INFO - DAG(s) 'example_sla_dag' retrieved from /workspaces/recomart-recommendation-pipeline/airflow_venv/lib/python3.12/site-packages/airflow/example_dags/example_sla_dag.py
[2026-07-20T06:00:49.841+0000] {logging_mixin.py:188} INFO - [2026-07-20T06:00:49.841+0000] {dag.py:3089} INFO - Sync 1 DAGs
[2026-07-20T06:00:49.859+0000] {logging_mixin.py:188} INFO - [2026-07-20T06:00:49.858+0000] {dag.py:3947} INFO - Setting next_dagrun for example_sla_dag to 2026-07-20 05:58:00+00:00, run_after=2026-07-20 06:00:00+00:00
[2026-07-20T06:00:49.878+0000] {processor.py:183} INFO - Processing /workspaces/recomart-recommendation-pipeline/airflow_venv/lib/python3.12/site-packages/airflow/example_dags/example_sla_dag.py took 0.061 seconds
[2026-07-20T06:01:39.236+0000] {processor.py:161} INFO - Started process (PID=59789) to work on /workspaces/recomart-recommendation-pipeline/airflow_venv/lib/python3.12/site-packages/airflow/example_dags/example_sla_dag.py
[2026-07-20T06:01:39.236+0000] {processor.py:830} INFO - Processing file /workspaces/recomart-recommendation-pipeline/airflow_venv/lib/python3.12/site-packages/airflow/example_dags/example_sla_dag.py for tasks to queue
[2026-07-20T06:01:39.238+0000] {logging_mixin.py:188} INFO - [2026-07-20T06:01:39.237+0000] {dagbag.py:545} INFO - Filling up the DagBag from /workspaces/recomart-recommendation-pipeline/airflow_venv/lib/python3.12/site-packages/airflow/example_dags/example_sla_dag.py
[2026-07-20T06:01:39.244+0000] {processor.py:840} INFO - DAG(s) 'example_sla_dag' retrieved from /workspaces/recomart-recommendation-pipeline/airflow_venv/lib/python3.12/site-packages/airflow/example_dags/example_sla_dag.py
[2026-07-20T06:01:39.255+0000] {logging_mixin.py:188} INFO - [2026-07-20T06:01:39.255+0000] {dag.py:3089} INFO - Sync 1 DAGs
[2026-07-20T06:01:39.272+0000] {logging_mixin.py:188} INFO - [2026-07-20T06:01:39.272+0000] {dag.py:3947} INFO - Setting next_dagrun for example_sla_dag to 2026-07-20 05:58:00+00:00, run_after=2026-07-20 06:00:00+00:00
[2026-07-20T06:01:39.294+0000] {processor.py:183} INFO - Processing /workspaces/recomart-recommendation-pipeline/airflow_venv/lib/python3.12/site-packages/airflow/example_dags/example_sla_dag.py took 0.062 seconds
[2026-07-20T06:02:25.156+0000] {processor.py:161} INFO - Started process (PID=60114) to work on /workspaces/recomart-recommendation-pipeline/airflow_venv/lib/python3.12/site-packages/airflow/example_dags/example_sla_dag.py
[2026-07-20T06:02:25.157+0000] {processor.py:830} INFO - Processing file /workspaces/recomart-recommendation-pipeline/airflow_venv/lib/python3.12/site-packages/airflow/example_dags/example_sla_dag.py for tasks to queue
[2026-07-20T06:02:25.158+0000] {logging_mixin.py:188} INFO - [2026-07-20T06:02:25.158+0000] {dagbag.py:545} INFO - Filling up the DagBag from /workspaces/recomart-recommendation-pipeline/airflow_venv/lib/python3.12/site-packages/airflow/example_dags/example_sla_dag.py
[2026-07-20T06:02:25.165+0000] {processor.py:840} INFO - DAG(s) 'example_sla_dag' retrieved from /workspaces/recomart-recommendation-pipeline/airflow_venv/lib/python3.12/site-packages/airflow/example_dags/example_sla_dag.py
[2026-07-20T06:02:25.181+0000] {logging_mixin.py:188} INFO - [2026-07-20T06:02:25.181+0000] {dag.py:3089} INFO - Sync 1 DAGs
[2026-07-20T06:02:25.205+0000] {logging_mixin.py:188} INFO - [2026-07-20T06:02:25.205+0000] {dag.py:3947} INFO - Setting next_dagrun for example_sla_dag to 2026-07-20 06:00:00+00:00, run_after=2026-07-20 06:02:00+00:00
[2026-07-20T06:02:25.223+0000] {processor.py:183} INFO - Processing /workspaces/recomart-recommendation-pipeline/airflow_venv/lib/python3.12/site-packages/airflow/example_dags/example_sla_dag.py took 0.070 seconds
[2026-07-20T06:03:07.994+0000] {processor.py:161} INFO - Started process (PID=60475) to work on /workspaces/recomart-recommendation-pipeline/airflow_venv/lib/python3.12/site-packages/airflow/example_dags/example_sla_dag.py
[2026-07-20T06:03:07.995+0000] {processor.py:830} INFO - Processing file /workspaces/recomart-recommendation-pipeline/airflow_venv/lib/python3.12/site-packages/airflow/example_dags/example_sla_dag.py for tasks to queue
[2026-07-20T06:03:07.996+0000] {logging_mixin.py:188} INFO - [2026-07-20T06:03:07.996+0000] {dagbag.py:545} INFO - Filling up the DagBag from /workspaces/recomart-recommendation-pipeline/airflow_venv/lib/python3.12/site-packages/airflow/example_dags/example_sla_dag.py
[2026-07-20T06:03:08.005+0000] {processor.py:840} INFO - DAG(s) 'example_sla_dag' retrieved from /workspaces/recomart-recommendation-pipeline/airflow_venv/lib/python3.12/site-packages/airflow/example_dags/example_sla_dag.py
[2026-07-20T06:03:08.017+0000] {logging_mixin.py:188} INFO - [2026-07-20T06:03:08.017+0000] {dag.py:3089} INFO - Sync 1 DAGs
[2026-07-20T06:03:08.035+0000] {logging_mixin.py:188} INFO - [2026-07-20T06:03:08.035+0000] {dag.py:3947} INFO - Setting next_dagrun for example_sla_dag to 2026-07-20 06:00:00+00:00, run_after=2026-07-20 06:02:00+00:00
[2026-07-20T06:03:08.052+0000] {processor.py:183} INFO - Processing /workspaces/recomart-recommendation-pipeline/airflow_venv/lib/python3.12/site-packages/airflow/example_dags/example_sla_dag.py took 0.063 seconds
[2026-07-20T06:03:51.197+0000] {processor.py:161} INFO - Started process (PID=60904) to work on /workspaces/recomart-recommendation-pipeline/airflow_venv/lib/python3.12/site-packages/airflow/example_dags/example_sla_dag.py
[2026-07-20T06:03:51.197+0000] {processor.py:830} INFO - Processing file /workspaces/recomart-recommendation-pipeline/airflow_venv/lib/python3.12/site-packages/airflow/example_dags/example_sla_dag.py for tasks to queue
[2026-07-20T06:03:51.199+0000] {logging_mixin.py:188} INFO - [2026-07-20T06:03:51.199+0000] {dagbag.py:545} INFO - Filling up the DagBag from /workspaces/recomart-recommendation-pipeline/airflow_venv/lib/python3.12/site-packages/airflow/example_dags/example_sla_dag.py
[2026-07-20T06:03:51.208+0000] {processor.py:840} INFO - DAG(s) 'example_sla_dag' retrieved from /workspaces/recomart-recommendation-pipeline/airflow_venv/lib/python3.12/site-packages/airflow/example_dags/example_sla_dag.py
[2026-07-20T06:03:51.222+0000] {logging_mixin.py:188} INFO - [2026-07-20T06:03:51.222+0000] {dag.py:3089} INFO - Sync 1 DAGs
[2026-07-20T06:03:51.242+0000] {logging_mixin.py:188} INFO - [2026-07-20T06:03:51.241+0000] {dag.py:3947} INFO - Setting next_dagrun for example_sla_dag to 2026-07-20 06:00:00+00:00, run_after=2026-07-20 06:02:00+00:00
[2026-07-20T06:03:51.264+0000] {processor.py:183} INFO - Processing /workspaces/recomart-recommendation-pipeline/airflow_venv/lib/python3.12/site-packages/airflow/example_dags/example_sla_dag.py took 0.072 seconds
[2026-07-20T06:04:34.259+0000] {processor.py:161} INFO - Started process (PID=61232) to work on /workspaces/recomart-recommendation-pipeline/airflow_venv/lib/python3.12/site-packages/airflow/example_dags/example_sla_dag.py
[2026-07-20T06:04:34.260+0000] {processor.py:830} INFO - Processing file /workspaces/recomart-recommendation-pipeline/airflow_venv/lib/python3.12/site-packages/airflow/example_dags/example_sla_dag.py for tasks to queue
[2026-07-20T06:04:34.261+0000] {logging_mixin.py:188} INFO - [2026-07-20T06:04:34.261+0000] {dagbag.py:545} INFO - Filling up the DagBag from /workspaces/recomart-recommendation-pipeline/airflow_venv/lib/python3.12/site-packages/airflow/example_dags/example_sla_dag.py
[2026-07-20T06:04:34.268+0000] {processor.py:840} INFO - DAG(s) 'example_sla_dag' retrieved from /workspaces/recomart-recommendation-pipeline/airflow_venv/lib/python3.12/site-packages/airflow/example_dags/example_sla_dag.py
[2026-07-20T06:04:34.285+0000] {logging_mixin.py:188} INFO - [2026-07-20T06:04:34.284+0000] {dag.py:3089} INFO - Sync 1 DAGs
[2026-07-20T06:04:34.304+0000] {logging_mixin.py:188} INFO - [2026-07-20T06:04:34.304+0000] {dag.py:3947} INFO - Setting next_dagrun for example_sla_dag to 2026-07-20 06:02:00+00:00, run_after=2026-07-20 06:04:00+00:00
[2026-07-20T06:04:34.321+0000] {processor.py:183} INFO - Processing /workspaces/recomart-recommendation-pipeline/airflow_venv/lib/python3.12/site-packages/airflow/example_dags/example_sla_dag.py took 0.066 seconds
[2026-07-20T06:05:19.913+0000] {processor.py:161} INFO - Started process (PID=61614) to work on /workspaces/recomart-recommendation-pipeline/airflow_venv/lib/python3.12/site-packages/airflow/example_dags/example_sla_dag.py
[2026-07-20T06:05:19.914+0000] {processor.py:830} INFO - Processing file /workspaces/recomart-recommendation-pipeline/airflow_venv/lib/python3.12/site-packages/airflow/example_dags/example_sla_dag.py for tasks to queue
[2026-07-20T06:05:19.916+0000] {logging_mixin.py:188} INFO - [2026-07-20T06:05:19.915+0000] {dagbag.py:545} INFO - Filling up the DagBag from /workspaces/recomart-recommendation-pipeline/airflow_venv/lib/python3.12/site-packages/airflow/example_dags/example_sla_dag.py
[2026-07-20T06:05:19.923+0000] {processor.py:840} INFO - DAG(s) 'example_sla_dag' retrieved from /workspaces/recomart-recommendation-pipeline/airflow_venv/lib/python3.12/site-packages/airflow/example_dags/example_sla_dag.py
[2026-07-20T06:05:19.934+0000] {logging_mixin.py:188} INFO - [2026-07-20T06:05:19.933+0000] {dag.py:3089} INFO - Sync 1 DAGs
[2026-07-20T06:05:19.950+0000] {logging_mixin.py:188} INFO - [2026-07-20T06:05:19.950+0000] {dag.py:3947} INFO - Setting next_dagrun for example_sla_dag to 2026-07-20 06:02:00+00:00, run_after=2026-07-20 06:04:00+00:00
[2026-07-20T06:05:19.969+0000] {processor.py:183} INFO - Processing /workspaces/recomart-recommendation-pipeline/airflow_venv/lib/python3.12/site-packages/airflow/example_dags/example_sla_dag.py took 0.060 seconds
[2026-07-20T06:06:05.259+0000] {processor.py:161} INFO - Started process (PID=62008) to work on /workspaces/recomart-recommendation-pipeline/airflow_venv/lib/python3.12/site-packages/airflow/example_dags/example_sla_dag.py
[2026-07-20T06:06:05.260+0000] {processor.py:830} INFO - Processing file /workspaces/recomart-recommendation-pipeline/airflow_venv/lib/python3.12/site-packages/airflow/example_dags/example_sla_dag.py for tasks to queue
[2026-07-20T06:06:05.262+0000] {logging_mixin.py:188} INFO - [2026-07-20T06:06:05.261+0000] {dagbag.py:545} INFO - Filling up the DagBag from /workspaces/recomart-recommendation-pipeline/airflow_venv/lib/python3.12/site-packages/airflow/example_dags/example_sla_dag.py
[2026-07-20T06:06:05.269+0000] {processor.py:840} INFO - DAG(s) 'example_sla_dag' retrieved from /workspaces/recomart-recommendation-pipeline/airflow_venv/lib/python3.12/site-packages/airflow/example_dags/example_sla_dag.py
[2026-07-20T06:06:05.284+0000] {logging_mixin.py:188} INFO - [2026-07-20T06:06:05.284+0000] {dag.py:3089} INFO - Sync 1 DAGs
[2026-07-20T06:06:05.301+0000] {logging_mixin.py:188} INFO - [2026-07-20T06:06:05.301+0000] {dag.py:3947} INFO - Setting next_dagrun for example_sla_dag to 2026-07-20 06:04:00+00:00, run_after=2026-07-20 06:06:00+00:00
[2026-07-20T06:06:05.318+0000] {processor.py:183} INFO - Processing /workspaces/recomart-recommendation-pipeline/airflow_venv/lib/python3.12/site-packages/airflow/example_dags/example_sla_dag.py took 0.065 seconds
[2026-07-20T06:06:52.794+0000] {processor.py:161} INFO - Started process (PID=62398) to work on /workspaces/recomart-recommendation-pipeline/airflow_venv/lib/python3.12/site-packages/airflow/example_dags/example_sla_dag.py
[2026-07-20T06:06:52.795+0000] {processor.py:830} INFO - Processing file /workspaces/recomart-recommendation-pipeline/airflow_venv/lib/python3.12/site-packages/airflow/example_dags/example_sla_dag.py for tasks to queue
[2026-07-20T06:06:52.796+0000] {logging_mixin.py:188} INFO - [2026-07-20T06:06:52.796+0000] {dagbag.py:545} INFO - Filling up the DagBag from /workspaces/recomart-recommendation-pipeline/airflow_venv/lib/python3.12/site-packages/airflow/example_dags/example_sla_dag.py
[2026-07-20T06:06:52.803+0000] {processor.py:840} INFO - DAG(s) 'example_sla_dag' retrieved from /workspaces/recomart-recommendation-pipeline/airflow_venv/lib/python3.12/site-packages/airflow/example_dags/example_sla_dag.py
[2026-07-20T06:06:52.815+0000] {logging_mixin.py:188} INFO - [2026-07-20T06:06:52.815+0000] {dag.py:3089} INFO - Sync 1 DAGs
[2026-07-20T06:06:52.923+0000] {logging_mixin.py:188} INFO - [2026-07-20T06:06:52.923+0000] {dag.py:3947} INFO - Setting next_dagrun for example_sla_dag to 2026-07-20 06:04:00+00:00, run_after=2026-07-20 06:06:00+00:00
[2026-07-20T06:06:52.939+0000] {processor.py:183} INFO - Processing /workspaces/recomart-recommendation-pipeline/airflow_venv/lib/python3.12/site-packages/airflow/example_dags/example_sla_dag.py took 0.151 seconds
[2026-07-20T06:07:42.536+0000] {processor.py:161} INFO - Started process (PID=62816) to work on /workspaces/recomart-recommendation-pipeline/airflow_venv/lib/python3.12/site-packages/airflow/example_dags/example_sla_dag.py
[2026-07-20T06:07:42.536+0000] {processor.py:830} INFO - Processing file /workspaces/recomart-recommendation-pipeline/airflow_venv/lib/python3.12/site-packages/airflow/example_dags/example_sla_dag.py for tasks to queue
[2026-07-20T06:07:42.538+0000] {logging_mixin.py:188} INFO - [2026-07-20T06:07:42.538+0000] {dagbag.py:545} INFO - Filling up the DagBag from /workspaces/recomart-recommendation-pipeline/airflow_venv/lib/python3.12/site-packages/airflow/example_dags/example_sla_dag.py
[2026-07-20T06:07:42.545+0000] {processor.py:840} INFO - DAG(s) 'example_sla_dag' retrieved from /workspaces/recomart-recommendation-pipeline/airflow_venv/lib/python3.12/site-packages/airflow/example_dags/example_sla_dag.py
[2026-07-20T06:07:42.555+0000] {logging_mixin.py:188} INFO - [2026-07-20T06:07:42.555+0000] {dag.py:3089} INFO - Sync 1 DAGs
[2026-07-20T06:07:42.573+0000] {logging_mixin.py:188} INFO - [2026-07-20T06:07:42.572+0000] {dag.py:3947} INFO - Setting next_dagrun for example_sla_dag to 2026-07-20 06:04:00+00:00, run_after=2026-07-20 06:06:00+00:00
[2026-07-20T06:07:42.592+0000] {processor.py:183} INFO - Processing /workspaces/recomart-recommendation-pipeline/airflow_venv/lib/python3.12/site-packages/airflow/example_dags/example_sla_dag.py took 0.061 seconds
[2026-07-20T06:08:58.841+0000] {processor.py:161} INFO - Started process (PID=63623) to work on /workspaces/recomart-recommendation-pipeline/airflow_venv/lib/python3.12/site-packages/airflow/example_dags/example_sla_dag.py
[2026-07-20T06:08:58.842+0000] {processor.py:830} INFO - Processing file /workspaces/recomart-recommendation-pipeline/airflow_venv/lib/python3.12/site-packages/airflow/example_dags/example_sla_dag.py for tasks to queue
[2026-07-20T06:08:58.844+0000] {logging_mixin.py:188} INFO - [2026-07-20T06:08:58.844+0000] {dagbag.py:545} INFO - Filling up the DagBag from /workspaces/recomart-recommendation-pipeline/airflow_venv/lib/python3.12/site-packages/airflow/example_dags/example_sla_dag.py
[2026-07-20T06:08:58.852+0000] {processor.py:840} INFO - DAG(s) 'example_sla_dag' retrieved from /workspaces/recomart-recommendation-pipeline/airflow_venv/lib/python3.12/site-packages/airflow/example_dags/example_sla_dag.py
[2026-07-20T06:08:58.857+0000] {logging_mixin.py:188} INFO - [2026-07-20T06:08:58.857+0000] {dag.py:3089} INFO - Sync 1 DAGs
[2026-07-20T06:08:58.876+0000] {logging_mixin.py:188} INFO - [2026-07-20T06:08:58.876+0000] {dag.py:3947} INFO - Setting next_dagrun for example_sla_dag to 2026-07-20 06:06:00+00:00, run_after=2026-07-20 06:08:00+00:00
[2026-07-20T06:08:58.895+0000] {processor.py:183} INFO - Processing /workspaces/recomart-recommendation-pipeline/airflow_venv/lib/python3.12/site-packages/airflow/example_dags/example_sla_dag.py took 0.058 seconds
[2026-07-20T06:09:55.197+0000] {processor.py:161} INFO - Started process (PID=64080) to work on /workspaces/recomart-recommendation-pipeline/airflow_venv/lib/python3.12/site-packages/airflow/example_dags/example_sla_dag.py
[2026-07-20T06:09:55.200+0000] {processor.py:830} INFO - Processing file /workspaces/recomart-recommendation-pipeline/airflow_venv/lib/python3.12/site-packages/airflow/example_dags/example_sla_dag.py for tasks to queue
[2026-07-20T06:09:55.202+0000] {logging_mixin.py:188} INFO - [2026-07-20T06:09:55.201+0000] {dagbag.py:545} INFO - Filling up the DagBag from /workspaces/recomart-recommendation-pipeline/airflow_venv/lib/python3.12/site-packages/airflow/example_dags/example_sla_dag.py
[2026-07-20T06:09:55.216+0000] {processor.py:840} INFO - DAG(s) 'example_sla_dag' retrieved from /workspaces/recomart-recommendation-pipeline/airflow_venv/lib/python3.12/site-packages/airflow/example_dags/example_sla_dag.py
[2026-07-20T06:09:55.345+0000] {logging_mixin.py:188} INFO - [2026-07-20T06:09:55.345+0000] {dag.py:3089} INFO - Sync 1 DAGs
[2026-07-20T06:09:55.367+0000] {logging_mixin.py:188} INFO - [2026-07-20T06:09:55.367+0000] {dag.py:3947} INFO - Setting next_dagrun for example_sla_dag to 2026-07-20 06:06:00+00:00, run_after=2026-07-20 06:08:00+00:00
[2026-07-20T06:09:55.415+0000] {processor.py:183} INFO - Processing /workspaces/recomart-recommendation-pipeline/airflow_venv/lib/python3.12/site-packages/airflow/example_dags/example_sla_dag.py took 0.226 seconds
[2026-07-20T06:10:47.116+0000] {processor.py:161} INFO - Started process (PID=64512) to work on /workspaces/recomart-recommendation-pipeline/airflow_venv/lib/python3.12/site-packages/airflow/example_dags/example_sla_dag.py
[2026-07-20T06:10:47.117+0000] {processor.py:830} INFO - Processing file /workspaces/recomart-recommendation-pipeline/airflow_venv/lib/python3.12/site-packages/airflow/example_dags/example_sla_dag.py for tasks to queue
[2026-07-20T06:10:47.118+0000] {logging_mixin.py:188} INFO - [2026-07-20T06:10:47.118+0000] {dagbag.py:545} INFO - Filling up the DagBag from /workspaces/recomart-recommendation-pipeline/airflow_venv/lib/python3.12/site-packages/airflow/example_dags/example_sla_dag.py
[2026-07-20T06:10:47.125+0000] {processor.py:840} INFO - DAG(s) 'example_sla_dag' retrieved from /workspaces/recomart-recommendation-pipeline/airflow_venv/lib/python3.12/site-packages/airflow/example_dags/example_sla_dag.py
[2026-07-20T06:10:47.137+0000] {logging_mixin.py:188} INFO - [2026-07-20T06:10:47.137+0000] {dag.py:3089} INFO - Sync 1 DAGs
[2026-07-20T06:10:47.153+0000] {logging_mixin.py:188} INFO - [2026-07-20T06:10:47.153+0000] {dag.py:3947} INFO - Setting next_dagrun for example_sla_dag to 2026-07-20 06:08:00+00:00, run_after=2026-07-20 06:10:00+00:00
[2026-07-20T06:10:47.170+0000] {processor.py:183} INFO - Processing /workspaces/recomart-recommendation-pipeline/airflow_venv/lib/python3.12/site-packages/airflow/example_dags/example_sla_dag.py took 0.058 seconds
[2026-07-20T06:11:35.642+0000] {processor.py:161} INFO - Started process (PID=65041) to work on /workspaces/recomart-recommendation-pipeline/airflow_venv/lib/python3.12/site-packages/airflow/example_dags/example_sla_dag.py
[2026-07-20T06:11:35.643+0000] {processor.py:830} INFO - Processing file /workspaces/recomart-recommendation-pipeline/airflow_venv/lib/python3.12/site-packages/airflow/example_dags/example_sla_dag.py for tasks to queue
[2026-07-20T06:11:35.644+0000] {logging_mixin.py:188} INFO - [2026-07-20T06:11:35.644+0000] {dagbag.py:545} INFO - Filling up the DagBag from /workspaces/recomart-recommendation-pipeline/airflow_venv/lib/python3.12/site-packages/airflow/example_dags/example_sla_dag.py
[2026-07-20T06:11:35.651+0000] {processor.py:840} INFO - DAG(s) 'example_sla_dag' retrieved from /workspaces/recomart-recommendation-pipeline/airflow_venv/lib/python3.12/site-packages/airflow/example_dags/example_sla_dag.py
[2026-07-20T06:11:35.663+0000] {logging_mixin.py:188} INFO - [2026-07-20T06:11:35.663+0000] {dag.py:3089} INFO - Sync 1 DAGs
[2026-07-20T06:11:35.684+0000] {logging_mixin.py:188} INFO - [2026-07-20T06:11:35.684+0000] {dag.py:3947} INFO - Setting next_dagrun for example_sla_dag to 2026-07-20 06:08:00+00:00, run_after=2026-07-20 06:10:00+00:00
[2026-07-20T06:11:35.704+0000] {processor.py:183} INFO - Processing /workspaces/recomart-recommendation-pipeline/airflow_venv/lib/python3.12/site-packages/airflow/example_dags/example_sla_dag.py took 0.066 seconds
[2026-07-20T06:12:17.160+0000] {processor.py:161} INFO - Started process (PID=65403) to work on /workspaces/recomart-recommendation-pipeline/airflow_venv/lib/python3.12/site-packages/airflow/example_dags/example_sla_dag.py
[2026-07-20T06:12:17.161+0000] {processor.py:830} INFO - Processing file /workspaces/recomart-recommendation-pipeline/airflow_venv/lib/python3.12/site-packages/airflow/example_dags/example_sla_dag.py for tasks to queue
[2026-07-20T06:12:17.163+0000] {logging_mixin.py:188} INFO - [2026-07-20T06:12:17.162+0000] {dagbag.py:545} INFO - Filling up the DagBag from /workspaces/recomart-recommendation-pipeline/airflow_venv/lib/python3.12/site-packages/airflow/example_dags/example_sla_dag.py
[2026-07-20T06:12:17.170+0000] {processor.py:840} INFO - DAG(s) 'example_sla_dag' retrieved from /workspaces/recomart-recommendation-pipeline/airflow_venv/lib/python3.12/site-packages/airflow/example_dags/example_sla_dag.py
[2026-07-20T06:12:17.186+0000] {logging_mixin.py:188} INFO - [2026-07-20T06:12:17.186+0000] {dag.py:3089} INFO - Sync 1 DAGs
[2026-07-20T06:12:17.205+0000] {logging_mixin.py:188} INFO - [2026-07-20T06:12:17.205+0000] {dag.py:3947} INFO - Setting next_dagrun for example_sla_dag to 2026-07-20 06:10:00+00:00, run_after=2026-07-20 06:12:00+00:00
[2026-07-20T06:12:17.223+0000] {processor.py:183} INFO - Processing /workspaces/recomart-recommendation-pipeline/airflow_venv/lib/python3.12/site-packages/airflow/example_dags/example_sla_dag.py took 0.067 seconds
[2026-07-20T06:13:00.719+0000] {processor.py:161} INFO - Started process (PID=65773) to work on /workspaces/recomart-recommendation-pipeline/airflow_venv/lib/python3.12/site-packages/airflow/example_dags/example_sla_dag.py
[2026-07-20T06:13:00.719+0000] {processor.py:830} INFO - Processing file /workspaces/recomart-recommendation-pipeline/airflow_venv/lib/python3.12/site-packages/airflow/example_dags/example_sla_dag.py for tasks to queue
[2026-07-20T06:13:00.721+0000] {logging_mixin.py:188} INFO - [2026-07-20T06:13:00.721+0000] {dagbag.py:545} INFO - Filling up the DagBag from /workspaces/recomart-recommendation-pipeline/airflow_venv/lib/python3.12/site-packages/airflow/example_dags/example_sla_dag.py
[2026-07-20T06:13:00.729+0000] {processor.py:840} INFO - DAG(s) 'example_sla_dag' retrieved from /workspaces/recomart-recommendation-pipeline/airflow_venv/lib/python3.12/site-packages/airflow/example_dags/example_sla_dag.py
[2026-07-20T06:13:00.740+0000] {logging_mixin.py:188} INFO - [2026-07-20T06:13:00.740+0000] {dag.py:3089} INFO - Sync 1 DAGs
[2026-07-20T06:13:00.766+0000] {logging_mixin.py:188} INFO - [2026-07-20T06:13:00.766+0000] {dag.py:3947} INFO - Setting next_dagrun for example_sla_dag to 2026-07-20 06:10:00+00:00, run_after=2026-07-20 06:12:00+00:00
[2026-07-20T06:13:00.796+0000] {processor.py:183} INFO - Processing /workspaces/recomart-recommendation-pipeline/airflow_venv/lib/python3.12/site-packages/airflow/example_dags/example_sla_dag.py took 0.082 seconds
[2026-07-20T06:13:44.800+0000] {processor.py:161} INFO - Started process (PID=66166) to work on /workspaces/recomart-recommendation-pipeline/airflow_venv/lib/python3.12/site-packages/airflow/example_dags/example_sla_dag.py
[2026-07-20T06:13:44.801+0000] {processor.py:830} INFO - Processing file /workspaces/recomart-recommendation-pipeline/airflow_venv/lib/python3.12/site-packages/airflow/example_dags/example_sla_dag.py for tasks to queue
[2026-07-20T06:13:44.802+0000] {logging_mixin.py:188} INFO - [2026-07-20T06:13:44.802+0000] {dagbag.py:545} INFO - Filling up the DagBag from /workspaces/recomart-recommendation-pipeline/airflow_venv/lib/python3.12/site-packages/airflow/example_dags/example_sla_dag.py
[2026-07-20T06:13:44.809+0000] {processor.py:840} INFO - DAG(s) 'example_sla_dag' retrieved from /workspaces/recomart-recommendation-pipeline/airflow_venv/lib/python3.12/site-packages/airflow/example_dags/example_sla_dag.py
[2026-07-20T06:13:44.820+0000] {logging_mixin.py:188} INFO - [2026-07-20T06:13:44.820+0000] {dag.py:3089} INFO - Sync 1 DAGs
[2026-07-20T06:13:44.836+0000] {logging_mixin.py:188} INFO - [2026-07-20T06:13:44.836+0000] {dag.py:3947} INFO - Setting next_dagrun for example_sla_dag to 2026-07-20 06:10:00+00:00, run_after=2026-07-20 06:12:00+00:00
[2026-07-20T06:13:44.852+0000] {processor.py:183} INFO - Processing /workspaces/recomart-recommendation-pipeline/airflow_venv/lib/python3.12/site-packages/airflow/example_dags/example_sla_dag.py took 0.057 seconds
[2026-07-20T06:14:32.316+0000] {processor.py:161} INFO - Started process (PID=66787) to work on /workspaces/recomart-recommendation-pipeline/airflow_venv/lib/python3.12/site-packages/airflow/example_dags/example_sla_dag.py
[2026-07-20T06:14:32.317+0000] {processor.py:830} INFO - Processing file /workspaces/recomart-recommendation-pipeline/airflow_venv/lib/python3.12/site-packages/airflow/example_dags/example_sla_dag.py for tasks to queue
[2026-07-20T06:14:32.318+0000] {logging_mixin.py:188} INFO - [2026-07-20T06:14:32.318+0000] {dagbag.py:545} INFO - Filling up the DagBag from /workspaces/recomart-recommendation-pipeline/airflow_venv/lib/python3.12/site-packages/airflow/example_dags/example_sla_dag.py
[2026-07-20T06:14:32.328+0000] {processor.py:840} INFO - DAG(s) 'example_sla_dag' retrieved from /workspaces/recomart-recommendation-pipeline/airflow_venv/lib/python3.12/site-packages/airflow/example_dags/example_sla_dag.py
[2026-07-20T06:14:32.345+0000] {logging_mixin.py:188} INFO - [2026-07-20T06:14:32.344+0000] {dag.py:3089} INFO - Sync 1 DAGs
[2026-07-20T06:14:32.370+0000] {logging_mixin.py:188} INFO - [2026-07-20T06:14:32.370+0000] {dag.py:3947} INFO - Setting next_dagrun for example_sla_dag to 2026-07-20 06:12:00+00:00, run_after=2026-07-20 06:14:00+00:00
[2026-07-20T06:14:32.391+0000] {processor.py:183} INFO - Processing /workspaces/recomart-recommendation-pipeline/airflow_venv/lib/python3.12/site-packages/airflow/example_dags/example_sla_dag.py took 0.082 seconds
[2026-07-20T06:15:15.605+0000] {processor.py:161} INFO - Started process (PID=67219) to work on /workspaces/recomart-recommendation-pipeline/airflow_venv/lib/python3.12/site-packages/airflow/example_dags/example_sla_dag.py
[2026-07-20T06:15:15.606+0000] {processor.py:830} INFO - Processing file /workspaces/recomart-recommendation-pipeline/airflow_venv/lib/python3.12/site-packages/airflow/example_dags/example_sla_dag.py for tasks to queue
[2026-07-20T06:15:15.608+0000] {logging_mixin.py:188} INFO - [2026-07-20T06:15:15.607+0000] {dagbag.py:545} INFO - Filling up the DagBag from /workspaces/recomart-recommendation-pipeline/airflow_venv/lib/python3.12/site-packages/airflow/example_dags/example_sla_dag.py
[2026-07-20T06:15:15.618+0000] {processor.py:840} INFO - DAG(s) 'example_sla_dag' retrieved from /workspaces/recomart-recommendation-pipeline/airflow_venv/lib/python3.12/site-packages/airflow/example_dags/example_sla_dag.py
[2026-07-20T06:15:15.634+0000] {logging_mixin.py:188} INFO - [2026-07-20T06:15:15.634+0000] {dag.py:3089} INFO - Sync 1 DAGs
[2026-07-20T06:15:15.652+0000] {logging_mixin.py:188} INFO - [2026-07-20T06:15:15.652+0000] {dag.py:3947} INFO - Setting next_dagrun for example_sla_dag to 2026-07-20 06:12:00+00:00, run_after=2026-07-20 06:14:00+00:00
[2026-07-20T06:15:15.781+0000] {processor.py:183} INFO - Processing /workspaces/recomart-recommendation-pipeline/airflow_venv/lib/python3.12/site-packages/airflow/example_dags/example_sla_dag.py took 0.182 seconds
[2026-07-20T06:31:01.617+0000] {processor.py:161} INFO - Started process (PID=73621) to work on /workspaces/recomart-recommendation-pipeline/airflow_venv/lib/python3.12/site-packages/airflow/example_dags/example_sla_dag.py
[2026-07-20T06:31:01.618+0000] {processor.py:830} INFO - Processing file /workspaces/recomart-recommendation-pipeline/airflow_venv/lib/python3.12/site-packages/airflow/example_dags/example_sla_dag.py for tasks to queue
[2026-07-20T06:31:01.620+0000] {logging_mixin.py:188} INFO - [2026-07-20T06:31:01.620+0000] {dagbag.py:545} INFO - Filling up the DagBag from /workspaces/recomart-recommendation-pipeline/airflow_venv/lib/python3.12/site-packages/airflow/example_dags/example_sla_dag.py
[2026-07-20T06:31:01.628+0000] {processor.py:840} INFO - DAG(s) 'example_sla_dag' retrieved from /workspaces/recomart-recommendation-pipeline/airflow_venv/lib/python3.12/site-packages/airflow/example_dags/example_sla_dag.py
[2026-07-20T06:31:01.634+0000] {logging_mixin.py:188} INFO - [2026-07-20T06:31:01.634+0000] {dag.py:3089} INFO - Sync 1 DAGs
[2026-07-20T06:31:01.652+0000] {logging_mixin.py:188} INFO - [2026-07-20T06:31:01.652+0000] {dag.py:3947} INFO - Setting next_dagrun for example_sla_dag to 2026-07-20 06:28:00+00:00, run_after=2026-07-20 06:30:00+00:00
[2026-07-20T06:31:01.669+0000] {processor.py:183} INFO - Processing /workspaces/recomart-recommendation-pipeline/airflow_venv/lib/python3.12/site-packages/airflow/example_dags/example_sla_dag.py took 0.056 seconds
[2026-07-20T06:31:57.635+0000] {processor.py:161} INFO - Started process (PID=74170) to work on /workspaces/recomart-recommendation-pipeline/airflow_venv/lib/python3.12/site-packages/airflow/example_dags/example_sla_dag.py
[2026-07-20T06:31:57.635+0000] {processor.py:830} INFO - Processing file /workspaces/recomart-recommendation-pipeline/airflow_venv/lib/python3.12/site-packages/airflow/example_dags/example_sla_dag.py for tasks to queue
[2026-07-20T06:31:57.637+0000] {logging_mixin.py:188} INFO - [2026-07-20T06:31:57.636+0000] {dagbag.py:545} INFO - Filling up the DagBag from /workspaces/recomart-recommendation-pipeline/airflow_venv/lib/python3.12/site-packages/airflow/example_dags/example_sla_dag.py
[2026-07-20T06:31:57.643+0000] {processor.py:840} INFO - DAG(s) 'example_sla_dag' retrieved from /workspaces/recomart-recommendation-pipeline/airflow_venv/lib/python3.12/site-packages/airflow/example_dags/example_sla_dag.py
[2026-07-20T06:31:57.793+0000] {logging_mixin.py:188} INFO - [2026-07-20T06:31:57.791+0000] {dag.py:3089} INFO - Sync 1 DAGs
[2026-07-20T06:31:57.846+0000] {logging_mixin.py:188} INFO - [2026-07-20T06:31:57.846+0000] {dag.py:3947} INFO - Setting next_dagrun for example_sla_dag to 2026-07-20 06:28:00+00:00, run_after=2026-07-20 06:30:00+00:00
[2026-07-20T06:31:57.894+0000] {processor.py:183} INFO - Processing /workspaces/recomart-recommendation-pipeline/airflow_venv/lib/python3.12/site-packages/airflow/example_dags/example_sla_dag.py took 0.264 seconds
[2026-07-20T06:32:49.334+0000] {processor.py:161} INFO - Started process (PID=74878) to work on /workspaces/recomart-recommendation-pipeline/airflow_venv/lib/python3.12/site-packages/airflow/example_dags/example_sla_dag.py
[2026-07-20T06:32:49.335+0000] {processor.py:830} INFO - Processing file /workspaces/recomart-recommendation-pipeline/airflow_venv/lib/python3.12/site-packages/airflow/example_dags/example_sla_dag.py for tasks to queue
[2026-07-20T06:32:49.337+0000] {logging_mixin.py:188} INFO - [2026-07-20T06:32:49.337+0000] {dagbag.py:545} INFO - Filling up the DagBag from /workspaces/recomart-recommendation-pipeline/airflow_venv/lib/python3.12/site-packages/airflow/example_dags/example_sla_dag.py
[2026-07-20T06:32:49.348+0000] {processor.py:840} INFO - DAG(s) 'example_sla_dag' retrieved from /workspaces/recomart-recommendation-pipeline/airflow_venv/lib/python3.12/site-packages/airflow/example_dags/example_sla_dag.py
[2026-07-20T06:32:49.365+0000] {logging_mixin.py:188} INFO - [2026-07-20T06:32:49.365+0000] {dag.py:3089} INFO - Sync 1 DAGs
[2026-07-20T06:32:49.422+0000] {logging_mixin.py:188} INFO - [2026-07-20T06:32:49.421+0000] {dag.py:3947} INFO - Setting next_dagrun for example_sla_dag to 2026-07-20 06:30:00+00:00, run_after=2026-07-20 06:32:00+00:00
[2026-07-20T06:32:49.466+0000] {processor.py:183} INFO - Processing /workspaces/recomart-recommendation-pipeline/airflow_venv/lib/python3.12/site-packages/airflow/example_dags/example_sla_dag.py took 0.142 seconds
[2026-07-20T06:34:07.573+0000] {processor.py:161} INFO - Started process (PID=75819) to work on /workspaces/recomart-recommendation-pipeline/airflow_venv/lib/python3.12/site-packages/airflow/example_dags/example_sla_dag.py
[2026-07-20T06:34:07.578+0000] {processor.py:830} INFO - Processing file /workspaces/recomart-recommendation-pipeline/airflow_venv/lib/python3.12/site-packages/airflow/example_dags/example_sla_dag.py for tasks to queue
[2026-07-20T06:34:07.580+0000] {logging_mixin.py:188} INFO - [2026-07-20T06:34:07.579+0000] {dagbag.py:545} INFO - Filling up the DagBag from /workspaces/recomart-recommendation-pipeline/airflow_venv/lib/python3.12/site-packages/airflow/example_dags/example_sla_dag.py
[2026-07-20T06:34:07.588+0000] {processor.py:840} INFO - DAG(s) 'example_sla_dag' retrieved from /workspaces/recomart-recommendation-pipeline/airflow_venv/lib/python3.12/site-packages/airflow/example_dags/example_sla_dag.py
[2026-07-20T06:34:07.599+0000] {logging_mixin.py:188} INFO - [2026-07-20T06:34:07.599+0000] {dag.py:3089} INFO - Sync 1 DAGs
[2026-07-20T06:34:07.615+0000] {logging_mixin.py:188} INFO - [2026-07-20T06:34:07.615+0000] {dag.py:3947} INFO - Setting next_dagrun for example_sla_dag to 2026-07-20 06:32:00+00:00, run_after=2026-07-20 06:34:00+00:00
[2026-07-20T06:34:07.632+0000] {processor.py:183} INFO - Processing /workspaces/recomart-recommendation-pipeline/airflow_venv/lib/python3.12/site-packages/airflow/example_dags/example_sla_dag.py took 0.065 seconds
[2026-07-20T06:35:08.051+0000] {processor.py:161} INFO - Started process (PID=76993) to work on /workspaces/recomart-recommendation-pipeline/airflow_venv/lib/python3.12/site-packages/airflow/example_dags/example_sla_dag.py
[2026-07-20T06:35:08.052+0000] {processor.py:830} INFO - Processing file /workspaces/recomart-recommendation-pipeline/airflow_venv/lib/python3.12/site-packages/airflow/example_dags/example_sla_dag.py for tasks to queue
[2026-07-20T06:35:08.053+0000] {logging_mixin.py:188} INFO - [2026-07-20T06:35:08.053+0000] {dagbag.py:545} INFO - Filling up the DagBag from /workspaces/recomart-recommendation-pipeline/airflow_venv/lib/python3.12/site-packages/airflow/example_dags/example_sla_dag.py
[2026-07-20T06:35:08.060+0000] {processor.py:840} INFO - DAG(s) 'example_sla_dag' retrieved from /workspaces/recomart-recommendation-pipeline/airflow_venv/lib/python3.12/site-packages/airflow/example_dags/example_sla_dag.py
[2026-07-20T06:35:08.072+0000] {logging_mixin.py:188} INFO - [2026-07-20T06:35:08.072+0000] {dag.py:3089} INFO - Sync 1 DAGs
[2026-07-20T06:35:08.089+0000] {logging_mixin.py:188} INFO - [2026-07-20T06:35:08.089+0000] {dag.py:3947} INFO - Setting next_dagrun for example_sla_dag to 2026-07-20 06:32:00+00:00, run_after=2026-07-20 06:34:00+00:00
[2026-07-20T06:35:08.111+0000] {processor.py:183} INFO - Processing /workspaces/recomart-recommendation-pipeline/airflow_venv/lib/python3.12/site-packages/airflow/example_dags/example_sla_dag.py took 0.064 seconds
[2026-07-20T06:35:55.792+0000] {processor.py:161} INFO - Started process (PID=77947) to work on /workspaces/recomart-recommendation-pipeline/airflow_venv/lib/python3.12/site-packages/airflow/example_dags/example_sla_dag.py
[2026-07-20T06:35:55.793+0000] {processor.py:830} INFO - Processing file /workspaces/recomart-recommendation-pipeline/airflow_venv/lib/python3.12/site-packages/airflow/example_dags/example_sla_dag.py for tasks to queue
[2026-07-20T06:35:55.794+0000] {logging_mixin.py:188} INFO - [2026-07-20T06:35:55.794+0000] {dagbag.py:545} INFO - Filling up the DagBag from /workspaces/recomart-recommendation-pipeline/airflow_venv/lib/python3.12/site-packages/airflow/example_dags/example_sla_dag.py
[2026-07-20T06:35:55.801+0000] {processor.py:840} INFO - DAG(s) 'example_sla_dag' retrieved from /workspaces/recomart-recommendation-pipeline/airflow_venv/lib/python3.12/site-packages/airflow/example_dags/example_sla_dag.py
[2026-07-20T06:35:55.812+0000] {logging_mixin.py:188} INFO - [2026-07-20T06:35:55.812+0000] {dag.py:3089} INFO - Sync 1 DAGs
[2026-07-20T06:35:55.830+0000] {logging_mixin.py:188} INFO - [2026-07-20T06:35:55.830+0000] {dag.py:3947} INFO - Setting next_dagrun for example_sla_dag to 2026-07-20 06:32:00+00:00, run_after=2026-07-20 06:34:00+00:00
[2026-07-20T06:35:55.846+0000] {processor.py:183} INFO - Processing /workspaces/recomart-recommendation-pipeline/airflow_venv/lib/python3.12/site-packages/airflow/example_dags/example_sla_dag.py took 0.058 seconds
[2026-07-20T06:36:51.352+0000] {processor.py:161} INFO - Started process (PID=78770) to work on /workspaces/recomart-recommendation-pipeline/airflow_venv/lib/python3.12/site-packages/airflow/example_dags/example_sla_dag.py
[2026-07-20T06:36:51.353+0000] {processor.py:830} INFO - Processing file /workspaces/recomart-recommendation-pipeline/airflow_venv/lib/python3.12/site-packages/airflow/example_dags/example_sla_dag.py for tasks to queue
[2026-07-20T06:36:51.354+0000] {logging_mixin.py:188} INFO - [2026-07-20T06:36:51.354+0000] {dagbag.py:545} INFO - Filling up the DagBag from /workspaces/recomart-recommendation-pipeline/airflow_venv/lib/python3.12/site-packages/airflow/example_dags/example_sla_dag.py
[2026-07-20T06:36:51.363+0000] {processor.py:840} INFO - DAG(s) 'example_sla_dag' retrieved from /workspaces/recomart-recommendation-pipeline/airflow_venv/lib/python3.12/site-packages/airflow/example_dags/example_sla_dag.py
[2026-07-20T06:36:51.379+0000] {logging_mixin.py:188} INFO - [2026-07-20T06:36:51.379+0000] {dag.py:3089} INFO - Sync 1 DAGs
[2026-07-20T06:36:51.400+0000] {logging_mixin.py:188} INFO - [2026-07-20T06:36:51.400+0000] {dag.py:3947} INFO - Setting next_dagrun for example_sla_dag to 2026-07-20 06:34:00+00:00, run_after=2026-07-20 06:36:00+00:00
[2026-07-20T06:36:51.530+0000] {processor.py:183} INFO - Processing /workspaces/recomart-recommendation-pipeline/airflow_venv/lib/python3.12/site-packages/airflow/example_dags/example_sla_dag.py took 0.183 seconds
[2026-07-20T06:37:36.597+0000] {processor.py:161} INFO - Started process (PID=79108) to work on /workspaces/recomart-recommendation-pipeline/airflow_venv/lib/python3.12/site-packages/airflow/example_dags/example_sla_dag.py
[2026-07-20T06:37:36.598+0000] {processor.py:830} INFO - Processing file /workspaces/recomart-recommendation-pipeline/airflow_venv/lib/python3.12/site-packages/airflow/example_dags/example_sla_dag.py for tasks to queue
[2026-07-20T06:37:36.599+0000] {logging_mixin.py:188} INFO - [2026-07-20T06:37:36.599+0000] {dagbag.py:545} INFO - Filling up the DagBag from /workspaces/recomart-recommendation-pipeline/airflow_venv/lib/python3.12/site-packages/airflow/example_dags/example_sla_dag.py
[2026-07-20T06:37:36.606+0000] {processor.py:840} INFO - DAG(s) 'example_sla_dag' retrieved from /workspaces/recomart-recommendation-pipeline/airflow_venv/lib/python3.12/site-packages/airflow/example_dags/example_sla_dag.py
[2026-07-20T06:37:36.617+0000] {logging_mixin.py:188} INFO - [2026-07-20T06:37:36.617+0000] {dag.py:3089} INFO - Sync 1 DAGs
[2026-07-20T06:37:36.634+0000] {logging_mixin.py:188} INFO - [2026-07-20T06:37:36.634+0000] {dag.py:3947} INFO - Setting next_dagrun for example_sla_dag to 2026-07-20 06:34:00+00:00, run_after=2026-07-20 06:36:00+00:00
[2026-07-20T06:37:36.652+0000] {processor.py:183} INFO - Processing /workspaces/recomart-recommendation-pipeline/airflow_venv/lib/python3.12/site-packages/airflow/example_dags/example_sla_dag.py took 0.059 seconds
[2026-07-20T06:38:23.998+0000] {processor.py:161} INFO - Started process (PID=79503) to work on /workspaces/recomart-recommendation-pipeline/airflow_venv/lib/python3.12/site-packages/airflow/example_dags/example_sla_dag.py
[2026-07-20T06:38:23.999+0000] {processor.py:830} INFO - Processing file /workspaces/recomart-recommendation-pipeline/airflow_venv/lib/python3.12/site-packages/airflow/example_dags/example_sla_dag.py for tasks to queue
[2026-07-20T06:38:24.001+0000] {logging_mixin.py:188} INFO - [2026-07-20T06:38:24.000+0000] {dagbag.py:545} INFO - Filling up the DagBag from /workspaces/recomart-recommendation-pipeline/airflow_venv/lib/python3.12/site-packages/airflow/example_dags/example_sla_dag.py
[2026-07-20T06:38:24.009+0000] {processor.py:840} INFO - DAG(s) 'example_sla_dag' retrieved from /workspaces/recomart-recommendation-pipeline/airflow_venv/lib/python3.12/site-packages/airflow/example_dags/example_sla_dag.py
[2026-07-20T06:38:24.021+0000] {logging_mixin.py:188} INFO - [2026-07-20T06:38:24.021+0000] {dag.py:3089} INFO - Sync 1 DAGs
[2026-07-20T06:38:24.150+0000] {logging_mixin.py:188} INFO - [2026-07-20T06:38:24.149+0000] {dag.py:3947} INFO - Setting next_dagrun for example_sla_dag to 2026-07-20 06:36:00+00:00, run_after=2026-07-20 06:38:00+00:00
[2026-07-20T06:38:24.166+0000] {processor.py:183} INFO - Processing /workspaces/recomart-recommendation-pipeline/airflow_venv/lib/python3.12/site-packages/airflow/example_dags/example_sla_dag.py took 0.172 seconds
[2026-07-20T06:39:12.239+0000] {processor.py:161} INFO - Started process (PID=79926) to work on /workspaces/recomart-recommendation-pipeline/airflow_venv/lib/python3.12/site-packages/airflow/example_dags/example_sla_dag.py
[2026-07-20T06:39:12.239+0000] {processor.py:830} INFO - Processing file /workspaces/recomart-recommendation-pipeline/airflow_venv/lib/python3.12/site-packages/airflow/example_dags/example_sla_dag.py for tasks to queue
[2026-07-20T06:39:12.241+0000] {logging_mixin.py:188} INFO - [2026-07-20T06:39:12.240+0000] {dagbag.py:545} INFO - Filling up the DagBag from /workspaces/recomart-recommendation-pipeline/airflow_venv/lib/python3.12/site-packages/airflow/example_dags/example_sla_dag.py
[2026-07-20T06:39:12.247+0000] {processor.py:840} INFO - DAG(s) 'example_sla_dag' retrieved from /workspaces/recomart-recommendation-pipeline/airflow_venv/lib/python3.12/site-packages/airflow/example_dags/example_sla_dag.py
[2026-07-20T06:39:12.258+0000] {logging_mixin.py:188} INFO - [2026-07-20T06:39:12.258+0000] {dag.py:3089} INFO - Sync 1 DAGs
[2026-07-20T06:39:12.275+0000] {logging_mixin.py:188} INFO - [2026-07-20T06:39:12.275+0000] {dag.py:3947} INFO - Setting next_dagrun for example_sla_dag to 2026-07-20 06:36:00+00:00, run_after=2026-07-20 06:38:00+00:00
[2026-07-20T06:39:12.295+0000] {processor.py:183} INFO - Processing /workspaces/recomart-recommendation-pipeline/airflow_venv/lib/python3.12/site-packages/airflow/example_dags/example_sla_dag.py took 0.061 seconds
[2026-07-20T06:40:00.098+0000] {processor.py:161} INFO - Started process (PID=80329) to work on /workspaces/recomart-recommendation-pipeline/airflow_venv/lib/python3.12/site-packages/airflow/example_dags/example_sla_dag.py
[2026-07-20T06:40:00.099+0000] {processor.py:830} INFO - Processing file /workspaces/recomart-recommendation-pipeline/airflow_venv/lib/python3.12/site-packages/airflow/example_dags/example_sla_dag.py for tasks to queue
[2026-07-20T06:40:00.101+0000] {logging_mixin.py:188} INFO - [2026-07-20T06:40:00.100+0000] {dagbag.py:545} INFO - Filling up the DagBag from /workspaces/recomart-recommendation-pipeline/airflow_venv/lib/python3.12/site-packages/airflow/example_dags/example_sla_dag.py
[2026-07-20T06:40:00.107+0000] {processor.py:840} INFO - DAG(s) 'example_sla_dag' retrieved from /workspaces/recomart-recommendation-pipeline/airflow_venv/lib/python3.12/site-packages/airflow/example_dags/example_sla_dag.py
[2026-07-20T06:40:00.118+0000] {logging_mixin.py:188} INFO - [2026-07-20T06:40:00.118+0000] {dag.py:3089} INFO - Sync 1 DAGs
[2026-07-20T06:40:00.231+0000] {logging_mixin.py:188} INFO - [2026-07-20T06:40:00.231+0000] {dag.py:3947} INFO - Setting next_dagrun for example_sla_dag to 2026-07-20 06:38:00+00:00, run_after=2026-07-20 06:40:00+00:00
[2026-07-20T06:40:00.246+0000] {processor.py:183} INFO - Processing /workspaces/recomart-recommendation-pipeline/airflow_venv/lib/python3.12/site-packages/airflow/example_dags/example_sla_dag.py took 0.153 seconds
[2026-07-20T06:40:50.626+0000] {processor.py:161} INFO - Started process (PID=80796) to work on /workspaces/recomart-recommendation-pipeline/airflow_venv/lib/python3.12/site-packages/airflow/example_dags/example_sla_dag.py
[2026-07-20T06:40:50.627+0000] {processor.py:830} INFO - Processing file /workspaces/recomart-recommendation-pipeline/airflow_venv/lib/python3.12/site-packages/airflow/example_dags/example_sla_dag.py for tasks to queue
[2026-07-20T06:40:50.628+0000] {logging_mixin.py:188} INFO - [2026-07-20T06:40:50.628+0000] {dagbag.py:545} INFO - Filling up the DagBag from /workspaces/recomart-recommendation-pipeline/airflow_venv/lib/python3.12/site-packages/airflow/example_dags/example_sla_dag.py
[2026-07-20T06:40:50.636+0000] {processor.py:840} INFO - DAG(s) 'example_sla_dag' retrieved from /workspaces/recomart-recommendation-pipeline/airflow_venv/lib/python3.12/site-packages/airflow/example_dags/example_sla_dag.py
[2026-07-20T06:40:50.648+0000] {logging_mixin.py:188} INFO - [2026-07-20T06:40:50.648+0000] {dag.py:3089} INFO - Sync 1 DAGs
[2026-07-20T06:40:50.665+0000] {logging_mixin.py:188} INFO - [2026-07-20T06:40:50.665+0000] {dag.py:3947} INFO - Setting next_dagrun for example_sla_dag to 2026-07-20 06:38:00+00:00, run_after=2026-07-20 06:40:00+00:00
[2026-07-20T06:40:50.684+0000] {processor.py:183} INFO - Processing /workspaces/recomart-recommendation-pipeline/airflow_venv/lib/python3.12/site-packages/airflow/example_dags/example_sla_dag.py took 0.062 seconds
[2026-07-20T06:41:36.138+0000] {processor.py:161} INFO - Started process (PID=81136) to work on /workspaces/recomart-recommendation-pipeline/airflow_venv/lib/python3.12/site-packages/airflow/example_dags/example_sla_dag.py
[2026-07-20T06:41:36.139+0000] {processor.py:830} INFO - Processing file /workspaces/recomart-recommendation-pipeline/airflow_venv/lib/python3.12/site-packages/airflow/example_dags/example_sla_dag.py for tasks to queue
[2026-07-20T06:41:36.140+0000] {logging_mixin.py:188} INFO - [2026-07-20T06:41:36.140+0000] {dagbag.py:545} INFO - Filling up the DagBag from /workspaces/recomart-recommendation-pipeline/airflow_venv/lib/python3.12/site-packages/airflow/example_dags/example_sla_dag.py
[2026-07-20T06:41:36.147+0000] {processor.py:840} INFO - DAG(s) 'example_sla_dag' retrieved from /workspaces/recomart-recommendation-pipeline/airflow_venv/lib/python3.12/site-packages/airflow/example_dags/example_sla_dag.py
[2026-07-20T06:41:36.158+0000] {logging_mixin.py:188} INFO - [2026-07-20T06:41:36.158+0000] {dag.py:3089} INFO - Sync 1 DAGs
[2026-07-20T06:41:36.177+0000] {logging_mixin.py:188} INFO - [2026-07-20T06:41:36.177+0000] {dag.py:3947} INFO - Setting next_dagrun for example_sla_dag to 2026-07-20 06:38:00+00:00, run_after=2026-07-20 06:40:00+00:00
[2026-07-20T06:41:36.196+0000] {processor.py:183} INFO - Processing /workspaces/recomart-recommendation-pipeline/airflow_venv/lib/python3.12/site-packages/airflow/example_dags/example_sla_dag.py took 0.062 seconds
[2026-07-20T06:42:24.222+0000] {processor.py:161} INFO - Started process (PID=81554) to work on /workspaces/recomart-recommendation-pipeline/airflow_venv/lib/python3.12/site-packages/airflow/example_dags/example_sla_dag.py
[2026-07-20T06:42:24.223+0000] {processor.py:830} INFO - Processing file /workspaces/recomart-recommendation-pipeline/airflow_venv/lib/python3.12/site-packages/airflow/example_dags/example_sla_dag.py for tasks to queue
[2026-07-20T06:42:24.225+0000] {logging_mixin.py:188} INFO - [2026-07-20T06:42:24.224+0000] {dagbag.py:545} INFO - Filling up the DagBag from /workspaces/recomart-recommendation-pipeline/airflow_venv/lib/python3.12/site-packages/airflow/example_dags/example_sla_dag.py
[2026-07-20T06:42:24.231+0000] {processor.py:840} INFO - DAG(s) 'example_sla_dag' retrieved from /workspaces/recomart-recommendation-pipeline/airflow_venv/lib/python3.12/site-packages/airflow/example_dags/example_sla_dag.py
[2026-07-20T06:42:24.243+0000] {logging_mixin.py:188} INFO - [2026-07-20T06:42:24.243+0000] {dag.py:3089} INFO - Sync 1 DAGs
[2026-07-20T06:42:24.262+0000] {logging_mixin.py:188} INFO - [2026-07-20T06:42:24.262+0000] {dag.py:3947} INFO - Setting next_dagrun for example_sla_dag to 2026-07-20 06:40:00+00:00, run_after=2026-07-20 06:42:00+00:00
[2026-07-20T06:42:24.281+0000] {processor.py:183} INFO - Processing /workspaces/recomart-recommendation-pipeline/airflow_venv/lib/python3.12/site-packages/airflow/example_dags/example_sla_dag.py took 0.063 seconds
[2026-07-20T06:43:10.550+0000] {processor.py:161} INFO - Started process (PID=81937) to work on /workspaces/recomart-recommendation-pipeline/airflow_venv/lib/python3.12/site-packages/airflow/example_dags/example_sla_dag.py
[2026-07-20T06:43:10.551+0000] {processor.py:830} INFO - Processing file /workspaces/recomart-recommendation-pipeline/airflow_venv/lib/python3.12/site-packages/airflow/example_dags/example_sla_dag.py for tasks to queue
[2026-07-20T06:43:10.552+0000] {logging_mixin.py:188} INFO - [2026-07-20T06:43:10.552+0000] {dagbag.py:545} INFO - Filling up the DagBag from /workspaces/recomart-recommendation-pipeline/airflow_venv/lib/python3.12/site-packages/airflow/example_dags/example_sla_dag.py
[2026-07-20T06:43:10.559+0000] {processor.py:840} INFO - DAG(s) 'example_sla_dag' retrieved from /workspaces/recomart-recommendation-pipeline/airflow_venv/lib/python3.12/site-packages/airflow/example_dags/example_sla_dag.py
[2026-07-20T06:43:10.571+0000] {logging_mixin.py:188} INFO - [2026-07-20T06:43:10.571+0000] {dag.py:3089} INFO - Sync 1 DAGs
[2026-07-20T06:43:10.592+0000] {logging_mixin.py:188} INFO - [2026-07-20T06:43:10.592+0000] {dag.py:3947} INFO - Setting next_dagrun for example_sla_dag to 2026-07-20 06:40:00+00:00, run_after=2026-07-20 06:42:00+00:00
[2026-07-20T06:43:10.608+0000] {processor.py:183} INFO - Processing /workspaces/recomart-recommendation-pipeline/airflow_venv/lib/python3.12/site-packages/airflow/example_dags/example_sla_dag.py took 0.063 seconds
[2026-07-20T06:44:00.699+0000] {processor.py:161} INFO - Started process (PID=82367) to work on /workspaces/recomart-recommendation-pipeline/airflow_venv/lib/python3.12/site-packages/airflow/example_dags/example_sla_dag.py
[2026-07-20T06:44:00.699+0000] {processor.py:830} INFO - Processing file /workspaces/recomart-recommendation-pipeline/airflow_venv/lib/python3.12/site-packages/airflow/example_dags/example_sla_dag.py for tasks to queue
[2026-07-20T06:44:00.701+0000] {logging_mixin.py:188} INFO - [2026-07-20T06:44:00.700+0000] {dagbag.py:545} INFO - Filling up the DagBag from /workspaces/recomart-recommendation-pipeline/airflow_venv/lib/python3.12/site-packages/airflow/example_dags/example_sla_dag.py
[2026-07-20T06:44:00.707+0000] {processor.py:840} INFO - DAG(s) 'example_sla_dag' retrieved from /workspaces/recomart-recommendation-pipeline/airflow_venv/lib/python3.12/site-packages/airflow/example_dags/example_sla_dag.py
[2026-07-20T06:44:00.718+0000] {logging_mixin.py:188} INFO - [2026-07-20T06:44:00.718+0000] {dag.py:3089} INFO - Sync 1 DAGs
[2026-07-20T06:44:00.735+0000] {logging_mixin.py:188} INFO - [2026-07-20T06:44:00.734+0000] {dag.py:3947} INFO - Setting next_dagrun for example_sla_dag to 2026-07-20 06:42:00+00:00, run_after=2026-07-20 06:44:00+00:00
[2026-07-20T06:44:00.751+0000] {processor.py:183} INFO - Processing /workspaces/recomart-recommendation-pipeline/airflow_venv/lib/python3.12/site-packages/airflow/example_dags/example_sla_dag.py took 0.057 seconds
[2026-07-20T06:44:45.270+0000] {processor.py:161} INFO - Started process (PID=82750) to work on /workspaces/recomart-recommendation-pipeline/airflow_venv/lib/python3.12/site-packages/airflow/example_dags/example_sla_dag.py
[2026-07-20T06:44:45.271+0000] {processor.py:830} INFO - Processing file /workspaces/recomart-recommendation-pipeline/airflow_venv/lib/python3.12/site-packages/airflow/example_dags/example_sla_dag.py for tasks to queue
[2026-07-20T06:44:45.273+0000] {logging_mixin.py:188} INFO - [2026-07-20T06:44:45.272+0000] {dagbag.py:545} INFO - Filling up the DagBag from /workspaces/recomart-recommendation-pipeline/airflow_venv/lib/python3.12/site-packages/airflow/example_dags/example_sla_dag.py
[2026-07-20T06:44:45.294+0000] {processor.py:840} INFO - DAG(s) 'example_sla_dag' retrieved from /workspaces/recomart-recommendation-pipeline/airflow_venv/lib/python3.12/site-packages/airflow/example_dags/example_sla_dag.py
[2026-07-20T06:44:45.320+0000] {logging_mixin.py:188} INFO - [2026-07-20T06:44:45.320+0000] {dag.py:3089} INFO - Sync 1 DAGs
[2026-07-20T06:44:45.346+0000] {logging_mixin.py:188} INFO - [2026-07-20T06:44:45.346+0000] {dag.py:3947} INFO - Setting next_dagrun for example_sla_dag to 2026-07-20 06:42:00+00:00, run_after=2026-07-20 06:44:00+00:00
[2026-07-20T06:44:45.374+0000] {processor.py:183} INFO - Processing /workspaces/recomart-recommendation-pipeline/airflow_venv/lib/python3.12/site-packages/airflow/example_dags/example_sla_dag.py took 0.110 seconds
[2026-07-20T06:45:29.598+0000] {processor.py:161} INFO - Started process (PID=83080) to work on /workspaces/recomart-recommendation-pipeline/airflow_venv/lib/python3.12/site-packages/airflow/example_dags/example_sla_dag.py
[2026-07-20T06:45:29.598+0000] {processor.py:830} INFO - Processing file /workspaces/recomart-recommendation-pipeline/airflow_venv/lib/python3.12/site-packages/airflow/example_dags/example_sla_dag.py for tasks to queue
[2026-07-20T06:45:29.600+0000] {logging_mixin.py:188} INFO - [2026-07-20T06:45:29.599+0000] {dagbag.py:545} INFO - Filling up the DagBag from /workspaces/recomart-recommendation-pipeline/airflow_venv/lib/python3.12/site-packages/airflow/example_dags/example_sla_dag.py
[2026-07-20T06:45:29.606+0000] {processor.py:840} INFO - DAG(s) 'example_sla_dag' retrieved from /workspaces/recomart-recommendation-pipeline/airflow_venv/lib/python3.12/site-packages/airflow/example_dags/example_sla_dag.py
[2026-07-20T06:45:29.617+0000] {logging_mixin.py:188} INFO - [2026-07-20T06:45:29.617+0000] {dag.py:3089} INFO - Sync 1 DAGs
[2026-07-20T06:45:29.641+0000] {logging_mixin.py:188} INFO - [2026-07-20T06:45:29.641+0000] {dag.py:3947} INFO - Setting next_dagrun for example_sla_dag to 2026-07-20 06:42:00+00:00, run_after=2026-07-20 06:44:00+00:00
[2026-07-20T06:45:29.659+0000] {processor.py:183} INFO - Processing /workspaces/recomart-recommendation-pipeline/airflow_venv/lib/python3.12/site-packages/airflow/example_dags/example_sla_dag.py took 0.065 seconds
[2026-07-20T06:46:15.431+0000] {processor.py:161} INFO - Started process (PID=83525) to work on /workspaces/recomart-recommendation-pipeline/airflow_venv/lib/python3.12/site-packages/airflow/example_dags/example_sla_dag.py
[2026-07-20T06:46:15.431+0000] {processor.py:830} INFO - Processing file /workspaces/recomart-recommendation-pipeline/airflow_venv/lib/python3.12/site-packages/airflow/example_dags/example_sla_dag.py for tasks to queue
[2026-07-20T06:46:15.433+0000] {logging_mixin.py:188} INFO - [2026-07-20T06:46:15.433+0000] {dagbag.py:545} INFO - Filling up the DagBag from /workspaces/recomart-recommendation-pipeline/airflow_venv/lib/python3.12/site-packages/airflow/example_dags/example_sla_dag.py
[2026-07-20T06:46:15.440+0000] {processor.py:840} INFO - DAG(s) 'example_sla_dag' retrieved from /workspaces/recomart-recommendation-pipeline/airflow_venv/lib/python3.12/site-packages/airflow/example_dags/example_sla_dag.py
[2026-07-20T06:46:15.451+0000] {logging_mixin.py:188} INFO - [2026-07-20T06:46:15.451+0000] {dag.py:3089} INFO - Sync 1 DAGs
[2026-07-20T06:46:15.467+0000] {logging_mixin.py:188} INFO - [2026-07-20T06:46:15.467+0000] {dag.py:3947} INFO - Setting next_dagrun for example_sla_dag to 2026-07-20 06:44:00+00:00, run_after=2026-07-20 06:46:00+00:00
[2026-07-20T06:46:15.487+0000] {processor.py:183} INFO - Processing /workspaces/recomart-recommendation-pipeline/airflow_venv/lib/python3.12/site-packages/airflow/example_dags/example_sla_dag.py took 0.061 seconds
[2026-07-20T06:46:59.655+0000] {processor.py:161} INFO - Started process (PID=83922) to work on /workspaces/recomart-recommendation-pipeline/airflow_venv/lib/python3.12/site-packages/airflow/example_dags/example_sla_dag.py
[2026-07-20T06:46:59.655+0000] {processor.py:830} INFO - Processing file /workspaces/recomart-recommendation-pipeline/airflow_venv/lib/python3.12/site-packages/airflow/example_dags/example_sla_dag.py for tasks to queue
[2026-07-20T06:46:59.657+0000] {logging_mixin.py:188} INFO - [2026-07-20T06:46:59.656+0000] {dagbag.py:545} INFO - Filling up the DagBag from /workspaces/recomart-recommendation-pipeline/airflow_venv/lib/python3.12/site-packages/airflow/example_dags/example_sla_dag.py
[2026-07-20T06:46:59.663+0000] {processor.py:840} INFO - DAG(s) 'example_sla_dag' retrieved from /workspaces/recomart-recommendation-pipeline/airflow_venv/lib/python3.12/site-packages/airflow/example_dags/example_sla_dag.py
[2026-07-20T06:46:59.677+0000] {logging_mixin.py:188} INFO - [2026-07-20T06:46:59.676+0000] {dag.py:3089} INFO - Sync 1 DAGs
[2026-07-20T06:46:59.697+0000] {logging_mixin.py:188} INFO - [2026-07-20T06:46:59.696+0000] {dag.py:3947} INFO - Setting next_dagrun for example_sla_dag to 2026-07-20 06:44:00+00:00, run_after=2026-07-20 06:46:00+00:00
[2026-07-20T06:46:59.714+0000] {processor.py:183} INFO - Processing /workspaces/recomart-recommendation-pipeline/airflow_venv/lib/python3.12/site-packages/airflow/example_dags/example_sla_dag.py took 0.064 seconds
[2026-07-20T06:47:40.654+0000] {processor.py:161} INFO - Started process (PID=84221) to work on /workspaces/recomart-recommendation-pipeline/airflow_venv/lib/python3.12/site-packages/airflow/example_dags/example_sla_dag.py
[2026-07-20T06:47:40.655+0000] {processor.py:830} INFO - Processing file /workspaces/recomart-recommendation-pipeline/airflow_venv/lib/python3.12/site-packages/airflow/example_dags/example_sla_dag.py for tasks to queue
[2026-07-20T06:47:40.657+0000] {logging_mixin.py:188} INFO - [2026-07-20T06:47:40.656+0000] {dagbag.py:545} INFO - Filling up the DagBag from /workspaces/recomart-recommendation-pipeline/airflow_venv/lib/python3.12/site-packages/airflow/example_dags/example_sla_dag.py
[2026-07-20T06:47:40.669+0000] {processor.py:840} INFO - DAG(s) 'example_sla_dag' retrieved from /workspaces/recomart-recommendation-pipeline/airflow_venv/lib/python3.12/site-packages/airflow/example_dags/example_sla_dag.py
[2026-07-20T06:47:40.730+0000] {logging_mixin.py:188} INFO - [2026-07-20T06:47:40.730+0000] {dag.py:3089} INFO - Sync 1 DAGs
[2026-07-20T06:47:40.824+0000] {logging_mixin.py:188} INFO - [2026-07-20T06:47:40.821+0000] {dag.py:3947} INFO - Setting next_dagrun for example_sla_dag to 2026-07-20 06:44:00+00:00, run_after=2026-07-20 06:46:00+00:00
[2026-07-20T06:47:40.926+0000] {processor.py:183} INFO - Processing /workspaces/recomart-recommendation-pipeline/airflow_venv/lib/python3.12/site-packages/airflow/example_dags/example_sla_dag.py took 0.279 seconds
[2026-07-20T06:48:24.344+0000] {processor.py:161} INFO - Started process (PID=84598) to work on /workspaces/recomart-recommendation-pipeline/airflow_venv/lib/python3.12/site-packages/airflow/example_dags/example_sla_dag.py
[2026-07-20T06:48:24.345+0000] {processor.py:830} INFO - Processing file /workspaces/recomart-recommendation-pipeline/airflow_venv/lib/python3.12/site-packages/airflow/example_dags/example_sla_dag.py for tasks to queue
[2026-07-20T06:48:24.346+0000] {logging_mixin.py:188} INFO - [2026-07-20T06:48:24.346+0000] {dagbag.py:545} INFO - Filling up the DagBag from /workspaces/recomart-recommendation-pipeline/airflow_venv/lib/python3.12/site-packages/airflow/example_dags/example_sla_dag.py
[2026-07-20T06:48:24.353+0000] {processor.py:840} INFO - DAG(s) 'example_sla_dag' retrieved from /workspaces/recomart-recommendation-pipeline/airflow_venv/lib/python3.12/site-packages/airflow/example_dags/example_sla_dag.py
[2026-07-20T06:48:24.365+0000] {logging_mixin.py:188} INFO - [2026-07-20T06:48:24.365+0000] {dag.py:3089} INFO - Sync 1 DAGs
[2026-07-20T06:48:24.386+0000] {logging_mixin.py:188} INFO - [2026-07-20T06:48:24.386+0000] {dag.py:3947} INFO - Setting next_dagrun for example_sla_dag to 2026-07-20 06:46:00+00:00, run_after=2026-07-20 06:48:00+00:00
[2026-07-20T06:48:24.404+0000] {processor.py:183} INFO - Processing /workspaces/recomart-recommendation-pipeline/airflow_venv/lib/python3.12/site-packages/airflow/example_dags/example_sla_dag.py took 0.065 seconds
[2026-07-20T06:49:05.822+0000] {processor.py:161} INFO - Started process (PID=85073) to work on /workspaces/recomart-recommendation-pipeline/airflow_venv/lib/python3.12/site-packages/airflow/example_dags/example_sla_dag.py
[2026-07-20T06:49:05.823+0000] {processor.py:830} INFO - Processing file /workspaces/recomart-recommendation-pipeline/airflow_venv/lib/python3.12/site-packages/airflow/example_dags/example_sla_dag.py for tasks to queue
[2026-07-20T06:49:05.824+0000] {logging_mixin.py:188} INFO - [2026-07-20T06:49:05.824+0000] {dagbag.py:545} INFO - Filling up the DagBag from /workspaces/recomart-recommendation-pipeline/airflow_venv/lib/python3.12/site-packages/airflow/example_dags/example_sla_dag.py
[2026-07-20T06:49:05.831+0000] {processor.py:840} INFO - DAG(s) 'example_sla_dag' retrieved from /workspaces/recomart-recommendation-pipeline/airflow_venv/lib/python3.12/site-packages/airflow/example_dags/example_sla_dag.py
[2026-07-20T06:49:05.841+0000] {logging_mixin.py:188} INFO - [2026-07-20T06:49:05.841+0000] {dag.py:3089} INFO - Sync 1 DAGs
[2026-07-20T06:49:05.857+0000] {logging_mixin.py:188} INFO - [2026-07-20T06:49:05.857+0000] {dag.py:3947} INFO - Setting next_dagrun for example_sla_dag to 2026-07-20 06:46:00+00:00, run_after=2026-07-20 06:48:00+00:00
[2026-07-20T06:49:05.876+0000] {processor.py:183} INFO - Processing /workspaces/recomart-recommendation-pipeline/airflow_venv/lib/python3.12/site-packages/airflow/example_dags/example_sla_dag.py took 0.059 seconds
[2026-07-20T06:49:47.450+0000] {processor.py:161} INFO - Started process (PID=85440) to work on /workspaces/recomart-recommendation-pipeline/airflow_venv/lib/python3.12/site-packages/airflow/example_dags/example_sla_dag.py
[2026-07-20T06:49:47.450+0000] {processor.py:830} INFO - Processing file /workspaces/recomart-recommendation-pipeline/airflow_venv/lib/python3.12/site-packages/airflow/example_dags/example_sla_dag.py for tasks to queue
[2026-07-20T06:49:47.453+0000] {logging_mixin.py:188} INFO - [2026-07-20T06:49:47.452+0000] {dagbag.py:545} INFO - Filling up the DagBag from /workspaces/recomart-recommendation-pipeline/airflow_venv/lib/python3.12/site-packages/airflow/example_dags/example_sla_dag.py
[2026-07-20T06:49:47.463+0000] {processor.py:840} INFO - DAG(s) 'example_sla_dag' retrieved from /workspaces/recomart-recommendation-pipeline/airflow_venv/lib/python3.12/site-packages/airflow/example_dags/example_sla_dag.py
[2026-07-20T06:49:47.482+0000] {logging_mixin.py:188} INFO - [2026-07-20T06:49:47.481+0000] {dag.py:3089} INFO - Sync 1 DAGs
[2026-07-20T06:49:47.507+0000] {logging_mixin.py:188} INFO - [2026-07-20T06:49:47.507+0000] {dag.py:3947} INFO - Setting next_dagrun for example_sla_dag to 2026-07-20 06:46:00+00:00, run_after=2026-07-20 06:48:00+00:00
[2026-07-20T06:49:47.549+0000] {processor.py:183} INFO - Processing /workspaces/recomart-recommendation-pipeline/airflow_venv/lib/python3.12/site-packages/airflow/example_dags/example_sla_dag.py took 0.110 seconds
[2026-07-20T06:50:31.471+0000] {processor.py:161} INFO - Started process (PID=85876) to work on /workspaces/recomart-recommendation-pipeline/airflow_venv/lib/python3.12/site-packages/airflow/example_dags/example_sla_dag.py
[2026-07-20T06:50:31.472+0000] {processor.py:830} INFO - Processing file /workspaces/recomart-recommendation-pipeline/airflow_venv/lib/python3.12/site-packages/airflow/example_dags/example_sla_dag.py for tasks to queue
[2026-07-20T06:50:31.474+0000] {logging_mixin.py:188} INFO - [2026-07-20T06:50:31.474+0000] {dagbag.py:545} INFO - Filling up the DagBag from /workspaces/recomart-recommendation-pipeline/airflow_venv/lib/python3.12/site-packages/airflow/example_dags/example_sla_dag.py
[2026-07-20T06:50:31.483+0000] {processor.py:840} INFO - DAG(s) 'example_sla_dag' retrieved from /workspaces/recomart-recommendation-pipeline/airflow_venv/lib/python3.12/site-packages/airflow/example_dags/example_sla_dag.py
[2026-07-20T06:50:31.497+0000] {logging_mixin.py:188} INFO - [2026-07-20T06:50:31.497+0000] {dag.py:3089} INFO - Sync 1 DAGs
[2026-07-20T06:50:31.513+0000] {logging_mixin.py:188} INFO - [2026-07-20T06:50:31.513+0000] {dag.py:3947} INFO - Setting next_dagrun for example_sla_dag to 2026-07-20 06:48:00+00:00, run_after=2026-07-20 06:50:00+00:00
[2026-07-20T06:50:31.529+0000] {processor.py:183} INFO - Processing /workspaces/recomart-recommendation-pipeline/airflow_venv/lib/python3.12/site-packages/airflow/example_dags/example_sla_dag.py took 0.065 seconds
[2026-07-20T06:51:16.269+0000] {processor.py:161} INFO - Started process (PID=86395) to work on /workspaces/recomart-recommendation-pipeline/airflow_venv/lib/python3.12/site-packages/airflow/example_dags/example_sla_dag.py
[2026-07-20T06:51:16.270+0000] {processor.py:830} INFO - Processing file /workspaces/recomart-recommendation-pipeline/airflow_venv/lib/python3.12/site-packages/airflow/example_dags/example_sla_dag.py for tasks to queue
[2026-07-20T06:51:16.272+0000] {logging_mixin.py:188} INFO - [2026-07-20T06:51:16.272+0000] {dagbag.py:545} INFO - Filling up the DagBag from /workspaces/recomart-recommendation-pipeline/airflow_venv/lib/python3.12/site-packages/airflow/example_dags/example_sla_dag.py
[2026-07-20T06:51:16.281+0000] {processor.py:840} INFO - DAG(s) 'example_sla_dag' retrieved from /workspaces/recomart-recommendation-pipeline/airflow_venv/lib/python3.12/site-packages/airflow/example_dags/example_sla_dag.py
[2026-07-20T06:51:16.294+0000] {logging_mixin.py:188} INFO - [2026-07-20T06:51:16.294+0000] {dag.py:3089} INFO - Sync 1 DAGs
[2026-07-20T06:51:16.310+0000] {logging_mixin.py:188} INFO - [2026-07-20T06:51:16.310+0000] {dag.py:3947} INFO - Setting next_dagrun for example_sla_dag to 2026-07-20 06:48:00+00:00, run_after=2026-07-20 06:50:00+00:00
[2026-07-20T06:51:16.328+0000] {processor.py:183} INFO - Processing /workspaces/recomart-recommendation-pipeline/airflow_venv/lib/python3.12/site-packages/airflow/example_dags/example_sla_dag.py took 0.063 seconds
[2026-07-20T06:52:01.696+0000] {processor.py:161} INFO - Started process (PID=86777) to work on /workspaces/recomart-recommendation-pipeline/airflow_venv/lib/python3.12/site-packages/airflow/example_dags/example_sla_dag.py
[2026-07-20T06:52:01.697+0000] {processor.py:830} INFO - Processing file /workspaces/recomart-recommendation-pipeline/airflow_venv/lib/python3.12/site-packages/airflow/example_dags/example_sla_dag.py for tasks to queue
[2026-07-20T06:52:01.699+0000] {logging_mixin.py:188} INFO - [2026-07-20T06:52:01.698+0000] {dagbag.py:545} INFO - Filling up the DagBag from /workspaces/recomart-recommendation-pipeline/airflow_venv/lib/python3.12/site-packages/airflow/example_dags/example_sla_dag.py
[2026-07-20T06:52:01.707+0000] {processor.py:840} INFO - DAG(s) 'example_sla_dag' retrieved from /workspaces/recomart-recommendation-pipeline/airflow_venv/lib/python3.12/site-packages/airflow/example_dags/example_sla_dag.py
[2026-07-20T06:52:01.718+0000] {logging_mixin.py:188} INFO - [2026-07-20T06:52:01.718+0000] {dag.py:3089} INFO - Sync 1 DAGs
[2026-07-20T06:52:01.735+0000] {logging_mixin.py:188} INFO - [2026-07-20T06:52:01.734+0000] {dag.py:3947} INFO - Setting next_dagrun for example_sla_dag to 2026-07-20 06:50:00+00:00, run_after=2026-07-20 06:52:00+00:00
[2026-07-20T06:52:01.752+0000] {processor.py:183} INFO - Processing /workspaces/recomart-recommendation-pipeline/airflow_venv/lib/python3.12/site-packages/airflow/example_dags/example_sla_dag.py took 0.061 seconds
[2026-07-20T06:58:01.963+0000] {processor.py:161} INFO - Started process (PID=89677) to work on /workspaces/recomart-recommendation-pipeline/airflow_venv/lib/python3.12/site-packages/airflow/example_dags/example_sla_dag.py
[2026-07-20T06:58:01.964+0000] {processor.py:830} INFO - Processing file /workspaces/recomart-recommendation-pipeline/airflow_venv/lib/python3.12/site-packages/airflow/example_dags/example_sla_dag.py for tasks to queue
[2026-07-20T06:58:01.966+0000] {logging_mixin.py:188} INFO - [2026-07-20T06:58:01.966+0000] {dagbag.py:545} INFO - Filling up the DagBag from /workspaces/recomart-recommendation-pipeline/airflow_venv/lib/python3.12/site-packages/airflow/example_dags/example_sla_dag.py
[2026-07-20T06:58:01.978+0000] {processor.py:840} INFO - DAG(s) 'example_sla_dag' retrieved from /workspaces/recomart-recommendation-pipeline/airflow_venv/lib/python3.12/site-packages/airflow/example_dags/example_sla_dag.py
[2026-07-20T06:58:01.986+0000] {logging_mixin.py:188} INFO - [2026-07-20T06:58:01.986+0000] {dag.py:3089} INFO - Sync 1 DAGs
[2026-07-20T06:58:02.005+0000] {logging_mixin.py:188} INFO - [2026-07-20T06:58:02.005+0000] {dag.py:3947} INFO - Setting next_dagrun for example_sla_dag to 2026-07-20 06:56:00+00:00, run_after=2026-07-20 06:58:00+00:00
[2026-07-20T06:58:02.023+0000] {processor.py:183} INFO - Processing /workspaces/recomart-recommendation-pipeline/airflow_venv/lib/python3.12/site-packages/airflow/example_dags/example_sla_dag.py took 0.064 seconds
[2026-07-20T06:58:59.820+0000] {processor.py:161} INFO - Started process (PID=90273) to work on /workspaces/recomart-recommendation-pipeline/airflow_venv/lib/python3.12/site-packages/airflow/example_dags/example_sla_dag.py
[2026-07-20T06:58:59.820+0000] {processor.py:830} INFO - Processing file /workspaces/recomart-recommendation-pipeline/airflow_venv/lib/python3.12/site-packages/airflow/example_dags/example_sla_dag.py for tasks to queue
[2026-07-20T06:58:59.822+0000] {logging_mixin.py:188} INFO - [2026-07-20T06:58:59.821+0000] {dagbag.py:545} INFO - Filling up the DagBag from /workspaces/recomart-recommendation-pipeline/airflow_venv/lib/python3.12/site-packages/airflow/example_dags/example_sla_dag.py
[2026-07-20T06:58:59.828+0000] {processor.py:840} INFO - DAG(s) 'example_sla_dag' retrieved from /workspaces/recomart-recommendation-pipeline/airflow_venv/lib/python3.12/site-packages/airflow/example_dags/example_sla_dag.py
[2026-07-20T06:58:59.912+0000] {logging_mixin.py:188} INFO - [2026-07-20T06:58:59.912+0000] {dag.py:3089} INFO - Sync 1 DAGs
[2026-07-20T06:58:59.927+0000] {logging_mixin.py:188} INFO - [2026-07-20T06:58:59.927+0000] {dag.py:3947} INFO - Setting next_dagrun for example_sla_dag to 2026-07-20 06:56:00+00:00, run_after=2026-07-20 06:58:00+00:00
[2026-07-20T06:58:59.944+0000] {processor.py:183} INFO - Processing /workspaces/recomart-recommendation-pipeline/airflow_venv/lib/python3.12/site-packages/airflow/example_dags/example_sla_dag.py took 0.129 seconds
[2026-07-20T07:00:30.869+0000] {processor.py:161} INFO - Started process (PID=91776) to work on /workspaces/recomart-recommendation-pipeline/airflow_venv/lib/python3.12/site-packages/airflow/example_dags/example_sla_dag.py
[2026-07-20T07:00:30.870+0000] {processor.py:830} INFO - Processing file /workspaces/recomart-recommendation-pipeline/airflow_venv/lib/python3.12/site-packages/airflow/example_dags/example_sla_dag.py for tasks to queue
[2026-07-20T07:00:30.872+0000] {logging_mixin.py:188} INFO - [2026-07-20T07:00:30.871+0000] {dagbag.py:545} INFO - Filling up the DagBag from /workspaces/recomart-recommendation-pipeline/airflow_venv/lib/python3.12/site-packages/airflow/example_dags/example_sla_dag.py
[2026-07-20T07:00:30.880+0000] {processor.py:840} INFO - DAG(s) 'example_sla_dag' retrieved from /workspaces/recomart-recommendation-pipeline/airflow_venv/lib/python3.12/site-packages/airflow/example_dags/example_sla_dag.py
[2026-07-20T07:00:30.895+0000] {logging_mixin.py:188} INFO - [2026-07-20T07:00:30.895+0000] {dag.py:3089} INFO - Sync 1 DAGs
[2026-07-20T07:00:30.912+0000] {logging_mixin.py:188} INFO - [2026-07-20T07:00:30.911+0000] {dag.py:3947} INFO - Setting next_dagrun for example_sla_dag to 2026-07-20 06:58:00+00:00, run_after=2026-07-20 07:00:00+00:00
[2026-07-20T07:00:30.929+0000] {processor.py:183} INFO - Processing /workspaces/recomart-recommendation-pipeline/airflow_venv/lib/python3.12/site-packages/airflow/example_dags/example_sla_dag.py took 0.064 seconds
[2026-07-20T07:01:21.549+0000] {processor.py:161} INFO - Started process (PID=92209) to work on /workspaces/recomart-recommendation-pipeline/airflow_venv/lib/python3.12/site-packages/airflow/example_dags/example_sla_dag.py
[2026-07-20T07:01:21.550+0000] {processor.py:830} INFO - Processing file /workspaces/recomart-recommendation-pipeline/airflow_venv/lib/python3.12/site-packages/airflow/example_dags/example_sla_dag.py for tasks to queue
[2026-07-20T07:01:21.552+0000] {logging_mixin.py:188} INFO - [2026-07-20T07:01:21.551+0000] {dagbag.py:545} INFO - Filling up the DagBag from /workspaces/recomart-recommendation-pipeline/airflow_venv/lib/python3.12/site-packages/airflow/example_dags/example_sla_dag.py
[2026-07-20T07:01:21.562+0000] {processor.py:840} INFO - DAG(s) 'example_sla_dag' retrieved from /workspaces/recomart-recommendation-pipeline/airflow_venv/lib/python3.12/site-packages/airflow/example_dags/example_sla_dag.py
[2026-07-20T07:01:21.579+0000] {logging_mixin.py:188} INFO - [2026-07-20T07:01:21.578+0000] {dag.py:3089} INFO - Sync 1 DAGs
[2026-07-20T07:01:21.617+0000] {logging_mixin.py:188} INFO - [2026-07-20T07:01:21.616+0000] {dag.py:3947} INFO - Setting next_dagrun for example_sla_dag to 2026-07-20 06:58:00+00:00, run_after=2026-07-20 07:00:00+00:00
[2026-07-20T07:01:21.729+0000] {processor.py:183} INFO - Processing /workspaces/recomart-recommendation-pipeline/airflow_venv/lib/python3.12/site-packages/airflow/example_dags/example_sla_dag.py took 0.188 seconds
