[2026-07-20T05:59:17.650+0000] {processor.py:161} INFO - Started process (PID=58285) to work on /workspaces/recomart-recommendation-pipeline/airflow_venv/lib/python3.12/site-packages/airflow/example_dags/example_local_kubernetes_executor.py
[2026-07-20T05:59:17.651+0000] {processor.py:830} INFO - Processing file /workspaces/recomart-recommendation-pipeline/airflow_venv/lib/python3.12/site-packages/airflow/example_dags/example_local_kubernetes_executor.py for tasks to queue
[2026-07-20T05:59:17.652+0000] {logging_mixin.py:188} INFO - [2026-07-20T05:59:17.652+0000] {dagbag.py:545} INFO - Filling up the DagBag from /workspaces/recomart-recommendation-pipeline/airflow_venv/lib/python3.12/site-packages/airflow/example_dags/example_local_kubernetes_executor.py
[2026-07-20T05:59:17.655+0000] {logging_mixin.py:188} INFO - [2026-07-20T05:59:17.654+0000] {example_local_kubernetes_executor.py:40} WARNING - Could not import DAGs in example_local_kubernetes_executor.py
Traceback (most recent call last):
  File "/workspaces/recomart-recommendation-pipeline/airflow_venv/lib/python3.12/site-packages/airflow/example_dags/example_local_kubernetes_executor.py", line 38, in <module>
    from kubernetes.client import models as k8s
ModuleNotFoundError: No module named 'kubernetes'
[2026-07-20T05:59:17.655+0000] {logging_mixin.py:188} INFO - [2026-07-20T05:59:17.655+0000] {example_local_kubernetes_executor.py:41} WARNING - Install Kubernetes dependencies with: pip install apache-airflow[cncf.kubernetes]
[2026-07-20T05:59:17.656+0000] {processor.py:842} WARNING - No viable dags retrieved from /workspaces/recomart-recommendation-pipeline/airflow_venv/lib/python3.12/site-packages/airflow/example_dags/example_local_kubernetes_executor.py
[2026-07-20T05:59:17.664+0000] {processor.py:183} INFO - Processing /workspaces/recomart-recommendation-pipeline/airflow_venv/lib/python3.12/site-packages/airflow/example_dags/example_local_kubernetes_executor.py took 0.017 seconds
[2026-07-20T06:00:12.348+0000] {processor.py:161} INFO - Started process (PID=58732) to work on /workspaces/recomart-recommendation-pipeline/airflow_venv/lib/python3.12/site-packages/airflow/example_dags/example_local_kubernetes_executor.py
[2026-07-20T06:00:12.349+0000] {processor.py:830} INFO - Processing file /workspaces/recomart-recommendation-pipeline/airflow_venv/lib/python3.12/site-packages/airflow/example_dags/example_local_kubernetes_executor.py for tasks to queue
[2026-07-20T06:00:12.350+0000] {logging_mixin.py:188} INFO - [2026-07-20T06:00:12.350+0000] {dagbag.py:545} INFO - Filling up the DagBag from /workspaces/recomart-recommendation-pipeline/airflow_venv/lib/python3.12/site-packages/airflow/example_dags/example_local_kubernetes_executor.py
[2026-07-20T06:00:12.353+0000] {logging_mixin.py:188} INFO - [2026-07-20T06:00:12.352+0000] {example_local_kubernetes_executor.py:40} WARNING - Could not import DAGs in example_local_kubernetes_executor.py
Traceback (most recent call last):
  File "/workspaces/recomart-recommendation-pipeline/airflow_venv/lib/python3.12/site-packages/airflow/example_dags/example_local_kubernetes_executor.py", line 38, in <module>
    from kubernetes.client import models as k8s
ModuleNotFoundError: No module named 'kubernetes'
[2026-07-20T06:00:12.353+0000] {logging_mixin.py:188} INFO - [2026-07-20T06:00:12.353+0000] {example_local_kubernetes_executor.py:41} WARNING - Install Kubernetes dependencies with: pip install apache-airflow[cncf.kubernetes]
[2026-07-20T06:00:12.353+0000] {processor.py:842} WARNING - No viable dags retrieved from /workspaces/recomart-recommendation-pipeline/airflow_venv/lib/python3.12/site-packages/airflow/example_dags/example_local_kubernetes_executor.py
[2026-07-20T06:00:12.360+0000] {processor.py:183} INFO - Processing /workspaces/recomart-recommendation-pipeline/airflow_venv/lib/python3.12/site-packages/airflow/example_dags/example_local_kubernetes_executor.py took 0.017 seconds
[2026-07-20T06:01:02.576+0000] {processor.py:161} INFO - Started process (PID=59283) to work on /workspaces/recomart-recommendation-pipeline/airflow_venv/lib/python3.12/site-packages/airflow/example_dags/example_local_kubernetes_executor.py
[2026-07-20T06:01:02.577+0000] {processor.py:830} INFO - Processing file /workspaces/recomart-recommendation-pipeline/airflow_venv/lib/python3.12/site-packages/airflow/example_dags/example_local_kubernetes_executor.py for tasks to queue
[2026-07-20T06:01:02.579+0000] {logging_mixin.py:188} INFO - [2026-07-20T06:01:02.578+0000] {dagbag.py:545} INFO - Filling up the DagBag from /workspaces/recomart-recommendation-pipeline/airflow_venv/lib/python3.12/site-packages/airflow/example_dags/example_local_kubernetes_executor.py
[2026-07-20T06:01:02.582+0000] {logging_mixin.py:188} INFO - [2026-07-20T06:01:02.581+0000] {example_local_kubernetes_executor.py:40} WARNING - Could not import DAGs in example_local_kubernetes_executor.py
Traceback (most recent call last):
  File "/workspaces/recomart-recommendation-pipeline/airflow_venv/lib/python3.12/site-packages/airflow/example_dags/example_local_kubernetes_executor.py", line 38, in <module>
    from kubernetes.client import models as k8s
ModuleNotFoundError: No module named 'kubernetes'
[2026-07-20T06:01:02.583+0000] {logging_mixin.py:188} INFO - [2026-07-20T06:01:02.582+0000] {example_local_kubernetes_executor.py:41} WARNING - Install Kubernetes dependencies with: pip install apache-airflow[cncf.kubernetes]
[2026-07-20T06:01:02.583+0000] {processor.py:842} WARNING - No viable dags retrieved from /workspaces/recomart-recommendation-pipeline/airflow_venv/lib/python3.12/site-packages/airflow/example_dags/example_local_kubernetes_executor.py
[2026-07-20T06:01:02.594+0000] {processor.py:183} INFO - Processing /workspaces/recomart-recommendation-pipeline/airflow_venv/lib/python3.12/site-packages/airflow/example_dags/example_local_kubernetes_executor.py took 0.024 seconds
[2026-07-20T06:01:52.198+0000] {processor.py:161} INFO - Started process (PID=59879) to work on /workspaces/recomart-recommendation-pipeline/airflow_venv/lib/python3.12/site-packages/airflow/example_dags/example_local_kubernetes_executor.py
[2026-07-20T06:01:52.199+0000] {processor.py:830} INFO - Processing file /workspaces/recomart-recommendation-pipeline/airflow_venv/lib/python3.12/site-packages/airflow/example_dags/example_local_kubernetes_executor.py for tasks to queue
[2026-07-20T06:01:52.200+0000] {logging_mixin.py:188} INFO - [2026-07-20T06:01:52.200+0000] {dagbag.py:545} INFO - Filling up the DagBag from /workspaces/recomart-recommendation-pipeline/airflow_venv/lib/python3.12/site-packages/airflow/example_dags/example_local_kubernetes_executor.py
[2026-07-20T06:01:52.203+0000] {logging_mixin.py:188} INFO - [2026-07-20T06:01:52.202+0000] {example_local_kubernetes_executor.py:40} WARNING - Could not import DAGs in example_local_kubernetes_executor.py
Traceback (most recent call last):
  File "/workspaces/recomart-recommendation-pipeline/airflow_venv/lib/python3.12/site-packages/airflow/example_dags/example_local_kubernetes_executor.py", line 38, in <module>
    from kubernetes.client import models as k8s
ModuleNotFoundError: No module named 'kubernetes'
[2026-07-20T06:01:52.203+0000] {logging_mixin.py:188} INFO - [2026-07-20T06:01:52.203+0000] {example_local_kubernetes_executor.py:41} WARNING - Install Kubernetes dependencies with: pip install apache-airflow[cncf.kubernetes]
[2026-07-20T06:01:52.203+0000] {processor.py:842} WARNING - No viable dags retrieved from /workspaces/recomart-recommendation-pipeline/airflow_venv/lib/python3.12/site-packages/airflow/example_dags/example_local_kubernetes_executor.py
[2026-07-20T06:01:52.211+0000] {processor.py:183} INFO - Processing /workspaces/recomart-recommendation-pipeline/airflow_venv/lib/python3.12/site-packages/airflow/example_dags/example_local_kubernetes_executor.py took 0.018 seconds
[2026-07-20T06:02:57.519+0000] {processor.py:161} INFO - Started process (PID=60405) to work on /workspaces/recomart-recommendation-pipeline/airflow_venv/lib/python3.12/site-packages/airflow/example_dags/example_local_kubernetes_executor.py
[2026-07-20T06:02:57.520+0000] {processor.py:830} INFO - Processing file /workspaces/recomart-recommendation-pipeline/airflow_venv/lib/python3.12/site-packages/airflow/example_dags/example_local_kubernetes_executor.py for tasks to queue
[2026-07-20T06:02:57.521+0000] {logging_mixin.py:188} INFO - [2026-07-20T06:02:57.521+0000] {dagbag.py:545} INFO - Filling up the DagBag from /workspaces/recomart-recommendation-pipeline/airflow_venv/lib/python3.12/site-packages/airflow/example_dags/example_local_kubernetes_executor.py
[2026-07-20T06:02:57.524+0000] {logging_mixin.py:188} INFO - [2026-07-20T06:02:57.523+0000] {example_local_kubernetes_executor.py:40} WARNING - Could not import DAGs in example_local_kubernetes_executor.py
Traceback (most recent call last):
  File "/workspaces/recomart-recommendation-pipeline/airflow_venv/lib/python3.12/site-packages/airflow/example_dags/example_local_kubernetes_executor.py", line 38, in <module>
    from kubernetes.client import models as k8s
ModuleNotFoundError: No module named 'kubernetes'
[2026-07-20T06:02:57.524+0000] {logging_mixin.py:188} INFO - [2026-07-20T06:02:57.524+0000] {example_local_kubernetes_executor.py:41} WARNING - Install Kubernetes dependencies with: pip install apache-airflow[cncf.kubernetes]
[2026-07-20T06:02:57.524+0000] {processor.py:842} WARNING - No viable dags retrieved from /workspaces/recomart-recommendation-pipeline/airflow_venv/lib/python3.12/site-packages/airflow/example_dags/example_local_kubernetes_executor.py
[2026-07-20T06:02:57.535+0000] {processor.py:183} INFO - Processing /workspaces/recomart-recommendation-pipeline/airflow_venv/lib/python3.12/site-packages/airflow/example_dags/example_local_kubernetes_executor.py took 0.020 seconds
[2026-07-20T06:03:58.809+0000] {processor.py:161} INFO - Started process (PID=60967) to work on /workspaces/recomart-recommendation-pipeline/airflow_venv/lib/python3.12/site-packages/airflow/example_dags/example_local_kubernetes_executor.py
[2026-07-20T06:03:58.810+0000] {processor.py:830} INFO - Processing file /workspaces/recomart-recommendation-pipeline/airflow_venv/lib/python3.12/site-packages/airflow/example_dags/example_local_kubernetes_executor.py for tasks to queue
[2026-07-20T06:03:58.812+0000] {logging_mixin.py:188} INFO - [2026-07-20T06:03:58.811+0000] {dagbag.py:545} INFO - Filling up the DagBag from /workspaces/recomart-recommendation-pipeline/airflow_venv/lib/python3.12/site-packages/airflow/example_dags/example_local_kubernetes_executor.py
[2026-07-20T06:03:58.814+0000] {logging_mixin.py:188} INFO - [2026-07-20T06:03:58.814+0000] {example_local_kubernetes_executor.py:40} WARNING - Could not import DAGs in example_local_kubernetes_executor.py
Traceback (most recent call last):
  File "/workspaces/recomart-recommendation-pipeline/airflow_venv/lib/python3.12/site-packages/airflow/example_dags/example_local_kubernetes_executor.py", line 38, in <module>
    from kubernetes.client import models as k8s
ModuleNotFoundError: No module named 'kubernetes'
[2026-07-20T06:03:58.814+0000] {logging_mixin.py:188} INFO - [2026-07-20T06:03:58.814+0000] {example_local_kubernetes_executor.py:41} WARNING - Install Kubernetes dependencies with: pip install apache-airflow[cncf.kubernetes]
[2026-07-20T06:03:58.815+0000] {processor.py:842} WARNING - No viable dags retrieved from /workspaces/recomart-recommendation-pipeline/airflow_venv/lib/python3.12/site-packages/airflow/example_dags/example_local_kubernetes_executor.py
[2026-07-20T06:03:58.822+0000] {processor.py:183} INFO - Processing /workspaces/recomart-recommendation-pipeline/airflow_venv/lib/python3.12/site-packages/airflow/example_dags/example_local_kubernetes_executor.py took 0.018 seconds
[2026-07-20T06:05:04.886+0000] {processor.py:161} INFO - Started process (PID=61516) to work on /workspaces/recomart-recommendation-pipeline/airflow_venv/lib/python3.12/site-packages/airflow/example_dags/example_local_kubernetes_executor.py
[2026-07-20T06:05:04.886+0000] {processor.py:830} INFO - Processing file /workspaces/recomart-recommendation-pipeline/airflow_venv/lib/python3.12/site-packages/airflow/example_dags/example_local_kubernetes_executor.py for tasks to queue
[2026-07-20T06:05:04.888+0000] {logging_mixin.py:188} INFO - [2026-07-20T06:05:04.887+0000] {dagbag.py:545} INFO - Filling up the DagBag from /workspaces/recomart-recommendation-pipeline/airflow_venv/lib/python3.12/site-packages/airflow/example_dags/example_local_kubernetes_executor.py
[2026-07-20T06:05:04.890+0000] {logging_mixin.py:188} INFO - [2026-07-20T06:05:04.889+0000] {example_local_kubernetes_executor.py:40} WARNING - Could not import DAGs in example_local_kubernetes_executor.py
Traceback (most recent call last):
  File "/workspaces/recomart-recommendation-pipeline/airflow_venv/lib/python3.12/site-packages/airflow/example_dags/example_local_kubernetes_executor.py", line 38, in <module>
    from kubernetes.client import models as k8s
ModuleNotFoundError: No module named 'kubernetes'
[2026-07-20T06:05:04.890+0000] {logging_mixin.py:188} INFO - [2026-07-20T06:05:04.890+0000] {example_local_kubernetes_executor.py:41} WARNING - Install Kubernetes dependencies with: pip install apache-airflow[cncf.kubernetes]
[2026-07-20T06:05:04.891+0000] {processor.py:842} WARNING - No viable dags retrieved from /workspaces/recomart-recommendation-pipeline/airflow_venv/lib/python3.12/site-packages/airflow/example_dags/example_local_kubernetes_executor.py
[2026-07-20T06:05:04.901+0000] {processor.py:183} INFO - Processing /workspaces/recomart-recommendation-pipeline/airflow_venv/lib/python3.12/site-packages/airflow/example_dags/example_local_kubernetes_executor.py took 0.021 seconds
[2026-07-20T06:06:12.105+0000] {processor.py:161} INFO - Started process (PID=62045) to work on /workspaces/recomart-recommendation-pipeline/airflow_venv/lib/python3.12/site-packages/airflow/example_dags/example_local_kubernetes_executor.py
[2026-07-20T06:06:12.105+0000] {processor.py:830} INFO - Processing file /workspaces/recomart-recommendation-pipeline/airflow_venv/lib/python3.12/site-packages/airflow/example_dags/example_local_kubernetes_executor.py for tasks to queue
[2026-07-20T06:06:12.107+0000] {logging_mixin.py:188} INFO - [2026-07-20T06:06:12.107+0000] {dagbag.py:545} INFO - Filling up the DagBag from /workspaces/recomart-recommendation-pipeline/airflow_venv/lib/python3.12/site-packages/airflow/example_dags/example_local_kubernetes_executor.py
[2026-07-20T06:06:12.114+0000] {logging_mixin.py:188} INFO - [2026-07-20T06:06:12.110+0000] {example_local_kubernetes_executor.py:40} WARNING - Could not import DAGs in example_local_kubernetes_executor.py
Traceback (most recent call last):
  File "/workspaces/recomart-recommendation-pipeline/airflow_venv/lib/python3.12/site-packages/airflow/example_dags/example_local_kubernetes_executor.py", line 38, in <module>
    from kubernetes.client import models as k8s
ModuleNotFoundError: No module named 'kubernetes'
[2026-07-20T06:06:12.116+0000] {logging_mixin.py:188} INFO - [2026-07-20T06:06:12.116+0000] {example_local_kubernetes_executor.py:41} WARNING - Install Kubernetes dependencies with: pip install apache-airflow[cncf.kubernetes]
[2026-07-20T06:06:12.116+0000] {processor.py:842} WARNING - No viable dags retrieved from /workspaces/recomart-recommendation-pipeline/airflow_venv/lib/python3.12/site-packages/airflow/example_dags/example_local_kubernetes_executor.py
[2026-07-20T06:06:12.130+0000] {processor.py:183} INFO - Processing /workspaces/recomart-recommendation-pipeline/airflow_venv/lib/python3.12/site-packages/airflow/example_dags/example_local_kubernetes_executor.py took 0.032 seconds
[2026-07-20T06:07:01.487+0000] {processor.py:161} INFO - Started process (PID=62463) to work on /workspaces/recomart-recommendation-pipeline/airflow_venv/lib/python3.12/site-packages/airflow/example_dags/example_local_kubernetes_executor.py
[2026-07-20T06:07:01.488+0000] {processor.py:830} INFO - Processing file /workspaces/recomart-recommendation-pipeline/airflow_venv/lib/python3.12/site-packages/airflow/example_dags/example_local_kubernetes_executor.py for tasks to queue
[2026-07-20T06:07:01.489+0000] {logging_mixin.py:188} INFO - [2026-07-20T06:07:01.489+0000] {dagbag.py:545} INFO - Filling up the DagBag from /workspaces/recomart-recommendation-pipeline/airflow_venv/lib/python3.12/site-packages/airflow/example_dags/example_local_kubernetes_executor.py
[2026-07-20T06:07:01.492+0000] {logging_mixin.py:188} INFO - [2026-07-20T06:07:01.491+0000] {example_local_kubernetes_executor.py:40} WARNING - Could not import DAGs in example_local_kubernetes_executor.py
Traceback (most recent call last):
  File "/workspaces/recomart-recommendation-pipeline/airflow_venv/lib/python3.12/site-packages/airflow/example_dags/example_local_kubernetes_executor.py", line 38, in <module>
    from kubernetes.client import models as k8s
ModuleNotFoundError: No module named 'kubernetes'
[2026-07-20T06:07:01.492+0000] {logging_mixin.py:188} INFO - [2026-07-20T06:07:01.492+0000] {example_local_kubernetes_executor.py:41} WARNING - Install Kubernetes dependencies with: pip install apache-airflow[cncf.kubernetes]
[2026-07-20T06:07:01.492+0000] {processor.py:842} WARNING - No viable dags retrieved from /workspaces/recomart-recommendation-pipeline/airflow_venv/lib/python3.12/site-packages/airflow/example_dags/example_local_kubernetes_executor.py
[2026-07-20T06:07:01.500+0000] {processor.py:183} INFO - Processing /workspaces/recomart-recommendation-pipeline/airflow_venv/lib/python3.12/site-packages/airflow/example_dags/example_local_kubernetes_executor.py took 0.017 seconds
[2026-07-20T06:07:51.625+0000] {processor.py:161} INFO - Started process (PID=62883) to work on /workspaces/recomart-recommendation-pipeline/airflow_venv/lib/python3.12/site-packages/airflow/example_dags/example_local_kubernetes_executor.py
[2026-07-20T06:07:51.626+0000] {processor.py:830} INFO - Processing file /workspaces/recomart-recommendation-pipeline/airflow_venv/lib/python3.12/site-packages/airflow/example_dags/example_local_kubernetes_executor.py for tasks to queue
[2026-07-20T06:07:51.628+0000] {logging_mixin.py:188} INFO - [2026-07-20T06:07:51.628+0000] {dagbag.py:545} INFO - Filling up the DagBag from /workspaces/recomart-recommendation-pipeline/airflow_venv/lib/python3.12/site-packages/airflow/example_dags/example_local_kubernetes_executor.py
[2026-07-20T06:07:51.632+0000] {logging_mixin.py:188} INFO - [2026-07-20T06:07:51.631+0000] {example_local_kubernetes_executor.py:40} WARNING - Could not import DAGs in example_local_kubernetes_executor.py
Traceback (most recent call last):
  File "/workspaces/recomart-recommendation-pipeline/airflow_venv/lib/python3.12/site-packages/airflow/example_dags/example_local_kubernetes_executor.py", line 38, in <module>
    from kubernetes.client import models as k8s
ModuleNotFoundError: No module named 'kubernetes'
[2026-07-20T06:07:51.632+0000] {logging_mixin.py:188} INFO - [2026-07-20T06:07:51.632+0000] {example_local_kubernetes_executor.py:41} WARNING - Install Kubernetes dependencies with: pip install apache-airflow[cncf.kubernetes]
[2026-07-20T06:07:51.633+0000] {processor.py:842} WARNING - No viable dags retrieved from /workspaces/recomart-recommendation-pipeline/airflow_venv/lib/python3.12/site-packages/airflow/example_dags/example_local_kubernetes_executor.py
[2026-07-20T06:07:51.648+0000] {processor.py:183} INFO - Processing /workspaces/recomart-recommendation-pipeline/airflow_venv/lib/python3.12/site-packages/airflow/example_dags/example_local_kubernetes_executor.py took 0.038 seconds
[2026-07-20T06:09:13.169+0000] {processor.py:161} INFO - Started process (PID=63722) to work on /workspaces/recomart-recommendation-pipeline/airflow_venv/lib/python3.12/site-packages/airflow/example_dags/example_local_kubernetes_executor.py
[2026-07-20T06:09:13.172+0000] {processor.py:830} INFO - Processing file /workspaces/recomart-recommendation-pipeline/airflow_venv/lib/python3.12/site-packages/airflow/example_dags/example_local_kubernetes_executor.py for tasks to queue
[2026-07-20T06:09:13.174+0000] {logging_mixin.py:188} INFO - [2026-07-20T06:09:13.174+0000] {dagbag.py:545} INFO - Filling up the DagBag from /workspaces/recomart-recommendation-pipeline/airflow_venv/lib/python3.12/site-packages/airflow/example_dags/example_local_kubernetes_executor.py
[2026-07-20T06:09:13.177+0000] {logging_mixin.py:188} INFO - [2026-07-20T06:09:13.176+0000] {example_local_kubernetes_executor.py:40} WARNING - Could not import DAGs in example_local_kubernetes_executor.py
Traceback (most recent call last):
  File "/workspaces/recomart-recommendation-pipeline/airflow_venv/lib/python3.12/site-packages/airflow/example_dags/example_local_kubernetes_executor.py", line 38, in <module>
    from kubernetes.client import models as k8s
ModuleNotFoundError: No module named 'kubernetes'
[2026-07-20T06:09:13.177+0000] {logging_mixin.py:188} INFO - [2026-07-20T06:09:13.177+0000] {example_local_kubernetes_executor.py:41} WARNING - Install Kubernetes dependencies with: pip install apache-airflow[cncf.kubernetes]
[2026-07-20T06:09:13.178+0000] {processor.py:842} WARNING - No viable dags retrieved from /workspaces/recomart-recommendation-pipeline/airflow_venv/lib/python3.12/site-packages/airflow/example_dags/example_local_kubernetes_executor.py
[2026-07-20T06:09:13.188+0000] {processor.py:183} INFO - Processing /workspaces/recomart-recommendation-pipeline/airflow_venv/lib/python3.12/site-packages/airflow/example_dags/example_local_kubernetes_executor.py took 0.024 seconds
[2026-07-20T06:10:09.188+0000] {processor.py:161} INFO - Started process (PID=64180) to work on /workspaces/recomart-recommendation-pipeline/airflow_venv/lib/python3.12/site-packages/airflow/example_dags/example_local_kubernetes_executor.py
[2026-07-20T06:10:09.189+0000] {processor.py:830} INFO - Processing file /workspaces/recomart-recommendation-pipeline/airflow_venv/lib/python3.12/site-packages/airflow/example_dags/example_local_kubernetes_executor.py for tasks to queue
[2026-07-20T06:10:09.190+0000] {logging_mixin.py:188} INFO - [2026-07-20T06:10:09.190+0000] {dagbag.py:545} INFO - Filling up the DagBag from /workspaces/recomart-recommendation-pipeline/airflow_venv/lib/python3.12/site-packages/airflow/example_dags/example_local_kubernetes_executor.py
[2026-07-20T06:10:09.193+0000] {logging_mixin.py:188} INFO - [2026-07-20T06:10:09.192+0000] {example_local_kubernetes_executor.py:40} WARNING - Could not import DAGs in example_local_kubernetes_executor.py
Traceback (most recent call last):
  File "/workspaces/recomart-recommendation-pipeline/airflow_venv/lib/python3.12/site-packages/airflow/example_dags/example_local_kubernetes_executor.py", line 38, in <module>
    from kubernetes.client import models as k8s
ModuleNotFoundError: No module named 'kubernetes'
[2026-07-20T06:10:09.193+0000] {logging_mixin.py:188} INFO - [2026-07-20T06:10:09.193+0000] {example_local_kubernetes_executor.py:41} WARNING - Install Kubernetes dependencies with: pip install apache-airflow[cncf.kubernetes]
[2026-07-20T06:10:09.194+0000] {processor.py:842} WARNING - No viable dags retrieved from /workspaces/recomart-recommendation-pipeline/airflow_venv/lib/python3.12/site-packages/airflow/example_dags/example_local_kubernetes_executor.py
[2026-07-20T06:10:09.202+0000] {processor.py:183} INFO - Processing /workspaces/recomart-recommendation-pipeline/airflow_venv/lib/python3.12/site-packages/airflow/example_dags/example_local_kubernetes_executor.py took 0.019 seconds
[2026-07-20T06:11:00.142+0000] {processor.py:161} INFO - Started process (PID=64598) to work on /workspaces/recomart-recommendation-pipeline/airflow_venv/lib/python3.12/site-packages/airflow/example_dags/example_local_kubernetes_executor.py
[2026-07-20T06:11:00.143+0000] {processor.py:830} INFO - Processing file /workspaces/recomart-recommendation-pipeline/airflow_venv/lib/python3.12/site-packages/airflow/example_dags/example_local_kubernetes_executor.py for tasks to queue
[2026-07-20T06:11:00.144+0000] {logging_mixin.py:188} INFO - [2026-07-20T06:11:00.144+0000] {dagbag.py:545} INFO - Filling up the DagBag from /workspaces/recomart-recommendation-pipeline/airflow_venv/lib/python3.12/site-packages/airflow/example_dags/example_local_kubernetes_executor.py
[2026-07-20T06:11:00.146+0000] {logging_mixin.py:188} INFO - [2026-07-20T06:11:00.146+0000] {example_local_kubernetes_executor.py:40} WARNING - Could not import DAGs in example_local_kubernetes_executor.py
Traceback (most recent call last):
  File "/workspaces/recomart-recommendation-pipeline/airflow_venv/lib/python3.12/site-packages/airflow/example_dags/example_local_kubernetes_executor.py", line 38, in <module>
    from kubernetes.client import models as k8s
ModuleNotFoundError: No module named 'kubernetes'
[2026-07-20T06:11:00.147+0000] {logging_mixin.py:188} INFO - [2026-07-20T06:11:00.147+0000] {example_local_kubernetes_executor.py:41} WARNING - Install Kubernetes dependencies with: pip install apache-airflow[cncf.kubernetes]
[2026-07-20T06:11:00.147+0000] {processor.py:842} WARNING - No viable dags retrieved from /workspaces/recomart-recommendation-pipeline/airflow_venv/lib/python3.12/site-packages/airflow/example_dags/example_local_kubernetes_executor.py
[2026-07-20T06:11:00.154+0000] {processor.py:183} INFO - Processing /workspaces/recomart-recommendation-pipeline/airflow_venv/lib/python3.12/site-packages/airflow/example_dags/example_local_kubernetes_executor.py took 0.016 seconds
[2026-07-20T06:11:48.294+0000] {processor.py:161} INFO - Started process (PID=65193) to work on /workspaces/recomart-recommendation-pipeline/airflow_venv/lib/python3.12/site-packages/airflow/example_dags/example_local_kubernetes_executor.py
[2026-07-20T06:11:48.295+0000] {processor.py:830} INFO - Processing file /workspaces/recomart-recommendation-pipeline/airflow_venv/lib/python3.12/site-packages/airflow/example_dags/example_local_kubernetes_executor.py for tasks to queue
[2026-07-20T06:11:48.296+0000] {logging_mixin.py:188} INFO - [2026-07-20T06:11:48.296+0000] {dagbag.py:545} INFO - Filling up the DagBag from /workspaces/recomart-recommendation-pipeline/airflow_venv/lib/python3.12/site-packages/airflow/example_dags/example_local_kubernetes_executor.py
[2026-07-20T06:11:48.298+0000] {logging_mixin.py:188} INFO - [2026-07-20T06:11:48.298+0000] {example_local_kubernetes_executor.py:40} WARNING - Could not import DAGs in example_local_kubernetes_executor.py
Traceback (most recent call last):
  File "/workspaces/recomart-recommendation-pipeline/airflow_venv/lib/python3.12/site-packages/airflow/example_dags/example_local_kubernetes_executor.py", line 38, in <module>
    from kubernetes.client import models as k8s
ModuleNotFoundError: No module named 'kubernetes'
[2026-07-20T06:11:48.299+0000] {logging_mixin.py:188} INFO - [2026-07-20T06:11:48.298+0000] {example_local_kubernetes_executor.py:41} WARNING - Install Kubernetes dependencies with: pip install apache-airflow[cncf.kubernetes]
[2026-07-20T06:11:48.299+0000] {processor.py:842} WARNING - No viable dags retrieved from /workspaces/recomart-recommendation-pipeline/airflow_venv/lib/python3.12/site-packages/airflow/example_dags/example_local_kubernetes_executor.py
[2026-07-20T06:11:48.306+0000] {processor.py:183} INFO - Processing /workspaces/recomart-recommendation-pipeline/airflow_venv/lib/python3.12/site-packages/airflow/example_dags/example_local_kubernetes_executor.py took 0.017 seconds
[2026-07-20T06:12:51.801+0000] {processor.py:161} INFO - Started process (PID=65707) to work on /workspaces/recomart-recommendation-pipeline/airflow_venv/lib/python3.12/site-packages/airflow/example_dags/example_local_kubernetes_executor.py
[2026-07-20T06:12:51.801+0000] {processor.py:830} INFO - Processing file /workspaces/recomart-recommendation-pipeline/airflow_venv/lib/python3.12/site-packages/airflow/example_dags/example_local_kubernetes_executor.py for tasks to queue
[2026-07-20T06:12:51.803+0000] {logging_mixin.py:188} INFO - [2026-07-20T06:12:51.803+0000] {dagbag.py:545} INFO - Filling up the DagBag from /workspaces/recomart-recommendation-pipeline/airflow_venv/lib/python3.12/site-packages/airflow/example_dags/example_local_kubernetes_executor.py
[2026-07-20T06:12:51.805+0000] {logging_mixin.py:188} INFO - [2026-07-20T06:12:51.805+0000] {example_local_kubernetes_executor.py:40} WARNING - Could not import DAGs in example_local_kubernetes_executor.py
Traceback (most recent call last):
  File "/workspaces/recomart-recommendation-pipeline/airflow_venv/lib/python3.12/site-packages/airflow/example_dags/example_local_kubernetes_executor.py", line 38, in <module>
    from kubernetes.client import models as k8s
ModuleNotFoundError: No module named 'kubernetes'
[2026-07-20T06:12:51.806+0000] {logging_mixin.py:188} INFO - [2026-07-20T06:12:51.806+0000] {example_local_kubernetes_executor.py:41} WARNING - Install Kubernetes dependencies with: pip install apache-airflow[cncf.kubernetes]
[2026-07-20T06:12:51.806+0000] {processor.py:842} WARNING - No viable dags retrieved from /workspaces/recomart-recommendation-pipeline/airflow_venv/lib/python3.12/site-packages/airflow/example_dags/example_local_kubernetes_executor.py
[2026-07-20T06:12:51.815+0000] {processor.py:183} INFO - Processing /workspaces/recomart-recommendation-pipeline/airflow_venv/lib/python3.12/site-packages/airflow/example_dags/example_local_kubernetes_executor.py took 0.018 seconds
[2026-07-20T06:13:56.731+0000] {processor.py:161} INFO - Started process (PID=66388) to work on /workspaces/recomart-recommendation-pipeline/airflow_venv/lib/python3.12/site-packages/airflow/example_dags/example_local_kubernetes_executor.py
[2026-07-20T06:13:56.732+0000] {processor.py:830} INFO - Processing file /workspaces/recomart-recommendation-pipeline/airflow_venv/lib/python3.12/site-packages/airflow/example_dags/example_local_kubernetes_executor.py for tasks to queue
[2026-07-20T06:13:56.733+0000] {logging_mixin.py:188} INFO - [2026-07-20T06:13:56.733+0000] {dagbag.py:545} INFO - Filling up the DagBag from /workspaces/recomart-recommendation-pipeline/airflow_venv/lib/python3.12/site-packages/airflow/example_dags/example_local_kubernetes_executor.py
[2026-07-20T06:13:56.736+0000] {logging_mixin.py:188} INFO - [2026-07-20T06:13:56.735+0000] {example_local_kubernetes_executor.py:40} WARNING - Could not import DAGs in example_local_kubernetes_executor.py
Traceback (most recent call last):
  File "/workspaces/recomart-recommendation-pipeline/airflow_venv/lib/python3.12/site-packages/airflow/example_dags/example_local_kubernetes_executor.py", line 38, in <module>
    from kubernetes.client import models as k8s
ModuleNotFoundError: No module named 'kubernetes'
[2026-07-20T06:13:56.736+0000] {logging_mixin.py:188} INFO - [2026-07-20T06:13:56.736+0000] {example_local_kubernetes_executor.py:41} WARNING - Install Kubernetes dependencies with: pip install apache-airflow[cncf.kubernetes]
[2026-07-20T06:13:56.736+0000] {processor.py:842} WARNING - No viable dags retrieved from /workspaces/recomart-recommendation-pipeline/airflow_venv/lib/python3.12/site-packages/airflow/example_dags/example_local_kubernetes_executor.py
[2026-07-20T06:13:56.745+0000] {processor.py:183} INFO - Processing /workspaces/recomart-recommendation-pipeline/airflow_venv/lib/python3.12/site-packages/airflow/example_dags/example_local_kubernetes_executor.py took 0.018 seconds
[2026-07-20T06:15:04.231+0000] {processor.py:161} INFO - Started process (PID=67137) to work on /workspaces/recomart-recommendation-pipeline/airflow_venv/lib/python3.12/site-packages/airflow/example_dags/example_local_kubernetes_executor.py
[2026-07-20T06:15:04.232+0000] {processor.py:830} INFO - Processing file /workspaces/recomart-recommendation-pipeline/airflow_venv/lib/python3.12/site-packages/airflow/example_dags/example_local_kubernetes_executor.py for tasks to queue
[2026-07-20T06:15:04.233+0000] {logging_mixin.py:188} INFO - [2026-07-20T06:15:04.233+0000] {dagbag.py:545} INFO - Filling up the DagBag from /workspaces/recomart-recommendation-pipeline/airflow_venv/lib/python3.12/site-packages/airflow/example_dags/example_local_kubernetes_executor.py
[2026-07-20T06:15:04.236+0000] {logging_mixin.py:188} INFO - [2026-07-20T06:15:04.235+0000] {example_local_kubernetes_executor.py:40} WARNING - Could not import DAGs in example_local_kubernetes_executor.py
Traceback (most recent call last):
  File "/workspaces/recomart-recommendation-pipeline/airflow_venv/lib/python3.12/site-packages/airflow/example_dags/example_local_kubernetes_executor.py", line 38, in <module>
    from kubernetes.client import models as k8s
ModuleNotFoundError: No module named 'kubernetes'
[2026-07-20T06:15:04.236+0000] {logging_mixin.py:188} INFO - [2026-07-20T06:15:04.236+0000] {example_local_kubernetes_executor.py:41} WARNING - Install Kubernetes dependencies with: pip install apache-airflow[cncf.kubernetes]
[2026-07-20T06:15:04.236+0000] {processor.py:842} WARNING - No viable dags retrieved from /workspaces/recomart-recommendation-pipeline/airflow_venv/lib/python3.12/site-packages/airflow/example_dags/example_local_kubernetes_executor.py
[2026-07-20T06:15:04.244+0000] {processor.py:183} INFO - Processing /workspaces/recomart-recommendation-pipeline/airflow_venv/lib/python3.12/site-packages/airflow/example_dags/example_local_kubernetes_executor.py took 0.017 seconds
[2026-07-20T06:31:14.963+0000] {processor.py:161} INFO - Started process (PID=73766) to work on /workspaces/recomart-recommendation-pipeline/airflow_venv/lib/python3.12/site-packages/airflow/example_dags/example_local_kubernetes_executor.py
[2026-07-20T06:31:14.963+0000] {processor.py:830} INFO - Processing file /workspaces/recomart-recommendation-pipeline/airflow_venv/lib/python3.12/site-packages/airflow/example_dags/example_local_kubernetes_executor.py for tasks to queue
[2026-07-20T06:31:14.965+0000] {logging_mixin.py:188} INFO - [2026-07-20T06:31:14.965+0000] {dagbag.py:545} INFO - Filling up the DagBag from /workspaces/recomart-recommendation-pipeline/airflow_venv/lib/python3.12/site-packages/airflow/example_dags/example_local_kubernetes_executor.py
[2026-07-20T06:31:14.967+0000] {logging_mixin.py:188} INFO - [2026-07-20T06:31:14.967+0000] {example_local_kubernetes_executor.py:40} WARNING - Could not import DAGs in example_local_kubernetes_executor.py
Traceback (most recent call last):
  File "/workspaces/recomart-recommendation-pipeline/airflow_venv/lib/python3.12/site-packages/airflow/example_dags/example_local_kubernetes_executor.py", line 38, in <module>
    from kubernetes.client import models as k8s
ModuleNotFoundError: No module named 'kubernetes'
[2026-07-20T06:31:14.968+0000] {logging_mixin.py:188} INFO - [2026-07-20T06:31:14.968+0000] {example_local_kubernetes_executor.py:41} WARNING - Install Kubernetes dependencies with: pip install apache-airflow[cncf.kubernetes]
[2026-07-20T06:31:14.968+0000] {processor.py:842} WARNING - No viable dags retrieved from /workspaces/recomart-recommendation-pipeline/airflow_venv/lib/python3.12/site-packages/airflow/example_dags/example_local_kubernetes_executor.py
[2026-07-20T06:31:14.978+0000] {processor.py:183} INFO - Processing /workspaces/recomart-recommendation-pipeline/airflow_venv/lib/python3.12/site-packages/airflow/example_dags/example_local_kubernetes_executor.py took 0.019 seconds
[2026-07-20T06:32:10.050+0000] {processor.py:161} INFO - Started process (PID=74412) to work on /workspaces/recomart-recommendation-pipeline/airflow_venv/lib/python3.12/site-packages/airflow/example_dags/example_local_kubernetes_executor.py
[2026-07-20T06:32:10.051+0000] {processor.py:830} INFO - Processing file /workspaces/recomart-recommendation-pipeline/airflow_venv/lib/python3.12/site-packages/airflow/example_dags/example_local_kubernetes_executor.py for tasks to queue
[2026-07-20T06:32:10.053+0000] {logging_mixin.py:188} INFO - [2026-07-20T06:32:10.053+0000] {dagbag.py:545} INFO - Filling up the DagBag from /workspaces/recomart-recommendation-pipeline/airflow_venv/lib/python3.12/site-packages/airflow/example_dags/example_local_kubernetes_executor.py
[2026-07-20T06:32:10.057+0000] {logging_mixin.py:188} INFO - [2026-07-20T06:32:10.056+0000] {example_local_kubernetes_executor.py:40} WARNING - Could not import DAGs in example_local_kubernetes_executor.py
Traceback (most recent call last):
  File "/workspaces/recomart-recommendation-pipeline/airflow_venv/lib/python3.12/site-packages/airflow/example_dags/example_local_kubernetes_executor.py", line 38, in <module>
    from kubernetes.client import models as k8s
ModuleNotFoundError: No module named 'kubernetes'
[2026-07-20T06:32:10.057+0000] {logging_mixin.py:188} INFO - [2026-07-20T06:32:10.057+0000] {example_local_kubernetes_executor.py:41} WARNING - Install Kubernetes dependencies with: pip install apache-airflow[cncf.kubernetes]
[2026-07-20T06:32:10.057+0000] {processor.py:842} WARNING - No viable dags retrieved from /workspaces/recomart-recommendation-pipeline/airflow_venv/lib/python3.12/site-packages/airflow/example_dags/example_local_kubernetes_executor.py
[2026-07-20T06:32:10.068+0000] {processor.py:183} INFO - Processing /workspaces/recomart-recommendation-pipeline/airflow_venv/lib/python3.12/site-packages/airflow/example_dags/example_local_kubernetes_executor.py took 0.024 seconds
[2026-07-20T06:33:02.019+0000] {processor.py:161} INFO - Started process (PID=74974) to work on /workspaces/recomart-recommendation-pipeline/airflow_venv/lib/python3.12/site-packages/airflow/example_dags/example_local_kubernetes_executor.py
[2026-07-20T06:33:02.019+0000] {processor.py:830} INFO - Processing file /workspaces/recomart-recommendation-pipeline/airflow_venv/lib/python3.12/site-packages/airflow/example_dags/example_local_kubernetes_executor.py for tasks to queue
[2026-07-20T06:33:02.021+0000] {logging_mixin.py:188} INFO - [2026-07-20T06:33:02.020+0000] {dagbag.py:545} INFO - Filling up the DagBag from /workspaces/recomart-recommendation-pipeline/airflow_venv/lib/python3.12/site-packages/airflow/example_dags/example_local_kubernetes_executor.py
[2026-07-20T06:33:02.023+0000] {logging_mixin.py:188} INFO - [2026-07-20T06:33:02.022+0000] {example_local_kubernetes_executor.py:40} WARNING - Could not import DAGs in example_local_kubernetes_executor.py
Traceback (most recent call last):
  File "/workspaces/recomart-recommendation-pipeline/airflow_venv/lib/python3.12/site-packages/airflow/example_dags/example_local_kubernetes_executor.py", line 38, in <module>
    from kubernetes.client import models as k8s
ModuleNotFoundError: No module named 'kubernetes'
[2026-07-20T06:33:02.023+0000] {logging_mixin.py:188} INFO - [2026-07-20T06:33:02.023+0000] {example_local_kubernetes_executor.py:41} WARNING - Install Kubernetes dependencies with: pip install apache-airflow[cncf.kubernetes]
[2026-07-20T06:33:02.024+0000] {processor.py:842} WARNING - No viable dags retrieved from /workspaces/recomart-recommendation-pipeline/airflow_venv/lib/python3.12/site-packages/airflow/example_dags/example_local_kubernetes_executor.py
[2026-07-20T06:33:02.031+0000] {processor.py:183} INFO - Processing /workspaces/recomart-recommendation-pipeline/airflow_venv/lib/python3.12/site-packages/airflow/example_dags/example_local_kubernetes_executor.py took 0.017 seconds
[2026-07-20T06:34:24.084+0000] {processor.py:161} INFO - Started process (PID=76134) to work on /workspaces/recomart-recommendation-pipeline/airflow_venv/lib/python3.12/site-packages/airflow/example_dags/example_local_kubernetes_executor.py
[2026-07-20T06:34:24.085+0000] {processor.py:830} INFO - Processing file /workspaces/recomart-recommendation-pipeline/airflow_venv/lib/python3.12/site-packages/airflow/example_dags/example_local_kubernetes_executor.py for tasks to queue
[2026-07-20T06:34:24.087+0000] {logging_mixin.py:188} INFO - [2026-07-20T06:34:24.086+0000] {dagbag.py:545} INFO - Filling up the DagBag from /workspaces/recomart-recommendation-pipeline/airflow_venv/lib/python3.12/site-packages/airflow/example_dags/example_local_kubernetes_executor.py
[2026-07-20T06:34:24.091+0000] {logging_mixin.py:188} INFO - [2026-07-20T06:34:24.090+0000] {example_local_kubernetes_executor.py:40} WARNING - Could not import DAGs in example_local_kubernetes_executor.py
Traceback (most recent call last):
  File "/workspaces/recomart-recommendation-pipeline/airflow_venv/lib/python3.12/site-packages/airflow/example_dags/example_local_kubernetes_executor.py", line 38, in <module>
    from kubernetes.client import models as k8s
ModuleNotFoundError: No module named 'kubernetes'
[2026-07-20T06:34:24.091+0000] {logging_mixin.py:188} INFO - [2026-07-20T06:34:24.091+0000] {example_local_kubernetes_executor.py:41} WARNING - Install Kubernetes dependencies with: pip install apache-airflow[cncf.kubernetes]
[2026-07-20T06:34:24.094+0000] {processor.py:842} WARNING - No viable dags retrieved from /workspaces/recomart-recommendation-pipeline/airflow_venv/lib/python3.12/site-packages/airflow/example_dags/example_local_kubernetes_executor.py
[2026-07-20T06:34:24.113+0000] {processor.py:183} INFO - Processing /workspaces/recomart-recommendation-pipeline/airflow_venv/lib/python3.12/site-packages/airflow/example_dags/example_local_kubernetes_executor.py took 0.034 seconds
[2026-07-20T06:35:21.935+0000] {processor.py:161} INFO - Started process (PID=77266) to work on /workspaces/recomart-recommendation-pipeline/airflow_venv/lib/python3.12/site-packages/airflow/example_dags/example_local_kubernetes_executor.py
[2026-07-20T06:35:21.936+0000] {processor.py:830} INFO - Processing file /workspaces/recomart-recommendation-pipeline/airflow_venv/lib/python3.12/site-packages/airflow/example_dags/example_local_kubernetes_executor.py for tasks to queue
[2026-07-20T06:35:21.937+0000] {logging_mixin.py:188} INFO - [2026-07-20T06:35:21.937+0000] {dagbag.py:545} INFO - Filling up the DagBag from /workspaces/recomart-recommendation-pipeline/airflow_venv/lib/python3.12/site-packages/airflow/example_dags/example_local_kubernetes_executor.py
[2026-07-20T06:35:21.940+0000] {logging_mixin.py:188} INFO - [2026-07-20T06:35:21.939+0000] {example_local_kubernetes_executor.py:40} WARNING - Could not import DAGs in example_local_kubernetes_executor.py
Traceback (most recent call last):
  File "/workspaces/recomart-recommendation-pipeline/airflow_venv/lib/python3.12/site-packages/airflow/example_dags/example_local_kubernetes_executor.py", line 38, in <module>
    from kubernetes.client import models as k8s
ModuleNotFoundError: No module named 'kubernetes'
[2026-07-20T06:35:21.940+0000] {logging_mixin.py:188} INFO - [2026-07-20T06:35:21.940+0000] {example_local_kubernetes_executor.py:41} WARNING - Install Kubernetes dependencies with: pip install apache-airflow[cncf.kubernetes]
[2026-07-20T06:35:21.940+0000] {processor.py:842} WARNING - No viable dags retrieved from /workspaces/recomart-recommendation-pipeline/airflow_venv/lib/python3.12/site-packages/airflow/example_dags/example_local_kubernetes_executor.py
[2026-07-20T06:35:21.950+0000] {processor.py:183} INFO - Processing /workspaces/recomart-recommendation-pipeline/airflow_venv/lib/python3.12/site-packages/airflow/example_dags/example_local_kubernetes_executor.py took 0.019 seconds
[2026-07-20T06:36:35.005+0000] {processor.py:161} INFO - Started process (PID=78580) to work on /workspaces/recomart-recommendation-pipeline/airflow_venv/lib/python3.12/site-packages/airflow/example_dags/example_local_kubernetes_executor.py
[2026-07-20T06:36:35.006+0000] {processor.py:830} INFO - Processing file /workspaces/recomart-recommendation-pipeline/airflow_venv/lib/python3.12/site-packages/airflow/example_dags/example_local_kubernetes_executor.py for tasks to queue
[2026-07-20T06:36:35.007+0000] {logging_mixin.py:188} INFO - [2026-07-20T06:36:35.007+0000] {dagbag.py:545} INFO - Filling up the DagBag from /workspaces/recomart-recommendation-pipeline/airflow_venv/lib/python3.12/site-packages/airflow/example_dags/example_local_kubernetes_executor.py
[2026-07-20T06:36:35.010+0000] {logging_mixin.py:188} INFO - [2026-07-20T06:36:35.009+0000] {example_local_kubernetes_executor.py:40} WARNING - Could not import DAGs in example_local_kubernetes_executor.py
Traceback (most recent call last):
  File "/workspaces/recomart-recommendation-pipeline/airflow_venv/lib/python3.12/site-packages/airflow/example_dags/example_local_kubernetes_executor.py", line 38, in <module>
    from kubernetes.client import models as k8s
ModuleNotFoundError: No module named 'kubernetes'
[2026-07-20T06:36:35.010+0000] {logging_mixin.py:188} INFO - [2026-07-20T06:36:35.010+0000] {example_local_kubernetes_executor.py:41} WARNING - Install Kubernetes dependencies with: pip install apache-airflow[cncf.kubernetes]
[2026-07-20T06:36:35.010+0000] {processor.py:842} WARNING - No viable dags retrieved from /workspaces/recomart-recommendation-pipeline/airflow_venv/lib/python3.12/site-packages/airflow/example_dags/example_local_kubernetes_executor.py
[2026-07-20T06:36:35.018+0000] {processor.py:183} INFO - Processing /workspaces/recomart-recommendation-pipeline/airflow_venv/lib/python3.12/site-packages/airflow/example_dags/example_local_kubernetes_executor.py took 0.017 seconds
[2026-07-20T06:37:25.545+0000] {processor.py:161} INFO - Started process (PID=79011) to work on /workspaces/recomart-recommendation-pipeline/airflow_venv/lib/python3.12/site-packages/airflow/example_dags/example_local_kubernetes_executor.py
[2026-07-20T06:37:25.546+0000] {processor.py:830} INFO - Processing file /workspaces/recomart-recommendation-pipeline/airflow_venv/lib/python3.12/site-packages/airflow/example_dags/example_local_kubernetes_executor.py for tasks to queue
[2026-07-20T06:37:25.547+0000] {logging_mixin.py:188} INFO - [2026-07-20T06:37:25.547+0000] {dagbag.py:545} INFO - Filling up the DagBag from /workspaces/recomart-recommendation-pipeline/airflow_venv/lib/python3.12/site-packages/airflow/example_dags/example_local_kubernetes_executor.py
[2026-07-20T06:37:25.550+0000] {logging_mixin.py:188} INFO - [2026-07-20T06:37:25.549+0000] {example_local_kubernetes_executor.py:40} WARNING - Could not import DAGs in example_local_kubernetes_executor.py
Traceback (most recent call last):
  File "/workspaces/recomart-recommendation-pipeline/airflow_venv/lib/python3.12/site-packages/airflow/example_dags/example_local_kubernetes_executor.py", line 38, in <module>
    from kubernetes.client import models as k8s
ModuleNotFoundError: No module named 'kubernetes'
[2026-07-20T06:37:25.550+0000] {logging_mixin.py:188} INFO - [2026-07-20T06:37:25.550+0000] {example_local_kubernetes_executor.py:41} WARNING - Install Kubernetes dependencies with: pip install apache-airflow[cncf.kubernetes]
[2026-07-20T06:37:25.550+0000] {processor.py:842} WARNING - No viable dags retrieved from /workspaces/recomart-recommendation-pipeline/airflow_venv/lib/python3.12/site-packages/airflow/example_dags/example_local_kubernetes_executor.py
[2026-07-20T06:37:25.559+0000] {processor.py:183} INFO - Processing /workspaces/recomart-recommendation-pipeline/airflow_venv/lib/python3.12/site-packages/airflow/example_dags/example_local_kubernetes_executor.py took 0.019 seconds
[2026-07-20T06:38:36.679+0000] {processor.py:161} INFO - Started process (PID=79587) to work on /workspaces/recomart-recommendation-pipeline/airflow_venv/lib/python3.12/site-packages/airflow/example_dags/example_local_kubernetes_executor.py
[2026-07-20T06:38:36.680+0000] {processor.py:830} INFO - Processing file /workspaces/recomart-recommendation-pipeline/airflow_venv/lib/python3.12/site-packages/airflow/example_dags/example_local_kubernetes_executor.py for tasks to queue
[2026-07-20T06:38:36.681+0000] {logging_mixin.py:188} INFO - [2026-07-20T06:38:36.681+0000] {dagbag.py:545} INFO - Filling up the DagBag from /workspaces/recomart-recommendation-pipeline/airflow_venv/lib/python3.12/site-packages/airflow/example_dags/example_local_kubernetes_executor.py
[2026-07-20T06:38:36.684+0000] {logging_mixin.py:188} INFO - [2026-07-20T06:38:36.684+0000] {example_local_kubernetes_executor.py:40} WARNING - Could not import DAGs in example_local_kubernetes_executor.py
Traceback (most recent call last):
  File "/workspaces/recomart-recommendation-pipeline/airflow_venv/lib/python3.12/site-packages/airflow/example_dags/example_local_kubernetes_executor.py", line 38, in <module>
    from kubernetes.client import models as k8s
ModuleNotFoundError: No module named 'kubernetes'
[2026-07-20T06:38:36.685+0000] {logging_mixin.py:188} INFO - [2026-07-20T06:38:36.685+0000] {example_local_kubernetes_executor.py:41} WARNING - Install Kubernetes dependencies with: pip install apache-airflow[cncf.kubernetes]
[2026-07-20T06:38:36.685+0000] {processor.py:842} WARNING - No viable dags retrieved from /workspaces/recomart-recommendation-pipeline/airflow_venv/lib/python3.12/site-packages/airflow/example_dags/example_local_kubernetes_executor.py
[2026-07-20T06:38:36.694+0000] {processor.py:183} INFO - Processing /workspaces/recomart-recommendation-pipeline/airflow_venv/lib/python3.12/site-packages/airflow/example_dags/example_local_kubernetes_executor.py took 0.021 seconds
[2026-07-20T06:39:23.523+0000] {processor.py:161} INFO - Started process (PID=80003) to work on /workspaces/recomart-recommendation-pipeline/airflow_venv/lib/python3.12/site-packages/airflow/example_dags/example_local_kubernetes_executor.py
[2026-07-20T06:39:23.524+0000] {processor.py:830} INFO - Processing file /workspaces/recomart-recommendation-pipeline/airflow_venv/lib/python3.12/site-packages/airflow/example_dags/example_local_kubernetes_executor.py for tasks to queue
[2026-07-20T06:39:23.525+0000] {logging_mixin.py:188} INFO - [2026-07-20T06:39:23.525+0000] {dagbag.py:545} INFO - Filling up the DagBag from /workspaces/recomart-recommendation-pipeline/airflow_venv/lib/python3.12/site-packages/airflow/example_dags/example_local_kubernetes_executor.py
[2026-07-20T06:39:23.528+0000] {logging_mixin.py:188} INFO - [2026-07-20T06:39:23.527+0000] {example_local_kubernetes_executor.py:40} WARNING - Could not import DAGs in example_local_kubernetes_executor.py
Traceback (most recent call last):
  File "/workspaces/recomart-recommendation-pipeline/airflow_venv/lib/python3.12/site-packages/airflow/example_dags/example_local_kubernetes_executor.py", line 38, in <module>
    from kubernetes.client import models as k8s
ModuleNotFoundError: No module named 'kubernetes'
[2026-07-20T06:39:23.528+0000] {logging_mixin.py:188} INFO - [2026-07-20T06:39:23.528+0000] {example_local_kubernetes_executor.py:41} WARNING - Install Kubernetes dependencies with: pip install apache-airflow[cncf.kubernetes]
[2026-07-20T06:39:23.528+0000] {processor.py:842} WARNING - No viable dags retrieved from /workspaces/recomart-recommendation-pipeline/airflow_venv/lib/python3.12/site-packages/airflow/example_dags/example_local_kubernetes_executor.py
[2026-07-20T06:39:23.536+0000] {processor.py:183} INFO - Processing /workspaces/recomart-recommendation-pipeline/airflow_venv/lib/python3.12/site-packages/airflow/example_dags/example_local_kubernetes_executor.py took 0.017 seconds
[2026-07-20T06:40:12.326+0000] {processor.py:161} INFO - Started process (PID=80414) to work on /workspaces/recomart-recommendation-pipeline/airflow_venv/lib/python3.12/site-packages/airflow/example_dags/example_local_kubernetes_executor.py
[2026-07-20T06:40:12.327+0000] {processor.py:830} INFO - Processing file /workspaces/recomart-recommendation-pipeline/airflow_venv/lib/python3.12/site-packages/airflow/example_dags/example_local_kubernetes_executor.py for tasks to queue
[2026-07-20T06:40:12.328+0000] {logging_mixin.py:188} INFO - [2026-07-20T06:40:12.328+0000] {dagbag.py:545} INFO - Filling up the DagBag from /workspaces/recomart-recommendation-pipeline/airflow_venv/lib/python3.12/site-packages/airflow/example_dags/example_local_kubernetes_executor.py
[2026-07-20T06:40:12.331+0000] {logging_mixin.py:188} INFO - [2026-07-20T06:40:12.330+0000] {example_local_kubernetes_executor.py:40} WARNING - Could not import DAGs in example_local_kubernetes_executor.py
Traceback (most recent call last):
  File "/workspaces/recomart-recommendation-pipeline/airflow_venv/lib/python3.12/site-packages/airflow/example_dags/example_local_kubernetes_executor.py", line 38, in <module>
    from kubernetes.client import models as k8s
ModuleNotFoundError: No module named 'kubernetes'
[2026-07-20T06:40:12.331+0000] {logging_mixin.py:188} INFO - [2026-07-20T06:40:12.331+0000] {example_local_kubernetes_executor.py:41} WARNING - Install Kubernetes dependencies with: pip install apache-airflow[cncf.kubernetes]
[2026-07-20T06:40:12.331+0000] {processor.py:842} WARNING - No viable dags retrieved from /workspaces/recomart-recommendation-pipeline/airflow_venv/lib/python3.12/site-packages/airflow/example_dags/example_local_kubernetes_executor.py
[2026-07-20T06:40:12.339+0000] {processor.py:183} INFO - Processing /workspaces/recomart-recommendation-pipeline/airflow_venv/lib/python3.12/site-packages/airflow/example_dags/example_local_kubernetes_executor.py took 0.017 seconds
[2026-07-20T06:41:01.919+0000] {processor.py:161} INFO - Started process (PID=80895) to work on /workspaces/recomart-recommendation-pipeline/airflow_venv/lib/python3.12/site-packages/airflow/example_dags/example_local_kubernetes_executor.py
[2026-07-20T06:41:01.919+0000] {processor.py:830} INFO - Processing file /workspaces/recomart-recommendation-pipeline/airflow_venv/lib/python3.12/site-packages/airflow/example_dags/example_local_kubernetes_executor.py for tasks to queue
[2026-07-20T06:41:01.921+0000] {logging_mixin.py:188} INFO - [2026-07-20T06:41:01.921+0000] {dagbag.py:545} INFO - Filling up the DagBag from /workspaces/recomart-recommendation-pipeline/airflow_venv/lib/python3.12/site-packages/airflow/example_dags/example_local_kubernetes_executor.py
[2026-07-20T06:41:01.923+0000] {logging_mixin.py:188} INFO - [2026-07-20T06:41:01.923+0000] {example_local_kubernetes_executor.py:40} WARNING - Could not import DAGs in example_local_kubernetes_executor.py
Traceback (most recent call last):
  File "/workspaces/recomart-recommendation-pipeline/airflow_venv/lib/python3.12/site-packages/airflow/example_dags/example_local_kubernetes_executor.py", line 38, in <module>
    from kubernetes.client import models as k8s
ModuleNotFoundError: No module named 'kubernetes'
[2026-07-20T06:41:01.924+0000] {logging_mixin.py:188} INFO - [2026-07-20T06:41:01.924+0000] {example_local_kubernetes_executor.py:41} WARNING - Install Kubernetes dependencies with: pip install apache-airflow[cncf.kubernetes]
[2026-07-20T06:41:01.924+0000] {processor.py:842} WARNING - No viable dags retrieved from /workspaces/recomart-recommendation-pipeline/airflow_venv/lib/python3.12/site-packages/airflow/example_dags/example_local_kubernetes_executor.py
[2026-07-20T06:41:01.932+0000] {processor.py:183} INFO - Processing /workspaces/recomart-recommendation-pipeline/airflow_venv/lib/python3.12/site-packages/airflow/example_dags/example_local_kubernetes_executor.py took 0.018 seconds
[2026-07-20T06:42:12.953+0000] {processor.py:161} INFO - Started process (PID=81468) to work on /workspaces/recomart-recommendation-pipeline/airflow_venv/lib/python3.12/site-packages/airflow/example_dags/example_local_kubernetes_executor.py
[2026-07-20T06:42:12.954+0000] {processor.py:830} INFO - Processing file /workspaces/recomart-recommendation-pipeline/airflow_venv/lib/python3.12/site-packages/airflow/example_dags/example_local_kubernetes_executor.py for tasks to queue
[2026-07-20T06:42:12.956+0000] {logging_mixin.py:188} INFO - [2026-07-20T06:42:12.955+0000] {dagbag.py:545} INFO - Filling up the DagBag from /workspaces/recomart-recommendation-pipeline/airflow_venv/lib/python3.12/site-packages/airflow/example_dags/example_local_kubernetes_executor.py
[2026-07-20T06:42:12.958+0000] {logging_mixin.py:188} INFO - [2026-07-20T06:42:12.958+0000] {example_local_kubernetes_executor.py:40} WARNING - Could not import DAGs in example_local_kubernetes_executor.py
Traceback (most recent call last):
  File "/workspaces/recomart-recommendation-pipeline/airflow_venv/lib/python3.12/site-packages/airflow/example_dags/example_local_kubernetes_executor.py", line 38, in <module>
    from kubernetes.client import models as k8s
ModuleNotFoundError: No module named 'kubernetes'
[2026-07-20T06:42:12.958+0000] {logging_mixin.py:188} INFO - [2026-07-20T06:42:12.958+0000] {example_local_kubernetes_executor.py:41} WARNING - Install Kubernetes dependencies with: pip install apache-airflow[cncf.kubernetes]
[2026-07-20T06:42:12.959+0000] {processor.py:842} WARNING - No viable dags retrieved from /workspaces/recomart-recommendation-pipeline/airflow_venv/lib/python3.12/site-packages/airflow/example_dags/example_local_kubernetes_executor.py
[2026-07-20T06:42:12.967+0000] {processor.py:183} INFO - Processing /workspaces/recomart-recommendation-pipeline/airflow_venv/lib/python3.12/site-packages/airflow/example_dags/example_local_kubernetes_executor.py took 0.020 seconds
[2026-07-20T06:42:59.301+0000] {processor.py:161} INFO - Started process (PID=81862) to work on /workspaces/recomart-recommendation-pipeline/airflow_venv/lib/python3.12/site-packages/airflow/example_dags/example_local_kubernetes_executor.py
[2026-07-20T06:42:59.302+0000] {processor.py:830} INFO - Processing file /workspaces/recomart-recommendation-pipeline/airflow_venv/lib/python3.12/site-packages/airflow/example_dags/example_local_kubernetes_executor.py for tasks to queue
[2026-07-20T06:42:59.304+0000] {logging_mixin.py:188} INFO - [2026-07-20T06:42:59.303+0000] {dagbag.py:545} INFO - Filling up the DagBag from /workspaces/recomart-recommendation-pipeline/airflow_venv/lib/python3.12/site-packages/airflow/example_dags/example_local_kubernetes_executor.py
[2026-07-20T06:42:59.306+0000] {logging_mixin.py:188} INFO - [2026-07-20T06:42:59.306+0000] {example_local_kubernetes_executor.py:40} WARNING - Could not import DAGs in example_local_kubernetes_executor.py
Traceback (most recent call last):
  File "/workspaces/recomart-recommendation-pipeline/airflow_venv/lib/python3.12/site-packages/airflow/example_dags/example_local_kubernetes_executor.py", line 38, in <module>
    from kubernetes.client import models as k8s
ModuleNotFoundError: No module named 'kubernetes'
[2026-07-20T06:42:59.306+0000] {logging_mixin.py:188} INFO - [2026-07-20T06:42:59.306+0000] {example_local_kubernetes_executor.py:41} WARNING - Install Kubernetes dependencies with: pip install apache-airflow[cncf.kubernetes]
[2026-07-20T06:42:59.307+0000] {processor.py:842} WARNING - No viable dags retrieved from /workspaces/recomart-recommendation-pipeline/airflow_venv/lib/python3.12/site-packages/airflow/example_dags/example_local_kubernetes_executor.py
[2026-07-20T06:42:59.314+0000] {processor.py:183} INFO - Processing /workspaces/recomart-recommendation-pipeline/airflow_venv/lib/python3.12/site-packages/airflow/example_dags/example_local_kubernetes_executor.py took 0.019 seconds
[2026-07-20T06:43:47.833+0000] {processor.py:161} INFO - Started process (PID=82274) to work on /workspaces/recomart-recommendation-pipeline/airflow_venv/lib/python3.12/site-packages/airflow/example_dags/example_local_kubernetes_executor.py
[2026-07-20T06:43:47.834+0000] {processor.py:830} INFO - Processing file /workspaces/recomart-recommendation-pipeline/airflow_venv/lib/python3.12/site-packages/airflow/example_dags/example_local_kubernetes_executor.py for tasks to queue
[2026-07-20T06:43:47.836+0000] {logging_mixin.py:188} INFO - [2026-07-20T06:43:47.836+0000] {dagbag.py:545} INFO - Filling up the DagBag from /workspaces/recomart-recommendation-pipeline/airflow_venv/lib/python3.12/site-packages/airflow/example_dags/example_local_kubernetes_executor.py
[2026-07-20T06:43:47.841+0000] {logging_mixin.py:188} INFO - [2026-07-20T06:43:47.840+0000] {example_local_kubernetes_executor.py:40} WARNING - Could not import DAGs in example_local_kubernetes_executor.py
Traceback (most recent call last):
  File "/workspaces/recomart-recommendation-pipeline/airflow_venv/lib/python3.12/site-packages/airflow/example_dags/example_local_kubernetes_executor.py", line 38, in <module>
    from kubernetes.client import models as k8s
ModuleNotFoundError: No module named 'kubernetes'
[2026-07-20T06:43:47.842+0000] {logging_mixin.py:188} INFO - [2026-07-20T06:43:47.841+0000] {example_local_kubernetes_executor.py:41} WARNING - Install Kubernetes dependencies with: pip install apache-airflow[cncf.kubernetes]
[2026-07-20T06:43:47.842+0000] {processor.py:842} WARNING - No viable dags retrieved from /workspaces/recomart-recommendation-pipeline/airflow_venv/lib/python3.12/site-packages/airflow/example_dags/example_local_kubernetes_executor.py
[2026-07-20T06:43:47.854+0000] {processor.py:183} INFO - Processing /workspaces/recomart-recommendation-pipeline/airflow_venv/lib/python3.12/site-packages/airflow/example_dags/example_local_kubernetes_executor.py took 0.028 seconds
[2026-07-20T06:44:36.935+0000] {processor.py:161} INFO - Started process (PID=82634) to work on /workspaces/recomart-recommendation-pipeline/airflow_venv/lib/python3.12/site-packages/airflow/example_dags/example_local_kubernetes_executor.py
[2026-07-20T06:44:36.936+0000] {processor.py:830} INFO - Processing file /workspaces/recomart-recommendation-pipeline/airflow_venv/lib/python3.12/site-packages/airflow/example_dags/example_local_kubernetes_executor.py for tasks to queue
[2026-07-20T06:44:36.937+0000] {logging_mixin.py:188} INFO - [2026-07-20T06:44:36.937+0000] {dagbag.py:545} INFO - Filling up the DagBag from /workspaces/recomart-recommendation-pipeline/airflow_venv/lib/python3.12/site-packages/airflow/example_dags/example_local_kubernetes_executor.py
[2026-07-20T06:44:36.940+0000] {logging_mixin.py:188} INFO - [2026-07-20T06:44:36.939+0000] {example_local_kubernetes_executor.py:40} WARNING - Could not import DAGs in example_local_kubernetes_executor.py
Traceback (most recent call last):
  File "/workspaces/recomart-recommendation-pipeline/airflow_venv/lib/python3.12/site-packages/airflow/example_dags/example_local_kubernetes_executor.py", line 38, in <module>
    from kubernetes.client import models as k8s
ModuleNotFoundError: No module named 'kubernetes'
[2026-07-20T06:44:36.940+0000] {logging_mixin.py:188} INFO - [2026-07-20T06:44:36.940+0000] {example_local_kubernetes_executor.py:41} WARNING - Install Kubernetes dependencies with: pip install apache-airflow[cncf.kubernetes]
[2026-07-20T06:44:36.940+0000] {processor.py:842} WARNING - No viable dags retrieved from /workspaces/recomart-recommendation-pipeline/airflow_venv/lib/python3.12/site-packages/airflow/example_dags/example_local_kubernetes_executor.py
[2026-07-20T06:44:36.948+0000] {processor.py:183} INFO - Processing /workspaces/recomart-recommendation-pipeline/airflow_venv/lib/python3.12/site-packages/airflow/example_dags/example_local_kubernetes_executor.py took 0.017 seconds
[2026-07-20T06:45:36.563+0000] {processor.py:161} INFO - Started process (PID=83117) to work on /workspaces/recomart-recommendation-pipeline/airflow_venv/lib/python3.12/site-packages/airflow/example_dags/example_local_kubernetes_executor.py
[2026-07-20T06:45:36.564+0000] {processor.py:830} INFO - Processing file /workspaces/recomart-recommendation-pipeline/airflow_venv/lib/python3.12/site-packages/airflow/example_dags/example_local_kubernetes_executor.py for tasks to queue
[2026-07-20T06:45:36.565+0000] {logging_mixin.py:188} INFO - [2026-07-20T06:45:36.565+0000] {dagbag.py:545} INFO - Filling up the DagBag from /workspaces/recomart-recommendation-pipeline/airflow_venv/lib/python3.12/site-packages/airflow/example_dags/example_local_kubernetes_executor.py
[2026-07-20T06:45:36.568+0000] {logging_mixin.py:188} INFO - [2026-07-20T06:45:36.567+0000] {example_local_kubernetes_executor.py:40} WARNING - Could not import DAGs in example_local_kubernetes_executor.py
Traceback (most recent call last):
  File "/workspaces/recomart-recommendation-pipeline/airflow_venv/lib/python3.12/site-packages/airflow/example_dags/example_local_kubernetes_executor.py", line 38, in <module>
    from kubernetes.client import models as k8s
ModuleNotFoundError: No module named 'kubernetes'
[2026-07-20T06:45:36.568+0000] {logging_mixin.py:188} INFO - [2026-07-20T06:45:36.568+0000] {example_local_kubernetes_executor.py:41} WARNING - Install Kubernetes dependencies with: pip install apache-airflow[cncf.kubernetes]
[2026-07-20T06:45:36.568+0000] {processor.py:842} WARNING - No viable dags retrieved from /workspaces/recomart-recommendation-pipeline/airflow_venv/lib/python3.12/site-packages/airflow/example_dags/example_local_kubernetes_executor.py
[2026-07-20T06:45:36.578+0000] {processor.py:183} INFO - Processing /workspaces/recomart-recommendation-pipeline/airflow_venv/lib/python3.12/site-packages/airflow/example_dags/example_local_kubernetes_executor.py took 0.021 seconds
[2026-07-20T06:46:45.302+0000] {processor.py:161} INFO - Started process (PID=83809) to work on /workspaces/recomart-recommendation-pipeline/airflow_venv/lib/python3.12/site-packages/airflow/example_dags/example_local_kubernetes_executor.py
[2026-07-20T06:46:45.303+0000] {processor.py:830} INFO - Processing file /workspaces/recomart-recommendation-pipeline/airflow_venv/lib/python3.12/site-packages/airflow/example_dags/example_local_kubernetes_executor.py for tasks to queue
[2026-07-20T06:46:45.304+0000] {logging_mixin.py:188} INFO - [2026-07-20T06:46:45.304+0000] {dagbag.py:545} INFO - Filling up the DagBag from /workspaces/recomart-recommendation-pipeline/airflow_venv/lib/python3.12/site-packages/airflow/example_dags/example_local_kubernetes_executor.py
[2026-07-20T06:46:45.307+0000] {logging_mixin.py:188} INFO - [2026-07-20T06:46:45.306+0000] {example_local_kubernetes_executor.py:40} WARNING - Could not import DAGs in example_local_kubernetes_executor.py
Traceback (most recent call last):
  File "/workspaces/recomart-recommendation-pipeline/airflow_venv/lib/python3.12/site-packages/airflow/example_dags/example_local_kubernetes_executor.py", line 38, in <module>
    from kubernetes.client import models as k8s
ModuleNotFoundError: No module named 'kubernetes'
[2026-07-20T06:46:45.307+0000] {logging_mixin.py:188} INFO - [2026-07-20T06:46:45.307+0000] {example_local_kubernetes_executor.py:41} WARNING - Install Kubernetes dependencies with: pip install apache-airflow[cncf.kubernetes]
[2026-07-20T06:46:45.307+0000] {processor.py:842} WARNING - No viable dags retrieved from /workspaces/recomart-recommendation-pipeline/airflow_venv/lib/python3.12/site-packages/airflow/example_dags/example_local_kubernetes_executor.py
[2026-07-20T06:46:45.315+0000] {processor.py:183} INFO - Processing /workspaces/recomart-recommendation-pipeline/airflow_venv/lib/python3.12/site-packages/airflow/example_dags/example_local_kubernetes_executor.py took 0.017 seconds
[2026-07-20T06:47:47.159+0000] {processor.py:161} INFO - Started process (PID=84320) to work on /workspaces/recomart-recommendation-pipeline/airflow_venv/lib/python3.12/site-packages/airflow/example_dags/example_local_kubernetes_executor.py
[2026-07-20T06:47:47.160+0000] {processor.py:830} INFO - Processing file /workspaces/recomart-recommendation-pipeline/airflow_venv/lib/python3.12/site-packages/airflow/example_dags/example_local_kubernetes_executor.py for tasks to queue
[2026-07-20T06:47:47.161+0000] {logging_mixin.py:188} INFO - [2026-07-20T06:47:47.161+0000] {dagbag.py:545} INFO - Filling up the DagBag from /workspaces/recomart-recommendation-pipeline/airflow_venv/lib/python3.12/site-packages/airflow/example_dags/example_local_kubernetes_executor.py
[2026-07-20T06:47:47.164+0000] {logging_mixin.py:188} INFO - [2026-07-20T06:47:47.163+0000] {example_local_kubernetes_executor.py:40} WARNING - Could not import DAGs in example_local_kubernetes_executor.py
Traceback (most recent call last):
  File "/workspaces/recomart-recommendation-pipeline/airflow_venv/lib/python3.12/site-packages/airflow/example_dags/example_local_kubernetes_executor.py", line 38, in <module>
    from kubernetes.client import models as k8s
ModuleNotFoundError: No module named 'kubernetes'
[2026-07-20T06:47:47.164+0000] {logging_mixin.py:188} INFO - [2026-07-20T06:47:47.164+0000] {example_local_kubernetes_executor.py:41} WARNING - Install Kubernetes dependencies with: pip install apache-airflow[cncf.kubernetes]
[2026-07-20T06:47:47.164+0000] {processor.py:842} WARNING - No viable dags retrieved from /workspaces/recomart-recommendation-pipeline/airflow_venv/lib/python3.12/site-packages/airflow/example_dags/example_local_kubernetes_executor.py
[2026-07-20T06:47:47.173+0000] {processor.py:183} INFO - Processing /workspaces/recomart-recommendation-pipeline/airflow_venv/lib/python3.12/site-packages/airflow/example_dags/example_local_kubernetes_executor.py took 0.018 seconds
[2026-07-20T06:48:51.340+0000] {processor.py:161} INFO - Started process (PID=84837) to work on /workspaces/recomart-recommendation-pipeline/airflow_venv/lib/python3.12/site-packages/airflow/example_dags/example_local_kubernetes_executor.py
[2026-07-20T06:48:51.341+0000] {processor.py:830} INFO - Processing file /workspaces/recomart-recommendation-pipeline/airflow_venv/lib/python3.12/site-packages/airflow/example_dags/example_local_kubernetes_executor.py for tasks to queue
[2026-07-20T06:48:51.343+0000] {logging_mixin.py:188} INFO - [2026-07-20T06:48:51.342+0000] {dagbag.py:545} INFO - Filling up the DagBag from /workspaces/recomart-recommendation-pipeline/airflow_venv/lib/python3.12/site-packages/airflow/example_dags/example_local_kubernetes_executor.py
[2026-07-20T06:48:51.346+0000] {logging_mixin.py:188} INFO - [2026-07-20T06:48:51.345+0000] {example_local_kubernetes_executor.py:40} WARNING - Could not import DAGs in example_local_kubernetes_executor.py
Traceback (most recent call last):
  File "/workspaces/recomart-recommendation-pipeline/airflow_venv/lib/python3.12/site-packages/airflow/example_dags/example_local_kubernetes_executor.py", line 38, in <module>
    from kubernetes.client import models as k8s
ModuleNotFoundError: No module named 'kubernetes'
[2026-07-20T06:48:51.347+0000] {logging_mixin.py:188} INFO - [2026-07-20T06:48:51.347+0000] {example_local_kubernetes_executor.py:41} WARNING - Install Kubernetes dependencies with: pip install apache-airflow[cncf.kubernetes]
[2026-07-20T06:48:51.347+0000] {processor.py:842} WARNING - No viable dags retrieved from /workspaces/recomart-recommendation-pipeline/airflow_venv/lib/python3.12/site-packages/airflow/example_dags/example_local_kubernetes_executor.py
[2026-07-20T06:48:51.358+0000] {processor.py:183} INFO - Processing /workspaces/recomart-recommendation-pipeline/airflow_venv/lib/python3.12/site-packages/airflow/example_dags/example_local_kubernetes_executor.py took 0.024 seconds
[2026-07-20T06:49:53.598+0000] {processor.py:161} INFO - Started process (PID=85492) to work on /workspaces/recomart-recommendation-pipeline/airflow_venv/lib/python3.12/site-packages/airflow/example_dags/example_local_kubernetes_executor.py
[2026-07-20T06:49:53.599+0000] {processor.py:830} INFO - Processing file /workspaces/recomart-recommendation-pipeline/airflow_venv/lib/python3.12/site-packages/airflow/example_dags/example_local_kubernetes_executor.py for tasks to queue
[2026-07-20T06:49:53.601+0000] {logging_mixin.py:188} INFO - [2026-07-20T06:49:53.600+0000] {dagbag.py:545} INFO - Filling up the DagBag from /workspaces/recomart-recommendation-pipeline/airflow_venv/lib/python3.12/site-packages/airflow/example_dags/example_local_kubernetes_executor.py
[2026-07-20T06:49:53.604+0000] {logging_mixin.py:188} INFO - [2026-07-20T06:49:53.603+0000] {example_local_kubernetes_executor.py:40} WARNING - Could not import DAGs in example_local_kubernetes_executor.py
Traceback (most recent call last):
  File "/workspaces/recomart-recommendation-pipeline/airflow_venv/lib/python3.12/site-packages/airflow/example_dags/example_local_kubernetes_executor.py", line 38, in <module>
    from kubernetes.client import models as k8s
ModuleNotFoundError: No module named 'kubernetes'
[2026-07-20T06:49:53.605+0000] {logging_mixin.py:188} INFO - [2026-07-20T06:49:53.605+0000] {example_local_kubernetes_executor.py:41} WARNING - Install Kubernetes dependencies with: pip install apache-airflow[cncf.kubernetes]
[2026-07-20T06:49:53.605+0000] {processor.py:842} WARNING - No viable dags retrieved from /workspaces/recomart-recommendation-pipeline/airflow_venv/lib/python3.12/site-packages/airflow/example_dags/example_local_kubernetes_executor.py
[2026-07-20T06:49:53.617+0000] {processor.py:183} INFO - Processing /workspaces/recomart-recommendation-pipeline/airflow_venv/lib/python3.12/site-packages/airflow/example_dags/example_local_kubernetes_executor.py took 0.030 seconds
[2026-07-20T06:51:00.756+0000] {processor.py:161} INFO - Started process (PID=86274) to work on /workspaces/recomart-recommendation-pipeline/airflow_venv/lib/python3.12/site-packages/airflow/example_dags/example_local_kubernetes_executor.py
[2026-07-20T06:51:00.756+0000] {processor.py:830} INFO - Processing file /workspaces/recomart-recommendation-pipeline/airflow_venv/lib/python3.12/site-packages/airflow/example_dags/example_local_kubernetes_executor.py for tasks to queue
[2026-07-20T06:51:00.758+0000] {logging_mixin.py:188} INFO - [2026-07-20T06:51:00.757+0000] {dagbag.py:545} INFO - Filling up the DagBag from /workspaces/recomart-recommendation-pipeline/airflow_venv/lib/python3.12/site-packages/airflow/example_dags/example_local_kubernetes_executor.py
[2026-07-20T06:51:00.760+0000] {logging_mixin.py:188} INFO - [2026-07-20T06:51:00.760+0000] {example_local_kubernetes_executor.py:40} WARNING - Could not import DAGs in example_local_kubernetes_executor.py
Traceback (most recent call last):
  File "/workspaces/recomart-recommendation-pipeline/airflow_venv/lib/python3.12/site-packages/airflow/example_dags/example_local_kubernetes_executor.py", line 38, in <module>
    from kubernetes.client import models as k8s
ModuleNotFoundError: No module named 'kubernetes'
[2026-07-20T06:51:00.761+0000] {logging_mixin.py:188} INFO - [2026-07-20T06:51:00.760+0000] {example_local_kubernetes_executor.py:41} WARNING - Install Kubernetes dependencies with: pip install apache-airflow[cncf.kubernetes]
[2026-07-20T06:51:00.761+0000] {processor.py:842} WARNING - No viable dags retrieved from /workspaces/recomart-recommendation-pipeline/airflow_venv/lib/python3.12/site-packages/airflow/example_dags/example_local_kubernetes_executor.py
[2026-07-20T06:51:00.770+0000] {processor.py:183} INFO - Processing /workspaces/recomart-recommendation-pipeline/airflow_venv/lib/python3.12/site-packages/airflow/example_dags/example_local_kubernetes_executor.py took 0.019 seconds
[2026-07-20T06:58:16.239+0000] {processor.py:161} INFO - Started process (PID=89787) to work on /workspaces/recomart-recommendation-pipeline/airflow_venv/lib/python3.12/site-packages/airflow/example_dags/example_local_kubernetes_executor.py
[2026-07-20T06:58:16.240+0000] {processor.py:830} INFO - Processing file /workspaces/recomart-recommendation-pipeline/airflow_venv/lib/python3.12/site-packages/airflow/example_dags/example_local_kubernetes_executor.py for tasks to queue
[2026-07-20T06:58:16.241+0000] {logging_mixin.py:188} INFO - [2026-07-20T06:58:16.241+0000] {dagbag.py:545} INFO - Filling up the DagBag from /workspaces/recomart-recommendation-pipeline/airflow_venv/lib/python3.12/site-packages/airflow/example_dags/example_local_kubernetes_executor.py
[2026-07-20T06:58:16.244+0000] {logging_mixin.py:188} INFO - [2026-07-20T06:58:16.243+0000] {example_local_kubernetes_executor.py:40} WARNING - Could not import DAGs in example_local_kubernetes_executor.py
Traceback (most recent call last):
  File "/workspaces/recomart-recommendation-pipeline/airflow_venv/lib/python3.12/site-packages/airflow/example_dags/example_local_kubernetes_executor.py", line 38, in <module>
    from kubernetes.client import models as k8s
ModuleNotFoundError: No module named 'kubernetes'
[2026-07-20T06:58:16.244+0000] {logging_mixin.py:188} INFO - [2026-07-20T06:58:16.244+0000] {example_local_kubernetes_executor.py:41} WARNING - Install Kubernetes dependencies with: pip install apache-airflow[cncf.kubernetes]
[2026-07-20T06:58:16.244+0000] {processor.py:842} WARNING - No viable dags retrieved from /workspaces/recomart-recommendation-pipeline/airflow_venv/lib/python3.12/site-packages/airflow/example_dags/example_local_kubernetes_executor.py
[2026-07-20T06:58:16.252+0000] {processor.py:183} INFO - Processing /workspaces/recomart-recommendation-pipeline/airflow_venv/lib/python3.12/site-packages/airflow/example_dags/example_local_kubernetes_executor.py took 0.017 seconds
[2026-07-20T06:59:52.553+0000] {processor.py:161} INFO - Started process (PID=91332) to work on /workspaces/recomart-recommendation-pipeline/airflow_venv/lib/python3.12/site-packages/airflow/example_dags/example_local_kubernetes_executor.py
[2026-07-20T06:59:52.554+0000] {processor.py:830} INFO - Processing file /workspaces/recomart-recommendation-pipeline/airflow_venv/lib/python3.12/site-packages/airflow/example_dags/example_local_kubernetes_executor.py for tasks to queue
[2026-07-20T06:59:52.556+0000] {logging_mixin.py:188} INFO - [2026-07-20T06:59:52.555+0000] {dagbag.py:545} INFO - Filling up the DagBag from /workspaces/recomart-recommendation-pipeline/airflow_venv/lib/python3.12/site-packages/airflow/example_dags/example_local_kubernetes_executor.py
[2026-07-20T06:59:52.559+0000] {logging_mixin.py:188} INFO - [2026-07-20T06:59:52.558+0000] {example_local_kubernetes_executor.py:40} WARNING - Could not import DAGs in example_local_kubernetes_executor.py
Traceback (most recent call last):
  File "/workspaces/recomart-recommendation-pipeline/airflow_venv/lib/python3.12/site-packages/airflow/example_dags/example_local_kubernetes_executor.py", line 38, in <module>
    from kubernetes.client import models as k8s
ModuleNotFoundError: No module named 'kubernetes'
[2026-07-20T06:59:52.559+0000] {logging_mixin.py:188} INFO - [2026-07-20T06:59:52.559+0000] {example_local_kubernetes_executor.py:41} WARNING - Install Kubernetes dependencies with: pip install apache-airflow[cncf.kubernetes]
[2026-07-20T06:59:52.559+0000] {processor.py:842} WARNING - No viable dags retrieved from /workspaces/recomart-recommendation-pipeline/airflow_venv/lib/python3.12/site-packages/airflow/example_dags/example_local_kubernetes_executor.py
[2026-07-20T06:59:52.569+0000] {processor.py:183} INFO - Processing /workspaces/recomart-recommendation-pipeline/airflow_venv/lib/python3.12/site-packages/airflow/example_dags/example_local_kubernetes_executor.py took 0.023 seconds
[2026-07-20T07:00:44.723+0000] {processor.py:161} INFO - Started process (PID=91937) to work on /workspaces/recomart-recommendation-pipeline/airflow_venv/lib/python3.12/site-packages/airflow/example_dags/example_local_kubernetes_executor.py
[2026-07-20T07:00:44.724+0000] {processor.py:830} INFO - Processing file /workspaces/recomart-recommendation-pipeline/airflow_venv/lib/python3.12/site-packages/airflow/example_dags/example_local_kubernetes_executor.py for tasks to queue
[2026-07-20T07:00:44.725+0000] {logging_mixin.py:188} INFO - [2026-07-20T07:00:44.725+0000] {dagbag.py:545} INFO - Filling up the DagBag from /workspaces/recomart-recommendation-pipeline/airflow_venv/lib/python3.12/site-packages/airflow/example_dags/example_local_kubernetes_executor.py
[2026-07-20T07:00:44.728+0000] {logging_mixin.py:188} INFO - [2026-07-20T07:00:44.727+0000] {example_local_kubernetes_executor.py:40} WARNING - Could not import DAGs in example_local_kubernetes_executor.py
Traceback (most recent call last):
  File "/workspaces/recomart-recommendation-pipeline/airflow_venv/lib/python3.12/site-packages/airflow/example_dags/example_local_kubernetes_executor.py", line 38, in <module>
    from kubernetes.client import models as k8s
ModuleNotFoundError: No module named 'kubernetes'
[2026-07-20T07:00:44.728+0000] {logging_mixin.py:188} INFO - [2026-07-20T07:00:44.728+0000] {example_local_kubernetes_executor.py:41} WARNING - Install Kubernetes dependencies with: pip install apache-airflow[cncf.kubernetes]
[2026-07-20T07:00:44.728+0000] {processor.py:842} WARNING - No viable dags retrieved from /workspaces/recomart-recommendation-pipeline/airflow_venv/lib/python3.12/site-packages/airflow/example_dags/example_local_kubernetes_executor.py
[2026-07-20T07:00:44.736+0000] {processor.py:183} INFO - Processing /workspaces/recomart-recommendation-pipeline/airflow_venv/lib/python3.12/site-packages/airflow/example_dags/example_local_kubernetes_executor.py took 0.017 seconds
[2026-07-20T07:01:36.075+0000] {processor.py:161} INFO - Started process (PID=92329) to work on /workspaces/recomart-recommendation-pipeline/airflow_venv/lib/python3.12/site-packages/airflow/example_dags/example_local_kubernetes_executor.py
[2026-07-20T07:01:36.076+0000] {processor.py:830} INFO - Processing file /workspaces/recomart-recommendation-pipeline/airflow_venv/lib/python3.12/site-packages/airflow/example_dags/example_local_kubernetes_executor.py for tasks to queue
[2026-07-20T07:01:36.078+0000] {logging_mixin.py:188} INFO - [2026-07-20T07:01:36.077+0000] {dagbag.py:545} INFO - Filling up the DagBag from /workspaces/recomart-recommendation-pipeline/airflow_venv/lib/python3.12/site-packages/airflow/example_dags/example_local_kubernetes_executor.py
[2026-07-20T07:01:36.081+0000] {logging_mixin.py:188} INFO - [2026-07-20T07:01:36.080+0000] {example_local_kubernetes_executor.py:40} WARNING - Could not import DAGs in example_local_kubernetes_executor.py
Traceback (most recent call last):
  File "/workspaces/recomart-recommendation-pipeline/airflow_venv/lib/python3.12/site-packages/airflow/example_dags/example_local_kubernetes_executor.py", line 38, in <module>
    from kubernetes.client import models as k8s
ModuleNotFoundError: No module named 'kubernetes'
[2026-07-20T07:01:36.081+0000] {logging_mixin.py:188} INFO - [2026-07-20T07:01:36.081+0000] {example_local_kubernetes_executor.py:41} WARNING - Install Kubernetes dependencies with: pip install apache-airflow[cncf.kubernetes]
[2026-07-20T07:01:36.081+0000] {processor.py:842} WARNING - No viable dags retrieved from /workspaces/recomart-recommendation-pipeline/airflow_venv/lib/python3.12/site-packages/airflow/example_dags/example_local_kubernetes_executor.py
[2026-07-20T07:01:36.091+0000] {processor.py:183} INFO - Processing /workspaces/recomart-recommendation-pipeline/airflow_venv/lib/python3.12/site-packages/airflow/example_dags/example_local_kubernetes_executor.py took 0.021 seconds
