[2026-07-20T05:59:21.650+0000] {processor.py:161} INFO - Started process (PID=58305) to work on /workspaces/recomart-recommendation-pipeline/airflow_venv/lib/python3.12/site-packages/airflow/example_dags/example_display_name.py
[2026-07-20T05:59:21.650+0000] {processor.py:830} INFO - Processing file /workspaces/recomart-recommendation-pipeline/airflow_venv/lib/python3.12/site-packages/airflow/example_dags/example_display_name.py for tasks to queue
[2026-07-20T05:59:21.652+0000] {logging_mixin.py:188} INFO - [2026-07-20T05:59:21.651+0000] {dagbag.py:545} INFO - Filling up the DagBag from /workspaces/recomart-recommendation-pipeline/airflow_venv/lib/python3.12/site-packages/airflow/example_dags/example_display_name.py
[2026-07-20T05:59:21.656+0000] {processor.py:840} INFO - DAG(s) 'example_display_name' retrieved from /workspaces/recomart-recommendation-pipeline/airflow_venv/lib/python3.12/site-packages/airflow/example_dags/example_display_name.py
[2026-07-20T05:59:21.754+0000] {logging_mixin.py:188} INFO - [2026-07-20T05:59:21.753+0000] {override.py:1858} INFO - Created Permission View: can read on DAG:example_display_name
[2026-07-20T05:59:21.762+0000] {logging_mixin.py:188} INFO - [2026-07-20T05:59:21.762+0000] {override.py:1858} INFO - Created Permission View: can edit on DAG:example_display_name
[2026-07-20T05:59:21.769+0000] {logging_mixin.py:188} INFO - [2026-07-20T05:59:21.769+0000] {override.py:1858} INFO - Created Permission View: can delete on DAG:example_display_name
[2026-07-20T05:59:21.770+0000] {logging_mixin.py:188} INFO - [2026-07-20T05:59:21.769+0000] {dag.py:3089} INFO - Sync 1 DAGs
[2026-07-20T05:59:21.780+0000] {logging_mixin.py:188} INFO - [2026-07-20T05:59:21.779+0000] {dag.py:3111} INFO - Creating ORM DAG for example_display_name
[2026-07-20T05:59:21.780+0000] {logging_mixin.py:188} INFO - [2026-07-20T05:59:21.780+0000] {dag.py:3947} INFO - Setting next_dagrun for example_display_name to None, run_after=None
[2026-07-20T05:59:21.800+0000] {processor.py:183} INFO - Processing /workspaces/recomart-recommendation-pipeline/airflow_venv/lib/python3.12/site-packages/airflow/example_dags/example_display_name.py took 0.154 seconds
[2026-07-20T06:00:15.826+0000] {processor.py:161} INFO - Started process (PID=58763) to work on /workspaces/recomart-recommendation-pipeline/airflow_venv/lib/python3.12/site-packages/airflow/example_dags/example_display_name.py
[2026-07-20T06:00:15.826+0000] {processor.py:830} INFO - Processing file /workspaces/recomart-recommendation-pipeline/airflow_venv/lib/python3.12/site-packages/airflow/example_dags/example_display_name.py for tasks to queue
[2026-07-20T06:00:15.828+0000] {logging_mixin.py:188} INFO - [2026-07-20T06:00:15.827+0000] {dagbag.py:545} INFO - Filling up the DagBag from /workspaces/recomart-recommendation-pipeline/airflow_venv/lib/python3.12/site-packages/airflow/example_dags/example_display_name.py
[2026-07-20T06:00:15.832+0000] {processor.py:840} INFO - DAG(s) 'example_display_name' retrieved from /workspaces/recomart-recommendation-pipeline/airflow_venv/lib/python3.12/site-packages/airflow/example_dags/example_display_name.py
[2026-07-20T06:00:15.846+0000] {logging_mixin.py:188} INFO - [2026-07-20T06:00:15.846+0000] {dag.py:3089} INFO - Sync 1 DAGs
[2026-07-20T06:00:15.858+0000] {logging_mixin.py:188} INFO - [2026-07-20T06:00:15.858+0000] {dag.py:3947} INFO - Setting next_dagrun for example_display_name to None, run_after=None
[2026-07-20T06:00:15.877+0000] {processor.py:183} INFO - Processing /workspaces/recomart-recommendation-pipeline/airflow_venv/lib/python3.12/site-packages/airflow/example_dags/example_display_name.py took 0.056 seconds
[2026-07-20T06:01:06.554+0000] {processor.py:161} INFO - Started process (PID=59297) to work on /workspaces/recomart-recommendation-pipeline/airflow_venv/lib/python3.12/site-packages/airflow/example_dags/example_display_name.py
[2026-07-20T06:01:06.555+0000] {processor.py:830} INFO - Processing file /workspaces/recomart-recommendation-pipeline/airflow_venv/lib/python3.12/site-packages/airflow/example_dags/example_display_name.py for tasks to queue
[2026-07-20T06:01:06.556+0000] {logging_mixin.py:188} INFO - [2026-07-20T06:01:06.556+0000] {dagbag.py:545} INFO - Filling up the DagBag from /workspaces/recomart-recommendation-pipeline/airflow_venv/lib/python3.12/site-packages/airflow/example_dags/example_display_name.py
[2026-07-20T06:01:06.560+0000] {processor.py:840} INFO - DAG(s) 'example_display_name' retrieved from /workspaces/recomart-recommendation-pipeline/airflow_venv/lib/python3.12/site-packages/airflow/example_dags/example_display_name.py
[2026-07-20T06:01:06.571+0000] {logging_mixin.py:188} INFO - [2026-07-20T06:01:06.571+0000] {dag.py:3089} INFO - Sync 1 DAGs
[2026-07-20T06:01:06.580+0000] {logging_mixin.py:188} INFO - [2026-07-20T06:01:06.580+0000] {dag.py:3947} INFO - Setting next_dagrun for example_display_name to None, run_after=None
[2026-07-20T06:01:06.597+0000] {processor.py:183} INFO - Processing /workspaces/recomart-recommendation-pipeline/airflow_venv/lib/python3.12/site-packages/airflow/example_dags/example_display_name.py took 0.047 seconds
[2026-07-20T06:02:10.546+0000] {processor.py:161} INFO - Started process (PID=60014) to work on /workspaces/recomart-recommendation-pipeline/airflow_venv/lib/python3.12/site-packages/airflow/example_dags/example_display_name.py
[2026-07-20T06:02:10.547+0000] {processor.py:830} INFO - Processing file /workspaces/recomart-recommendation-pipeline/airflow_venv/lib/python3.12/site-packages/airflow/example_dags/example_display_name.py for tasks to queue
[2026-07-20T06:02:10.548+0000] {logging_mixin.py:188} INFO - [2026-07-20T06:02:10.548+0000] {dagbag.py:545} INFO - Filling up the DagBag from /workspaces/recomart-recommendation-pipeline/airflow_venv/lib/python3.12/site-packages/airflow/example_dags/example_display_name.py
[2026-07-20T06:02:10.553+0000] {processor.py:840} INFO - DAG(s) 'example_display_name' retrieved from /workspaces/recomart-recommendation-pipeline/airflow_venv/lib/python3.12/site-packages/airflow/example_dags/example_display_name.py
[2026-07-20T06:02:10.564+0000] {logging_mixin.py:188} INFO - [2026-07-20T06:02:10.564+0000] {dag.py:3089} INFO - Sync 1 DAGs
[2026-07-20T06:02:10.574+0000] {logging_mixin.py:188} INFO - [2026-07-20T06:02:10.574+0000] {dag.py:3947} INFO - Setting next_dagrun for example_display_name to None, run_after=None
[2026-07-20T06:02:10.594+0000] {processor.py:183} INFO - Processing /workspaces/recomart-recommendation-pipeline/airflow_venv/lib/python3.12/site-packages/airflow/example_dags/example_display_name.py took 0.052 seconds
[2026-07-20T06:03:15.368+0000] {processor.py:161} INFO - Started process (PID=60537) to work on /workspaces/recomart-recommendation-pipeline/airflow_venv/lib/python3.12/site-packages/airflow/example_dags/example_display_name.py
[2026-07-20T06:03:15.370+0000] {processor.py:830} INFO - Processing file /workspaces/recomart-recommendation-pipeline/airflow_venv/lib/python3.12/site-packages/airflow/example_dags/example_display_name.py for tasks to queue
[2026-07-20T06:03:15.372+0000] {logging_mixin.py:188} INFO - [2026-07-20T06:03:15.371+0000] {dagbag.py:545} INFO - Filling up the DagBag from /workspaces/recomart-recommendation-pipeline/airflow_venv/lib/python3.12/site-packages/airflow/example_dags/example_display_name.py
[2026-07-20T06:03:15.378+0000] {processor.py:840} INFO - DAG(s) 'example_display_name' retrieved from /workspaces/recomart-recommendation-pipeline/airflow_venv/lib/python3.12/site-packages/airflow/example_dags/example_display_name.py
[2026-07-20T06:03:15.394+0000] {logging_mixin.py:188} INFO - [2026-07-20T06:03:15.394+0000] {dag.py:3089} INFO - Sync 1 DAGs
[2026-07-20T06:03:15.411+0000] {logging_mixin.py:188} INFO - [2026-07-20T06:03:15.411+0000] {dag.py:3947} INFO - Setting next_dagrun for example_display_name to None, run_after=None
[2026-07-20T06:03:15.442+0000] {processor.py:183} INFO - Processing /workspaces/recomart-recommendation-pipeline/airflow_venv/lib/python3.12/site-packages/airflow/example_dags/example_display_name.py took 0.079 seconds
[2026-07-20T06:04:19.240+0000] {processor.py:161} INFO - Started process (PID=61112) to work on /workspaces/recomart-recommendation-pipeline/airflow_venv/lib/python3.12/site-packages/airflow/example_dags/example_display_name.py
[2026-07-20T06:04:19.241+0000] {processor.py:830} INFO - Processing file /workspaces/recomart-recommendation-pipeline/airflow_venv/lib/python3.12/site-packages/airflow/example_dags/example_display_name.py for tasks to queue
[2026-07-20T06:04:19.242+0000] {logging_mixin.py:188} INFO - [2026-07-20T06:04:19.242+0000] {dagbag.py:545} INFO - Filling up the DagBag from /workspaces/recomart-recommendation-pipeline/airflow_venv/lib/python3.12/site-packages/airflow/example_dags/example_display_name.py
[2026-07-20T06:04:19.247+0000] {processor.py:840} INFO - DAG(s) 'example_display_name' retrieved from /workspaces/recomart-recommendation-pipeline/airflow_venv/lib/python3.12/site-packages/airflow/example_dags/example_display_name.py
[2026-07-20T06:04:19.257+0000] {logging_mixin.py:188} INFO - [2026-07-20T06:04:19.257+0000] {dag.py:3089} INFO - Sync 1 DAGs
[2026-07-20T06:04:19.267+0000] {logging_mixin.py:188} INFO - [2026-07-20T06:04:19.267+0000] {dag.py:3947} INFO - Setting next_dagrun for example_display_name to None, run_after=None
[2026-07-20T06:04:19.289+0000] {processor.py:183} INFO - Processing /workspaces/recomart-recommendation-pipeline/airflow_venv/lib/python3.12/site-packages/airflow/example_dags/example_display_name.py took 0.053 seconds
[2026-07-20T06:05:08.731+0000] {processor.py:161} INFO - Started process (PID=61530) to work on /workspaces/recomart-recommendation-pipeline/airflow_venv/lib/python3.12/site-packages/airflow/example_dags/example_display_name.py
[2026-07-20T06:05:08.732+0000] {processor.py:830} INFO - Processing file /workspaces/recomart-recommendation-pipeline/airflow_venv/lib/python3.12/site-packages/airflow/example_dags/example_display_name.py for tasks to queue
[2026-07-20T06:05:08.734+0000] {logging_mixin.py:188} INFO - [2026-07-20T06:05:08.733+0000] {dagbag.py:545} INFO - Filling up the DagBag from /workspaces/recomart-recommendation-pipeline/airflow_venv/lib/python3.12/site-packages/airflow/example_dags/example_display_name.py
[2026-07-20T06:05:08.739+0000] {processor.py:840} INFO - DAG(s) 'example_display_name' retrieved from /workspaces/recomart-recommendation-pipeline/airflow_venv/lib/python3.12/site-packages/airflow/example_dags/example_display_name.py
[2026-07-20T06:05:08.750+0000] {logging_mixin.py:188} INFO - [2026-07-20T06:05:08.750+0000] {dag.py:3089} INFO - Sync 1 DAGs
[2026-07-20T06:05:08.759+0000] {logging_mixin.py:188} INFO - [2026-07-20T06:05:08.759+0000] {dag.py:3947} INFO - Setting next_dagrun for example_display_name to None, run_after=None
[2026-07-20T06:05:08.778+0000] {processor.py:183} INFO - Processing /workspaces/recomart-recommendation-pipeline/airflow_venv/lib/python3.12/site-packages/airflow/example_dags/example_display_name.py took 0.052 seconds
[2026-07-20T06:06:16.801+0000] {processor.py:161} INFO - Started process (PID=62091) to work on /workspaces/recomart-recommendation-pipeline/airflow_venv/lib/python3.12/site-packages/airflow/example_dags/example_display_name.py
[2026-07-20T06:06:16.802+0000] {processor.py:830} INFO - Processing file /workspaces/recomart-recommendation-pipeline/airflow_venv/lib/python3.12/site-packages/airflow/example_dags/example_display_name.py for tasks to queue
[2026-07-20T06:06:16.803+0000] {logging_mixin.py:188} INFO - [2026-07-20T06:06:16.803+0000] {dagbag.py:545} INFO - Filling up the DagBag from /workspaces/recomart-recommendation-pipeline/airflow_venv/lib/python3.12/site-packages/airflow/example_dags/example_display_name.py
[2026-07-20T06:06:16.808+0000] {processor.py:840} INFO - DAG(s) 'example_display_name' retrieved from /workspaces/recomart-recommendation-pipeline/airflow_venv/lib/python3.12/site-packages/airflow/example_dags/example_display_name.py
[2026-07-20T06:06:16.819+0000] {logging_mixin.py:188} INFO - [2026-07-20T06:06:16.819+0000] {dag.py:3089} INFO - Sync 1 DAGs
[2026-07-20T06:06:16.827+0000] {logging_mixin.py:188} INFO - [2026-07-20T06:06:16.827+0000] {dag.py:3947} INFO - Setting next_dagrun for example_display_name to None, run_after=None
[2026-07-20T06:06:16.844+0000] {processor.py:183} INFO - Processing /workspaces/recomart-recommendation-pipeline/airflow_venv/lib/python3.12/site-packages/airflow/example_dags/example_display_name.py took 0.046 seconds
[2026-07-20T06:07:28.194+0000] {processor.py:161} INFO - Started process (PID=62662) to work on /workspaces/recomart-recommendation-pipeline/airflow_venv/lib/python3.12/site-packages/airflow/example_dags/example_display_name.py
[2026-07-20T06:07:28.195+0000] {processor.py:830} INFO - Processing file /workspaces/recomart-recommendation-pipeline/airflow_venv/lib/python3.12/site-packages/airflow/example_dags/example_display_name.py for tasks to queue
[2026-07-20T06:07:28.198+0000] {logging_mixin.py:188} INFO - [2026-07-20T06:07:28.197+0000] {dagbag.py:545} INFO - Filling up the DagBag from /workspaces/recomart-recommendation-pipeline/airflow_venv/lib/python3.12/site-packages/airflow/example_dags/example_display_name.py
[2026-07-20T06:07:28.209+0000] {processor.py:840} INFO - DAG(s) 'example_display_name' retrieved from /workspaces/recomart-recommendation-pipeline/airflow_venv/lib/python3.12/site-packages/airflow/example_dags/example_display_name.py
[2026-07-20T06:07:28.225+0000] {logging_mixin.py:188} INFO - [2026-07-20T06:07:28.225+0000] {dag.py:3089} INFO - Sync 1 DAGs
[2026-07-20T06:07:28.249+0000] {logging_mixin.py:188} INFO - [2026-07-20T06:07:28.249+0000] {dag.py:3947} INFO - Setting next_dagrun for example_display_name to None, run_after=None
[2026-07-20T06:07:28.288+0000] {processor.py:183} INFO - Processing /workspaces/recomart-recommendation-pipeline/airflow_venv/lib/python3.12/site-packages/airflow/example_dags/example_display_name.py took 0.101 seconds
[2026-07-20T06:09:17.281+0000] {processor.py:161} INFO - Started process (PID=63736) to work on /workspaces/recomart-recommendation-pipeline/airflow_venv/lib/python3.12/site-packages/airflow/example_dags/example_display_name.py
[2026-07-20T06:09:17.282+0000] {processor.py:830} INFO - Processing file /workspaces/recomart-recommendation-pipeline/airflow_venv/lib/python3.12/site-packages/airflow/example_dags/example_display_name.py for tasks to queue
[2026-07-20T06:09:17.284+0000] {logging_mixin.py:188} INFO - [2026-07-20T06:09:17.283+0000] {dagbag.py:545} INFO - Filling up the DagBag from /workspaces/recomart-recommendation-pipeline/airflow_venv/lib/python3.12/site-packages/airflow/example_dags/example_display_name.py
[2026-07-20T06:09:17.290+0000] {processor.py:840} INFO - DAG(s) 'example_display_name' retrieved from /workspaces/recomart-recommendation-pipeline/airflow_venv/lib/python3.12/site-packages/airflow/example_dags/example_display_name.py
[2026-07-20T06:09:17.422+0000] {logging_mixin.py:188} INFO - [2026-07-20T06:09:17.421+0000] {dag.py:3089} INFO - Sync 1 DAGs
[2026-07-20T06:09:17.444+0000] {logging_mixin.py:188} INFO - [2026-07-20T06:09:17.444+0000] {dag.py:3947} INFO - Setting next_dagrun for example_display_name to None, run_after=None
[2026-07-20T06:09:17.470+0000] {processor.py:183} INFO - Processing /workspaces/recomart-recommendation-pipeline/airflow_venv/lib/python3.12/site-packages/airflow/example_dags/example_display_name.py took 0.194 seconds
[2026-07-20T06:10:12.442+0000] {processor.py:161} INFO - Started process (PID=64211) to work on /workspaces/recomart-recommendation-pipeline/airflow_venv/lib/python3.12/site-packages/airflow/example_dags/example_display_name.py
[2026-07-20T06:10:12.443+0000] {processor.py:830} INFO - Processing file /workspaces/recomart-recommendation-pipeline/airflow_venv/lib/python3.12/site-packages/airflow/example_dags/example_display_name.py for tasks to queue
[2026-07-20T06:10:12.444+0000] {logging_mixin.py:188} INFO - [2026-07-20T06:10:12.444+0000] {dagbag.py:545} INFO - Filling up the DagBag from /workspaces/recomart-recommendation-pipeline/airflow_venv/lib/python3.12/site-packages/airflow/example_dags/example_display_name.py
[2026-07-20T06:10:12.448+0000] {processor.py:840} INFO - DAG(s) 'example_display_name' retrieved from /workspaces/recomart-recommendation-pipeline/airflow_venv/lib/python3.12/site-packages/airflow/example_dags/example_display_name.py
[2026-07-20T06:10:12.460+0000] {logging_mixin.py:188} INFO - [2026-07-20T06:10:12.459+0000] {dag.py:3089} INFO - Sync 1 DAGs
[2026-07-20T06:10:12.468+0000] {logging_mixin.py:188} INFO - [2026-07-20T06:10:12.468+0000] {dag.py:3947} INFO - Setting next_dagrun for example_display_name to None, run_after=None
[2026-07-20T06:10:12.488+0000] {processor.py:183} INFO - Processing /workspaces/recomart-recommendation-pipeline/airflow_venv/lib/python3.12/site-packages/airflow/example_dags/example_display_name.py took 0.050 seconds
[2026-07-20T06:11:04.197+0000] {processor.py:161} INFO - Started process (PID=64642) to work on /workspaces/recomart-recommendation-pipeline/airflow_venv/lib/python3.12/site-packages/airflow/example_dags/example_display_name.py
[2026-07-20T06:11:04.197+0000] {processor.py:830} INFO - Processing file /workspaces/recomart-recommendation-pipeline/airflow_venv/lib/python3.12/site-packages/airflow/example_dags/example_display_name.py for tasks to queue
[2026-07-20T06:11:04.199+0000] {logging_mixin.py:188} INFO - [2026-07-20T06:11:04.198+0000] {dagbag.py:545} INFO - Filling up the DagBag from /workspaces/recomart-recommendation-pipeline/airflow_venv/lib/python3.12/site-packages/airflow/example_dags/example_display_name.py
[2026-07-20T06:11:04.203+0000] {processor.py:840} INFO - DAG(s) 'example_display_name' retrieved from /workspaces/recomart-recommendation-pipeline/airflow_venv/lib/python3.12/site-packages/airflow/example_dags/example_display_name.py
[2026-07-20T06:11:04.214+0000] {logging_mixin.py:188} INFO - [2026-07-20T06:11:04.214+0000] {dag.py:3089} INFO - Sync 1 DAGs
[2026-07-20T06:11:04.224+0000] {logging_mixin.py:188} INFO - [2026-07-20T06:11:04.223+0000] {dag.py:3947} INFO - Setting next_dagrun for example_display_name to None, run_after=None
[2026-07-20T06:11:04.241+0000] {processor.py:183} INFO - Processing /workspaces/recomart-recommendation-pipeline/airflow_venv/lib/python3.12/site-packages/airflow/example_dags/example_display_name.py took 0.049 seconds
[2026-07-20T06:12:07.206+0000] {processor.py:161} INFO - Started process (PID=65327) to work on /workspaces/recomart-recommendation-pipeline/airflow_venv/lib/python3.12/site-packages/airflow/example_dags/example_display_name.py
[2026-07-20T06:12:07.206+0000] {processor.py:830} INFO - Processing file /workspaces/recomart-recommendation-pipeline/airflow_venv/lib/python3.12/site-packages/airflow/example_dags/example_display_name.py for tasks to queue
[2026-07-20T06:12:07.208+0000] {logging_mixin.py:188} INFO - [2026-07-20T06:12:07.207+0000] {dagbag.py:545} INFO - Filling up the DagBag from /workspaces/recomart-recommendation-pipeline/airflow_venv/lib/python3.12/site-packages/airflow/example_dags/example_display_name.py
[2026-07-20T06:12:07.212+0000] {processor.py:840} INFO - DAG(s) 'example_display_name' retrieved from /workspaces/recomart-recommendation-pipeline/airflow_venv/lib/python3.12/site-packages/airflow/example_dags/example_display_name.py
[2026-07-20T06:12:07.225+0000] {logging_mixin.py:188} INFO - [2026-07-20T06:12:07.225+0000] {dag.py:3089} INFO - Sync 1 DAGs
[2026-07-20T06:12:07.237+0000] {logging_mixin.py:188} INFO - [2026-07-20T06:12:07.237+0000] {dag.py:3947} INFO - Setting next_dagrun for example_display_name to None, run_after=None
[2026-07-20T06:12:07.279+0000] {processor.py:183} INFO - Processing /workspaces/recomart-recommendation-pipeline/airflow_venv/lib/python3.12/site-packages/airflow/example_dags/example_display_name.py took 0.078 seconds
[2026-07-20T06:13:11.024+0000] {processor.py:161} INFO - Started process (PID=65846) to work on /workspaces/recomart-recommendation-pipeline/airflow_venv/lib/python3.12/site-packages/airflow/example_dags/example_display_name.py
[2026-07-20T06:13:11.026+0000] {processor.py:830} INFO - Processing file /workspaces/recomart-recommendation-pipeline/airflow_venv/lib/python3.12/site-packages/airflow/example_dags/example_display_name.py for tasks to queue
[2026-07-20T06:13:11.028+0000] {logging_mixin.py:188} INFO - [2026-07-20T06:13:11.028+0000] {dagbag.py:545} INFO - Filling up the DagBag from /workspaces/recomart-recommendation-pipeline/airflow_venv/lib/python3.12/site-packages/airflow/example_dags/example_display_name.py
[2026-07-20T06:13:11.033+0000] {processor.py:840} INFO - DAG(s) 'example_display_name' retrieved from /workspaces/recomart-recommendation-pipeline/airflow_venv/lib/python3.12/site-packages/airflow/example_dags/example_display_name.py
[2026-07-20T06:13:11.045+0000] {logging_mixin.py:188} INFO - [2026-07-20T06:13:11.044+0000] {dag.py:3089} INFO - Sync 1 DAGs
[2026-07-20T06:13:11.054+0000] {logging_mixin.py:188} INFO - [2026-07-20T06:13:11.053+0000] {dag.py:3947} INFO - Setting next_dagrun for example_display_name to None, run_after=None
[2026-07-20T06:13:11.070+0000] {processor.py:183} INFO - Processing /workspaces/recomart-recommendation-pipeline/airflow_venv/lib/python3.12/site-packages/airflow/example_dags/example_display_name.py took 0.052 seconds
[2026-07-20T06:14:20.248+0000] {processor.py:161} INFO - Started process (PID=66642) to work on /workspaces/recomart-recommendation-pipeline/airflow_venv/lib/python3.12/site-packages/airflow/example_dags/example_display_name.py
[2026-07-20T06:14:20.248+0000] {processor.py:830} INFO - Processing file /workspaces/recomart-recommendation-pipeline/airflow_venv/lib/python3.12/site-packages/airflow/example_dags/example_display_name.py for tasks to queue
[2026-07-20T06:14:20.250+0000] {logging_mixin.py:188} INFO - [2026-07-20T06:14:20.250+0000] {dagbag.py:545} INFO - Filling up the DagBag from /workspaces/recomart-recommendation-pipeline/airflow_venv/lib/python3.12/site-packages/airflow/example_dags/example_display_name.py
[2026-07-20T06:14:20.254+0000] {processor.py:840} INFO - DAG(s) 'example_display_name' retrieved from /workspaces/recomart-recommendation-pipeline/airflow_venv/lib/python3.12/site-packages/airflow/example_dags/example_display_name.py
[2026-07-20T06:14:20.265+0000] {logging_mixin.py:188} INFO - [2026-07-20T06:14:20.265+0000] {dag.py:3089} INFO - Sync 1 DAGs
[2026-07-20T06:14:20.276+0000] {logging_mixin.py:188} INFO - [2026-07-20T06:14:20.276+0000] {dag.py:3947} INFO - Setting next_dagrun for example_display_name to None, run_after=None
[2026-07-20T06:14:20.296+0000] {processor.py:183} INFO - Processing /workspaces/recomart-recommendation-pipeline/airflow_venv/lib/python3.12/site-packages/airflow/example_dags/example_display_name.py took 0.052 seconds
[2026-07-20T06:15:27.067+0000] {processor.py:161} INFO - Started process (PID=67294) to work on /workspaces/recomart-recommendation-pipeline/airflow_venv/lib/python3.12/site-packages/airflow/example_dags/example_display_name.py
[2026-07-20T06:15:27.068+0000] {processor.py:830} INFO - Processing file /workspaces/recomart-recommendation-pipeline/airflow_venv/lib/python3.12/site-packages/airflow/example_dags/example_display_name.py for tasks to queue
[2026-07-20T06:15:27.069+0000] {logging_mixin.py:188} INFO - [2026-07-20T06:15:27.069+0000] {dagbag.py:545} INFO - Filling up the DagBag from /workspaces/recomart-recommendation-pipeline/airflow_venv/lib/python3.12/site-packages/airflow/example_dags/example_display_name.py
[2026-07-20T06:15:27.075+0000] {processor.py:840} INFO - DAG(s) 'example_display_name' retrieved from /workspaces/recomart-recommendation-pipeline/airflow_venv/lib/python3.12/site-packages/airflow/example_dags/example_display_name.py
[2026-07-20T06:15:27.091+0000] {logging_mixin.py:188} INFO - [2026-07-20T06:15:27.090+0000] {dag.py:3089} INFO - Sync 1 DAGs
[2026-07-20T06:15:27.099+0000] {logging_mixin.py:188} INFO - [2026-07-20T06:15:27.099+0000] {dag.py:3947} INFO - Setting next_dagrun for example_display_name to None, run_after=None
[2026-07-20T06:15:27.210+0000] {processor.py:183} INFO - Processing /workspaces/recomart-recommendation-pipeline/airflow_venv/lib/python3.12/site-packages/airflow/example_dags/example_display_name.py took 0.147 seconds
[2026-07-20T06:31:18.946+0000] {processor.py:161} INFO - Started process (PID=73809) to work on /workspaces/recomart-recommendation-pipeline/airflow_venv/lib/python3.12/site-packages/airflow/example_dags/example_display_name.py
[2026-07-20T06:31:18.966+0000] {processor.py:830} INFO - Processing file /workspaces/recomart-recommendation-pipeline/airflow_venv/lib/python3.12/site-packages/airflow/example_dags/example_display_name.py for tasks to queue
[2026-07-20T06:31:18.969+0000] {logging_mixin.py:188} INFO - [2026-07-20T06:31:18.969+0000] {dagbag.py:545} INFO - Filling up the DagBag from /workspaces/recomart-recommendation-pipeline/airflow_venv/lib/python3.12/site-packages/airflow/example_dags/example_display_name.py
[2026-07-20T06:31:18.978+0000] {processor.py:840} INFO - DAG(s) 'example_display_name' retrieved from /workspaces/recomart-recommendation-pipeline/airflow_venv/lib/python3.12/site-packages/airflow/example_dags/example_display_name.py
[2026-07-20T06:31:19.121+0000] {logging_mixin.py:188} INFO - [2026-07-20T06:31:19.121+0000] {dag.py:3089} INFO - Sync 1 DAGs
[2026-07-20T06:31:19.132+0000] {logging_mixin.py:188} INFO - [2026-07-20T06:31:19.132+0000] {dag.py:3947} INFO - Setting next_dagrun for example_display_name to None, run_after=None
[2026-07-20T06:31:19.177+0000] {processor.py:183} INFO - Processing /workspaces/recomart-recommendation-pipeline/airflow_venv/lib/python3.12/site-packages/airflow/example_dags/example_display_name.py took 0.238 seconds
[2026-07-20T06:32:14.324+0000] {processor.py:161} INFO - Started process (PID=74498) to work on /workspaces/recomart-recommendation-pipeline/airflow_venv/lib/python3.12/site-packages/airflow/example_dags/example_display_name.py
[2026-07-20T06:32:14.324+0000] {processor.py:830} INFO - Processing file /workspaces/recomart-recommendation-pipeline/airflow_venv/lib/python3.12/site-packages/airflow/example_dags/example_display_name.py for tasks to queue
[2026-07-20T06:32:14.326+0000] {logging_mixin.py:188} INFO - [2026-07-20T06:32:14.325+0000] {dagbag.py:545} INFO - Filling up the DagBag from /workspaces/recomart-recommendation-pipeline/airflow_venv/lib/python3.12/site-packages/airflow/example_dags/example_display_name.py
[2026-07-20T06:32:14.330+0000] {processor.py:840} INFO - DAG(s) 'example_display_name' retrieved from /workspaces/recomart-recommendation-pipeline/airflow_venv/lib/python3.12/site-packages/airflow/example_dags/example_display_name.py
[2026-07-20T06:32:14.341+0000] {logging_mixin.py:188} INFO - [2026-07-20T06:32:14.341+0000] {dag.py:3089} INFO - Sync 1 DAGs
[2026-07-20T06:32:14.349+0000] {logging_mixin.py:188} INFO - [2026-07-20T06:32:14.349+0000] {dag.py:3947} INFO - Setting next_dagrun for example_display_name to None, run_after=None
[2026-07-20T06:32:14.366+0000] {processor.py:183} INFO - Processing /workspaces/recomart-recommendation-pipeline/airflow_venv/lib/python3.12/site-packages/airflow/example_dags/example_display_name.py took 0.047 seconds
[2026-07-20T06:33:05.930+0000] {processor.py:161} INFO - Started process (PID=74994) to work on /workspaces/recomart-recommendation-pipeline/airflow_venv/lib/python3.12/site-packages/airflow/example_dags/example_display_name.py
[2026-07-20T06:33:05.931+0000] {processor.py:830} INFO - Processing file /workspaces/recomart-recommendation-pipeline/airflow_venv/lib/python3.12/site-packages/airflow/example_dags/example_display_name.py for tasks to queue
[2026-07-20T06:33:05.932+0000] {logging_mixin.py:188} INFO - [2026-07-20T06:33:05.932+0000] {dagbag.py:545} INFO - Filling up the DagBag from /workspaces/recomart-recommendation-pipeline/airflow_venv/lib/python3.12/site-packages/airflow/example_dags/example_display_name.py
[2026-07-20T06:33:05.937+0000] {processor.py:840} INFO - DAG(s) 'example_display_name' retrieved from /workspaces/recomart-recommendation-pipeline/airflow_venv/lib/python3.12/site-packages/airflow/example_dags/example_display_name.py
[2026-07-20T06:33:05.948+0000] {logging_mixin.py:188} INFO - [2026-07-20T06:33:05.948+0000] {dag.py:3089} INFO - Sync 1 DAGs
[2026-07-20T06:33:05.957+0000] {logging_mixin.py:188} INFO - [2026-07-20T06:33:05.957+0000] {dag.py:3947} INFO - Setting next_dagrun for example_display_name to None, run_after=None
[2026-07-20T06:33:05.975+0000] {processor.py:183} INFO - Processing /workspaces/recomart-recommendation-pipeline/airflow_venv/lib/python3.12/site-packages/airflow/example_dags/example_display_name.py took 0.049 seconds
[2026-07-20T06:34:51.102+0000] {processor.py:161} INFO - Started process (PID=76682) to work on /workspaces/recomart-recommendation-pipeline/airflow_venv/lib/python3.12/site-packages/airflow/example_dags/example_display_name.py
[2026-07-20T06:34:51.103+0000] {processor.py:830} INFO - Processing file /workspaces/recomart-recommendation-pipeline/airflow_venv/lib/python3.12/site-packages/airflow/example_dags/example_display_name.py for tasks to queue
[2026-07-20T06:34:51.106+0000] {logging_mixin.py:188} INFO - [2026-07-20T06:34:51.105+0000] {dagbag.py:545} INFO - Filling up the DagBag from /workspaces/recomart-recommendation-pipeline/airflow_venv/lib/python3.12/site-packages/airflow/example_dags/example_display_name.py
[2026-07-20T06:34:51.112+0000] {processor.py:840} INFO - DAG(s) 'example_display_name' retrieved from /workspaces/recomart-recommendation-pipeline/airflow_venv/lib/python3.12/site-packages/airflow/example_dags/example_display_name.py
[2026-07-20T06:34:51.130+0000] {logging_mixin.py:188} INFO - [2026-07-20T06:34:51.129+0000] {dag.py:3089} INFO - Sync 1 DAGs
[2026-07-20T06:34:51.143+0000] {logging_mixin.py:188} INFO - [2026-07-20T06:34:51.143+0000] {dag.py:3947} INFO - Setting next_dagrun for example_display_name to None, run_after=None
[2026-07-20T06:34:51.174+0000] {processor.py:183} INFO - Processing /workspaces/recomart-recommendation-pipeline/airflow_venv/lib/python3.12/site-packages/airflow/example_dags/example_display_name.py took 0.079 seconds
[2026-07-20T06:35:45.105+0000] {processor.py:161} INFO - Started process (PID=77710) to work on /workspaces/recomart-recommendation-pipeline/airflow_venv/lib/python3.12/site-packages/airflow/example_dags/example_display_name.py
[2026-07-20T06:35:45.106+0000] {processor.py:830} INFO - Processing file /workspaces/recomart-recommendation-pipeline/airflow_venv/lib/python3.12/site-packages/airflow/example_dags/example_display_name.py for tasks to queue
[2026-07-20T06:35:45.107+0000] {logging_mixin.py:188} INFO - [2026-07-20T06:35:45.107+0000] {dagbag.py:545} INFO - Filling up the DagBag from /workspaces/recomart-recommendation-pipeline/airflow_venv/lib/python3.12/site-packages/airflow/example_dags/example_display_name.py
[2026-07-20T06:35:45.112+0000] {processor.py:840} INFO - DAG(s) 'example_display_name' retrieved from /workspaces/recomart-recommendation-pipeline/airflow_venv/lib/python3.12/site-packages/airflow/example_dags/example_display_name.py
[2026-07-20T06:35:45.122+0000] {logging_mixin.py:188} INFO - [2026-07-20T06:35:45.122+0000] {dag.py:3089} INFO - Sync 1 DAGs
[2026-07-20T06:35:45.131+0000] {logging_mixin.py:188} INFO - [2026-07-20T06:35:45.131+0000] {dag.py:3947} INFO - Setting next_dagrun for example_display_name to None, run_after=None
[2026-07-20T06:35:45.148+0000] {processor.py:183} INFO - Processing /workspaces/recomart-recommendation-pipeline/airflow_venv/lib/python3.12/site-packages/airflow/example_dags/example_display_name.py took 0.048 seconds
[2026-07-20T06:36:38.995+0000] {processor.py:161} INFO - Started process (PID=78625) to work on /workspaces/recomart-recommendation-pipeline/airflow_venv/lib/python3.12/site-packages/airflow/example_dags/example_display_name.py
[2026-07-20T06:36:38.996+0000] {processor.py:830} INFO - Processing file /workspaces/recomart-recommendation-pipeline/airflow_venv/lib/python3.12/site-packages/airflow/example_dags/example_display_name.py for tasks to queue
[2026-07-20T06:36:38.998+0000] {logging_mixin.py:188} INFO - [2026-07-20T06:36:38.997+0000] {dagbag.py:545} INFO - Filling up the DagBag from /workspaces/recomart-recommendation-pipeline/airflow_venv/lib/python3.12/site-packages/airflow/example_dags/example_display_name.py
[2026-07-20T06:36:39.002+0000] {processor.py:840} INFO - DAG(s) 'example_display_name' retrieved from /workspaces/recomart-recommendation-pipeline/airflow_venv/lib/python3.12/site-packages/airflow/example_dags/example_display_name.py
[2026-07-20T06:36:39.013+0000] {logging_mixin.py:188} INFO - [2026-07-20T06:36:39.013+0000] {dag.py:3089} INFO - Sync 1 DAGs
[2026-07-20T06:36:39.021+0000] {logging_mixin.py:188} INFO - [2026-07-20T06:36:39.021+0000] {dag.py:3947} INFO - Setting next_dagrun for example_display_name to None, run_after=None
[2026-07-20T06:36:39.039+0000] {processor.py:183} INFO - Processing /workspaces/recomart-recommendation-pipeline/airflow_venv/lib/python3.12/site-packages/airflow/example_dags/example_display_name.py took 0.048 seconds
[2026-07-20T06:37:29.553+0000] {processor.py:161} INFO - Started process (PID=79050) to work on /workspaces/recomart-recommendation-pipeline/airflow_venv/lib/python3.12/site-packages/airflow/example_dags/example_display_name.py
[2026-07-20T06:37:29.554+0000] {processor.py:830} INFO - Processing file /workspaces/recomart-recommendation-pipeline/airflow_venv/lib/python3.12/site-packages/airflow/example_dags/example_display_name.py for tasks to queue
[2026-07-20T06:37:29.556+0000] {logging_mixin.py:188} INFO - [2026-07-20T06:37:29.555+0000] {dagbag.py:545} INFO - Filling up the DagBag from /workspaces/recomart-recommendation-pipeline/airflow_venv/lib/python3.12/site-packages/airflow/example_dags/example_display_name.py
[2026-07-20T06:37:29.560+0000] {processor.py:840} INFO - DAG(s) 'example_display_name' retrieved from /workspaces/recomart-recommendation-pipeline/airflow_venv/lib/python3.12/site-packages/airflow/example_dags/example_display_name.py
[2026-07-20T06:37:29.572+0000] {logging_mixin.py:188} INFO - [2026-07-20T06:37:29.571+0000] {dag.py:3089} INFO - Sync 1 DAGs
[2026-07-20T06:37:29.584+0000] {logging_mixin.py:188} INFO - [2026-07-20T06:37:29.583+0000] {dag.py:3947} INFO - Setting next_dagrun for example_display_name to None, run_after=None
[2026-07-20T06:37:29.603+0000] {processor.py:183} INFO - Processing /workspaces/recomart-recommendation-pipeline/airflow_venv/lib/python3.12/site-packages/airflow/example_dags/example_display_name.py took 0.054 seconds
[2026-07-20T06:38:39.125+0000] {processor.py:161} INFO - Started process (PID=79623) to work on /workspaces/recomart-recommendation-pipeline/airflow_venv/lib/python3.12/site-packages/airflow/example_dags/example_display_name.py
[2026-07-20T06:38:39.126+0000] {processor.py:830} INFO - Processing file /workspaces/recomart-recommendation-pipeline/airflow_venv/lib/python3.12/site-packages/airflow/example_dags/example_display_name.py for tasks to queue
[2026-07-20T06:38:39.127+0000] {logging_mixin.py:188} INFO - [2026-07-20T06:38:39.127+0000] {dagbag.py:545} INFO - Filling up the DagBag from /workspaces/recomart-recommendation-pipeline/airflow_venv/lib/python3.12/site-packages/airflow/example_dags/example_display_name.py
[2026-07-20T06:38:39.133+0000] {processor.py:840} INFO - DAG(s) 'example_display_name' retrieved from /workspaces/recomart-recommendation-pipeline/airflow_venv/lib/python3.12/site-packages/airflow/example_dags/example_display_name.py
[2026-07-20T06:38:39.144+0000] {logging_mixin.py:188} INFO - [2026-07-20T06:38:39.144+0000] {dag.py:3089} INFO - Sync 1 DAGs
[2026-07-20T06:38:39.277+0000] {logging_mixin.py:188} INFO - [2026-07-20T06:38:39.277+0000] {dag.py:3947} INFO - Setting next_dagrun for example_display_name to None, run_after=None
[2026-07-20T06:38:39.295+0000] {processor.py:183} INFO - Processing /workspaces/recomart-recommendation-pipeline/airflow_venv/lib/python3.12/site-packages/airflow/example_dags/example_display_name.py took 0.174 seconds
[2026-07-20T06:39:50.621+0000] {processor.py:161} INFO - Started process (PID=80262) to work on /workspaces/recomart-recommendation-pipeline/airflow_venv/lib/python3.12/site-packages/airflow/example_dags/example_display_name.py
[2026-07-20T06:39:50.622+0000] {processor.py:830} INFO - Processing file /workspaces/recomart-recommendation-pipeline/airflow_venv/lib/python3.12/site-packages/airflow/example_dags/example_display_name.py for tasks to queue
[2026-07-20T06:39:50.623+0000] {logging_mixin.py:188} INFO - [2026-07-20T06:39:50.623+0000] {dagbag.py:545} INFO - Filling up the DagBag from /workspaces/recomart-recommendation-pipeline/airflow_venv/lib/python3.12/site-packages/airflow/example_dags/example_display_name.py
[2026-07-20T06:39:50.629+0000] {processor.py:840} INFO - DAG(s) 'example_display_name' retrieved from /workspaces/recomart-recommendation-pipeline/airflow_venv/lib/python3.12/site-packages/airflow/example_dags/example_display_name.py
[2026-07-20T06:39:50.641+0000] {logging_mixin.py:188} INFO - [2026-07-20T06:39:50.641+0000] {dag.py:3089} INFO - Sync 1 DAGs
[2026-07-20T06:39:50.650+0000] {logging_mixin.py:188} INFO - [2026-07-20T06:39:50.649+0000] {dag.py:3947} INFO - Setting next_dagrun for example_display_name to None, run_after=None
[2026-07-20T06:39:50.779+0000] {processor.py:183} INFO - Processing /workspaces/recomart-recommendation-pipeline/airflow_venv/lib/python3.12/site-packages/airflow/example_dags/example_display_name.py took 0.163 seconds
[2026-07-20T06:40:40.553+0000] {processor.py:161} INFO - Started process (PID=80638) to work on /workspaces/recomart-recommendation-pipeline/airflow_venv/lib/python3.12/site-packages/airflow/example_dags/example_display_name.py
[2026-07-20T06:40:40.554+0000] {processor.py:830} INFO - Processing file /workspaces/recomart-recommendation-pipeline/airflow_venv/lib/python3.12/site-packages/airflow/example_dags/example_display_name.py for tasks to queue
[2026-07-20T06:40:40.556+0000] {logging_mixin.py:188} INFO - [2026-07-20T06:40:40.556+0000] {dagbag.py:545} INFO - Filling up the DagBag from /workspaces/recomart-recommendation-pipeline/airflow_venv/lib/python3.12/site-packages/airflow/example_dags/example_display_name.py
[2026-07-20T06:40:40.569+0000] {processor.py:840} INFO - DAG(s) 'example_display_name' retrieved from /workspaces/recomart-recommendation-pipeline/airflow_venv/lib/python3.12/site-packages/airflow/example_dags/example_display_name.py
[2026-07-20T06:40:40.589+0000] {logging_mixin.py:188} INFO - [2026-07-20T06:40:40.589+0000] {dag.py:3089} INFO - Sync 1 DAGs
[2026-07-20T06:40:40.613+0000] {logging_mixin.py:188} INFO - [2026-07-20T06:40:40.612+0000] {dag.py:3947} INFO - Setting next_dagrun for example_display_name to None, run_after=None
[2026-07-20T06:40:40.650+0000] {processor.py:183} INFO - Processing /workspaces/recomart-recommendation-pipeline/airflow_venv/lib/python3.12/site-packages/airflow/example_dags/example_display_name.py took 0.103 seconds
[2026-07-20T06:41:50.138+0000] {processor.py:161} INFO - Started process (PID=81290) to work on /workspaces/recomart-recommendation-pipeline/airflow_venv/lib/python3.12/site-packages/airflow/example_dags/example_display_name.py
[2026-07-20T06:41:50.139+0000] {processor.py:830} INFO - Processing file /workspaces/recomart-recommendation-pipeline/airflow_venv/lib/python3.12/site-packages/airflow/example_dags/example_display_name.py for tasks to queue
[2026-07-20T06:41:50.140+0000] {logging_mixin.py:188} INFO - [2026-07-20T06:41:50.140+0000] {dagbag.py:545} INFO - Filling up the DagBag from /workspaces/recomart-recommendation-pipeline/airflow_venv/lib/python3.12/site-packages/airflow/example_dags/example_display_name.py
[2026-07-20T06:41:50.144+0000] {processor.py:840} INFO - DAG(s) 'example_display_name' retrieved from /workspaces/recomart-recommendation-pipeline/airflow_venv/lib/python3.12/site-packages/airflow/example_dags/example_display_name.py
[2026-07-20T06:41:50.155+0000] {logging_mixin.py:188} INFO - [2026-07-20T06:41:50.155+0000] {dag.py:3089} INFO - Sync 1 DAGs
[2026-07-20T06:41:50.168+0000] {logging_mixin.py:188} INFO - [2026-07-20T06:41:50.168+0000] {dag.py:3947} INFO - Setting next_dagrun for example_display_name to None, run_after=None
[2026-07-20T06:41:50.313+0000] {processor.py:183} INFO - Processing /workspaces/recomart-recommendation-pipeline/airflow_venv/lib/python3.12/site-packages/airflow/example_dags/example_display_name.py took 0.180 seconds
[2026-07-20T06:43:00.446+0000] {processor.py:161} INFO - Started process (PID=81864) to work on /workspaces/recomart-recommendation-pipeline/airflow_venv/lib/python3.12/site-packages/airflow/example_dags/example_display_name.py
[2026-07-20T06:43:00.447+0000] {processor.py:830} INFO - Processing file /workspaces/recomart-recommendation-pipeline/airflow_venv/lib/python3.12/site-packages/airflow/example_dags/example_display_name.py for tasks to queue
[2026-07-20T06:43:00.449+0000] {logging_mixin.py:188} INFO - [2026-07-20T06:43:00.449+0000] {dagbag.py:545} INFO - Filling up the DagBag from /workspaces/recomart-recommendation-pipeline/airflow_venv/lib/python3.12/site-packages/airflow/example_dags/example_display_name.py
[2026-07-20T06:43:00.456+0000] {processor.py:840} INFO - DAG(s) 'example_display_name' retrieved from /workspaces/recomart-recommendation-pipeline/airflow_venv/lib/python3.12/site-packages/airflow/example_dags/example_display_name.py
[2026-07-20T06:43:00.480+0000] {logging_mixin.py:188} INFO - [2026-07-20T06:43:00.479+0000] {dag.py:3089} INFO - Sync 1 DAGs
[2026-07-20T06:43:00.494+0000] {logging_mixin.py:188} INFO - [2026-07-20T06:43:00.493+0000] {dag.py:3947} INFO - Setting next_dagrun for example_display_name to None, run_after=None
[2026-07-20T06:43:00.542+0000] {processor.py:183} INFO - Processing /workspaces/recomart-recommendation-pipeline/airflow_venv/lib/python3.12/site-packages/airflow/example_dags/example_display_name.py took 0.102 seconds
[2026-07-20T06:43:50.278+0000] {processor.py:161} INFO - Started process (PID=82285) to work on /workspaces/recomart-recommendation-pipeline/airflow_venv/lib/python3.12/site-packages/airflow/example_dags/example_display_name.py
[2026-07-20T06:43:50.279+0000] {processor.py:830} INFO - Processing file /workspaces/recomart-recommendation-pipeline/airflow_venv/lib/python3.12/site-packages/airflow/example_dags/example_display_name.py for tasks to queue
[2026-07-20T06:43:50.281+0000] {logging_mixin.py:188} INFO - [2026-07-20T06:43:50.281+0000] {dagbag.py:545} INFO - Filling up the DagBag from /workspaces/recomart-recommendation-pipeline/airflow_venv/lib/python3.12/site-packages/airflow/example_dags/example_display_name.py
[2026-07-20T06:43:50.287+0000] {processor.py:840} INFO - DAG(s) 'example_display_name' retrieved from /workspaces/recomart-recommendation-pipeline/airflow_venv/lib/python3.12/site-packages/airflow/example_dags/example_display_name.py
[2026-07-20T06:43:50.300+0000] {logging_mixin.py:188} INFO - [2026-07-20T06:43:50.300+0000] {dag.py:3089} INFO - Sync 1 DAGs
[2026-07-20T06:43:50.309+0000] {logging_mixin.py:188} INFO - [2026-07-20T06:43:50.309+0000] {dag.py:3947} INFO - Setting next_dagrun for example_display_name to None, run_after=None
[2026-07-20T06:43:50.326+0000] {processor.py:183} INFO - Processing /workspaces/recomart-recommendation-pipeline/airflow_venv/lib/python3.12/site-packages/airflow/example_dags/example_display_name.py took 0.054 seconds
[2026-07-20T06:44:55.520+0000] {processor.py:161} INFO - Started process (PID=82825) to work on /workspaces/recomart-recommendation-pipeline/airflow_venv/lib/python3.12/site-packages/airflow/example_dags/example_display_name.py
[2026-07-20T06:44:55.520+0000] {processor.py:830} INFO - Processing file /workspaces/recomart-recommendation-pipeline/airflow_venv/lib/python3.12/site-packages/airflow/example_dags/example_display_name.py for tasks to queue
[2026-07-20T06:44:55.522+0000] {logging_mixin.py:188} INFO - [2026-07-20T06:44:55.521+0000] {dagbag.py:545} INFO - Filling up the DagBag from /workspaces/recomart-recommendation-pipeline/airflow_venv/lib/python3.12/site-packages/airflow/example_dags/example_display_name.py
[2026-07-20T06:44:55.526+0000] {processor.py:840} INFO - DAG(s) 'example_display_name' retrieved from /workspaces/recomart-recommendation-pipeline/airflow_venv/lib/python3.12/site-packages/airflow/example_dags/example_display_name.py
[2026-07-20T06:44:55.544+0000] {logging_mixin.py:188} INFO - [2026-07-20T06:44:55.544+0000] {dag.py:3089} INFO - Sync 1 DAGs
[2026-07-20T06:44:55.554+0000] {logging_mixin.py:188} INFO - [2026-07-20T06:44:55.554+0000] {dag.py:3947} INFO - Setting next_dagrun for example_display_name to None, run_after=None
[2026-07-20T06:44:55.572+0000] {processor.py:183} INFO - Processing /workspaces/recomart-recommendation-pipeline/airflow_venv/lib/python3.12/site-packages/airflow/example_dags/example_display_name.py took 0.057 seconds
[2026-07-20T06:45:59.475+0000] {processor.py:161} INFO - Started process (PID=83414) to work on /workspaces/recomart-recommendation-pipeline/airflow_venv/lib/python3.12/site-packages/airflow/example_dags/example_display_name.py
[2026-07-20T06:45:59.476+0000] {processor.py:830} INFO - Processing file /workspaces/recomart-recommendation-pipeline/airflow_venv/lib/python3.12/site-packages/airflow/example_dags/example_display_name.py for tasks to queue
[2026-07-20T06:45:59.477+0000] {logging_mixin.py:188} INFO - [2026-07-20T06:45:59.477+0000] {dagbag.py:545} INFO - Filling up the DagBag from /workspaces/recomart-recommendation-pipeline/airflow_venv/lib/python3.12/site-packages/airflow/example_dags/example_display_name.py
[2026-07-20T06:45:59.483+0000] {processor.py:840} INFO - DAG(s) 'example_display_name' retrieved from /workspaces/recomart-recommendation-pipeline/airflow_venv/lib/python3.12/site-packages/airflow/example_dags/example_display_name.py
[2026-07-20T06:45:59.496+0000] {logging_mixin.py:188} INFO - [2026-07-20T06:45:59.496+0000] {dag.py:3089} INFO - Sync 1 DAGs
[2026-07-20T06:45:59.505+0000] {logging_mixin.py:188} INFO - [2026-07-20T06:45:59.505+0000] {dag.py:3947} INFO - Setting next_dagrun for example_display_name to None, run_after=None
[2026-07-20T06:45:59.522+0000] {processor.py:183} INFO - Processing /workspaces/recomart-recommendation-pipeline/airflow_venv/lib/python3.12/site-packages/airflow/example_dags/example_display_name.py took 0.053 seconds
[2026-07-20T06:47:05.920+0000] {processor.py:161} INFO - Started process (PID=83959) to work on /workspaces/recomart-recommendation-pipeline/airflow_venv/lib/python3.12/site-packages/airflow/example_dags/example_display_name.py
[2026-07-20T06:47:05.922+0000] {processor.py:830} INFO - Processing file /workspaces/recomart-recommendation-pipeline/airflow_venv/lib/python3.12/site-packages/airflow/example_dags/example_display_name.py for tasks to queue
[2026-07-20T06:47:05.924+0000] {logging_mixin.py:188} INFO - [2026-07-20T06:47:05.923+0000] {dagbag.py:545} INFO - Filling up the DagBag from /workspaces/recomart-recommendation-pipeline/airflow_venv/lib/python3.12/site-packages/airflow/example_dags/example_display_name.py
[2026-07-20T06:47:05.928+0000] {processor.py:840} INFO - DAG(s) 'example_display_name' retrieved from /workspaces/recomart-recommendation-pipeline/airflow_venv/lib/python3.12/site-packages/airflow/example_dags/example_display_name.py
[2026-07-20T06:47:05.940+0000] {logging_mixin.py:188} INFO - [2026-07-20T06:47:05.940+0000] {dag.py:3089} INFO - Sync 1 DAGs
[2026-07-20T06:47:05.949+0000] {logging_mixin.py:188} INFO - [2026-07-20T06:47:05.949+0000] {dag.py:3947} INFO - Setting next_dagrun for example_display_name to None, run_after=None
[2026-07-20T06:47:05.965+0000] {processor.py:183} INFO - Processing /workspaces/recomart-recommendation-pipeline/airflow_venv/lib/python3.12/site-packages/airflow/example_dags/example_display_name.py took 0.062 seconds
[2026-07-20T06:48:08.525+0000] {processor.py:161} INFO - Started process (PID=84471) to work on /workspaces/recomart-recommendation-pipeline/airflow_venv/lib/python3.12/site-packages/airflow/example_dags/example_display_name.py
[2026-07-20T06:48:08.525+0000] {processor.py:830} INFO - Processing file /workspaces/recomart-recommendation-pipeline/airflow_venv/lib/python3.12/site-packages/airflow/example_dags/example_display_name.py for tasks to queue
[2026-07-20T06:48:08.527+0000] {logging_mixin.py:188} INFO - [2026-07-20T06:48:08.526+0000] {dagbag.py:545} INFO - Filling up the DagBag from /workspaces/recomart-recommendation-pipeline/airflow_venv/lib/python3.12/site-packages/airflow/example_dags/example_display_name.py
[2026-07-20T06:48:08.531+0000] {processor.py:840} INFO - DAG(s) 'example_display_name' retrieved from /workspaces/recomart-recommendation-pipeline/airflow_venv/lib/python3.12/site-packages/airflow/example_dags/example_display_name.py
[2026-07-20T06:48:08.543+0000] {logging_mixin.py:188} INFO - [2026-07-20T06:48:08.542+0000] {dag.py:3089} INFO - Sync 1 DAGs
[2026-07-20T06:48:08.552+0000] {logging_mixin.py:188} INFO - [2026-07-20T06:48:08.552+0000] {dag.py:3947} INFO - Setting next_dagrun for example_display_name to None, run_after=None
[2026-07-20T06:48:08.569+0000] {processor.py:183} INFO - Processing /workspaces/recomart-recommendation-pipeline/airflow_venv/lib/python3.12/site-packages/airflow/example_dags/example_display_name.py took 0.049 seconds
[2026-07-20T06:49:10.662+0000] {processor.py:161} INFO - Started process (PID=85102) to work on /workspaces/recomart-recommendation-pipeline/airflow_venv/lib/python3.12/site-packages/airflow/example_dags/example_display_name.py
[2026-07-20T06:49:10.663+0000] {processor.py:830} INFO - Processing file /workspaces/recomart-recommendation-pipeline/airflow_venv/lib/python3.12/site-packages/airflow/example_dags/example_display_name.py for tasks to queue
[2026-07-20T06:49:10.664+0000] {logging_mixin.py:188} INFO - [2026-07-20T06:49:10.664+0000] {dagbag.py:545} INFO - Filling up the DagBag from /workspaces/recomart-recommendation-pipeline/airflow_venv/lib/python3.12/site-packages/airflow/example_dags/example_display_name.py
[2026-07-20T06:49:10.669+0000] {processor.py:840} INFO - DAG(s) 'example_display_name' retrieved from /workspaces/recomart-recommendation-pipeline/airflow_venv/lib/python3.12/site-packages/airflow/example_dags/example_display_name.py
[2026-07-20T06:49:10.683+0000] {logging_mixin.py:188} INFO - [2026-07-20T06:49:10.683+0000] {dag.py:3089} INFO - Sync 1 DAGs
[2026-07-20T06:49:10.693+0000] {logging_mixin.py:188} INFO - [2026-07-20T06:49:10.693+0000] {dag.py:3947} INFO - Setting next_dagrun for example_display_name to None, run_after=None
[2026-07-20T06:49:10.711+0000] {processor.py:183} INFO - Processing /workspaces/recomart-recommendation-pipeline/airflow_venv/lib/python3.12/site-packages/airflow/example_dags/example_display_name.py took 0.053 seconds
[2026-07-20T06:50:14.785+0000] {processor.py:161} INFO - Started process (PID=85765) to work on /workspaces/recomart-recommendation-pipeline/airflow_venv/lib/python3.12/site-packages/airflow/example_dags/example_display_name.py
[2026-07-20T06:50:14.786+0000] {processor.py:830} INFO - Processing file /workspaces/recomart-recommendation-pipeline/airflow_venv/lib/python3.12/site-packages/airflow/example_dags/example_display_name.py for tasks to queue
[2026-07-20T06:50:14.787+0000] {logging_mixin.py:188} INFO - [2026-07-20T06:50:14.787+0000] {dagbag.py:545} INFO - Filling up the DagBag from /workspaces/recomart-recommendation-pipeline/airflow_venv/lib/python3.12/site-packages/airflow/example_dags/example_display_name.py
[2026-07-20T06:50:14.793+0000] {processor.py:840} INFO - DAG(s) 'example_display_name' retrieved from /workspaces/recomart-recommendation-pipeline/airflow_venv/lib/python3.12/site-packages/airflow/example_dags/example_display_name.py
[2026-07-20T06:50:14.804+0000] {logging_mixin.py:188} INFO - [2026-07-20T06:50:14.804+0000] {dag.py:3089} INFO - Sync 1 DAGs
[2026-07-20T06:50:14.813+0000] {logging_mixin.py:188} INFO - [2026-07-20T06:50:14.813+0000] {dag.py:3947} INFO - Setting next_dagrun for example_display_name to None, run_after=None
[2026-07-20T06:50:14.831+0000] {processor.py:183} INFO - Processing /workspaces/recomart-recommendation-pipeline/airflow_venv/lib/python3.12/site-packages/airflow/example_dags/example_display_name.py took 0.052 seconds
[2026-07-20T06:51:23.069+0000] {processor.py:161} INFO - Started process (PID=86433) to work on /workspaces/recomart-recommendation-pipeline/airflow_venv/lib/python3.12/site-packages/airflow/example_dags/example_display_name.py
[2026-07-20T06:51:23.070+0000] {processor.py:830} INFO - Processing file /workspaces/recomart-recommendation-pipeline/airflow_venv/lib/python3.12/site-packages/airflow/example_dags/example_display_name.py for tasks to queue
[2026-07-20T06:51:23.072+0000] {logging_mixin.py:188} INFO - [2026-07-20T06:51:23.071+0000] {dagbag.py:545} INFO - Filling up the DagBag from /workspaces/recomart-recommendation-pipeline/airflow_venv/lib/python3.12/site-packages/airflow/example_dags/example_display_name.py
[2026-07-20T06:51:23.078+0000] {processor.py:840} INFO - DAG(s) 'example_display_name' retrieved from /workspaces/recomart-recommendation-pipeline/airflow_venv/lib/python3.12/site-packages/airflow/example_dags/example_display_name.py
[2026-07-20T06:51:23.093+0000] {logging_mixin.py:188} INFO - [2026-07-20T06:51:23.093+0000] {dag.py:3089} INFO - Sync 1 DAGs
[2026-07-20T06:51:23.102+0000] {logging_mixin.py:188} INFO - [2026-07-20T06:51:23.102+0000] {dag.py:3947} INFO - Setting next_dagrun for example_display_name to None, run_after=None
[2026-07-20T06:51:23.119+0000] {processor.py:183} INFO - Processing /workspaces/recomart-recommendation-pipeline/airflow_venv/lib/python3.12/site-packages/airflow/example_dags/example_display_name.py took 0.054 seconds
[2026-07-20T06:58:20.174+0000] {processor.py:161} INFO - Started process (PID=89807) to work on /workspaces/recomart-recommendation-pipeline/airflow_venv/lib/python3.12/site-packages/airflow/example_dags/example_display_name.py
[2026-07-20T06:58:20.175+0000] {processor.py:830} INFO - Processing file /workspaces/recomart-recommendation-pipeline/airflow_venv/lib/python3.12/site-packages/airflow/example_dags/example_display_name.py for tasks to queue
[2026-07-20T06:58:20.177+0000] {logging_mixin.py:188} INFO - [2026-07-20T06:58:20.176+0000] {dagbag.py:545} INFO - Filling up the DagBag from /workspaces/recomart-recommendation-pipeline/airflow_venv/lib/python3.12/site-packages/airflow/example_dags/example_display_name.py
[2026-07-20T06:58:20.183+0000] {processor.py:840} INFO - DAG(s) 'example_display_name' retrieved from /workspaces/recomart-recommendation-pipeline/airflow_venv/lib/python3.12/site-packages/airflow/example_dags/example_display_name.py
[2026-07-20T06:58:20.290+0000] {logging_mixin.py:188} INFO - [2026-07-20T06:58:20.290+0000] {dag.py:3089} INFO - Sync 1 DAGs
[2026-07-20T06:58:20.297+0000] {logging_mixin.py:188} INFO - [2026-07-20T06:58:20.297+0000] {dag.py:3947} INFO - Setting next_dagrun for example_display_name to None, run_after=None
[2026-07-20T06:58:20.314+0000] {processor.py:183} INFO - Processing /workspaces/recomart-recommendation-pipeline/airflow_venv/lib/python3.12/site-packages/airflow/example_dags/example_display_name.py took 0.146 seconds
[2026-07-20T06:59:56.296+0000] {processor.py:161} INFO - Started process (PID=91392) to work on /workspaces/recomart-recommendation-pipeline/airflow_venv/lib/python3.12/site-packages/airflow/example_dags/example_display_name.py
[2026-07-20T06:59:56.297+0000] {processor.py:830} INFO - Processing file /workspaces/recomart-recommendation-pipeline/airflow_venv/lib/python3.12/site-packages/airflow/example_dags/example_display_name.py for tasks to queue
[2026-07-20T06:59:56.298+0000] {logging_mixin.py:188} INFO - [2026-07-20T06:59:56.298+0000] {dagbag.py:545} INFO - Filling up the DagBag from /workspaces/recomart-recommendation-pipeline/airflow_venv/lib/python3.12/site-packages/airflow/example_dags/example_display_name.py
[2026-07-20T06:59:56.303+0000] {processor.py:840} INFO - DAG(s) 'example_display_name' retrieved from /workspaces/recomart-recommendation-pipeline/airflow_venv/lib/python3.12/site-packages/airflow/example_dags/example_display_name.py
[2026-07-20T06:59:56.316+0000] {logging_mixin.py:188} INFO - [2026-07-20T06:59:56.316+0000] {dag.py:3089} INFO - Sync 1 DAGs
[2026-07-20T06:59:56.327+0000] {logging_mixin.py:188} INFO - [2026-07-20T06:59:56.327+0000] {dag.py:3947} INFO - Setting next_dagrun for example_display_name to None, run_after=None
[2026-07-20T06:59:56.344+0000] {processor.py:183} INFO - Processing /workspaces/recomart-recommendation-pipeline/airflow_venv/lib/python3.12/site-packages/airflow/example_dags/example_display_name.py took 0.053 seconds
[2026-07-20T07:00:48.905+0000] {processor.py:161} INFO - Started process (PID=91977) to work on /workspaces/recomart-recommendation-pipeline/airflow_venv/lib/python3.12/site-packages/airflow/example_dags/example_display_name.py
[2026-07-20T07:00:48.906+0000] {processor.py:830} INFO - Processing file /workspaces/recomart-recommendation-pipeline/airflow_venv/lib/python3.12/site-packages/airflow/example_dags/example_display_name.py for tasks to queue
[2026-07-20T07:00:48.907+0000] {logging_mixin.py:188} INFO - [2026-07-20T07:00:48.907+0000] {dagbag.py:545} INFO - Filling up the DagBag from /workspaces/recomart-recommendation-pipeline/airflow_venv/lib/python3.12/site-packages/airflow/example_dags/example_display_name.py
[2026-07-20T07:00:48.912+0000] {processor.py:840} INFO - DAG(s) 'example_display_name' retrieved from /workspaces/recomart-recommendation-pipeline/airflow_venv/lib/python3.12/site-packages/airflow/example_dags/example_display_name.py
[2026-07-20T07:00:48.923+0000] {logging_mixin.py:188} INFO - [2026-07-20T07:00:48.923+0000] {dag.py:3089} INFO - Sync 1 DAGs
[2026-07-20T07:00:48.932+0000] {logging_mixin.py:188} INFO - [2026-07-20T07:00:48.932+0000] {dag.py:3947} INFO - Setting next_dagrun for example_display_name to None, run_after=None
[2026-07-20T07:00:48.949+0000] {processor.py:183} INFO - Processing /workspaces/recomart-recommendation-pipeline/airflow_venv/lib/python3.12/site-packages/airflow/example_dags/example_display_name.py took 0.048 seconds
[2026-07-20T07:01:40.625+0000] {processor.py:161} INFO - Started process (PID=92433) to work on /workspaces/recomart-recommendation-pipeline/airflow_venv/lib/python3.12/site-packages/airflow/example_dags/example_display_name.py
[2026-07-20T07:01:40.626+0000] {processor.py:830} INFO - Processing file /workspaces/recomart-recommendation-pipeline/airflow_venv/lib/python3.12/site-packages/airflow/example_dags/example_display_name.py for tasks to queue
[2026-07-20T07:01:40.627+0000] {logging_mixin.py:188} INFO - [2026-07-20T07:01:40.627+0000] {dagbag.py:545} INFO - Filling up the DagBag from /workspaces/recomart-recommendation-pipeline/airflow_venv/lib/python3.12/site-packages/airflow/example_dags/example_display_name.py
[2026-07-20T07:01:40.632+0000] {processor.py:840} INFO - DAG(s) 'example_display_name' retrieved from /workspaces/recomart-recommendation-pipeline/airflow_venv/lib/python3.12/site-packages/airflow/example_dags/example_display_name.py
[2026-07-20T07:01:40.643+0000] {logging_mixin.py:188} INFO - [2026-07-20T07:01:40.643+0000] {dag.py:3089} INFO - Sync 1 DAGs
[2026-07-20T07:01:40.652+0000] {logging_mixin.py:188} INFO - [2026-07-20T07:01:40.652+0000] {dag.py:3947} INFO - Setting next_dagrun for example_display_name to None, run_after=None
[2026-07-20T07:01:40.670+0000] {processor.py:183} INFO - Processing /workspaces/recomart-recommendation-pipeline/airflow_venv/lib/python3.12/site-packages/airflow/example_dags/example_display_name.py took 0.049 seconds
