[2026-07-20T05:58:52.301+0000] {processor.py:161} INFO - Started process (PID=57975) to work on /workspaces/recomart-recommendation-pipeline/airflow_venv/lib/python3.12/site-packages/airflow/example_dags/example_trigger_controller_dag.py
[2026-07-20T05:58:52.301+0000] {processor.py:830} INFO - Processing file /workspaces/recomart-recommendation-pipeline/airflow_venv/lib/python3.12/site-packages/airflow/example_dags/example_trigger_controller_dag.py for tasks to queue
[2026-07-20T05:58:52.303+0000] {logging_mixin.py:188} INFO - [2026-07-20T05:58:52.302+0000] {dagbag.py:545} INFO - Filling up the DagBag from /workspaces/recomart-recommendation-pipeline/airflow_venv/lib/python3.12/site-packages/airflow/example_dags/example_trigger_controller_dag.py
[2026-07-20T05:58:52.308+0000] {processor.py:840} INFO - DAG(s) 'example_trigger_controller_dag' retrieved from /workspaces/recomart-recommendation-pipeline/airflow_venv/lib/python3.12/site-packages/airflow/example_dags/example_trigger_controller_dag.py
[2026-07-20T05:58:52.404+0000] {logging_mixin.py:188} INFO - [2026-07-20T05:58:52.403+0000] {override.py:1858} INFO - Created Permission View: can read on DAG:example_trigger_controller_dag
[2026-07-20T05:58:52.414+0000] {logging_mixin.py:188} INFO - [2026-07-20T05:58:52.414+0000] {override.py:1858} INFO - Created Permission View: can edit on DAG:example_trigger_controller_dag
[2026-07-20T05:58:52.421+0000] {logging_mixin.py:188} INFO - [2026-07-20T05:58:52.420+0000] {override.py:1858} INFO - Created Permission View: can delete on DAG:example_trigger_controller_dag
[2026-07-20T05:58:52.421+0000] {logging_mixin.py:188} INFO - [2026-07-20T05:58:52.421+0000] {dag.py:3089} INFO - Sync 1 DAGs
[2026-07-20T05:58:52.434+0000] {logging_mixin.py:188} INFO - [2026-07-20T05:58:52.434+0000] {dag.py:3111} INFO - Creating ORM DAG for example_trigger_controller_dag
[2026-07-20T05:58:52.441+0000] {logging_mixin.py:188} INFO - [2026-07-20T05:58:52.441+0000] {dag.py:3947} INFO - Setting next_dagrun for example_trigger_controller_dag to 2021-01-01 00:00:00+00:00, run_after=2021-01-01 00:00:00+00:00
[2026-07-20T05:58:52.458+0000] {processor.py:183} INFO - Processing /workspaces/recomart-recommendation-pipeline/airflow_venv/lib/python3.12/site-packages/airflow/example_dags/example_trigger_controller_dag.py took 0.162 seconds
[2026-07-20T05:59:52.555+0000] {processor.py:161} INFO - Started process (PID=58580) to work on /workspaces/recomart-recommendation-pipeline/airflow_venv/lib/python3.12/site-packages/airflow/example_dags/example_trigger_controller_dag.py
[2026-07-20T05:59:52.556+0000] {processor.py:830} INFO - Processing file /workspaces/recomart-recommendation-pipeline/airflow_venv/lib/python3.12/site-packages/airflow/example_dags/example_trigger_controller_dag.py for tasks to queue
[2026-07-20T05:59:52.557+0000] {logging_mixin.py:188} INFO - [2026-07-20T05:59:52.557+0000] {dagbag.py:545} INFO - Filling up the DagBag from /workspaces/recomart-recommendation-pipeline/airflow_venv/lib/python3.12/site-packages/airflow/example_dags/example_trigger_controller_dag.py
[2026-07-20T05:59:52.562+0000] {processor.py:840} INFO - DAG(s) 'example_trigger_controller_dag' retrieved from /workspaces/recomart-recommendation-pipeline/airflow_venv/lib/python3.12/site-packages/airflow/example_dags/example_trigger_controller_dag.py
[2026-07-20T05:59:52.574+0000] {logging_mixin.py:188} INFO - [2026-07-20T05:59:52.573+0000] {dag.py:3089} INFO - Sync 1 DAGs
[2026-07-20T05:59:52.588+0000] {logging_mixin.py:188} INFO - [2026-07-20T05:59:52.588+0000] {dag.py:3947} INFO - Setting next_dagrun for example_trigger_controller_dag to 2021-01-01 00:00:00+00:00, run_after=2021-01-01 00:00:00+00:00
[2026-07-20T05:59:52.612+0000] {processor.py:183} INFO - Processing /workspaces/recomart-recommendation-pipeline/airflow_venv/lib/python3.12/site-packages/airflow/example_dags/example_trigger_controller_dag.py took 0.061 seconds
[2026-07-20T06:00:40.743+0000] {processor.py:161} INFO - Started process (PID=59001) to work on /workspaces/recomart-recommendation-pipeline/airflow_venv/lib/python3.12/site-packages/airflow/example_dags/example_trigger_controller_dag.py
[2026-07-20T06:00:40.744+0000] {processor.py:830} INFO - Processing file /workspaces/recomart-recommendation-pipeline/airflow_venv/lib/python3.12/site-packages/airflow/example_dags/example_trigger_controller_dag.py for tasks to queue
[2026-07-20T06:00:40.745+0000] {logging_mixin.py:188} INFO - [2026-07-20T06:00:40.745+0000] {dagbag.py:545} INFO - Filling up the DagBag from /workspaces/recomart-recommendation-pipeline/airflow_venv/lib/python3.12/site-packages/airflow/example_dags/example_trigger_controller_dag.py
[2026-07-20T06:00:40.752+0000] {processor.py:840} INFO - DAG(s) 'example_trigger_controller_dag' retrieved from /workspaces/recomart-recommendation-pipeline/airflow_venv/lib/python3.12/site-packages/airflow/example_dags/example_trigger_controller_dag.py
[2026-07-20T06:00:40.765+0000] {logging_mixin.py:188} INFO - [2026-07-20T06:00:40.765+0000] {dag.py:3089} INFO - Sync 1 DAGs
[2026-07-20T06:00:40.783+0000] {logging_mixin.py:188} INFO - [2026-07-20T06:00:40.783+0000] {dag.py:3947} INFO - Setting next_dagrun for example_trigger_controller_dag to 2021-01-01 00:00:00+00:00, run_after=2021-01-01 00:00:00+00:00
[2026-07-20T06:00:40.803+0000] {processor.py:183} INFO - Processing /workspaces/recomart-recommendation-pipeline/airflow_venv/lib/python3.12/site-packages/airflow/example_dags/example_trigger_controller_dag.py took 0.064 seconds
[2026-07-20T06:01:25.549+0000] {processor.py:161} INFO - Started process (PID=59499) to work on /workspaces/recomart-recommendation-pipeline/airflow_venv/lib/python3.12/site-packages/airflow/example_dags/example_trigger_controller_dag.py
[2026-07-20T06:01:25.550+0000] {processor.py:830} INFO - Processing file /workspaces/recomart-recommendation-pipeline/airflow_venv/lib/python3.12/site-packages/airflow/example_dags/example_trigger_controller_dag.py for tasks to queue
[2026-07-20T06:01:25.551+0000] {logging_mixin.py:188} INFO - [2026-07-20T06:01:25.551+0000] {dagbag.py:545} INFO - Filling up the DagBag from /workspaces/recomart-recommendation-pipeline/airflow_venv/lib/python3.12/site-packages/airflow/example_dags/example_trigger_controller_dag.py
[2026-07-20T06:01:25.556+0000] {processor.py:840} INFO - DAG(s) 'example_trigger_controller_dag' retrieved from /workspaces/recomart-recommendation-pipeline/airflow_venv/lib/python3.12/site-packages/airflow/example_dags/example_trigger_controller_dag.py
[2026-07-20T06:01:25.578+0000] {logging_mixin.py:188} INFO - [2026-07-20T06:01:25.578+0000] {dag.py:3089} INFO - Sync 1 DAGs
[2026-07-20T06:01:25.602+0000] {logging_mixin.py:188} INFO - [2026-07-20T06:01:25.602+0000] {dag.py:3947} INFO - Setting next_dagrun for example_trigger_controller_dag to 2021-01-01 00:00:00+00:00, run_after=2021-01-01 00:00:00+00:00
[2026-07-20T06:01:25.619+0000] {processor.py:183} INFO - Processing /workspaces/recomart-recommendation-pipeline/airflow_venv/lib/python3.12/site-packages/airflow/example_dags/example_trigger_controller_dag.py took 0.077 seconds
[2026-07-20T06:02:08.182+0000] {processor.py:161} INFO - Started process (PID=59995) to work on /workspaces/recomart-recommendation-pipeline/airflow_venv/lib/python3.12/site-packages/airflow/example_dags/example_trigger_controller_dag.py
[2026-07-20T06:02:08.184+0000] {processor.py:830} INFO - Processing file /workspaces/recomart-recommendation-pipeline/airflow_venv/lib/python3.12/site-packages/airflow/example_dags/example_trigger_controller_dag.py for tasks to queue
[2026-07-20T06:02:08.186+0000] {logging_mixin.py:188} INFO - [2026-07-20T06:02:08.185+0000] {dagbag.py:545} INFO - Filling up the DagBag from /workspaces/recomart-recommendation-pipeline/airflow_venv/lib/python3.12/site-packages/airflow/example_dags/example_trigger_controller_dag.py
[2026-07-20T06:02:08.200+0000] {processor.py:840} INFO - DAG(s) 'example_trigger_controller_dag' retrieved from /workspaces/recomart-recommendation-pipeline/airflow_venv/lib/python3.12/site-packages/airflow/example_dags/example_trigger_controller_dag.py
[2026-07-20T06:02:08.219+0000] {logging_mixin.py:188} INFO - [2026-07-20T06:02:08.219+0000] {dag.py:3089} INFO - Sync 1 DAGs
[2026-07-20T06:02:08.245+0000] {logging_mixin.py:188} INFO - [2026-07-20T06:02:08.244+0000] {dag.py:3947} INFO - Setting next_dagrun for example_trigger_controller_dag to 2021-01-01 00:00:00+00:00, run_after=2021-01-01 00:00:00+00:00
[2026-07-20T06:02:08.287+0000] {processor.py:183} INFO - Processing /workspaces/recomart-recommendation-pipeline/airflow_venv/lib/python3.12/site-packages/airflow/example_dags/example_trigger_controller_dag.py took 0.118 seconds
[2026-07-20T06:02:53.417+0000] {processor.py:161} INFO - Started process (PID=60384) to work on /workspaces/recomart-recommendation-pipeline/airflow_venv/lib/python3.12/site-packages/airflow/example_dags/example_trigger_controller_dag.py
[2026-07-20T06:02:53.422+0000] {processor.py:830} INFO - Processing file /workspaces/recomart-recommendation-pipeline/airflow_venv/lib/python3.12/site-packages/airflow/example_dags/example_trigger_controller_dag.py for tasks to queue
[2026-07-20T06:02:53.425+0000] {logging_mixin.py:188} INFO - [2026-07-20T06:02:53.425+0000] {dagbag.py:545} INFO - Filling up the DagBag from /workspaces/recomart-recommendation-pipeline/airflow_venv/lib/python3.12/site-packages/airflow/example_dags/example_trigger_controller_dag.py
[2026-07-20T06:02:53.431+0000] {processor.py:840} INFO - DAG(s) 'example_trigger_controller_dag' retrieved from /workspaces/recomart-recommendation-pipeline/airflow_venv/lib/python3.12/site-packages/airflow/example_dags/example_trigger_controller_dag.py
[2026-07-20T06:02:53.447+0000] {logging_mixin.py:188} INFO - [2026-07-20T06:02:53.447+0000] {dag.py:3089} INFO - Sync 1 DAGs
[2026-07-20T06:02:53.470+0000] {logging_mixin.py:188} INFO - [2026-07-20T06:02:53.469+0000] {dag.py:3947} INFO - Setting next_dagrun for example_trigger_controller_dag to 2021-01-01 00:00:00+00:00, run_after=2021-01-01 00:00:00+00:00
[2026-07-20T06:02:53.564+0000] {processor.py:183} INFO - Processing /workspaces/recomart-recommendation-pipeline/airflow_venv/lib/python3.12/site-packages/airflow/example_dags/example_trigger_controller_dag.py took 0.154 seconds
[2026-07-20T06:03:44.488+0000] {processor.py:161} INFO - Started process (PID=60873) to work on /workspaces/recomart-recommendation-pipeline/airflow_venv/lib/python3.12/site-packages/airflow/example_dags/example_trigger_controller_dag.py
[2026-07-20T06:03:44.489+0000] {processor.py:830} INFO - Processing file /workspaces/recomart-recommendation-pipeline/airflow_venv/lib/python3.12/site-packages/airflow/example_dags/example_trigger_controller_dag.py for tasks to queue
[2026-07-20T06:03:44.491+0000] {logging_mixin.py:188} INFO - [2026-07-20T06:03:44.491+0000] {dagbag.py:545} INFO - Filling up the DagBag from /workspaces/recomart-recommendation-pipeline/airflow_venv/lib/python3.12/site-packages/airflow/example_dags/example_trigger_controller_dag.py
[2026-07-20T06:03:44.495+0000] {processor.py:840} INFO - DAG(s) 'example_trigger_controller_dag' retrieved from /workspaces/recomart-recommendation-pipeline/airflow_venv/lib/python3.12/site-packages/airflow/example_dags/example_trigger_controller_dag.py
[2026-07-20T06:03:44.506+0000] {logging_mixin.py:188} INFO - [2026-07-20T06:03:44.506+0000] {dag.py:3089} INFO - Sync 1 DAGs
[2026-07-20T06:03:44.521+0000] {logging_mixin.py:188} INFO - [2026-07-20T06:03:44.521+0000] {dag.py:3947} INFO - Setting next_dagrun for example_trigger_controller_dag to 2021-01-01 00:00:00+00:00, run_after=2021-01-01 00:00:00+00:00
[2026-07-20T06:03:44.540+0000] {processor.py:183} INFO - Processing /workspaces/recomart-recommendation-pipeline/airflow_venv/lib/python3.12/site-packages/airflow/example_dags/example_trigger_controller_dag.py took 0.057 seconds
[2026-07-20T06:04:28.632+0000] {processor.py:161} INFO - Started process (PID=61183) to work on /workspaces/recomart-recommendation-pipeline/airflow_venv/lib/python3.12/site-packages/airflow/example_dags/example_trigger_controller_dag.py
[2026-07-20T06:04:28.633+0000] {processor.py:830} INFO - Processing file /workspaces/recomart-recommendation-pipeline/airflow_venv/lib/python3.12/site-packages/airflow/example_dags/example_trigger_controller_dag.py for tasks to queue
[2026-07-20T06:04:28.635+0000] {logging_mixin.py:188} INFO - [2026-07-20T06:04:28.634+0000] {dagbag.py:545} INFO - Filling up the DagBag from /workspaces/recomart-recommendation-pipeline/airflow_venv/lib/python3.12/site-packages/airflow/example_dags/example_trigger_controller_dag.py
[2026-07-20T06:04:28.638+0000] {processor.py:840} INFO - DAG(s) 'example_trigger_controller_dag' retrieved from /workspaces/recomart-recommendation-pipeline/airflow_venv/lib/python3.12/site-packages/airflow/example_dags/example_trigger_controller_dag.py
[2026-07-20T06:04:28.650+0000] {logging_mixin.py:188} INFO - [2026-07-20T06:04:28.649+0000] {dag.py:3089} INFO - Sync 1 DAGs
[2026-07-20T06:04:28.751+0000] {logging_mixin.py:188} INFO - [2026-07-20T06:04:28.751+0000] {dag.py:3947} INFO - Setting next_dagrun for example_trigger_controller_dag to 2021-01-01 00:00:00+00:00, run_after=2021-01-01 00:00:00+00:00
[2026-07-20T06:04:28.772+0000] {processor.py:183} INFO - Processing /workspaces/recomart-recommendation-pipeline/airflow_venv/lib/python3.12/site-packages/airflow/example_dags/example_trigger_controller_dag.py took 0.144 seconds
[2026-07-20T06:05:11.875+0000] {processor.py:161} INFO - Started process (PID=61555) to work on /workspaces/recomart-recommendation-pipeline/airflow_venv/lib/python3.12/site-packages/airflow/example_dags/example_trigger_controller_dag.py
[2026-07-20T06:05:11.875+0000] {processor.py:830} INFO - Processing file /workspaces/recomart-recommendation-pipeline/airflow_venv/lib/python3.12/site-packages/airflow/example_dags/example_trigger_controller_dag.py for tasks to queue
[2026-07-20T06:05:11.877+0000] {logging_mixin.py:188} INFO - [2026-07-20T06:05:11.877+0000] {dagbag.py:545} INFO - Filling up the DagBag from /workspaces/recomart-recommendation-pipeline/airflow_venv/lib/python3.12/site-packages/airflow/example_dags/example_trigger_controller_dag.py
[2026-07-20T06:05:11.882+0000] {processor.py:840} INFO - DAG(s) 'example_trigger_controller_dag' retrieved from /workspaces/recomart-recommendation-pipeline/airflow_venv/lib/python3.12/site-packages/airflow/example_dags/example_trigger_controller_dag.py
[2026-07-20T06:05:11.895+0000] {logging_mixin.py:188} INFO - [2026-07-20T06:05:11.895+0000] {dag.py:3089} INFO - Sync 1 DAGs
[2026-07-20T06:05:11.909+0000] {logging_mixin.py:188} INFO - [2026-07-20T06:05:11.909+0000] {dag.py:3947} INFO - Setting next_dagrun for example_trigger_controller_dag to 2021-01-01 00:00:00+00:00, run_after=2021-01-01 00:00:00+00:00
[2026-07-20T06:05:11.929+0000] {processor.py:183} INFO - Processing /workspaces/recomart-recommendation-pipeline/airflow_venv/lib/python3.12/site-packages/airflow/example_dags/example_trigger_controller_dag.py took 0.060 seconds
[2026-07-20T06:05:57.799+0000] {processor.py:161} INFO - Started process (PID=61946) to work on /workspaces/recomart-recommendation-pipeline/airflow_venv/lib/python3.12/site-packages/airflow/example_dags/example_trigger_controller_dag.py
[2026-07-20T06:05:57.800+0000] {processor.py:830} INFO - Processing file /workspaces/recomart-recommendation-pipeline/airflow_venv/lib/python3.12/site-packages/airflow/example_dags/example_trigger_controller_dag.py for tasks to queue
[2026-07-20T06:05:57.801+0000] {logging_mixin.py:188} INFO - [2026-07-20T06:05:57.801+0000] {dagbag.py:545} INFO - Filling up the DagBag from /workspaces/recomart-recommendation-pipeline/airflow_venv/lib/python3.12/site-packages/airflow/example_dags/example_trigger_controller_dag.py
[2026-07-20T06:05:57.805+0000] {processor.py:840} INFO - DAG(s) 'example_trigger_controller_dag' retrieved from /workspaces/recomart-recommendation-pipeline/airflow_venv/lib/python3.12/site-packages/airflow/example_dags/example_trigger_controller_dag.py
[2026-07-20T06:05:57.818+0000] {logging_mixin.py:188} INFO - [2026-07-20T06:05:57.818+0000] {dag.py:3089} INFO - Sync 1 DAGs
[2026-07-20T06:05:57.838+0000] {logging_mixin.py:188} INFO - [2026-07-20T06:05:57.838+0000] {dag.py:3947} INFO - Setting next_dagrun for example_trigger_controller_dag to 2021-01-01 00:00:00+00:00, run_after=2021-01-01 00:00:00+00:00
[2026-07-20T06:05:57.897+0000] {processor.py:183} INFO - Processing /workspaces/recomart-recommendation-pipeline/airflow_venv/lib/python3.12/site-packages/airflow/example_dags/example_trigger_controller_dag.py took 0.102 seconds
[2026-07-20T06:06:44.374+0000] {processor.py:161} INFO - Started process (PID=62340) to work on /workspaces/recomart-recommendation-pipeline/airflow_venv/lib/python3.12/site-packages/airflow/example_dags/example_trigger_controller_dag.py
[2026-07-20T06:06:44.375+0000] {processor.py:830} INFO - Processing file /workspaces/recomart-recommendation-pipeline/airflow_venv/lib/python3.12/site-packages/airflow/example_dags/example_trigger_controller_dag.py for tasks to queue
[2026-07-20T06:06:44.377+0000] {logging_mixin.py:188} INFO - [2026-07-20T06:06:44.376+0000] {dagbag.py:545} INFO - Filling up the DagBag from /workspaces/recomart-recommendation-pipeline/airflow_venv/lib/python3.12/site-packages/airflow/example_dags/example_trigger_controller_dag.py
[2026-07-20T06:06:44.382+0000] {processor.py:840} INFO - DAG(s) 'example_trigger_controller_dag' retrieved from /workspaces/recomart-recommendation-pipeline/airflow_venv/lib/python3.12/site-packages/airflow/example_dags/example_trigger_controller_dag.py
[2026-07-20T06:06:44.395+0000] {logging_mixin.py:188} INFO - [2026-07-20T06:06:44.395+0000] {dag.py:3089} INFO - Sync 1 DAGs
[2026-07-20T06:06:44.515+0000] {logging_mixin.py:188} INFO - [2026-07-20T06:06:44.515+0000] {dag.py:3947} INFO - Setting next_dagrun for example_trigger_controller_dag to 2021-01-01 00:00:00+00:00, run_after=2021-01-01 00:00:00+00:00
[2026-07-20T06:06:44.533+0000] {processor.py:183} INFO - Processing /workspaces/recomart-recommendation-pipeline/airflow_venv/lib/python3.12/site-packages/airflow/example_dags/example_trigger_controller_dag.py took 0.165 seconds
[2026-07-20T06:07:35.323+0000] {processor.py:161} INFO - Started process (PID=62725) to work on /workspaces/recomart-recommendation-pipeline/airflow_venv/lib/python3.12/site-packages/airflow/example_dags/example_trigger_controller_dag.py
[2026-07-20T06:07:35.324+0000] {processor.py:830} INFO - Processing file /workspaces/recomart-recommendation-pipeline/airflow_venv/lib/python3.12/site-packages/airflow/example_dags/example_trigger_controller_dag.py for tasks to queue
[2026-07-20T06:07:35.326+0000] {logging_mixin.py:188} INFO - [2026-07-20T06:07:35.326+0000] {dagbag.py:545} INFO - Filling up the DagBag from /workspaces/recomart-recommendation-pipeline/airflow_venv/lib/python3.12/site-packages/airflow/example_dags/example_trigger_controller_dag.py
[2026-07-20T06:07:35.332+0000] {processor.py:840} INFO - DAG(s) 'example_trigger_controller_dag' retrieved from /workspaces/recomart-recommendation-pipeline/airflow_venv/lib/python3.12/site-packages/airflow/example_dags/example_trigger_controller_dag.py
[2026-07-20T06:07:35.343+0000] {logging_mixin.py:188} INFO - [2026-07-20T06:07:35.343+0000] {dag.py:3089} INFO - Sync 1 DAGs
[2026-07-20T06:07:35.357+0000] {logging_mixin.py:188} INFO - [2026-07-20T06:07:35.357+0000] {dag.py:3947} INFO - Setting next_dagrun for example_trigger_controller_dag to 2021-01-01 00:00:00+00:00, run_after=2021-01-01 00:00:00+00:00
[2026-07-20T06:07:35.375+0000] {processor.py:183} INFO - Processing /workspaces/recomart-recommendation-pipeline/airflow_venv/lib/python3.12/site-packages/airflow/example_dags/example_trigger_controller_dag.py took 0.058 seconds
[2026-07-20T06:08:51.987+0000] {processor.py:161} INFO - Started process (PID=63573) to work on /workspaces/recomart-recommendation-pipeline/airflow_venv/lib/python3.12/site-packages/airflow/example_dags/example_trigger_controller_dag.py
[2026-07-20T06:08:51.988+0000] {processor.py:830} INFO - Processing file /workspaces/recomart-recommendation-pipeline/airflow_venv/lib/python3.12/site-packages/airflow/example_dags/example_trigger_controller_dag.py for tasks to queue
[2026-07-20T06:08:51.989+0000] {logging_mixin.py:188} INFO - [2026-07-20T06:08:51.989+0000] {dagbag.py:545} INFO - Filling up the DagBag from /workspaces/recomart-recommendation-pipeline/airflow_venv/lib/python3.12/site-packages/airflow/example_dags/example_trigger_controller_dag.py
[2026-07-20T06:08:51.995+0000] {processor.py:840} INFO - DAG(s) 'example_trigger_controller_dag' retrieved from /workspaces/recomart-recommendation-pipeline/airflow_venv/lib/python3.12/site-packages/airflow/example_dags/example_trigger_controller_dag.py
[2026-07-20T06:08:52.001+0000] {logging_mixin.py:188} INFO - [2026-07-20T06:08:52.001+0000] {dag.py:3089} INFO - Sync 1 DAGs
[2026-07-20T06:08:52.016+0000] {logging_mixin.py:188} INFO - [2026-07-20T06:08:52.016+0000] {dag.py:3947} INFO - Setting next_dagrun for example_trigger_controller_dag to 2021-01-01 00:00:00+00:00, run_after=2021-01-01 00:00:00+00:00
[2026-07-20T06:08:52.032+0000] {processor.py:183} INFO - Processing /workspaces/recomart-recommendation-pipeline/airflow_venv/lib/python3.12/site-packages/airflow/example_dags/example_trigger_controller_dag.py took 0.051 seconds
[2026-07-20T06:09:47.470+0000] {processor.py:161} INFO - Started process (PID=64023) to work on /workspaces/recomart-recommendation-pipeline/airflow_venv/lib/python3.12/site-packages/airflow/example_dags/example_trigger_controller_dag.py
[2026-07-20T06:09:47.470+0000] {processor.py:830} INFO - Processing file /workspaces/recomart-recommendation-pipeline/airflow_venv/lib/python3.12/site-packages/airflow/example_dags/example_trigger_controller_dag.py for tasks to queue
[2026-07-20T06:09:47.472+0000] {logging_mixin.py:188} INFO - [2026-07-20T06:09:47.472+0000] {dagbag.py:545} INFO - Filling up the DagBag from /workspaces/recomart-recommendation-pipeline/airflow_venv/lib/python3.12/site-packages/airflow/example_dags/example_trigger_controller_dag.py
[2026-07-20T06:09:47.477+0000] {processor.py:840} INFO - DAG(s) 'example_trigger_controller_dag' retrieved from /workspaces/recomart-recommendation-pipeline/airflow_venv/lib/python3.12/site-packages/airflow/example_dags/example_trigger_controller_dag.py
[2026-07-20T06:09:47.559+0000] {logging_mixin.py:188} INFO - [2026-07-20T06:09:47.559+0000] {dag.py:3089} INFO - Sync 1 DAGs
[2026-07-20T06:09:47.572+0000] {logging_mixin.py:188} INFO - [2026-07-20T06:09:47.571+0000] {dag.py:3947} INFO - Setting next_dagrun for example_trigger_controller_dag to 2021-01-01 00:00:00+00:00, run_after=2021-01-01 00:00:00+00:00
[2026-07-20T06:09:47.589+0000] {processor.py:183} INFO - Processing /workspaces/recomart-recommendation-pipeline/airflow_venv/lib/python3.12/site-packages/airflow/example_dags/example_trigger_controller_dag.py took 0.124 seconds
[2026-07-20T06:10:38.203+0000] {processor.py:161} INFO - Started process (PID=64388) to work on /workspaces/recomart-recommendation-pipeline/airflow_venv/lib/python3.12/site-packages/airflow/example_dags/example_trigger_controller_dag.py
[2026-07-20T06:10:38.204+0000] {processor.py:830} INFO - Processing file /workspaces/recomart-recommendation-pipeline/airflow_venv/lib/python3.12/site-packages/airflow/example_dags/example_trigger_controller_dag.py for tasks to queue
[2026-07-20T06:10:38.205+0000] {logging_mixin.py:188} INFO - [2026-07-20T06:10:38.205+0000] {dagbag.py:545} INFO - Filling up the DagBag from /workspaces/recomart-recommendation-pipeline/airflow_venv/lib/python3.12/site-packages/airflow/example_dags/example_trigger_controller_dag.py
[2026-07-20T06:10:38.209+0000] {processor.py:840} INFO - DAG(s) 'example_trigger_controller_dag' retrieved from /workspaces/recomart-recommendation-pipeline/airflow_venv/lib/python3.12/site-packages/airflow/example_dags/example_trigger_controller_dag.py
[2026-07-20T06:10:38.220+0000] {logging_mixin.py:188} INFO - [2026-07-20T06:10:38.220+0000] {dag.py:3089} INFO - Sync 1 DAGs
[2026-07-20T06:10:38.234+0000] {logging_mixin.py:188} INFO - [2026-07-20T06:10:38.234+0000] {dag.py:3947} INFO - Setting next_dagrun for example_trigger_controller_dag to 2021-01-01 00:00:00+00:00, run_after=2021-01-01 00:00:00+00:00
[2026-07-20T06:10:38.251+0000] {processor.py:183} INFO - Processing /workspaces/recomart-recommendation-pipeline/airflow_venv/lib/python3.12/site-packages/airflow/example_dags/example_trigger_controller_dag.py took 0.051 seconds
[2026-07-20T06:11:20.121+0000] {processor.py:161} INFO - Started process (PID=64926) to work on /workspaces/recomart-recommendation-pipeline/airflow_venv/lib/python3.12/site-packages/airflow/example_dags/example_trigger_controller_dag.py
[2026-07-20T06:11:20.121+0000] {processor.py:830} INFO - Processing file /workspaces/recomart-recommendation-pipeline/airflow_venv/lib/python3.12/site-packages/airflow/example_dags/example_trigger_controller_dag.py for tasks to queue
[2026-07-20T06:11:20.123+0000] {logging_mixin.py:188} INFO - [2026-07-20T06:11:20.122+0000] {dagbag.py:545} INFO - Filling up the DagBag from /workspaces/recomart-recommendation-pipeline/airflow_venv/lib/python3.12/site-packages/airflow/example_dags/example_trigger_controller_dag.py
[2026-07-20T06:11:20.127+0000] {processor.py:840} INFO - DAG(s) 'example_trigger_controller_dag' retrieved from /workspaces/recomart-recommendation-pipeline/airflow_venv/lib/python3.12/site-packages/airflow/example_dags/example_trigger_controller_dag.py
[2026-07-20T06:11:20.138+0000] {logging_mixin.py:188} INFO - [2026-07-20T06:11:20.138+0000] {dag.py:3089} INFO - Sync 1 DAGs
[2026-07-20T06:11:20.152+0000] {logging_mixin.py:188} INFO - [2026-07-20T06:11:20.152+0000] {dag.py:3947} INFO - Setting next_dagrun for example_trigger_controller_dag to 2021-01-01 00:00:00+00:00, run_after=2021-01-01 00:00:00+00:00
[2026-07-20T06:11:20.175+0000] {processor.py:183} INFO - Processing /workspaces/recomart-recommendation-pipeline/airflow_venv/lib/python3.12/site-packages/airflow/example_dags/example_trigger_controller_dag.py took 0.058 seconds
[2026-07-20T06:12:02.072+0000] {processor.py:161} INFO - Started process (PID=65284) to work on /workspaces/recomart-recommendation-pipeline/airflow_venv/lib/python3.12/site-packages/airflow/example_dags/example_trigger_controller_dag.py
[2026-07-20T06:12:02.073+0000] {processor.py:830} INFO - Processing file /workspaces/recomart-recommendation-pipeline/airflow_venv/lib/python3.12/site-packages/airflow/example_dags/example_trigger_controller_dag.py for tasks to queue
[2026-07-20T06:12:02.075+0000] {logging_mixin.py:188} INFO - [2026-07-20T06:12:02.075+0000] {dagbag.py:545} INFO - Filling up the DagBag from /workspaces/recomart-recommendation-pipeline/airflow_venv/lib/python3.12/site-packages/airflow/example_dags/example_trigger_controller_dag.py
[2026-07-20T06:12:02.080+0000] {processor.py:840} INFO - DAG(s) 'example_trigger_controller_dag' retrieved from /workspaces/recomart-recommendation-pipeline/airflow_venv/lib/python3.12/site-packages/airflow/example_dags/example_trigger_controller_dag.py
[2026-07-20T06:12:02.109+0000] {logging_mixin.py:188} INFO - [2026-07-20T06:12:02.108+0000] {dag.py:3089} INFO - Sync 1 DAGs
[2026-07-20T06:12:02.129+0000] {logging_mixin.py:188} INFO - [2026-07-20T06:12:02.129+0000] {dag.py:3947} INFO - Setting next_dagrun for example_trigger_controller_dag to 2021-01-01 00:00:00+00:00, run_after=2021-01-01 00:00:00+00:00
[2026-07-20T06:12:02.147+0000] {processor.py:183} INFO - Processing /workspaces/recomart-recommendation-pipeline/airflow_venv/lib/python3.12/site-packages/airflow/example_dags/example_trigger_controller_dag.py took 0.085 seconds
[2026-07-20T06:12:44.251+0000] {processor.py:161} INFO - Started process (PID=65668) to work on /workspaces/recomart-recommendation-pipeline/airflow_venv/lib/python3.12/site-packages/airflow/example_dags/example_trigger_controller_dag.py
[2026-07-20T06:12:44.252+0000] {processor.py:830} INFO - Processing file /workspaces/recomart-recommendation-pipeline/airflow_venv/lib/python3.12/site-packages/airflow/example_dags/example_trigger_controller_dag.py for tasks to queue
[2026-07-20T06:12:44.253+0000] {logging_mixin.py:188} INFO - [2026-07-20T06:12:44.253+0000] {dagbag.py:545} INFO - Filling up the DagBag from /workspaces/recomart-recommendation-pipeline/airflow_venv/lib/python3.12/site-packages/airflow/example_dags/example_trigger_controller_dag.py
[2026-07-20T06:12:44.257+0000] {processor.py:840} INFO - DAG(s) 'example_trigger_controller_dag' retrieved from /workspaces/recomart-recommendation-pipeline/airflow_venv/lib/python3.12/site-packages/airflow/example_dags/example_trigger_controller_dag.py
[2026-07-20T06:12:44.270+0000] {logging_mixin.py:188} INFO - [2026-07-20T06:12:44.270+0000] {dag.py:3089} INFO - Sync 1 DAGs
[2026-07-20T06:12:44.286+0000] {logging_mixin.py:188} INFO - [2026-07-20T06:12:44.286+0000] {dag.py:3947} INFO - Setting next_dagrun for example_trigger_controller_dag to 2021-01-01 00:00:00+00:00, run_after=2021-01-01 00:00:00+00:00
[2026-07-20T06:12:44.306+0000] {processor.py:183} INFO - Processing /workspaces/recomart-recommendation-pipeline/airflow_venv/lib/python3.12/site-packages/airflow/example_dags/example_trigger_controller_dag.py took 0.059 seconds
[2026-07-20T06:13:29.866+0000] {processor.py:161} INFO - Started process (PID=65987) to work on /workspaces/recomart-recommendation-pipeline/airflow_venv/lib/python3.12/site-packages/airflow/example_dags/example_trigger_controller_dag.py
[2026-07-20T06:13:29.866+0000] {processor.py:830} INFO - Processing file /workspaces/recomart-recommendation-pipeline/airflow_venv/lib/python3.12/site-packages/airflow/example_dags/example_trigger_controller_dag.py for tasks to queue
[2026-07-20T06:13:29.868+0000] {logging_mixin.py:188} INFO - [2026-07-20T06:13:29.868+0000] {dagbag.py:545} INFO - Filling up the DagBag from /workspaces/recomart-recommendation-pipeline/airflow_venv/lib/python3.12/site-packages/airflow/example_dags/example_trigger_controller_dag.py
[2026-07-20T06:13:29.873+0000] {processor.py:840} INFO - DAG(s) 'example_trigger_controller_dag' retrieved from /workspaces/recomart-recommendation-pipeline/airflow_venv/lib/python3.12/site-packages/airflow/example_dags/example_trigger_controller_dag.py
[2026-07-20T06:13:29.891+0000] {logging_mixin.py:188} INFO - [2026-07-20T06:13:29.891+0000] {dag.py:3089} INFO - Sync 1 DAGs
[2026-07-20T06:13:29.909+0000] {logging_mixin.py:188} INFO - [2026-07-20T06:13:29.909+0000] {dag.py:3947} INFO - Setting next_dagrun for example_trigger_controller_dag to 2021-01-01 00:00:00+00:00, run_after=2021-01-01 00:00:00+00:00
[2026-07-20T06:13:29.927+0000] {processor.py:183} INFO - Processing /workspaces/recomart-recommendation-pipeline/airflow_venv/lib/python3.12/site-packages/airflow/example_dags/example_trigger_controller_dag.py took 0.066 seconds
[2026-07-20T06:14:15.728+0000] {processor.py:161} INFO - Started process (PID=66538) to work on /workspaces/recomart-recommendation-pipeline/airflow_venv/lib/python3.12/site-packages/airflow/example_dags/example_trigger_controller_dag.py
[2026-07-20T06:14:15.729+0000] {processor.py:830} INFO - Processing file /workspaces/recomart-recommendation-pipeline/airflow_venv/lib/python3.12/site-packages/airflow/example_dags/example_trigger_controller_dag.py for tasks to queue
[2026-07-20T06:14:15.731+0000] {logging_mixin.py:188} INFO - [2026-07-20T06:14:15.730+0000] {dagbag.py:545} INFO - Filling up the DagBag from /workspaces/recomart-recommendation-pipeline/airflow_venv/lib/python3.12/site-packages/airflow/example_dags/example_trigger_controller_dag.py
[2026-07-20T06:14:15.737+0000] {processor.py:840} INFO - DAG(s) 'example_trigger_controller_dag' retrieved from /workspaces/recomart-recommendation-pipeline/airflow_venv/lib/python3.12/site-packages/airflow/example_dags/example_trigger_controller_dag.py
[2026-07-20T06:14:15.758+0000] {logging_mixin.py:188} INFO - [2026-07-20T06:14:15.758+0000] {dag.py:3089} INFO - Sync 1 DAGs
[2026-07-20T06:14:16.201+0000] {logging_mixin.py:188} INFO - [2026-07-20T06:14:16.201+0000] {dag.py:3947} INFO - Setting next_dagrun for example_trigger_controller_dag to 2021-01-01 00:00:00+00:00, run_after=2021-01-01 00:00:00+00:00
[2026-07-20T06:14:16.333+0000] {processor.py:183} INFO - Processing /workspaces/recomart-recommendation-pipeline/airflow_venv/lib/python3.12/site-packages/airflow/example_dags/example_trigger_controller_dag.py took 0.611 seconds
[2026-07-20T06:15:01.367+0000] {processor.py:161} INFO - Started process (PID=67125) to work on /workspaces/recomart-recommendation-pipeline/airflow_venv/lib/python3.12/site-packages/airflow/example_dags/example_trigger_controller_dag.py
[2026-07-20T06:15:01.367+0000] {processor.py:830} INFO - Processing file /workspaces/recomart-recommendation-pipeline/airflow_venv/lib/python3.12/site-packages/airflow/example_dags/example_trigger_controller_dag.py for tasks to queue
[2026-07-20T06:15:01.369+0000] {logging_mixin.py:188} INFO - [2026-07-20T06:15:01.368+0000] {dagbag.py:545} INFO - Filling up the DagBag from /workspaces/recomart-recommendation-pipeline/airflow_venv/lib/python3.12/site-packages/airflow/example_dags/example_trigger_controller_dag.py
[2026-07-20T06:15:01.374+0000] {processor.py:840} INFO - DAG(s) 'example_trigger_controller_dag' retrieved from /workspaces/recomart-recommendation-pipeline/airflow_venv/lib/python3.12/site-packages/airflow/example_dags/example_trigger_controller_dag.py
[2026-07-20T06:15:01.389+0000] {logging_mixin.py:188} INFO - [2026-07-20T06:15:01.389+0000] {dag.py:3089} INFO - Sync 1 DAGs
[2026-07-20T06:15:01.405+0000] {logging_mixin.py:188} INFO - [2026-07-20T06:15:01.405+0000] {dag.py:3947} INFO - Setting next_dagrun for example_trigger_controller_dag to 2021-01-01 00:00:00+00:00, run_after=2021-01-01 00:00:00+00:00
[2026-07-20T06:15:01.423+0000] {processor.py:183} INFO - Processing /workspaces/recomart-recommendation-pipeline/airflow_venv/lib/python3.12/site-packages/airflow/example_dags/example_trigger_controller_dag.py took 0.060 seconds
[2026-07-20T06:30:54.141+0000] {processor.py:161} INFO - Started process (PID=73500) to work on /workspaces/recomart-recommendation-pipeline/airflow_venv/lib/python3.12/site-packages/airflow/example_dags/example_trigger_controller_dag.py
[2026-07-20T06:30:54.142+0000] {processor.py:830} INFO - Processing file /workspaces/recomart-recommendation-pipeline/airflow_venv/lib/python3.12/site-packages/airflow/example_dags/example_trigger_controller_dag.py for tasks to queue
[2026-07-20T06:30:54.144+0000] {logging_mixin.py:188} INFO - [2026-07-20T06:30:54.144+0000] {dagbag.py:545} INFO - Filling up the DagBag from /workspaces/recomart-recommendation-pipeline/airflow_venv/lib/python3.12/site-packages/airflow/example_dags/example_trigger_controller_dag.py
[2026-07-20T06:30:54.152+0000] {processor.py:840} INFO - DAG(s) 'example_trigger_controller_dag' retrieved from /workspaces/recomart-recommendation-pipeline/airflow_venv/lib/python3.12/site-packages/airflow/example_dags/example_trigger_controller_dag.py
[2026-07-20T06:30:54.159+0000] {logging_mixin.py:188} INFO - [2026-07-20T06:30:54.158+0000] {dag.py:3089} INFO - Sync 1 DAGs
[2026-07-20T06:30:54.179+0000] {logging_mixin.py:188} INFO - [2026-07-20T06:30:54.179+0000] {dag.py:3947} INFO - Setting next_dagrun for example_trigger_controller_dag to 2021-01-01 00:00:00+00:00, run_after=2021-01-01 00:00:00+00:00
[2026-07-20T06:30:54.199+0000] {processor.py:183} INFO - Processing /workspaces/recomart-recommendation-pipeline/airflow_venv/lib/python3.12/site-packages/airflow/example_dags/example_trigger_controller_dag.py took 0.063 seconds
[2026-07-20T06:31:50.905+0000] {processor.py:161} INFO - Started process (PID=74098) to work on /workspaces/recomart-recommendation-pipeline/airflow_venv/lib/python3.12/site-packages/airflow/example_dags/example_trigger_controller_dag.py
[2026-07-20T06:31:50.905+0000] {processor.py:830} INFO - Processing file /workspaces/recomart-recommendation-pipeline/airflow_venv/lib/python3.12/site-packages/airflow/example_dags/example_trigger_controller_dag.py for tasks to queue
[2026-07-20T06:31:50.907+0000] {logging_mixin.py:188} INFO - [2026-07-20T06:31:50.906+0000] {dagbag.py:545} INFO - Filling up the DagBag from /workspaces/recomart-recommendation-pipeline/airflow_venv/lib/python3.12/site-packages/airflow/example_dags/example_trigger_controller_dag.py
[2026-07-20T06:31:50.911+0000] {processor.py:840} INFO - DAG(s) 'example_trigger_controller_dag' retrieved from /workspaces/recomart-recommendation-pipeline/airflow_venv/lib/python3.12/site-packages/airflow/example_dags/example_trigger_controller_dag.py
[2026-07-20T06:31:50.996+0000] {logging_mixin.py:188} INFO - [2026-07-20T06:31:50.995+0000] {dag.py:3089} INFO - Sync 1 DAGs
[2026-07-20T06:31:51.008+0000] {logging_mixin.py:188} INFO - [2026-07-20T06:31:51.007+0000] {dag.py:3947} INFO - Setting next_dagrun for example_trigger_controller_dag to 2021-01-01 00:00:00+00:00, run_after=2021-01-01 00:00:00+00:00
[2026-07-20T06:31:51.026+0000] {processor.py:183} INFO - Processing /workspaces/recomart-recommendation-pipeline/airflow_venv/lib/python3.12/site-packages/airflow/example_dags/example_trigger_controller_dag.py took 0.125 seconds
[2026-07-20T06:32:39.288+0000] {processor.py:161} INFO - Started process (PID=74749) to work on /workspaces/recomart-recommendation-pipeline/airflow_venv/lib/python3.12/site-packages/airflow/example_dags/example_trigger_controller_dag.py
[2026-07-20T06:32:39.289+0000] {processor.py:830} INFO - Processing file /workspaces/recomart-recommendation-pipeline/airflow_venv/lib/python3.12/site-packages/airflow/example_dags/example_trigger_controller_dag.py for tasks to queue
[2026-07-20T06:32:39.290+0000] {logging_mixin.py:188} INFO - [2026-07-20T06:32:39.290+0000] {dagbag.py:545} INFO - Filling up the DagBag from /workspaces/recomart-recommendation-pipeline/airflow_venv/lib/python3.12/site-packages/airflow/example_dags/example_trigger_controller_dag.py
[2026-07-20T06:32:39.294+0000] {processor.py:840} INFO - DAG(s) 'example_trigger_controller_dag' retrieved from /workspaces/recomart-recommendation-pipeline/airflow_venv/lib/python3.12/site-packages/airflow/example_dags/example_trigger_controller_dag.py
[2026-07-20T06:32:39.305+0000] {logging_mixin.py:188} INFO - [2026-07-20T06:32:39.305+0000] {dag.py:3089} INFO - Sync 1 DAGs
[2026-07-20T06:32:39.320+0000] {logging_mixin.py:188} INFO - [2026-07-20T06:32:39.320+0000] {dag.py:3947} INFO - Setting next_dagrun for example_trigger_controller_dag to 2021-01-01 00:00:00+00:00, run_after=2021-01-01 00:00:00+00:00
[2026-07-20T06:32:39.337+0000] {processor.py:183} INFO - Processing /workspaces/recomart-recommendation-pipeline/airflow_venv/lib/python3.12/site-packages/airflow/example_dags/example_trigger_controller_dag.py took 0.054 seconds
[2026-07-20T06:33:24.102+0000] {processor.py:161} INFO - Started process (PID=75132) to work on /workspaces/recomart-recommendation-pipeline/airflow_venv/lib/python3.12/site-packages/airflow/example_dags/example_trigger_controller_dag.py
[2026-07-20T06:33:24.103+0000] {processor.py:830} INFO - Processing file /workspaces/recomart-recommendation-pipeline/airflow_venv/lib/python3.12/site-packages/airflow/example_dags/example_trigger_controller_dag.py for tasks to queue
[2026-07-20T06:33:24.104+0000] {logging_mixin.py:188} INFO - [2026-07-20T06:33:24.104+0000] {dagbag.py:545} INFO - Filling up the DagBag from /workspaces/recomart-recommendation-pipeline/airflow_venv/lib/python3.12/site-packages/airflow/example_dags/example_trigger_controller_dag.py
[2026-07-20T06:33:24.108+0000] {processor.py:840} INFO - DAG(s) 'example_trigger_controller_dag' retrieved from /workspaces/recomart-recommendation-pipeline/airflow_venv/lib/python3.12/site-packages/airflow/example_dags/example_trigger_controller_dag.py
[2026-07-20T06:33:24.119+0000] {logging_mixin.py:188} INFO - [2026-07-20T06:33:24.119+0000] {dag.py:3089} INFO - Sync 1 DAGs
[2026-07-20T06:33:24.141+0000] {logging_mixin.py:188} INFO - [2026-07-20T06:33:24.141+0000] {dag.py:3947} INFO - Setting next_dagrun for example_trigger_controller_dag to 2021-01-01 00:00:00+00:00, run_after=2021-01-01 00:00:00+00:00
[2026-07-20T06:33:24.158+0000] {processor.py:183} INFO - Processing /workspaces/recomart-recommendation-pipeline/airflow_venv/lib/python3.12/site-packages/airflow/example_dags/example_trigger_controller_dag.py took 0.061 seconds
[2026-07-20T06:34:43.244+0000] {processor.py:161} INFO - Started process (PID=76522) to work on /workspaces/recomart-recommendation-pipeline/airflow_venv/lib/python3.12/site-packages/airflow/example_dags/example_trigger_controller_dag.py
[2026-07-20T06:34:43.244+0000] {processor.py:830} INFO - Processing file /workspaces/recomart-recommendation-pipeline/airflow_venv/lib/python3.12/site-packages/airflow/example_dags/example_trigger_controller_dag.py for tasks to queue
[2026-07-20T06:34:43.246+0000] {logging_mixin.py:188} INFO - [2026-07-20T06:34:43.246+0000] {dagbag.py:545} INFO - Filling up the DagBag from /workspaces/recomart-recommendation-pipeline/airflow_venv/lib/python3.12/site-packages/airflow/example_dags/example_trigger_controller_dag.py
[2026-07-20T06:34:43.250+0000] {processor.py:840} INFO - DAG(s) 'example_trigger_controller_dag' retrieved from /workspaces/recomart-recommendation-pipeline/airflow_venv/lib/python3.12/site-packages/airflow/example_dags/example_trigger_controller_dag.py
[2026-07-20T06:34:43.268+0000] {logging_mixin.py:188} INFO - [2026-07-20T06:34:43.267+0000] {dag.py:3089} INFO - Sync 1 DAGs
[2026-07-20T06:34:43.288+0000] {logging_mixin.py:188} INFO - [2026-07-20T06:34:43.287+0000] {dag.py:3947} INFO - Setting next_dagrun for example_trigger_controller_dag to 2021-01-01 00:00:00+00:00, run_after=2021-01-01 00:00:00+00:00
[2026-07-20T06:34:43.305+0000] {processor.py:183} INFO - Processing /workspaces/recomart-recommendation-pipeline/airflow_venv/lib/python3.12/site-packages/airflow/example_dags/example_trigger_controller_dag.py took 0.065 seconds
[2026-07-20T06:35:37.489+0000] {processor.py:161} INFO - Started process (PID=77566) to work on /workspaces/recomart-recommendation-pipeline/airflow_venv/lib/python3.12/site-packages/airflow/example_dags/example_trigger_controller_dag.py
[2026-07-20T06:35:37.490+0000] {processor.py:830} INFO - Processing file /workspaces/recomart-recommendation-pipeline/airflow_venv/lib/python3.12/site-packages/airflow/example_dags/example_trigger_controller_dag.py for tasks to queue
[2026-07-20T06:35:37.492+0000] {logging_mixin.py:188} INFO - [2026-07-20T06:35:37.491+0000] {dagbag.py:545} INFO - Filling up the DagBag from /workspaces/recomart-recommendation-pipeline/airflow_venv/lib/python3.12/site-packages/airflow/example_dags/example_trigger_controller_dag.py
[2026-07-20T06:35:37.497+0000] {processor.py:840} INFO - DAG(s) 'example_trigger_controller_dag' retrieved from /workspaces/recomart-recommendation-pipeline/airflow_venv/lib/python3.12/site-packages/airflow/example_dags/example_trigger_controller_dag.py
[2026-07-20T06:35:37.515+0000] {logging_mixin.py:188} INFO - [2026-07-20T06:35:37.514+0000] {dag.py:3089} INFO - Sync 1 DAGs
[2026-07-20T06:35:37.538+0000] {logging_mixin.py:188} INFO - [2026-07-20T06:35:37.538+0000] {dag.py:3947} INFO - Setting next_dagrun for example_trigger_controller_dag to 2021-01-01 00:00:00+00:00, run_after=2021-01-01 00:00:00+00:00
[2026-07-20T06:35:37.563+0000] {processor.py:183} INFO - Processing /workspaces/recomart-recommendation-pipeline/airflow_venv/lib/python3.12/site-packages/airflow/example_dags/example_trigger_controller_dag.py took 0.080 seconds
[2026-07-20T06:36:29.829+0000] {processor.py:161} INFO - Started process (PID=78551) to work on /workspaces/recomart-recommendation-pipeline/airflow_venv/lib/python3.12/site-packages/airflow/example_dags/example_trigger_controller_dag.py
[2026-07-20T06:36:29.830+0000] {processor.py:830} INFO - Processing file /workspaces/recomart-recommendation-pipeline/airflow_venv/lib/python3.12/site-packages/airflow/example_dags/example_trigger_controller_dag.py for tasks to queue
[2026-07-20T06:36:29.831+0000] {logging_mixin.py:188} INFO - [2026-07-20T06:36:29.831+0000] {dagbag.py:545} INFO - Filling up the DagBag from /workspaces/recomart-recommendation-pipeline/airflow_venv/lib/python3.12/site-packages/airflow/example_dags/example_trigger_controller_dag.py
[2026-07-20T06:36:29.835+0000] {processor.py:840} INFO - DAG(s) 'example_trigger_controller_dag' retrieved from /workspaces/recomart-recommendation-pipeline/airflow_venv/lib/python3.12/site-packages/airflow/example_dags/example_trigger_controller_dag.py
[2026-07-20T06:36:29.846+0000] {logging_mixin.py:188} INFO - [2026-07-20T06:36:29.846+0000] {dag.py:3089} INFO - Sync 1 DAGs
[2026-07-20T06:36:29.860+0000] {logging_mixin.py:188} INFO - [2026-07-20T06:36:29.859+0000] {dag.py:3947} INFO - Setting next_dagrun for example_trigger_controller_dag to 2021-01-01 00:00:00+00:00, run_after=2021-01-01 00:00:00+00:00
[2026-07-20T06:36:29.878+0000] {processor.py:183} INFO - Processing /workspaces/recomart-recommendation-pipeline/airflow_venv/lib/python3.12/site-packages/airflow/example_dags/example_trigger_controller_dag.py took 0.053 seconds
[2026-07-20T06:37:19.212+0000] {processor.py:161} INFO - Started process (PID=78975) to work on /workspaces/recomart-recommendation-pipeline/airflow_venv/lib/python3.12/site-packages/airflow/example_dags/example_trigger_controller_dag.py
[2026-07-20T06:37:19.212+0000] {processor.py:830} INFO - Processing file /workspaces/recomart-recommendation-pipeline/airflow_venv/lib/python3.12/site-packages/airflow/example_dags/example_trigger_controller_dag.py for tasks to queue
[2026-07-20T06:37:19.214+0000] {logging_mixin.py:188} INFO - [2026-07-20T06:37:19.213+0000] {dagbag.py:545} INFO - Filling up the DagBag from /workspaces/recomart-recommendation-pipeline/airflow_venv/lib/python3.12/site-packages/airflow/example_dags/example_trigger_controller_dag.py
[2026-07-20T06:37:19.218+0000] {processor.py:840} INFO - DAG(s) 'example_trigger_controller_dag' retrieved from /workspaces/recomart-recommendation-pipeline/airflow_venv/lib/python3.12/site-packages/airflow/example_dags/example_trigger_controller_dag.py
[2026-07-20T06:37:19.229+0000] {logging_mixin.py:188} INFO - [2026-07-20T06:37:19.228+0000] {dag.py:3089} INFO - Sync 1 DAGs
[2026-07-20T06:37:19.243+0000] {logging_mixin.py:188} INFO - [2026-07-20T06:37:19.243+0000] {dag.py:3947} INFO - Setting next_dagrun for example_trigger_controller_dag to 2021-01-01 00:00:00+00:00, run_after=2021-01-01 00:00:00+00:00
[2026-07-20T06:37:19.260+0000] {processor.py:183} INFO - Processing /workspaces/recomart-recommendation-pipeline/airflow_venv/lib/python3.12/site-packages/airflow/example_dags/example_trigger_controller_dag.py took 0.052 seconds
[2026-07-20T06:38:04.518+0000] {processor.py:161} INFO - Started process (PID=79357) to work on /workspaces/recomart-recommendation-pipeline/airflow_venv/lib/python3.12/site-packages/airflow/example_dags/example_trigger_controller_dag.py
[2026-07-20T06:38:04.519+0000] {processor.py:830} INFO - Processing file /workspaces/recomart-recommendation-pipeline/airflow_venv/lib/python3.12/site-packages/airflow/example_dags/example_trigger_controller_dag.py for tasks to queue
[2026-07-20T06:38:04.521+0000] {logging_mixin.py:188} INFO - [2026-07-20T06:38:04.520+0000] {dagbag.py:545} INFO - Filling up the DagBag from /workspaces/recomart-recommendation-pipeline/airflow_venv/lib/python3.12/site-packages/airflow/example_dags/example_trigger_controller_dag.py
[2026-07-20T06:38:04.524+0000] {processor.py:840} INFO - DAG(s) 'example_trigger_controller_dag' retrieved from /workspaces/recomart-recommendation-pipeline/airflow_venv/lib/python3.12/site-packages/airflow/example_dags/example_trigger_controller_dag.py
[2026-07-20T06:38:04.535+0000] {logging_mixin.py:188} INFO - [2026-07-20T06:38:04.535+0000] {dag.py:3089} INFO - Sync 1 DAGs
[2026-07-20T06:38:04.549+0000] {logging_mixin.py:188} INFO - [2026-07-20T06:38:04.549+0000] {dag.py:3947} INFO - Setting next_dagrun for example_trigger_controller_dag to 2021-01-01 00:00:00+00:00, run_after=2021-01-01 00:00:00+00:00
[2026-07-20T06:38:04.569+0000] {processor.py:183} INFO - Processing /workspaces/recomart-recommendation-pipeline/airflow_venv/lib/python3.12/site-packages/airflow/example_dags/example_trigger_controller_dag.py took 0.054 seconds
[2026-07-20T06:38:53.735+0000] {processor.py:161} INFO - Started process (PID=79777) to work on /workspaces/recomart-recommendation-pipeline/airflow_venv/lib/python3.12/site-packages/airflow/example_dags/example_trigger_controller_dag.py
[2026-07-20T06:38:53.736+0000] {processor.py:830} INFO - Processing file /workspaces/recomart-recommendation-pipeline/airflow_venv/lib/python3.12/site-packages/airflow/example_dags/example_trigger_controller_dag.py for tasks to queue
[2026-07-20T06:38:53.737+0000] {logging_mixin.py:188} INFO - [2026-07-20T06:38:53.737+0000] {dagbag.py:545} INFO - Filling up the DagBag from /workspaces/recomart-recommendation-pipeline/airflow_venv/lib/python3.12/site-packages/airflow/example_dags/example_trigger_controller_dag.py
[2026-07-20T06:38:53.741+0000] {processor.py:840} INFO - DAG(s) 'example_trigger_controller_dag' retrieved from /workspaces/recomart-recommendation-pipeline/airflow_venv/lib/python3.12/site-packages/airflow/example_dags/example_trigger_controller_dag.py
[2026-07-20T06:38:53.752+0000] {logging_mixin.py:188} INFO - [2026-07-20T06:38:53.752+0000] {dag.py:3089} INFO - Sync 1 DAGs
[2026-07-20T06:38:53.766+0000] {logging_mixin.py:188} INFO - [2026-07-20T06:38:53.766+0000] {dag.py:3947} INFO - Setting next_dagrun for example_trigger_controller_dag to 2021-01-01 00:00:00+00:00, run_after=2021-01-01 00:00:00+00:00
[2026-07-20T06:38:53.786+0000] {processor.py:183} INFO - Processing /workspaces/recomart-recommendation-pipeline/airflow_venv/lib/python3.12/site-packages/airflow/example_dags/example_trigger_controller_dag.py took 0.055 seconds
[2026-07-20T06:39:40.387+0000] {processor.py:161} INFO - Started process (PID=80153) to work on /workspaces/recomart-recommendation-pipeline/airflow_venv/lib/python3.12/site-packages/airflow/example_dags/example_trigger_controller_dag.py
[2026-07-20T06:39:40.387+0000] {processor.py:830} INFO - Processing file /workspaces/recomart-recommendation-pipeline/airflow_venv/lib/python3.12/site-packages/airflow/example_dags/example_trigger_controller_dag.py for tasks to queue
[2026-07-20T06:39:40.389+0000] {logging_mixin.py:188} INFO - [2026-07-20T06:39:40.389+0000] {dagbag.py:545} INFO - Filling up the DagBag from /workspaces/recomart-recommendation-pipeline/airflow_venv/lib/python3.12/site-packages/airflow/example_dags/example_trigger_controller_dag.py
[2026-07-20T06:39:40.393+0000] {processor.py:840} INFO - DAG(s) 'example_trigger_controller_dag' retrieved from /workspaces/recomart-recommendation-pipeline/airflow_venv/lib/python3.12/site-packages/airflow/example_dags/example_trigger_controller_dag.py
[2026-07-20T06:39:40.405+0000] {logging_mixin.py:188} INFO - [2026-07-20T06:39:40.405+0000] {dag.py:3089} INFO - Sync 1 DAGs
[2026-07-20T06:39:40.521+0000] {logging_mixin.py:188} INFO - [2026-07-20T06:39:40.521+0000] {dag.py:3947} INFO - Setting next_dagrun for example_trigger_controller_dag to 2021-01-01 00:00:00+00:00, run_after=2021-01-01 00:00:00+00:00
[2026-07-20T06:39:40.536+0000] {processor.py:183} INFO - Processing /workspaces/recomart-recommendation-pipeline/airflow_venv/lib/python3.12/site-packages/airflow/example_dags/example_trigger_controller_dag.py took 0.156 seconds
[2026-07-20T06:40:31.339+0000] {processor.py:161} INFO - Started process (PID=80553) to work on /workspaces/recomart-recommendation-pipeline/airflow_venv/lib/python3.12/site-packages/airflow/example_dags/example_trigger_controller_dag.py
[2026-07-20T06:40:31.339+0000] {processor.py:830} INFO - Processing file /workspaces/recomart-recommendation-pipeline/airflow_venv/lib/python3.12/site-packages/airflow/example_dags/example_trigger_controller_dag.py for tasks to queue
[2026-07-20T06:40:31.341+0000] {logging_mixin.py:188} INFO - [2026-07-20T06:40:31.341+0000] {dagbag.py:545} INFO - Filling up the DagBag from /workspaces/recomart-recommendation-pipeline/airflow_venv/lib/python3.12/site-packages/airflow/example_dags/example_trigger_controller_dag.py
[2026-07-20T06:40:31.345+0000] {processor.py:840} INFO - DAG(s) 'example_trigger_controller_dag' retrieved from /workspaces/recomart-recommendation-pipeline/airflow_venv/lib/python3.12/site-packages/airflow/example_dags/example_trigger_controller_dag.py
[2026-07-20T06:40:31.356+0000] {logging_mixin.py:188} INFO - [2026-07-20T06:40:31.356+0000] {dag.py:3089} INFO - Sync 1 DAGs
[2026-07-20T06:40:31.374+0000] {logging_mixin.py:188} INFO - [2026-07-20T06:40:31.374+0000] {dag.py:3947} INFO - Setting next_dagrun for example_trigger_controller_dag to 2021-01-01 00:00:00+00:00, run_after=2021-01-01 00:00:00+00:00
[2026-07-20T06:40:31.393+0000] {processor.py:183} INFO - Processing /workspaces/recomart-recommendation-pipeline/airflow_venv/lib/python3.12/site-packages/airflow/example_dags/example_trigger_controller_dag.py took 0.059 seconds
[2026-07-20T06:41:18.931+0000] {processor.py:161} INFO - Started process (PID=81013) to work on /workspaces/recomart-recommendation-pipeline/airflow_venv/lib/python3.12/site-packages/airflow/example_dags/example_trigger_controller_dag.py
[2026-07-20T06:41:18.932+0000] {processor.py:830} INFO - Processing file /workspaces/recomart-recommendation-pipeline/airflow_venv/lib/python3.12/site-packages/airflow/example_dags/example_trigger_controller_dag.py for tasks to queue
[2026-07-20T06:41:18.933+0000] {logging_mixin.py:188} INFO - [2026-07-20T06:41:18.933+0000] {dagbag.py:545} INFO - Filling up the DagBag from /workspaces/recomart-recommendation-pipeline/airflow_venv/lib/python3.12/site-packages/airflow/example_dags/example_trigger_controller_dag.py
[2026-07-20T06:41:18.938+0000] {processor.py:840} INFO - DAG(s) 'example_trigger_controller_dag' retrieved from /workspaces/recomart-recommendation-pipeline/airflow_venv/lib/python3.12/site-packages/airflow/example_dags/example_trigger_controller_dag.py
[2026-07-20T06:41:18.949+0000] {logging_mixin.py:188} INFO - [2026-07-20T06:41:18.949+0000] {dag.py:3089} INFO - Sync 1 DAGs
[2026-07-20T06:41:18.963+0000] {logging_mixin.py:188} INFO - [2026-07-20T06:41:18.963+0000] {dag.py:3947} INFO - Setting next_dagrun for example_trigger_controller_dag to 2021-01-01 00:00:00+00:00, run_after=2021-01-01 00:00:00+00:00
[2026-07-20T06:41:18.980+0000] {processor.py:183} INFO - Processing /workspaces/recomart-recommendation-pipeline/airflow_venv/lib/python3.12/site-packages/airflow/example_dags/example_trigger_controller_dag.py took 0.054 seconds
[2026-07-20T06:42:05.387+0000] {processor.py:161} INFO - Started process (PID=81411) to work on /workspaces/recomart-recommendation-pipeline/airflow_venv/lib/python3.12/site-packages/airflow/example_dags/example_trigger_controller_dag.py
[2026-07-20T06:42:05.388+0000] {processor.py:830} INFO - Processing file /workspaces/recomart-recommendation-pipeline/airflow_venv/lib/python3.12/site-packages/airflow/example_dags/example_trigger_controller_dag.py for tasks to queue
[2026-07-20T06:42:05.390+0000] {logging_mixin.py:188} INFO - [2026-07-20T06:42:05.389+0000] {dagbag.py:545} INFO - Filling up the DagBag from /workspaces/recomart-recommendation-pipeline/airflow_venv/lib/python3.12/site-packages/airflow/example_dags/example_trigger_controller_dag.py
[2026-07-20T06:42:05.394+0000] {processor.py:840} INFO - DAG(s) 'example_trigger_controller_dag' retrieved from /workspaces/recomart-recommendation-pipeline/airflow_venv/lib/python3.12/site-packages/airflow/example_dags/example_trigger_controller_dag.py
[2026-07-20T06:42:05.406+0000] {logging_mixin.py:188} INFO - [2026-07-20T06:42:05.405+0000] {dag.py:3089} INFO - Sync 1 DAGs
[2026-07-20T06:42:05.420+0000] {logging_mixin.py:188} INFO - [2026-07-20T06:42:05.420+0000] {dag.py:3947} INFO - Setting next_dagrun for example_trigger_controller_dag to 2021-01-01 00:00:00+00:00, run_after=2021-01-01 00:00:00+00:00
[2026-07-20T06:42:05.438+0000] {processor.py:183} INFO - Processing /workspaces/recomart-recommendation-pipeline/airflow_venv/lib/python3.12/site-packages/airflow/example_dags/example_trigger_controller_dag.py took 0.056 seconds
[2026-07-20T06:42:52.328+0000] {processor.py:161} INFO - Started process (PID=81802) to work on /workspaces/recomart-recommendation-pipeline/airflow_venv/lib/python3.12/site-packages/airflow/example_dags/example_trigger_controller_dag.py
[2026-07-20T06:42:52.329+0000] {processor.py:830} INFO - Processing file /workspaces/recomart-recommendation-pipeline/airflow_venv/lib/python3.12/site-packages/airflow/example_dags/example_trigger_controller_dag.py for tasks to queue
[2026-07-20T06:42:52.330+0000] {logging_mixin.py:188} INFO - [2026-07-20T06:42:52.330+0000] {dagbag.py:545} INFO - Filling up the DagBag from /workspaces/recomart-recommendation-pipeline/airflow_venv/lib/python3.12/site-packages/airflow/example_dags/example_trigger_controller_dag.py
[2026-07-20T06:42:52.335+0000] {processor.py:840} INFO - DAG(s) 'example_trigger_controller_dag' retrieved from /workspaces/recomart-recommendation-pipeline/airflow_venv/lib/python3.12/site-packages/airflow/example_dags/example_trigger_controller_dag.py
[2026-07-20T06:42:52.346+0000] {logging_mixin.py:188} INFO - [2026-07-20T06:42:52.345+0000] {dag.py:3089} INFO - Sync 1 DAGs
[2026-07-20T06:42:52.361+0000] {logging_mixin.py:188} INFO - [2026-07-20T06:42:52.361+0000] {dag.py:3947} INFO - Setting next_dagrun for example_trigger_controller_dag to 2021-01-01 00:00:00+00:00, run_after=2021-01-01 00:00:00+00:00
[2026-07-20T06:42:52.383+0000] {processor.py:183} INFO - Processing /workspaces/recomart-recommendation-pipeline/airflow_venv/lib/python3.12/site-packages/airflow/example_dags/example_trigger_controller_dag.py took 0.059 seconds
[2026-07-20T06:43:40.930+0000] {processor.py:161} INFO - Started process (PID=82182) to work on /workspaces/recomart-recommendation-pipeline/airflow_venv/lib/python3.12/site-packages/airflow/example_dags/example_trigger_controller_dag.py
[2026-07-20T06:43:40.931+0000] {processor.py:830} INFO - Processing file /workspaces/recomart-recommendation-pipeline/airflow_venv/lib/python3.12/site-packages/airflow/example_dags/example_trigger_controller_dag.py for tasks to queue
[2026-07-20T06:43:40.932+0000] {logging_mixin.py:188} INFO - [2026-07-20T06:43:40.932+0000] {dagbag.py:545} INFO - Filling up the DagBag from /workspaces/recomart-recommendation-pipeline/airflow_venv/lib/python3.12/site-packages/airflow/example_dags/example_trigger_controller_dag.py
[2026-07-20T06:43:40.937+0000] {processor.py:840} INFO - DAG(s) 'example_trigger_controller_dag' retrieved from /workspaces/recomart-recommendation-pipeline/airflow_venv/lib/python3.12/site-packages/airflow/example_dags/example_trigger_controller_dag.py
[2026-07-20T06:43:40.948+0000] {logging_mixin.py:188} INFO - [2026-07-20T06:43:40.948+0000] {dag.py:3089} INFO - Sync 1 DAGs
[2026-07-20T06:43:40.963+0000] {logging_mixin.py:188} INFO - [2026-07-20T06:43:40.963+0000] {dag.py:3947} INFO - Setting next_dagrun for example_trigger_controller_dag to 2021-01-01 00:00:00+00:00, run_after=2021-01-01 00:00:00+00:00
[2026-07-20T06:43:40.980+0000] {processor.py:183} INFO - Processing /workspaces/recomart-recommendation-pipeline/airflow_venv/lib/python3.12/site-packages/airflow/example_dags/example_trigger_controller_dag.py took 0.055 seconds
[2026-07-20T06:44:30.418+0000] {processor.py:161} INFO - Started process (PID=82585) to work on /workspaces/recomart-recommendation-pipeline/airflow_venv/lib/python3.12/site-packages/airflow/example_dags/example_trigger_controller_dag.py
[2026-07-20T06:44:30.419+0000] {processor.py:830} INFO - Processing file /workspaces/recomart-recommendation-pipeline/airflow_venv/lib/python3.12/site-packages/airflow/example_dags/example_trigger_controller_dag.py for tasks to queue
[2026-07-20T06:44:30.420+0000] {logging_mixin.py:188} INFO - [2026-07-20T06:44:30.420+0000] {dagbag.py:545} INFO - Filling up the DagBag from /workspaces/recomart-recommendation-pipeline/airflow_venv/lib/python3.12/site-packages/airflow/example_dags/example_trigger_controller_dag.py
[2026-07-20T06:44:30.424+0000] {processor.py:840} INFO - DAG(s) 'example_trigger_controller_dag' retrieved from /workspaces/recomart-recommendation-pipeline/airflow_venv/lib/python3.12/site-packages/airflow/example_dags/example_trigger_controller_dag.py
[2026-07-20T06:44:30.436+0000] {logging_mixin.py:188} INFO - [2026-07-20T06:44:30.435+0000] {dag.py:3089} INFO - Sync 1 DAGs
[2026-07-20T06:44:30.450+0000] {logging_mixin.py:188} INFO - [2026-07-20T06:44:30.449+0000] {dag.py:3947} INFO - Setting next_dagrun for example_trigger_controller_dag to 2021-01-01 00:00:00+00:00, run_after=2021-01-01 00:00:00+00:00
[2026-07-20T06:44:30.471+0000] {processor.py:183} INFO - Processing /workspaces/recomart-recommendation-pipeline/airflow_venv/lib/python3.12/site-packages/airflow/example_dags/example_trigger_controller_dag.py took 0.058 seconds
[2026-07-20T06:45:11.857+0000] {processor.py:161} INFO - Started process (PID=82946) to work on /workspaces/recomart-recommendation-pipeline/airflow_venv/lib/python3.12/site-packages/airflow/example_dags/example_trigger_controller_dag.py
[2026-07-20T06:45:11.858+0000] {processor.py:830} INFO - Processing file /workspaces/recomart-recommendation-pipeline/airflow_venv/lib/python3.12/site-packages/airflow/example_dags/example_trigger_controller_dag.py for tasks to queue
[2026-07-20T06:45:11.859+0000] {logging_mixin.py:188} INFO - [2026-07-20T06:45:11.859+0000] {dagbag.py:545} INFO - Filling up the DagBag from /workspaces/recomart-recommendation-pipeline/airflow_venv/lib/python3.12/site-packages/airflow/example_dags/example_trigger_controller_dag.py
[2026-07-20T06:45:11.863+0000] {processor.py:840} INFO - DAG(s) 'example_trigger_controller_dag' retrieved from /workspaces/recomart-recommendation-pipeline/airflow_venv/lib/python3.12/site-packages/airflow/example_dags/example_trigger_controller_dag.py
[2026-07-20T06:45:11.877+0000] {logging_mixin.py:188} INFO - [2026-07-20T06:45:11.876+0000] {dag.py:3089} INFO - Sync 1 DAGs
[2026-07-20T06:45:11.896+0000] {logging_mixin.py:188} INFO - [2026-07-20T06:45:11.896+0000] {dag.py:3947} INFO - Setting next_dagrun for example_trigger_controller_dag to 2021-01-01 00:00:00+00:00, run_after=2021-01-01 00:00:00+00:00
[2026-07-20T06:45:11.912+0000] {processor.py:183} INFO - Processing /workspaces/recomart-recommendation-pipeline/airflow_venv/lib/python3.12/site-packages/airflow/example_dags/example_trigger_controller_dag.py took 0.060 seconds
[2026-07-20T06:45:52.874+0000] {processor.py:161} INFO - Started process (PID=83367) to work on /workspaces/recomart-recommendation-pipeline/airflow_venv/lib/python3.12/site-packages/airflow/example_dags/example_trigger_controller_dag.py
[2026-07-20T06:45:52.875+0000] {processor.py:830} INFO - Processing file /workspaces/recomart-recommendation-pipeline/airflow_venv/lib/python3.12/site-packages/airflow/example_dags/example_trigger_controller_dag.py for tasks to queue
[2026-07-20T06:45:52.877+0000] {logging_mixin.py:188} INFO - [2026-07-20T06:45:52.876+0000] {dagbag.py:545} INFO - Filling up the DagBag from /workspaces/recomart-recommendation-pipeline/airflow_venv/lib/python3.12/site-packages/airflow/example_dags/example_trigger_controller_dag.py
[2026-07-20T06:45:52.882+0000] {processor.py:840} INFO - DAG(s) 'example_trigger_controller_dag' retrieved from /workspaces/recomart-recommendation-pipeline/airflow_venv/lib/python3.12/site-packages/airflow/example_dags/example_trigger_controller_dag.py
[2026-07-20T06:45:52.895+0000] {logging_mixin.py:188} INFO - [2026-07-20T06:45:52.895+0000] {dag.py:3089} INFO - Sync 1 DAGs
[2026-07-20T06:45:52.909+0000] {logging_mixin.py:188} INFO - [2026-07-20T06:45:52.909+0000] {dag.py:3947} INFO - Setting next_dagrun for example_trigger_controller_dag to 2021-01-01 00:00:00+00:00, run_after=2021-01-01 00:00:00+00:00
[2026-07-20T06:45:52.927+0000] {processor.py:183} INFO - Processing /workspaces/recomart-recommendation-pipeline/airflow_venv/lib/python3.12/site-packages/airflow/example_dags/example_trigger_controller_dag.py took 0.058 seconds
[2026-07-20T06:46:38.297+0000] {processor.py:161} INFO - Started process (PID=83687) to work on /workspaces/recomart-recommendation-pipeline/airflow_venv/lib/python3.12/site-packages/airflow/example_dags/example_trigger_controller_dag.py
[2026-07-20T06:46:38.298+0000] {processor.py:830} INFO - Processing file /workspaces/recomart-recommendation-pipeline/airflow_venv/lib/python3.12/site-packages/airflow/example_dags/example_trigger_controller_dag.py for tasks to queue
[2026-07-20T06:46:38.300+0000] {logging_mixin.py:188} INFO - [2026-07-20T06:46:38.299+0000] {dagbag.py:545} INFO - Filling up the DagBag from /workspaces/recomart-recommendation-pipeline/airflow_venv/lib/python3.12/site-packages/airflow/example_dags/example_trigger_controller_dag.py
[2026-07-20T06:46:38.303+0000] {processor.py:840} INFO - DAG(s) 'example_trigger_controller_dag' retrieved from /workspaces/recomart-recommendation-pipeline/airflow_venv/lib/python3.12/site-packages/airflow/example_dags/example_trigger_controller_dag.py
[2026-07-20T06:46:38.315+0000] {logging_mixin.py:188} INFO - [2026-07-20T06:46:38.315+0000] {dag.py:3089} INFO - Sync 1 DAGs
[2026-07-20T06:46:38.329+0000] {logging_mixin.py:188} INFO - [2026-07-20T06:46:38.329+0000] {dag.py:3947} INFO - Setting next_dagrun for example_trigger_controller_dag to 2021-01-01 00:00:00+00:00, run_after=2021-01-01 00:00:00+00:00
[2026-07-20T06:46:38.345+0000] {processor.py:183} INFO - Processing /workspaces/recomart-recommendation-pipeline/airflow_venv/lib/python3.12/site-packages/airflow/example_dags/example_trigger_controller_dag.py took 0.052 seconds
[2026-07-20T06:47:20.167+0000] {processor.py:161} INFO - Started process (PID=84071) to work on /workspaces/recomart-recommendation-pipeline/airflow_venv/lib/python3.12/site-packages/airflow/example_dags/example_trigger_controller_dag.py
[2026-07-20T06:47:20.168+0000] {processor.py:830} INFO - Processing file /workspaces/recomart-recommendation-pipeline/airflow_venv/lib/python3.12/site-packages/airflow/example_dags/example_trigger_controller_dag.py for tasks to queue
[2026-07-20T06:47:20.169+0000] {logging_mixin.py:188} INFO - [2026-07-20T06:47:20.169+0000] {dagbag.py:545} INFO - Filling up the DagBag from /workspaces/recomart-recommendation-pipeline/airflow_venv/lib/python3.12/site-packages/airflow/example_dags/example_trigger_controller_dag.py
[2026-07-20T06:47:20.174+0000] {processor.py:840} INFO - DAG(s) 'example_trigger_controller_dag' retrieved from /workspaces/recomart-recommendation-pipeline/airflow_venv/lib/python3.12/site-packages/airflow/example_dags/example_trigger_controller_dag.py
[2026-07-20T06:47:20.188+0000] {logging_mixin.py:188} INFO - [2026-07-20T06:47:20.188+0000] {dag.py:3089} INFO - Sync 1 DAGs
[2026-07-20T06:47:20.203+0000] {logging_mixin.py:188} INFO - [2026-07-20T06:47:20.203+0000] {dag.py:3947} INFO - Setting next_dagrun for example_trigger_controller_dag to 2021-01-01 00:00:00+00:00, run_after=2021-01-01 00:00:00+00:00
[2026-07-20T06:47:20.220+0000] {processor.py:183} INFO - Processing /workspaces/recomart-recommendation-pipeline/airflow_venv/lib/python3.12/site-packages/airflow/example_dags/example_trigger_controller_dag.py took 0.058 seconds
[2026-07-20T06:48:02.736+0000] {processor.py:161} INFO - Started process (PID=84440) to work on /workspaces/recomart-recommendation-pipeline/airflow_venv/lib/python3.12/site-packages/airflow/example_dags/example_trigger_controller_dag.py
[2026-07-20T06:48:02.738+0000] {processor.py:830} INFO - Processing file /workspaces/recomart-recommendation-pipeline/airflow_venv/lib/python3.12/site-packages/airflow/example_dags/example_trigger_controller_dag.py for tasks to queue
[2026-07-20T06:48:02.740+0000] {logging_mixin.py:188} INFO - [2026-07-20T06:48:02.739+0000] {dagbag.py:545} INFO - Filling up the DagBag from /workspaces/recomart-recommendation-pipeline/airflow_venv/lib/python3.12/site-packages/airflow/example_dags/example_trigger_controller_dag.py
[2026-07-20T06:48:02.751+0000] {processor.py:840} INFO - DAG(s) 'example_trigger_controller_dag' retrieved from /workspaces/recomart-recommendation-pipeline/airflow_venv/lib/python3.12/site-packages/airflow/example_dags/example_trigger_controller_dag.py
[2026-07-20T06:48:02.777+0000] {logging_mixin.py:188} INFO - [2026-07-20T06:48:02.777+0000] {dag.py:3089} INFO - Sync 1 DAGs
[2026-07-20T06:48:02.799+0000] {logging_mixin.py:188} INFO - [2026-07-20T06:48:02.798+0000] {dag.py:3947} INFO - Setting next_dagrun for example_trigger_controller_dag to 2021-01-01 00:00:00+00:00, run_after=2021-01-01 00:00:00+00:00
[2026-07-20T06:48:02.839+0000] {processor.py:183} INFO - Processing /workspaces/recomart-recommendation-pipeline/airflow_venv/lib/python3.12/site-packages/airflow/example_dags/example_trigger_controller_dag.py took 0.112 seconds
[2026-07-20T06:48:44.985+0000] {processor.py:161} INFO - Started process (PID=84800) to work on /workspaces/recomart-recommendation-pipeline/airflow_venv/lib/python3.12/site-packages/airflow/example_dags/example_trigger_controller_dag.py
[2026-07-20T06:48:44.986+0000] {processor.py:830} INFO - Processing file /workspaces/recomart-recommendation-pipeline/airflow_venv/lib/python3.12/site-packages/airflow/example_dags/example_trigger_controller_dag.py for tasks to queue
[2026-07-20T06:48:44.988+0000] {logging_mixin.py:188} INFO - [2026-07-20T06:48:44.987+0000] {dagbag.py:545} INFO - Filling up the DagBag from /workspaces/recomart-recommendation-pipeline/airflow_venv/lib/python3.12/site-packages/airflow/example_dags/example_trigger_controller_dag.py
[2026-07-20T06:48:44.992+0000] {processor.py:840} INFO - DAG(s) 'example_trigger_controller_dag' retrieved from /workspaces/recomart-recommendation-pipeline/airflow_venv/lib/python3.12/site-packages/airflow/example_dags/example_trigger_controller_dag.py
[2026-07-20T06:48:45.010+0000] {logging_mixin.py:188} INFO - [2026-07-20T06:48:45.009+0000] {dag.py:3089} INFO - Sync 1 DAGs
[2026-07-20T06:48:45.032+0000] {logging_mixin.py:188} INFO - [2026-07-20T06:48:45.032+0000] {dag.py:3947} INFO - Setting next_dagrun for example_trigger_controller_dag to 2021-01-01 00:00:00+00:00, run_after=2021-01-01 00:00:00+00:00
[2026-07-20T06:48:45.059+0000] {processor.py:183} INFO - Processing /workspaces/recomart-recommendation-pipeline/airflow_venv/lib/python3.12/site-packages/airflow/example_dags/example_trigger_controller_dag.py took 0.079 seconds
[2026-07-20T06:49:26.931+0000] {processor.py:161} INFO - Started process (PID=85228) to work on /workspaces/recomart-recommendation-pipeline/airflow_venv/lib/python3.12/site-packages/airflow/example_dags/example_trigger_controller_dag.py
[2026-07-20T06:49:26.932+0000] {processor.py:830} INFO - Processing file /workspaces/recomart-recommendation-pipeline/airflow_venv/lib/python3.12/site-packages/airflow/example_dags/example_trigger_controller_dag.py for tasks to queue
[2026-07-20T06:49:26.933+0000] {logging_mixin.py:188} INFO - [2026-07-20T06:49:26.933+0000] {dagbag.py:545} INFO - Filling up the DagBag from /workspaces/recomart-recommendation-pipeline/airflow_venv/lib/python3.12/site-packages/airflow/example_dags/example_trigger_controller_dag.py
[2026-07-20T06:49:26.937+0000] {processor.py:840} INFO - DAG(s) 'example_trigger_controller_dag' retrieved from /workspaces/recomart-recommendation-pipeline/airflow_venv/lib/python3.12/site-packages/airflow/example_dags/example_trigger_controller_dag.py
[2026-07-20T06:49:26.949+0000] {logging_mixin.py:188} INFO - [2026-07-20T06:49:26.948+0000] {dag.py:3089} INFO - Sync 1 DAGs
[2026-07-20T06:49:26.970+0000] {logging_mixin.py:188} INFO - [2026-07-20T06:49:26.970+0000] {dag.py:3947} INFO - Setting next_dagrun for example_trigger_controller_dag to 2021-01-01 00:00:00+00:00, run_after=2021-01-01 00:00:00+00:00
[2026-07-20T06:49:26.990+0000] {processor.py:183} INFO - Processing /workspaces/recomart-recommendation-pipeline/airflow_venv/lib/python3.12/site-packages/airflow/example_dags/example_trigger_controller_dag.py took 0.064 seconds
[2026-07-20T06:50:07.886+0000] {processor.py:161} INFO - Started process (PID=85703) to work on /workspaces/recomart-recommendation-pipeline/airflow_venv/lib/python3.12/site-packages/airflow/example_dags/example_trigger_controller_dag.py
[2026-07-20T06:50:07.887+0000] {processor.py:830} INFO - Processing file /workspaces/recomart-recommendation-pipeline/airflow_venv/lib/python3.12/site-packages/airflow/example_dags/example_trigger_controller_dag.py for tasks to queue
[2026-07-20T06:50:07.888+0000] {logging_mixin.py:188} INFO - [2026-07-20T06:50:07.888+0000] {dagbag.py:545} INFO - Filling up the DagBag from /workspaces/recomart-recommendation-pipeline/airflow_venv/lib/python3.12/site-packages/airflow/example_dags/example_trigger_controller_dag.py
[2026-07-20T06:50:07.894+0000] {processor.py:840} INFO - DAG(s) 'example_trigger_controller_dag' retrieved from /workspaces/recomart-recommendation-pipeline/airflow_venv/lib/python3.12/site-packages/airflow/example_dags/example_trigger_controller_dag.py
[2026-07-20T06:50:07.905+0000] {logging_mixin.py:188} INFO - [2026-07-20T06:50:07.905+0000] {dag.py:3089} INFO - Sync 1 DAGs
[2026-07-20T06:50:07.919+0000] {logging_mixin.py:188} INFO - [2026-07-20T06:50:07.919+0000] {dag.py:3947} INFO - Setting next_dagrun for example_trigger_controller_dag to 2021-01-01 00:00:00+00:00, run_after=2021-01-01 00:00:00+00:00
[2026-07-20T06:50:07.936+0000] {processor.py:183} INFO - Processing /workspaces/recomart-recommendation-pipeline/airflow_venv/lib/python3.12/site-packages/airflow/example_dags/example_trigger_controller_dag.py took 0.056 seconds
[2026-07-20T06:50:52.056+0000] {processor.py:161} INFO - Started process (PID=86143) to work on /workspaces/recomart-recommendation-pipeline/airflow_venv/lib/python3.12/site-packages/airflow/example_dags/example_trigger_controller_dag.py
[2026-07-20T06:50:52.057+0000] {processor.py:830} INFO - Processing file /workspaces/recomart-recommendation-pipeline/airflow_venv/lib/python3.12/site-packages/airflow/example_dags/example_trigger_controller_dag.py for tasks to queue
[2026-07-20T06:50:52.058+0000] {logging_mixin.py:188} INFO - [2026-07-20T06:50:52.058+0000] {dagbag.py:545} INFO - Filling up the DagBag from /workspaces/recomart-recommendation-pipeline/airflow_venv/lib/python3.12/site-packages/airflow/example_dags/example_trigger_controller_dag.py
[2026-07-20T06:50:52.062+0000] {processor.py:840} INFO - DAG(s) 'example_trigger_controller_dag' retrieved from /workspaces/recomart-recommendation-pipeline/airflow_venv/lib/python3.12/site-packages/airflow/example_dags/example_trigger_controller_dag.py
[2026-07-20T06:50:52.076+0000] {logging_mixin.py:188} INFO - [2026-07-20T06:50:52.075+0000] {dag.py:3089} INFO - Sync 1 DAGs
[2026-07-20T06:50:52.095+0000] {logging_mixin.py:188} INFO - [2026-07-20T06:50:52.094+0000] {dag.py:3947} INFO - Setting next_dagrun for example_trigger_controller_dag to 2021-01-01 00:00:00+00:00, run_after=2021-01-01 00:00:00+00:00
[2026-07-20T06:50:52.111+0000] {processor.py:183} INFO - Processing /workspaces/recomart-recommendation-pipeline/airflow_venv/lib/python3.12/site-packages/airflow/example_dags/example_trigger_controller_dag.py took 0.059 seconds
[2026-07-20T06:51:39.774+0000] {processor.py:161} INFO - Started process (PID=86556) to work on /workspaces/recomart-recommendation-pipeline/airflow_venv/lib/python3.12/site-packages/airflow/example_dags/example_trigger_controller_dag.py
[2026-07-20T06:51:39.775+0000] {processor.py:830} INFO - Processing file /workspaces/recomart-recommendation-pipeline/airflow_venv/lib/python3.12/site-packages/airflow/example_dags/example_trigger_controller_dag.py for tasks to queue
[2026-07-20T06:51:39.777+0000] {logging_mixin.py:188} INFO - [2026-07-20T06:51:39.776+0000] {dagbag.py:545} INFO - Filling up the DagBag from /workspaces/recomart-recommendation-pipeline/airflow_venv/lib/python3.12/site-packages/airflow/example_dags/example_trigger_controller_dag.py
[2026-07-20T06:51:39.782+0000] {processor.py:840} INFO - DAG(s) 'example_trigger_controller_dag' retrieved from /workspaces/recomart-recommendation-pipeline/airflow_venv/lib/python3.12/site-packages/airflow/example_dags/example_trigger_controller_dag.py
[2026-07-20T06:51:39.797+0000] {logging_mixin.py:188} INFO - [2026-07-20T06:51:39.796+0000] {dag.py:3089} INFO - Sync 1 DAGs
[2026-07-20T06:51:39.814+0000] {logging_mixin.py:188} INFO - [2026-07-20T06:51:39.813+0000] {dag.py:3947} INFO - Setting next_dagrun for example_trigger_controller_dag to 2021-01-01 00:00:00+00:00, run_after=2021-01-01 00:00:00+00:00
[2026-07-20T06:51:39.831+0000] {processor.py:183} INFO - Processing /workspaces/recomart-recommendation-pipeline/airflow_venv/lib/python3.12/site-packages/airflow/example_dags/example_trigger_controller_dag.py took 0.063 seconds
[2026-07-20T06:57:54.300+0000] {processor.py:161} INFO - Started process (PID=89632) to work on /workspaces/recomart-recommendation-pipeline/airflow_venv/lib/python3.12/site-packages/airflow/example_dags/example_trigger_controller_dag.py
[2026-07-20T06:57:54.301+0000] {processor.py:830} INFO - Processing file /workspaces/recomart-recommendation-pipeline/airflow_venv/lib/python3.12/site-packages/airflow/example_dags/example_trigger_controller_dag.py for tasks to queue
[2026-07-20T06:57:54.303+0000] {logging_mixin.py:188} INFO - [2026-07-20T06:57:54.303+0000] {dagbag.py:545} INFO - Filling up the DagBag from /workspaces/recomart-recommendation-pipeline/airflow_venv/lib/python3.12/site-packages/airflow/example_dags/example_trigger_controller_dag.py
[2026-07-20T06:57:54.309+0000] {processor.py:840} INFO - DAG(s) 'example_trigger_controller_dag' retrieved from /workspaces/recomart-recommendation-pipeline/airflow_venv/lib/python3.12/site-packages/airflow/example_dags/example_trigger_controller_dag.py
[2026-07-20T06:57:54.316+0000] {logging_mixin.py:188} INFO - [2026-07-20T06:57:54.316+0000] {dag.py:3089} INFO - Sync 1 DAGs
[2026-07-20T06:57:54.333+0000] {logging_mixin.py:188} INFO - [2026-07-20T06:57:54.333+0000] {dag.py:3947} INFO - Setting next_dagrun for example_trigger_controller_dag to 2021-01-01 00:00:00+00:00, run_after=2021-01-01 00:00:00+00:00
[2026-07-20T06:57:54.350+0000] {processor.py:183} INFO - Processing /workspaces/recomart-recommendation-pipeline/airflow_venv/lib/python3.12/site-packages/airflow/example_dags/example_trigger_controller_dag.py took 0.055 seconds
[2026-07-20T06:58:51.516+0000] {processor.py:161} INFO - Started process (PID=90096) to work on /workspaces/recomart-recommendation-pipeline/airflow_venv/lib/python3.12/site-packages/airflow/example_dags/example_trigger_controller_dag.py
[2026-07-20T06:58:51.518+0000] {processor.py:830} INFO - Processing file /workspaces/recomart-recommendation-pipeline/airflow_venv/lib/python3.12/site-packages/airflow/example_dags/example_trigger_controller_dag.py for tasks to queue
[2026-07-20T06:58:51.520+0000] {logging_mixin.py:188} INFO - [2026-07-20T06:58:51.519+0000] {dagbag.py:545} INFO - Filling up the DagBag from /workspaces/recomart-recommendation-pipeline/airflow_venv/lib/python3.12/site-packages/airflow/example_dags/example_trigger_controller_dag.py
[2026-07-20T06:58:51.526+0000] {processor.py:840} INFO - DAG(s) 'example_trigger_controller_dag' retrieved from /workspaces/recomart-recommendation-pipeline/airflow_venv/lib/python3.12/site-packages/airflow/example_dags/example_trigger_controller_dag.py
[2026-07-20T06:58:51.674+0000] {logging_mixin.py:188} INFO - [2026-07-20T06:58:51.673+0000] {dag.py:3089} INFO - Sync 1 DAGs
[2026-07-20T06:58:51.694+0000] {logging_mixin.py:188} INFO - [2026-07-20T06:58:51.693+0000] {dag.py:3947} INFO - Setting next_dagrun for example_trigger_controller_dag to 2021-01-01 00:00:00+00:00, run_after=2021-01-01 00:00:00+00:00
[2026-07-20T06:58:51.753+0000] {processor.py:183} INFO - Processing /workspaces/recomart-recommendation-pipeline/airflow_venv/lib/python3.12/site-packages/airflow/example_dags/example_trigger_controller_dag.py took 0.243 seconds
[2026-07-20T07:00:24.258+0000] {processor.py:161} INFO - Started process (PID=91720) to work on /workspaces/recomart-recommendation-pipeline/airflow_venv/lib/python3.12/site-packages/airflow/example_dags/example_trigger_controller_dag.py
[2026-07-20T07:00:24.259+0000] {processor.py:830} INFO - Processing file /workspaces/recomart-recommendation-pipeline/airflow_venv/lib/python3.12/site-packages/airflow/example_dags/example_trigger_controller_dag.py for tasks to queue
[2026-07-20T07:00:24.260+0000] {logging_mixin.py:188} INFO - [2026-07-20T07:00:24.260+0000] {dagbag.py:545} INFO - Filling up the DagBag from /workspaces/recomart-recommendation-pipeline/airflow_venv/lib/python3.12/site-packages/airflow/example_dags/example_trigger_controller_dag.py
[2026-07-20T07:00:24.264+0000] {processor.py:840} INFO - DAG(s) 'example_trigger_controller_dag' retrieved from /workspaces/recomart-recommendation-pipeline/airflow_venv/lib/python3.12/site-packages/airflow/example_dags/example_trigger_controller_dag.py
[2026-07-20T07:00:24.277+0000] {logging_mixin.py:188} INFO - [2026-07-20T07:00:24.277+0000] {dag.py:3089} INFO - Sync 1 DAGs
[2026-07-20T07:00:24.294+0000] {logging_mixin.py:188} INFO - [2026-07-20T07:00:24.294+0000] {dag.py:3947} INFO - Setting next_dagrun for example_trigger_controller_dag to 2021-01-01 00:00:00+00:00, run_after=2021-01-01 00:00:00+00:00
[2026-07-20T07:00:24.311+0000] {processor.py:183} INFO - Processing /workspaces/recomart-recommendation-pipeline/airflow_venv/lib/python3.12/site-packages/airflow/example_dags/example_trigger_controller_dag.py took 0.059 seconds
[2026-07-20T07:01:14.815+0000] {processor.py:161} INFO - Started process (PID=92154) to work on /workspaces/recomart-recommendation-pipeline/airflow_venv/lib/python3.12/site-packages/airflow/example_dags/example_trigger_controller_dag.py
[2026-07-20T07:01:14.817+0000] {processor.py:830} INFO - Processing file /workspaces/recomart-recommendation-pipeline/airflow_venv/lib/python3.12/site-packages/airflow/example_dags/example_trigger_controller_dag.py for tasks to queue
[2026-07-20T07:01:14.819+0000] {logging_mixin.py:188} INFO - [2026-07-20T07:01:14.818+0000] {dagbag.py:545} INFO - Filling up the DagBag from /workspaces/recomart-recommendation-pipeline/airflow_venv/lib/python3.12/site-packages/airflow/example_dags/example_trigger_controller_dag.py
[2026-07-20T07:01:14.824+0000] {processor.py:840} INFO - DAG(s) 'example_trigger_controller_dag' retrieved from /workspaces/recomart-recommendation-pipeline/airflow_venv/lib/python3.12/site-packages/airflow/example_dags/example_trigger_controller_dag.py
[2026-07-20T07:01:14.837+0000] {logging_mixin.py:188} INFO - [2026-07-20T07:01:14.837+0000] {dag.py:3089} INFO - Sync 1 DAGs
[2026-07-20T07:01:14.852+0000] {logging_mixin.py:188} INFO - [2026-07-20T07:01:14.852+0000] {dag.py:3947} INFO - Setting next_dagrun for example_trigger_controller_dag to 2021-01-01 00:00:00+00:00, run_after=2021-01-01 00:00:00+00:00
[2026-07-20T07:01:14.870+0000] {processor.py:183} INFO - Processing /workspaces/recomart-recommendation-pipeline/airflow_venv/lib/python3.12/site-packages/airflow/example_dags/example_trigger_controller_dag.py took 0.060 seconds
