[2026-07-20T05:59:00.277+0000] {processor.py:161} INFO - Started process (PID=58098) to work on /workspaces/recomart-recommendation-pipeline/airflow_venv/lib/python3.12/site-packages/airflow/example_dags/example_short_circuit_operator.py
[2026-07-20T05:59:00.278+0000] {processor.py:830} INFO - Processing file /workspaces/recomart-recommendation-pipeline/airflow_venv/lib/python3.12/site-packages/airflow/example_dags/example_short_circuit_operator.py for tasks to queue
[2026-07-20T05:59:00.280+0000] {logging_mixin.py:188} INFO - [2026-07-20T05:59:00.280+0000] {dagbag.py:545} INFO - Filling up the DagBag from /workspaces/recomart-recommendation-pipeline/airflow_venv/lib/python3.12/site-packages/airflow/example_dags/example_short_circuit_operator.py
[2026-07-20T05:59:00.296+0000] {processor.py:840} INFO - DAG(s) 'example_short_circuit_operator' retrieved from /workspaces/recomart-recommendation-pipeline/airflow_venv/lib/python3.12/site-packages/airflow/example_dags/example_short_circuit_operator.py
[2026-07-20T05:59:00.499+0000] {logging_mixin.py:188} INFO - [2026-07-20T05:59:00.498+0000] {override.py:1858} INFO - Created Permission View: can read on DAG:example_short_circuit_operator
[2026-07-20T05:59:00.518+0000] {logging_mixin.py:188} INFO - [2026-07-20T05:59:00.518+0000] {override.py:1858} INFO - Created Permission View: can edit on DAG:example_short_circuit_operator
[2026-07-20T05:59:00.526+0000] {logging_mixin.py:188} INFO - [2026-07-20T05:59:00.526+0000] {override.py:1858} INFO - Created Permission View: can delete on DAG:example_short_circuit_operator
[2026-07-20T05:59:00.527+0000] {logging_mixin.py:188} INFO - [2026-07-20T05:59:00.527+0000] {dag.py:3089} INFO - Sync 1 DAGs
[2026-07-20T05:59:00.539+0000] {logging_mixin.py:188} INFO - [2026-07-20T05:59:00.539+0000] {dag.py:3111} INFO - Creating ORM DAG for example_short_circuit_operator
[2026-07-20T05:59:00.549+0000] {logging_mixin.py:188} INFO - [2026-07-20T05:59:00.549+0000] {dag.py:3947} INFO - Setting next_dagrun for example_short_circuit_operator to 2026-07-19 00:00:00+00:00, run_after=2026-07-20 00:00:00+00:00
[2026-07-20T05:59:00.571+0000] {processor.py:183} INFO - Processing /workspaces/recomart-recommendation-pipeline/airflow_venv/lib/python3.12/site-packages/airflow/example_dags/example_short_circuit_operator.py took 0.302 seconds
[2026-07-20T05:59:58.326+0000] {processor.py:161} INFO - Started process (PID=58636) to work on /workspaces/recomart-recommendation-pipeline/airflow_venv/lib/python3.12/site-packages/airflow/example_dags/example_short_circuit_operator.py
[2026-07-20T05:59:58.327+0000] {processor.py:830} INFO - Processing file /workspaces/recomart-recommendation-pipeline/airflow_venv/lib/python3.12/site-packages/airflow/example_dags/example_short_circuit_operator.py for tasks to queue
[2026-07-20T05:59:58.329+0000] {logging_mixin.py:188} INFO - [2026-07-20T05:59:58.328+0000] {dagbag.py:545} INFO - Filling up the DagBag from /workspaces/recomart-recommendation-pipeline/airflow_venv/lib/python3.12/site-packages/airflow/example_dags/example_short_circuit_operator.py
[2026-07-20T05:59:58.340+0000] {processor.py:840} INFO - DAG(s) 'example_short_circuit_operator' retrieved from /workspaces/recomart-recommendation-pipeline/airflow_venv/lib/python3.12/site-packages/airflow/example_dags/example_short_circuit_operator.py
[2026-07-20T05:59:58.371+0000] {logging_mixin.py:188} INFO - [2026-07-20T05:59:58.371+0000] {dag.py:3089} INFO - Sync 1 DAGs
[2026-07-20T05:59:58.399+0000] {logging_mixin.py:188} INFO - [2026-07-20T05:59:58.398+0000] {dag.py:3947} INFO - Setting next_dagrun for example_short_circuit_operator to 2026-07-19 00:00:00+00:00, run_after=2026-07-20 00:00:00+00:00
[2026-07-20T05:59:58.431+0000] {processor.py:183} INFO - Processing /workspaces/recomart-recommendation-pipeline/airflow_venv/lib/python3.12/site-packages/airflow/example_dags/example_short_circuit_operator.py took 0.112 seconds
[2026-07-20T06:00:46.259+0000] {processor.py:161} INFO - Started process (PID=59103) to work on /workspaces/recomart-recommendation-pipeline/airflow_venv/lib/python3.12/site-packages/airflow/example_dags/example_short_circuit_operator.py
[2026-07-20T06:00:46.261+0000] {processor.py:830} INFO - Processing file /workspaces/recomart-recommendation-pipeline/airflow_venv/lib/python3.12/site-packages/airflow/example_dags/example_short_circuit_operator.py for tasks to queue
[2026-07-20T06:00:46.263+0000] {logging_mixin.py:188} INFO - [2026-07-20T06:00:46.263+0000] {dagbag.py:545} INFO - Filling up the DagBag from /workspaces/recomart-recommendation-pipeline/airflow_venv/lib/python3.12/site-packages/airflow/example_dags/example_short_circuit_operator.py
[2026-07-20T06:00:46.275+0000] {processor.py:840} INFO - DAG(s) 'example_short_circuit_operator' retrieved from /workspaces/recomart-recommendation-pipeline/airflow_venv/lib/python3.12/site-packages/airflow/example_dags/example_short_circuit_operator.py
[2026-07-20T06:00:46.316+0000] {logging_mixin.py:188} INFO - [2026-07-20T06:00:46.315+0000] {dag.py:3089} INFO - Sync 1 DAGs
[2026-07-20T06:00:46.380+0000] {logging_mixin.py:188} INFO - [2026-07-20T06:00:46.380+0000] {dag.py:3947} INFO - Setting next_dagrun for example_short_circuit_operator to 2026-07-19 00:00:00+00:00, run_after=2026-07-20 00:00:00+00:00
[2026-07-20T06:00:46.417+0000] {processor.py:183} INFO - Processing /workspaces/recomart-recommendation-pipeline/airflow_venv/lib/python3.12/site-packages/airflow/example_dags/example_short_circuit_operator.py took 0.177 seconds
[2026-07-20T06:01:38.105+0000] {processor.py:161} INFO - Started process (PID=59780) to work on /workspaces/recomart-recommendation-pipeline/airflow_venv/lib/python3.12/site-packages/airflow/example_dags/example_short_circuit_operator.py
[2026-07-20T06:01:38.106+0000] {processor.py:830} INFO - Processing file /workspaces/recomart-recommendation-pipeline/airflow_venv/lib/python3.12/site-packages/airflow/example_dags/example_short_circuit_operator.py for tasks to queue
[2026-07-20T06:01:38.107+0000] {logging_mixin.py:188} INFO - [2026-07-20T06:01:38.107+0000] {dagbag.py:545} INFO - Filling up the DagBag from /workspaces/recomart-recommendation-pipeline/airflow_venv/lib/python3.12/site-packages/airflow/example_dags/example_short_circuit_operator.py
[2026-07-20T06:01:38.113+0000] {processor.py:840} INFO - DAG(s) 'example_short_circuit_operator' retrieved from /workspaces/recomart-recommendation-pipeline/airflow_venv/lib/python3.12/site-packages/airflow/example_dags/example_short_circuit_operator.py
[2026-07-20T06:01:38.127+0000] {logging_mixin.py:188} INFO - [2026-07-20T06:01:38.126+0000] {dag.py:3089} INFO - Sync 1 DAGs
[2026-07-20T06:01:38.141+0000] {logging_mixin.py:188} INFO - [2026-07-20T06:01:38.141+0000] {dag.py:3947} INFO - Setting next_dagrun for example_short_circuit_operator to 2026-07-19 00:00:00+00:00, run_after=2026-07-20 00:00:00+00:00
[2026-07-20T06:01:38.158+0000] {processor.py:183} INFO - Processing /workspaces/recomart-recommendation-pipeline/airflow_venv/lib/python3.12/site-packages/airflow/example_dags/example_short_circuit_operator.py took 0.057 seconds
[2026-07-20T06:02:23.907+0000] {processor.py:161} INFO - Started process (PID=60106) to work on /workspaces/recomart-recommendation-pipeline/airflow_venv/lib/python3.12/site-packages/airflow/example_dags/example_short_circuit_operator.py
[2026-07-20T06:02:23.911+0000] {processor.py:830} INFO - Processing file /workspaces/recomart-recommendation-pipeline/airflow_venv/lib/python3.12/site-packages/airflow/example_dags/example_short_circuit_operator.py for tasks to queue
[2026-07-20T06:02:23.913+0000] {logging_mixin.py:188} INFO - [2026-07-20T06:02:23.913+0000] {dagbag.py:545} INFO - Filling up the DagBag from /workspaces/recomart-recommendation-pipeline/airflow_venv/lib/python3.12/site-packages/airflow/example_dags/example_short_circuit_operator.py
[2026-07-20T06:02:23.927+0000] {processor.py:840} INFO - DAG(s) 'example_short_circuit_operator' retrieved from /workspaces/recomart-recommendation-pipeline/airflow_venv/lib/python3.12/site-packages/airflow/example_dags/example_short_circuit_operator.py
[2026-07-20T06:02:23.959+0000] {logging_mixin.py:188} INFO - [2026-07-20T06:02:23.959+0000] {dag.py:3089} INFO - Sync 1 DAGs
[2026-07-20T06:02:23.985+0000] {logging_mixin.py:188} INFO - [2026-07-20T06:02:23.985+0000] {dag.py:3947} INFO - Setting next_dagrun for example_short_circuit_operator to 2026-07-19 00:00:00+00:00, run_after=2026-07-20 00:00:00+00:00
[2026-07-20T06:02:24.020+0000] {processor.py:183} INFO - Processing /workspaces/recomart-recommendation-pipeline/airflow_venv/lib/python3.12/site-packages/airflow/example_dags/example_short_circuit_operator.py took 0.127 seconds
[2026-07-20T06:03:07.418+0000] {processor.py:161} INFO - Started process (PID=60473) to work on /workspaces/recomart-recommendation-pipeline/airflow_venv/lib/python3.12/site-packages/airflow/example_dags/example_short_circuit_operator.py
[2026-07-20T06:03:07.419+0000] {processor.py:830} INFO - Processing file /workspaces/recomart-recommendation-pipeline/airflow_venv/lib/python3.12/site-packages/airflow/example_dags/example_short_circuit_operator.py for tasks to queue
[2026-07-20T06:03:07.420+0000] {logging_mixin.py:188} INFO - [2026-07-20T06:03:07.420+0000] {dagbag.py:545} INFO - Filling up the DagBag from /workspaces/recomart-recommendation-pipeline/airflow_venv/lib/python3.12/site-packages/airflow/example_dags/example_short_circuit_operator.py
[2026-07-20T06:03:07.426+0000] {processor.py:840} INFO - DAG(s) 'example_short_circuit_operator' retrieved from /workspaces/recomart-recommendation-pipeline/airflow_venv/lib/python3.12/site-packages/airflow/example_dags/example_short_circuit_operator.py
[2026-07-20T06:03:07.441+0000] {logging_mixin.py:188} INFO - [2026-07-20T06:03:07.441+0000] {dag.py:3089} INFO - Sync 1 DAGs
[2026-07-20T06:03:07.457+0000] {logging_mixin.py:188} INFO - [2026-07-20T06:03:07.457+0000] {dag.py:3947} INFO - Setting next_dagrun for example_short_circuit_operator to 2026-07-19 00:00:00+00:00, run_after=2026-07-20 00:00:00+00:00
[2026-07-20T06:03:07.485+0000] {processor.py:183} INFO - Processing /workspaces/recomart-recommendation-pipeline/airflow_venv/lib/python3.12/site-packages/airflow/example_dags/example_short_circuit_operator.py took 0.071 seconds
[2026-07-20T06:03:50.066+0000] {processor.py:161} INFO - Started process (PID=60902) to work on /workspaces/recomart-recommendation-pipeline/airflow_venv/lib/python3.12/site-packages/airflow/example_dags/example_short_circuit_operator.py
[2026-07-20T06:03:50.067+0000] {processor.py:830} INFO - Processing file /workspaces/recomart-recommendation-pipeline/airflow_venv/lib/python3.12/site-packages/airflow/example_dags/example_short_circuit_operator.py for tasks to queue
[2026-07-20T06:03:50.068+0000] {logging_mixin.py:188} INFO - [2026-07-20T06:03:50.068+0000] {dagbag.py:545} INFO - Filling up the DagBag from /workspaces/recomart-recommendation-pipeline/airflow_venv/lib/python3.12/site-packages/airflow/example_dags/example_short_circuit_operator.py
[2026-07-20T06:03:50.075+0000] {processor.py:840} INFO - DAG(s) 'example_short_circuit_operator' retrieved from /workspaces/recomart-recommendation-pipeline/airflow_venv/lib/python3.12/site-packages/airflow/example_dags/example_short_circuit_operator.py
[2026-07-20T06:03:50.090+0000] {logging_mixin.py:188} INFO - [2026-07-20T06:03:50.090+0000] {dag.py:3089} INFO - Sync 1 DAGs
[2026-07-20T06:03:50.111+0000] {logging_mixin.py:188} INFO - [2026-07-20T06:03:50.111+0000] {dag.py:3947} INFO - Setting next_dagrun for example_short_circuit_operator to 2026-07-19 00:00:00+00:00, run_after=2026-07-20 00:00:00+00:00
[2026-07-20T06:03:50.130+0000] {processor.py:183} INFO - Processing /workspaces/recomart-recommendation-pipeline/airflow_venv/lib/python3.12/site-packages/airflow/example_dags/example_short_circuit_operator.py took 0.069 seconds
[2026-07-20T06:04:33.875+0000] {processor.py:161} INFO - Started process (PID=61231) to work on /workspaces/recomart-recommendation-pipeline/airflow_venv/lib/python3.12/site-packages/airflow/example_dags/example_short_circuit_operator.py
[2026-07-20T06:04:33.876+0000] {processor.py:830} INFO - Processing file /workspaces/recomart-recommendation-pipeline/airflow_venv/lib/python3.12/site-packages/airflow/example_dags/example_short_circuit_operator.py for tasks to queue
[2026-07-20T06:04:33.877+0000] {logging_mixin.py:188} INFO - [2026-07-20T06:04:33.877+0000] {dagbag.py:545} INFO - Filling up the DagBag from /workspaces/recomart-recommendation-pipeline/airflow_venv/lib/python3.12/site-packages/airflow/example_dags/example_short_circuit_operator.py
[2026-07-20T06:04:33.885+0000] {processor.py:840} INFO - DAG(s) 'example_short_circuit_operator' retrieved from /workspaces/recomart-recommendation-pipeline/airflow_venv/lib/python3.12/site-packages/airflow/example_dags/example_short_circuit_operator.py
[2026-07-20T06:04:33.903+0000] {logging_mixin.py:188} INFO - [2026-07-20T06:04:33.902+0000] {dag.py:3089} INFO - Sync 1 DAGs
[2026-07-20T06:04:33.920+0000] {logging_mixin.py:188} INFO - [2026-07-20T06:04:33.920+0000] {dag.py:3947} INFO - Setting next_dagrun for example_short_circuit_operator to 2026-07-19 00:00:00+00:00, run_after=2026-07-20 00:00:00+00:00
[2026-07-20T06:04:33.938+0000] {processor.py:183} INFO - Processing /workspaces/recomart-recommendation-pipeline/airflow_venv/lib/python3.12/site-packages/airflow/example_dags/example_short_circuit_operator.py took 0.069 seconds
[2026-07-20T06:05:18.780+0000] {processor.py:161} INFO - Started process (PID=61606) to work on /workspaces/recomart-recommendation-pipeline/airflow_venv/lib/python3.12/site-packages/airflow/example_dags/example_short_circuit_operator.py
[2026-07-20T06:05:18.780+0000] {processor.py:830} INFO - Processing file /workspaces/recomart-recommendation-pipeline/airflow_venv/lib/python3.12/site-packages/airflow/example_dags/example_short_circuit_operator.py for tasks to queue
[2026-07-20T06:05:18.782+0000] {logging_mixin.py:188} INFO - [2026-07-20T06:05:18.781+0000] {dagbag.py:545} INFO - Filling up the DagBag from /workspaces/recomart-recommendation-pipeline/airflow_venv/lib/python3.12/site-packages/airflow/example_dags/example_short_circuit_operator.py
[2026-07-20T06:05:18.788+0000] {processor.py:840} INFO - DAG(s) 'example_short_circuit_operator' retrieved from /workspaces/recomart-recommendation-pipeline/airflow_venv/lib/python3.12/site-packages/airflow/example_dags/example_short_circuit_operator.py
[2026-07-20T06:05:18.806+0000] {logging_mixin.py:188} INFO - [2026-07-20T06:05:18.806+0000] {dag.py:3089} INFO - Sync 1 DAGs
[2026-07-20T06:05:18.823+0000] {logging_mixin.py:188} INFO - [2026-07-20T06:05:18.822+0000] {dag.py:3947} INFO - Setting next_dagrun for example_short_circuit_operator to 2026-07-19 00:00:00+00:00, run_after=2026-07-20 00:00:00+00:00
[2026-07-20T06:05:18.840+0000] {processor.py:183} INFO - Processing /workspaces/recomart-recommendation-pipeline/airflow_venv/lib/python3.12/site-packages/airflow/example_dags/example_short_circuit_operator.py took 0.065 seconds
[2026-07-20T06:06:04.117+0000] {processor.py:161} INFO - Started process (PID=61984) to work on /workspaces/recomart-recommendation-pipeline/airflow_venv/lib/python3.12/site-packages/airflow/example_dags/example_short_circuit_operator.py
[2026-07-20T06:06:04.118+0000] {processor.py:830} INFO - Processing file /workspaces/recomart-recommendation-pipeline/airflow_venv/lib/python3.12/site-packages/airflow/example_dags/example_short_circuit_operator.py for tasks to queue
[2026-07-20T06:06:04.119+0000] {logging_mixin.py:188} INFO - [2026-07-20T06:06:04.119+0000] {dagbag.py:545} INFO - Filling up the DagBag from /workspaces/recomart-recommendation-pipeline/airflow_venv/lib/python3.12/site-packages/airflow/example_dags/example_short_circuit_operator.py
[2026-07-20T06:06:04.125+0000] {processor.py:840} INFO - DAG(s) 'example_short_circuit_operator' retrieved from /workspaces/recomart-recommendation-pipeline/airflow_venv/lib/python3.12/site-packages/airflow/example_dags/example_short_circuit_operator.py
[2026-07-20T06:06:04.139+0000] {logging_mixin.py:188} INFO - [2026-07-20T06:06:04.139+0000] {dag.py:3089} INFO - Sync 1 DAGs
[2026-07-20T06:06:04.153+0000] {logging_mixin.py:188} INFO - [2026-07-20T06:06:04.153+0000] {dag.py:3947} INFO - Setting next_dagrun for example_short_circuit_operator to 2026-07-19 00:00:00+00:00, run_after=2026-07-20 00:00:00+00:00
[2026-07-20T06:06:04.170+0000] {processor.py:183} INFO - Processing /workspaces/recomart-recommendation-pipeline/airflow_venv/lib/python3.12/site-packages/airflow/example_dags/example_short_circuit_operator.py took 0.058 seconds
[2026-07-20T06:06:52.062+0000] {processor.py:161} INFO - Started process (PID=62390) to work on /workspaces/recomart-recommendation-pipeline/airflow_venv/lib/python3.12/site-packages/airflow/example_dags/example_short_circuit_operator.py
[2026-07-20T06:06:52.063+0000] {processor.py:830} INFO - Processing file /workspaces/recomart-recommendation-pipeline/airflow_venv/lib/python3.12/site-packages/airflow/example_dags/example_short_circuit_operator.py for tasks to queue
[2026-07-20T06:06:52.067+0000] {logging_mixin.py:188} INFO - [2026-07-20T06:06:52.066+0000] {dagbag.py:545} INFO - Filling up the DagBag from /workspaces/recomart-recommendation-pipeline/airflow_venv/lib/python3.12/site-packages/airflow/example_dags/example_short_circuit_operator.py
[2026-07-20T06:06:52.110+0000] {processor.py:840} INFO - DAG(s) 'example_short_circuit_operator' retrieved from /workspaces/recomart-recommendation-pipeline/airflow_venv/lib/python3.12/site-packages/airflow/example_dags/example_short_circuit_operator.py
[2026-07-20T06:06:52.147+0000] {logging_mixin.py:188} INFO - [2026-07-20T06:06:52.147+0000] {dag.py:3089} INFO - Sync 1 DAGs
[2026-07-20T06:06:52.299+0000] {logging_mixin.py:188} INFO - [2026-07-20T06:06:52.298+0000] {dag.py:3947} INFO - Setting next_dagrun for example_short_circuit_operator to 2026-07-19 00:00:00+00:00, run_after=2026-07-20 00:00:00+00:00
[2026-07-20T06:06:52.315+0000] {processor.py:183} INFO - Processing /workspaces/recomart-recommendation-pipeline/airflow_venv/lib/python3.12/site-packages/airflow/example_dags/example_short_circuit_operator.py took 0.258 seconds
[2026-07-20T06:07:41.402+0000] {processor.py:161} INFO - Started process (PID=62813) to work on /workspaces/recomart-recommendation-pipeline/airflow_venv/lib/python3.12/site-packages/airflow/example_dags/example_short_circuit_operator.py
[2026-07-20T06:07:41.403+0000] {processor.py:830} INFO - Processing file /workspaces/recomart-recommendation-pipeline/airflow_venv/lib/python3.12/site-packages/airflow/example_dags/example_short_circuit_operator.py for tasks to queue
[2026-07-20T06:07:41.404+0000] {logging_mixin.py:188} INFO - [2026-07-20T06:07:41.404+0000] {dagbag.py:545} INFO - Filling up the DagBag from /workspaces/recomart-recommendation-pipeline/airflow_venv/lib/python3.12/site-packages/airflow/example_dags/example_short_circuit_operator.py
[2026-07-20T06:07:41.410+0000] {processor.py:840} INFO - DAG(s) 'example_short_circuit_operator' retrieved from /workspaces/recomart-recommendation-pipeline/airflow_venv/lib/python3.12/site-packages/airflow/example_dags/example_short_circuit_operator.py
[2026-07-20T06:07:41.428+0000] {logging_mixin.py:188} INFO - [2026-07-20T06:07:41.428+0000] {dag.py:3089} INFO - Sync 1 DAGs
[2026-07-20T06:07:41.442+0000] {logging_mixin.py:188} INFO - [2026-07-20T06:07:41.442+0000] {dag.py:3947} INFO - Setting next_dagrun for example_short_circuit_operator to 2026-07-19 00:00:00+00:00, run_after=2026-07-20 00:00:00+00:00
[2026-07-20T06:07:41.459+0000] {processor.py:183} INFO - Processing /workspaces/recomart-recommendation-pipeline/airflow_venv/lib/python3.12/site-packages/airflow/example_dags/example_short_circuit_operator.py took 0.066 seconds
[2026-07-20T06:08:58.241+0000] {processor.py:161} INFO - Started process (PID=63602) to work on /workspaces/recomart-recommendation-pipeline/airflow_venv/lib/python3.12/site-packages/airflow/example_dags/example_short_circuit_operator.py
[2026-07-20T06:08:58.242+0000] {processor.py:830} INFO - Processing file /workspaces/recomart-recommendation-pipeline/airflow_venv/lib/python3.12/site-packages/airflow/example_dags/example_short_circuit_operator.py for tasks to queue
[2026-07-20T06:08:58.244+0000] {logging_mixin.py:188} INFO - [2026-07-20T06:08:58.243+0000] {dagbag.py:545} INFO - Filling up the DagBag from /workspaces/recomart-recommendation-pipeline/airflow_venv/lib/python3.12/site-packages/airflow/example_dags/example_short_circuit_operator.py
[2026-07-20T06:08:58.251+0000] {processor.py:840} INFO - DAG(s) 'example_short_circuit_operator' retrieved from /workspaces/recomart-recommendation-pipeline/airflow_venv/lib/python3.12/site-packages/airflow/example_dags/example_short_circuit_operator.py
[2026-07-20T06:08:58.257+0000] {logging_mixin.py:188} INFO - [2026-07-20T06:08:58.257+0000] {dag.py:3089} INFO - Sync 1 DAGs
[2026-07-20T06:08:58.273+0000] {logging_mixin.py:188} INFO - [2026-07-20T06:08:58.273+0000] {dag.py:3947} INFO - Setting next_dagrun for example_short_circuit_operator to 2026-07-19 00:00:00+00:00, run_after=2026-07-20 00:00:00+00:00
[2026-07-20T06:08:58.291+0000] {processor.py:183} INFO - Processing /workspaces/recomart-recommendation-pipeline/airflow_venv/lib/python3.12/site-packages/airflow/example_dags/example_short_circuit_operator.py took 0.053 seconds
[2026-07-20T06:09:53.949+0000] {processor.py:161} INFO - Started process (PID=64078) to work on /workspaces/recomart-recommendation-pipeline/airflow_venv/lib/python3.12/site-packages/airflow/example_dags/example_short_circuit_operator.py
[2026-07-20T06:09:53.950+0000] {processor.py:830} INFO - Processing file /workspaces/recomart-recommendation-pipeline/airflow_venv/lib/python3.12/site-packages/airflow/example_dags/example_short_circuit_operator.py for tasks to queue
[2026-07-20T06:09:53.951+0000] {logging_mixin.py:188} INFO - [2026-07-20T06:09:53.951+0000] {dagbag.py:545} INFO - Filling up the DagBag from /workspaces/recomart-recommendation-pipeline/airflow_venv/lib/python3.12/site-packages/airflow/example_dags/example_short_circuit_operator.py
[2026-07-20T06:09:53.957+0000] {processor.py:840} INFO - DAG(s) 'example_short_circuit_operator' retrieved from /workspaces/recomart-recommendation-pipeline/airflow_venv/lib/python3.12/site-packages/airflow/example_dags/example_short_circuit_operator.py
[2026-07-20T06:09:54.049+0000] {logging_mixin.py:188} INFO - [2026-07-20T06:09:54.048+0000] {dag.py:3089} INFO - Sync 1 DAGs
[2026-07-20T06:09:54.063+0000] {logging_mixin.py:188} INFO - [2026-07-20T06:09:54.063+0000] {dag.py:3947} INFO - Setting next_dagrun for example_short_circuit_operator to 2026-07-19 00:00:00+00:00, run_after=2026-07-20 00:00:00+00:00
[2026-07-20T06:09:54.081+0000] {processor.py:183} INFO - Processing /workspaces/recomart-recommendation-pipeline/airflow_venv/lib/python3.12/site-packages/airflow/example_dags/example_short_circuit_operator.py took 0.136 seconds
[2026-07-20T06:10:43.506+0000] {processor.py:161} INFO - Started process (PID=64493) to work on /workspaces/recomart-recommendation-pipeline/airflow_venv/lib/python3.12/site-packages/airflow/example_dags/example_short_circuit_operator.py
[2026-07-20T06:10:43.507+0000] {processor.py:830} INFO - Processing file /workspaces/recomart-recommendation-pipeline/airflow_venv/lib/python3.12/site-packages/airflow/example_dags/example_short_circuit_operator.py for tasks to queue
[2026-07-20T06:10:43.509+0000] {logging_mixin.py:188} INFO - [2026-07-20T06:10:43.508+0000] {dagbag.py:545} INFO - Filling up the DagBag from /workspaces/recomart-recommendation-pipeline/airflow_venv/lib/python3.12/site-packages/airflow/example_dags/example_short_circuit_operator.py
[2026-07-20T06:10:43.520+0000] {processor.py:840} INFO - DAG(s) 'example_short_circuit_operator' retrieved from /workspaces/recomart-recommendation-pipeline/airflow_venv/lib/python3.12/site-packages/airflow/example_dags/example_short_circuit_operator.py
[2026-07-20T06:10:43.546+0000] {logging_mixin.py:188} INFO - [2026-07-20T06:10:43.546+0000] {dag.py:3089} INFO - Sync 1 DAGs
[2026-07-20T06:10:43.570+0000] {logging_mixin.py:188} INFO - [2026-07-20T06:10:43.569+0000] {dag.py:3947} INFO - Setting next_dagrun for example_short_circuit_operator to 2026-07-19 00:00:00+00:00, run_after=2026-07-20 00:00:00+00:00
[2026-07-20T06:10:43.620+0000] {processor.py:183} INFO - Processing /workspaces/recomart-recommendation-pipeline/airflow_venv/lib/python3.12/site-packages/airflow/example_dags/example_short_circuit_operator.py took 0.124 seconds
[2026-07-20T06:11:35.050+0000] {processor.py:161} INFO - Started process (PID=65039) to work on /workspaces/recomart-recommendation-pipeline/airflow_venv/lib/python3.12/site-packages/airflow/example_dags/example_short_circuit_operator.py
[2026-07-20T06:11:35.051+0000] {processor.py:830} INFO - Processing file /workspaces/recomart-recommendation-pipeline/airflow_venv/lib/python3.12/site-packages/airflow/example_dags/example_short_circuit_operator.py for tasks to queue
[2026-07-20T06:11:35.052+0000] {logging_mixin.py:188} INFO - [2026-07-20T06:11:35.052+0000] {dagbag.py:545} INFO - Filling up the DagBag from /workspaces/recomart-recommendation-pipeline/airflow_venv/lib/python3.12/site-packages/airflow/example_dags/example_short_circuit_operator.py
[2026-07-20T06:11:35.059+0000] {processor.py:840} INFO - DAG(s) 'example_short_circuit_operator' retrieved from /workspaces/recomart-recommendation-pipeline/airflow_venv/lib/python3.12/site-packages/airflow/example_dags/example_short_circuit_operator.py
[2026-07-20T06:11:35.078+0000] {logging_mixin.py:188} INFO - [2026-07-20T06:11:35.078+0000] {dag.py:3089} INFO - Sync 1 DAGs
[2026-07-20T06:11:35.093+0000] {logging_mixin.py:188} INFO - [2026-07-20T06:11:35.093+0000] {dag.py:3947} INFO - Setting next_dagrun for example_short_circuit_operator to 2026-07-19 00:00:00+00:00, run_after=2026-07-20 00:00:00+00:00
[2026-07-20T06:11:35.112+0000] {processor.py:183} INFO - Processing /workspaces/recomart-recommendation-pipeline/airflow_venv/lib/python3.12/site-packages/airflow/example_dags/example_short_circuit_operator.py took 0.066 seconds
[2026-07-20T06:12:15.921+0000] {processor.py:161} INFO - Started process (PID=65401) to work on /workspaces/recomart-recommendation-pipeline/airflow_venv/lib/python3.12/site-packages/airflow/example_dags/example_short_circuit_operator.py
[2026-07-20T06:12:15.922+0000] {processor.py:830} INFO - Processing file /workspaces/recomart-recommendation-pipeline/airflow_venv/lib/python3.12/site-packages/airflow/example_dags/example_short_circuit_operator.py for tasks to queue
[2026-07-20T06:12:15.924+0000] {logging_mixin.py:188} INFO - [2026-07-20T06:12:15.924+0000] {dagbag.py:545} INFO - Filling up the DagBag from /workspaces/recomart-recommendation-pipeline/airflow_venv/lib/python3.12/site-packages/airflow/example_dags/example_short_circuit_operator.py
[2026-07-20T06:12:15.937+0000] {processor.py:840} INFO - DAG(s) 'example_short_circuit_operator' retrieved from /workspaces/recomart-recommendation-pipeline/airflow_venv/lib/python3.12/site-packages/airflow/example_dags/example_short_circuit_operator.py
[2026-07-20T06:12:15.972+0000] {logging_mixin.py:188} INFO - [2026-07-20T06:12:15.971+0000] {dag.py:3089} INFO - Sync 1 DAGs
[2026-07-20T06:12:16.006+0000] {logging_mixin.py:188} INFO - [2026-07-20T06:12:16.006+0000] {dag.py:3947} INFO - Setting next_dagrun for example_short_circuit_operator to 2026-07-19 00:00:00+00:00, run_after=2026-07-20 00:00:00+00:00
[2026-07-20T06:12:16.045+0000] {processor.py:183} INFO - Processing /workspaces/recomart-recommendation-pipeline/airflow_venv/lib/python3.12/site-packages/airflow/example_dags/example_short_circuit_operator.py took 0.133 seconds
[2026-07-20T06:12:59.577+0000] {processor.py:161} INFO - Started process (PID=65771) to work on /workspaces/recomart-recommendation-pipeline/airflow_venv/lib/python3.12/site-packages/airflow/example_dags/example_short_circuit_operator.py
[2026-07-20T06:12:59.578+0000] {processor.py:830} INFO - Processing file /workspaces/recomart-recommendation-pipeline/airflow_venv/lib/python3.12/site-packages/airflow/example_dags/example_short_circuit_operator.py for tasks to queue
[2026-07-20T06:12:59.579+0000] {logging_mixin.py:188} INFO - [2026-07-20T06:12:59.579+0000] {dagbag.py:545} INFO - Filling up the DagBag from /workspaces/recomart-recommendation-pipeline/airflow_venv/lib/python3.12/site-packages/airflow/example_dags/example_short_circuit_operator.py
[2026-07-20T06:12:59.586+0000] {processor.py:840} INFO - DAG(s) 'example_short_circuit_operator' retrieved from /workspaces/recomart-recommendation-pipeline/airflow_venv/lib/python3.12/site-packages/airflow/example_dags/example_short_circuit_operator.py
[2026-07-20T06:12:59.600+0000] {logging_mixin.py:188} INFO - [2026-07-20T06:12:59.600+0000] {dag.py:3089} INFO - Sync 1 DAGs
[2026-07-20T06:12:59.615+0000] {logging_mixin.py:188} INFO - [2026-07-20T06:12:59.615+0000] {dag.py:3947} INFO - Setting next_dagrun for example_short_circuit_operator to 2026-07-19 00:00:00+00:00, run_after=2026-07-20 00:00:00+00:00
[2026-07-20T06:12:59.632+0000] {processor.py:183} INFO - Processing /workspaces/recomart-recommendation-pipeline/airflow_venv/lib/python3.12/site-packages/airflow/example_dags/example_short_circuit_operator.py took 0.061 seconds
[2026-07-20T06:13:43.661+0000] {processor.py:161} INFO - Started process (PID=66139) to work on /workspaces/recomart-recommendation-pipeline/airflow_venv/lib/python3.12/site-packages/airflow/example_dags/example_short_circuit_operator.py
[2026-07-20T06:13:43.662+0000] {processor.py:830} INFO - Processing file /workspaces/recomart-recommendation-pipeline/airflow_venv/lib/python3.12/site-packages/airflow/example_dags/example_short_circuit_operator.py for tasks to queue
[2026-07-20T06:13:43.663+0000] {logging_mixin.py:188} INFO - [2026-07-20T06:13:43.663+0000] {dagbag.py:545} INFO - Filling up the DagBag from /workspaces/recomart-recommendation-pipeline/airflow_venv/lib/python3.12/site-packages/airflow/example_dags/example_short_circuit_operator.py
[2026-07-20T06:13:43.669+0000] {processor.py:840} INFO - DAG(s) 'example_short_circuit_operator' retrieved from /workspaces/recomart-recommendation-pipeline/airflow_venv/lib/python3.12/site-packages/airflow/example_dags/example_short_circuit_operator.py
[2026-07-20T06:13:43.690+0000] {logging_mixin.py:188} INFO - [2026-07-20T06:13:43.689+0000] {dag.py:3089} INFO - Sync 1 DAGs
[2026-07-20T06:13:43.705+0000] {logging_mixin.py:188} INFO - [2026-07-20T06:13:43.705+0000] {dag.py:3947} INFO - Setting next_dagrun for example_short_circuit_operator to 2026-07-19 00:00:00+00:00, run_after=2026-07-20 00:00:00+00:00
[2026-07-20T06:13:43.721+0000] {processor.py:183} INFO - Processing /workspaces/recomart-recommendation-pipeline/airflow_venv/lib/python3.12/site-packages/airflow/example_dags/example_short_circuit_operator.py took 0.064 seconds
[2026-07-20T06:14:31.712+0000] {processor.py:161} INFO - Started process (PID=66785) to work on /workspaces/recomart-recommendation-pipeline/airflow_venv/lib/python3.12/site-packages/airflow/example_dags/example_short_circuit_operator.py
[2026-07-20T06:14:31.713+0000] {processor.py:830} INFO - Processing file /workspaces/recomart-recommendation-pipeline/airflow_venv/lib/python3.12/site-packages/airflow/example_dags/example_short_circuit_operator.py for tasks to queue
[2026-07-20T06:14:31.714+0000] {logging_mixin.py:188} INFO - [2026-07-20T06:14:31.714+0000] {dagbag.py:545} INFO - Filling up the DagBag from /workspaces/recomart-recommendation-pipeline/airflow_venv/lib/python3.12/site-packages/airflow/example_dags/example_short_circuit_operator.py
[2026-07-20T06:14:31.720+0000] {processor.py:840} INFO - DAG(s) 'example_short_circuit_operator' retrieved from /workspaces/recomart-recommendation-pipeline/airflow_venv/lib/python3.12/site-packages/airflow/example_dags/example_short_circuit_operator.py
[2026-07-20T06:14:31.733+0000] {logging_mixin.py:188} INFO - [2026-07-20T06:14:31.733+0000] {dag.py:3089} INFO - Sync 1 DAGs
[2026-07-20T06:14:31.747+0000] {logging_mixin.py:188} INFO - [2026-07-20T06:14:31.747+0000] {dag.py:3947} INFO - Setting next_dagrun for example_short_circuit_operator to 2026-07-19 00:00:00+00:00, run_after=2026-07-20 00:00:00+00:00
[2026-07-20T06:14:31.772+0000] {processor.py:183} INFO - Processing /workspaces/recomart-recommendation-pipeline/airflow_venv/lib/python3.12/site-packages/airflow/example_dags/example_short_circuit_operator.py took 0.064 seconds
[2026-07-20T06:15:14.368+0000] {processor.py:161} INFO - Started process (PID=67211) to work on /workspaces/recomart-recommendation-pipeline/airflow_venv/lib/python3.12/site-packages/airflow/example_dags/example_short_circuit_operator.py
[2026-07-20T06:15:14.369+0000] {processor.py:830} INFO - Processing file /workspaces/recomart-recommendation-pipeline/airflow_venv/lib/python3.12/site-packages/airflow/example_dags/example_short_circuit_operator.py for tasks to queue
[2026-07-20T06:15:14.370+0000] {logging_mixin.py:188} INFO - [2026-07-20T06:15:14.370+0000] {dagbag.py:545} INFO - Filling up the DagBag from /workspaces/recomart-recommendation-pipeline/airflow_venv/lib/python3.12/site-packages/airflow/example_dags/example_short_circuit_operator.py
[2026-07-20T06:15:14.378+0000] {processor.py:840} INFO - DAG(s) 'example_short_circuit_operator' retrieved from /workspaces/recomart-recommendation-pipeline/airflow_venv/lib/python3.12/site-packages/airflow/example_dags/example_short_circuit_operator.py
[2026-07-20T06:15:14.395+0000] {logging_mixin.py:188} INFO - [2026-07-20T06:15:14.395+0000] {dag.py:3089} INFO - Sync 1 DAGs
[2026-07-20T06:15:14.410+0000] {logging_mixin.py:188} INFO - [2026-07-20T06:15:14.410+0000] {dag.py:3947} INFO - Setting next_dagrun for example_short_circuit_operator to 2026-07-19 00:00:00+00:00, run_after=2026-07-20 00:00:00+00:00
[2026-07-20T06:15:14.540+0000] {processor.py:183} INFO - Processing /workspaces/recomart-recommendation-pipeline/airflow_venv/lib/python3.12/site-packages/airflow/example_dags/example_short_circuit_operator.py took 0.176 seconds
[2026-07-20T06:31:00.485+0000] {processor.py:161} INFO - Started process (PID=73612) to work on /workspaces/recomart-recommendation-pipeline/airflow_venv/lib/python3.12/site-packages/airflow/example_dags/example_short_circuit_operator.py
[2026-07-20T06:31:00.486+0000] {processor.py:830} INFO - Processing file /workspaces/recomart-recommendation-pipeline/airflow_venv/lib/python3.12/site-packages/airflow/example_dags/example_short_circuit_operator.py for tasks to queue
[2026-07-20T06:31:00.488+0000] {logging_mixin.py:188} INFO - [2026-07-20T06:31:00.487+0000] {dagbag.py:545} INFO - Filling up the DagBag from /workspaces/recomart-recommendation-pipeline/airflow_venv/lib/python3.12/site-packages/airflow/example_dags/example_short_circuit_operator.py
[2026-07-20T06:31:00.496+0000] {processor.py:840} INFO - DAG(s) 'example_short_circuit_operator' retrieved from /workspaces/recomart-recommendation-pipeline/airflow_venv/lib/python3.12/site-packages/airflow/example_dags/example_short_circuit_operator.py
[2026-07-20T06:31:00.502+0000] {logging_mixin.py:188} INFO - [2026-07-20T06:31:00.502+0000] {dag.py:3089} INFO - Sync 1 DAGs
[2026-07-20T06:31:00.517+0000] {logging_mixin.py:188} INFO - [2026-07-20T06:31:00.517+0000] {dag.py:3947} INFO - Setting next_dagrun for example_short_circuit_operator to 2026-07-19 00:00:00+00:00, run_after=2026-07-20 00:00:00+00:00
[2026-07-20T06:31:00.534+0000] {processor.py:183} INFO - Processing /workspaces/recomart-recommendation-pipeline/airflow_venv/lib/python3.12/site-packages/airflow/example_dags/example_short_circuit_operator.py took 0.055 seconds
[2026-07-20T06:31:56.395+0000] {processor.py:161} INFO - Started process (PID=74127) to work on /workspaces/recomart-recommendation-pipeline/airflow_venv/lib/python3.12/site-packages/airflow/example_dags/example_short_circuit_operator.py
[2026-07-20T06:31:56.396+0000] {processor.py:830} INFO - Processing file /workspaces/recomart-recommendation-pipeline/airflow_venv/lib/python3.12/site-packages/airflow/example_dags/example_short_circuit_operator.py for tasks to queue
[2026-07-20T06:31:56.398+0000] {logging_mixin.py:188} INFO - [2026-07-20T06:31:56.397+0000] {dagbag.py:545} INFO - Filling up the DagBag from /workspaces/recomart-recommendation-pipeline/airflow_venv/lib/python3.12/site-packages/airflow/example_dags/example_short_circuit_operator.py
[2026-07-20T06:31:56.403+0000] {processor.py:840} INFO - DAG(s) 'example_short_circuit_operator' retrieved from /workspaces/recomart-recommendation-pipeline/airflow_venv/lib/python3.12/site-packages/airflow/example_dags/example_short_circuit_operator.py
[2026-07-20T06:31:56.498+0000] {logging_mixin.py:188} INFO - [2026-07-20T06:31:56.498+0000] {dag.py:3089} INFO - Sync 1 DAGs
[2026-07-20T06:31:56.514+0000] {logging_mixin.py:188} INFO - [2026-07-20T06:31:56.514+0000] {dag.py:3947} INFO - Setting next_dagrun for example_short_circuit_operator to 2026-07-19 00:00:00+00:00, run_after=2026-07-20 00:00:00+00:00
[2026-07-20T06:31:56.532+0000] {processor.py:183} INFO - Processing /workspaces/recomart-recommendation-pipeline/airflow_venv/lib/python3.12/site-packages/airflow/example_dags/example_short_circuit_operator.py took 0.141 seconds
[2026-07-20T06:32:45.311+0000] {processor.py:161} INFO - Started process (PID=74846) to work on /workspaces/recomart-recommendation-pipeline/airflow_venv/lib/python3.12/site-packages/airflow/example_dags/example_short_circuit_operator.py
[2026-07-20T06:32:45.312+0000] {processor.py:830} INFO - Processing file /workspaces/recomart-recommendation-pipeline/airflow_venv/lib/python3.12/site-packages/airflow/example_dags/example_short_circuit_operator.py for tasks to queue
[2026-07-20T06:32:45.314+0000] {logging_mixin.py:188} INFO - [2026-07-20T06:32:45.313+0000] {dagbag.py:545} INFO - Filling up the DagBag from /workspaces/recomart-recommendation-pipeline/airflow_venv/lib/python3.12/site-packages/airflow/example_dags/example_short_circuit_operator.py
[2026-07-20T06:32:45.320+0000] {processor.py:840} INFO - DAG(s) 'example_short_circuit_operator' retrieved from /workspaces/recomart-recommendation-pipeline/airflow_venv/lib/python3.12/site-packages/airflow/example_dags/example_short_circuit_operator.py
[2026-07-20T06:32:45.333+0000] {logging_mixin.py:188} INFO - [2026-07-20T06:32:45.333+0000] {dag.py:3089} INFO - Sync 1 DAGs
[2026-07-20T06:32:45.348+0000] {logging_mixin.py:188} INFO - [2026-07-20T06:32:45.348+0000] {dag.py:3947} INFO - Setting next_dagrun for example_short_circuit_operator to 2026-07-19 00:00:00+00:00, run_after=2026-07-20 00:00:00+00:00
[2026-07-20T06:32:45.364+0000] {processor.py:183} INFO - Processing /workspaces/recomart-recommendation-pipeline/airflow_venv/lib/python3.12/site-packages/airflow/example_dags/example_short_circuit_operator.py took 0.059 seconds
[2026-07-20T06:34:02.185+0000] {processor.py:161} INFO - Started process (PID=75724) to work on /workspaces/recomart-recommendation-pipeline/airflow_venv/lib/python3.12/site-packages/airflow/example_dags/example_short_circuit_operator.py
[2026-07-20T06:34:02.186+0000] {processor.py:830} INFO - Processing file /workspaces/recomart-recommendation-pipeline/airflow_venv/lib/python3.12/site-packages/airflow/example_dags/example_short_circuit_operator.py for tasks to queue
[2026-07-20T06:34:02.188+0000] {logging_mixin.py:188} INFO - [2026-07-20T06:34:02.188+0000] {dagbag.py:545} INFO - Filling up the DagBag from /workspaces/recomart-recommendation-pipeline/airflow_venv/lib/python3.12/site-packages/airflow/example_dags/example_short_circuit_operator.py
[2026-07-20T06:34:02.201+0000] {processor.py:840} INFO - DAG(s) 'example_short_circuit_operator' retrieved from /workspaces/recomart-recommendation-pipeline/airflow_venv/lib/python3.12/site-packages/airflow/example_dags/example_short_circuit_operator.py
[2026-07-20T06:34:02.229+0000] {logging_mixin.py:188} INFO - [2026-07-20T06:34:02.229+0000] {dag.py:3089} INFO - Sync 1 DAGs
[2026-07-20T06:34:02.252+0000] {logging_mixin.py:188} INFO - [2026-07-20T06:34:02.252+0000] {dag.py:3947} INFO - Setting next_dagrun for example_short_circuit_operator to 2026-07-19 00:00:00+00:00, run_after=2026-07-20 00:00:00+00:00
[2026-07-20T06:34:02.454+0000] {processor.py:183} INFO - Processing /workspaces/recomart-recommendation-pipeline/airflow_venv/lib/python3.12/site-packages/airflow/example_dags/example_short_circuit_operator.py took 0.275 seconds
[2026-07-20T06:35:06.901+0000] {processor.py:161} INFO - Started process (PID=76985) to work on /workspaces/recomart-recommendation-pipeline/airflow_venv/lib/python3.12/site-packages/airflow/example_dags/example_short_circuit_operator.py
[2026-07-20T06:35:06.902+0000] {processor.py:830} INFO - Processing file /workspaces/recomart-recommendation-pipeline/airflow_venv/lib/python3.12/site-packages/airflow/example_dags/example_short_circuit_operator.py for tasks to queue
[2026-07-20T06:35:06.904+0000] {logging_mixin.py:188} INFO - [2026-07-20T06:35:06.903+0000] {dagbag.py:545} INFO - Filling up the DagBag from /workspaces/recomart-recommendation-pipeline/airflow_venv/lib/python3.12/site-packages/airflow/example_dags/example_short_circuit_operator.py
[2026-07-20T06:35:06.909+0000] {processor.py:840} INFO - DAG(s) 'example_short_circuit_operator' retrieved from /workspaces/recomart-recommendation-pipeline/airflow_venv/lib/python3.12/site-packages/airflow/example_dags/example_short_circuit_operator.py
[2026-07-20T06:35:06.923+0000] {logging_mixin.py:188} INFO - [2026-07-20T06:35:06.923+0000] {dag.py:3089} INFO - Sync 1 DAGs
[2026-07-20T06:35:06.938+0000] {logging_mixin.py:188} INFO - [2026-07-20T06:35:06.938+0000] {dag.py:3947} INFO - Setting next_dagrun for example_short_circuit_operator to 2026-07-19 00:00:00+00:00, run_after=2026-07-20 00:00:00+00:00
[2026-07-20T06:35:06.955+0000] {processor.py:183} INFO - Processing /workspaces/recomart-recommendation-pipeline/airflow_venv/lib/python3.12/site-packages/airflow/example_dags/example_short_circuit_operator.py took 0.061 seconds
[2026-07-20T06:35:55.348+0000] {processor.py:161} INFO - Started process (PID=77942) to work on /workspaces/recomart-recommendation-pipeline/airflow_venv/lib/python3.12/site-packages/airflow/example_dags/example_short_circuit_operator.py
[2026-07-20T06:35:55.349+0000] {processor.py:830} INFO - Processing file /workspaces/recomart-recommendation-pipeline/airflow_venv/lib/python3.12/site-packages/airflow/example_dags/example_short_circuit_operator.py for tasks to queue
[2026-07-20T06:35:55.351+0000] {logging_mixin.py:188} INFO - [2026-07-20T06:35:55.350+0000] {dagbag.py:545} INFO - Filling up the DagBag from /workspaces/recomart-recommendation-pipeline/airflow_venv/lib/python3.12/site-packages/airflow/example_dags/example_short_circuit_operator.py
[2026-07-20T06:35:55.358+0000] {processor.py:840} INFO - DAG(s) 'example_short_circuit_operator' retrieved from /workspaces/recomart-recommendation-pipeline/airflow_venv/lib/python3.12/site-packages/airflow/example_dags/example_short_circuit_operator.py
[2026-07-20T06:35:55.397+0000] {logging_mixin.py:188} INFO - [2026-07-20T06:35:55.396+0000] {dag.py:3089} INFO - Sync 1 DAGs
[2026-07-20T06:35:55.421+0000] {logging_mixin.py:188} INFO - [2026-07-20T06:35:55.421+0000] {dag.py:3947} INFO - Setting next_dagrun for example_short_circuit_operator to 2026-07-19 00:00:00+00:00, run_after=2026-07-20 00:00:00+00:00
[2026-07-20T06:35:55.438+0000] {processor.py:183} INFO - Processing /workspaces/recomart-recommendation-pipeline/airflow_venv/lib/python3.12/site-packages/airflow/example_dags/example_short_circuit_operator.py took 0.095 seconds
[2026-07-20T06:36:50.019+0000] {processor.py:161} INFO - Started process (PID=78762) to work on /workspaces/recomart-recommendation-pipeline/airflow_venv/lib/python3.12/site-packages/airflow/example_dags/example_short_circuit_operator.py
[2026-07-20T06:36:50.020+0000] {processor.py:830} INFO - Processing file /workspaces/recomart-recommendation-pipeline/airflow_venv/lib/python3.12/site-packages/airflow/example_dags/example_short_circuit_operator.py for tasks to queue
[2026-07-20T06:36:50.021+0000] {logging_mixin.py:188} INFO - [2026-07-20T06:36:50.021+0000] {dagbag.py:545} INFO - Filling up the DagBag from /workspaces/recomart-recommendation-pipeline/airflow_venv/lib/python3.12/site-packages/airflow/example_dags/example_short_circuit_operator.py
[2026-07-20T06:36:50.027+0000] {processor.py:840} INFO - DAG(s) 'example_short_circuit_operator' retrieved from /workspaces/recomart-recommendation-pipeline/airflow_venv/lib/python3.12/site-packages/airflow/example_dags/example_short_circuit_operator.py
[2026-07-20T06:36:50.041+0000] {logging_mixin.py:188} INFO - [2026-07-20T06:36:50.041+0000] {dag.py:3089} INFO - Sync 1 DAGs
[2026-07-20T06:36:50.055+0000] {logging_mixin.py:188} INFO - [2026-07-20T06:36:50.055+0000] {dag.py:3947} INFO - Setting next_dagrun for example_short_circuit_operator to 2026-07-19 00:00:00+00:00, run_after=2026-07-20 00:00:00+00:00
[2026-07-20T06:36:50.245+0000] {processor.py:183} INFO - Processing /workspaces/recomart-recommendation-pipeline/airflow_venv/lib/python3.12/site-packages/airflow/example_dags/example_short_circuit_operator.py took 0.230 seconds
[2026-07-20T06:37:35.349+0000] {processor.py:161} INFO - Started process (PID=79088) to work on /workspaces/recomart-recommendation-pipeline/airflow_venv/lib/python3.12/site-packages/airflow/example_dags/example_short_circuit_operator.py
[2026-07-20T06:37:35.351+0000] {processor.py:830} INFO - Processing file /workspaces/recomart-recommendation-pipeline/airflow_venv/lib/python3.12/site-packages/airflow/example_dags/example_short_circuit_operator.py for tasks to queue
[2026-07-20T06:37:35.353+0000] {logging_mixin.py:188} INFO - [2026-07-20T06:37:35.353+0000] {dagbag.py:545} INFO - Filling up the DagBag from /workspaces/recomart-recommendation-pipeline/airflow_venv/lib/python3.12/site-packages/airflow/example_dags/example_short_circuit_operator.py
[2026-07-20T06:37:35.362+0000] {processor.py:840} INFO - DAG(s) 'example_short_circuit_operator' retrieved from /workspaces/recomart-recommendation-pipeline/airflow_venv/lib/python3.12/site-packages/airflow/example_dags/example_short_circuit_operator.py
[2026-07-20T06:37:35.384+0000] {logging_mixin.py:188} INFO - [2026-07-20T06:37:35.384+0000] {dag.py:3089} INFO - Sync 1 DAGs
[2026-07-20T06:37:35.407+0000] {logging_mixin.py:188} INFO - [2026-07-20T06:37:35.407+0000] {dag.py:3947} INFO - Setting next_dagrun for example_short_circuit_operator to 2026-07-19 00:00:00+00:00, run_after=2026-07-20 00:00:00+00:00
[2026-07-20T06:37:35.443+0000] {processor.py:183} INFO - Processing /workspaces/recomart-recommendation-pipeline/airflow_venv/lib/python3.12/site-packages/airflow/example_dags/example_short_circuit_operator.py took 0.101 seconds
[2026-07-20T06:38:22.669+0000] {processor.py:161} INFO - Started process (PID=79501) to work on /workspaces/recomart-recommendation-pipeline/airflow_venv/lib/python3.12/site-packages/airflow/example_dags/example_short_circuit_operator.py
[2026-07-20T06:38:22.672+0000] {processor.py:830} INFO - Processing file /workspaces/recomart-recommendation-pipeline/airflow_venv/lib/python3.12/site-packages/airflow/example_dags/example_short_circuit_operator.py for tasks to queue
[2026-07-20T06:38:22.674+0000] {logging_mixin.py:188} INFO - [2026-07-20T06:38:22.674+0000] {dagbag.py:545} INFO - Filling up the DagBag from /workspaces/recomart-recommendation-pipeline/airflow_venv/lib/python3.12/site-packages/airflow/example_dags/example_short_circuit_operator.py
[2026-07-20T06:38:22.683+0000] {processor.py:840} INFO - DAG(s) 'example_short_circuit_operator' retrieved from /workspaces/recomart-recommendation-pipeline/airflow_venv/lib/python3.12/site-packages/airflow/example_dags/example_short_circuit_operator.py
[2026-07-20T06:38:22.708+0000] {logging_mixin.py:188} INFO - [2026-07-20T06:38:22.707+0000] {dag.py:3089} INFO - Sync 1 DAGs
[2026-07-20T06:38:22.850+0000] {logging_mixin.py:188} INFO - [2026-07-20T06:38:22.850+0000] {dag.py:3947} INFO - Setting next_dagrun for example_short_circuit_operator to 2026-07-19 00:00:00+00:00, run_after=2026-07-20 00:00:00+00:00
[2026-07-20T06:38:22.868+0000] {processor.py:183} INFO - Processing /workspaces/recomart-recommendation-pipeline/airflow_venv/lib/python3.12/site-packages/airflow/example_dags/example_short_circuit_operator.py took 0.205 seconds
[2026-07-20T06:39:11.006+0000] {processor.py:161} INFO - Started process (PID=79911) to work on /workspaces/recomart-recommendation-pipeline/airflow_venv/lib/python3.12/site-packages/airflow/example_dags/example_short_circuit_operator.py
[2026-07-20T06:39:11.007+0000] {processor.py:830} INFO - Processing file /workspaces/recomart-recommendation-pipeline/airflow_venv/lib/python3.12/site-packages/airflow/example_dags/example_short_circuit_operator.py for tasks to queue
[2026-07-20T06:39:11.009+0000] {logging_mixin.py:188} INFO - [2026-07-20T06:39:11.008+0000] {dagbag.py:545} INFO - Filling up the DagBag from /workspaces/recomart-recommendation-pipeline/airflow_venv/lib/python3.12/site-packages/airflow/example_dags/example_short_circuit_operator.py
[2026-07-20T06:39:11.017+0000] {processor.py:840} INFO - DAG(s) 'example_short_circuit_operator' retrieved from /workspaces/recomart-recommendation-pipeline/airflow_venv/lib/python3.12/site-packages/airflow/example_dags/example_short_circuit_operator.py
[2026-07-20T06:39:11.039+0000] {logging_mixin.py:188} INFO - [2026-07-20T06:39:11.039+0000] {dag.py:3089} INFO - Sync 1 DAGs
[2026-07-20T06:39:11.061+0000] {logging_mixin.py:188} INFO - [2026-07-20T06:39:11.060+0000] {dag.py:3947} INFO - Setting next_dagrun for example_short_circuit_operator to 2026-07-19 00:00:00+00:00, run_after=2026-07-20 00:00:00+00:00
[2026-07-20T06:39:11.108+0000] {processor.py:183} INFO - Processing /workspaces/recomart-recommendation-pipeline/airflow_venv/lib/python3.12/site-packages/airflow/example_dags/example_short_circuit_operator.py took 0.108 seconds
[2026-07-20T06:39:58.860+0000] {processor.py:161} INFO - Started process (PID=80303) to work on /workspaces/recomart-recommendation-pipeline/airflow_venv/lib/python3.12/site-packages/airflow/example_dags/example_short_circuit_operator.py
[2026-07-20T06:39:58.860+0000] {processor.py:830} INFO - Processing file /workspaces/recomart-recommendation-pipeline/airflow_venv/lib/python3.12/site-packages/airflow/example_dags/example_short_circuit_operator.py for tasks to queue
[2026-07-20T06:39:58.862+0000] {logging_mixin.py:188} INFO - [2026-07-20T06:39:58.861+0000] {dagbag.py:545} INFO - Filling up the DagBag from /workspaces/recomart-recommendation-pipeline/airflow_venv/lib/python3.12/site-packages/airflow/example_dags/example_short_circuit_operator.py
[2026-07-20T06:39:58.867+0000] {processor.py:840} INFO - DAG(s) 'example_short_circuit_operator' retrieved from /workspaces/recomart-recommendation-pipeline/airflow_venv/lib/python3.12/site-packages/airflow/example_dags/example_short_circuit_operator.py
[2026-07-20T06:39:58.964+0000] {logging_mixin.py:188} INFO - [2026-07-20T06:39:58.964+0000] {dag.py:3089} INFO - Sync 1 DAGs
[2026-07-20T06:39:58.977+0000] {logging_mixin.py:188} INFO - [2026-07-20T06:39:58.977+0000] {dag.py:3947} INFO - Setting next_dagrun for example_short_circuit_operator to 2026-07-19 00:00:00+00:00, run_after=2026-07-20 00:00:00+00:00
[2026-07-20T06:39:58.993+0000] {processor.py:183} INFO - Processing /workspaces/recomart-recommendation-pipeline/airflow_venv/lib/python3.12/site-packages/airflow/example_dags/example_short_circuit_operator.py took 0.137 seconds
[2026-07-20T06:40:49.494+0000] {processor.py:161} INFO - Started process (PID=80794) to work on /workspaces/recomart-recommendation-pipeline/airflow_venv/lib/python3.12/site-packages/airflow/example_dags/example_short_circuit_operator.py
[2026-07-20T06:40:49.495+0000] {processor.py:830} INFO - Processing file /workspaces/recomart-recommendation-pipeline/airflow_venv/lib/python3.12/site-packages/airflow/example_dags/example_short_circuit_operator.py for tasks to queue
[2026-07-20T06:40:49.496+0000] {logging_mixin.py:188} INFO - [2026-07-20T06:40:49.496+0000] {dagbag.py:545} INFO - Filling up the DagBag from /workspaces/recomart-recommendation-pipeline/airflow_venv/lib/python3.12/site-packages/airflow/example_dags/example_short_circuit_operator.py
[2026-07-20T06:40:49.502+0000] {processor.py:840} INFO - DAG(s) 'example_short_circuit_operator' retrieved from /workspaces/recomart-recommendation-pipeline/airflow_venv/lib/python3.12/site-packages/airflow/example_dags/example_short_circuit_operator.py
[2026-07-20T06:40:49.516+0000] {logging_mixin.py:188} INFO - [2026-07-20T06:40:49.516+0000] {dag.py:3089} INFO - Sync 1 DAGs
[2026-07-20T06:40:49.531+0000] {logging_mixin.py:188} INFO - [2026-07-20T06:40:49.531+0000] {dag.py:3947} INFO - Setting next_dagrun for example_short_circuit_operator to 2026-07-19 00:00:00+00:00, run_after=2026-07-20 00:00:00+00:00
[2026-07-20T06:40:49.549+0000] {processor.py:183} INFO - Processing /workspaces/recomart-recommendation-pipeline/airflow_venv/lib/python3.12/site-packages/airflow/example_dags/example_short_circuit_operator.py took 0.060 seconds
[2026-07-20T06:41:35.002+0000] {processor.py:161} INFO - Started process (PID=81129) to work on /workspaces/recomart-recommendation-pipeline/airflow_venv/lib/python3.12/site-packages/airflow/example_dags/example_short_circuit_operator.py
[2026-07-20T06:41:35.002+0000] {processor.py:830} INFO - Processing file /workspaces/recomart-recommendation-pipeline/airflow_venv/lib/python3.12/site-packages/airflow/example_dags/example_short_circuit_operator.py for tasks to queue
[2026-07-20T06:41:35.004+0000] {logging_mixin.py:188} INFO - [2026-07-20T06:41:35.004+0000] {dagbag.py:545} INFO - Filling up the DagBag from /workspaces/recomart-recommendation-pipeline/airflow_venv/lib/python3.12/site-packages/airflow/example_dags/example_short_circuit_operator.py
[2026-07-20T06:41:35.009+0000] {processor.py:840} INFO - DAG(s) 'example_short_circuit_operator' retrieved from /workspaces/recomart-recommendation-pipeline/airflow_venv/lib/python3.12/site-packages/airflow/example_dags/example_short_circuit_operator.py
[2026-07-20T06:41:35.023+0000] {logging_mixin.py:188} INFO - [2026-07-20T06:41:35.023+0000] {dag.py:3089} INFO - Sync 1 DAGs
[2026-07-20T06:41:35.037+0000] {logging_mixin.py:188} INFO - [2026-07-20T06:41:35.037+0000] {dag.py:3947} INFO - Setting next_dagrun for example_short_circuit_operator to 2026-07-19 00:00:00+00:00, run_after=2026-07-20 00:00:00+00:00
[2026-07-20T06:41:35.055+0000] {processor.py:183} INFO - Processing /workspaces/recomart-recommendation-pipeline/airflow_venv/lib/python3.12/site-packages/airflow/example_dags/example_short_circuit_operator.py took 0.058 seconds
[2026-07-20T06:42:23.090+0000] {processor.py:161} INFO - Started process (PID=81546) to work on /workspaces/recomart-recommendation-pipeline/airflow_venv/lib/python3.12/site-packages/airflow/example_dags/example_short_circuit_operator.py
[2026-07-20T06:42:23.091+0000] {processor.py:830} INFO - Processing file /workspaces/recomart-recommendation-pipeline/airflow_venv/lib/python3.12/site-packages/airflow/example_dags/example_short_circuit_operator.py for tasks to queue
[2026-07-20T06:42:23.092+0000] {logging_mixin.py:188} INFO - [2026-07-20T06:42:23.092+0000] {dagbag.py:545} INFO - Filling up the DagBag from /workspaces/recomart-recommendation-pipeline/airflow_venv/lib/python3.12/site-packages/airflow/example_dags/example_short_circuit_operator.py
[2026-07-20T06:42:23.098+0000] {processor.py:840} INFO - DAG(s) 'example_short_circuit_operator' retrieved from /workspaces/recomart-recommendation-pipeline/airflow_venv/lib/python3.12/site-packages/airflow/example_dags/example_short_circuit_operator.py
[2026-07-20T06:42:23.112+0000] {logging_mixin.py:188} INFO - [2026-07-20T06:42:23.112+0000] {dag.py:3089} INFO - Sync 1 DAGs
[2026-07-20T06:42:23.127+0000] {logging_mixin.py:188} INFO - [2026-07-20T06:42:23.126+0000] {dag.py:3947} INFO - Setting next_dagrun for example_short_circuit_operator to 2026-07-19 00:00:00+00:00, run_after=2026-07-20 00:00:00+00:00
[2026-07-20T06:42:23.143+0000] {processor.py:183} INFO - Processing /workspaces/recomart-recommendation-pipeline/airflow_venv/lib/python3.12/site-packages/airflow/example_dags/example_short_circuit_operator.py took 0.060 seconds
[2026-07-20T06:43:09.422+0000] {processor.py:161} INFO - Started process (PID=81935) to work on /workspaces/recomart-recommendation-pipeline/airflow_venv/lib/python3.12/site-packages/airflow/example_dags/example_short_circuit_operator.py
[2026-07-20T06:43:09.423+0000] {processor.py:830} INFO - Processing file /workspaces/recomart-recommendation-pipeline/airflow_venv/lib/python3.12/site-packages/airflow/example_dags/example_short_circuit_operator.py for tasks to queue
[2026-07-20T06:43:09.425+0000] {logging_mixin.py:188} INFO - [2026-07-20T06:43:09.425+0000] {dagbag.py:545} INFO - Filling up the DagBag from /workspaces/recomart-recommendation-pipeline/airflow_venv/lib/python3.12/site-packages/airflow/example_dags/example_short_circuit_operator.py
[2026-07-20T06:43:09.434+0000] {processor.py:840} INFO - DAG(s) 'example_short_circuit_operator' retrieved from /workspaces/recomart-recommendation-pipeline/airflow_venv/lib/python3.12/site-packages/airflow/example_dags/example_short_circuit_operator.py
[2026-07-20T06:43:09.456+0000] {logging_mixin.py:188} INFO - [2026-07-20T06:43:09.456+0000] {dag.py:3089} INFO - Sync 1 DAGs
[2026-07-20T06:43:09.477+0000] {logging_mixin.py:188} INFO - [2026-07-20T06:43:09.477+0000] {dag.py:3947} INFO - Setting next_dagrun for example_short_circuit_operator to 2026-07-19 00:00:00+00:00, run_after=2026-07-20 00:00:00+00:00
[2026-07-20T06:43:09.499+0000] {processor.py:183} INFO - Processing /workspaces/recomart-recommendation-pipeline/airflow_venv/lib/python3.12/site-packages/airflow/example_dags/example_short_circuit_operator.py took 0.083 seconds
[2026-07-20T06:43:59.445+0000] {processor.py:161} INFO - Started process (PID=82359) to work on /workspaces/recomart-recommendation-pipeline/airflow_venv/lib/python3.12/site-packages/airflow/example_dags/example_short_circuit_operator.py
[2026-07-20T06:43:59.446+0000] {processor.py:830} INFO - Processing file /workspaces/recomart-recommendation-pipeline/airflow_venv/lib/python3.12/site-packages/airflow/example_dags/example_short_circuit_operator.py for tasks to queue
[2026-07-20T06:43:59.448+0000] {logging_mixin.py:188} INFO - [2026-07-20T06:43:59.447+0000] {dagbag.py:545} INFO - Filling up the DagBag from /workspaces/recomart-recommendation-pipeline/airflow_venv/lib/python3.12/site-packages/airflow/example_dags/example_short_circuit_operator.py
[2026-07-20T06:43:59.457+0000] {processor.py:840} INFO - DAG(s) 'example_short_circuit_operator' retrieved from /workspaces/recomart-recommendation-pipeline/airflow_venv/lib/python3.12/site-packages/airflow/example_dags/example_short_circuit_operator.py
[2026-07-20T06:43:59.479+0000] {logging_mixin.py:188} INFO - [2026-07-20T06:43:59.479+0000] {dag.py:3089} INFO - Sync 1 DAGs
[2026-07-20T06:43:59.505+0000] {logging_mixin.py:188} INFO - [2026-07-20T06:43:59.505+0000] {dag.py:3947} INFO - Setting next_dagrun for example_short_circuit_operator to 2026-07-19 00:00:00+00:00, run_after=2026-07-20 00:00:00+00:00
[2026-07-20T06:43:59.546+0000] {processor.py:183} INFO - Processing /workspaces/recomart-recommendation-pipeline/airflow_venv/lib/python3.12/site-packages/airflow/example_dags/example_short_circuit_operator.py took 0.108 seconds
[2026-07-20T06:44:44.847+0000] {processor.py:161} INFO - Started process (PID=82743) to work on /workspaces/recomart-recommendation-pipeline/airflow_venv/lib/python3.12/site-packages/airflow/example_dags/example_short_circuit_operator.py
[2026-07-20T06:44:44.848+0000] {processor.py:830} INFO - Processing file /workspaces/recomart-recommendation-pipeline/airflow_venv/lib/python3.12/site-packages/airflow/example_dags/example_short_circuit_operator.py for tasks to queue
[2026-07-20T06:44:44.850+0000] {logging_mixin.py:188} INFO - [2026-07-20T06:44:44.849+0000] {dagbag.py:545} INFO - Filling up the DagBag from /workspaces/recomart-recommendation-pipeline/airflow_venv/lib/python3.12/site-packages/airflow/example_dags/example_short_circuit_operator.py
[2026-07-20T06:44:44.862+0000] {processor.py:840} INFO - DAG(s) 'example_short_circuit_operator' retrieved from /workspaces/recomart-recommendation-pipeline/airflow_venv/lib/python3.12/site-packages/airflow/example_dags/example_short_circuit_operator.py
[2026-07-20T06:44:44.888+0000] {logging_mixin.py:188} INFO - [2026-07-20T06:44:44.887+0000] {dag.py:3089} INFO - Sync 1 DAGs
[2026-07-20T06:44:44.912+0000] {logging_mixin.py:188} INFO - [2026-07-20T06:44:44.912+0000] {dag.py:3947} INFO - Setting next_dagrun for example_short_circuit_operator to 2026-07-19 00:00:00+00:00, run_after=2026-07-20 00:00:00+00:00
[2026-07-20T06:44:44.966+0000] {processor.py:183} INFO - Processing /workspaces/recomart-recommendation-pipeline/airflow_venv/lib/python3.12/site-packages/airflow/example_dags/example_short_circuit_operator.py took 0.128 seconds
[2026-07-20T06:45:28.464+0000] {processor.py:161} INFO - Started process (PID=83077) to work on /workspaces/recomart-recommendation-pipeline/airflow_venv/lib/python3.12/site-packages/airflow/example_dags/example_short_circuit_operator.py
[2026-07-20T06:45:28.465+0000] {processor.py:830} INFO - Processing file /workspaces/recomart-recommendation-pipeline/airflow_venv/lib/python3.12/site-packages/airflow/example_dags/example_short_circuit_operator.py for tasks to queue
[2026-07-20T06:45:28.466+0000] {logging_mixin.py:188} INFO - [2026-07-20T06:45:28.466+0000] {dagbag.py:545} INFO - Filling up the DagBag from /workspaces/recomart-recommendation-pipeline/airflow_venv/lib/python3.12/site-packages/airflow/example_dags/example_short_circuit_operator.py
[2026-07-20T06:45:28.473+0000] {processor.py:840} INFO - DAG(s) 'example_short_circuit_operator' retrieved from /workspaces/recomart-recommendation-pipeline/airflow_venv/lib/python3.12/site-packages/airflow/example_dags/example_short_circuit_operator.py
[2026-07-20T06:45:28.492+0000] {logging_mixin.py:188} INFO - [2026-07-20T06:45:28.492+0000] {dag.py:3089} INFO - Sync 1 DAGs
[2026-07-20T06:45:28.507+0000] {logging_mixin.py:188} INFO - [2026-07-20T06:45:28.507+0000] {dag.py:3947} INFO - Setting next_dagrun for example_short_circuit_operator to 2026-07-19 00:00:00+00:00, run_after=2026-07-20 00:00:00+00:00
[2026-07-20T06:45:28.525+0000] {processor.py:183} INFO - Processing /workspaces/recomart-recommendation-pipeline/airflow_venv/lib/python3.12/site-packages/airflow/example_dags/example_short_circuit_operator.py took 0.065 seconds
[2026-07-20T06:46:14.300+0000] {processor.py:161} INFO - Started process (PID=83517) to work on /workspaces/recomart-recommendation-pipeline/airflow_venv/lib/python3.12/site-packages/airflow/example_dags/example_short_circuit_operator.py
[2026-07-20T06:46:14.301+0000] {processor.py:830} INFO - Processing file /workspaces/recomart-recommendation-pipeline/airflow_venv/lib/python3.12/site-packages/airflow/example_dags/example_short_circuit_operator.py for tasks to queue
[2026-07-20T06:46:14.302+0000] {logging_mixin.py:188} INFO - [2026-07-20T06:46:14.302+0000] {dagbag.py:545} INFO - Filling up the DagBag from /workspaces/recomart-recommendation-pipeline/airflow_venv/lib/python3.12/site-packages/airflow/example_dags/example_short_circuit_operator.py
[2026-07-20T06:46:14.308+0000] {processor.py:840} INFO - DAG(s) 'example_short_circuit_operator' retrieved from /workspaces/recomart-recommendation-pipeline/airflow_venv/lib/python3.12/site-packages/airflow/example_dags/example_short_circuit_operator.py
[2026-07-20T06:46:14.322+0000] {logging_mixin.py:188} INFO - [2026-07-20T06:46:14.321+0000] {dag.py:3089} INFO - Sync 1 DAGs
[2026-07-20T06:46:14.336+0000] {logging_mixin.py:188} INFO - [2026-07-20T06:46:14.336+0000] {dag.py:3947} INFO - Setting next_dagrun for example_short_circuit_operator to 2026-07-19 00:00:00+00:00, run_after=2026-07-20 00:00:00+00:00
[2026-07-20T06:46:14.352+0000] {processor.py:183} INFO - Processing /workspaces/recomart-recommendation-pipeline/airflow_venv/lib/python3.12/site-packages/airflow/example_dags/example_short_circuit_operator.py took 0.057 seconds
[2026-07-20T06:46:59.472+0000] {processor.py:161} INFO - Started process (PID=83921) to work on /workspaces/recomart-recommendation-pipeline/airflow_venv/lib/python3.12/site-packages/airflow/example_dags/example_short_circuit_operator.py
[2026-07-20T06:46:59.473+0000] {processor.py:830} INFO - Processing file /workspaces/recomart-recommendation-pipeline/airflow_venv/lib/python3.12/site-packages/airflow/example_dags/example_short_circuit_operator.py for tasks to queue
[2026-07-20T06:46:59.475+0000] {logging_mixin.py:188} INFO - [2026-07-20T06:46:59.474+0000] {dagbag.py:545} INFO - Filling up the DagBag from /workspaces/recomart-recommendation-pipeline/airflow_venv/lib/python3.12/site-packages/airflow/example_dags/example_short_circuit_operator.py
[2026-07-20T06:46:59.482+0000] {processor.py:840} INFO - DAG(s) 'example_short_circuit_operator' retrieved from /workspaces/recomart-recommendation-pipeline/airflow_venv/lib/python3.12/site-packages/airflow/example_dags/example_short_circuit_operator.py
[2026-07-20T06:46:59.498+0000] {logging_mixin.py:188} INFO - [2026-07-20T06:46:59.498+0000] {dag.py:3089} INFO - Sync 1 DAGs
[2026-07-20T06:46:59.513+0000] {logging_mixin.py:188} INFO - [2026-07-20T06:46:59.513+0000] {dag.py:3947} INFO - Setting next_dagrun for example_short_circuit_operator to 2026-07-19 00:00:00+00:00, run_after=2026-07-20 00:00:00+00:00
[2026-07-20T06:46:59.531+0000] {processor.py:183} INFO - Processing /workspaces/recomart-recommendation-pipeline/airflow_venv/lib/python3.12/site-packages/airflow/example_dags/example_short_circuit_operator.py took 0.064 seconds
[2026-07-20T06:47:39.641+0000] {processor.py:161} INFO - Started process (PID=84202) to work on /workspaces/recomart-recommendation-pipeline/airflow_venv/lib/python3.12/site-packages/airflow/example_dags/example_short_circuit_operator.py
[2026-07-20T06:47:39.643+0000] {processor.py:830} INFO - Processing file /workspaces/recomart-recommendation-pipeline/airflow_venv/lib/python3.12/site-packages/airflow/example_dags/example_short_circuit_operator.py for tasks to queue
[2026-07-20T06:47:39.645+0000] {logging_mixin.py:188} INFO - [2026-07-20T06:47:39.644+0000] {dagbag.py:545} INFO - Filling up the DagBag from /workspaces/recomart-recommendation-pipeline/airflow_venv/lib/python3.12/site-packages/airflow/example_dags/example_short_circuit_operator.py
[2026-07-20T06:47:39.655+0000] {processor.py:840} INFO - DAG(s) 'example_short_circuit_operator' retrieved from /workspaces/recomart-recommendation-pipeline/airflow_venv/lib/python3.12/site-packages/airflow/example_dags/example_short_circuit_operator.py
[2026-07-20T06:47:39.679+0000] {logging_mixin.py:188} INFO - [2026-07-20T06:47:39.679+0000] {dag.py:3089} INFO - Sync 1 DAGs
[2026-07-20T06:47:39.703+0000] {logging_mixin.py:188} INFO - [2026-07-20T06:47:39.703+0000] {dag.py:3947} INFO - Setting next_dagrun for example_short_circuit_operator to 2026-07-19 00:00:00+00:00, run_after=2026-07-20 00:00:00+00:00
[2026-07-20T06:47:39.758+0000] {processor.py:183} INFO - Processing /workspaces/recomart-recommendation-pipeline/airflow_venv/lib/python3.12/site-packages/airflow/example_dags/example_short_circuit_operator.py took 0.128 seconds
[2026-07-20T06:48:23.213+0000] {processor.py:161} INFO - Started process (PID=84584) to work on /workspaces/recomart-recommendation-pipeline/airflow_venv/lib/python3.12/site-packages/airflow/example_dags/example_short_circuit_operator.py
[2026-07-20T06:48:23.214+0000] {processor.py:830} INFO - Processing file /workspaces/recomart-recommendation-pipeline/airflow_venv/lib/python3.12/site-packages/airflow/example_dags/example_short_circuit_operator.py for tasks to queue
[2026-07-20T06:48:23.215+0000] {logging_mixin.py:188} INFO - [2026-07-20T06:48:23.215+0000] {dagbag.py:545} INFO - Filling up the DagBag from /workspaces/recomart-recommendation-pipeline/airflow_venv/lib/python3.12/site-packages/airflow/example_dags/example_short_circuit_operator.py
[2026-07-20T06:48:23.221+0000] {processor.py:840} INFO - DAG(s) 'example_short_circuit_operator' retrieved from /workspaces/recomart-recommendation-pipeline/airflow_venv/lib/python3.12/site-packages/airflow/example_dags/example_short_circuit_operator.py
[2026-07-20T06:48:23.235+0000] {logging_mixin.py:188} INFO - [2026-07-20T06:48:23.234+0000] {dag.py:3089} INFO - Sync 1 DAGs
[2026-07-20T06:48:23.249+0000] {logging_mixin.py:188} INFO - [2026-07-20T06:48:23.249+0000] {dag.py:3947} INFO - Setting next_dagrun for example_short_circuit_operator to 2026-07-19 00:00:00+00:00, run_after=2026-07-20 00:00:00+00:00
[2026-07-20T06:48:23.266+0000] {processor.py:183} INFO - Processing /workspaces/recomart-recommendation-pipeline/airflow_venv/lib/python3.12/site-packages/airflow/example_dags/example_short_circuit_operator.py took 0.057 seconds
[2026-07-20T06:49:04.692+0000] {processor.py:161} INFO - Started process (PID=85071) to work on /workspaces/recomart-recommendation-pipeline/airflow_venv/lib/python3.12/site-packages/airflow/example_dags/example_short_circuit_operator.py
[2026-07-20T06:49:04.693+0000] {processor.py:830} INFO - Processing file /workspaces/recomart-recommendation-pipeline/airflow_venv/lib/python3.12/site-packages/airflow/example_dags/example_short_circuit_operator.py for tasks to queue
[2026-07-20T06:49:04.695+0000] {logging_mixin.py:188} INFO - [2026-07-20T06:49:04.694+0000] {dagbag.py:545} INFO - Filling up the DagBag from /workspaces/recomart-recommendation-pipeline/airflow_venv/lib/python3.12/site-packages/airflow/example_dags/example_short_circuit_operator.py
[2026-07-20T06:49:04.700+0000] {processor.py:840} INFO - DAG(s) 'example_short_circuit_operator' retrieved from /workspaces/recomart-recommendation-pipeline/airflow_venv/lib/python3.12/site-packages/airflow/example_dags/example_short_circuit_operator.py
[2026-07-20T06:49:04.714+0000] {logging_mixin.py:188} INFO - [2026-07-20T06:49:04.714+0000] {dag.py:3089} INFO - Sync 1 DAGs
[2026-07-20T06:49:04.728+0000] {logging_mixin.py:188} INFO - [2026-07-20T06:49:04.728+0000] {dag.py:3947} INFO - Setting next_dagrun for example_short_circuit_operator to 2026-07-19 00:00:00+00:00, run_after=2026-07-20 00:00:00+00:00
[2026-07-20T06:49:04.745+0000] {processor.py:183} INFO - Processing /workspaces/recomart-recommendation-pipeline/airflow_venv/lib/python3.12/site-packages/airflow/example_dags/example_short_circuit_operator.py took 0.057 seconds
[2026-07-20T06:49:46.198+0000] {processor.py:161} INFO - Started process (PID=85430) to work on /workspaces/recomart-recommendation-pipeline/airflow_venv/lib/python3.12/site-packages/airflow/example_dags/example_short_circuit_operator.py
[2026-07-20T06:49:46.199+0000] {processor.py:830} INFO - Processing file /workspaces/recomart-recommendation-pipeline/airflow_venv/lib/python3.12/site-packages/airflow/example_dags/example_short_circuit_operator.py for tasks to queue
[2026-07-20T06:49:46.202+0000] {logging_mixin.py:188} INFO - [2026-07-20T06:49:46.202+0000] {dagbag.py:545} INFO - Filling up the DagBag from /workspaces/recomart-recommendation-pipeline/airflow_venv/lib/python3.12/site-packages/airflow/example_dags/example_short_circuit_operator.py
[2026-07-20T06:49:46.218+0000] {processor.py:840} INFO - DAG(s) 'example_short_circuit_operator' retrieved from /workspaces/recomart-recommendation-pipeline/airflow_venv/lib/python3.12/site-packages/airflow/example_dags/example_short_circuit_operator.py
[2026-07-20T06:49:46.251+0000] {logging_mixin.py:188} INFO - [2026-07-20T06:49:46.250+0000] {dag.py:3089} INFO - Sync 1 DAGs
[2026-07-20T06:49:46.269+0000] {logging_mixin.py:188} INFO - [2026-07-20T06:49:46.269+0000] {dag.py:3947} INFO - Setting next_dagrun for example_short_circuit_operator to 2026-07-19 00:00:00+00:00, run_after=2026-07-20 00:00:00+00:00
[2026-07-20T06:49:46.289+0000] {processor.py:183} INFO - Processing /workspaces/recomart-recommendation-pipeline/airflow_venv/lib/python3.12/site-packages/airflow/example_dags/example_short_circuit_operator.py took 0.101 seconds
[2026-07-20T06:50:30.419+0000] {processor.py:161} INFO - Started process (PID=85868) to work on /workspaces/recomart-recommendation-pipeline/airflow_venv/lib/python3.12/site-packages/airflow/example_dags/example_short_circuit_operator.py
[2026-07-20T06:50:30.420+0000] {processor.py:830} INFO - Processing file /workspaces/recomart-recommendation-pipeline/airflow_venv/lib/python3.12/site-packages/airflow/example_dags/example_short_circuit_operator.py for tasks to queue
[2026-07-20T06:50:30.421+0000] {logging_mixin.py:188} INFO - [2026-07-20T06:50:30.421+0000] {dagbag.py:545} INFO - Filling up the DagBag from /workspaces/recomart-recommendation-pipeline/airflow_venv/lib/python3.12/site-packages/airflow/example_dags/example_short_circuit_operator.py
[2026-07-20T06:50:30.427+0000] {processor.py:840} INFO - DAG(s) 'example_short_circuit_operator' retrieved from /workspaces/recomart-recommendation-pipeline/airflow_venv/lib/python3.12/site-packages/airflow/example_dags/example_short_circuit_operator.py
[2026-07-20T06:50:30.446+0000] {logging_mixin.py:188} INFO - [2026-07-20T06:50:30.446+0000] {dag.py:3089} INFO - Sync 1 DAGs
[2026-07-20T06:50:30.477+0000] {logging_mixin.py:188} INFO - [2026-07-20T06:50:30.477+0000] {dag.py:3947} INFO - Setting next_dagrun for example_short_circuit_operator to 2026-07-19 00:00:00+00:00, run_after=2026-07-20 00:00:00+00:00
[2026-07-20T06:50:30.499+0000] {processor.py:183} INFO - Processing /workspaces/recomart-recommendation-pipeline/airflow_venv/lib/python3.12/site-packages/airflow/example_dags/example_short_circuit_operator.py took 0.084 seconds
[2026-07-20T06:51:15.039+0000] {processor.py:161} INFO - Started process (PID=86376) to work on /workspaces/recomart-recommendation-pipeline/airflow_venv/lib/python3.12/site-packages/airflow/example_dags/example_short_circuit_operator.py
[2026-07-20T06:51:15.040+0000] {processor.py:830} INFO - Processing file /workspaces/recomart-recommendation-pipeline/airflow_venv/lib/python3.12/site-packages/airflow/example_dags/example_short_circuit_operator.py for tasks to queue
[2026-07-20T06:51:15.042+0000] {logging_mixin.py:188} INFO - [2026-07-20T06:51:15.041+0000] {dagbag.py:545} INFO - Filling up the DagBag from /workspaces/recomart-recommendation-pipeline/airflow_venv/lib/python3.12/site-packages/airflow/example_dags/example_short_circuit_operator.py
[2026-07-20T06:51:15.053+0000] {processor.py:840} INFO - DAG(s) 'example_short_circuit_operator' retrieved from /workspaces/recomart-recommendation-pipeline/airflow_venv/lib/python3.12/site-packages/airflow/example_dags/example_short_circuit_operator.py
[2026-07-20T06:51:15.091+0000] {logging_mixin.py:188} INFO - [2026-07-20T06:51:15.090+0000] {dag.py:3089} INFO - Sync 1 DAGs
[2026-07-20T06:51:15.124+0000] {logging_mixin.py:188} INFO - [2026-07-20T06:51:15.123+0000] {dag.py:3947} INFO - Setting next_dagrun for example_short_circuit_operator to 2026-07-19 00:00:00+00:00, run_after=2026-07-20 00:00:00+00:00
[2026-07-20T06:51:15.179+0000] {processor.py:183} INFO - Processing /workspaces/recomart-recommendation-pipeline/airflow_venv/lib/python3.12/site-packages/airflow/example_dags/example_short_circuit_operator.py took 0.146 seconds
[2026-07-20T06:52:00.894+0000] {processor.py:161} INFO - Started process (PID=86776) to work on /workspaces/recomart-recommendation-pipeline/airflow_venv/lib/python3.12/site-packages/airflow/example_dags/example_short_circuit_operator.py
[2026-07-20T06:52:00.895+0000] {processor.py:830} INFO - Processing file /workspaces/recomart-recommendation-pipeline/airflow_venv/lib/python3.12/site-packages/airflow/example_dags/example_short_circuit_operator.py for tasks to queue
[2026-07-20T06:52:00.896+0000] {logging_mixin.py:188} INFO - [2026-07-20T06:52:00.896+0000] {dagbag.py:545} INFO - Filling up the DagBag from /workspaces/recomart-recommendation-pipeline/airflow_venv/lib/python3.12/site-packages/airflow/example_dags/example_short_circuit_operator.py
[2026-07-20T06:52:00.902+0000] {processor.py:840} INFO - DAG(s) 'example_short_circuit_operator' retrieved from /workspaces/recomart-recommendation-pipeline/airflow_venv/lib/python3.12/site-packages/airflow/example_dags/example_short_circuit_operator.py
[2026-07-20T06:52:00.917+0000] {logging_mixin.py:188} INFO - [2026-07-20T06:52:00.916+0000] {dag.py:3089} INFO - Sync 1 DAGs
[2026-07-20T06:52:00.931+0000] {logging_mixin.py:188} INFO - [2026-07-20T06:52:00.931+0000] {dag.py:3947} INFO - Setting next_dagrun for example_short_circuit_operator to 2026-07-19 00:00:00+00:00, run_after=2026-07-20 00:00:00+00:00
[2026-07-20T06:52:00.949+0000] {processor.py:183} INFO - Processing /workspaces/recomart-recommendation-pipeline/airflow_venv/lib/python3.12/site-packages/airflow/example_dags/example_short_circuit_operator.py took 0.060 seconds
[2026-07-20T06:58:00.829+0000] {processor.py:161} INFO - Started process (PID=89668) to work on /workspaces/recomart-recommendation-pipeline/airflow_venv/lib/python3.12/site-packages/airflow/example_dags/example_short_circuit_operator.py
[2026-07-20T06:58:00.830+0000] {processor.py:830} INFO - Processing file /workspaces/recomart-recommendation-pipeline/airflow_venv/lib/python3.12/site-packages/airflow/example_dags/example_short_circuit_operator.py for tasks to queue
[2026-07-20T06:58:00.832+0000] {logging_mixin.py:188} INFO - [2026-07-20T06:58:00.831+0000] {dagbag.py:545} INFO - Filling up the DagBag from /workspaces/recomart-recommendation-pipeline/airflow_venv/lib/python3.12/site-packages/airflow/example_dags/example_short_circuit_operator.py
[2026-07-20T06:58:00.846+0000] {processor.py:840} INFO - DAG(s) 'example_short_circuit_operator' retrieved from /workspaces/recomart-recommendation-pipeline/airflow_venv/lib/python3.12/site-packages/airflow/example_dags/example_short_circuit_operator.py
[2026-07-20T06:58:00.857+0000] {logging_mixin.py:188} INFO - [2026-07-20T06:58:00.857+0000] {dag.py:3089} INFO - Sync 1 DAGs
[2026-07-20T06:58:00.889+0000] {logging_mixin.py:188} INFO - [2026-07-20T06:58:00.888+0000] {dag.py:3947} INFO - Setting next_dagrun for example_short_circuit_operator to 2026-07-19 00:00:00+00:00, run_after=2026-07-20 00:00:00+00:00
[2026-07-20T06:58:00.907+0000] {processor.py:183} INFO - Processing /workspaces/recomart-recommendation-pipeline/airflow_venv/lib/python3.12/site-packages/airflow/example_dags/example_short_circuit_operator.py took 0.082 seconds
[2026-07-20T06:58:58.174+0000] {processor.py:161} INFO - Started process (PID=90236) to work on /workspaces/recomart-recommendation-pipeline/airflow_venv/lib/python3.12/site-packages/airflow/example_dags/example_short_circuit_operator.py
[2026-07-20T06:58:58.175+0000] {processor.py:830} INFO - Processing file /workspaces/recomart-recommendation-pipeline/airflow_venv/lib/python3.12/site-packages/airflow/example_dags/example_short_circuit_operator.py for tasks to queue
[2026-07-20T06:58:58.177+0000] {logging_mixin.py:188} INFO - [2026-07-20T06:58:58.177+0000] {dagbag.py:545} INFO - Filling up the DagBag from /workspaces/recomart-recommendation-pipeline/airflow_venv/lib/python3.12/site-packages/airflow/example_dags/example_short_circuit_operator.py
[2026-07-20T06:58:58.190+0000] {processor.py:840} INFO - DAG(s) 'example_short_circuit_operator' retrieved from /workspaces/recomart-recommendation-pipeline/airflow_venv/lib/python3.12/site-packages/airflow/example_dags/example_short_circuit_operator.py
[2026-07-20T06:58:58.588+0000] {logging_mixin.py:188} INFO - [2026-07-20T06:58:58.587+0000] {dag.py:3089} INFO - Sync 1 DAGs
[2026-07-20T06:58:58.640+0000] {logging_mixin.py:188} INFO - [2026-07-20T06:58:58.640+0000] {dag.py:3947} INFO - Setting next_dagrun for example_short_circuit_operator to 2026-07-19 00:00:00+00:00, run_after=2026-07-20 00:00:00+00:00
[2026-07-20T06:58:58.707+0000] {processor.py:183} INFO - Processing /workspaces/recomart-recommendation-pipeline/airflow_venv/lib/python3.12/site-packages/airflow/example_dags/example_short_circuit_operator.py took 0.544 seconds
[2026-07-20T07:00:30.441+0000] {processor.py:161} INFO - Started process (PID=91774) to work on /workspaces/recomart-recommendation-pipeline/airflow_venv/lib/python3.12/site-packages/airflow/example_dags/example_short_circuit_operator.py
[2026-07-20T07:00:30.442+0000] {processor.py:830} INFO - Processing file /workspaces/recomart-recommendation-pipeline/airflow_venv/lib/python3.12/site-packages/airflow/example_dags/example_short_circuit_operator.py for tasks to queue
[2026-07-20T07:00:30.443+0000] {logging_mixin.py:188} INFO - [2026-07-20T07:00:30.443+0000] {dagbag.py:545} INFO - Filling up the DagBag from /workspaces/recomart-recommendation-pipeline/airflow_venv/lib/python3.12/site-packages/airflow/example_dags/example_short_circuit_operator.py
[2026-07-20T07:00:30.449+0000] {processor.py:840} INFO - DAG(s) 'example_short_circuit_operator' retrieved from /workspaces/recomart-recommendation-pipeline/airflow_venv/lib/python3.12/site-packages/airflow/example_dags/example_short_circuit_operator.py
[2026-07-20T07:00:30.470+0000] {logging_mixin.py:188} INFO - [2026-07-20T07:00:30.470+0000] {dag.py:3089} INFO - Sync 1 DAGs
[2026-07-20T07:00:30.506+0000] {logging_mixin.py:188} INFO - [2026-07-20T07:00:30.505+0000] {dag.py:3947} INFO - Setting next_dagrun for example_short_circuit_operator to 2026-07-19 00:00:00+00:00, run_after=2026-07-20 00:00:00+00:00
[2026-07-20T07:00:30.526+0000] {processor.py:183} INFO - Processing /workspaces/recomart-recommendation-pipeline/airflow_venv/lib/python3.12/site-packages/airflow/example_dags/example_short_circuit_operator.py took 0.090 seconds
[2026-07-20T07:01:20.829+0000] {processor.py:161} INFO - Started process (PID=92202) to work on /workspaces/recomart-recommendation-pipeline/airflow_venv/lib/python3.12/site-packages/airflow/example_dags/example_short_circuit_operator.py
[2026-07-20T07:01:20.835+0000] {processor.py:830} INFO - Processing file /workspaces/recomart-recommendation-pipeline/airflow_venv/lib/python3.12/site-packages/airflow/example_dags/example_short_circuit_operator.py for tasks to queue
[2026-07-20T07:01:20.840+0000] {logging_mixin.py:188} INFO - [2026-07-20T07:01:20.838+0000] {dagbag.py:545} INFO - Filling up the DagBag from /workspaces/recomart-recommendation-pipeline/airflow_venv/lib/python3.12/site-packages/airflow/example_dags/example_short_circuit_operator.py
[2026-07-20T07:01:20.849+0000] {processor.py:840} INFO - DAG(s) 'example_short_circuit_operator' retrieved from /workspaces/recomart-recommendation-pipeline/airflow_venv/lib/python3.12/site-packages/airflow/example_dags/example_short_circuit_operator.py
[2026-07-20T07:01:20.881+0000] {logging_mixin.py:188} INFO - [2026-07-20T07:01:20.879+0000] {dag.py:3089} INFO - Sync 1 DAGs
[2026-07-20T07:01:20.946+0000] {logging_mixin.py:188} INFO - [2026-07-20T07:01:20.945+0000] {dag.py:3947} INFO - Setting next_dagrun for example_short_circuit_operator to 2026-07-19 00:00:00+00:00, run_after=2026-07-20 00:00:00+00:00
[2026-07-20T07:01:21.010+0000] {processor.py:183} INFO - Processing /workspaces/recomart-recommendation-pipeline/airflow_venv/lib/python3.12/site-packages/airflow/example_dags/example_short_circuit_operator.py took 0.193 seconds
