[2026-07-20T05:59:31.043+0000] {processor.py:161} INFO - Started process (PID=58370) to work on /workspaces/recomart-recommendation-pipeline/airflow_venv/lib/python3.12/site-packages/airflow/example_dags/example_complex.py
[2026-07-20T05:59:31.044+0000] {processor.py:830} INFO - Processing file /workspaces/recomart-recommendation-pipeline/airflow_venv/lib/python3.12/site-packages/airflow/example_dags/example_complex.py for tasks to queue
[2026-07-20T05:59:31.046+0000] {logging_mixin.py:188} INFO - [2026-07-20T05:59:31.045+0000] {dagbag.py:545} INFO - Filling up the DagBag from /workspaces/recomart-recommendation-pipeline/airflow_venv/lib/python3.12/site-packages/airflow/example_dags/example_complex.py
[2026-07-20T05:59:31.057+0000] {processor.py:840} INFO - DAG(s) 'example_complex' retrieved from /workspaces/recomart-recommendation-pipeline/airflow_venv/lib/python3.12/site-packages/airflow/example_dags/example_complex.py
[2026-07-20T05:59:31.161+0000] {logging_mixin.py:188} INFO - [2026-07-20T05:59:31.161+0000] {override.py:1858} INFO - Created Permission View: can read on DAG:example_complex
[2026-07-20T05:59:31.174+0000] {logging_mixin.py:188} INFO - [2026-07-20T05:59:31.174+0000] {override.py:1858} INFO - Created Permission View: can edit on DAG:example_complex
[2026-07-20T05:59:31.182+0000] {logging_mixin.py:188} INFO - [2026-07-20T05:59:31.182+0000] {override.py:1858} INFO - Created Permission View: can delete on DAG:example_complex
[2026-07-20T05:59:31.182+0000] {logging_mixin.py:188} INFO - [2026-07-20T05:59:31.182+0000] {dag.py:3089} INFO - Sync 1 DAGs
[2026-07-20T05:59:31.193+0000] {logging_mixin.py:188} INFO - [2026-07-20T05:59:31.193+0000] {dag.py:3111} INFO - Creating ORM DAG for example_complex
[2026-07-20T05:59:31.193+0000] {logging_mixin.py:188} INFO - [2026-07-20T05:59:31.193+0000] {dag.py:3947} INFO - Setting next_dagrun for example_complex to None, run_after=None
[2026-07-20T05:59:31.211+0000] {processor.py:183} INFO - Processing /workspaces/recomart-recommendation-pipeline/airflow_venv/lib/python3.12/site-packages/airflow/example_dags/example_complex.py took 0.174 seconds
[2026-07-20T06:00:23.343+0000] {processor.py:161} INFO - Started process (PID=58808) to work on /workspaces/recomart-recommendation-pipeline/airflow_venv/lib/python3.12/site-packages/airflow/example_dags/example_complex.py
[2026-07-20T06:00:23.344+0000] {processor.py:830} INFO - Processing file /workspaces/recomart-recommendation-pipeline/airflow_venv/lib/python3.12/site-packages/airflow/example_dags/example_complex.py for tasks to queue
[2026-07-20T06:00:23.345+0000] {logging_mixin.py:188} INFO - [2026-07-20T06:00:23.345+0000] {dagbag.py:545} INFO - Filling up the DagBag from /workspaces/recomart-recommendation-pipeline/airflow_venv/lib/python3.12/site-packages/airflow/example_dags/example_complex.py
[2026-07-20T06:00:23.353+0000] {processor.py:840} INFO - DAG(s) 'example_complex' retrieved from /workspaces/recomart-recommendation-pipeline/airflow_venv/lib/python3.12/site-packages/airflow/example_dags/example_complex.py
[2026-07-20T06:00:23.375+0000] {logging_mixin.py:188} INFO - [2026-07-20T06:00:23.375+0000] {dag.py:3089} INFO - Sync 1 DAGs
[2026-07-20T06:00:23.385+0000] {logging_mixin.py:188} INFO - [2026-07-20T06:00:23.385+0000] {dag.py:3947} INFO - Setting next_dagrun for example_complex to None, run_after=None
[2026-07-20T06:00:23.404+0000] {processor.py:183} INFO - Processing /workspaces/recomart-recommendation-pipeline/airflow_venv/lib/python3.12/site-packages/airflow/example_dags/example_complex.py took 0.065 seconds
[2026-07-20T06:01:27.968+0000] {processor.py:161} INFO - Started process (PID=59585) to work on /workspaces/recomart-recommendation-pipeline/airflow_venv/lib/python3.12/site-packages/airflow/example_dags/example_complex.py
[2026-07-20T06:01:27.969+0000] {processor.py:830} INFO - Processing file /workspaces/recomart-recommendation-pipeline/airflow_venv/lib/python3.12/site-packages/airflow/example_dags/example_complex.py for tasks to queue
[2026-07-20T06:01:27.970+0000] {logging_mixin.py:188} INFO - [2026-07-20T06:01:27.970+0000] {dagbag.py:545} INFO - Filling up the DagBag from /workspaces/recomart-recommendation-pipeline/airflow_venv/lib/python3.12/site-packages/airflow/example_dags/example_complex.py
[2026-07-20T06:01:27.982+0000] {processor.py:840} INFO - DAG(s) 'example_complex' retrieved from /workspaces/recomart-recommendation-pipeline/airflow_venv/lib/python3.12/site-packages/airflow/example_dags/example_complex.py
[2026-07-20T06:01:28.004+0000] {logging_mixin.py:188} INFO - [2026-07-20T06:01:28.003+0000] {dag.py:3089} INFO - Sync 1 DAGs
[2026-07-20T06:01:28.013+0000] {logging_mixin.py:188} INFO - [2026-07-20T06:01:28.013+0000] {dag.py:3947} INFO - Setting next_dagrun for example_complex to None, run_after=None
[2026-07-20T06:01:28.031+0000] {processor.py:183} INFO - Processing /workspaces/recomart-recommendation-pipeline/airflow_venv/lib/python3.12/site-packages/airflow/example_dags/example_complex.py took 0.067 seconds
[2026-07-20T06:02:34.522+0000] {processor.py:161} INFO - Started process (PID=60176) to work on /workspaces/recomart-recommendation-pipeline/airflow_venv/lib/python3.12/site-packages/airflow/example_dags/example_complex.py
[2026-07-20T06:02:34.523+0000] {processor.py:830} INFO - Processing file /workspaces/recomart-recommendation-pipeline/airflow_venv/lib/python3.12/site-packages/airflow/example_dags/example_complex.py for tasks to queue
[2026-07-20T06:02:34.524+0000] {logging_mixin.py:188} INFO - [2026-07-20T06:02:34.524+0000] {dagbag.py:545} INFO - Filling up the DagBag from /workspaces/recomart-recommendation-pipeline/airflow_venv/lib/python3.12/site-packages/airflow/example_dags/example_complex.py
[2026-07-20T06:02:34.532+0000] {processor.py:840} INFO - DAG(s) 'example_complex' retrieved from /workspaces/recomart-recommendation-pipeline/airflow_venv/lib/python3.12/site-packages/airflow/example_dags/example_complex.py
[2026-07-20T06:02:34.552+0000] {logging_mixin.py:188} INFO - [2026-07-20T06:02:34.552+0000] {dag.py:3089} INFO - Sync 1 DAGs
[2026-07-20T06:02:34.561+0000] {logging_mixin.py:188} INFO - [2026-07-20T06:02:34.561+0000] {dag.py:3947} INFO - Setting next_dagrun for example_complex to None, run_after=None
[2026-07-20T06:02:34.583+0000] {processor.py:183} INFO - Processing /workspaces/recomart-recommendation-pipeline/airflow_venv/lib/python3.12/site-packages/airflow/example_dags/example_complex.py took 0.065 seconds
[2026-07-20T06:03:36.399+0000] {processor.py:161} INFO - Started process (PID=60754) to work on /workspaces/recomart-recommendation-pipeline/airflow_venv/lib/python3.12/site-packages/airflow/example_dags/example_complex.py
[2026-07-20T06:03:36.400+0000] {processor.py:830} INFO - Processing file /workspaces/recomart-recommendation-pipeline/airflow_venv/lib/python3.12/site-packages/airflow/example_dags/example_complex.py for tasks to queue
[2026-07-20T06:03:36.401+0000] {logging_mixin.py:188} INFO - [2026-07-20T06:03:36.401+0000] {dagbag.py:545} INFO - Filling up the DagBag from /workspaces/recomart-recommendation-pipeline/airflow_venv/lib/python3.12/site-packages/airflow/example_dags/example_complex.py
[2026-07-20T06:03:36.409+0000] {processor.py:840} INFO - DAG(s) 'example_complex' retrieved from /workspaces/recomart-recommendation-pipeline/airflow_venv/lib/python3.12/site-packages/airflow/example_dags/example_complex.py
[2026-07-20T06:03:36.429+0000] {logging_mixin.py:188} INFO - [2026-07-20T06:03:36.429+0000] {dag.py:3089} INFO - Sync 1 DAGs
[2026-07-20T06:03:36.439+0000] {logging_mixin.py:188} INFO - [2026-07-20T06:03:36.439+0000] {dag.py:3947} INFO - Setting next_dagrun for example_complex to None, run_after=None
[2026-07-20T06:03:36.457+0000] {processor.py:183} INFO - Processing /workspaces/recomart-recommendation-pipeline/airflow_venv/lib/python3.12/site-packages/airflow/example_dags/example_complex.py took 0.062 seconds
[2026-07-20T06:04:43.244+0000] {processor.py:161} INFO - Started process (PID=61365) to work on /workspaces/recomart-recommendation-pipeline/airflow_venv/lib/python3.12/site-packages/airflow/example_dags/example_complex.py
[2026-07-20T06:04:43.244+0000] {processor.py:830} INFO - Processing file /workspaces/recomart-recommendation-pipeline/airflow_venv/lib/python3.12/site-packages/airflow/example_dags/example_complex.py for tasks to queue
[2026-07-20T06:04:43.246+0000] {logging_mixin.py:188} INFO - [2026-07-20T06:04:43.245+0000] {dagbag.py:545} INFO - Filling up the DagBag from /workspaces/recomart-recommendation-pipeline/airflow_venv/lib/python3.12/site-packages/airflow/example_dags/example_complex.py
[2026-07-20T06:04:43.254+0000] {processor.py:840} INFO - DAG(s) 'example_complex' retrieved from /workspaces/recomart-recommendation-pipeline/airflow_venv/lib/python3.12/site-packages/airflow/example_dags/example_complex.py
[2026-07-20T06:04:43.277+0000] {logging_mixin.py:188} INFO - [2026-07-20T06:04:43.276+0000] {dag.py:3089} INFO - Sync 1 DAGs
[2026-07-20T06:04:43.289+0000] {logging_mixin.py:188} INFO - [2026-07-20T06:04:43.288+0000] {dag.py:3947} INFO - Setting next_dagrun for example_complex to None, run_after=None
[2026-07-20T06:04:43.306+0000] {processor.py:183} INFO - Processing /workspaces/recomart-recommendation-pipeline/airflow_venv/lib/python3.12/site-packages/airflow/example_dags/example_complex.py took 0.067 seconds
[2026-07-20T06:05:51.210+0000] {processor.py:161} INFO - Started process (PID=61897) to work on /workspaces/recomart-recommendation-pipeline/airflow_venv/lib/python3.12/site-packages/airflow/example_dags/example_complex.py
[2026-07-20T06:05:51.211+0000] {processor.py:830} INFO - Processing file /workspaces/recomart-recommendation-pipeline/airflow_venv/lib/python3.12/site-packages/airflow/example_dags/example_complex.py for tasks to queue
[2026-07-20T06:05:51.217+0000] {logging_mixin.py:188} INFO - [2026-07-20T06:05:51.216+0000] {dagbag.py:545} INFO - Filling up the DagBag from /workspaces/recomart-recommendation-pipeline/airflow_venv/lib/python3.12/site-packages/airflow/example_dags/example_complex.py
[2026-07-20T06:05:51.238+0000] {processor.py:840} INFO - DAG(s) 'example_complex' retrieved from /workspaces/recomart-recommendation-pipeline/airflow_venv/lib/python3.12/site-packages/airflow/example_dags/example_complex.py
[2026-07-20T06:05:51.309+0000] {logging_mixin.py:188} INFO - [2026-07-20T06:05:51.309+0000] {dag.py:3089} INFO - Sync 1 DAGs
[2026-07-20T06:05:51.338+0000] {logging_mixin.py:188} INFO - [2026-07-20T06:05:51.338+0000] {dag.py:3947} INFO - Setting next_dagrun for example_complex to None, run_after=None
[2026-07-20T06:05:51.392+0000] {processor.py:183} INFO - Processing /workspaces/recomart-recommendation-pipeline/airflow_venv/lib/python3.12/site-packages/airflow/example_dags/example_complex.py took 0.187 seconds
[2026-07-20T06:07:02.621+0000] {processor.py:161} INFO - Started process (PID=62471) to work on /workspaces/recomart-recommendation-pipeline/airflow_venv/lib/python3.12/site-packages/airflow/example_dags/example_complex.py
[2026-07-20T06:07:02.622+0000] {processor.py:830} INFO - Processing file /workspaces/recomart-recommendation-pipeline/airflow_venv/lib/python3.12/site-packages/airflow/example_dags/example_complex.py for tasks to queue
[2026-07-20T06:07:02.625+0000] {logging_mixin.py:188} INFO - [2026-07-20T06:07:02.624+0000] {dagbag.py:545} INFO - Filling up the DagBag from /workspaces/recomart-recommendation-pipeline/airflow_venv/lib/python3.12/site-packages/airflow/example_dags/example_complex.py
[2026-07-20T06:07:02.634+0000] {processor.py:840} INFO - DAG(s) 'example_complex' retrieved from /workspaces/recomart-recommendation-pipeline/airflow_venv/lib/python3.12/site-packages/airflow/example_dags/example_complex.py
[2026-07-20T06:07:02.762+0000] {logging_mixin.py:188} INFO - [2026-07-20T06:07:02.762+0000] {dag.py:3089} INFO - Sync 1 DAGs
[2026-07-20T06:07:02.771+0000] {logging_mixin.py:188} INFO - [2026-07-20T06:07:02.770+0000] {dag.py:3947} INFO - Setting next_dagrun for example_complex to None, run_after=None
[2026-07-20T06:07:02.793+0000] {processor.py:183} INFO - Processing /workspaces/recomart-recommendation-pipeline/airflow_venv/lib/python3.12/site-packages/airflow/example_dags/example_complex.py took 0.178 seconds
[2026-07-20T06:07:55.676+0000] {processor.py:161} INFO - Started process (PID=62906) to work on /workspaces/recomart-recommendation-pipeline/airflow_venv/lib/python3.12/site-packages/airflow/example_dags/example_complex.py
[2026-07-20T06:07:55.678+0000] {processor.py:830} INFO - Processing file /workspaces/recomart-recommendation-pipeline/airflow_venv/lib/python3.12/site-packages/airflow/example_dags/example_complex.py for tasks to queue
[2026-07-20T06:07:55.680+0000] {logging_mixin.py:188} INFO - [2026-07-20T06:07:55.679+0000] {dagbag.py:545} INFO - Filling up the DagBag from /workspaces/recomart-recommendation-pipeline/airflow_venv/lib/python3.12/site-packages/airflow/example_dags/example_complex.py
[2026-07-20T06:07:55.697+0000] {processor.py:840} INFO - DAG(s) 'example_complex' retrieved from /workspaces/recomart-recommendation-pipeline/airflow_venv/lib/python3.12/site-packages/airflow/example_dags/example_complex.py
[2026-07-20T06:07:55.718+0000] {logging_mixin.py:188} INFO - [2026-07-20T06:07:55.718+0000] {dag.py:3089} INFO - Sync 1 DAGs
[2026-07-20T06:07:55.727+0000] {logging_mixin.py:188} INFO - [2026-07-20T06:07:55.727+0000] {dag.py:3947} INFO - Setting next_dagrun for example_complex to None, run_after=None
[2026-07-20T06:07:55.744+0000] {processor.py:183} INFO - Processing /workspaces/recomart-recommendation-pipeline/airflow_venv/lib/python3.12/site-packages/airflow/example_dags/example_complex.py took 0.074 seconds
[2026-07-20T06:09:24.852+0000] {processor.py:161} INFO - Started process (PID=63800) to work on /workspaces/recomart-recommendation-pipeline/airflow_venv/lib/python3.12/site-packages/airflow/example_dags/example_complex.py
[2026-07-20T06:09:24.853+0000] {processor.py:830} INFO - Processing file /workspaces/recomart-recommendation-pipeline/airflow_venv/lib/python3.12/site-packages/airflow/example_dags/example_complex.py for tasks to queue
[2026-07-20T06:09:24.854+0000] {logging_mixin.py:188} INFO - [2026-07-20T06:09:24.854+0000] {dagbag.py:545} INFO - Filling up the DagBag from /workspaces/recomart-recommendation-pipeline/airflow_venv/lib/python3.12/site-packages/airflow/example_dags/example_complex.py
[2026-07-20T06:09:24.862+0000] {processor.py:840} INFO - DAG(s) 'example_complex' retrieved from /workspaces/recomart-recommendation-pipeline/airflow_venv/lib/python3.12/site-packages/airflow/example_dags/example_complex.py
[2026-07-20T06:09:24.960+0000] {logging_mixin.py:188} INFO - [2026-07-20T06:09:24.960+0000] {dag.py:3089} INFO - Sync 1 DAGs
[2026-07-20T06:09:24.968+0000] {logging_mixin.py:188} INFO - [2026-07-20T06:09:24.968+0000] {dag.py:3947} INFO - Setting next_dagrun for example_complex to None, run_after=None
[2026-07-20T06:09:24.988+0000] {processor.py:183} INFO - Processing /workspaces/recomart-recommendation-pipeline/airflow_venv/lib/python3.12/site-packages/airflow/example_dags/example_complex.py took 0.140 seconds
[2026-07-20T06:10:19.501+0000] {processor.py:161} INFO - Started process (PID=64254) to work on /workspaces/recomart-recommendation-pipeline/airflow_venv/lib/python3.12/site-packages/airflow/example_dags/example_complex.py
[2026-07-20T06:10:19.502+0000] {processor.py:830} INFO - Processing file /workspaces/recomart-recommendation-pipeline/airflow_venv/lib/python3.12/site-packages/airflow/example_dags/example_complex.py for tasks to queue
[2026-07-20T06:10:19.504+0000] {logging_mixin.py:188} INFO - [2026-07-20T06:10:19.504+0000] {dagbag.py:545} INFO - Filling up the DagBag from /workspaces/recomart-recommendation-pipeline/airflow_venv/lib/python3.12/site-packages/airflow/example_dags/example_complex.py
[2026-07-20T06:10:19.517+0000] {processor.py:840} INFO - DAG(s) 'example_complex' retrieved from /workspaces/recomart-recommendation-pipeline/airflow_venv/lib/python3.12/site-packages/airflow/example_dags/example_complex.py
[2026-07-20T06:10:19.550+0000] {logging_mixin.py:188} INFO - [2026-07-20T06:10:19.550+0000] {dag.py:3089} INFO - Sync 1 DAGs
[2026-07-20T06:10:19.566+0000] {logging_mixin.py:188} INFO - [2026-07-20T06:10:19.564+0000] {dag.py:3947} INFO - Setting next_dagrun for example_complex to None, run_after=None
[2026-07-20T06:10:19.610+0000] {processor.py:183} INFO - Processing /workspaces/recomart-recommendation-pipeline/airflow_venv/lib/python3.12/site-packages/airflow/example_dags/example_complex.py took 0.115 seconds
[2026-07-20T06:11:24.983+0000] {processor.py:161} INFO - Started process (PID=64966) to work on /workspaces/recomart-recommendation-pipeline/airflow_venv/lib/python3.12/site-packages/airflow/example_dags/example_complex.py
[2026-07-20T06:11:24.983+0000] {processor.py:830} INFO - Processing file /workspaces/recomart-recommendation-pipeline/airflow_venv/lib/python3.12/site-packages/airflow/example_dags/example_complex.py for tasks to queue
[2026-07-20T06:11:24.985+0000] {logging_mixin.py:188} INFO - [2026-07-20T06:11:24.984+0000] {dagbag.py:545} INFO - Filling up the DagBag from /workspaces/recomart-recommendation-pipeline/airflow_venv/lib/python3.12/site-packages/airflow/example_dags/example_complex.py
[2026-07-20T06:11:24.997+0000] {processor.py:840} INFO - DAG(s) 'example_complex' retrieved from /workspaces/recomart-recommendation-pipeline/airflow_venv/lib/python3.12/site-packages/airflow/example_dags/example_complex.py
[2026-07-20T06:11:25.017+0000] {logging_mixin.py:188} INFO - [2026-07-20T06:11:25.017+0000] {dag.py:3089} INFO - Sync 1 DAGs
[2026-07-20T06:11:25.027+0000] {logging_mixin.py:188} INFO - [2026-07-20T06:11:25.027+0000] {dag.py:3947} INFO - Setting next_dagrun for example_complex to None, run_after=None
[2026-07-20T06:11:25.046+0000] {processor.py:183} INFO - Processing /workspaces/recomart-recommendation-pipeline/airflow_venv/lib/python3.12/site-packages/airflow/example_dags/example_complex.py took 0.068 seconds
[2026-07-20T06:12:25.668+0000] {processor.py:161} INFO - Started process (PID=65470) to work on /workspaces/recomart-recommendation-pipeline/airflow_venv/lib/python3.12/site-packages/airflow/example_dags/example_complex.py
[2026-07-20T06:12:25.669+0000] {processor.py:830} INFO - Processing file /workspaces/recomart-recommendation-pipeline/airflow_venv/lib/python3.12/site-packages/airflow/example_dags/example_complex.py for tasks to queue
[2026-07-20T06:12:25.671+0000] {logging_mixin.py:188} INFO - [2026-07-20T06:12:25.670+0000] {dagbag.py:545} INFO - Filling up the DagBag from /workspaces/recomart-recommendation-pipeline/airflow_venv/lib/python3.12/site-packages/airflow/example_dags/example_complex.py
[2026-07-20T06:12:25.681+0000] {processor.py:840} INFO - DAG(s) 'example_complex' retrieved from /workspaces/recomart-recommendation-pipeline/airflow_venv/lib/python3.12/site-packages/airflow/example_dags/example_complex.py
[2026-07-20T06:12:25.710+0000] {logging_mixin.py:188} INFO - [2026-07-20T06:12:25.710+0000] {dag.py:3089} INFO - Sync 1 DAGs
[2026-07-20T06:12:25.733+0000] {logging_mixin.py:188} INFO - [2026-07-20T06:12:25.733+0000] {dag.py:3947} INFO - Setting next_dagrun for example_complex to None, run_after=None
[2026-07-20T06:12:25.768+0000] {processor.py:183} INFO - Processing /workspaces/recomart-recommendation-pipeline/airflow_venv/lib/python3.12/site-packages/airflow/example_dags/example_complex.py took 0.104 seconds
[2026-07-20T06:13:32.392+0000] {processor.py:161} INFO - Started process (PID=66003) to work on /workspaces/recomart-recommendation-pipeline/airflow_venv/lib/python3.12/site-packages/airflow/example_dags/example_complex.py
[2026-07-20T06:13:32.393+0000] {processor.py:830} INFO - Processing file /workspaces/recomart-recommendation-pipeline/airflow_venv/lib/python3.12/site-packages/airflow/example_dags/example_complex.py for tasks to queue
[2026-07-20T06:13:32.395+0000] {logging_mixin.py:188} INFO - [2026-07-20T06:13:32.394+0000] {dagbag.py:545} INFO - Filling up the DagBag from /workspaces/recomart-recommendation-pipeline/airflow_venv/lib/python3.12/site-packages/airflow/example_dags/example_complex.py
[2026-07-20T06:13:32.406+0000] {processor.py:840} INFO - DAG(s) 'example_complex' retrieved from /workspaces/recomart-recommendation-pipeline/airflow_venv/lib/python3.12/site-packages/airflow/example_dags/example_complex.py
[2026-07-20T06:13:32.427+0000] {logging_mixin.py:188} INFO - [2026-07-20T06:13:32.427+0000] {dag.py:3089} INFO - Sync 1 DAGs
[2026-07-20T06:13:32.436+0000] {logging_mixin.py:188} INFO - [2026-07-20T06:13:32.436+0000] {dag.py:3947} INFO - Setting next_dagrun for example_complex to None, run_after=None
[2026-07-20T06:13:32.454+0000] {processor.py:183} INFO - Processing /workspaces/recomart-recommendation-pipeline/airflow_venv/lib/python3.12/site-packages/airflow/example_dags/example_complex.py took 0.067 seconds
[2026-07-20T06:14:42.603+0000] {processor.py:161} INFO - Started process (PID=66923) to work on /workspaces/recomart-recommendation-pipeline/airflow_venv/lib/python3.12/site-packages/airflow/example_dags/example_complex.py
[2026-07-20T06:14:42.604+0000] {processor.py:830} INFO - Processing file /workspaces/recomart-recommendation-pipeline/airflow_venv/lib/python3.12/site-packages/airflow/example_dags/example_complex.py for tasks to queue
[2026-07-20T06:14:42.605+0000] {logging_mixin.py:188} INFO - [2026-07-20T06:14:42.605+0000] {dagbag.py:545} INFO - Filling up the DagBag from /workspaces/recomart-recommendation-pipeline/airflow_venv/lib/python3.12/site-packages/airflow/example_dags/example_complex.py
[2026-07-20T06:14:42.613+0000] {processor.py:840} INFO - DAG(s) 'example_complex' retrieved from /workspaces/recomart-recommendation-pipeline/airflow_venv/lib/python3.12/site-packages/airflow/example_dags/example_complex.py
[2026-07-20T06:14:42.635+0000] {logging_mixin.py:188} INFO - [2026-07-20T06:14:42.634+0000] {dag.py:3089} INFO - Sync 1 DAGs
[2026-07-20T06:14:42.644+0000] {logging_mixin.py:188} INFO - [2026-07-20T06:14:42.644+0000] {dag.py:3947} INFO - Setting next_dagrun for example_complex to None, run_after=None
[2026-07-20T06:14:42.668+0000] {processor.py:183} INFO - Processing /workspaces/recomart-recommendation-pipeline/airflow_venv/lib/python3.12/site-packages/airflow/example_dags/example_complex.py took 0.069 seconds
[2026-07-20T06:31:27.634+0000] {processor.py:161} INFO - Started process (PID=73873) to work on /workspaces/recomart-recommendation-pipeline/airflow_venv/lib/python3.12/site-packages/airflow/example_dags/example_complex.py
[2026-07-20T06:31:27.635+0000] {processor.py:830} INFO - Processing file /workspaces/recomart-recommendation-pipeline/airflow_venv/lib/python3.12/site-packages/airflow/example_dags/example_complex.py for tasks to queue
[2026-07-20T06:31:27.636+0000] {logging_mixin.py:188} INFO - [2026-07-20T06:31:27.636+0000] {dagbag.py:545} INFO - Filling up the DagBag from /workspaces/recomart-recommendation-pipeline/airflow_venv/lib/python3.12/site-packages/airflow/example_dags/example_complex.py
[2026-07-20T06:31:27.644+0000] {processor.py:840} INFO - DAG(s) 'example_complex' retrieved from /workspaces/recomart-recommendation-pipeline/airflow_venv/lib/python3.12/site-packages/airflow/example_dags/example_complex.py
[2026-07-20T06:31:27.748+0000] {logging_mixin.py:188} INFO - [2026-07-20T06:31:27.747+0000] {dag.py:3089} INFO - Sync 1 DAGs
[2026-07-20T06:31:27.759+0000] {logging_mixin.py:188} INFO - [2026-07-20T06:31:27.758+0000] {dag.py:3947} INFO - Setting next_dagrun for example_complex to None, run_after=None
[2026-07-20T06:31:27.805+0000] {processor.py:183} INFO - Processing /workspaces/recomart-recommendation-pipeline/airflow_venv/lib/python3.12/site-packages/airflow/example_dags/example_complex.py took 0.176 seconds
[2026-07-20T06:32:21.319+0000] {processor.py:161} INFO - Started process (PID=74616) to work on /workspaces/recomart-recommendation-pipeline/airflow_venv/lib/python3.12/site-packages/airflow/example_dags/example_complex.py
[2026-07-20T06:32:21.320+0000] {processor.py:830} INFO - Processing file /workspaces/recomart-recommendation-pipeline/airflow_venv/lib/python3.12/site-packages/airflow/example_dags/example_complex.py for tasks to queue
[2026-07-20T06:32:21.321+0000] {logging_mixin.py:188} INFO - [2026-07-20T06:32:21.321+0000] {dagbag.py:545} INFO - Filling up the DagBag from /workspaces/recomart-recommendation-pipeline/airflow_venv/lib/python3.12/site-packages/airflow/example_dags/example_complex.py
[2026-07-20T06:32:21.329+0000] {processor.py:840} INFO - DAG(s) 'example_complex' retrieved from /workspaces/recomart-recommendation-pipeline/airflow_venv/lib/python3.12/site-packages/airflow/example_dags/example_complex.py
[2026-07-20T06:32:21.349+0000] {logging_mixin.py:188} INFO - [2026-07-20T06:32:21.348+0000] {dag.py:3089} INFO - Sync 1 DAGs
[2026-07-20T06:32:21.357+0000] {logging_mixin.py:188} INFO - [2026-07-20T06:32:21.357+0000] {dag.py:3947} INFO - Setting next_dagrun for example_complex to None, run_after=None
[2026-07-20T06:32:21.375+0000] {processor.py:183} INFO - Processing /workspaces/recomart-recommendation-pipeline/airflow_venv/lib/python3.12/site-packages/airflow/example_dags/example_complex.py took 0.060 seconds
[2026-07-20T06:33:29.085+0000] {processor.py:161} INFO - Started process (PID=75159) to work on /workspaces/recomart-recommendation-pipeline/airflow_venv/lib/python3.12/site-packages/airflow/example_dags/example_complex.py
[2026-07-20T06:33:29.086+0000] {processor.py:830} INFO - Processing file /workspaces/recomart-recommendation-pipeline/airflow_venv/lib/python3.12/site-packages/airflow/example_dags/example_complex.py for tasks to queue
[2026-07-20T06:33:29.087+0000] {logging_mixin.py:188} INFO - [2026-07-20T06:33:29.087+0000] {dagbag.py:545} INFO - Filling up the DagBag from /workspaces/recomart-recommendation-pipeline/airflow_venv/lib/python3.12/site-packages/airflow/example_dags/example_complex.py
[2026-07-20T06:33:29.095+0000] {processor.py:840} INFO - DAG(s) 'example_complex' retrieved from /workspaces/recomart-recommendation-pipeline/airflow_venv/lib/python3.12/site-packages/airflow/example_dags/example_complex.py
[2026-07-20T06:33:29.119+0000] {logging_mixin.py:188} INFO - [2026-07-20T06:33:29.119+0000] {dag.py:3089} INFO - Sync 1 DAGs
[2026-07-20T06:33:29.128+0000] {logging_mixin.py:188} INFO - [2026-07-20T06:33:29.128+0000] {dag.py:3947} INFO - Setting next_dagrun for example_complex to None, run_after=None
[2026-07-20T06:33:29.147+0000] {processor.py:183} INFO - Processing /workspaces/recomart-recommendation-pipeline/airflow_venv/lib/python3.12/site-packages/airflow/example_dags/example_complex.py took 0.067 seconds
[2026-07-20T06:34:58.059+0000] {processor.py:161} INFO - Started process (PID=76803) to work on /workspaces/recomart-recommendation-pipeline/airflow_venv/lib/python3.12/site-packages/airflow/example_dags/example_complex.py
[2026-07-20T06:34:58.060+0000] {processor.py:830} INFO - Processing file /workspaces/recomart-recommendation-pipeline/airflow_venv/lib/python3.12/site-packages/airflow/example_dags/example_complex.py for tasks to queue
[2026-07-20T06:34:58.061+0000] {logging_mixin.py:188} INFO - [2026-07-20T06:34:58.061+0000] {dagbag.py:545} INFO - Filling up the DagBag from /workspaces/recomart-recommendation-pipeline/airflow_venv/lib/python3.12/site-packages/airflow/example_dags/example_complex.py
[2026-07-20T06:34:58.069+0000] {processor.py:840} INFO - DAG(s) 'example_complex' retrieved from /workspaces/recomart-recommendation-pipeline/airflow_venv/lib/python3.12/site-packages/airflow/example_dags/example_complex.py
[2026-07-20T06:34:58.117+0000] {logging_mixin.py:188} INFO - [2026-07-20T06:34:58.117+0000] {dag.py:3089} INFO - Sync 1 DAGs
[2026-07-20T06:34:58.127+0000] {logging_mixin.py:188} INFO - [2026-07-20T06:34:58.127+0000] {dag.py:3947} INFO - Setting next_dagrun for example_complex to None, run_after=None
[2026-07-20T06:34:58.149+0000] {processor.py:183} INFO - Processing /workspaces/recomart-recommendation-pipeline/airflow_venv/lib/python3.12/site-packages/airflow/example_dags/example_complex.py took 0.094 seconds
[2026-07-20T06:36:10.711+0000] {processor.py:161} INFO - Started process (PID=78229) to work on /workspaces/recomart-recommendation-pipeline/airflow_venv/lib/python3.12/site-packages/airflow/example_dags/example_complex.py
[2026-07-20T06:36:10.712+0000] {processor.py:830} INFO - Processing file /workspaces/recomart-recommendation-pipeline/airflow_venv/lib/python3.12/site-packages/airflow/example_dags/example_complex.py for tasks to queue
[2026-07-20T06:36:10.713+0000] {logging_mixin.py:188} INFO - [2026-07-20T06:36:10.713+0000] {dagbag.py:545} INFO - Filling up the DagBag from /workspaces/recomart-recommendation-pipeline/airflow_venv/lib/python3.12/site-packages/airflow/example_dags/example_complex.py
[2026-07-20T06:36:10.721+0000] {processor.py:840} INFO - DAG(s) 'example_complex' retrieved from /workspaces/recomart-recommendation-pipeline/airflow_venv/lib/python3.12/site-packages/airflow/example_dags/example_complex.py
[2026-07-20T06:36:10.741+0000] {logging_mixin.py:188} INFO - [2026-07-20T06:36:10.741+0000] {dag.py:3089} INFO - Sync 1 DAGs
[2026-07-20T06:36:10.752+0000] {logging_mixin.py:188} INFO - [2026-07-20T06:36:10.752+0000] {dag.py:3947} INFO - Setting next_dagrun for example_complex to None, run_after=None
[2026-07-20T06:36:10.770+0000] {processor.py:183} INFO - Processing /workspaces/recomart-recommendation-pipeline/airflow_venv/lib/python3.12/site-packages/airflow/example_dags/example_complex.py took 0.063 seconds
[2026-07-20T06:37:07.237+0000] {processor.py:161} INFO - Started process (PID=78891) to work on /workspaces/recomart-recommendation-pipeline/airflow_venv/lib/python3.12/site-packages/airflow/example_dags/example_complex.py
[2026-07-20T06:37:07.239+0000] {processor.py:830} INFO - Processing file /workspaces/recomart-recommendation-pipeline/airflow_venv/lib/python3.12/site-packages/airflow/example_dags/example_complex.py for tasks to queue
[2026-07-20T06:37:07.241+0000] {logging_mixin.py:188} INFO - [2026-07-20T06:37:07.240+0000] {dagbag.py:545} INFO - Filling up the DagBag from /workspaces/recomart-recommendation-pipeline/airflow_venv/lib/python3.12/site-packages/airflow/example_dags/example_complex.py
[2026-07-20T06:37:07.256+0000] {processor.py:840} INFO - DAG(s) 'example_complex' retrieved from /workspaces/recomart-recommendation-pipeline/airflow_venv/lib/python3.12/site-packages/airflow/example_dags/example_complex.py
[2026-07-20T06:37:07.280+0000] {logging_mixin.py:188} INFO - [2026-07-20T06:37:07.280+0000] {dag.py:3089} INFO - Sync 1 DAGs
[2026-07-20T06:37:07.292+0000] {logging_mixin.py:188} INFO - [2026-07-20T06:37:07.292+0000] {dag.py:3947} INFO - Setting next_dagrun for example_complex to None, run_after=None
[2026-07-20T06:37:07.310+0000] {processor.py:183} INFO - Processing /workspaces/recomart-recommendation-pipeline/airflow_venv/lib/python3.12/site-packages/airflow/example_dags/example_complex.py took 0.080 seconds
[2026-07-20T06:38:15.569+0000] {processor.py:161} INFO - Started process (PID=79438) to work on /workspaces/recomart-recommendation-pipeline/airflow_venv/lib/python3.12/site-packages/airflow/example_dags/example_complex.py
[2026-07-20T06:38:15.570+0000] {processor.py:830} INFO - Processing file /workspaces/recomart-recommendation-pipeline/airflow_venv/lib/python3.12/site-packages/airflow/example_dags/example_complex.py for tasks to queue
[2026-07-20T06:38:15.571+0000] {logging_mixin.py:188} INFO - [2026-07-20T06:38:15.570+0000] {dagbag.py:545} INFO - Filling up the DagBag from /workspaces/recomart-recommendation-pipeline/airflow_venv/lib/python3.12/site-packages/airflow/example_dags/example_complex.py
[2026-07-20T06:38:15.578+0000] {processor.py:840} INFO - DAG(s) 'example_complex' retrieved from /workspaces/recomart-recommendation-pipeline/airflow_venv/lib/python3.12/site-packages/airflow/example_dags/example_complex.py
[2026-07-20T06:38:15.599+0000] {logging_mixin.py:188} INFO - [2026-07-20T06:38:15.599+0000] {dag.py:3089} INFO - Sync 1 DAGs
[2026-07-20T06:38:15.608+0000] {logging_mixin.py:188} INFO - [2026-07-20T06:38:15.608+0000] {dag.py:3947} INFO - Setting next_dagrun for example_complex to None, run_after=None
[2026-07-20T06:38:15.710+0000] {processor.py:183} INFO - Processing /workspaces/recomart-recommendation-pipeline/airflow_venv/lib/python3.12/site-packages/airflow/example_dags/example_complex.py took 0.145 seconds
[2026-07-20T06:39:26.962+0000] {processor.py:161} INFO - Started process (PID=80018) to work on /workspaces/recomart-recommendation-pipeline/airflow_venv/lib/python3.12/site-packages/airflow/example_dags/example_complex.py
[2026-07-20T06:39:26.963+0000] {processor.py:830} INFO - Processing file /workspaces/recomart-recommendation-pipeline/airflow_venv/lib/python3.12/site-packages/airflow/example_dags/example_complex.py for tasks to queue
[2026-07-20T06:39:26.964+0000] {logging_mixin.py:188} INFO - [2026-07-20T06:39:26.964+0000] {dagbag.py:545} INFO - Filling up the DagBag from /workspaces/recomart-recommendation-pipeline/airflow_venv/lib/python3.12/site-packages/airflow/example_dags/example_complex.py
[2026-07-20T06:39:26.976+0000] {processor.py:840} INFO - DAG(s) 'example_complex' retrieved from /workspaces/recomart-recommendation-pipeline/airflow_venv/lib/python3.12/site-packages/airflow/example_dags/example_complex.py
[2026-07-20T06:39:27.016+0000] {logging_mixin.py:188} INFO - [2026-07-20T06:39:27.016+0000] {dag.py:3089} INFO - Sync 1 DAGs
[2026-07-20T06:39:27.027+0000] {logging_mixin.py:188} INFO - [2026-07-20T06:39:27.027+0000] {dag.py:3947} INFO - Setting next_dagrun for example_complex to None, run_after=None
[2026-07-20T06:39:27.044+0000] {processor.py:183} INFO - Processing /workspaces/recomart-recommendation-pipeline/airflow_venv/lib/python3.12/site-packages/airflow/example_dags/example_complex.py took 0.088 seconds
[2026-07-20T06:40:42.901+0000] {processor.py:161} INFO - Started process (PID=80696) to work on /workspaces/recomart-recommendation-pipeline/airflow_venv/lib/python3.12/site-packages/airflow/example_dags/example_complex.py
[2026-07-20T06:40:42.902+0000] {processor.py:830} INFO - Processing file /workspaces/recomart-recommendation-pipeline/airflow_venv/lib/python3.12/site-packages/airflow/example_dags/example_complex.py for tasks to queue
[2026-07-20T06:40:42.903+0000] {logging_mixin.py:188} INFO - [2026-07-20T06:40:42.903+0000] {dagbag.py:545} INFO - Filling up the DagBag from /workspaces/recomart-recommendation-pipeline/airflow_venv/lib/python3.12/site-packages/airflow/example_dags/example_complex.py
[2026-07-20T06:40:42.911+0000] {processor.py:840} INFO - DAG(s) 'example_complex' retrieved from /workspaces/recomart-recommendation-pipeline/airflow_venv/lib/python3.12/site-packages/airflow/example_dags/example_complex.py
[2026-07-20T06:40:42.932+0000] {logging_mixin.py:188} INFO - [2026-07-20T06:40:42.931+0000] {dag.py:3089} INFO - Sync 1 DAGs
[2026-07-20T06:40:42.940+0000] {logging_mixin.py:188} INFO - [2026-07-20T06:40:42.940+0000] {dag.py:3947} INFO - Setting next_dagrun for example_complex to None, run_after=None
[2026-07-20T06:40:42.959+0000] {processor.py:183} INFO - Processing /workspaces/recomart-recommendation-pipeline/airflow_venv/lib/python3.12/site-packages/airflow/example_dags/example_complex.py took 0.062 seconds
[2026-07-20T06:41:52.534+0000] {processor.py:161} INFO - Started process (PID=81326) to work on /workspaces/recomart-recommendation-pipeline/airflow_venv/lib/python3.12/site-packages/airflow/example_dags/example_complex.py
[2026-07-20T06:41:52.535+0000] {processor.py:830} INFO - Processing file /workspaces/recomart-recommendation-pipeline/airflow_venv/lib/python3.12/site-packages/airflow/example_dags/example_complex.py for tasks to queue
[2026-07-20T06:41:52.536+0000] {logging_mixin.py:188} INFO - [2026-07-20T06:41:52.536+0000] {dagbag.py:545} INFO - Filling up the DagBag from /workspaces/recomart-recommendation-pipeline/airflow_venv/lib/python3.12/site-packages/airflow/example_dags/example_complex.py
[2026-07-20T06:41:52.544+0000] {processor.py:840} INFO - DAG(s) 'example_complex' retrieved from /workspaces/recomart-recommendation-pipeline/airflow_venv/lib/python3.12/site-packages/airflow/example_dags/example_complex.py
[2026-07-20T06:41:52.564+0000] {logging_mixin.py:188} INFO - [2026-07-20T06:41:52.564+0000] {dag.py:3089} INFO - Sync 1 DAGs
[2026-07-20T06:41:52.574+0000] {logging_mixin.py:188} INFO - [2026-07-20T06:41:52.574+0000] {dag.py:3947} INFO - Setting next_dagrun for example_complex to None, run_after=None
[2026-07-20T06:41:52.594+0000] {processor.py:183} INFO - Processing /workspaces/recomart-recommendation-pipeline/airflow_venv/lib/python3.12/site-packages/airflow/example_dags/example_complex.py took 0.064 seconds
[2026-07-20T06:43:02.724+0000] {processor.py:161} INFO - Started process (PID=81874) to work on /workspaces/recomart-recommendation-pipeline/airflow_venv/lib/python3.12/site-packages/airflow/example_dags/example_complex.py
[2026-07-20T06:43:02.725+0000] {processor.py:830} INFO - Processing file /workspaces/recomart-recommendation-pipeline/airflow_venv/lib/python3.12/site-packages/airflow/example_dags/example_complex.py for tasks to queue
[2026-07-20T06:43:02.726+0000] {logging_mixin.py:188} INFO - [2026-07-20T06:43:02.726+0000] {dagbag.py:545} INFO - Filling up the DagBag from /workspaces/recomart-recommendation-pipeline/airflow_venv/lib/python3.12/site-packages/airflow/example_dags/example_complex.py
[2026-07-20T06:43:02.734+0000] {processor.py:840} INFO - DAG(s) 'example_complex' retrieved from /workspaces/recomart-recommendation-pipeline/airflow_venv/lib/python3.12/site-packages/airflow/example_dags/example_complex.py
[2026-07-20T06:43:02.755+0000] {logging_mixin.py:188} INFO - [2026-07-20T06:43:02.755+0000] {dag.py:3089} INFO - Sync 1 DAGs
[2026-07-20T06:43:02.764+0000] {logging_mixin.py:188} INFO - [2026-07-20T06:43:02.764+0000] {dag.py:3947} INFO - Setting next_dagrun for example_complex to None, run_after=None
[2026-07-20T06:43:02.783+0000] {processor.py:183} INFO - Processing /workspaces/recomart-recommendation-pipeline/airflow_venv/lib/python3.12/site-packages/airflow/example_dags/example_complex.py took 0.063 seconds
[2026-07-20T06:44:17.113+0000] {processor.py:161} INFO - Started process (PID=82490) to work on /workspaces/recomart-recommendation-pipeline/airflow_venv/lib/python3.12/site-packages/airflow/example_dags/example_complex.py
[2026-07-20T06:44:17.114+0000] {processor.py:830} INFO - Processing file /workspaces/recomart-recommendation-pipeline/airflow_venv/lib/python3.12/site-packages/airflow/example_dags/example_complex.py for tasks to queue
[2026-07-20T06:44:17.115+0000] {logging_mixin.py:188} INFO - [2026-07-20T06:44:17.115+0000] {dagbag.py:545} INFO - Filling up the DagBag from /workspaces/recomart-recommendation-pipeline/airflow_venv/lib/python3.12/site-packages/airflow/example_dags/example_complex.py
[2026-07-20T06:44:17.123+0000] {processor.py:840} INFO - DAG(s) 'example_complex' retrieved from /workspaces/recomart-recommendation-pipeline/airflow_venv/lib/python3.12/site-packages/airflow/example_dags/example_complex.py
[2026-07-20T06:44:17.143+0000] {logging_mixin.py:188} INFO - [2026-07-20T06:44:17.143+0000] {dag.py:3089} INFO - Sync 1 DAGs
[2026-07-20T06:44:17.152+0000] {logging_mixin.py:188} INFO - [2026-07-20T06:44:17.152+0000] {dag.py:3947} INFO - Setting next_dagrun for example_complex to None, run_after=None
[2026-07-20T06:44:17.170+0000] {processor.py:183} INFO - Processing /workspaces/recomart-recommendation-pipeline/airflow_venv/lib/python3.12/site-packages/airflow/example_dags/example_complex.py took 0.061 seconds
[2026-07-20T06:45:17.003+0000] {processor.py:161} INFO - Started process (PID=82993) to work on /workspaces/recomart-recommendation-pipeline/airflow_venv/lib/python3.12/site-packages/airflow/example_dags/example_complex.py
[2026-07-20T06:45:17.003+0000] {processor.py:830} INFO - Processing file /workspaces/recomart-recommendation-pipeline/airflow_venv/lib/python3.12/site-packages/airflow/example_dags/example_complex.py for tasks to queue
[2026-07-20T06:45:17.005+0000] {logging_mixin.py:188} INFO - [2026-07-20T06:45:17.004+0000] {dagbag.py:545} INFO - Filling up the DagBag from /workspaces/recomart-recommendation-pipeline/airflow_venv/lib/python3.12/site-packages/airflow/example_dags/example_complex.py
[2026-07-20T06:45:17.012+0000] {processor.py:840} INFO - DAG(s) 'example_complex' retrieved from /workspaces/recomart-recommendation-pipeline/airflow_venv/lib/python3.12/site-packages/airflow/example_dags/example_complex.py
[2026-07-20T06:45:17.033+0000] {logging_mixin.py:188} INFO - [2026-07-20T06:45:17.033+0000] {dag.py:3089} INFO - Sync 1 DAGs
[2026-07-20T06:45:17.043+0000] {logging_mixin.py:188} INFO - [2026-07-20T06:45:17.042+0000] {dag.py:3947} INFO - Setting next_dagrun for example_complex to None, run_after=None
[2026-07-20T06:45:17.060+0000] {processor.py:183} INFO - Processing /workspaces/recomart-recommendation-pipeline/airflow_venv/lib/python3.12/site-packages/airflow/example_dags/example_complex.py took 0.062 seconds
[2026-07-20T06:46:25.863+0000] {processor.py:161} INFO - Started process (PID=83602) to work on /workspaces/recomart-recommendation-pipeline/airflow_venv/lib/python3.12/site-packages/airflow/example_dags/example_complex.py
[2026-07-20T06:46:25.863+0000] {processor.py:830} INFO - Processing file /workspaces/recomart-recommendation-pipeline/airflow_venv/lib/python3.12/site-packages/airflow/example_dags/example_complex.py for tasks to queue
[2026-07-20T06:46:25.865+0000] {logging_mixin.py:188} INFO - [2026-07-20T06:46:25.865+0000] {dagbag.py:545} INFO - Filling up the DagBag from /workspaces/recomart-recommendation-pipeline/airflow_venv/lib/python3.12/site-packages/airflow/example_dags/example_complex.py
[2026-07-20T06:46:25.875+0000] {processor.py:840} INFO - DAG(s) 'example_complex' retrieved from /workspaces/recomart-recommendation-pipeline/airflow_venv/lib/python3.12/site-packages/airflow/example_dags/example_complex.py
[2026-07-20T06:46:25.902+0000] {logging_mixin.py:188} INFO - [2026-07-20T06:46:25.901+0000] {dag.py:3089} INFO - Sync 1 DAGs
[2026-07-20T06:46:25.911+0000] {logging_mixin.py:188} INFO - [2026-07-20T06:46:25.911+0000] {dag.py:3947} INFO - Setting next_dagrun for example_complex to None, run_after=None
[2026-07-20T06:46:25.933+0000] {processor.py:183} INFO - Processing /workspaces/recomart-recommendation-pipeline/airflow_venv/lib/python3.12/site-packages/airflow/example_dags/example_complex.py took 0.075 seconds
[2026-07-20T06:47:29.121+0000] {processor.py:161} INFO - Started process (PID=84119) to work on /workspaces/recomart-recommendation-pipeline/airflow_venv/lib/python3.12/site-packages/airflow/example_dags/example_complex.py
[2026-07-20T06:47:29.123+0000] {processor.py:830} INFO - Processing file /workspaces/recomart-recommendation-pipeline/airflow_venv/lib/python3.12/site-packages/airflow/example_dags/example_complex.py for tasks to queue
[2026-07-20T06:47:29.125+0000] {logging_mixin.py:188} INFO - [2026-07-20T06:47:29.125+0000] {dagbag.py:545} INFO - Filling up the DagBag from /workspaces/recomart-recommendation-pipeline/airflow_venv/lib/python3.12/site-packages/airflow/example_dags/example_complex.py
[2026-07-20T06:47:29.134+0000] {processor.py:840} INFO - DAG(s) 'example_complex' retrieved from /workspaces/recomart-recommendation-pipeline/airflow_venv/lib/python3.12/site-packages/airflow/example_dags/example_complex.py
[2026-07-20T06:47:29.154+0000] {logging_mixin.py:188} INFO - [2026-07-20T06:47:29.154+0000] {dag.py:3089} INFO - Sync 1 DAGs
[2026-07-20T06:47:29.163+0000] {logging_mixin.py:188} INFO - [2026-07-20T06:47:29.163+0000] {dag.py:3947} INFO - Setting next_dagrun for example_complex to None, run_after=None
[2026-07-20T06:47:29.181+0000] {processor.py:183} INFO - Processing /workspaces/recomart-recommendation-pipeline/airflow_venv/lib/python3.12/site-packages/airflow/example_dags/example_complex.py took 0.067 seconds
[2026-07-20T06:48:32.362+0000] {processor.py:161} INFO - Started process (PID=84656) to work on /workspaces/recomart-recommendation-pipeline/airflow_venv/lib/python3.12/site-packages/airflow/example_dags/example_complex.py
[2026-07-20T06:48:32.363+0000] {processor.py:830} INFO - Processing file /workspaces/recomart-recommendation-pipeline/airflow_venv/lib/python3.12/site-packages/airflow/example_dags/example_complex.py for tasks to queue
[2026-07-20T06:48:32.364+0000] {logging_mixin.py:188} INFO - [2026-07-20T06:48:32.364+0000] {dagbag.py:545} INFO - Filling up the DagBag from /workspaces/recomart-recommendation-pipeline/airflow_venv/lib/python3.12/site-packages/airflow/example_dags/example_complex.py
[2026-07-20T06:48:32.373+0000] {processor.py:840} INFO - DAG(s) 'example_complex' retrieved from /workspaces/recomart-recommendation-pipeline/airflow_venv/lib/python3.12/site-packages/airflow/example_dags/example_complex.py
[2026-07-20T06:48:32.399+0000] {logging_mixin.py:188} INFO - [2026-07-20T06:48:32.399+0000] {dag.py:3089} INFO - Sync 1 DAGs
[2026-07-20T06:48:32.408+0000] {logging_mixin.py:188} INFO - [2026-07-20T06:48:32.408+0000] {dag.py:3947} INFO - Setting next_dagrun for example_complex to None, run_after=None
[2026-07-20T06:48:32.425+0000] {processor.py:183} INFO - Processing /workspaces/recomart-recommendation-pipeline/airflow_venv/lib/python3.12/site-packages/airflow/example_dags/example_complex.py took 0.068 seconds
[2026-07-20T06:49:34.337+0000] {processor.py:161} INFO - Started process (PID=85286) to work on /workspaces/recomart-recommendation-pipeline/airflow_venv/lib/python3.12/site-packages/airflow/example_dags/example_complex.py
[2026-07-20T06:49:34.338+0000] {processor.py:830} INFO - Processing file /workspaces/recomart-recommendation-pipeline/airflow_venv/lib/python3.12/site-packages/airflow/example_dags/example_complex.py for tasks to queue
[2026-07-20T06:49:34.339+0000] {logging_mixin.py:188} INFO - [2026-07-20T06:49:34.339+0000] {dagbag.py:545} INFO - Filling up the DagBag from /workspaces/recomart-recommendation-pipeline/airflow_venv/lib/python3.12/site-packages/airflow/example_dags/example_complex.py
[2026-07-20T06:49:34.347+0000] {processor.py:840} INFO - DAG(s) 'example_complex' retrieved from /workspaces/recomart-recommendation-pipeline/airflow_venv/lib/python3.12/site-packages/airflow/example_dags/example_complex.py
[2026-07-20T06:49:34.367+0000] {logging_mixin.py:188} INFO - [2026-07-20T06:49:34.367+0000] {dag.py:3089} INFO - Sync 1 DAGs
[2026-07-20T06:49:34.378+0000] {logging_mixin.py:188} INFO - [2026-07-20T06:49:34.378+0000] {dag.py:3947} INFO - Setting next_dagrun for example_complex to None, run_after=None
[2026-07-20T06:49:34.396+0000] {processor.py:183} INFO - Processing /workspaces/recomart-recommendation-pipeline/airflow_venv/lib/python3.12/site-packages/airflow/example_dags/example_complex.py took 0.063 seconds
[2026-07-20T06:50:40.552+0000] {processor.py:161} INFO - Started process (PID=85963) to work on /workspaces/recomart-recommendation-pipeline/airflow_venv/lib/python3.12/site-packages/airflow/example_dags/example_complex.py
[2026-07-20T06:50:40.553+0000] {processor.py:830} INFO - Processing file /workspaces/recomart-recommendation-pipeline/airflow_venv/lib/python3.12/site-packages/airflow/example_dags/example_complex.py for tasks to queue
[2026-07-20T06:50:40.554+0000] {logging_mixin.py:188} INFO - [2026-07-20T06:50:40.554+0000] {dagbag.py:545} INFO - Filling up the DagBag from /workspaces/recomart-recommendation-pipeline/airflow_venv/lib/python3.12/site-packages/airflow/example_dags/example_complex.py
[2026-07-20T06:50:40.562+0000] {processor.py:840} INFO - DAG(s) 'example_complex' retrieved from /workspaces/recomart-recommendation-pipeline/airflow_venv/lib/python3.12/site-packages/airflow/example_dags/example_complex.py
[2026-07-20T06:50:40.591+0000] {logging_mixin.py:188} INFO - [2026-07-20T06:50:40.590+0000] {dag.py:3089} INFO - Sync 1 DAGs
[2026-07-20T06:50:40.599+0000] {logging_mixin.py:188} INFO - [2026-07-20T06:50:40.599+0000] {dag.py:3947} INFO - Setting next_dagrun for example_complex to None, run_after=None
[2026-07-20T06:50:40.616+0000] {processor.py:183} INFO - Processing /workspaces/recomart-recommendation-pipeline/airflow_venv/lib/python3.12/site-packages/airflow/example_dags/example_complex.py took 0.069 seconds
[2026-07-20T06:51:49.136+0000] {processor.py:161} INFO - Started process (PID=86690) to work on /workspaces/recomart-recommendation-pipeline/airflow_venv/lib/python3.12/site-packages/airflow/example_dags/example_complex.py
[2026-07-20T06:51:49.138+0000] {processor.py:830} INFO - Processing file /workspaces/recomart-recommendation-pipeline/airflow_venv/lib/python3.12/site-packages/airflow/example_dags/example_complex.py for tasks to queue
[2026-07-20T06:51:49.140+0000] {logging_mixin.py:188} INFO - [2026-07-20T06:51:49.139+0000] {dagbag.py:545} INFO - Filling up the DagBag from /workspaces/recomart-recommendation-pipeline/airflow_venv/lib/python3.12/site-packages/airflow/example_dags/example_complex.py
[2026-07-20T06:51:49.152+0000] {processor.py:840} INFO - DAG(s) 'example_complex' retrieved from /workspaces/recomart-recommendation-pipeline/airflow_venv/lib/python3.12/site-packages/airflow/example_dags/example_complex.py
[2026-07-20T06:51:49.190+0000] {logging_mixin.py:188} INFO - [2026-07-20T06:51:49.189+0000] {dag.py:3089} INFO - Sync 1 DAGs
[2026-07-20T06:51:49.204+0000] {logging_mixin.py:188} INFO - [2026-07-20T06:51:49.204+0000] {dag.py:3947} INFO - Setting next_dagrun for example_complex to None, run_after=None
[2026-07-20T06:51:49.239+0000] {processor.py:183} INFO - Processing /workspaces/recomart-recommendation-pipeline/airflow_venv/lib/python3.12/site-packages/airflow/example_dags/example_complex.py took 0.113 seconds
[2026-07-20T06:58:28.038+0000] {processor.py:161} INFO - Started process (PID=89870) to work on /workspaces/recomart-recommendation-pipeline/airflow_venv/lib/python3.12/site-packages/airflow/example_dags/example_complex.py
[2026-07-20T06:58:28.041+0000] {processor.py:830} INFO - Processing file /workspaces/recomart-recommendation-pipeline/airflow_venv/lib/python3.12/site-packages/airflow/example_dags/example_complex.py for tasks to queue
[2026-07-20T06:58:28.042+0000] {logging_mixin.py:188} INFO - [2026-07-20T06:58:28.042+0000] {dagbag.py:545} INFO - Filling up the DagBag from /workspaces/recomart-recommendation-pipeline/airflow_venv/lib/python3.12/site-packages/airflow/example_dags/example_complex.py
[2026-07-20T06:58:28.050+0000] {processor.py:840} INFO - DAG(s) 'example_complex' retrieved from /workspaces/recomart-recommendation-pipeline/airflow_venv/lib/python3.12/site-packages/airflow/example_dags/example_complex.py
[2026-07-20T06:58:28.146+0000] {logging_mixin.py:188} INFO - [2026-07-20T06:58:28.146+0000] {dag.py:3089} INFO - Sync 1 DAGs
[2026-07-20T06:58:28.154+0000] {logging_mixin.py:188} INFO - [2026-07-20T06:58:28.154+0000] {dag.py:3947} INFO - Setting next_dagrun for example_complex to None, run_after=None
[2026-07-20T06:58:28.176+0000] {processor.py:183} INFO - Processing /workspaces/recomart-recommendation-pipeline/airflow_venv/lib/python3.12/site-packages/airflow/example_dags/example_complex.py took 0.143 seconds
[2026-07-20T07:00:03.988+0000] {processor.py:161} INFO - Started process (PID=91516) to work on /workspaces/recomart-recommendation-pipeline/airflow_venv/lib/python3.12/site-packages/airflow/example_dags/example_complex.py
[2026-07-20T07:00:03.990+0000] {processor.py:830} INFO - Processing file /workspaces/recomart-recommendation-pipeline/airflow_venv/lib/python3.12/site-packages/airflow/example_dags/example_complex.py for tasks to queue
[2026-07-20T07:00:03.992+0000] {logging_mixin.py:188} INFO - [2026-07-20T07:00:03.992+0000] {dagbag.py:545} INFO - Filling up the DagBag from /workspaces/recomart-recommendation-pipeline/airflow_venv/lib/python3.12/site-packages/airflow/example_dags/example_complex.py
[2026-07-20T07:00:04.005+0000] {processor.py:840} INFO - DAG(s) 'example_complex' retrieved from /workspaces/recomart-recommendation-pipeline/airflow_venv/lib/python3.12/site-packages/airflow/example_dags/example_complex.py
[2026-07-20T07:00:04.039+0000] {logging_mixin.py:188} INFO - [2026-07-20T07:00:04.038+0000] {dag.py:3089} INFO - Sync 1 DAGs
[2026-07-20T07:00:04.049+0000] {logging_mixin.py:188} INFO - [2026-07-20T07:00:04.049+0000] {dag.py:3947} INFO - Setting next_dagrun for example_complex to None, run_after=None
[2026-07-20T07:00:04.069+0000] {processor.py:183} INFO - Processing /workspaces/recomart-recommendation-pipeline/airflow_venv/lib/python3.12/site-packages/airflow/example_dags/example_complex.py took 0.089 seconds
[2026-07-20T07:00:55.404+0000] {processor.py:161} INFO - Started process (PID=92014) to work on /workspaces/recomart-recommendation-pipeline/airflow_venv/lib/python3.12/site-packages/airflow/example_dags/example_complex.py
[2026-07-20T07:00:55.405+0000] {processor.py:830} INFO - Processing file /workspaces/recomart-recommendation-pipeline/airflow_venv/lib/python3.12/site-packages/airflow/example_dags/example_complex.py for tasks to queue
[2026-07-20T07:00:55.406+0000] {logging_mixin.py:188} INFO - [2026-07-20T07:00:55.406+0000] {dagbag.py:545} INFO - Filling up the DagBag from /workspaces/recomart-recommendation-pipeline/airflow_venv/lib/python3.12/site-packages/airflow/example_dags/example_complex.py
[2026-07-20T07:00:55.415+0000] {processor.py:840} INFO - DAG(s) 'example_complex' retrieved from /workspaces/recomart-recommendation-pipeline/airflow_venv/lib/python3.12/site-packages/airflow/example_dags/example_complex.py
[2026-07-20T07:00:55.437+0000] {logging_mixin.py:188} INFO - [2026-07-20T07:00:55.437+0000] {dag.py:3089} INFO - Sync 1 DAGs
[2026-07-20T07:00:55.446+0000] {logging_mixin.py:188} INFO - [2026-07-20T07:00:55.445+0000] {dag.py:3947} INFO - Setting next_dagrun for example_complex to None, run_after=None
[2026-07-20T07:00:55.462+0000] {processor.py:183} INFO - Processing /workspaces/recomart-recommendation-pipeline/airflow_venv/lib/python3.12/site-packages/airflow/example_dags/example_complex.py took 0.062 seconds
