[2026-07-20T05:59:09.515+0000] {processor.py:161} INFO - Started process (PID=58223) to work on /workspaces/recomart-recommendation-pipeline/airflow_venv/lib/python3.12/site-packages/airflow/example_dags/example_python_decorator.py
[2026-07-20T05:59:09.515+0000] {processor.py:830} INFO - Processing file /workspaces/recomart-recommendation-pipeline/airflow_venv/lib/python3.12/site-packages/airflow/example_dags/example_python_decorator.py for tasks to queue
[2026-07-20T05:59:09.516+0000] {logging_mixin.py:188} INFO - [2026-07-20T05:59:09.516+0000] {dagbag.py:545} INFO - Filling up the DagBag from /workspaces/recomart-recommendation-pipeline/airflow_venv/lib/python3.12/site-packages/airflow/example_dags/example_python_decorator.py
[2026-07-20T05:59:09.527+0000] {processor.py:840} INFO - DAG(s) 'example_python_decorator' retrieved from /workspaces/recomart-recommendation-pipeline/airflow_venv/lib/python3.12/site-packages/airflow/example_dags/example_python_decorator.py
[2026-07-20T05:59:09.626+0000] {logging_mixin.py:188} INFO - [2026-07-20T05:59:09.625+0000] {override.py:1858} INFO - Created Permission View: can read on DAG:example_python_decorator
[2026-07-20T05:59:09.635+0000] {logging_mixin.py:188} INFO - [2026-07-20T05:59:09.635+0000] {override.py:1858} INFO - Created Permission View: can edit on DAG:example_python_decorator
[2026-07-20T05:59:09.641+0000] {logging_mixin.py:188} INFO - [2026-07-20T05:59:09.641+0000] {override.py:1858} INFO - Created Permission View: can delete on DAG:example_python_decorator
[2026-07-20T05:59:09.642+0000] {logging_mixin.py:188} INFO - [2026-07-20T05:59:09.641+0000] {dag.py:3089} INFO - Sync 1 DAGs
[2026-07-20T05:59:09.649+0000] {logging_mixin.py:188} INFO - [2026-07-20T05:59:09.649+0000] {dag.py:3111} INFO - Creating ORM DAG for example_python_decorator
[2026-07-20T05:59:09.650+0000] {logging_mixin.py:188} INFO - [2026-07-20T05:59:09.650+0000] {dag.py:3947} INFO - Setting next_dagrun for example_python_decorator to None, run_after=None
[2026-07-20T05:59:09.666+0000] {processor.py:183} INFO - Processing /workspaces/recomart-recommendation-pipeline/airflow_venv/lib/python3.12/site-packages/airflow/example_dags/example_python_decorator.py took 0.155 seconds
[2026-07-20T06:00:05.692+0000] {processor.py:161} INFO - Started process (PID=58688) to work on /workspaces/recomart-recommendation-pipeline/airflow_venv/lib/python3.12/site-packages/airflow/example_dags/example_python_decorator.py
[2026-07-20T06:00:05.693+0000] {processor.py:830} INFO - Processing file /workspaces/recomart-recommendation-pipeline/airflow_venv/lib/python3.12/site-packages/airflow/example_dags/example_python_decorator.py for tasks to queue
[2026-07-20T06:00:05.694+0000] {logging_mixin.py:188} INFO - [2026-07-20T06:00:05.694+0000] {dagbag.py:545} INFO - Filling up the DagBag from /workspaces/recomart-recommendation-pipeline/airflow_venv/lib/python3.12/site-packages/airflow/example_dags/example_python_decorator.py
[2026-07-20T06:00:05.711+0000] {processor.py:840} INFO - DAG(s) 'example_python_decorator' retrieved from /workspaces/recomart-recommendation-pipeline/airflow_venv/lib/python3.12/site-packages/airflow/example_dags/example_python_decorator.py
[2026-07-20T06:00:05.726+0000] {logging_mixin.py:188} INFO - [2026-07-20T06:00:05.726+0000] {dag.py:3089} INFO - Sync 1 DAGs
[2026-07-20T06:00:05.735+0000] {logging_mixin.py:188} INFO - [2026-07-20T06:00:05.734+0000] {dag.py:3947} INFO - Setting next_dagrun for example_python_decorator to None, run_after=None
[2026-07-20T06:00:05.751+0000] {processor.py:183} INFO - Processing /workspaces/recomart-recommendation-pipeline/airflow_venv/lib/python3.12/site-packages/airflow/example_dags/example_python_decorator.py took 0.064 seconds
[2026-07-20T06:00:56.310+0000] {processor.py:161} INFO - Started process (PID=59228) to work on /workspaces/recomart-recommendation-pipeline/airflow_venv/lib/python3.12/site-packages/airflow/example_dags/example_python_decorator.py
[2026-07-20T06:00:56.311+0000] {processor.py:830} INFO - Processing file /workspaces/recomart-recommendation-pipeline/airflow_venv/lib/python3.12/site-packages/airflow/example_dags/example_python_decorator.py for tasks to queue
[2026-07-20T06:00:56.313+0000] {logging_mixin.py:188} INFO - [2026-07-20T06:00:56.313+0000] {dagbag.py:545} INFO - Filling up the DagBag from /workspaces/recomart-recommendation-pipeline/airflow_venv/lib/python3.12/site-packages/airflow/example_dags/example_python_decorator.py
[2026-07-20T06:00:56.331+0000] {processor.py:840} INFO - DAG(s) 'example_python_decorator' retrieved from /workspaces/recomart-recommendation-pipeline/airflow_venv/lib/python3.12/site-packages/airflow/example_dags/example_python_decorator.py
[2026-07-20T06:00:56.353+0000] {logging_mixin.py:188} INFO - [2026-07-20T06:00:56.353+0000] {dag.py:3089} INFO - Sync 1 DAGs
[2026-07-20T06:00:56.367+0000] {logging_mixin.py:188} INFO - [2026-07-20T06:00:56.367+0000] {dag.py:3947} INFO - Setting next_dagrun for example_python_decorator to None, run_after=None
[2026-07-20T06:00:56.407+0000] {processor.py:183} INFO - Processing /workspaces/recomart-recommendation-pipeline/airflow_venv/lib/python3.12/site-packages/airflow/example_dags/example_python_decorator.py took 0.103 seconds
[2026-07-20T06:01:46.582+0000] {processor.py:161} INFO - Started process (PID=59833) to work on /workspaces/recomart-recommendation-pipeline/airflow_venv/lib/python3.12/site-packages/airflow/example_dags/example_python_decorator.py
[2026-07-20T06:01:46.583+0000] {processor.py:830} INFO - Processing file /workspaces/recomart-recommendation-pipeline/airflow_venv/lib/python3.12/site-packages/airflow/example_dags/example_python_decorator.py for tasks to queue
[2026-07-20T06:01:46.585+0000] {logging_mixin.py:188} INFO - [2026-07-20T06:01:46.585+0000] {dagbag.py:545} INFO - Filling up the DagBag from /workspaces/recomart-recommendation-pipeline/airflow_venv/lib/python3.12/site-packages/airflow/example_dags/example_python_decorator.py
[2026-07-20T06:01:46.598+0000] {processor.py:840} INFO - DAG(s) 'example_python_decorator' retrieved from /workspaces/recomart-recommendation-pipeline/airflow_venv/lib/python3.12/site-packages/airflow/example_dags/example_python_decorator.py
[2026-07-20T06:01:46.630+0000] {logging_mixin.py:188} INFO - [2026-07-20T06:01:46.629+0000] {dag.py:3089} INFO - Sync 1 DAGs
[2026-07-20T06:01:46.642+0000] {logging_mixin.py:188} INFO - [2026-07-20T06:01:46.642+0000] {dag.py:3947} INFO - Setting next_dagrun for example_python_decorator to None, run_after=None
[2026-07-20T06:01:46.661+0000] {processor.py:183} INFO - Processing /workspaces/recomart-recommendation-pipeline/airflow_venv/lib/python3.12/site-packages/airflow/example_dags/example_python_decorator.py took 0.084 seconds
[2026-07-20T06:02:32.813+0000] {processor.py:161} INFO - Started process (PID=60171) to work on /workspaces/recomart-recommendation-pipeline/airflow_venv/lib/python3.12/site-packages/airflow/example_dags/example_python_decorator.py
[2026-07-20T06:02:32.814+0000] {processor.py:830} INFO - Processing file /workspaces/recomart-recommendation-pipeline/airflow_venv/lib/python3.12/site-packages/airflow/example_dags/example_python_decorator.py for tasks to queue
[2026-07-20T06:02:32.815+0000] {logging_mixin.py:188} INFO - [2026-07-20T06:02:32.815+0000] {dagbag.py:545} INFO - Filling up the DagBag from /workspaces/recomart-recommendation-pipeline/airflow_venv/lib/python3.12/site-packages/airflow/example_dags/example_python_decorator.py
[2026-07-20T06:02:32.826+0000] {processor.py:840} INFO - DAG(s) 'example_python_decorator' retrieved from /workspaces/recomart-recommendation-pipeline/airflow_venv/lib/python3.12/site-packages/airflow/example_dags/example_python_decorator.py
[2026-07-20T06:02:32.840+0000] {logging_mixin.py:188} INFO - [2026-07-20T06:02:32.840+0000] {dag.py:3089} INFO - Sync 1 DAGs
[2026-07-20T06:02:32.849+0000] {logging_mixin.py:188} INFO - [2026-07-20T06:02:32.849+0000] {dag.py:3947} INFO - Setting next_dagrun for example_python_decorator to None, run_after=None
[2026-07-20T06:02:32.865+0000] {processor.py:183} INFO - Processing /workspaces/recomart-recommendation-pipeline/airflow_venv/lib/python3.12/site-packages/airflow/example_dags/example_python_decorator.py took 0.056 seconds
[2026-07-20T06:03:33.322+0000] {processor.py:161} INFO - Started process (PID=60669) to work on /workspaces/recomart-recommendation-pipeline/airflow_venv/lib/python3.12/site-packages/airflow/example_dags/example_python_decorator.py
[2026-07-20T06:03:33.322+0000] {processor.py:830} INFO - Processing file /workspaces/recomart-recommendation-pipeline/airflow_venv/lib/python3.12/site-packages/airflow/example_dags/example_python_decorator.py for tasks to queue
[2026-07-20T06:03:33.324+0000] {logging_mixin.py:188} INFO - [2026-07-20T06:03:33.323+0000] {dagbag.py:545} INFO - Filling up the DagBag from /workspaces/recomart-recommendation-pipeline/airflow_venv/lib/python3.12/site-packages/airflow/example_dags/example_python_decorator.py
[2026-07-20T06:03:33.334+0000] {processor.py:840} INFO - DAG(s) 'example_python_decorator' retrieved from /workspaces/recomart-recommendation-pipeline/airflow_venv/lib/python3.12/site-packages/airflow/example_dags/example_python_decorator.py
[2026-07-20T06:03:33.347+0000] {logging_mixin.py:188} INFO - [2026-07-20T06:03:33.347+0000] {dag.py:3089} INFO - Sync 1 DAGs
[2026-07-20T06:03:33.356+0000] {logging_mixin.py:188} INFO - [2026-07-20T06:03:33.356+0000] {dag.py:3947} INFO - Setting next_dagrun for example_python_decorator to None, run_after=None
[2026-07-20T06:03:33.381+0000] {processor.py:183} INFO - Processing /workspaces/recomart-recommendation-pipeline/airflow_venv/lib/python3.12/site-packages/airflow/example_dags/example_python_decorator.py took 0.063 seconds
[2026-07-20T06:04:18.249+0000] {processor.py:161} INFO - Started process (PID=61110) to work on /workspaces/recomart-recommendation-pipeline/airflow_venv/lib/python3.12/site-packages/airflow/example_dags/example_python_decorator.py
[2026-07-20T06:04:18.250+0000] {processor.py:830} INFO - Processing file /workspaces/recomart-recommendation-pipeline/airflow_venv/lib/python3.12/site-packages/airflow/example_dags/example_python_decorator.py for tasks to queue
[2026-07-20T06:04:18.252+0000] {logging_mixin.py:188} INFO - [2026-07-20T06:04:18.251+0000] {dagbag.py:545} INFO - Filling up the DagBag from /workspaces/recomart-recommendation-pipeline/airflow_venv/lib/python3.12/site-packages/airflow/example_dags/example_python_decorator.py
[2026-07-20T06:04:18.268+0000] {processor.py:840} INFO - DAG(s) 'example_python_decorator' retrieved from /workspaces/recomart-recommendation-pipeline/airflow_venv/lib/python3.12/site-packages/airflow/example_dags/example_python_decorator.py
[2026-07-20T06:04:18.289+0000] {logging_mixin.py:188} INFO - [2026-07-20T06:04:18.289+0000] {dag.py:3089} INFO - Sync 1 DAGs
[2026-07-20T06:04:18.302+0000] {logging_mixin.py:188} INFO - [2026-07-20T06:04:18.302+0000] {dag.py:3947} INFO - Setting next_dagrun for example_python_decorator to None, run_after=None
[2026-07-20T06:04:18.415+0000] {processor.py:183} INFO - Processing /workspaces/recomart-recommendation-pipeline/airflow_venv/lib/python3.12/site-packages/airflow/example_dags/example_python_decorator.py took 0.172 seconds
[2026-07-20T06:05:02.957+0000] {processor.py:161} INFO - Started process (PID=61495) to work on /workspaces/recomart-recommendation-pipeline/airflow_venv/lib/python3.12/site-packages/airflow/example_dags/example_python_decorator.py
[2026-07-20T06:05:02.959+0000] {processor.py:830} INFO - Processing file /workspaces/recomart-recommendation-pipeline/airflow_venv/lib/python3.12/site-packages/airflow/example_dags/example_python_decorator.py for tasks to queue
[2026-07-20T06:05:02.963+0000] {logging_mixin.py:188} INFO - [2026-07-20T06:05:02.963+0000] {dagbag.py:545} INFO - Filling up the DagBag from /workspaces/recomart-recommendation-pipeline/airflow_venv/lib/python3.12/site-packages/airflow/example_dags/example_python_decorator.py
[2026-07-20T06:05:02.997+0000] {processor.py:840} INFO - DAG(s) 'example_python_decorator' retrieved from /workspaces/recomart-recommendation-pipeline/airflow_venv/lib/python3.12/site-packages/airflow/example_dags/example_python_decorator.py
[2026-07-20T06:05:03.052+0000] {logging_mixin.py:188} INFO - [2026-07-20T06:05:03.052+0000] {dag.py:3089} INFO - Sync 1 DAGs
[2026-07-20T06:05:03.089+0000] {logging_mixin.py:188} INFO - [2026-07-20T06:05:03.089+0000] {dag.py:3947} INFO - Setting next_dagrun for example_python_decorator to None, run_after=None
[2026-07-20T06:05:03.159+0000] {processor.py:183} INFO - Processing /workspaces/recomart-recommendation-pipeline/airflow_venv/lib/python3.12/site-packages/airflow/example_dags/example_python_decorator.py took 0.218 seconds
[2026-07-20T06:05:47.542+0000] {processor.py:161} INFO - Started process (PID=61875) to work on /workspaces/recomart-recommendation-pipeline/airflow_venv/lib/python3.12/site-packages/airflow/example_dags/example_python_decorator.py
[2026-07-20T06:05:47.543+0000] {processor.py:830} INFO - Processing file /workspaces/recomart-recommendation-pipeline/airflow_venv/lib/python3.12/site-packages/airflow/example_dags/example_python_decorator.py for tasks to queue
[2026-07-20T06:05:47.545+0000] {logging_mixin.py:188} INFO - [2026-07-20T06:05:47.544+0000] {dagbag.py:545} INFO - Filling up the DagBag from /workspaces/recomart-recommendation-pipeline/airflow_venv/lib/python3.12/site-packages/airflow/example_dags/example_python_decorator.py
[2026-07-20T06:05:47.566+0000] {processor.py:840} INFO - DAG(s) 'example_python_decorator' retrieved from /workspaces/recomart-recommendation-pipeline/airflow_venv/lib/python3.12/site-packages/airflow/example_dags/example_python_decorator.py
[2026-07-20T06:05:47.692+0000] {logging_mixin.py:188} INFO - [2026-07-20T06:05:47.692+0000] {dag.py:3089} INFO - Sync 1 DAGs
[2026-07-20T06:05:47.702+0000] {logging_mixin.py:188} INFO - [2026-07-20T06:05:47.701+0000] {dag.py:3947} INFO - Setting next_dagrun for example_python_decorator to None, run_after=None
[2026-07-20T06:05:47.717+0000] {processor.py:183} INFO - Processing /workspaces/recomart-recommendation-pipeline/airflow_venv/lib/python3.12/site-packages/airflow/example_dags/example_python_decorator.py took 0.185 seconds
[2026-07-20T06:06:33.611+0000] {processor.py:161} INFO - Started process (PID=62199) to work on /workspaces/recomart-recommendation-pipeline/airflow_venv/lib/python3.12/site-packages/airflow/example_dags/example_python_decorator.py
[2026-07-20T06:06:33.611+0000] {processor.py:830} INFO - Processing file /workspaces/recomart-recommendation-pipeline/airflow_venv/lib/python3.12/site-packages/airflow/example_dags/example_python_decorator.py for tasks to queue
[2026-07-20T06:06:33.613+0000] {logging_mixin.py:188} INFO - [2026-07-20T06:06:33.613+0000] {dagbag.py:545} INFO - Filling up the DagBag from /workspaces/recomart-recommendation-pipeline/airflow_venv/lib/python3.12/site-packages/airflow/example_dags/example_python_decorator.py
[2026-07-20T06:06:33.623+0000] {processor.py:840} INFO - DAG(s) 'example_python_decorator' retrieved from /workspaces/recomart-recommendation-pipeline/airflow_venv/lib/python3.12/site-packages/airflow/example_dags/example_python_decorator.py
[2026-07-20T06:06:33.637+0000] {logging_mixin.py:188} INFO - [2026-07-20T06:06:33.637+0000] {dag.py:3089} INFO - Sync 1 DAGs
[2026-07-20T06:06:33.646+0000] {logging_mixin.py:188} INFO - [2026-07-20T06:06:33.646+0000] {dag.py:3947} INFO - Setting next_dagrun for example_python_decorator to None, run_after=None
[2026-07-20T06:06:33.667+0000] {processor.py:183} INFO - Processing /workspaces/recomart-recommendation-pipeline/airflow_venv/lib/python3.12/site-packages/airflow/example_dags/example_python_decorator.py took 0.061 seconds
[2026-07-20T06:07:23.109+0000] {processor.py:161} INFO - Started process (PID=62617) to work on /workspaces/recomart-recommendation-pipeline/airflow_venv/lib/python3.12/site-packages/airflow/example_dags/example_python_decorator.py
[2026-07-20T06:07:23.111+0000] {processor.py:830} INFO - Processing file /workspaces/recomart-recommendation-pipeline/airflow_venv/lib/python3.12/site-packages/airflow/example_dags/example_python_decorator.py for tasks to queue
[2026-07-20T06:07:23.113+0000] {logging_mixin.py:188} INFO - [2026-07-20T06:07:23.113+0000] {dagbag.py:545} INFO - Filling up the DagBag from /workspaces/recomart-recommendation-pipeline/airflow_venv/lib/python3.12/site-packages/airflow/example_dags/example_python_decorator.py
[2026-07-20T06:07:23.130+0000] {processor.py:840} INFO - DAG(s) 'example_python_decorator' retrieved from /workspaces/recomart-recommendation-pipeline/airflow_venv/lib/python3.12/site-packages/airflow/example_dags/example_python_decorator.py
[2026-07-20T06:07:23.171+0000] {logging_mixin.py:188} INFO - [2026-07-20T06:07:23.171+0000] {dag.py:3089} INFO - Sync 1 DAGs
[2026-07-20T06:07:23.183+0000] {logging_mixin.py:188} INFO - [2026-07-20T06:07:23.183+0000] {dag.py:3947} INFO - Setting next_dagrun for example_python_decorator to None, run_after=None
[2026-07-20T06:07:23.204+0000] {processor.py:183} INFO - Processing /workspaces/recomart-recommendation-pipeline/airflow_venv/lib/python3.12/site-packages/airflow/example_dags/example_python_decorator.py took 0.102 seconds
[2026-07-20T06:09:06.444+0000] {processor.py:161} INFO - Started process (PID=63661) to work on /workspaces/recomart-recommendation-pipeline/airflow_venv/lib/python3.12/site-packages/airflow/example_dags/example_python_decorator.py
[2026-07-20T06:09:06.444+0000] {processor.py:830} INFO - Processing file /workspaces/recomart-recommendation-pipeline/airflow_venv/lib/python3.12/site-packages/airflow/example_dags/example_python_decorator.py for tasks to queue
[2026-07-20T06:09:06.446+0000] {logging_mixin.py:188} INFO - [2026-07-20T06:09:06.445+0000] {dagbag.py:545} INFO - Filling up the DagBag from /workspaces/recomart-recommendation-pipeline/airflow_venv/lib/python3.12/site-packages/airflow/example_dags/example_python_decorator.py
[2026-07-20T06:09:06.456+0000] {processor.py:840} INFO - DAG(s) 'example_python_decorator' retrieved from /workspaces/recomart-recommendation-pipeline/airflow_venv/lib/python3.12/site-packages/airflow/example_dags/example_python_decorator.py
[2026-07-20T06:09:06.543+0000] {logging_mixin.py:188} INFO - [2026-07-20T06:09:06.543+0000] {dag.py:3089} INFO - Sync 1 DAGs
[2026-07-20T06:09:06.550+0000] {logging_mixin.py:188} INFO - [2026-07-20T06:09:06.550+0000] {dag.py:3947} INFO - Setting next_dagrun for example_python_decorator to None, run_after=None
[2026-07-20T06:09:06.568+0000] {processor.py:183} INFO - Processing /workspaces/recomart-recommendation-pipeline/airflow_venv/lib/python3.12/site-packages/airflow/example_dags/example_python_decorator.py took 0.129 seconds
[2026-07-20T06:10:03.138+0000] {processor.py:161} INFO - Started process (PID=64144) to work on /workspaces/recomart-recommendation-pipeline/airflow_venv/lib/python3.12/site-packages/airflow/example_dags/example_python_decorator.py
[2026-07-20T06:10:03.138+0000] {processor.py:830} INFO - Processing file /workspaces/recomart-recommendation-pipeline/airflow_venv/lib/python3.12/site-packages/airflow/example_dags/example_python_decorator.py for tasks to queue
[2026-07-20T06:10:03.140+0000] {logging_mixin.py:188} INFO - [2026-07-20T06:10:03.139+0000] {dagbag.py:545} INFO - Filling up the DagBag from /workspaces/recomart-recommendation-pipeline/airflow_venv/lib/python3.12/site-packages/airflow/example_dags/example_python_decorator.py
[2026-07-20T06:10:03.150+0000] {processor.py:840} INFO - DAG(s) 'example_python_decorator' retrieved from /workspaces/recomart-recommendation-pipeline/airflow_venv/lib/python3.12/site-packages/airflow/example_dags/example_python_decorator.py
[2026-07-20T06:10:03.163+0000] {logging_mixin.py:188} INFO - [2026-07-20T06:10:03.163+0000] {dag.py:3089} INFO - Sync 1 DAGs
[2026-07-20T06:10:03.172+0000] {logging_mixin.py:188} INFO - [2026-07-20T06:10:03.172+0000] {dag.py:3947} INFO - Setting next_dagrun for example_python_decorator to None, run_after=None
[2026-07-20T06:10:03.190+0000] {processor.py:183} INFO - Processing /workspaces/recomart-recommendation-pipeline/airflow_venv/lib/python3.12/site-packages/airflow/example_dags/example_python_decorator.py took 0.056 seconds
[2026-07-20T06:10:53.906+0000] {processor.py:161} INFO - Started process (PID=64567) to work on /workspaces/recomart-recommendation-pipeline/airflow_venv/lib/python3.12/site-packages/airflow/example_dags/example_python_decorator.py
[2026-07-20T06:10:53.906+0000] {processor.py:830} INFO - Processing file /workspaces/recomart-recommendation-pipeline/airflow_venv/lib/python3.12/site-packages/airflow/example_dags/example_python_decorator.py for tasks to queue
[2026-07-20T06:10:53.908+0000] {logging_mixin.py:188} INFO - [2026-07-20T06:10:53.908+0000] {dagbag.py:545} INFO - Filling up the DagBag from /workspaces/recomart-recommendation-pipeline/airflow_venv/lib/python3.12/site-packages/airflow/example_dags/example_python_decorator.py
[2026-07-20T06:10:53.923+0000] {processor.py:840} INFO - DAG(s) 'example_python_decorator' retrieved from /workspaces/recomart-recommendation-pipeline/airflow_venv/lib/python3.12/site-packages/airflow/example_dags/example_python_decorator.py
[2026-07-20T06:10:53.944+0000] {logging_mixin.py:188} INFO - [2026-07-20T06:10:53.943+0000] {dag.py:3089} INFO - Sync 1 DAGs
[2026-07-20T06:10:53.956+0000] {logging_mixin.py:188} INFO - [2026-07-20T06:10:53.956+0000] {dag.py:3947} INFO - Setting next_dagrun for example_python_decorator to None, run_after=None
[2026-07-20T06:10:53.987+0000] {processor.py:183} INFO - Processing /workspaces/recomart-recommendation-pipeline/airflow_venv/lib/python3.12/site-packages/airflow/example_dags/example_python_decorator.py took 0.087 seconds
[2026-07-20T06:11:42.013+0000] {processor.py:161} INFO - Started process (PID=65144) to work on /workspaces/recomart-recommendation-pipeline/airflow_venv/lib/python3.12/site-packages/airflow/example_dags/example_python_decorator.py
[2026-07-20T06:11:42.014+0000] {processor.py:830} INFO - Processing file /workspaces/recomart-recommendation-pipeline/airflow_venv/lib/python3.12/site-packages/airflow/example_dags/example_python_decorator.py for tasks to queue
[2026-07-20T06:11:42.015+0000] {logging_mixin.py:188} INFO - [2026-07-20T06:11:42.015+0000] {dagbag.py:545} INFO - Filling up the DagBag from /workspaces/recomart-recommendation-pipeline/airflow_venv/lib/python3.12/site-packages/airflow/example_dags/example_python_decorator.py
[2026-07-20T06:11:42.025+0000] {processor.py:840} INFO - DAG(s) 'example_python_decorator' retrieved from /workspaces/recomart-recommendation-pipeline/airflow_venv/lib/python3.12/site-packages/airflow/example_dags/example_python_decorator.py
[2026-07-20T06:11:42.039+0000] {logging_mixin.py:188} INFO - [2026-07-20T06:11:42.039+0000] {dag.py:3089} INFO - Sync 1 DAGs
[2026-07-20T06:11:42.048+0000] {logging_mixin.py:188} INFO - [2026-07-20T06:11:42.048+0000] {dag.py:3947} INFO - Setting next_dagrun for example_python_decorator to None, run_after=None
[2026-07-20T06:11:42.068+0000] {processor.py:183} INFO - Processing /workspaces/recomart-recommendation-pipeline/airflow_venv/lib/python3.12/site-packages/airflow/example_dags/example_python_decorator.py took 0.059 seconds
[2026-07-20T06:12:45.391+0000] {processor.py:161} INFO - Started process (PID=65670) to work on /workspaces/recomart-recommendation-pipeline/airflow_venv/lib/python3.12/site-packages/airflow/example_dags/example_python_decorator.py
[2026-07-20T06:12:45.392+0000] {processor.py:830} INFO - Processing file /workspaces/recomart-recommendation-pipeline/airflow_venv/lib/python3.12/site-packages/airflow/example_dags/example_python_decorator.py for tasks to queue
[2026-07-20T06:12:45.393+0000] {logging_mixin.py:188} INFO - [2026-07-20T06:12:45.393+0000] {dagbag.py:545} INFO - Filling up the DagBag from /workspaces/recomart-recommendation-pipeline/airflow_venv/lib/python3.12/site-packages/airflow/example_dags/example_python_decorator.py
[2026-07-20T06:12:45.407+0000] {processor.py:840} INFO - DAG(s) 'example_python_decorator' retrieved from /workspaces/recomart-recommendation-pipeline/airflow_venv/lib/python3.12/site-packages/airflow/example_dags/example_python_decorator.py
[2026-07-20T06:12:45.425+0000] {logging_mixin.py:188} INFO - [2026-07-20T06:12:45.425+0000] {dag.py:3089} INFO - Sync 1 DAGs
[2026-07-20T06:12:45.436+0000] {logging_mixin.py:188} INFO - [2026-07-20T06:12:45.436+0000] {dag.py:3947} INFO - Setting next_dagrun for example_python_decorator to None, run_after=None
[2026-07-20T06:12:45.458+0000] {processor.py:183} INFO - Processing /workspaces/recomart-recommendation-pipeline/airflow_venv/lib/python3.12/site-packages/airflow/example_dags/example_python_decorator.py took 0.071 seconds
[2026-07-20T06:13:30.767+0000] {processor.py:161} INFO - Started process (PID=65989) to work on /workspaces/recomart-recommendation-pipeline/airflow_venv/lib/python3.12/site-packages/airflow/example_dags/example_python_decorator.py
[2026-07-20T06:13:30.768+0000] {processor.py:830} INFO - Processing file /workspaces/recomart-recommendation-pipeline/airflow_venv/lib/python3.12/site-packages/airflow/example_dags/example_python_decorator.py for tasks to queue
[2026-07-20T06:13:30.769+0000] {logging_mixin.py:188} INFO - [2026-07-20T06:13:30.769+0000] {dagbag.py:545} INFO - Filling up the DagBag from /workspaces/recomart-recommendation-pipeline/airflow_venv/lib/python3.12/site-packages/airflow/example_dags/example_python_decorator.py
[2026-07-20T06:13:30.783+0000] {processor.py:840} INFO - DAG(s) 'example_python_decorator' retrieved from /workspaces/recomart-recommendation-pipeline/airflow_venv/lib/python3.12/site-packages/airflow/example_dags/example_python_decorator.py
[2026-07-20T06:13:30.799+0000] {logging_mixin.py:188} INFO - [2026-07-20T06:13:30.798+0000] {dag.py:3089} INFO - Sync 1 DAGs
[2026-07-20T06:13:30.808+0000] {logging_mixin.py:188} INFO - [2026-07-20T06:13:30.808+0000] {dag.py:3947} INFO - Setting next_dagrun for example_python_decorator to None, run_after=None
[2026-07-20T06:13:30.826+0000] {processor.py:183} INFO - Processing /workspaces/recomart-recommendation-pipeline/airflow_venv/lib/python3.12/site-packages/airflow/example_dags/example_python_decorator.py took 0.063 seconds
[2026-07-20T06:14:16.726+0000] {processor.py:161} INFO - Started process (PID=66595) to work on /workspaces/recomart-recommendation-pipeline/airflow_venv/lib/python3.12/site-packages/airflow/example_dags/example_python_decorator.py
[2026-07-20T06:14:16.727+0000] {processor.py:830} INFO - Processing file /workspaces/recomart-recommendation-pipeline/airflow_venv/lib/python3.12/site-packages/airflow/example_dags/example_python_decorator.py for tasks to queue
[2026-07-20T06:14:16.729+0000] {logging_mixin.py:188} INFO - [2026-07-20T06:14:16.729+0000] {dagbag.py:545} INFO - Filling up the DagBag from /workspaces/recomart-recommendation-pipeline/airflow_venv/lib/python3.12/site-packages/airflow/example_dags/example_python_decorator.py
[2026-07-20T06:14:16.745+0000] {processor.py:840} INFO - DAG(s) 'example_python_decorator' retrieved from /workspaces/recomart-recommendation-pipeline/airflow_venv/lib/python3.12/site-packages/airflow/example_dags/example_python_decorator.py
[2026-07-20T06:14:16.781+0000] {logging_mixin.py:188} INFO - [2026-07-20T06:14:16.779+0000] {dag.py:3089} INFO - Sync 1 DAGs
[2026-07-20T06:14:16.810+0000] {logging_mixin.py:188} INFO - [2026-07-20T06:14:16.810+0000] {dag.py:3947} INFO - Setting next_dagrun for example_python_decorator to None, run_after=None
[2026-07-20T06:14:16.892+0000] {processor.py:183} INFO - Processing /workspaces/recomart-recommendation-pipeline/airflow_venv/lib/python3.12/site-packages/airflow/example_dags/example_python_decorator.py took 0.172 seconds
[2026-07-20T06:15:02.506+0000] {processor.py:161} INFO - Started process (PID=67133) to work on /workspaces/recomart-recommendation-pipeline/airflow_venv/lib/python3.12/site-packages/airflow/example_dags/example_python_decorator.py
[2026-07-20T06:15:02.507+0000] {processor.py:830} INFO - Processing file /workspaces/recomart-recommendation-pipeline/airflow_venv/lib/python3.12/site-packages/airflow/example_dags/example_python_decorator.py for tasks to queue
[2026-07-20T06:15:02.509+0000] {logging_mixin.py:188} INFO - [2026-07-20T06:15:02.508+0000] {dagbag.py:545} INFO - Filling up the DagBag from /workspaces/recomart-recommendation-pipeline/airflow_venv/lib/python3.12/site-packages/airflow/example_dags/example_python_decorator.py
[2026-07-20T06:15:02.522+0000] {processor.py:840} INFO - DAG(s) 'example_python_decorator' retrieved from /workspaces/recomart-recommendation-pipeline/airflow_venv/lib/python3.12/site-packages/airflow/example_dags/example_python_decorator.py
[2026-07-20T06:15:02.541+0000] {logging_mixin.py:188} INFO - [2026-07-20T06:15:02.540+0000] {dag.py:3089} INFO - Sync 1 DAGs
[2026-07-20T06:15:02.554+0000] {logging_mixin.py:188} INFO - [2026-07-20T06:15:02.553+0000] {dag.py:3947} INFO - Setting next_dagrun for example_python_decorator to None, run_after=None
[2026-07-20T06:15:02.589+0000] {processor.py:183} INFO - Processing /workspaces/recomart-recommendation-pipeline/airflow_venv/lib/python3.12/site-packages/airflow/example_dags/example_python_decorator.py took 0.089 seconds
[2026-07-20T06:31:08.695+0000] {processor.py:161} INFO - Started process (PID=73736) to work on /workspaces/recomart-recommendation-pipeline/airflow_venv/lib/python3.12/site-packages/airflow/example_dags/example_python_decorator.py
[2026-07-20T06:31:08.696+0000] {processor.py:830} INFO - Processing file /workspaces/recomart-recommendation-pipeline/airflow_venv/lib/python3.12/site-packages/airflow/example_dags/example_python_decorator.py for tasks to queue
[2026-07-20T06:31:08.698+0000] {logging_mixin.py:188} INFO - [2026-07-20T06:31:08.697+0000] {dagbag.py:545} INFO - Filling up the DagBag from /workspaces/recomart-recommendation-pipeline/airflow_venv/lib/python3.12/site-packages/airflow/example_dags/example_python_decorator.py
[2026-07-20T06:31:08.708+0000] {processor.py:840} INFO - DAG(s) 'example_python_decorator' retrieved from /workspaces/recomart-recommendation-pipeline/airflow_venv/lib/python3.12/site-packages/airflow/example_dags/example_python_decorator.py
[2026-07-20T06:31:08.798+0000] {logging_mixin.py:188} INFO - [2026-07-20T06:31:08.798+0000] {dag.py:3089} INFO - Sync 1 DAGs
[2026-07-20T06:31:08.805+0000] {logging_mixin.py:188} INFO - [2026-07-20T06:31:08.804+0000] {dag.py:3947} INFO - Setting next_dagrun for example_python_decorator to None, run_after=None
[2026-07-20T06:31:08.822+0000] {processor.py:183} INFO - Processing /workspaces/recomart-recommendation-pipeline/airflow_venv/lib/python3.12/site-packages/airflow/example_dags/example_python_decorator.py took 0.133 seconds
[2026-07-20T06:32:05.224+0000] {processor.py:161} INFO - Started process (PID=74306) to work on /workspaces/recomart-recommendation-pipeline/airflow_venv/lib/python3.12/site-packages/airflow/example_dags/example_python_decorator.py
[2026-07-20T06:32:05.225+0000] {processor.py:830} INFO - Processing file /workspaces/recomart-recommendation-pipeline/airflow_venv/lib/python3.12/site-packages/airflow/example_dags/example_python_decorator.py for tasks to queue
[2026-07-20T06:32:05.227+0000] {logging_mixin.py:188} INFO - [2026-07-20T06:32:05.226+0000] {dagbag.py:545} INFO - Filling up the DagBag from /workspaces/recomart-recommendation-pipeline/airflow_venv/lib/python3.12/site-packages/airflow/example_dags/example_python_decorator.py
[2026-07-20T06:32:05.243+0000] {processor.py:840} INFO - DAG(s) 'example_python_decorator' retrieved from /workspaces/recomart-recommendation-pipeline/airflow_venv/lib/python3.12/site-packages/airflow/example_dags/example_python_decorator.py
[2026-07-20T06:32:05.265+0000] {logging_mixin.py:188} INFO - [2026-07-20T06:32:05.265+0000] {dag.py:3089} INFO - Sync 1 DAGs
[2026-07-20T06:32:05.280+0000] {logging_mixin.py:188} INFO - [2026-07-20T06:32:05.279+0000] {dag.py:3947} INFO - Setting next_dagrun for example_python_decorator to None, run_after=None
[2026-07-20T06:32:05.309+0000] {processor.py:183} INFO - Processing /workspaces/recomart-recommendation-pipeline/airflow_venv/lib/python3.12/site-packages/airflow/example_dags/example_python_decorator.py took 0.092 seconds
[2026-07-20T06:32:55.055+0000] {processor.py:161} INFO - Started process (PID=74914) to work on /workspaces/recomart-recommendation-pipeline/airflow_venv/lib/python3.12/site-packages/airflow/example_dags/example_python_decorator.py
[2026-07-20T06:32:55.056+0000] {processor.py:830} INFO - Processing file /workspaces/recomart-recommendation-pipeline/airflow_venv/lib/python3.12/site-packages/airflow/example_dags/example_python_decorator.py for tasks to queue
[2026-07-20T06:32:55.058+0000] {logging_mixin.py:188} INFO - [2026-07-20T06:32:55.057+0000] {dagbag.py:545} INFO - Filling up the DagBag from /workspaces/recomart-recommendation-pipeline/airflow_venv/lib/python3.12/site-packages/airflow/example_dags/example_python_decorator.py
[2026-07-20T06:32:55.069+0000] {processor.py:840} INFO - DAG(s) 'example_python_decorator' retrieved from /workspaces/recomart-recommendation-pipeline/airflow_venv/lib/python3.12/site-packages/airflow/example_dags/example_python_decorator.py
[2026-07-20T06:32:55.085+0000] {logging_mixin.py:188} INFO - [2026-07-20T06:32:55.085+0000] {dag.py:3089} INFO - Sync 1 DAGs
[2026-07-20T06:32:55.094+0000] {logging_mixin.py:188} INFO - [2026-07-20T06:32:55.094+0000] {dag.py:3947} INFO - Setting next_dagrun for example_python_decorator to None, run_after=None
[2026-07-20T06:32:55.110+0000] {processor.py:183} INFO - Processing /workspaces/recomart-recommendation-pipeline/airflow_venv/lib/python3.12/site-packages/airflow/example_dags/example_python_decorator.py took 0.060 seconds
[2026-07-20T06:34:17.721+0000] {processor.py:161} INFO - Started process (PID=76020) to work on /workspaces/recomart-recommendation-pipeline/airflow_venv/lib/python3.12/site-packages/airflow/example_dags/example_python_decorator.py
[2026-07-20T06:34:17.722+0000] {processor.py:830} INFO - Processing file /workspaces/recomart-recommendation-pipeline/airflow_venv/lib/python3.12/site-packages/airflow/example_dags/example_python_decorator.py for tasks to queue
[2026-07-20T06:34:17.724+0000] {logging_mixin.py:188} INFO - [2026-07-20T06:34:17.723+0000] {dagbag.py:545} INFO - Filling up the DagBag from /workspaces/recomart-recommendation-pipeline/airflow_venv/lib/python3.12/site-packages/airflow/example_dags/example_python_decorator.py
[2026-07-20T06:34:17.734+0000] {processor.py:840} INFO - DAG(s) 'example_python_decorator' retrieved from /workspaces/recomart-recommendation-pipeline/airflow_venv/lib/python3.12/site-packages/airflow/example_dags/example_python_decorator.py
[2026-07-20T06:34:17.747+0000] {logging_mixin.py:188} INFO - [2026-07-20T06:34:17.747+0000] {dag.py:3089} INFO - Sync 1 DAGs
[2026-07-20T06:34:17.755+0000] {logging_mixin.py:188} INFO - [2026-07-20T06:34:17.755+0000] {dag.py:3947} INFO - Setting next_dagrun for example_python_decorator to None, run_after=None
[2026-07-20T06:34:17.774+0000] {processor.py:183} INFO - Processing /workspaces/recomart-recommendation-pipeline/airflow_venv/lib/python3.12/site-packages/airflow/example_dags/example_python_decorator.py took 0.057 seconds
[2026-07-20T06:35:15.645+0000] {processor.py:161} INFO - Started process (PID=77174) to work on /workspaces/recomart-recommendation-pipeline/airflow_venv/lib/python3.12/site-packages/airflow/example_dags/example_python_decorator.py
[2026-07-20T06:35:15.646+0000] {processor.py:830} INFO - Processing file /workspaces/recomart-recommendation-pipeline/airflow_venv/lib/python3.12/site-packages/airflow/example_dags/example_python_decorator.py for tasks to queue
[2026-07-20T06:35:15.647+0000] {logging_mixin.py:188} INFO - [2026-07-20T06:35:15.647+0000] {dagbag.py:545} INFO - Filling up the DagBag from /workspaces/recomart-recommendation-pipeline/airflow_venv/lib/python3.12/site-packages/airflow/example_dags/example_python_decorator.py
[2026-07-20T06:35:15.658+0000] {processor.py:840} INFO - DAG(s) 'example_python_decorator' retrieved from /workspaces/recomart-recommendation-pipeline/airflow_venv/lib/python3.12/site-packages/airflow/example_dags/example_python_decorator.py
[2026-07-20T06:35:15.671+0000] {logging_mixin.py:188} INFO - [2026-07-20T06:35:15.671+0000] {dag.py:3089} INFO - Sync 1 DAGs
[2026-07-20T06:35:15.679+0000] {logging_mixin.py:188} INFO - [2026-07-20T06:35:15.679+0000] {dag.py:3947} INFO - Setting next_dagrun for example_python_decorator to None, run_after=None
[2026-07-20T06:35:15.696+0000] {processor.py:183} INFO - Processing /workspaces/recomart-recommendation-pipeline/airflow_venv/lib/python3.12/site-packages/airflow/example_dags/example_python_decorator.py took 0.056 seconds
[2026-07-20T06:36:03.277+0000] {processor.py:161} INFO - Started process (PID=78047) to work on /workspaces/recomart-recommendation-pipeline/airflow_venv/lib/python3.12/site-packages/airflow/example_dags/example_python_decorator.py
[2026-07-20T06:36:03.277+0000] {processor.py:830} INFO - Processing file /workspaces/recomart-recommendation-pipeline/airflow_venv/lib/python3.12/site-packages/airflow/example_dags/example_python_decorator.py for tasks to queue
[2026-07-20T06:36:03.279+0000] {logging_mixin.py:188} INFO - [2026-07-20T06:36:03.278+0000] {dagbag.py:545} INFO - Filling up the DagBag from /workspaces/recomart-recommendation-pipeline/airflow_venv/lib/python3.12/site-packages/airflow/example_dags/example_python_decorator.py
[2026-07-20T06:36:03.289+0000] {processor.py:840} INFO - DAG(s) 'example_python_decorator' retrieved from /workspaces/recomart-recommendation-pipeline/airflow_venv/lib/python3.12/site-packages/airflow/example_dags/example_python_decorator.py
[2026-07-20T06:36:03.302+0000] {logging_mixin.py:188} INFO - [2026-07-20T06:36:03.302+0000] {dag.py:3089} INFO - Sync 1 DAGs
[2026-07-20T06:36:03.310+0000] {logging_mixin.py:188} INFO - [2026-07-20T06:36:03.310+0000] {dag.py:3947} INFO - Setting next_dagrun for example_python_decorator to None, run_after=None
[2026-07-20T06:36:03.327+0000] {processor.py:183} INFO - Processing /workspaces/recomart-recommendation-pipeline/airflow_venv/lib/python3.12/site-packages/airflow/example_dags/example_python_decorator.py took 0.054 seconds
[2026-07-20T06:36:58.229+0000] {processor.py:161} INFO - Started process (PID=78828) to work on /workspaces/recomart-recommendation-pipeline/airflow_venv/lib/python3.12/site-packages/airflow/example_dags/example_python_decorator.py
[2026-07-20T06:36:58.230+0000] {processor.py:830} INFO - Processing file /workspaces/recomart-recommendation-pipeline/airflow_venv/lib/python3.12/site-packages/airflow/example_dags/example_python_decorator.py for tasks to queue
[2026-07-20T06:36:58.231+0000] {logging_mixin.py:188} INFO - [2026-07-20T06:36:58.231+0000] {dagbag.py:545} INFO - Filling up the DagBag from /workspaces/recomart-recommendation-pipeline/airflow_venv/lib/python3.12/site-packages/airflow/example_dags/example_python_decorator.py
[2026-07-20T06:36:58.243+0000] {processor.py:840} INFO - DAG(s) 'example_python_decorator' retrieved from /workspaces/recomart-recommendation-pipeline/airflow_venv/lib/python3.12/site-packages/airflow/example_dags/example_python_decorator.py
[2026-07-20T06:36:58.261+0000] {logging_mixin.py:188} INFO - [2026-07-20T06:36:58.261+0000] {dag.py:3089} INFO - Sync 1 DAGs
[2026-07-20T06:36:58.271+0000] {logging_mixin.py:188} INFO - [2026-07-20T06:36:58.271+0000] {dag.py:3947} INFO - Setting next_dagrun for example_python_decorator to None, run_after=None
[2026-07-20T06:36:58.380+0000] {processor.py:183} INFO - Processing /workspaces/recomart-recommendation-pipeline/airflow_venv/lib/python3.12/site-packages/airflow/example_dags/example_python_decorator.py took 0.155 seconds
[2026-07-20T06:37:43.987+0000] {processor.py:161} INFO - Started process (PID=79212) to work on /workspaces/recomart-recommendation-pipeline/airflow_venv/lib/python3.12/site-packages/airflow/example_dags/example_python_decorator.py
[2026-07-20T06:37:43.989+0000] {processor.py:830} INFO - Processing file /workspaces/recomart-recommendation-pipeline/airflow_venv/lib/python3.12/site-packages/airflow/example_dags/example_python_decorator.py for tasks to queue
[2026-07-20T06:37:43.991+0000] {logging_mixin.py:188} INFO - [2026-07-20T06:37:43.990+0000] {dagbag.py:545} INFO - Filling up the DagBag from /workspaces/recomart-recommendation-pipeline/airflow_venv/lib/python3.12/site-packages/airflow/example_dags/example_python_decorator.py
[2026-07-20T06:37:44.006+0000] {processor.py:840} INFO - DAG(s) 'example_python_decorator' retrieved from /workspaces/recomart-recommendation-pipeline/airflow_venv/lib/python3.12/site-packages/airflow/example_dags/example_python_decorator.py
[2026-07-20T06:37:44.026+0000] {logging_mixin.py:188} INFO - [2026-07-20T06:37:44.026+0000] {dag.py:3089} INFO - Sync 1 DAGs
[2026-07-20T06:37:44.045+0000] {logging_mixin.py:188} INFO - [2026-07-20T06:37:44.044+0000] {dag.py:3947} INFO - Setting next_dagrun for example_python_decorator to None, run_after=None
[2026-07-20T06:37:44.075+0000] {processor.py:183} INFO - Processing /workspaces/recomart-recommendation-pipeline/airflow_venv/lib/python3.12/site-packages/airflow/example_dags/example_python_decorator.py took 0.095 seconds
[2026-07-20T06:38:31.723+0000] {processor.py:161} INFO - Started process (PID=79560) to work on /workspaces/recomart-recommendation-pipeline/airflow_venv/lib/python3.12/site-packages/airflow/example_dags/example_python_decorator.py
[2026-07-20T06:38:31.724+0000] {processor.py:830} INFO - Processing file /workspaces/recomart-recommendation-pipeline/airflow_venv/lib/python3.12/site-packages/airflow/example_dags/example_python_decorator.py for tasks to queue
[2026-07-20T06:38:31.725+0000] {logging_mixin.py:188} INFO - [2026-07-20T06:38:31.725+0000] {dagbag.py:545} INFO - Filling up the DagBag from /workspaces/recomart-recommendation-pipeline/airflow_venv/lib/python3.12/site-packages/airflow/example_dags/example_python_decorator.py
[2026-07-20T06:38:31.736+0000] {processor.py:840} INFO - DAG(s) 'example_python_decorator' retrieved from /workspaces/recomart-recommendation-pipeline/airflow_venv/lib/python3.12/site-packages/airflow/example_dags/example_python_decorator.py
[2026-07-20T06:38:31.749+0000] {logging_mixin.py:188} INFO - [2026-07-20T06:38:31.749+0000] {dag.py:3089} INFO - Sync 1 DAGs
[2026-07-20T06:38:31.855+0000] {logging_mixin.py:188} INFO - [2026-07-20T06:38:31.855+0000] {dag.py:3947} INFO - Setting next_dagrun for example_python_decorator to None, run_after=None
[2026-07-20T06:38:31.872+0000] {processor.py:183} INFO - Processing /workspaces/recomart-recommendation-pipeline/airflow_venv/lib/python3.12/site-packages/airflow/example_dags/example_python_decorator.py took 0.153 seconds
[2026-07-20T06:39:19.648+0000] {processor.py:161} INFO - Started process (PID=79983) to work on /workspaces/recomart-recommendation-pipeline/airflow_venv/lib/python3.12/site-packages/airflow/example_dags/example_python_decorator.py
[2026-07-20T06:39:19.649+0000] {processor.py:830} INFO - Processing file /workspaces/recomart-recommendation-pipeline/airflow_venv/lib/python3.12/site-packages/airflow/example_dags/example_python_decorator.py for tasks to queue
[2026-07-20T06:39:19.651+0000] {logging_mixin.py:188} INFO - [2026-07-20T06:39:19.650+0000] {dagbag.py:545} INFO - Filling up the DagBag from /workspaces/recomart-recommendation-pipeline/airflow_venv/lib/python3.12/site-packages/airflow/example_dags/example_python_decorator.py
[2026-07-20T06:39:19.666+0000] {processor.py:840} INFO - DAG(s) 'example_python_decorator' retrieved from /workspaces/recomart-recommendation-pipeline/airflow_venv/lib/python3.12/site-packages/airflow/example_dags/example_python_decorator.py
[2026-07-20T06:39:19.686+0000] {logging_mixin.py:188} INFO - [2026-07-20T06:39:19.686+0000] {dag.py:3089} INFO - Sync 1 DAGs
[2026-07-20T06:39:19.699+0000] {logging_mixin.py:188} INFO - [2026-07-20T06:39:19.699+0000] {dag.py:3947} INFO - Setting next_dagrun for example_python_decorator to None, run_after=None
[2026-07-20T06:39:19.748+0000] {processor.py:183} INFO - Processing /workspaces/recomart-recommendation-pipeline/airflow_venv/lib/python3.12/site-packages/airflow/example_dags/example_python_decorator.py took 0.107 seconds
[2026-07-20T06:40:07.950+0000] {processor.py:161} INFO - Started process (PID=80374) to work on /workspaces/recomart-recommendation-pipeline/airflow_venv/lib/python3.12/site-packages/airflow/example_dags/example_python_decorator.py
[2026-07-20T06:40:07.950+0000] {processor.py:830} INFO - Processing file /workspaces/recomart-recommendation-pipeline/airflow_venv/lib/python3.12/site-packages/airflow/example_dags/example_python_decorator.py for tasks to queue
[2026-07-20T06:40:07.952+0000] {logging_mixin.py:188} INFO - [2026-07-20T06:40:07.951+0000] {dagbag.py:545} INFO - Filling up the DagBag from /workspaces/recomart-recommendation-pipeline/airflow_venv/lib/python3.12/site-packages/airflow/example_dags/example_python_decorator.py
[2026-07-20T06:40:07.962+0000] {processor.py:840} INFO - DAG(s) 'example_python_decorator' retrieved from /workspaces/recomart-recommendation-pipeline/airflow_venv/lib/python3.12/site-packages/airflow/example_dags/example_python_decorator.py
[2026-07-20T06:40:07.978+0000] {logging_mixin.py:188} INFO - [2026-07-20T06:40:07.978+0000] {dag.py:3089} INFO - Sync 1 DAGs
[2026-07-20T06:40:07.989+0000] {logging_mixin.py:188} INFO - [2026-07-20T06:40:07.989+0000] {dag.py:3947} INFO - Setting next_dagrun for example_python_decorator to None, run_after=None
[2026-07-20T06:40:08.006+0000] {processor.py:183} INFO - Processing /workspaces/recomart-recommendation-pipeline/airflow_venv/lib/python3.12/site-packages/airflow/example_dags/example_python_decorator.py took 0.060 seconds
[2026-07-20T06:40:57.185+0000] {processor.py:161} INFO - Started process (PID=80856) to work on /workspaces/recomart-recommendation-pipeline/airflow_venv/lib/python3.12/site-packages/airflow/example_dags/example_python_decorator.py
[2026-07-20T06:40:57.186+0000] {processor.py:830} INFO - Processing file /workspaces/recomart-recommendation-pipeline/airflow_venv/lib/python3.12/site-packages/airflow/example_dags/example_python_decorator.py for tasks to queue
[2026-07-20T06:40:57.188+0000] {logging_mixin.py:188} INFO - [2026-07-20T06:40:57.188+0000] {dagbag.py:545} INFO - Filling up the DagBag from /workspaces/recomart-recommendation-pipeline/airflow_venv/lib/python3.12/site-packages/airflow/example_dags/example_python_decorator.py
[2026-07-20T06:40:57.199+0000] {processor.py:840} INFO - DAG(s) 'example_python_decorator' retrieved from /workspaces/recomart-recommendation-pipeline/airflow_venv/lib/python3.12/site-packages/airflow/example_dags/example_python_decorator.py
[2026-07-20T06:40:57.214+0000] {logging_mixin.py:188} INFO - [2026-07-20T06:40:57.214+0000] {dag.py:3089} INFO - Sync 1 DAGs
[2026-07-20T06:40:57.227+0000] {logging_mixin.py:188} INFO - [2026-07-20T06:40:57.227+0000] {dag.py:3947} INFO - Setting next_dagrun for example_python_decorator to None, run_after=None
[2026-07-20T06:40:57.263+0000] {processor.py:183} INFO - Processing /workspaces/recomart-recommendation-pipeline/airflow_venv/lib/python3.12/site-packages/airflow/example_dags/example_python_decorator.py took 0.084 seconds
[2026-07-20T06:41:43.534+0000] {processor.py:161} INFO - Started process (PID=81252) to work on /workspaces/recomart-recommendation-pipeline/airflow_venv/lib/python3.12/site-packages/airflow/example_dags/example_python_decorator.py
[2026-07-20T06:41:43.535+0000] {processor.py:830} INFO - Processing file /workspaces/recomart-recommendation-pipeline/airflow_venv/lib/python3.12/site-packages/airflow/example_dags/example_python_decorator.py for tasks to queue
[2026-07-20T06:41:43.536+0000] {logging_mixin.py:188} INFO - [2026-07-20T06:41:43.536+0000] {dagbag.py:545} INFO - Filling up the DagBag from /workspaces/recomart-recommendation-pipeline/airflow_venv/lib/python3.12/site-packages/airflow/example_dags/example_python_decorator.py
[2026-07-20T06:41:43.547+0000] {processor.py:840} INFO - DAG(s) 'example_python_decorator' retrieved from /workspaces/recomart-recommendation-pipeline/airflow_venv/lib/python3.12/site-packages/airflow/example_dags/example_python_decorator.py
[2026-07-20T06:41:43.562+0000] {logging_mixin.py:188} INFO - [2026-07-20T06:41:43.562+0000] {dag.py:3089} INFO - Sync 1 DAGs
[2026-07-20T06:41:43.571+0000] {logging_mixin.py:188} INFO - [2026-07-20T06:41:43.571+0000] {dag.py:3947} INFO - Setting next_dagrun for example_python_decorator to None, run_after=None
[2026-07-20T06:41:43.611+0000] {processor.py:183} INFO - Processing /workspaces/recomart-recommendation-pipeline/airflow_venv/lib/python3.12/site-packages/airflow/example_dags/example_python_decorator.py took 0.081 seconds
[2026-07-20T06:42:31.763+0000] {processor.py:161} INFO - Started process (PID=81599) to work on /workspaces/recomart-recommendation-pipeline/airflow_venv/lib/python3.12/site-packages/airflow/example_dags/example_python_decorator.py
[2026-07-20T06:42:31.764+0000] {processor.py:830} INFO - Processing file /workspaces/recomart-recommendation-pipeline/airflow_venv/lib/python3.12/site-packages/airflow/example_dags/example_python_decorator.py for tasks to queue
[2026-07-20T06:42:31.765+0000] {logging_mixin.py:188} INFO - [2026-07-20T06:42:31.765+0000] {dagbag.py:545} INFO - Filling up the DagBag from /workspaces/recomart-recommendation-pipeline/airflow_venv/lib/python3.12/site-packages/airflow/example_dags/example_python_decorator.py
[2026-07-20T06:42:31.779+0000] {processor.py:840} INFO - DAG(s) 'example_python_decorator' retrieved from /workspaces/recomart-recommendation-pipeline/airflow_venv/lib/python3.12/site-packages/airflow/example_dags/example_python_decorator.py
[2026-07-20T06:42:31.795+0000] {logging_mixin.py:188} INFO - [2026-07-20T06:42:31.795+0000] {dag.py:3089} INFO - Sync 1 DAGs
[2026-07-20T06:42:31.804+0000] {logging_mixin.py:188} INFO - [2026-07-20T06:42:31.804+0000] {dag.py:3947} INFO - Setting next_dagrun for example_python_decorator to None, run_after=None
[2026-07-20T06:42:31.821+0000] {processor.py:183} INFO - Processing /workspaces/recomart-recommendation-pipeline/airflow_venv/lib/python3.12/site-packages/airflow/example_dags/example_python_decorator.py took 0.063 seconds
[2026-07-20T06:43:18.086+0000] {processor.py:161} INFO - Started process (PID=81993) to work on /workspaces/recomart-recommendation-pipeline/airflow_venv/lib/python3.12/site-packages/airflow/example_dags/example_python_decorator.py
[2026-07-20T06:43:18.087+0000] {processor.py:830} INFO - Processing file /workspaces/recomart-recommendation-pipeline/airflow_venv/lib/python3.12/site-packages/airflow/example_dags/example_python_decorator.py for tasks to queue
[2026-07-20T06:43:18.089+0000] {logging_mixin.py:188} INFO - [2026-07-20T06:43:18.088+0000] {dagbag.py:545} INFO - Filling up the DagBag from /workspaces/recomart-recommendation-pipeline/airflow_venv/lib/python3.12/site-packages/airflow/example_dags/example_python_decorator.py
[2026-07-20T06:43:18.104+0000] {processor.py:840} INFO - DAG(s) 'example_python_decorator' retrieved from /workspaces/recomart-recommendation-pipeline/airflow_venv/lib/python3.12/site-packages/airflow/example_dags/example_python_decorator.py
[2026-07-20T06:43:18.117+0000] {logging_mixin.py:188} INFO - [2026-07-20T06:43:18.117+0000] {dag.py:3089} INFO - Sync 1 DAGs
[2026-07-20T06:43:18.126+0000] {logging_mixin.py:188} INFO - [2026-07-20T06:43:18.126+0000] {dag.py:3947} INFO - Setting next_dagrun for example_python_decorator to None, run_after=None
[2026-07-20T06:43:18.142+0000] {processor.py:183} INFO - Processing /workspaces/recomart-recommendation-pipeline/airflow_venv/lib/python3.12/site-packages/airflow/example_dags/example_python_decorator.py took 0.063 seconds
[2026-07-20T06:44:07.806+0000] {processor.py:161} INFO - Started process (PID=82417) to work on /workspaces/recomart-recommendation-pipeline/airflow_venv/lib/python3.12/site-packages/airflow/example_dags/example_python_decorator.py
[2026-07-20T06:44:07.809+0000] {processor.py:830} INFO - Processing file /workspaces/recomart-recommendation-pipeline/airflow_venv/lib/python3.12/site-packages/airflow/example_dags/example_python_decorator.py for tasks to queue
[2026-07-20T06:44:07.812+0000] {logging_mixin.py:188} INFO - [2026-07-20T06:44:07.812+0000] {dagbag.py:545} INFO - Filling up the DagBag from /workspaces/recomart-recommendation-pipeline/airflow_venv/lib/python3.12/site-packages/airflow/example_dags/example_python_decorator.py
[2026-07-20T06:44:07.841+0000] {processor.py:840} INFO - DAG(s) 'example_python_decorator' retrieved from /workspaces/recomart-recommendation-pipeline/airflow_venv/lib/python3.12/site-packages/airflow/example_dags/example_python_decorator.py
[2026-07-20T06:44:07.863+0000] {logging_mixin.py:188} INFO - [2026-07-20T06:44:07.862+0000] {dag.py:3089} INFO - Sync 1 DAGs
[2026-07-20T06:44:07.875+0000] {logging_mixin.py:188} INFO - [2026-07-20T06:44:07.875+0000] {dag.py:3947} INFO - Setting next_dagrun for example_python_decorator to None, run_after=None
[2026-07-20T06:44:07.908+0000] {processor.py:183} INFO - Processing /workspaces/recomart-recommendation-pipeline/airflow_venv/lib/python3.12/site-packages/airflow/example_dags/example_python_decorator.py took 0.120 seconds
[2026-07-20T06:44:52.075+0000] {processor.py:161} INFO - Started process (PID=82799) to work on /workspaces/recomart-recommendation-pipeline/airflow_venv/lib/python3.12/site-packages/airflow/example_dags/example_python_decorator.py
[2026-07-20T06:44:52.076+0000] {processor.py:830} INFO - Processing file /workspaces/recomart-recommendation-pipeline/airflow_venv/lib/python3.12/site-packages/airflow/example_dags/example_python_decorator.py for tasks to queue
[2026-07-20T06:44:52.078+0000] {logging_mixin.py:188} INFO - [2026-07-20T06:44:52.077+0000] {dagbag.py:545} INFO - Filling up the DagBag from /workspaces/recomart-recommendation-pipeline/airflow_venv/lib/python3.12/site-packages/airflow/example_dags/example_python_decorator.py
[2026-07-20T06:44:52.092+0000] {processor.py:840} INFO - DAG(s) 'example_python_decorator' retrieved from /workspaces/recomart-recommendation-pipeline/airflow_venv/lib/python3.12/site-packages/airflow/example_dags/example_python_decorator.py
[2026-07-20T06:44:52.106+0000] {logging_mixin.py:188} INFO - [2026-07-20T06:44:52.105+0000] {dag.py:3089} INFO - Sync 1 DAGs
[2026-07-20T06:44:52.115+0000] {logging_mixin.py:188} INFO - [2026-07-20T06:44:52.115+0000] {dag.py:3947} INFO - Setting next_dagrun for example_python_decorator to None, run_after=None
[2026-07-20T06:44:52.133+0000] {processor.py:183} INFO - Processing /workspaces/recomart-recommendation-pipeline/airflow_venv/lib/python3.12/site-packages/airflow/example_dags/example_python_decorator.py took 0.064 seconds
[2026-07-20T06:45:55.162+0000] {processor.py:161} INFO - Started process (PID=83383) to work on /workspaces/recomart-recommendation-pipeline/airflow_venv/lib/python3.12/site-packages/airflow/example_dags/example_python_decorator.py
[2026-07-20T06:45:55.165+0000] {processor.py:830} INFO - Processing file /workspaces/recomart-recommendation-pipeline/airflow_venv/lib/python3.12/site-packages/airflow/example_dags/example_python_decorator.py for tasks to queue
[2026-07-20T06:45:55.167+0000] {logging_mixin.py:188} INFO - [2026-07-20T06:45:55.167+0000] {dagbag.py:545} INFO - Filling up the DagBag from /workspaces/recomart-recommendation-pipeline/airflow_venv/lib/python3.12/site-packages/airflow/example_dags/example_python_decorator.py
[2026-07-20T06:45:55.183+0000] {processor.py:840} INFO - DAG(s) 'example_python_decorator' retrieved from /workspaces/recomart-recommendation-pipeline/airflow_venv/lib/python3.12/site-packages/airflow/example_dags/example_python_decorator.py
[2026-07-20T06:45:55.218+0000] {logging_mixin.py:188} INFO - [2026-07-20T06:45:55.218+0000] {dag.py:3089} INFO - Sync 1 DAGs
[2026-07-20T06:45:55.232+0000] {logging_mixin.py:188} INFO - [2026-07-20T06:45:55.232+0000] {dag.py:3947} INFO - Setting next_dagrun for example_python_decorator to None, run_after=None
[2026-07-20T06:45:55.319+0000] {processor.py:183} INFO - Processing /workspaces/recomart-recommendation-pipeline/airflow_venv/lib/python3.12/site-packages/airflow/example_dags/example_python_decorator.py took 0.164 seconds
[2026-07-20T06:46:39.667+0000] {processor.py:161} INFO - Started process (PID=83720) to work on /workspaces/recomart-recommendation-pipeline/airflow_venv/lib/python3.12/site-packages/airflow/example_dags/example_python_decorator.py
[2026-07-20T06:46:39.668+0000] {processor.py:830} INFO - Processing file /workspaces/recomart-recommendation-pipeline/airflow_venv/lib/python3.12/site-packages/airflow/example_dags/example_python_decorator.py for tasks to queue
[2026-07-20T06:46:39.669+0000] {logging_mixin.py:188} INFO - [2026-07-20T06:46:39.669+0000] {dagbag.py:545} INFO - Filling up the DagBag from /workspaces/recomart-recommendation-pipeline/airflow_venv/lib/python3.12/site-packages/airflow/example_dags/example_python_decorator.py
[2026-07-20T06:46:39.683+0000] {processor.py:840} INFO - DAG(s) 'example_python_decorator' retrieved from /workspaces/recomart-recommendation-pipeline/airflow_venv/lib/python3.12/site-packages/airflow/example_dags/example_python_decorator.py
[2026-07-20T06:46:39.698+0000] {logging_mixin.py:188} INFO - [2026-07-20T06:46:39.698+0000] {dag.py:3089} INFO - Sync 1 DAGs
[2026-07-20T06:46:39.707+0000] {logging_mixin.py:188} INFO - [2026-07-20T06:46:39.706+0000] {dag.py:3947} INFO - Setting next_dagrun for example_python_decorator to None, run_after=None
[2026-07-20T06:46:39.725+0000] {processor.py:183} INFO - Processing /workspaces/recomart-recommendation-pipeline/airflow_venv/lib/python3.12/site-packages/airflow/example_dags/example_python_decorator.py took 0.063 seconds
[2026-07-20T06:47:22.441+0000] {processor.py:161} INFO - Started process (PID=84081) to work on /workspaces/recomart-recommendation-pipeline/airflow_venv/lib/python3.12/site-packages/airflow/example_dags/example_python_decorator.py
[2026-07-20T06:47:22.442+0000] {processor.py:830} INFO - Processing file /workspaces/recomart-recommendation-pipeline/airflow_venv/lib/python3.12/site-packages/airflow/example_dags/example_python_decorator.py for tasks to queue
[2026-07-20T06:47:22.443+0000] {logging_mixin.py:188} INFO - [2026-07-20T06:47:22.443+0000] {dagbag.py:545} INFO - Filling up the DagBag from /workspaces/recomart-recommendation-pipeline/airflow_venv/lib/python3.12/site-packages/airflow/example_dags/example_python_decorator.py
[2026-07-20T06:47:22.461+0000] {processor.py:840} INFO - DAG(s) 'example_python_decorator' retrieved from /workspaces/recomart-recommendation-pipeline/airflow_venv/lib/python3.12/site-packages/airflow/example_dags/example_python_decorator.py
[2026-07-20T06:47:22.493+0000] {logging_mixin.py:188} INFO - [2026-07-20T06:47:22.492+0000] {dag.py:3089} INFO - Sync 1 DAGs
[2026-07-20T06:47:22.509+0000] {logging_mixin.py:188} INFO - [2026-07-20T06:47:22.509+0000] {dag.py:3947} INFO - Setting next_dagrun for example_python_decorator to None, run_after=None
[2026-07-20T06:47:22.533+0000] {processor.py:183} INFO - Processing /workspaces/recomart-recommendation-pipeline/airflow_venv/lib/python3.12/site-packages/airflow/example_dags/example_python_decorator.py took 0.097 seconds
[2026-07-20T06:48:07.867+0000] {processor.py:161} INFO - Started process (PID=84469) to work on /workspaces/recomart-recommendation-pipeline/airflow_venv/lib/python3.12/site-packages/airflow/example_dags/example_python_decorator.py
[2026-07-20T06:48:07.868+0000] {processor.py:830} INFO - Processing file /workspaces/recomart-recommendation-pipeline/airflow_venv/lib/python3.12/site-packages/airflow/example_dags/example_python_decorator.py for tasks to queue
[2026-07-20T06:48:07.869+0000] {logging_mixin.py:188} INFO - [2026-07-20T06:48:07.869+0000] {dagbag.py:545} INFO - Filling up the DagBag from /workspaces/recomart-recommendation-pipeline/airflow_venv/lib/python3.12/site-packages/airflow/example_dags/example_python_decorator.py
[2026-07-20T06:48:07.883+0000] {processor.py:840} INFO - DAG(s) 'example_python_decorator' retrieved from /workspaces/recomart-recommendation-pipeline/airflow_venv/lib/python3.12/site-packages/airflow/example_dags/example_python_decorator.py
[2026-07-20T06:48:07.899+0000] {logging_mixin.py:188} INFO - [2026-07-20T06:48:07.898+0000] {dag.py:3089} INFO - Sync 1 DAGs
[2026-07-20T06:48:07.907+0000] {logging_mixin.py:188} INFO - [2026-07-20T06:48:07.907+0000] {dag.py:3947} INFO - Setting next_dagrun for example_python_decorator to None, run_after=None
[2026-07-20T06:48:07.924+0000] {processor.py:183} INFO - Processing /workspaces/recomart-recommendation-pipeline/airflow_venv/lib/python3.12/site-packages/airflow/example_dags/example_python_decorator.py took 0.062 seconds
[2026-07-20T06:49:10.473+0000] {processor.py:161} INFO - Started process (PID=85101) to work on /workspaces/recomart-recommendation-pipeline/airflow_venv/lib/python3.12/site-packages/airflow/example_dags/example_python_decorator.py
[2026-07-20T06:49:10.473+0000] {processor.py:830} INFO - Processing file /workspaces/recomart-recommendation-pipeline/airflow_venv/lib/python3.12/site-packages/airflow/example_dags/example_python_decorator.py for tasks to queue
[2026-07-20T06:49:10.475+0000] {logging_mixin.py:188} INFO - [2026-07-20T06:49:10.475+0000] {dagbag.py:545} INFO - Filling up the DagBag from /workspaces/recomart-recommendation-pipeline/airflow_venv/lib/python3.12/site-packages/airflow/example_dags/example_python_decorator.py
[2026-07-20T06:49:10.496+0000] {processor.py:840} INFO - DAG(s) 'example_python_decorator' retrieved from /workspaces/recomart-recommendation-pipeline/airflow_venv/lib/python3.12/site-packages/airflow/example_dags/example_python_decorator.py
[2026-07-20T06:49:10.524+0000] {logging_mixin.py:188} INFO - [2026-07-20T06:49:10.523+0000] {dag.py:3089} INFO - Sync 1 DAGs
[2026-07-20T06:49:10.539+0000] {logging_mixin.py:188} INFO - [2026-07-20T06:49:10.539+0000] {dag.py:3947} INFO - Setting next_dagrun for example_python_decorator to None, run_after=None
[2026-07-20T06:49:10.558+0000] {processor.py:183} INFO - Processing /workspaces/recomart-recommendation-pipeline/airflow_venv/lib/python3.12/site-packages/airflow/example_dags/example_python_decorator.py took 0.091 seconds
[2026-07-20T06:50:12.383+0000] {processor.py:161} INFO - Started process (PID=85730) to work on /workspaces/recomart-recommendation-pipeline/airflow_venv/lib/python3.12/site-packages/airflow/example_dags/example_python_decorator.py
[2026-07-20T06:50:12.383+0000] {processor.py:830} INFO - Processing file /workspaces/recomart-recommendation-pipeline/airflow_venv/lib/python3.12/site-packages/airflow/example_dags/example_python_decorator.py for tasks to queue
[2026-07-20T06:50:12.385+0000] {logging_mixin.py:188} INFO - [2026-07-20T06:50:12.385+0000] {dagbag.py:545} INFO - Filling up the DagBag from /workspaces/recomart-recommendation-pipeline/airflow_venv/lib/python3.12/site-packages/airflow/example_dags/example_python_decorator.py
[2026-07-20T06:50:12.397+0000] {processor.py:840} INFO - DAG(s) 'example_python_decorator' retrieved from /workspaces/recomart-recommendation-pipeline/airflow_venv/lib/python3.12/site-packages/airflow/example_dags/example_python_decorator.py
[2026-07-20T06:50:12.410+0000] {logging_mixin.py:188} INFO - [2026-07-20T06:50:12.410+0000] {dag.py:3089} INFO - Sync 1 DAGs
[2026-07-20T06:50:12.421+0000] {logging_mixin.py:188} INFO - [2026-07-20T06:50:12.421+0000] {dag.py:3947} INFO - Setting next_dagrun for example_python_decorator to None, run_after=None
[2026-07-20T06:50:12.439+0000] {processor.py:183} INFO - Processing /workspaces/recomart-recommendation-pipeline/airflow_venv/lib/python3.12/site-packages/airflow/example_dags/example_python_decorator.py took 0.063 seconds
[2026-07-20T06:50:57.216+0000] {processor.py:161} INFO - Started process (PID=86249) to work on /workspaces/recomart-recommendation-pipeline/airflow_venv/lib/python3.12/site-packages/airflow/example_dags/example_python_decorator.py
[2026-07-20T06:50:57.217+0000] {processor.py:830} INFO - Processing file /workspaces/recomart-recommendation-pipeline/airflow_venv/lib/python3.12/site-packages/airflow/example_dags/example_python_decorator.py for tasks to queue
[2026-07-20T06:50:57.219+0000] {logging_mixin.py:188} INFO - [2026-07-20T06:50:57.218+0000] {dagbag.py:545} INFO - Filling up the DagBag from /workspaces/recomart-recommendation-pipeline/airflow_venv/lib/python3.12/site-packages/airflow/example_dags/example_python_decorator.py
[2026-07-20T06:50:57.234+0000] {processor.py:840} INFO - DAG(s) 'example_python_decorator' retrieved from /workspaces/recomart-recommendation-pipeline/airflow_venv/lib/python3.12/site-packages/airflow/example_dags/example_python_decorator.py
[2026-07-20T06:50:57.256+0000] {logging_mixin.py:188} INFO - [2026-07-20T06:50:57.256+0000] {dag.py:3089} INFO - Sync 1 DAGs
[2026-07-20T06:50:57.271+0000] {logging_mixin.py:188} INFO - [2026-07-20T06:50:57.271+0000] {dag.py:3947} INFO - Setting next_dagrun for example_python_decorator to None, run_after=None
[2026-07-20T06:50:57.316+0000] {processor.py:183} INFO - Processing /workspaces/recomart-recommendation-pipeline/airflow_venv/lib/python3.12/site-packages/airflow/example_dags/example_python_decorator.py took 0.107 seconds
[2026-07-20T06:51:43.789+0000] {processor.py:161} INFO - Started process (PID=86643) to work on /workspaces/recomart-recommendation-pipeline/airflow_venv/lib/python3.12/site-packages/airflow/example_dags/example_python_decorator.py
[2026-07-20T06:51:43.791+0000] {processor.py:830} INFO - Processing file /workspaces/recomart-recommendation-pipeline/airflow_venv/lib/python3.12/site-packages/airflow/example_dags/example_python_decorator.py for tasks to queue
[2026-07-20T06:51:43.793+0000] {logging_mixin.py:188} INFO - [2026-07-20T06:51:43.792+0000] {dagbag.py:545} INFO - Filling up the DagBag from /workspaces/recomart-recommendation-pipeline/airflow_venv/lib/python3.12/site-packages/airflow/example_dags/example_python_decorator.py
[2026-07-20T06:51:43.809+0000] {processor.py:840} INFO - DAG(s) 'example_python_decorator' retrieved from /workspaces/recomart-recommendation-pipeline/airflow_venv/lib/python3.12/site-packages/airflow/example_dags/example_python_decorator.py
[2026-07-20T06:51:43.832+0000] {logging_mixin.py:188} INFO - [2026-07-20T06:51:43.831+0000] {dag.py:3089} INFO - Sync 1 DAGs
[2026-07-20T06:51:43.844+0000] {logging_mixin.py:188} INFO - [2026-07-20T06:51:43.843+0000] {dag.py:3947} INFO - Setting next_dagrun for example_python_decorator to None, run_after=None
[2026-07-20T06:51:43.980+0000] {processor.py:183} INFO - Processing /workspaces/recomart-recommendation-pipeline/airflow_venv/lib/python3.12/site-packages/airflow/example_dags/example_python_decorator.py took 0.198 seconds
[2026-07-20T06:58:09.450+0000] {processor.py:161} INFO - Started process (PID=89733) to work on /workspaces/recomart-recommendation-pipeline/airflow_venv/lib/python3.12/site-packages/airflow/example_dags/example_python_decorator.py
[2026-07-20T06:58:09.451+0000] {processor.py:830} INFO - Processing file /workspaces/recomart-recommendation-pipeline/airflow_venv/lib/python3.12/site-packages/airflow/example_dags/example_python_decorator.py for tasks to queue
[2026-07-20T06:58:09.452+0000] {logging_mixin.py:188} INFO - [2026-07-20T06:58:09.452+0000] {dagbag.py:545} INFO - Filling up the DagBag from /workspaces/recomart-recommendation-pipeline/airflow_venv/lib/python3.12/site-packages/airflow/example_dags/example_python_decorator.py
[2026-07-20T06:58:09.463+0000] {processor.py:840} INFO - DAG(s) 'example_python_decorator' retrieved from /workspaces/recomart-recommendation-pipeline/airflow_venv/lib/python3.12/site-packages/airflow/example_dags/example_python_decorator.py
[2026-07-20T06:58:09.556+0000] {logging_mixin.py:188} INFO - [2026-07-20T06:58:09.556+0000] {dag.py:3089} INFO - Sync 1 DAGs
[2026-07-20T06:58:09.565+0000] {logging_mixin.py:188} INFO - [2026-07-20T06:58:09.564+0000] {dag.py:3947} INFO - Setting next_dagrun for example_python_decorator to None, run_after=None
[2026-07-20T06:58:09.591+0000] {processor.py:183} INFO - Processing /workspaces/recomart-recommendation-pipeline/airflow_venv/lib/python3.12/site-packages/airflow/example_dags/example_python_decorator.py took 0.146 seconds
[2026-07-20T06:59:07.382+0000] {processor.py:161} INFO - Started process (PID=90417) to work on /workspaces/recomart-recommendation-pipeline/airflow_venv/lib/python3.12/site-packages/airflow/example_dags/example_python_decorator.py
[2026-07-20T06:59:07.383+0000] {processor.py:830} INFO - Processing file /workspaces/recomart-recommendation-pipeline/airflow_venv/lib/python3.12/site-packages/airflow/example_dags/example_python_decorator.py for tasks to queue
[2026-07-20T06:59:07.385+0000] {logging_mixin.py:188} INFO - [2026-07-20T06:59:07.385+0000] {dagbag.py:545} INFO - Filling up the DagBag from /workspaces/recomart-recommendation-pipeline/airflow_venv/lib/python3.12/site-packages/airflow/example_dags/example_python_decorator.py
[2026-07-20T06:59:07.396+0000] {processor.py:840} INFO - DAG(s) 'example_python_decorator' retrieved from /workspaces/recomart-recommendation-pipeline/airflow_venv/lib/python3.12/site-packages/airflow/example_dags/example_python_decorator.py
[2026-07-20T06:59:07.410+0000] {logging_mixin.py:188} INFO - [2026-07-20T06:59:07.410+0000] {dag.py:3089} INFO - Sync 1 DAGs
[2026-07-20T06:59:07.419+0000] {logging_mixin.py:188} INFO - [2026-07-20T06:59:07.419+0000] {dag.py:3947} INFO - Setting next_dagrun for example_python_decorator to None, run_after=None
[2026-07-20T06:59:07.437+0000] {processor.py:183} INFO - Processing /workspaces/recomart-recommendation-pipeline/airflow_venv/lib/python3.12/site-packages/airflow/example_dags/example_python_decorator.py took 0.060 seconds
[2026-07-20T07:00:37.304+0000] {processor.py:161} INFO - Started process (PID=91819) to work on /workspaces/recomart-recommendation-pipeline/airflow_venv/lib/python3.12/site-packages/airflow/example_dags/example_python_decorator.py
[2026-07-20T07:00:37.306+0000] {processor.py:830} INFO - Processing file /workspaces/recomart-recommendation-pipeline/airflow_venv/lib/python3.12/site-packages/airflow/example_dags/example_python_decorator.py for tasks to queue
[2026-07-20T07:00:37.307+0000] {logging_mixin.py:188} INFO - [2026-07-20T07:00:37.307+0000] {dagbag.py:545} INFO - Filling up the DagBag from /workspaces/recomart-recommendation-pipeline/airflow_venv/lib/python3.12/site-packages/airflow/example_dags/example_python_decorator.py
[2026-07-20T07:00:37.317+0000] {processor.py:840} INFO - DAG(s) 'example_python_decorator' retrieved from /workspaces/recomart-recommendation-pipeline/airflow_venv/lib/python3.12/site-packages/airflow/example_dags/example_python_decorator.py
[2026-07-20T07:00:37.331+0000] {logging_mixin.py:188} INFO - [2026-07-20T07:00:37.331+0000] {dag.py:3089} INFO - Sync 1 DAGs
[2026-07-20T07:00:37.339+0000] {logging_mixin.py:188} INFO - [2026-07-20T07:00:37.339+0000] {dag.py:3947} INFO - Setting next_dagrun for example_python_decorator to None, run_after=None
[2026-07-20T07:00:37.356+0000] {processor.py:183} INFO - Processing /workspaces/recomart-recommendation-pipeline/airflow_venv/lib/python3.12/site-packages/airflow/example_dags/example_python_decorator.py took 0.055 seconds
[2026-07-20T07:01:30.383+0000] {processor.py:161} INFO - Started process (PID=92274) to work on /workspaces/recomart-recommendation-pipeline/airflow_venv/lib/python3.12/site-packages/airflow/example_dags/example_python_decorator.py
[2026-07-20T07:01:30.384+0000] {processor.py:830} INFO - Processing file /workspaces/recomart-recommendation-pipeline/airflow_venv/lib/python3.12/site-packages/airflow/example_dags/example_python_decorator.py for tasks to queue
[2026-07-20T07:01:30.385+0000] {logging_mixin.py:188} INFO - [2026-07-20T07:01:30.385+0000] {dagbag.py:545} INFO - Filling up the DagBag from /workspaces/recomart-recommendation-pipeline/airflow_venv/lib/python3.12/site-packages/airflow/example_dags/example_python_decorator.py
[2026-07-20T07:01:30.395+0000] {processor.py:840} INFO - DAG(s) 'example_python_decorator' retrieved from /workspaces/recomart-recommendation-pipeline/airflow_venv/lib/python3.12/site-packages/airflow/example_dags/example_python_decorator.py
[2026-07-20T07:01:30.409+0000] {logging_mixin.py:188} INFO - [2026-07-20T07:01:30.409+0000] {dag.py:3089} INFO - Sync 1 DAGs
[2026-07-20T07:01:30.418+0000] {logging_mixin.py:188} INFO - [2026-07-20T07:01:30.418+0000] {dag.py:3947} INFO - Setting next_dagrun for example_python_decorator to None, run_after=None
[2026-07-20T07:01:30.438+0000] {processor.py:183} INFO - Processing /workspaces/recomart-recommendation-pipeline/airflow_venv/lib/python3.12/site-packages/airflow/example_dags/example_python_decorator.py took 0.060 seconds
