[2026-07-20T05:59:25.497+0000] {processor.py:161} INFO - Started process (PID=58342) to work on /workspaces/recomart-recommendation-pipeline/airflow_venv/lib/python3.12/site-packages/airflow/example_dags/example_external_task_marker_dag.py
[2026-07-20T05:59:25.498+0000] {processor.py:830} INFO - Processing file /workspaces/recomart-recommendation-pipeline/airflow_venv/lib/python3.12/site-packages/airflow/example_dags/example_external_task_marker_dag.py for tasks to queue
[2026-07-20T05:59:25.500+0000] {logging_mixin.py:188} INFO - [2026-07-20T05:59:25.499+0000] {dagbag.py:545} INFO - Filling up the DagBag from /workspaces/recomart-recommendation-pipeline/airflow_venv/lib/python3.12/site-packages/airflow/example_dags/example_external_task_marker_dag.py
[2026-07-20T05:59:25.506+0000] {processor.py:840} INFO - DAG(s) 'example_external_task_marker_parent', 'example_external_task_marker_child' retrieved from /workspaces/recomart-recommendation-pipeline/airflow_venv/lib/python3.12/site-packages/airflow/example_dags/example_external_task_marker_dag.py
[2026-07-20T05:59:25.611+0000] {logging_mixin.py:188} INFO - [2026-07-20T05:59:25.610+0000] {override.py:1858} INFO - Created Permission View: can read on DAG:example_external_task_marker_parent
[2026-07-20T05:59:25.620+0000] {logging_mixin.py:188} INFO - [2026-07-20T05:59:25.619+0000] {override.py:1858} INFO - Created Permission View: can edit on DAG:example_external_task_marker_parent
[2026-07-20T05:59:25.625+0000] {logging_mixin.py:188} INFO - [2026-07-20T05:59:25.625+0000] {override.py:1858} INFO - Created Permission View: can delete on DAG:example_external_task_marker_parent
[2026-07-20T05:59:25.662+0000] {logging_mixin.py:188} INFO - [2026-07-20T05:59:25.661+0000] {override.py:1858} INFO - Created Permission View: can read on DAG:example_external_task_marker_child
[2026-07-20T05:59:25.674+0000] {logging_mixin.py:188} INFO - [2026-07-20T05:59:25.673+0000] {override.py:1858} INFO - Created Permission View: can edit on DAG:example_external_task_marker_child
[2026-07-20T05:59:25.682+0000] {logging_mixin.py:188} INFO - [2026-07-20T05:59:25.682+0000] {override.py:1858} INFO - Created Permission View: can delete on DAG:example_external_task_marker_child
[2026-07-20T05:59:25.683+0000] {logging_mixin.py:188} INFO - [2026-07-20T05:59:25.683+0000] {dag.py:3089} INFO - Sync 2 DAGs
[2026-07-20T05:59:25.701+0000] {logging_mixin.py:188} INFO - [2026-07-20T05:59:25.701+0000] {dag.py:3111} INFO - Creating ORM DAG for example_external_task_marker_parent
[2026-07-20T05:59:25.702+0000] {logging_mixin.py:188} INFO - [2026-07-20T05:59:25.702+0000] {dag.py:3111} INFO - Creating ORM DAG for example_external_task_marker_child
[2026-07-20T05:59:25.702+0000] {logging_mixin.py:188} INFO - [2026-07-20T05:59:25.702+0000] {dag.py:3947} INFO - Setting next_dagrun for example_external_task_marker_child to None, run_after=None
[2026-07-20T05:59:25.703+0000] {logging_mixin.py:188} INFO - [2026-07-20T05:59:25.703+0000] {dag.py:3947} INFO - Setting next_dagrun for example_external_task_marker_parent to None, run_after=None
[2026-07-20T05:59:25.755+0000] {processor.py:183} INFO - Processing /workspaces/recomart-recommendation-pipeline/airflow_venv/lib/python3.12/site-packages/airflow/example_dags/example_external_task_marker_dag.py took 0.262 seconds
[2026-07-20T06:00:18.992+0000] {processor.py:161} INFO - Started process (PID=58788) to work on /workspaces/recomart-recommendation-pipeline/airflow_venv/lib/python3.12/site-packages/airflow/example_dags/example_external_task_marker_dag.py
[2026-07-20T06:00:18.992+0000] {processor.py:830} INFO - Processing file /workspaces/recomart-recommendation-pipeline/airflow_venv/lib/python3.12/site-packages/airflow/example_dags/example_external_task_marker_dag.py for tasks to queue
[2026-07-20T06:00:18.994+0000] {logging_mixin.py:188} INFO - [2026-07-20T06:00:18.993+0000] {dagbag.py:545} INFO - Filling up the DagBag from /workspaces/recomart-recommendation-pipeline/airflow_venv/lib/python3.12/site-packages/airflow/example_dags/example_external_task_marker_dag.py
[2026-07-20T06:00:18.999+0000] {processor.py:840} INFO - DAG(s) 'example_external_task_marker_child', 'example_external_task_marker_parent' retrieved from /workspaces/recomart-recommendation-pipeline/airflow_venv/lib/python3.12/site-packages/airflow/example_dags/example_external_task_marker_dag.py
[2026-07-20T06:00:19.017+0000] {logging_mixin.py:188} INFO - [2026-07-20T06:00:19.017+0000] {dag.py:3089} INFO - Sync 2 DAGs
[2026-07-20T06:00:19.027+0000] {logging_mixin.py:188} INFO - [2026-07-20T06:00:19.027+0000] {dag.py:3947} INFO - Setting next_dagrun for example_external_task_marker_child to None, run_after=None
[2026-07-20T06:00:19.030+0000] {logging_mixin.py:188} INFO - [2026-07-20T06:00:19.030+0000] {dag.py:3947} INFO - Setting next_dagrun for example_external_task_marker_parent to None, run_after=None
[2026-07-20T06:00:19.045+0000] {processor.py:183} INFO - Processing /workspaces/recomart-recommendation-pipeline/airflow_venv/lib/python3.12/site-packages/airflow/example_dags/example_external_task_marker_dag.py took 0.058 seconds
[2026-07-20T06:01:10.131+0000] {processor.py:161} INFO - Started process (PID=59338) to work on /workspaces/recomart-recommendation-pipeline/airflow_venv/lib/python3.12/site-packages/airflow/example_dags/example_external_task_marker_dag.py
[2026-07-20T06:01:10.136+0000] {processor.py:830} INFO - Processing file /workspaces/recomart-recommendation-pipeline/airflow_venv/lib/python3.12/site-packages/airflow/example_dags/example_external_task_marker_dag.py for tasks to queue
[2026-07-20T06:01:10.143+0000] {logging_mixin.py:188} INFO - [2026-07-20T06:01:10.142+0000] {dagbag.py:545} INFO - Filling up the DagBag from /workspaces/recomart-recommendation-pipeline/airflow_venv/lib/python3.12/site-packages/airflow/example_dags/example_external_task_marker_dag.py
[2026-07-20T06:01:10.153+0000] {processor.py:840} INFO - DAG(s) 'example_external_task_marker_child', 'example_external_task_marker_parent' retrieved from /workspaces/recomart-recommendation-pipeline/airflow_venv/lib/python3.12/site-packages/airflow/example_dags/example_external_task_marker_dag.py
[2026-07-20T06:01:10.178+0000] {logging_mixin.py:188} INFO - [2026-07-20T06:01:10.176+0000] {dag.py:3089} INFO - Sync 2 DAGs
[2026-07-20T06:01:10.198+0000] {logging_mixin.py:188} INFO - [2026-07-20T06:01:10.198+0000] {dag.py:3947} INFO - Setting next_dagrun for example_external_task_marker_child to None, run_after=None
[2026-07-20T06:01:10.201+0000] {logging_mixin.py:188} INFO - [2026-07-20T06:01:10.201+0000] {dag.py:3947} INFO - Setting next_dagrun for example_external_task_marker_parent to None, run_after=None
[2026-07-20T06:01:10.216+0000] {processor.py:183} INFO - Processing /workspaces/recomart-recommendation-pipeline/airflow_venv/lib/python3.12/site-packages/airflow/example_dags/example_external_task_marker_dag.py took 0.094 seconds
[2026-07-20T06:02:13.418+0000] {processor.py:161} INFO - Started process (PID=60032) to work on /workspaces/recomart-recommendation-pipeline/airflow_venv/lib/python3.12/site-packages/airflow/example_dags/example_external_task_marker_dag.py
[2026-07-20T06:02:13.418+0000] {processor.py:830} INFO - Processing file /workspaces/recomart-recommendation-pipeline/airflow_venv/lib/python3.12/site-packages/airflow/example_dags/example_external_task_marker_dag.py for tasks to queue
[2026-07-20T06:02:13.420+0000] {logging_mixin.py:188} INFO - [2026-07-20T06:02:13.419+0000] {dagbag.py:545} INFO - Filling up the DagBag from /workspaces/recomart-recommendation-pipeline/airflow_venv/lib/python3.12/site-packages/airflow/example_dags/example_external_task_marker_dag.py
[2026-07-20T06:02:13.425+0000] {processor.py:840} INFO - DAG(s) 'example_external_task_marker_parent', 'example_external_task_marker_child' retrieved from /workspaces/recomart-recommendation-pipeline/airflow_venv/lib/python3.12/site-packages/airflow/example_dags/example_external_task_marker_dag.py
[2026-07-20T06:02:13.439+0000] {logging_mixin.py:188} INFO - [2026-07-20T06:02:13.438+0000] {dag.py:3089} INFO - Sync 2 DAGs
[2026-07-20T06:02:13.448+0000] {logging_mixin.py:188} INFO - [2026-07-20T06:02:13.448+0000] {dag.py:3947} INFO - Setting next_dagrun for example_external_task_marker_child to None, run_after=None
[2026-07-20T06:02:13.451+0000] {logging_mixin.py:188} INFO - [2026-07-20T06:02:13.451+0000] {dag.py:3947} INFO - Setting next_dagrun for example_external_task_marker_parent to None, run_after=None
[2026-07-20T06:02:13.466+0000] {processor.py:183} INFO - Processing /workspaces/recomart-recommendation-pipeline/airflow_venv/lib/python3.12/site-packages/airflow/example_dags/example_external_task_marker_dag.py took 0.053 seconds
[2026-07-20T06:03:18.140+0000] {processor.py:161} INFO - Started process (PID=60549) to work on /workspaces/recomart-recommendation-pipeline/airflow_venv/lib/python3.12/site-packages/airflow/example_dags/example_external_task_marker_dag.py
[2026-07-20T06:03:18.140+0000] {processor.py:830} INFO - Processing file /workspaces/recomart-recommendation-pipeline/airflow_venv/lib/python3.12/site-packages/airflow/example_dags/example_external_task_marker_dag.py for tasks to queue
[2026-07-20T06:03:18.142+0000] {logging_mixin.py:188} INFO - [2026-07-20T06:03:18.141+0000] {dagbag.py:545} INFO - Filling up the DagBag from /workspaces/recomart-recommendation-pipeline/airflow_venv/lib/python3.12/site-packages/airflow/example_dags/example_external_task_marker_dag.py
[2026-07-20T06:03:18.146+0000] {processor.py:840} INFO - DAG(s) 'example_external_task_marker_child', 'example_external_task_marker_parent' retrieved from /workspaces/recomart-recommendation-pipeline/airflow_venv/lib/python3.12/site-packages/airflow/example_dags/example_external_task_marker_dag.py
[2026-07-20T06:03:18.160+0000] {logging_mixin.py:188} INFO - [2026-07-20T06:03:18.159+0000] {dag.py:3089} INFO - Sync 2 DAGs
[2026-07-20T06:03:18.169+0000] {logging_mixin.py:188} INFO - [2026-07-20T06:03:18.168+0000] {dag.py:3947} INFO - Setting next_dagrun for example_external_task_marker_child to None, run_after=None
[2026-07-20T06:03:18.172+0000] {logging_mixin.py:188} INFO - [2026-07-20T06:03:18.172+0000] {dag.py:3947} INFO - Setting next_dagrun for example_external_task_marker_parent to None, run_after=None
[2026-07-20T06:03:18.189+0000] {processor.py:183} INFO - Processing /workspaces/recomart-recommendation-pipeline/airflow_venv/lib/python3.12/site-packages/airflow/example_dags/example_external_task_marker_dag.py took 0.054 seconds
[2026-07-20T06:04:21.980+0000] {processor.py:161} INFO - Started process (PID=61142) to work on /workspaces/recomart-recommendation-pipeline/airflow_venv/lib/python3.12/site-packages/airflow/example_dags/example_external_task_marker_dag.py
[2026-07-20T06:04:21.981+0000] {processor.py:830} INFO - Processing file /workspaces/recomart-recommendation-pipeline/airflow_venv/lib/python3.12/site-packages/airflow/example_dags/example_external_task_marker_dag.py for tasks to queue
[2026-07-20T06:04:21.982+0000] {logging_mixin.py:188} INFO - [2026-07-20T06:04:21.982+0000] {dagbag.py:545} INFO - Filling up the DagBag from /workspaces/recomart-recommendation-pipeline/airflow_venv/lib/python3.12/site-packages/airflow/example_dags/example_external_task_marker_dag.py
[2026-07-20T06:04:21.990+0000] {processor.py:840} INFO - DAG(s) 'example_external_task_marker_child', 'example_external_task_marker_parent' retrieved from /workspaces/recomart-recommendation-pipeline/airflow_venv/lib/python3.12/site-packages/airflow/example_dags/example_external_task_marker_dag.py
[2026-07-20T06:04:22.015+0000] {logging_mixin.py:188} INFO - [2026-07-20T06:04:22.015+0000] {dag.py:3089} INFO - Sync 2 DAGs
[2026-07-20T06:04:22.175+0000] {logging_mixin.py:188} INFO - [2026-07-20T06:04:22.174+0000] {dag.py:3947} INFO - Setting next_dagrun for example_external_task_marker_child to None, run_after=None
[2026-07-20T06:04:22.179+0000] {logging_mixin.py:188} INFO - [2026-07-20T06:04:22.178+0000] {dag.py:3947} INFO - Setting next_dagrun for example_external_task_marker_parent to None, run_after=None
[2026-07-20T06:04:22.195+0000] {processor.py:183} INFO - Processing /workspaces/recomart-recommendation-pipeline/airflow_venv/lib/python3.12/site-packages/airflow/example_dags/example_external_task_marker_dag.py took 0.223 seconds
[2026-07-20T06:05:28.308+0000] {processor.py:161} INFO - Started process (PID=61679) to work on /workspaces/recomart-recommendation-pipeline/airflow_venv/lib/python3.12/site-packages/airflow/example_dags/example_external_task_marker_dag.py
[2026-07-20T06:05:28.309+0000] {processor.py:830} INFO - Processing file /workspaces/recomart-recommendation-pipeline/airflow_venv/lib/python3.12/site-packages/airflow/example_dags/example_external_task_marker_dag.py for tasks to queue
[2026-07-20T06:05:28.310+0000] {logging_mixin.py:188} INFO - [2026-07-20T06:05:28.310+0000] {dagbag.py:545} INFO - Filling up the DagBag from /workspaces/recomart-recommendation-pipeline/airflow_venv/lib/python3.12/site-packages/airflow/example_dags/example_external_task_marker_dag.py
[2026-07-20T06:05:28.315+0000] {processor.py:840} INFO - DAG(s) 'example_external_task_marker_parent', 'example_external_task_marker_child' retrieved from /workspaces/recomart-recommendation-pipeline/airflow_venv/lib/python3.12/site-packages/airflow/example_dags/example_external_task_marker_dag.py
[2026-07-20T06:05:28.329+0000] {logging_mixin.py:188} INFO - [2026-07-20T06:05:28.329+0000] {dag.py:3089} INFO - Sync 2 DAGs
[2026-07-20T06:05:28.339+0000] {logging_mixin.py:188} INFO - [2026-07-20T06:05:28.339+0000] {dag.py:3947} INFO - Setting next_dagrun for example_external_task_marker_child to None, run_after=None
[2026-07-20T06:05:28.341+0000] {logging_mixin.py:188} INFO - [2026-07-20T06:05:28.341+0000] {dag.py:3947} INFO - Setting next_dagrun for example_external_task_marker_parent to None, run_after=None
[2026-07-20T06:05:28.452+0000] {processor.py:183} INFO - Processing /workspaces/recomart-recommendation-pipeline/airflow_venv/lib/python3.12/site-packages/airflow/example_dags/example_external_task_marker_dag.py took 0.149 seconds
[2026-07-20T06:06:38.622+0000] {processor.py:161} INFO - Started process (PID=62305) to work on /workspaces/recomart-recommendation-pipeline/airflow_venv/lib/python3.12/site-packages/airflow/example_dags/example_external_task_marker_dag.py
[2026-07-20T06:06:38.623+0000] {processor.py:830} INFO - Processing file /workspaces/recomart-recommendation-pipeline/airflow_venv/lib/python3.12/site-packages/airflow/example_dags/example_external_task_marker_dag.py for tasks to queue
[2026-07-20T06:06:38.624+0000] {logging_mixin.py:188} INFO - [2026-07-20T06:06:38.624+0000] {dagbag.py:545} INFO - Filling up the DagBag from /workspaces/recomart-recommendation-pipeline/airflow_venv/lib/python3.12/site-packages/airflow/example_dags/example_external_task_marker_dag.py
[2026-07-20T06:06:38.629+0000] {processor.py:840} INFO - DAG(s) 'example_external_task_marker_parent', 'example_external_task_marker_child' retrieved from /workspaces/recomart-recommendation-pipeline/airflow_venv/lib/python3.12/site-packages/airflow/example_dags/example_external_task_marker_dag.py
[2026-07-20T06:06:38.643+0000] {logging_mixin.py:188} INFO - [2026-07-20T06:06:38.643+0000] {dag.py:3089} INFO - Sync 2 DAGs
[2026-07-20T06:06:38.752+0000] {logging_mixin.py:188} INFO - [2026-07-20T06:06:38.751+0000] {dag.py:3947} INFO - Setting next_dagrun for example_external_task_marker_child to None, run_after=None
[2026-07-20T06:06:38.755+0000] {logging_mixin.py:188} INFO - [2026-07-20T06:06:38.755+0000] {dag.py:3947} INFO - Setting next_dagrun for example_external_task_marker_parent to None, run_after=None
[2026-07-20T06:06:38.770+0000] {processor.py:183} INFO - Processing /workspaces/recomart-recommendation-pipeline/airflow_venv/lib/python3.12/site-packages/airflow/example_dags/example_external_task_marker_dag.py took 0.152 seconds
[2026-07-20T06:07:31.056+0000] {processor.py:161} INFO - Started process (PID=62680) to work on /workspaces/recomart-recommendation-pipeline/airflow_venv/lib/python3.12/site-packages/airflow/example_dags/example_external_task_marker_dag.py
[2026-07-20T06:07:31.056+0000] {processor.py:830} INFO - Processing file /workspaces/recomart-recommendation-pipeline/airflow_venv/lib/python3.12/site-packages/airflow/example_dags/example_external_task_marker_dag.py for tasks to queue
[2026-07-20T06:07:31.058+0000] {logging_mixin.py:188} INFO - [2026-07-20T06:07:31.057+0000] {dagbag.py:545} INFO - Filling up the DagBag from /workspaces/recomart-recommendation-pipeline/airflow_venv/lib/python3.12/site-packages/airflow/example_dags/example_external_task_marker_dag.py
[2026-07-20T06:07:31.063+0000] {processor.py:840} INFO - DAG(s) 'example_external_task_marker_parent', 'example_external_task_marker_child' retrieved from /workspaces/recomart-recommendation-pipeline/airflow_venv/lib/python3.12/site-packages/airflow/example_dags/example_external_task_marker_dag.py
[2026-07-20T06:07:31.080+0000] {logging_mixin.py:188} INFO - [2026-07-20T06:07:31.080+0000] {dag.py:3089} INFO - Sync 2 DAGs
[2026-07-20T06:07:31.091+0000] {logging_mixin.py:188} INFO - [2026-07-20T06:07:31.091+0000] {dag.py:3947} INFO - Setting next_dagrun for example_external_task_marker_child to None, run_after=None
[2026-07-20T06:07:31.094+0000] {logging_mixin.py:188} INFO - [2026-07-20T06:07:31.094+0000] {dag.py:3947} INFO - Setting next_dagrun for example_external_task_marker_parent to None, run_after=None
[2026-07-20T06:07:31.110+0000] {processor.py:183} INFO - Processing /workspaces/recomart-recommendation-pipeline/airflow_venv/lib/python3.12/site-packages/airflow/example_dags/example_external_task_marker_dag.py took 0.059 seconds
[2026-07-20T06:09:20.087+0000] {processor.py:161} INFO - Started process (PID=63777) to work on /workspaces/recomart-recommendation-pipeline/airflow_venv/lib/python3.12/site-packages/airflow/example_dags/example_external_task_marker_dag.py
[2026-07-20T06:09:20.091+0000] {processor.py:830} INFO - Processing file /workspaces/recomart-recommendation-pipeline/airflow_venv/lib/python3.12/site-packages/airflow/example_dags/example_external_task_marker_dag.py for tasks to queue
[2026-07-20T06:09:20.100+0000] {logging_mixin.py:188} INFO - [2026-07-20T06:09:20.096+0000] {dagbag.py:545} INFO - Filling up the DagBag from /workspaces/recomart-recommendation-pipeline/airflow_venv/lib/python3.12/site-packages/airflow/example_dags/example_external_task_marker_dag.py
[2026-07-20T06:09:20.123+0000] {processor.py:840} INFO - DAG(s) 'example_external_task_marker_child', 'example_external_task_marker_parent' retrieved from /workspaces/recomart-recommendation-pipeline/airflow_venv/lib/python3.12/site-packages/airflow/example_dags/example_external_task_marker_dag.py
[2026-07-20T06:09:20.281+0000] {logging_mixin.py:188} INFO - [2026-07-20T06:09:20.280+0000] {dag.py:3089} INFO - Sync 2 DAGs
[2026-07-20T06:09:20.292+0000] {logging_mixin.py:188} INFO - [2026-07-20T06:09:20.292+0000] {dag.py:3947} INFO - Setting next_dagrun for example_external_task_marker_child to None, run_after=None
[2026-07-20T06:09:20.295+0000] {logging_mixin.py:188} INFO - [2026-07-20T06:09:20.295+0000] {dag.py:3947} INFO - Setting next_dagrun for example_external_task_marker_parent to None, run_after=None
[2026-07-20T06:09:20.318+0000] {processor.py:183} INFO - Processing /workspaces/recomart-recommendation-pipeline/airflow_venv/lib/python3.12/site-packages/airflow/example_dags/example_external_task_marker_dag.py took 0.240 seconds
[2026-07-20T06:10:15.847+0000] {processor.py:161} INFO - Started process (PID=64229) to work on /workspaces/recomart-recommendation-pipeline/airflow_venv/lib/python3.12/site-packages/airflow/example_dags/example_external_task_marker_dag.py
[2026-07-20T06:10:15.847+0000] {processor.py:830} INFO - Processing file /workspaces/recomart-recommendation-pipeline/airflow_venv/lib/python3.12/site-packages/airflow/example_dags/example_external_task_marker_dag.py for tasks to queue
[2026-07-20T06:10:15.849+0000] {logging_mixin.py:188} INFO - [2026-07-20T06:10:15.848+0000] {dagbag.py:545} INFO - Filling up the DagBag from /workspaces/recomart-recommendation-pipeline/airflow_venv/lib/python3.12/site-packages/airflow/example_dags/example_external_task_marker_dag.py
[2026-07-20T06:10:15.853+0000] {processor.py:840} INFO - DAG(s) 'example_external_task_marker_child', 'example_external_task_marker_parent' retrieved from /workspaces/recomart-recommendation-pipeline/airflow_venv/lib/python3.12/site-packages/airflow/example_dags/example_external_task_marker_dag.py
[2026-07-20T06:10:15.867+0000] {logging_mixin.py:188} INFO - [2026-07-20T06:10:15.867+0000] {dag.py:3089} INFO - Sync 2 DAGs
[2026-07-20T06:10:15.879+0000] {logging_mixin.py:188} INFO - [2026-07-20T06:10:15.878+0000] {dag.py:3947} INFO - Setting next_dagrun for example_external_task_marker_child to None, run_after=None
[2026-07-20T06:10:15.882+0000] {logging_mixin.py:188} INFO - [2026-07-20T06:10:15.882+0000] {dag.py:3947} INFO - Setting next_dagrun for example_external_task_marker_parent to None, run_after=None
[2026-07-20T06:10:15.898+0000] {processor.py:183} INFO - Processing /workspaces/recomart-recommendation-pipeline/airflow_venv/lib/python3.12/site-packages/airflow/example_dags/example_external_task_marker_dag.py took 0.056 seconds
[2026-07-20T06:11:07.721+0000] {processor.py:161} INFO - Started process (PID=64714) to work on /workspaces/recomart-recommendation-pipeline/airflow_venv/lib/python3.12/site-packages/airflow/example_dags/example_external_task_marker_dag.py
[2026-07-20T06:11:07.722+0000] {processor.py:830} INFO - Processing file /workspaces/recomart-recommendation-pipeline/airflow_venv/lib/python3.12/site-packages/airflow/example_dags/example_external_task_marker_dag.py for tasks to queue
[2026-07-20T06:11:07.724+0000] {logging_mixin.py:188} INFO - [2026-07-20T06:11:07.723+0000] {dagbag.py:545} INFO - Filling up the DagBag from /workspaces/recomart-recommendation-pipeline/airflow_venv/lib/python3.12/site-packages/airflow/example_dags/example_external_task_marker_dag.py
[2026-07-20T06:11:07.729+0000] {processor.py:840} INFO - DAG(s) 'example_external_task_marker_child', 'example_external_task_marker_parent' retrieved from /workspaces/recomart-recommendation-pipeline/airflow_venv/lib/python3.12/site-packages/airflow/example_dags/example_external_task_marker_dag.py
[2026-07-20T06:11:07.742+0000] {logging_mixin.py:188} INFO - [2026-07-20T06:11:07.742+0000] {dag.py:3089} INFO - Sync 2 DAGs
[2026-07-20T06:11:07.752+0000] {logging_mixin.py:188} INFO - [2026-07-20T06:11:07.752+0000] {dag.py:3947} INFO - Setting next_dagrun for example_external_task_marker_child to None, run_after=None
[2026-07-20T06:11:07.755+0000] {logging_mixin.py:188} INFO - [2026-07-20T06:11:07.755+0000] {dag.py:3947} INFO - Setting next_dagrun for example_external_task_marker_parent to None, run_after=None
[2026-07-20T06:11:07.773+0000] {processor.py:183} INFO - Processing /workspaces/recomart-recommendation-pipeline/airflow_venv/lib/python3.12/site-packages/airflow/example_dags/example_external_task_marker_dag.py took 0.058 seconds
[2026-07-20T06:12:10.535+0000] {processor.py:161} INFO - Started process (PID=65353) to work on /workspaces/recomart-recommendation-pipeline/airflow_venv/lib/python3.12/site-packages/airflow/example_dags/example_external_task_marker_dag.py
[2026-07-20T06:12:10.535+0000] {processor.py:830} INFO - Processing file /workspaces/recomart-recommendation-pipeline/airflow_venv/lib/python3.12/site-packages/airflow/example_dags/example_external_task_marker_dag.py for tasks to queue
[2026-07-20T06:12:10.537+0000] {logging_mixin.py:188} INFO - [2026-07-20T06:12:10.536+0000] {dagbag.py:545} INFO - Filling up the DagBag from /workspaces/recomart-recommendation-pipeline/airflow_venv/lib/python3.12/site-packages/airflow/example_dags/example_external_task_marker_dag.py
[2026-07-20T06:12:10.541+0000] {processor.py:840} INFO - DAG(s) 'example_external_task_marker_parent', 'example_external_task_marker_child' retrieved from /workspaces/recomart-recommendation-pipeline/airflow_venv/lib/python3.12/site-packages/airflow/example_dags/example_external_task_marker_dag.py
[2026-07-20T06:12:10.555+0000] {logging_mixin.py:188} INFO - [2026-07-20T06:12:10.555+0000] {dag.py:3089} INFO - Sync 2 DAGs
[2026-07-20T06:12:10.564+0000] {logging_mixin.py:188} INFO - [2026-07-20T06:12:10.564+0000] {dag.py:3947} INFO - Setting next_dagrun for example_external_task_marker_child to None, run_after=None
[2026-07-20T06:12:10.566+0000] {logging_mixin.py:188} INFO - [2026-07-20T06:12:10.566+0000] {dag.py:3947} INFO - Setting next_dagrun for example_external_task_marker_parent to None, run_after=None
[2026-07-20T06:12:10.586+0000] {processor.py:183} INFO - Processing /workspaces/recomart-recommendation-pipeline/airflow_venv/lib/python3.12/site-packages/airflow/example_dags/example_external_task_marker_dag.py took 0.056 seconds
[2026-07-20T06:13:13.262+0000] {processor.py:161} INFO - Started process (PID=65857) to work on /workspaces/recomart-recommendation-pipeline/airflow_venv/lib/python3.12/site-packages/airflow/example_dags/example_external_task_marker_dag.py
[2026-07-20T06:13:13.263+0000] {processor.py:830} INFO - Processing file /workspaces/recomart-recommendation-pipeline/airflow_venv/lib/python3.12/site-packages/airflow/example_dags/example_external_task_marker_dag.py for tasks to queue
[2026-07-20T06:13:13.264+0000] {logging_mixin.py:188} INFO - [2026-07-20T06:13:13.264+0000] {dagbag.py:545} INFO - Filling up the DagBag from /workspaces/recomart-recommendation-pipeline/airflow_venv/lib/python3.12/site-packages/airflow/example_dags/example_external_task_marker_dag.py
[2026-07-20T06:13:13.271+0000] {processor.py:840} INFO - DAG(s) 'example_external_task_marker_child', 'example_external_task_marker_parent' retrieved from /workspaces/recomart-recommendation-pipeline/airflow_venv/lib/python3.12/site-packages/airflow/example_dags/example_external_task_marker_dag.py
[2026-07-20T06:13:13.291+0000] {logging_mixin.py:188} INFO - [2026-07-20T06:13:13.290+0000] {dag.py:3089} INFO - Sync 2 DAGs
[2026-07-20T06:13:13.304+0000] {logging_mixin.py:188} INFO - [2026-07-20T06:13:13.304+0000] {dag.py:3947} INFO - Setting next_dagrun for example_external_task_marker_child to None, run_after=None
[2026-07-20T06:13:13.307+0000] {logging_mixin.py:188} INFO - [2026-07-20T06:13:13.307+0000] {dag.py:3947} INFO - Setting next_dagrun for example_external_task_marker_parent to None, run_after=None
[2026-07-20T06:13:13.348+0000] {processor.py:183} INFO - Processing /workspaces/recomart-recommendation-pipeline/airflow_venv/lib/python3.12/site-packages/airflow/example_dags/example_external_task_marker_dag.py took 0.093 seconds
[2026-07-20T06:14:23.154+0000] {processor.py:161} INFO - Started process (PID=66720) to work on /workspaces/recomart-recommendation-pipeline/airflow_venv/lib/python3.12/site-packages/airflow/example_dags/example_external_task_marker_dag.py
[2026-07-20T06:14:23.155+0000] {processor.py:830} INFO - Processing file /workspaces/recomart-recommendation-pipeline/airflow_venv/lib/python3.12/site-packages/airflow/example_dags/example_external_task_marker_dag.py for tasks to queue
[2026-07-20T06:14:23.157+0000] {logging_mixin.py:188} INFO - [2026-07-20T06:14:23.156+0000] {dagbag.py:545} INFO - Filling up the DagBag from /workspaces/recomart-recommendation-pipeline/airflow_venv/lib/python3.12/site-packages/airflow/example_dags/example_external_task_marker_dag.py
[2026-07-20T06:14:23.165+0000] {processor.py:840} INFO - DAG(s) 'example_external_task_marker_child', 'example_external_task_marker_parent' retrieved from /workspaces/recomart-recommendation-pipeline/airflow_venv/lib/python3.12/site-packages/airflow/example_dags/example_external_task_marker_dag.py
[2026-07-20T06:14:23.187+0000] {logging_mixin.py:188} INFO - [2026-07-20T06:14:23.187+0000] {dag.py:3089} INFO - Sync 2 DAGs
[2026-07-20T06:14:23.201+0000] {logging_mixin.py:188} INFO - [2026-07-20T06:14:23.200+0000] {dag.py:3947} INFO - Setting next_dagrun for example_external_task_marker_child to None, run_after=None
[2026-07-20T06:14:23.205+0000] {logging_mixin.py:188} INFO - [2026-07-20T06:14:23.204+0000] {dag.py:3947} INFO - Setting next_dagrun for example_external_task_marker_parent to None, run_after=None
[2026-07-20T06:14:23.231+0000] {processor.py:183} INFO - Processing /workspaces/recomart-recommendation-pipeline/airflow_venv/lib/python3.12/site-packages/airflow/example_dags/example_external_task_marker_dag.py took 0.084 seconds
[2026-07-20T06:15:30.301+0000] {processor.py:161} INFO - Started process (PID=67330) to work on /workspaces/recomart-recommendation-pipeline/airflow_venv/lib/python3.12/site-packages/airflow/example_dags/example_external_task_marker_dag.py
[2026-07-20T06:15:30.301+0000] {processor.py:830} INFO - Processing file /workspaces/recomart-recommendation-pipeline/airflow_venv/lib/python3.12/site-packages/airflow/example_dags/example_external_task_marker_dag.py for tasks to queue
[2026-07-20T06:15:30.303+0000] {logging_mixin.py:188} INFO - [2026-07-20T06:15:30.302+0000] {dagbag.py:545} INFO - Filling up the DagBag from /workspaces/recomart-recommendation-pipeline/airflow_venv/lib/python3.12/site-packages/airflow/example_dags/example_external_task_marker_dag.py
[2026-07-20T06:15:30.307+0000] {processor.py:840} INFO - DAG(s) 'example_external_task_marker_child', 'example_external_task_marker_parent' retrieved from /workspaces/recomart-recommendation-pipeline/airflow_venv/lib/python3.12/site-packages/airflow/example_dags/example_external_task_marker_dag.py
[2026-07-20T06:15:30.321+0000] {logging_mixin.py:188} INFO - [2026-07-20T06:15:30.321+0000] {dag.py:3089} INFO - Sync 2 DAGs
[2026-07-20T06:15:30.426+0000] {logging_mixin.py:188} INFO - [2026-07-20T06:15:30.426+0000] {dag.py:3947} INFO - Setting next_dagrun for example_external_task_marker_child to None, run_after=None
[2026-07-20T06:15:30.429+0000] {logging_mixin.py:188} INFO - [2026-07-20T06:15:30.429+0000] {dag.py:3947} INFO - Setting next_dagrun for example_external_task_marker_parent to None, run_after=None
[2026-07-20T06:15:30.443+0000] {processor.py:183} INFO - Processing /workspaces/recomart-recommendation-pipeline/airflow_venv/lib/python3.12/site-packages/airflow/example_dags/example_external_task_marker_dag.py took 0.147 seconds
[2026-07-20T06:31:22.489+0000] {processor.py:161} INFO - Started process (PID=73828) to work on /workspaces/recomart-recommendation-pipeline/airflow_venv/lib/python3.12/site-packages/airflow/example_dags/example_external_task_marker_dag.py
[2026-07-20T06:31:22.490+0000] {processor.py:830} INFO - Processing file /workspaces/recomart-recommendation-pipeline/airflow_venv/lib/python3.12/site-packages/airflow/example_dags/example_external_task_marker_dag.py for tasks to queue
[2026-07-20T06:31:22.491+0000] {logging_mixin.py:188} INFO - [2026-07-20T06:31:22.491+0000] {dagbag.py:545} INFO - Filling up the DagBag from /workspaces/recomart-recommendation-pipeline/airflow_venv/lib/python3.12/site-packages/airflow/example_dags/example_external_task_marker_dag.py
[2026-07-20T06:31:22.496+0000] {processor.py:840} INFO - DAG(s) 'example_external_task_marker_child', 'example_external_task_marker_parent' retrieved from /workspaces/recomart-recommendation-pipeline/airflow_venv/lib/python3.12/site-packages/airflow/example_dags/example_external_task_marker_dag.py
[2026-07-20T06:31:22.593+0000] {logging_mixin.py:188} INFO - [2026-07-20T06:31:22.593+0000] {dag.py:3089} INFO - Sync 2 DAGs
[2026-07-20T06:31:22.603+0000] {logging_mixin.py:188} INFO - [2026-07-20T06:31:22.603+0000] {dag.py:3947} INFO - Setting next_dagrun for example_external_task_marker_child to None, run_after=None
[2026-07-20T06:31:22.605+0000] {logging_mixin.py:188} INFO - [2026-07-20T06:31:22.605+0000] {dag.py:3947} INFO - Setting next_dagrun for example_external_task_marker_parent to None, run_after=None
[2026-07-20T06:31:22.621+0000] {processor.py:183} INFO - Processing /workspaces/recomart-recommendation-pipeline/airflow_venv/lib/python3.12/site-packages/airflow/example_dags/example_external_task_marker_dag.py took 0.137 seconds
[2026-07-20T06:32:17.198+0000] {processor.py:161} INFO - Started process (PID=74536) to work on /workspaces/recomart-recommendation-pipeline/airflow_venv/lib/python3.12/site-packages/airflow/example_dags/example_external_task_marker_dag.py
[2026-07-20T06:32:17.199+0000] {processor.py:830} INFO - Processing file /workspaces/recomart-recommendation-pipeline/airflow_venv/lib/python3.12/site-packages/airflow/example_dags/example_external_task_marker_dag.py for tasks to queue
[2026-07-20T06:32:17.201+0000] {logging_mixin.py:188} INFO - [2026-07-20T06:32:17.201+0000] {dagbag.py:545} INFO - Filling up the DagBag from /workspaces/recomart-recommendation-pipeline/airflow_venv/lib/python3.12/site-packages/airflow/example_dags/example_external_task_marker_dag.py
[2026-07-20T06:32:17.210+0000] {processor.py:840} INFO - DAG(s) 'example_external_task_marker_child', 'example_external_task_marker_parent' retrieved from /workspaces/recomart-recommendation-pipeline/airflow_venv/lib/python3.12/site-packages/airflow/example_dags/example_external_task_marker_dag.py
[2026-07-20T06:32:17.231+0000] {logging_mixin.py:188} INFO - [2026-07-20T06:32:17.231+0000] {dag.py:3089} INFO - Sync 2 DAGs
[2026-07-20T06:32:17.255+0000] {logging_mixin.py:188} INFO - [2026-07-20T06:32:17.252+0000] {dag.py:3947} INFO - Setting next_dagrun for example_external_task_marker_child to None, run_after=None
[2026-07-20T06:32:17.264+0000] {logging_mixin.py:188} INFO - [2026-07-20T06:32:17.264+0000] {dag.py:3947} INFO - Setting next_dagrun for example_external_task_marker_parent to None, run_after=None
[2026-07-20T06:32:17.332+0000] {processor.py:183} INFO - Processing /workspaces/recomart-recommendation-pipeline/airflow_venv/lib/python3.12/site-packages/airflow/example_dags/example_external_task_marker_dag.py took 0.140 seconds
[2026-07-20T06:33:08.776+0000] {processor.py:161} INFO - Started process (PID=75011) to work on /workspaces/recomart-recommendation-pipeline/airflow_venv/lib/python3.12/site-packages/airflow/example_dags/example_external_task_marker_dag.py
[2026-07-20T06:33:08.777+0000] {processor.py:830} INFO - Processing file /workspaces/recomart-recommendation-pipeline/airflow_venv/lib/python3.12/site-packages/airflow/example_dags/example_external_task_marker_dag.py for tasks to queue
[2026-07-20T06:33:08.778+0000] {logging_mixin.py:188} INFO - [2026-07-20T06:33:08.778+0000] {dagbag.py:545} INFO - Filling up the DagBag from /workspaces/recomart-recommendation-pipeline/airflow_venv/lib/python3.12/site-packages/airflow/example_dags/example_external_task_marker_dag.py
[2026-07-20T06:33:08.785+0000] {processor.py:840} INFO - DAG(s) 'example_external_task_marker_parent', 'example_external_task_marker_child' retrieved from /workspaces/recomart-recommendation-pipeline/airflow_venv/lib/python3.12/site-packages/airflow/example_dags/example_external_task_marker_dag.py
[2026-07-20T06:33:08.799+0000] {logging_mixin.py:188} INFO - [2026-07-20T06:33:08.799+0000] {dag.py:3089} INFO - Sync 2 DAGs
[2026-07-20T06:33:08.808+0000] {logging_mixin.py:188} INFO - [2026-07-20T06:33:08.808+0000] {dag.py:3947} INFO - Setting next_dagrun for example_external_task_marker_child to None, run_after=None
[2026-07-20T06:33:08.811+0000] {logging_mixin.py:188} INFO - [2026-07-20T06:33:08.811+0000] {dag.py:3947} INFO - Setting next_dagrun for example_external_task_marker_parent to None, run_after=None
[2026-07-20T06:33:08.826+0000] {processor.py:183} INFO - Processing /workspaces/recomart-recommendation-pipeline/airflow_venv/lib/python3.12/site-packages/airflow/example_dags/example_external_task_marker_dag.py took 0.055 seconds
[2026-07-20T06:34:53.826+0000] {processor.py:161} INFO - Started process (PID=76717) to work on /workspaces/recomart-recommendation-pipeline/airflow_venv/lib/python3.12/site-packages/airflow/example_dags/example_external_task_marker_dag.py
[2026-07-20T06:34:53.827+0000] {processor.py:830} INFO - Processing file /workspaces/recomart-recommendation-pipeline/airflow_venv/lib/python3.12/site-packages/airflow/example_dags/example_external_task_marker_dag.py for tasks to queue
[2026-07-20T06:34:53.829+0000] {logging_mixin.py:188} INFO - [2026-07-20T06:34:53.828+0000] {dagbag.py:545} INFO - Filling up the DagBag from /workspaces/recomart-recommendation-pipeline/airflow_venv/lib/python3.12/site-packages/airflow/example_dags/example_external_task_marker_dag.py
[2026-07-20T06:34:53.833+0000] {processor.py:840} INFO - DAG(s) 'example_external_task_marker_parent', 'example_external_task_marker_child' retrieved from /workspaces/recomart-recommendation-pipeline/airflow_venv/lib/python3.12/site-packages/airflow/example_dags/example_external_task_marker_dag.py
[2026-07-20T06:34:53.848+0000] {logging_mixin.py:188} INFO - [2026-07-20T06:34:53.847+0000] {dag.py:3089} INFO - Sync 2 DAGs
[2026-07-20T06:34:53.857+0000] {logging_mixin.py:188} INFO - [2026-07-20T06:34:53.856+0000] {dag.py:3947} INFO - Setting next_dagrun for example_external_task_marker_child to None, run_after=None
[2026-07-20T06:34:53.859+0000] {logging_mixin.py:188} INFO - [2026-07-20T06:34:53.859+0000] {dag.py:3947} INFO - Setting next_dagrun for example_external_task_marker_parent to None, run_after=None
[2026-07-20T06:34:53.876+0000] {processor.py:183} INFO - Processing /workspaces/recomart-recommendation-pipeline/airflow_venv/lib/python3.12/site-packages/airflow/example_dags/example_external_task_marker_dag.py took 0.054 seconds
[2026-07-20T06:35:47.826+0000] {processor.py:161} INFO - Started process (PID=77765) to work on /workspaces/recomart-recommendation-pipeline/airflow_venv/lib/python3.12/site-packages/airflow/example_dags/example_external_task_marker_dag.py
[2026-07-20T06:35:47.827+0000] {processor.py:830} INFO - Processing file /workspaces/recomart-recommendation-pipeline/airflow_venv/lib/python3.12/site-packages/airflow/example_dags/example_external_task_marker_dag.py for tasks to queue
[2026-07-20T06:35:47.829+0000] {logging_mixin.py:188} INFO - [2026-07-20T06:35:47.829+0000] {dagbag.py:545} INFO - Filling up the DagBag from /workspaces/recomart-recommendation-pipeline/airflow_venv/lib/python3.12/site-packages/airflow/example_dags/example_external_task_marker_dag.py
[2026-07-20T06:35:47.836+0000] {processor.py:840} INFO - DAG(s) 'example_external_task_marker_child', 'example_external_task_marker_parent' retrieved from /workspaces/recomart-recommendation-pipeline/airflow_venv/lib/python3.12/site-packages/airflow/example_dags/example_external_task_marker_dag.py
[2026-07-20T06:35:47.872+0000] {logging_mixin.py:188} INFO - [2026-07-20T06:35:47.872+0000] {dag.py:3089} INFO - Sync 2 DAGs
[2026-07-20T06:35:47.885+0000] {logging_mixin.py:188} INFO - [2026-07-20T06:35:47.884+0000] {dag.py:3947} INFO - Setting next_dagrun for example_external_task_marker_child to None, run_after=None
[2026-07-20T06:35:47.888+0000] {logging_mixin.py:188} INFO - [2026-07-20T06:35:47.888+0000] {dag.py:3947} INFO - Setting next_dagrun for example_external_task_marker_parent to None, run_after=None
[2026-07-20T06:35:47.903+0000] {processor.py:183} INFO - Processing /workspaces/recomart-recommendation-pipeline/airflow_venv/lib/python3.12/site-packages/airflow/example_dags/example_external_task_marker_dag.py took 0.087 seconds
[2026-07-20T06:36:41.860+0000] {processor.py:161} INFO - Started process (PID=78697) to work on /workspaces/recomart-recommendation-pipeline/airflow_venv/lib/python3.12/site-packages/airflow/example_dags/example_external_task_marker_dag.py
[2026-07-20T06:36:41.861+0000] {processor.py:830} INFO - Processing file /workspaces/recomart-recommendation-pipeline/airflow_venv/lib/python3.12/site-packages/airflow/example_dags/example_external_task_marker_dag.py for tasks to queue
[2026-07-20T06:36:41.862+0000] {logging_mixin.py:188} INFO - [2026-07-20T06:36:41.862+0000] {dagbag.py:545} INFO - Filling up the DagBag from /workspaces/recomart-recommendation-pipeline/airflow_venv/lib/python3.12/site-packages/airflow/example_dags/example_external_task_marker_dag.py
[2026-07-20T06:36:41.867+0000] {processor.py:840} INFO - DAG(s) 'example_external_task_marker_child', 'example_external_task_marker_parent' retrieved from /workspaces/recomart-recommendation-pipeline/airflow_venv/lib/python3.12/site-packages/airflow/example_dags/example_external_task_marker_dag.py
[2026-07-20T06:36:41.880+0000] {logging_mixin.py:188} INFO - [2026-07-20T06:36:41.879+0000] {dag.py:3089} INFO - Sync 2 DAGs
[2026-07-20T06:36:41.888+0000] {logging_mixin.py:188} INFO - [2026-07-20T06:36:41.888+0000] {dag.py:3947} INFO - Setting next_dagrun for example_external_task_marker_child to None, run_after=None
[2026-07-20T06:36:41.891+0000] {logging_mixin.py:188} INFO - [2026-07-20T06:36:41.891+0000] {dag.py:3947} INFO - Setting next_dagrun for example_external_task_marker_parent to None, run_after=None
[2026-07-20T06:36:41.905+0000] {processor.py:183} INFO - Processing /workspaces/recomart-recommendation-pipeline/airflow_venv/lib/python3.12/site-packages/airflow/example_dags/example_external_task_marker_dag.py took 0.050 seconds
[2026-07-20T06:37:49.729+0000] {processor.py:161} INFO - Started process (PID=79261) to work on /workspaces/recomart-recommendation-pipeline/airflow_venv/lib/python3.12/site-packages/airflow/example_dags/example_external_task_marker_dag.py
[2026-07-20T06:37:49.730+0000] {processor.py:830} INFO - Processing file /workspaces/recomart-recommendation-pipeline/airflow_venv/lib/python3.12/site-packages/airflow/example_dags/example_external_task_marker_dag.py for tasks to queue
[2026-07-20T06:37:49.731+0000] {logging_mixin.py:188} INFO - [2026-07-20T06:37:49.731+0000] {dagbag.py:545} INFO - Filling up the DagBag from /workspaces/recomart-recommendation-pipeline/airflow_venv/lib/python3.12/site-packages/airflow/example_dags/example_external_task_marker_dag.py
[2026-07-20T06:37:49.735+0000] {processor.py:840} INFO - DAG(s) 'example_external_task_marker_child', 'example_external_task_marker_parent' retrieved from /workspaces/recomart-recommendation-pipeline/airflow_venv/lib/python3.12/site-packages/airflow/example_dags/example_external_task_marker_dag.py
[2026-07-20T06:37:49.750+0000] {logging_mixin.py:188} INFO - [2026-07-20T06:37:49.750+0000] {dag.py:3089} INFO - Sync 2 DAGs
[2026-07-20T06:37:49.760+0000] {logging_mixin.py:188} INFO - [2026-07-20T06:37:49.759+0000] {dag.py:3947} INFO - Setting next_dagrun for example_external_task_marker_child to None, run_after=None
[2026-07-20T06:37:49.762+0000] {logging_mixin.py:188} INFO - [2026-07-20T06:37:49.762+0000] {dag.py:3947} INFO - Setting next_dagrun for example_external_task_marker_parent to None, run_after=None
[2026-07-20T06:37:49.783+0000] {processor.py:183} INFO - Processing /workspaces/recomart-recommendation-pipeline/airflow_venv/lib/python3.12/site-packages/airflow/example_dags/example_external_task_marker_dag.py took 0.058 seconds
[2026-07-20T06:39:02.632+0000] {processor.py:161} INFO - Started process (PID=79849) to work on /workspaces/recomart-recommendation-pipeline/airflow_venv/lib/python3.12/site-packages/airflow/example_dags/example_external_task_marker_dag.py
[2026-07-20T06:39:02.632+0000] {processor.py:830} INFO - Processing file /workspaces/recomart-recommendation-pipeline/airflow_venv/lib/python3.12/site-packages/airflow/example_dags/example_external_task_marker_dag.py for tasks to queue
[2026-07-20T06:39:02.634+0000] {logging_mixin.py:188} INFO - [2026-07-20T06:39:02.633+0000] {dagbag.py:545} INFO - Filling up the DagBag from /workspaces/recomart-recommendation-pipeline/airflow_venv/lib/python3.12/site-packages/airflow/example_dags/example_external_task_marker_dag.py
[2026-07-20T06:39:02.638+0000] {processor.py:840} INFO - DAG(s) 'example_external_task_marker_parent', 'example_external_task_marker_child' retrieved from /workspaces/recomart-recommendation-pipeline/airflow_venv/lib/python3.12/site-packages/airflow/example_dags/example_external_task_marker_dag.py
[2026-07-20T06:39:02.652+0000] {logging_mixin.py:188} INFO - [2026-07-20T06:39:02.652+0000] {dag.py:3089} INFO - Sync 2 DAGs
[2026-07-20T06:39:02.661+0000] {logging_mixin.py:188} INFO - [2026-07-20T06:39:02.660+0000] {dag.py:3947} INFO - Setting next_dagrun for example_external_task_marker_child to None, run_after=None
[2026-07-20T06:39:02.663+0000] {logging_mixin.py:188} INFO - [2026-07-20T06:39:02.663+0000] {dag.py:3947} INFO - Setting next_dagrun for example_external_task_marker_parent to None, run_after=None
[2026-07-20T06:39:02.680+0000] {processor.py:183} INFO - Processing /workspaces/recomart-recommendation-pipeline/airflow_venv/lib/python3.12/site-packages/airflow/example_dags/example_external_task_marker_dag.py took 0.053 seconds
[2026-07-20T06:40:15.819+0000] {processor.py:161} INFO - Started process (PID=80433) to work on /workspaces/recomart-recommendation-pipeline/airflow_venv/lib/python3.12/site-packages/airflow/example_dags/example_external_task_marker_dag.py
[2026-07-20T06:40:15.820+0000] {processor.py:830} INFO - Processing file /workspaces/recomart-recommendation-pipeline/airflow_venv/lib/python3.12/site-packages/airflow/example_dags/example_external_task_marker_dag.py for tasks to queue
[2026-07-20T06:40:15.821+0000] {logging_mixin.py:188} INFO - [2026-07-20T06:40:15.821+0000] {dagbag.py:545} INFO - Filling up the DagBag from /workspaces/recomart-recommendation-pipeline/airflow_venv/lib/python3.12/site-packages/airflow/example_dags/example_external_task_marker_dag.py
[2026-07-20T06:40:15.929+0000] {processor.py:840} INFO - DAG(s) 'example_external_task_marker_child', 'example_external_task_marker_parent' retrieved from /workspaces/recomart-recommendation-pipeline/airflow_venv/lib/python3.12/site-packages/airflow/example_dags/example_external_task_marker_dag.py
[2026-07-20T06:40:15.940+0000] {logging_mixin.py:188} INFO - [2026-07-20T06:40:15.940+0000] {dag.py:3089} INFO - Sync 2 DAGs
[2026-07-20T06:40:15.947+0000] {logging_mixin.py:188} INFO - [2026-07-20T06:40:15.947+0000] {dag.py:3947} INFO - Setting next_dagrun for example_external_task_marker_child to None, run_after=None
[2026-07-20T06:40:15.950+0000] {logging_mixin.py:188} INFO - [2026-07-20T06:40:15.950+0000] {dag.py:3947} INFO - Setting next_dagrun for example_external_task_marker_parent to None, run_after=None
[2026-07-20T06:40:15.963+0000] {processor.py:183} INFO - Processing /workspaces/recomart-recommendation-pipeline/airflow_venv/lib/python3.12/site-packages/airflow/example_dags/example_external_task_marker_dag.py took 0.150 seconds
[2026-07-20T06:41:05.869+0000] {processor.py:161} INFO - Started process (PID=80914) to work on /workspaces/recomart-recommendation-pipeline/airflow_venv/lib/python3.12/site-packages/airflow/example_dags/example_external_task_marker_dag.py
[2026-07-20T06:41:05.869+0000] {processor.py:830} INFO - Processing file /workspaces/recomart-recommendation-pipeline/airflow_venv/lib/python3.12/site-packages/airflow/example_dags/example_external_task_marker_dag.py for tasks to queue
[2026-07-20T06:41:05.871+0000] {logging_mixin.py:188} INFO - [2026-07-20T06:41:05.871+0000] {dagbag.py:545} INFO - Filling up the DagBag from /workspaces/recomart-recommendation-pipeline/airflow_venv/lib/python3.12/site-packages/airflow/example_dags/example_external_task_marker_dag.py
[2026-07-20T06:41:05.879+0000] {processor.py:840} INFO - DAG(s) 'example_external_task_marker_parent', 'example_external_task_marker_child' retrieved from /workspaces/recomart-recommendation-pipeline/airflow_venv/lib/python3.12/site-packages/airflow/example_dags/example_external_task_marker_dag.py
[2026-07-20T06:41:05.898+0000] {logging_mixin.py:188} INFO - [2026-07-20T06:41:05.897+0000] {dag.py:3089} INFO - Sync 2 DAGs
[2026-07-20T06:41:05.907+0000] {logging_mixin.py:188} INFO - [2026-07-20T06:41:05.907+0000] {dag.py:3947} INFO - Setting next_dagrun for example_external_task_marker_child to None, run_after=None
[2026-07-20T06:41:05.910+0000] {logging_mixin.py:188} INFO - [2026-07-20T06:41:05.909+0000] {dag.py:3947} INFO - Setting next_dagrun for example_external_task_marker_parent to None, run_after=None
[2026-07-20T06:41:05.925+0000] {processor.py:183} INFO - Processing /workspaces/recomart-recommendation-pipeline/airflow_venv/lib/python3.12/site-packages/airflow/example_dags/example_external_task_marker_dag.py took 0.061 seconds
[2026-07-20T06:42:17.362+0000] {processor.py:161} INFO - Started process (PID=81495) to work on /workspaces/recomart-recommendation-pipeline/airflow_venv/lib/python3.12/site-packages/airflow/example_dags/example_external_task_marker_dag.py
[2026-07-20T06:42:17.362+0000] {processor.py:830} INFO - Processing file /workspaces/recomart-recommendation-pipeline/airflow_venv/lib/python3.12/site-packages/airflow/example_dags/example_external_task_marker_dag.py for tasks to queue
[2026-07-20T06:42:17.364+0000] {logging_mixin.py:188} INFO - [2026-07-20T06:42:17.363+0000] {dagbag.py:545} INFO - Filling up the DagBag from /workspaces/recomart-recommendation-pipeline/airflow_venv/lib/python3.12/site-packages/airflow/example_dags/example_external_task_marker_dag.py
[2026-07-20T06:42:17.369+0000] {processor.py:840} INFO - DAG(s) 'example_external_task_marker_child', 'example_external_task_marker_parent' retrieved from /workspaces/recomart-recommendation-pipeline/airflow_venv/lib/python3.12/site-packages/airflow/example_dags/example_external_task_marker_dag.py
[2026-07-20T06:42:17.388+0000] {logging_mixin.py:188} INFO - [2026-07-20T06:42:17.388+0000] {dag.py:3089} INFO - Sync 2 DAGs
[2026-07-20T06:42:17.400+0000] {logging_mixin.py:188} INFO - [2026-07-20T06:42:17.400+0000] {dag.py:3947} INFO - Setting next_dagrun for example_external_task_marker_child to None, run_after=None
[2026-07-20T06:42:17.403+0000] {logging_mixin.py:188} INFO - [2026-07-20T06:42:17.403+0000] {dag.py:3947} INFO - Setting next_dagrun for example_external_task_marker_parent to None, run_after=None
[2026-07-20T06:42:17.418+0000] {processor.py:183} INFO - Processing /workspaces/recomart-recommendation-pipeline/airflow_venv/lib/python3.12/site-packages/airflow/example_dags/example_external_task_marker_dag.py took 0.060 seconds
[2026-07-20T06:43:27.231+0000] {processor.py:161} INFO - Started process (PID=82065) to work on /workspaces/recomart-recommendation-pipeline/airflow_venv/lib/python3.12/site-packages/airflow/example_dags/example_external_task_marker_dag.py
[2026-07-20T06:43:27.232+0000] {processor.py:830} INFO - Processing file /workspaces/recomart-recommendation-pipeline/airflow_venv/lib/python3.12/site-packages/airflow/example_dags/example_external_task_marker_dag.py for tasks to queue
[2026-07-20T06:43:27.233+0000] {logging_mixin.py:188} INFO - [2026-07-20T06:43:27.233+0000] {dagbag.py:545} INFO - Filling up the DagBag from /workspaces/recomart-recommendation-pipeline/airflow_venv/lib/python3.12/site-packages/airflow/example_dags/example_external_task_marker_dag.py
[2026-07-20T06:43:27.239+0000] {processor.py:840} INFO - DAG(s) 'example_external_task_marker_child', 'example_external_task_marker_parent' retrieved from /workspaces/recomart-recommendation-pipeline/airflow_venv/lib/python3.12/site-packages/airflow/example_dags/example_external_task_marker_dag.py
[2026-07-20T06:43:27.253+0000] {logging_mixin.py:188} INFO - [2026-07-20T06:43:27.253+0000] {dag.py:3089} INFO - Sync 2 DAGs
[2026-07-20T06:43:27.262+0000] {logging_mixin.py:188} INFO - [2026-07-20T06:43:27.262+0000] {dag.py:3947} INFO - Setting next_dagrun for example_external_task_marker_child to None, run_after=None
[2026-07-20T06:43:27.265+0000] {logging_mixin.py:188} INFO - [2026-07-20T06:43:27.265+0000] {dag.py:3947} INFO - Setting next_dagrun for example_external_task_marker_parent to None, run_after=None
[2026-07-20T06:43:27.285+0000] {processor.py:183} INFO - Processing /workspaces/recomart-recommendation-pipeline/airflow_venv/lib/python3.12/site-packages/airflow/example_dags/example_external_task_marker_dag.py took 0.060 seconds
[2026-07-20T06:44:39.534+0000] {processor.py:161} INFO - Started process (PID=82652) to work on /workspaces/recomart-recommendation-pipeline/airflow_venv/lib/python3.12/site-packages/airflow/example_dags/example_external_task_marker_dag.py
[2026-07-20T06:44:39.534+0000] {processor.py:830} INFO - Processing file /workspaces/recomart-recommendation-pipeline/airflow_venv/lib/python3.12/site-packages/airflow/example_dags/example_external_task_marker_dag.py for tasks to queue
[2026-07-20T06:44:39.536+0000] {logging_mixin.py:188} INFO - [2026-07-20T06:44:39.535+0000] {dagbag.py:545} INFO - Filling up the DagBag from /workspaces/recomart-recommendation-pipeline/airflow_venv/lib/python3.12/site-packages/airflow/example_dags/example_external_task_marker_dag.py
[2026-07-20T06:44:39.540+0000] {processor.py:840} INFO - DAG(s) 'example_external_task_marker_child', 'example_external_task_marker_parent' retrieved from /workspaces/recomart-recommendation-pipeline/airflow_venv/lib/python3.12/site-packages/airflow/example_dags/example_external_task_marker_dag.py
[2026-07-20T06:44:39.554+0000] {logging_mixin.py:188} INFO - [2026-07-20T06:44:39.554+0000] {dag.py:3089} INFO - Sync 2 DAGs
[2026-07-20T06:44:39.563+0000] {logging_mixin.py:188} INFO - [2026-07-20T06:44:39.563+0000] {dag.py:3947} INFO - Setting next_dagrun for example_external_task_marker_child to None, run_after=None
[2026-07-20T06:44:39.565+0000] {logging_mixin.py:188} INFO - [2026-07-20T06:44:39.565+0000] {dag.py:3947} INFO - Setting next_dagrun for example_external_task_marker_parent to None, run_after=None
[2026-07-20T06:44:39.583+0000] {processor.py:183} INFO - Processing /workspaces/recomart-recommendation-pipeline/airflow_venv/lib/python3.12/site-packages/airflow/example_dags/example_external_task_marker_dag.py took 0.054 seconds
[2026-07-20T06:45:40.029+0000] {processor.py:161} INFO - Started process (PID=83160) to work on /workspaces/recomart-recommendation-pipeline/airflow_venv/lib/python3.12/site-packages/airflow/example_dags/example_external_task_marker_dag.py
[2026-07-20T06:45:40.030+0000] {processor.py:830} INFO - Processing file /workspaces/recomart-recommendation-pipeline/airflow_venv/lib/python3.12/site-packages/airflow/example_dags/example_external_task_marker_dag.py for tasks to queue
[2026-07-20T06:45:40.031+0000] {logging_mixin.py:188} INFO - [2026-07-20T06:45:40.031+0000] {dagbag.py:545} INFO - Filling up the DagBag from /workspaces/recomart-recommendation-pipeline/airflow_venv/lib/python3.12/site-packages/airflow/example_dags/example_external_task_marker_dag.py
[2026-07-20T06:45:40.036+0000] {processor.py:840} INFO - DAG(s) 'example_external_task_marker_child', 'example_external_task_marker_parent' retrieved from /workspaces/recomart-recommendation-pipeline/airflow_venv/lib/python3.12/site-packages/airflow/example_dags/example_external_task_marker_dag.py
[2026-07-20T06:45:40.050+0000] {logging_mixin.py:188} INFO - [2026-07-20T06:45:40.050+0000] {dag.py:3089} INFO - Sync 2 DAGs
[2026-07-20T06:45:40.060+0000] {logging_mixin.py:188} INFO - [2026-07-20T06:45:40.059+0000] {dag.py:3947} INFO - Setting next_dagrun for example_external_task_marker_child to None, run_after=None
[2026-07-20T06:45:40.062+0000] {logging_mixin.py:188} INFO - [2026-07-20T06:45:40.062+0000] {dag.py:3947} INFO - Setting next_dagrun for example_external_task_marker_parent to None, run_after=None
[2026-07-20T06:45:40.083+0000] {processor.py:183} INFO - Processing /workspaces/recomart-recommendation-pipeline/airflow_venv/lib/python3.12/site-packages/airflow/example_dags/example_external_task_marker_dag.py took 0.058 seconds
[2026-07-20T06:46:48.206+0000] {processor.py:161} INFO - Started process (PID=83821) to work on /workspaces/recomart-recommendation-pipeline/airflow_venv/lib/python3.12/site-packages/airflow/example_dags/example_external_task_marker_dag.py
[2026-07-20T06:46:48.207+0000] {processor.py:830} INFO - Processing file /workspaces/recomart-recommendation-pipeline/airflow_venv/lib/python3.12/site-packages/airflow/example_dags/example_external_task_marker_dag.py for tasks to queue
[2026-07-20T06:46:48.209+0000] {logging_mixin.py:188} INFO - [2026-07-20T06:46:48.208+0000] {dagbag.py:545} INFO - Filling up the DagBag from /workspaces/recomart-recommendation-pipeline/airflow_venv/lib/python3.12/site-packages/airflow/example_dags/example_external_task_marker_dag.py
[2026-07-20T06:46:48.213+0000] {processor.py:840} INFO - DAG(s) 'example_external_task_marker_parent', 'example_external_task_marker_child' retrieved from /workspaces/recomart-recommendation-pipeline/airflow_venv/lib/python3.12/site-packages/airflow/example_dags/example_external_task_marker_dag.py
[2026-07-20T06:46:48.243+0000] {logging_mixin.py:188} INFO - [2026-07-20T06:46:48.242+0000] {dag.py:3089} INFO - Sync 2 DAGs
[2026-07-20T06:46:48.252+0000] {logging_mixin.py:188} INFO - [2026-07-20T06:46:48.252+0000] {dag.py:3947} INFO - Setting next_dagrun for example_external_task_marker_child to None, run_after=None
[2026-07-20T06:46:48.254+0000] {logging_mixin.py:188} INFO - [2026-07-20T06:46:48.254+0000] {dag.py:3947} INFO - Setting next_dagrun for example_external_task_marker_parent to None, run_after=None
[2026-07-20T06:46:48.268+0000] {processor.py:183} INFO - Processing /workspaces/recomart-recommendation-pipeline/airflow_venv/lib/python3.12/site-packages/airflow/example_dags/example_external_task_marker_dag.py took 0.065 seconds
[2026-07-20T06:47:50.525+0000] {processor.py:161} INFO - Started process (PID=84357) to work on /workspaces/recomart-recommendation-pipeline/airflow_venv/lib/python3.12/site-packages/airflow/example_dags/example_external_task_marker_dag.py
[2026-07-20T06:47:50.526+0000] {processor.py:830} INFO - Processing file /workspaces/recomart-recommendation-pipeline/airflow_venv/lib/python3.12/site-packages/airflow/example_dags/example_external_task_marker_dag.py for tasks to queue
[2026-07-20T06:47:50.527+0000] {logging_mixin.py:188} INFO - [2026-07-20T06:47:50.527+0000] {dagbag.py:545} INFO - Filling up the DagBag from /workspaces/recomart-recommendation-pipeline/airflow_venv/lib/python3.12/site-packages/airflow/example_dags/example_external_task_marker_dag.py
[2026-07-20T06:47:50.532+0000] {processor.py:840} INFO - DAG(s) 'example_external_task_marker_parent', 'example_external_task_marker_child' retrieved from /workspaces/recomart-recommendation-pipeline/airflow_venv/lib/python3.12/site-packages/airflow/example_dags/example_external_task_marker_dag.py
[2026-07-20T06:47:50.547+0000] {logging_mixin.py:188} INFO - [2026-07-20T06:47:50.547+0000] {dag.py:3089} INFO - Sync 2 DAGs
[2026-07-20T06:47:50.556+0000] {logging_mixin.py:188} INFO - [2026-07-20T06:47:50.555+0000] {dag.py:3947} INFO - Setting next_dagrun for example_external_task_marker_child to None, run_after=None
[2026-07-20T06:47:50.558+0000] {logging_mixin.py:188} INFO - [2026-07-20T06:47:50.558+0000] {dag.py:3947} INFO - Setting next_dagrun for example_external_task_marker_parent to None, run_after=None
[2026-07-20T06:47:50.575+0000] {processor.py:183} INFO - Processing /workspaces/recomart-recommendation-pipeline/airflow_venv/lib/python3.12/site-packages/airflow/example_dags/example_external_task_marker_dag.py took 0.055 seconds
[2026-07-20T06:48:54.102+0000] {processor.py:161} INFO - Started process (PID=84872) to work on /workspaces/recomart-recommendation-pipeline/airflow_venv/lib/python3.12/site-packages/airflow/example_dags/example_external_task_marker_dag.py
[2026-07-20T06:48:54.103+0000] {processor.py:830} INFO - Processing file /workspaces/recomart-recommendation-pipeline/airflow_venv/lib/python3.12/site-packages/airflow/example_dags/example_external_task_marker_dag.py for tasks to queue
[2026-07-20T06:48:54.105+0000] {logging_mixin.py:188} INFO - [2026-07-20T06:48:54.105+0000] {dagbag.py:545} INFO - Filling up the DagBag from /workspaces/recomart-recommendation-pipeline/airflow_venv/lib/python3.12/site-packages/airflow/example_dags/example_external_task_marker_dag.py
[2026-07-20T06:48:54.113+0000] {processor.py:840} INFO - DAG(s) 'example_external_task_marker_parent', 'example_external_task_marker_child' retrieved from /workspaces/recomart-recommendation-pipeline/airflow_venv/lib/python3.12/site-packages/airflow/example_dags/example_external_task_marker_dag.py
[2026-07-20T06:48:54.134+0000] {logging_mixin.py:188} INFO - [2026-07-20T06:48:54.134+0000] {dag.py:3089} INFO - Sync 2 DAGs
[2026-07-20T06:48:54.146+0000] {logging_mixin.py:188} INFO - [2026-07-20T06:48:54.146+0000] {dag.py:3947} INFO - Setting next_dagrun for example_external_task_marker_child to None, run_after=None
[2026-07-20T06:48:54.150+0000] {logging_mixin.py:188} INFO - [2026-07-20T06:48:54.150+0000] {dag.py:3947} INFO - Setting next_dagrun for example_external_task_marker_parent to None, run_after=None
[2026-07-20T06:48:54.172+0000] {processor.py:183} INFO - Processing /workspaces/recomart-recommendation-pipeline/airflow_venv/lib/python3.12/site-packages/airflow/example_dags/example_external_task_marker_dag.py took 0.077 seconds
[2026-07-20T06:49:56.102+0000] {processor.py:161} INFO - Started process (PID=85505) to work on /workspaces/recomart-recommendation-pipeline/airflow_venv/lib/python3.12/site-packages/airflow/example_dags/example_external_task_marker_dag.py
[2026-07-20T06:49:56.103+0000] {processor.py:830} INFO - Processing file /workspaces/recomart-recommendation-pipeline/airflow_venv/lib/python3.12/site-packages/airflow/example_dags/example_external_task_marker_dag.py for tasks to queue
[2026-07-20T06:49:56.105+0000] {logging_mixin.py:188} INFO - [2026-07-20T06:49:56.105+0000] {dagbag.py:545} INFO - Filling up the DagBag from /workspaces/recomart-recommendation-pipeline/airflow_venv/lib/python3.12/site-packages/airflow/example_dags/example_external_task_marker_dag.py
[2026-07-20T06:49:56.112+0000] {processor.py:840} INFO - DAG(s) 'example_external_task_marker_child', 'example_external_task_marker_parent' retrieved from /workspaces/recomart-recommendation-pipeline/airflow_venv/lib/python3.12/site-packages/airflow/example_dags/example_external_task_marker_dag.py
[2026-07-20T06:49:56.126+0000] {logging_mixin.py:188} INFO - [2026-07-20T06:49:56.125+0000] {dag.py:3089} INFO - Sync 2 DAGs
[2026-07-20T06:49:56.134+0000] {logging_mixin.py:188} INFO - [2026-07-20T06:49:56.134+0000] {dag.py:3947} INFO - Setting next_dagrun for example_external_task_marker_child to None, run_after=None
[2026-07-20T06:49:56.137+0000] {logging_mixin.py:188} INFO - [2026-07-20T06:49:56.137+0000] {dag.py:3947} INFO - Setting next_dagrun for example_external_task_marker_parent to None, run_after=None
[2026-07-20T06:49:56.152+0000] {processor.py:183} INFO - Processing /workspaces/recomart-recommendation-pipeline/airflow_venv/lib/python3.12/site-packages/airflow/example_dags/example_external_task_marker_dag.py took 0.058 seconds
[2026-07-20T06:51:03.618+0000] {processor.py:161} INFO - Started process (PID=86292) to work on /workspaces/recomart-recommendation-pipeline/airflow_venv/lib/python3.12/site-packages/airflow/example_dags/example_external_task_marker_dag.py
[2026-07-20T06:51:03.619+0000] {processor.py:830} INFO - Processing file /workspaces/recomart-recommendation-pipeline/airflow_venv/lib/python3.12/site-packages/airflow/example_dags/example_external_task_marker_dag.py for tasks to queue
[2026-07-20T06:51:03.621+0000] {logging_mixin.py:188} INFO - [2026-07-20T06:51:03.620+0000] {dagbag.py:545} INFO - Filling up the DagBag from /workspaces/recomart-recommendation-pipeline/airflow_venv/lib/python3.12/site-packages/airflow/example_dags/example_external_task_marker_dag.py
[2026-07-20T06:51:03.626+0000] {processor.py:840} INFO - DAG(s) 'example_external_task_marker_child', 'example_external_task_marker_parent' retrieved from /workspaces/recomart-recommendation-pipeline/airflow_venv/lib/python3.12/site-packages/airflow/example_dags/example_external_task_marker_dag.py
[2026-07-20T06:51:03.640+0000] {logging_mixin.py:188} INFO - [2026-07-20T06:51:03.640+0000] {dag.py:3089} INFO - Sync 2 DAGs
[2026-07-20T06:51:03.650+0000] {logging_mixin.py:188} INFO - [2026-07-20T06:51:03.650+0000] {dag.py:3947} INFO - Setting next_dagrun for example_external_task_marker_child to None, run_after=None
[2026-07-20T06:51:03.653+0000] {logging_mixin.py:188} INFO - [2026-07-20T06:51:03.653+0000] {dag.py:3947} INFO - Setting next_dagrun for example_external_task_marker_parent to None, run_after=None
[2026-07-20T06:51:03.670+0000] {processor.py:183} INFO - Processing /workspaces/recomart-recommendation-pipeline/airflow_venv/lib/python3.12/site-packages/airflow/example_dags/example_external_task_marker_dag.py took 0.057 seconds
[2026-07-20T06:58:23.975+0000] {processor.py:161} INFO - Started process (PID=89830) to work on /workspaces/recomart-recommendation-pipeline/airflow_venv/lib/python3.12/site-packages/airflow/example_dags/example_external_task_marker_dag.py
[2026-07-20T06:58:23.977+0000] {processor.py:830} INFO - Processing file /workspaces/recomart-recommendation-pipeline/airflow_venv/lib/python3.12/site-packages/airflow/example_dags/example_external_task_marker_dag.py for tasks to queue
[2026-07-20T06:58:23.979+0000] {logging_mixin.py:188} INFO - [2026-07-20T06:58:23.978+0000] {dagbag.py:545} INFO - Filling up the DagBag from /workspaces/recomart-recommendation-pipeline/airflow_venv/lib/python3.12/site-packages/airflow/example_dags/example_external_task_marker_dag.py
[2026-07-20T06:58:23.986+0000] {processor.py:840} INFO - DAG(s) 'example_external_task_marker_child', 'example_external_task_marker_parent' retrieved from /workspaces/recomart-recommendation-pipeline/airflow_venv/lib/python3.12/site-packages/airflow/example_dags/example_external_task_marker_dag.py
[2026-07-20T06:58:24.084+0000] {logging_mixin.py:188} INFO - [2026-07-20T06:58:24.084+0000] {dag.py:3089} INFO - Sync 2 DAGs
[2026-07-20T06:58:24.095+0000] {logging_mixin.py:188} INFO - [2026-07-20T06:58:24.095+0000] {dag.py:3947} INFO - Setting next_dagrun for example_external_task_marker_child to None, run_after=None
[2026-07-20T06:58:24.097+0000] {logging_mixin.py:188} INFO - [2026-07-20T06:58:24.097+0000] {dag.py:3947} INFO - Setting next_dagrun for example_external_task_marker_parent to None, run_after=None
[2026-07-20T06:58:24.115+0000] {processor.py:183} INFO - Processing /workspaces/recomart-recommendation-pipeline/airflow_venv/lib/python3.12/site-packages/airflow/example_dags/example_external_task_marker_dag.py took 0.145 seconds
[2026-07-20T06:59:59.743+0000] {processor.py:161} INFO - Started process (PID=91430) to work on /workspaces/recomart-recommendation-pipeline/airflow_venv/lib/python3.12/site-packages/airflow/example_dags/example_external_task_marker_dag.py
[2026-07-20T06:59:59.744+0000] {processor.py:830} INFO - Processing file /workspaces/recomart-recommendation-pipeline/airflow_venv/lib/python3.12/site-packages/airflow/example_dags/example_external_task_marker_dag.py for tasks to queue
[2026-07-20T06:59:59.746+0000] {logging_mixin.py:188} INFO - [2026-07-20T06:59:59.745+0000] {dagbag.py:545} INFO - Filling up the DagBag from /workspaces/recomart-recommendation-pipeline/airflow_venv/lib/python3.12/site-packages/airflow/example_dags/example_external_task_marker_dag.py
[2026-07-20T06:59:59.753+0000] {processor.py:840} INFO - DAG(s) 'example_external_task_marker_parent', 'example_external_task_marker_child' retrieved from /workspaces/recomart-recommendation-pipeline/airflow_venv/lib/python3.12/site-packages/airflow/example_dags/example_external_task_marker_dag.py
[2026-07-20T06:59:59.777+0000] {logging_mixin.py:188} INFO - [2026-07-20T06:59:59.776+0000] {dag.py:3089} INFO - Sync 2 DAGs
[2026-07-20T06:59:59.791+0000] {logging_mixin.py:188} INFO - [2026-07-20T06:59:59.791+0000] {dag.py:3947} INFO - Setting next_dagrun for example_external_task_marker_child to None, run_after=None
[2026-07-20T06:59:59.795+0000] {logging_mixin.py:188} INFO - [2026-07-20T06:59:59.794+0000] {dag.py:3947} INFO - Setting next_dagrun for example_external_task_marker_parent to None, run_after=None
[2026-07-20T06:59:59.835+0000] {processor.py:183} INFO - Processing /workspaces/recomart-recommendation-pipeline/airflow_venv/lib/python3.12/site-packages/airflow/example_dags/example_external_task_marker_dag.py took 0.099 seconds
[2026-07-20T07:00:51.139+0000] {processor.py:161} INFO - Started process (PID=91988) to work on /workspaces/recomart-recommendation-pipeline/airflow_venv/lib/python3.12/site-packages/airflow/example_dags/example_external_task_marker_dag.py
[2026-07-20T07:00:51.139+0000] {processor.py:830} INFO - Processing file /workspaces/recomart-recommendation-pipeline/airflow_venv/lib/python3.12/site-packages/airflow/example_dags/example_external_task_marker_dag.py for tasks to queue
[2026-07-20T07:00:51.141+0000] {logging_mixin.py:188} INFO - [2026-07-20T07:00:51.140+0000] {dagbag.py:545} INFO - Filling up the DagBag from /workspaces/recomart-recommendation-pipeline/airflow_venv/lib/python3.12/site-packages/airflow/example_dags/example_external_task_marker_dag.py
[2026-07-20T07:00:51.146+0000] {processor.py:840} INFO - DAG(s) 'example_external_task_marker_parent', 'example_external_task_marker_child' retrieved from /workspaces/recomart-recommendation-pipeline/airflow_venv/lib/python3.12/site-packages/airflow/example_dags/example_external_task_marker_dag.py
[2026-07-20T07:00:51.159+0000] {logging_mixin.py:188} INFO - [2026-07-20T07:00:51.159+0000] {dag.py:3089} INFO - Sync 2 DAGs
[2026-07-20T07:00:51.173+0000] {logging_mixin.py:188} INFO - [2026-07-20T07:00:51.172+0000] {dag.py:3947} INFO - Setting next_dagrun for example_external_task_marker_child to None, run_after=None
[2026-07-20T07:00:51.176+0000] {logging_mixin.py:188} INFO - [2026-07-20T07:00:51.176+0000] {dag.py:3947} INFO - Setting next_dagrun for example_external_task_marker_parent to None, run_after=None
[2026-07-20T07:00:51.193+0000] {processor.py:183} INFO - Processing /workspaces/recomart-recommendation-pipeline/airflow_venv/lib/python3.12/site-packages/airflow/example_dags/example_external_task_marker_dag.py took 0.058 seconds
[2026-07-20T07:01:43.131+0000] {processor.py:161} INFO - Started process (PID=92486) to work on /workspaces/recomart-recommendation-pipeline/airflow_venv/lib/python3.12/site-packages/airflow/example_dags/example_external_task_marker_dag.py
[2026-07-20T07:01:43.132+0000] {processor.py:830} INFO - Processing file /workspaces/recomart-recommendation-pipeline/airflow_venv/lib/python3.12/site-packages/airflow/example_dags/example_external_task_marker_dag.py for tasks to queue
[2026-07-20T07:01:43.133+0000] {logging_mixin.py:188} INFO - [2026-07-20T07:01:43.133+0000] {dagbag.py:545} INFO - Filling up the DagBag from /workspaces/recomart-recommendation-pipeline/airflow_venv/lib/python3.12/site-packages/airflow/example_dags/example_external_task_marker_dag.py
[2026-07-20T07:01:43.138+0000] {processor.py:840} INFO - DAG(s) 'example_external_task_marker_child', 'example_external_task_marker_parent' retrieved from /workspaces/recomart-recommendation-pipeline/airflow_venv/lib/python3.12/site-packages/airflow/example_dags/example_external_task_marker_dag.py
[2026-07-20T07:01:43.153+0000] {logging_mixin.py:188} INFO - [2026-07-20T07:01:43.153+0000] {dag.py:3089} INFO - Sync 2 DAGs
[2026-07-20T07:01:43.162+0000] {logging_mixin.py:188} INFO - [2026-07-20T07:01:43.162+0000] {dag.py:3947} INFO - Setting next_dagrun for example_external_task_marker_child to None, run_after=None
[2026-07-20T07:01:43.164+0000] {logging_mixin.py:188} INFO - [2026-07-20T07:01:43.164+0000] {dag.py:3947} INFO - Setting next_dagrun for example_external_task_marker_parent to None, run_after=None
[2026-07-20T07:01:43.181+0000] {processor.py:183} INFO - Processing /workspaces/recomart-recommendation-pipeline/airflow_venv/lib/python3.12/site-packages/airflow/example_dags/example_external_task_marker_dag.py took 0.054 seconds
