[2026-07-20T05:58:59.259+0000] {processor.py:161} INFO - Started process (PID=58090) to work on /workspaces/recomart-recommendation-pipeline/airflow_venv/lib/python3.12/site-packages/airflow/example_dags/example_short_circuit_decorator.py
[2026-07-20T05:58:59.260+0000] {processor.py:830} INFO - Processing file /workspaces/recomart-recommendation-pipeline/airflow_venv/lib/python3.12/site-packages/airflow/example_dags/example_short_circuit_decorator.py for tasks to queue
[2026-07-20T05:58:59.262+0000] {logging_mixin.py:188} INFO - [2026-07-20T05:58:59.261+0000] {dagbag.py:545} INFO - Filling up the DagBag from /workspaces/recomart-recommendation-pipeline/airflow_venv/lib/python3.12/site-packages/airflow/example_dags/example_short_circuit_decorator.py
[2026-07-20T05:58:59.273+0000] {processor.py:840} INFO - DAG(s) 'example_short_circuit_decorator' retrieved from /workspaces/recomart-recommendation-pipeline/airflow_venv/lib/python3.12/site-packages/airflow/example_dags/example_short_circuit_decorator.py
[2026-07-20T05:58:59.457+0000] {logging_mixin.py:188} INFO - [2026-07-20T05:58:59.456+0000] {override.py:1858} INFO - Created Permission View: can read on DAG:example_short_circuit_decorator
[2026-07-20T05:58:59.469+0000] {logging_mixin.py:188} INFO - [2026-07-20T05:58:59.468+0000] {override.py:1858} INFO - Created Permission View: can edit on DAG:example_short_circuit_decorator
[2026-07-20T05:58:59.478+0000] {logging_mixin.py:188} INFO - [2026-07-20T05:58:59.478+0000] {override.py:1858} INFO - Created Permission View: can delete on DAG:example_short_circuit_decorator
[2026-07-20T05:58:59.479+0000] {logging_mixin.py:188} INFO - [2026-07-20T05:58:59.479+0000] {dag.py:3089} INFO - Sync 1 DAGs
[2026-07-20T05:58:59.491+0000] {logging_mixin.py:188} INFO - [2026-07-20T05:58:59.490+0000] {dag.py:3111} INFO - Creating ORM DAG for example_short_circuit_decorator
[2026-07-20T05:58:59.503+0000] {logging_mixin.py:188} INFO - [2026-07-20T05:58:59.503+0000] {dag.py:3947} INFO - Setting next_dagrun for example_short_circuit_decorator to 2026-07-19 00:00:00+00:00, run_after=2026-07-20 00:00:00+00:00
[2026-07-20T05:58:59.545+0000] {processor.py:183} INFO - Processing /workspaces/recomart-recommendation-pipeline/airflow_venv/lib/python3.12/site-packages/airflow/example_dags/example_short_circuit_decorator.py took 0.292 seconds
[2026-07-20T05:59:57.839+0000] {processor.py:161} INFO - Started process (PID=58628) to work on /workspaces/recomart-recommendation-pipeline/airflow_venv/lib/python3.12/site-packages/airflow/example_dags/example_short_circuit_decorator.py
[2026-07-20T05:59:57.840+0000] {processor.py:830} INFO - Processing file /workspaces/recomart-recommendation-pipeline/airflow_venv/lib/python3.12/site-packages/airflow/example_dags/example_short_circuit_decorator.py for tasks to queue
[2026-07-20T05:59:57.845+0000] {logging_mixin.py:188} INFO - [2026-07-20T05:59:57.841+0000] {dagbag.py:545} INFO - Filling up the DagBag from /workspaces/recomart-recommendation-pipeline/airflow_venv/lib/python3.12/site-packages/airflow/example_dags/example_short_circuit_decorator.py
[2026-07-20T05:59:57.885+0000] {processor.py:840} INFO - DAG(s) 'example_short_circuit_decorator' retrieved from /workspaces/recomart-recommendation-pipeline/airflow_venv/lib/python3.12/site-packages/airflow/example_dags/example_short_circuit_decorator.py
[2026-07-20T05:59:57.907+0000] {logging_mixin.py:188} INFO - [2026-07-20T05:59:57.907+0000] {dag.py:3089} INFO - Sync 1 DAGs
[2026-07-20T05:59:57.928+0000] {logging_mixin.py:188} INFO - [2026-07-20T05:59:57.928+0000] {dag.py:3947} INFO - Setting next_dagrun for example_short_circuit_decorator to 2026-07-19 00:00:00+00:00, run_after=2026-07-20 00:00:00+00:00
[2026-07-20T05:59:57.952+0000] {processor.py:183} INFO - Processing /workspaces/recomart-recommendation-pipeline/airflow_venv/lib/python3.12/site-packages/airflow/example_dags/example_short_circuit_decorator.py took 0.120 seconds
[2026-07-20T06:00:46.022+0000] {processor.py:161} INFO - Started process (PID=59090) to work on /workspaces/recomart-recommendation-pipeline/airflow_venv/lib/python3.12/site-packages/airflow/example_dags/example_short_circuit_decorator.py
[2026-07-20T06:00:46.023+0000] {processor.py:830} INFO - Processing file /workspaces/recomart-recommendation-pipeline/airflow_venv/lib/python3.12/site-packages/airflow/example_dags/example_short_circuit_decorator.py for tasks to queue
[2026-07-20T06:00:46.024+0000] {logging_mixin.py:188} INFO - [2026-07-20T06:00:46.024+0000] {dagbag.py:545} INFO - Filling up the DagBag from /workspaces/recomart-recommendation-pipeline/airflow_venv/lib/python3.12/site-packages/airflow/example_dags/example_short_circuit_decorator.py
[2026-07-20T06:00:46.031+0000] {processor.py:840} INFO - DAG(s) 'example_short_circuit_decorator' retrieved from /workspaces/recomart-recommendation-pipeline/airflow_venv/lib/python3.12/site-packages/airflow/example_dags/example_short_circuit_decorator.py
[2026-07-20T06:00:46.045+0000] {logging_mixin.py:188} INFO - [2026-07-20T06:00:46.044+0000] {dag.py:3089} INFO - Sync 1 DAGs
[2026-07-20T06:00:46.059+0000] {logging_mixin.py:188} INFO - [2026-07-20T06:00:46.059+0000] {dag.py:3947} INFO - Setting next_dagrun for example_short_circuit_decorator to 2026-07-19 00:00:00+00:00, run_after=2026-07-20 00:00:00+00:00
[2026-07-20T06:00:46.108+0000] {processor.py:183} INFO - Processing /workspaces/recomart-recommendation-pipeline/airflow_venv/lib/python3.12/site-packages/airflow/example_dags/example_short_circuit_decorator.py took 0.090 seconds
[2026-07-20T06:01:36.968+0000] {processor.py:161} INFO - Started process (PID=59724) to work on /workspaces/recomart-recommendation-pipeline/airflow_venv/lib/python3.12/site-packages/airflow/example_dags/example_short_circuit_decorator.py
[2026-07-20T06:01:36.968+0000] {processor.py:830} INFO - Processing file /workspaces/recomart-recommendation-pipeline/airflow_venv/lib/python3.12/site-packages/airflow/example_dags/example_short_circuit_decorator.py for tasks to queue
[2026-07-20T06:01:36.970+0000] {logging_mixin.py:188} INFO - [2026-07-20T06:01:36.969+0000] {dagbag.py:545} INFO - Filling up the DagBag from /workspaces/recomart-recommendation-pipeline/airflow_venv/lib/python3.12/site-packages/airflow/example_dags/example_short_circuit_decorator.py
[2026-07-20T06:01:36.979+0000] {processor.py:840} INFO - DAG(s) 'example_short_circuit_decorator' retrieved from /workspaces/recomart-recommendation-pipeline/airflow_venv/lib/python3.12/site-packages/airflow/example_dags/example_short_circuit_decorator.py
[2026-07-20T06:01:36.999+0000] {logging_mixin.py:188} INFO - [2026-07-20T06:01:36.999+0000] {dag.py:3089} INFO - Sync 1 DAGs
[2026-07-20T06:01:37.013+0000] {logging_mixin.py:188} INFO - [2026-07-20T06:01:37.013+0000] {dag.py:3947} INFO - Setting next_dagrun for example_short_circuit_decorator to 2026-07-19 00:00:00+00:00, run_after=2026-07-20 00:00:00+00:00
[2026-07-20T06:01:37.031+0000] {processor.py:183} INFO - Processing /workspaces/recomart-recommendation-pipeline/airflow_venv/lib/python3.12/site-packages/airflow/example_dags/example_short_circuit_decorator.py took 0.067 seconds
[2026-07-20T06:02:23.054+0000] {processor.py:161} INFO - Started process (PID=60098) to work on /workspaces/recomart-recommendation-pipeline/airflow_venv/lib/python3.12/site-packages/airflow/example_dags/example_short_circuit_decorator.py
[2026-07-20T06:02:23.055+0000] {processor.py:830} INFO - Processing file /workspaces/recomart-recommendation-pipeline/airflow_venv/lib/python3.12/site-packages/airflow/example_dags/example_short_circuit_decorator.py for tasks to queue
[2026-07-20T06:02:23.056+0000] {logging_mixin.py:188} INFO - [2026-07-20T06:02:23.056+0000] {dagbag.py:545} INFO - Filling up the DagBag from /workspaces/recomart-recommendation-pipeline/airflow_venv/lib/python3.12/site-packages/airflow/example_dags/example_short_circuit_decorator.py
[2026-07-20T06:02:23.063+0000] {processor.py:840} INFO - DAG(s) 'example_short_circuit_decorator' retrieved from /workspaces/recomart-recommendation-pipeline/airflow_venv/lib/python3.12/site-packages/airflow/example_dags/example_short_circuit_decorator.py
[2026-07-20T06:02:23.083+0000] {logging_mixin.py:188} INFO - [2026-07-20T06:02:23.081+0000] {dag.py:3089} INFO - Sync 1 DAGs
[2026-07-20T06:02:23.107+0000] {logging_mixin.py:188} INFO - [2026-07-20T06:02:23.107+0000] {dag.py:3947} INFO - Setting next_dagrun for example_short_circuit_decorator to 2026-07-19 00:00:00+00:00, run_after=2026-07-20 00:00:00+00:00
[2026-07-20T06:02:23.123+0000] {processor.py:183} INFO - Processing /workspaces/recomart-recommendation-pipeline/airflow_venv/lib/python3.12/site-packages/airflow/example_dags/example_short_circuit_decorator.py took 0.074 seconds
[2026-07-20T06:03:06.271+0000] {processor.py:161} INFO - Started process (PID=60471) to work on /workspaces/recomart-recommendation-pipeline/airflow_venv/lib/python3.12/site-packages/airflow/example_dags/example_short_circuit_decorator.py
[2026-07-20T06:03:06.272+0000] {processor.py:830} INFO - Processing file /workspaces/recomart-recommendation-pipeline/airflow_venv/lib/python3.12/site-packages/airflow/example_dags/example_short_circuit_decorator.py for tasks to queue
[2026-07-20T06:03:06.274+0000] {logging_mixin.py:188} INFO - [2026-07-20T06:03:06.273+0000] {dagbag.py:545} INFO - Filling up the DagBag from /workspaces/recomart-recommendation-pipeline/airflow_venv/lib/python3.12/site-packages/airflow/example_dags/example_short_circuit_decorator.py
[2026-07-20T06:03:06.283+0000] {processor.py:840} INFO - DAG(s) 'example_short_circuit_decorator' retrieved from /workspaces/recomart-recommendation-pipeline/airflow_venv/lib/python3.12/site-packages/airflow/example_dags/example_short_circuit_decorator.py
[2026-07-20T06:03:06.299+0000] {logging_mixin.py:188} INFO - [2026-07-20T06:03:06.298+0000] {dag.py:3089} INFO - Sync 1 DAGs
[2026-07-20T06:03:06.315+0000] {logging_mixin.py:188} INFO - [2026-07-20T06:03:06.315+0000] {dag.py:3947} INFO - Setting next_dagrun for example_short_circuit_decorator to 2026-07-19 00:00:00+00:00, run_after=2026-07-20 00:00:00+00:00
[2026-07-20T06:03:06.332+0000] {processor.py:183} INFO - Processing /workspaces/recomart-recommendation-pipeline/airflow_venv/lib/python3.12/site-packages/airflow/example_dags/example_short_circuit_decorator.py took 0.065 seconds
[2026-07-20T06:03:48.914+0000] {processor.py:161} INFO - Started process (PID=60894) to work on /workspaces/recomart-recommendation-pipeline/airflow_venv/lib/python3.12/site-packages/airflow/example_dags/example_short_circuit_decorator.py
[2026-07-20T06:03:48.915+0000] {processor.py:830} INFO - Processing file /workspaces/recomart-recommendation-pipeline/airflow_venv/lib/python3.12/site-packages/airflow/example_dags/example_short_circuit_decorator.py for tasks to queue
[2026-07-20T06:03:48.916+0000] {logging_mixin.py:188} INFO - [2026-07-20T06:03:48.916+0000] {dagbag.py:545} INFO - Filling up the DagBag from /workspaces/recomart-recommendation-pipeline/airflow_venv/lib/python3.12/site-packages/airflow/example_dags/example_short_circuit_decorator.py
[2026-07-20T06:03:48.923+0000] {processor.py:840} INFO - DAG(s) 'example_short_circuit_decorator' retrieved from /workspaces/recomart-recommendation-pipeline/airflow_venv/lib/python3.12/site-packages/airflow/example_dags/example_short_circuit_decorator.py
[2026-07-20T06:03:48.940+0000] {logging_mixin.py:188} INFO - [2026-07-20T06:03:48.940+0000] {dag.py:3089} INFO - Sync 1 DAGs
[2026-07-20T06:03:48.955+0000] {logging_mixin.py:188} INFO - [2026-07-20T06:03:48.954+0000] {dag.py:3947} INFO - Setting next_dagrun for example_short_circuit_decorator to 2026-07-19 00:00:00+00:00, run_after=2026-07-20 00:00:00+00:00
[2026-07-20T06:03:48.984+0000] {processor.py:183} INFO - Processing /workspaces/recomart-recommendation-pipeline/airflow_venv/lib/python3.12/site-packages/airflow/example_dags/example_short_circuit_decorator.py took 0.074 seconds
[2026-07-20T06:04:33.476+0000] {processor.py:161} INFO - Started process (PID=61229) to work on /workspaces/recomart-recommendation-pipeline/airflow_venv/lib/python3.12/site-packages/airflow/example_dags/example_short_circuit_decorator.py
[2026-07-20T06:04:33.477+0000] {processor.py:830} INFO - Processing file /workspaces/recomart-recommendation-pipeline/airflow_venv/lib/python3.12/site-packages/airflow/example_dags/example_short_circuit_decorator.py for tasks to queue
[2026-07-20T06:04:33.479+0000] {logging_mixin.py:188} INFO - [2026-07-20T06:04:33.478+0000] {dagbag.py:545} INFO - Filling up the DagBag from /workspaces/recomart-recommendation-pipeline/airflow_venv/lib/python3.12/site-packages/airflow/example_dags/example_short_circuit_decorator.py
[2026-07-20T06:04:33.489+0000] {processor.py:840} INFO - DAG(s) 'example_short_circuit_decorator' retrieved from /workspaces/recomart-recommendation-pipeline/airflow_venv/lib/python3.12/site-packages/airflow/example_dags/example_short_circuit_decorator.py
[2026-07-20T06:04:33.516+0000] {logging_mixin.py:188} INFO - [2026-07-20T06:04:33.516+0000] {dag.py:3089} INFO - Sync 1 DAGs
[2026-07-20T06:04:33.530+0000] {logging_mixin.py:188} INFO - [2026-07-20T06:04:33.530+0000] {dag.py:3947} INFO - Setting next_dagrun for example_short_circuit_decorator to 2026-07-19 00:00:00+00:00, run_after=2026-07-20 00:00:00+00:00
[2026-07-20T06:04:33.547+0000] {processor.py:183} INFO - Processing /workspaces/recomart-recommendation-pipeline/airflow_venv/lib/python3.12/site-packages/airflow/example_dags/example_short_circuit_decorator.py took 0.076 seconds
[2026-07-20T06:05:17.646+0000] {processor.py:161} INFO - Started process (PID=61604) to work on /workspaces/recomart-recommendation-pipeline/airflow_venv/lib/python3.12/site-packages/airflow/example_dags/example_short_circuit_decorator.py
[2026-07-20T06:05:17.647+0000] {processor.py:830} INFO - Processing file /workspaces/recomart-recommendation-pipeline/airflow_venv/lib/python3.12/site-packages/airflow/example_dags/example_short_circuit_decorator.py for tasks to queue
[2026-07-20T06:05:17.648+0000] {logging_mixin.py:188} INFO - [2026-07-20T06:05:17.648+0000] {dagbag.py:545} INFO - Filling up the DagBag from /workspaces/recomart-recommendation-pipeline/airflow_venv/lib/python3.12/site-packages/airflow/example_dags/example_short_circuit_decorator.py
[2026-07-20T06:05:17.655+0000] {processor.py:840} INFO - DAG(s) 'example_short_circuit_decorator' retrieved from /workspaces/recomart-recommendation-pipeline/airflow_venv/lib/python3.12/site-packages/airflow/example_dags/example_short_circuit_decorator.py
[2026-07-20T06:05:17.669+0000] {logging_mixin.py:188} INFO - [2026-07-20T06:05:17.669+0000] {dag.py:3089} INFO - Sync 1 DAGs
[2026-07-20T06:05:17.684+0000] {logging_mixin.py:188} INFO - [2026-07-20T06:05:17.684+0000] {dag.py:3947} INFO - Setting next_dagrun for example_short_circuit_decorator to 2026-07-19 00:00:00+00:00, run_after=2026-07-20 00:00:00+00:00
[2026-07-20T06:05:17.701+0000] {processor.py:183} INFO - Processing /workspaces/recomart-recommendation-pipeline/airflow_venv/lib/python3.12/site-packages/airflow/example_dags/example_short_circuit_decorator.py took 0.059 seconds
[2026-07-20T06:06:02.955+0000] {processor.py:161} INFO - Started process (PID=61975) to work on /workspaces/recomart-recommendation-pipeline/airflow_venv/lib/python3.12/site-packages/airflow/example_dags/example_short_circuit_decorator.py
[2026-07-20T06:06:02.956+0000] {processor.py:830} INFO - Processing file /workspaces/recomart-recommendation-pipeline/airflow_venv/lib/python3.12/site-packages/airflow/example_dags/example_short_circuit_decorator.py for tasks to queue
[2026-07-20T06:06:02.957+0000] {logging_mixin.py:188} INFO - [2026-07-20T06:06:02.957+0000] {dagbag.py:545} INFO - Filling up the DagBag from /workspaces/recomart-recommendation-pipeline/airflow_venv/lib/python3.12/site-packages/airflow/example_dags/example_short_circuit_decorator.py
[2026-07-20T06:06:02.964+0000] {processor.py:840} INFO - DAG(s) 'example_short_circuit_decorator' retrieved from /workspaces/recomart-recommendation-pipeline/airflow_venv/lib/python3.12/site-packages/airflow/example_dags/example_short_circuit_decorator.py
[2026-07-20T06:06:02.983+0000] {logging_mixin.py:188} INFO - [2026-07-20T06:06:02.983+0000] {dag.py:3089} INFO - Sync 1 DAGs
[2026-07-20T06:06:03.006+0000] {logging_mixin.py:188} INFO - [2026-07-20T06:06:03.006+0000] {dag.py:3947} INFO - Setting next_dagrun for example_short_circuit_decorator to 2026-07-19 00:00:00+00:00, run_after=2026-07-20 00:00:00+00:00
[2026-07-20T06:06:03.044+0000] {processor.py:183} INFO - Processing /workspaces/recomart-recommendation-pipeline/airflow_venv/lib/python3.12/site-packages/airflow/example_dags/example_short_circuit_decorator.py took 0.093 seconds
[2026-07-20T06:06:50.824+0000] {processor.py:161} INFO - Started process (PID=62388) to work on /workspaces/recomart-recommendation-pipeline/airflow_venv/lib/python3.12/site-packages/airflow/example_dags/example_short_circuit_decorator.py
[2026-07-20T06:06:50.825+0000] {processor.py:830} INFO - Processing file /workspaces/recomart-recommendation-pipeline/airflow_venv/lib/python3.12/site-packages/airflow/example_dags/example_short_circuit_decorator.py for tasks to queue
[2026-07-20T06:06:50.826+0000] {logging_mixin.py:188} INFO - [2026-07-20T06:06:50.826+0000] {dagbag.py:545} INFO - Filling up the DagBag from /workspaces/recomart-recommendation-pipeline/airflow_venv/lib/python3.12/site-packages/airflow/example_dags/example_short_circuit_decorator.py
[2026-07-20T06:06:50.833+0000] {processor.py:840} INFO - DAG(s) 'example_short_circuit_decorator' retrieved from /workspaces/recomart-recommendation-pipeline/airflow_venv/lib/python3.12/site-packages/airflow/example_dags/example_short_circuit_decorator.py
[2026-07-20T06:06:50.847+0000] {logging_mixin.py:188} INFO - [2026-07-20T06:06:50.847+0000] {dag.py:3089} INFO - Sync 1 DAGs
[2026-07-20T06:06:50.964+0000] {logging_mixin.py:188} INFO - [2026-07-20T06:06:50.964+0000] {dag.py:3947} INFO - Setting next_dagrun for example_short_circuit_decorator to 2026-07-19 00:00:00+00:00, run_after=2026-07-20 00:00:00+00:00
[2026-07-20T06:06:50.982+0000] {processor.py:183} INFO - Processing /workspaces/recomart-recommendation-pipeline/airflow_venv/lib/python3.12/site-packages/airflow/example_dags/example_short_circuit_decorator.py took 0.162 seconds
[2026-07-20T06:07:40.535+0000] {processor.py:161} INFO - Started process (PID=62806) to work on /workspaces/recomart-recommendation-pipeline/airflow_venv/lib/python3.12/site-packages/airflow/example_dags/example_short_circuit_decorator.py
[2026-07-20T06:07:40.535+0000] {processor.py:830} INFO - Processing file /workspaces/recomart-recommendation-pipeline/airflow_venv/lib/python3.12/site-packages/airflow/example_dags/example_short_circuit_decorator.py for tasks to queue
[2026-07-20T06:07:40.537+0000] {logging_mixin.py:188} INFO - [2026-07-20T06:07:40.536+0000] {dagbag.py:545} INFO - Filling up the DagBag from /workspaces/recomart-recommendation-pipeline/airflow_venv/lib/python3.12/site-packages/airflow/example_dags/example_short_circuit_decorator.py
[2026-07-20T06:07:40.544+0000] {processor.py:840} INFO - DAG(s) 'example_short_circuit_decorator' retrieved from /workspaces/recomart-recommendation-pipeline/airflow_venv/lib/python3.12/site-packages/airflow/example_dags/example_short_circuit_decorator.py
[2026-07-20T06:07:40.557+0000] {logging_mixin.py:188} INFO - [2026-07-20T06:07:40.557+0000] {dag.py:3089} INFO - Sync 1 DAGs
[2026-07-20T06:07:40.572+0000] {logging_mixin.py:188} INFO - [2026-07-20T06:07:40.572+0000] {dag.py:3947} INFO - Setting next_dagrun for example_short_circuit_decorator to 2026-07-19 00:00:00+00:00, run_after=2026-07-20 00:00:00+00:00
[2026-07-20T06:07:40.593+0000] {processor.py:183} INFO - Processing /workspaces/recomart-recommendation-pipeline/airflow_venv/lib/python3.12/site-packages/airflow/example_dags/example_short_circuit_decorator.py took 0.063 seconds
[2026-07-20T06:08:57.330+0000] {processor.py:161} INFO - Started process (PID=63600) to work on /workspaces/recomart-recommendation-pipeline/airflow_venv/lib/python3.12/site-packages/airflow/example_dags/example_short_circuit_decorator.py
[2026-07-20T06:08:57.332+0000] {processor.py:830} INFO - Processing file /workspaces/recomart-recommendation-pipeline/airflow_venv/lib/python3.12/site-packages/airflow/example_dags/example_short_circuit_decorator.py for tasks to queue
[2026-07-20T06:08:57.335+0000] {logging_mixin.py:188} INFO - [2026-07-20T06:08:57.334+0000] {dagbag.py:545} INFO - Filling up the DagBag from /workspaces/recomart-recommendation-pipeline/airflow_venv/lib/python3.12/site-packages/airflow/example_dags/example_short_circuit_decorator.py
[2026-07-20T06:08:57.349+0000] {processor.py:840} INFO - DAG(s) 'example_short_circuit_decorator' retrieved from /workspaces/recomart-recommendation-pipeline/airflow_venv/lib/python3.12/site-packages/airflow/example_dags/example_short_circuit_decorator.py
[2026-07-20T06:08:57.358+0000] {logging_mixin.py:188} INFO - [2026-07-20T06:08:57.357+0000] {dag.py:3089} INFO - Sync 1 DAGs
[2026-07-20T06:08:57.384+0000] {logging_mixin.py:188} INFO - [2026-07-20T06:08:57.384+0000] {dag.py:3947} INFO - Setting next_dagrun for example_short_circuit_decorator to 2026-07-19 00:00:00+00:00, run_after=2026-07-20 00:00:00+00:00
[2026-07-20T06:08:57.430+0000] {processor.py:183} INFO - Processing /workspaces/recomart-recommendation-pipeline/airflow_venv/lib/python3.12/site-packages/airflow/example_dags/example_short_circuit_decorator.py took 0.110 seconds
[2026-07-20T06:09:52.717+0000] {processor.py:161} INFO - Started process (PID=64069) to work on /workspaces/recomart-recommendation-pipeline/airflow_venv/lib/python3.12/site-packages/airflow/example_dags/example_short_circuit_decorator.py
[2026-07-20T06:09:52.718+0000] {processor.py:830} INFO - Processing file /workspaces/recomart-recommendation-pipeline/airflow_venv/lib/python3.12/site-packages/airflow/example_dags/example_short_circuit_decorator.py for tasks to queue
[2026-07-20T06:09:52.719+0000] {logging_mixin.py:188} INFO - [2026-07-20T06:09:52.719+0000] {dagbag.py:545} INFO - Filling up the DagBag from /workspaces/recomart-recommendation-pipeline/airflow_venv/lib/python3.12/site-packages/airflow/example_dags/example_short_circuit_decorator.py
[2026-07-20T06:09:52.726+0000] {processor.py:840} INFO - DAG(s) 'example_short_circuit_decorator' retrieved from /workspaces/recomart-recommendation-pipeline/airflow_venv/lib/python3.12/site-packages/airflow/example_dags/example_short_circuit_decorator.py
[2026-07-20T06:09:52.822+0000] {logging_mixin.py:188} INFO - [2026-07-20T06:09:52.822+0000] {dag.py:3089} INFO - Sync 1 DAGs
[2026-07-20T06:09:52.835+0000] {logging_mixin.py:188} INFO - [2026-07-20T06:09:52.835+0000] {dag.py:3947} INFO - Setting next_dagrun for example_short_circuit_decorator to 2026-07-19 00:00:00+00:00, run_after=2026-07-20 00:00:00+00:00
[2026-07-20T06:09:52.852+0000] {processor.py:183} INFO - Processing /workspaces/recomart-recommendation-pipeline/airflow_venv/lib/python3.12/site-packages/airflow/example_dags/example_short_circuit_decorator.py took 0.139 seconds
[2026-07-20T06:10:42.394+0000] {processor.py:161} INFO - Started process (PID=64491) to work on /workspaces/recomart-recommendation-pipeline/airflow_venv/lib/python3.12/site-packages/airflow/example_dags/example_short_circuit_decorator.py
[2026-07-20T06:10:42.395+0000] {processor.py:830} INFO - Processing file /workspaces/recomart-recommendation-pipeline/airflow_venv/lib/python3.12/site-packages/airflow/example_dags/example_short_circuit_decorator.py for tasks to queue
[2026-07-20T06:10:42.396+0000] {logging_mixin.py:188} INFO - [2026-07-20T06:10:42.396+0000] {dagbag.py:545} INFO - Filling up the DagBag from /workspaces/recomart-recommendation-pipeline/airflow_venv/lib/python3.12/site-packages/airflow/example_dags/example_short_circuit_decorator.py
[2026-07-20T06:10:42.411+0000] {processor.py:840} INFO - DAG(s) 'example_short_circuit_decorator' retrieved from /workspaces/recomart-recommendation-pipeline/airflow_venv/lib/python3.12/site-packages/airflow/example_dags/example_short_circuit_decorator.py
[2026-07-20T06:10:42.439+0000] {logging_mixin.py:188} INFO - [2026-07-20T06:10:42.439+0000] {dag.py:3089} INFO - Sync 1 DAGs
[2026-07-20T06:10:42.463+0000] {logging_mixin.py:188} INFO - [2026-07-20T06:10:42.462+0000] {dag.py:3947} INFO - Setting next_dagrun for example_short_circuit_decorator to 2026-07-19 00:00:00+00:00, run_after=2026-07-20 00:00:00+00:00
[2026-07-20T06:10:42.550+0000] {processor.py:183} INFO - Processing /workspaces/recomart-recommendation-pipeline/airflow_venv/lib/python3.12/site-packages/airflow/example_dags/example_short_circuit_decorator.py took 0.167 seconds
[2026-07-20T06:11:33.919+0000] {processor.py:161} INFO - Started process (PID=65037) to work on /workspaces/recomart-recommendation-pipeline/airflow_venv/lib/python3.12/site-packages/airflow/example_dags/example_short_circuit_decorator.py
[2026-07-20T06:11:33.920+0000] {processor.py:830} INFO - Processing file /workspaces/recomart-recommendation-pipeline/airflow_venv/lib/python3.12/site-packages/airflow/example_dags/example_short_circuit_decorator.py for tasks to queue
[2026-07-20T06:11:33.921+0000] {logging_mixin.py:188} INFO - [2026-07-20T06:11:33.921+0000] {dagbag.py:545} INFO - Filling up the DagBag from /workspaces/recomart-recommendation-pipeline/airflow_venv/lib/python3.12/site-packages/airflow/example_dags/example_short_circuit_decorator.py
[2026-07-20T06:11:33.930+0000] {processor.py:840} INFO - DAG(s) 'example_short_circuit_decorator' retrieved from /workspaces/recomart-recommendation-pipeline/airflow_venv/lib/python3.12/site-packages/airflow/example_dags/example_short_circuit_decorator.py
[2026-07-20T06:11:33.945+0000] {logging_mixin.py:188} INFO - [2026-07-20T06:11:33.944+0000] {dag.py:3089} INFO - Sync 1 DAGs
[2026-07-20T06:11:33.959+0000] {logging_mixin.py:188} INFO - [2026-07-20T06:11:33.959+0000] {dag.py:3947} INFO - Setting next_dagrun for example_short_circuit_decorator to 2026-07-19 00:00:00+00:00, run_after=2026-07-20 00:00:00+00:00
[2026-07-20T06:11:33.977+0000] {processor.py:183} INFO - Processing /workspaces/recomart-recommendation-pipeline/airflow_venv/lib/python3.12/site-packages/airflow/example_dags/example_short_circuit_decorator.py took 0.062 seconds
[2026-07-20T06:12:14.771+0000] {processor.py:161} INFO - Started process (PID=65393) to work on /workspaces/recomart-recommendation-pipeline/airflow_venv/lib/python3.12/site-packages/airflow/example_dags/example_short_circuit_decorator.py
[2026-07-20T06:12:14.772+0000] {processor.py:830} INFO - Processing file /workspaces/recomart-recommendation-pipeline/airflow_venv/lib/python3.12/site-packages/airflow/example_dags/example_short_circuit_decorator.py for tasks to queue
[2026-07-20T06:12:14.774+0000] {logging_mixin.py:188} INFO - [2026-07-20T06:12:14.773+0000] {dagbag.py:545} INFO - Filling up the DagBag from /workspaces/recomart-recommendation-pipeline/airflow_venv/lib/python3.12/site-packages/airflow/example_dags/example_short_circuit_decorator.py
[2026-07-20T06:12:14.784+0000] {processor.py:840} INFO - DAG(s) 'example_short_circuit_decorator' retrieved from /workspaces/recomart-recommendation-pipeline/airflow_venv/lib/python3.12/site-packages/airflow/example_dags/example_short_circuit_decorator.py
[2026-07-20T06:12:14.803+0000] {logging_mixin.py:188} INFO - [2026-07-20T06:12:14.803+0000] {dag.py:3089} INFO - Sync 1 DAGs
[2026-07-20T06:12:14.819+0000] {logging_mixin.py:188} INFO - [2026-07-20T06:12:14.819+0000] {dag.py:3947} INFO - Setting next_dagrun for example_short_circuit_decorator to 2026-07-19 00:00:00+00:00, run_after=2026-07-20 00:00:00+00:00
[2026-07-20T06:12:14.836+0000] {processor.py:183} INFO - Processing /workspaces/recomart-recommendation-pipeline/airflow_venv/lib/python3.12/site-packages/airflow/example_dags/example_short_circuit_decorator.py took 0.070 seconds
[2026-07-20T06:12:58.445+0000] {processor.py:161} INFO - Started process (PID=65756) to work on /workspaces/recomart-recommendation-pipeline/airflow_venv/lib/python3.12/site-packages/airflow/example_dags/example_short_circuit_decorator.py
[2026-07-20T06:12:58.446+0000] {processor.py:830} INFO - Processing file /workspaces/recomart-recommendation-pipeline/airflow_venv/lib/python3.12/site-packages/airflow/example_dags/example_short_circuit_decorator.py for tasks to queue
[2026-07-20T06:12:58.447+0000] {logging_mixin.py:188} INFO - [2026-07-20T06:12:58.447+0000] {dagbag.py:545} INFO - Filling up the DagBag from /workspaces/recomart-recommendation-pipeline/airflow_venv/lib/python3.12/site-packages/airflow/example_dags/example_short_circuit_decorator.py
[2026-07-20T06:12:58.454+0000] {processor.py:840} INFO - DAG(s) 'example_short_circuit_decorator' retrieved from /workspaces/recomart-recommendation-pipeline/airflow_venv/lib/python3.12/site-packages/airflow/example_dags/example_short_circuit_decorator.py
[2026-07-20T06:12:58.480+0000] {logging_mixin.py:188} INFO - [2026-07-20T06:12:58.479+0000] {dag.py:3089} INFO - Sync 1 DAGs
[2026-07-20T06:12:58.498+0000] {logging_mixin.py:188} INFO - [2026-07-20T06:12:58.498+0000] {dag.py:3947} INFO - Setting next_dagrun for example_short_circuit_decorator to 2026-07-19 00:00:00+00:00, run_after=2026-07-20 00:00:00+00:00
[2026-07-20T06:12:58.514+0000] {processor.py:183} INFO - Processing /workspaces/recomart-recommendation-pipeline/airflow_venv/lib/python3.12/site-packages/airflow/example_dags/example_short_circuit_decorator.py took 0.073 seconds
[2026-07-20T06:13:42.525+0000] {processor.py:161} INFO - Started process (PID=66130) to work on /workspaces/recomart-recommendation-pipeline/airflow_venv/lib/python3.12/site-packages/airflow/example_dags/example_short_circuit_decorator.py
[2026-07-20T06:13:42.525+0000] {processor.py:830} INFO - Processing file /workspaces/recomart-recommendation-pipeline/airflow_venv/lib/python3.12/site-packages/airflow/example_dags/example_short_circuit_decorator.py for tasks to queue
[2026-07-20T06:13:42.527+0000] {logging_mixin.py:188} INFO - [2026-07-20T06:13:42.526+0000] {dagbag.py:545} INFO - Filling up the DagBag from /workspaces/recomart-recommendation-pipeline/airflow_venv/lib/python3.12/site-packages/airflow/example_dags/example_short_circuit_decorator.py
[2026-07-20T06:13:42.535+0000] {processor.py:840} INFO - DAG(s) 'example_short_circuit_decorator' retrieved from /workspaces/recomart-recommendation-pipeline/airflow_venv/lib/python3.12/site-packages/airflow/example_dags/example_short_circuit_decorator.py
[2026-07-20T06:13:42.548+0000] {logging_mixin.py:188} INFO - [2026-07-20T06:13:42.548+0000] {dag.py:3089} INFO - Sync 1 DAGs
[2026-07-20T06:13:42.563+0000] {logging_mixin.py:188} INFO - [2026-07-20T06:13:42.562+0000] {dag.py:3947} INFO - Setting next_dagrun for example_short_circuit_decorator to 2026-07-19 00:00:00+00:00, run_after=2026-07-20 00:00:00+00:00
[2026-07-20T06:13:42.581+0000] {processor.py:183} INFO - Processing /workspaces/recomart-recommendation-pipeline/airflow_venv/lib/python3.12/site-packages/airflow/example_dags/example_short_circuit_decorator.py took 0.060 seconds
[2026-07-20T06:14:30.581+0000] {processor.py:161} INFO - Started process (PID=66777) to work on /workspaces/recomart-recommendation-pipeline/airflow_venv/lib/python3.12/site-packages/airflow/example_dags/example_short_circuit_decorator.py
[2026-07-20T06:14:30.582+0000] {processor.py:830} INFO - Processing file /workspaces/recomart-recommendation-pipeline/airflow_venv/lib/python3.12/site-packages/airflow/example_dags/example_short_circuit_decorator.py for tasks to queue
[2026-07-20T06:14:30.584+0000] {logging_mixin.py:188} INFO - [2026-07-20T06:14:30.583+0000] {dagbag.py:545} INFO - Filling up the DagBag from /workspaces/recomart-recommendation-pipeline/airflow_venv/lib/python3.12/site-packages/airflow/example_dags/example_short_circuit_decorator.py
[2026-07-20T06:14:30.592+0000] {processor.py:840} INFO - DAG(s) 'example_short_circuit_decorator' retrieved from /workspaces/recomart-recommendation-pipeline/airflow_venv/lib/python3.12/site-packages/airflow/example_dags/example_short_circuit_decorator.py
[2026-07-20T06:14:30.610+0000] {logging_mixin.py:188} INFO - [2026-07-20T06:14:30.609+0000] {dag.py:3089} INFO - Sync 1 DAGs
[2026-07-20T06:14:30.624+0000] {logging_mixin.py:188} INFO - [2026-07-20T06:14:30.624+0000] {dag.py:3947} INFO - Setting next_dagrun for example_short_circuit_decorator to 2026-07-19 00:00:00+00:00, run_after=2026-07-20 00:00:00+00:00
[2026-07-20T06:14:30.647+0000] {processor.py:183} INFO - Processing /workspaces/recomart-recommendation-pipeline/airflow_venv/lib/python3.12/site-packages/airflow/example_dags/example_short_circuit_decorator.py took 0.071 seconds
[2026-07-20T06:15:13.477+0000] {processor.py:161} INFO - Started process (PID=67209) to work on /workspaces/recomart-recommendation-pipeline/airflow_venv/lib/python3.12/site-packages/airflow/example_dags/example_short_circuit_decorator.py
[2026-07-20T06:15:13.478+0000] {processor.py:830} INFO - Processing file /workspaces/recomart-recommendation-pipeline/airflow_venv/lib/python3.12/site-packages/airflow/example_dags/example_short_circuit_decorator.py for tasks to queue
[2026-07-20T06:15:13.479+0000] {logging_mixin.py:188} INFO - [2026-07-20T06:15:13.479+0000] {dagbag.py:545} INFO - Filling up the DagBag from /workspaces/recomart-recommendation-pipeline/airflow_venv/lib/python3.12/site-packages/airflow/example_dags/example_short_circuit_decorator.py
[2026-07-20T06:15:13.489+0000] {processor.py:840} INFO - DAG(s) 'example_short_circuit_decorator' retrieved from /workspaces/recomart-recommendation-pipeline/airflow_venv/lib/python3.12/site-packages/airflow/example_dags/example_short_circuit_decorator.py
[2026-07-20T06:15:13.503+0000] {logging_mixin.py:188} INFO - [2026-07-20T06:15:13.503+0000] {dag.py:3089} INFO - Sync 1 DAGs
[2026-07-20T06:15:13.518+0000] {logging_mixin.py:188} INFO - [2026-07-20T06:15:13.518+0000] {dag.py:3947} INFO - Setting next_dagrun for example_short_circuit_decorator to 2026-07-19 00:00:00+00:00, run_after=2026-07-20 00:00:00+00:00
[2026-07-20T06:15:13.637+0000] {processor.py:183} INFO - Processing /workspaces/recomart-recommendation-pipeline/airflow_venv/lib/python3.12/site-packages/airflow/example_dags/example_short_circuit_decorator.py took 0.166 seconds
[2026-07-20T06:30:59.296+0000] {processor.py:161} INFO - Started process (PID=73569) to work on /workspaces/recomart-recommendation-pipeline/airflow_venv/lib/python3.12/site-packages/airflow/example_dags/example_short_circuit_decorator.py
[2026-07-20T06:30:59.297+0000] {processor.py:830} INFO - Processing file /workspaces/recomart-recommendation-pipeline/airflow_venv/lib/python3.12/site-packages/airflow/example_dags/example_short_circuit_decorator.py for tasks to queue
[2026-07-20T06:30:59.298+0000] {logging_mixin.py:188} INFO - [2026-07-20T06:30:59.298+0000] {dagbag.py:545} INFO - Filling up the DagBag from /workspaces/recomart-recommendation-pipeline/airflow_venv/lib/python3.12/site-packages/airflow/example_dags/example_short_circuit_decorator.py
[2026-07-20T06:30:59.307+0000] {processor.py:840} INFO - DAG(s) 'example_short_circuit_decorator' retrieved from /workspaces/recomart-recommendation-pipeline/airflow_venv/lib/python3.12/site-packages/airflow/example_dags/example_short_circuit_decorator.py
[2026-07-20T06:30:59.313+0000] {logging_mixin.py:188} INFO - [2026-07-20T06:30:59.313+0000] {dag.py:3089} INFO - Sync 1 DAGs
[2026-07-20T06:30:59.337+0000] {logging_mixin.py:188} INFO - [2026-07-20T06:30:59.337+0000] {dag.py:3947} INFO - Setting next_dagrun for example_short_circuit_decorator to 2026-07-19 00:00:00+00:00, run_after=2026-07-20 00:00:00+00:00
[2026-07-20T06:30:59.355+0000] {processor.py:183} INFO - Processing /workspaces/recomart-recommendation-pipeline/airflow_venv/lib/python3.12/site-packages/airflow/example_dags/example_short_circuit_decorator.py took 0.064 seconds
[2026-07-20T06:31:55.652+0000] {processor.py:161} INFO - Started process (PID=74125) to work on /workspaces/recomart-recommendation-pipeline/airflow_venv/lib/python3.12/site-packages/airflow/example_dags/example_short_circuit_decorator.py
[2026-07-20T06:31:55.653+0000] {processor.py:830} INFO - Processing file /workspaces/recomart-recommendation-pipeline/airflow_venv/lib/python3.12/site-packages/airflow/example_dags/example_short_circuit_decorator.py for tasks to queue
[2026-07-20T06:31:55.654+0000] {logging_mixin.py:188} INFO - [2026-07-20T06:31:55.654+0000] {dagbag.py:545} INFO - Filling up the DagBag from /workspaces/recomart-recommendation-pipeline/airflow_venv/lib/python3.12/site-packages/airflow/example_dags/example_short_circuit_decorator.py
[2026-07-20T06:31:55.667+0000] {processor.py:840} INFO - DAG(s) 'example_short_circuit_decorator' retrieved from /workspaces/recomart-recommendation-pipeline/airflow_venv/lib/python3.12/site-packages/airflow/example_dags/example_short_circuit_decorator.py
[2026-07-20T06:31:55.800+0000] {logging_mixin.py:188} INFO - [2026-07-20T06:31:55.800+0000] {dag.py:3089} INFO - Sync 1 DAGs
[2026-07-20T06:31:55.819+0000] {logging_mixin.py:188} INFO - [2026-07-20T06:31:55.819+0000] {dag.py:3947} INFO - Setting next_dagrun for example_short_circuit_decorator to 2026-07-19 00:00:00+00:00, run_after=2026-07-20 00:00:00+00:00
[2026-07-20T06:31:55.837+0000] {processor.py:183} INFO - Processing /workspaces/recomart-recommendation-pipeline/airflow_venv/lib/python3.12/site-packages/airflow/example_dags/example_short_circuit_decorator.py took 0.192 seconds
[2026-07-20T06:32:44.176+0000] {processor.py:161} INFO - Started process (PID=74837) to work on /workspaces/recomart-recommendation-pipeline/airflow_venv/lib/python3.12/site-packages/airflow/example_dags/example_short_circuit_decorator.py
[2026-07-20T06:32:44.179+0000] {processor.py:830} INFO - Processing file /workspaces/recomart-recommendation-pipeline/airflow_venv/lib/python3.12/site-packages/airflow/example_dags/example_short_circuit_decorator.py for tasks to queue
[2026-07-20T06:32:44.181+0000] {logging_mixin.py:188} INFO - [2026-07-20T06:32:44.180+0000] {dagbag.py:545} INFO - Filling up the DagBag from /workspaces/recomart-recommendation-pipeline/airflow_venv/lib/python3.12/site-packages/airflow/example_dags/example_short_circuit_decorator.py
[2026-07-20T06:32:44.192+0000] {processor.py:840} INFO - DAG(s) 'example_short_circuit_decorator' retrieved from /workspaces/recomart-recommendation-pipeline/airflow_venv/lib/python3.12/site-packages/airflow/example_dags/example_short_circuit_decorator.py
[2026-07-20T06:32:44.213+0000] {logging_mixin.py:188} INFO - [2026-07-20T06:32:44.213+0000] {dag.py:3089} INFO - Sync 1 DAGs
[2026-07-20T06:32:44.238+0000] {logging_mixin.py:188} INFO - [2026-07-20T06:32:44.237+0000] {dag.py:3947} INFO - Setting next_dagrun for example_short_circuit_decorator to 2026-07-19 00:00:00+00:00, run_after=2026-07-20 00:00:00+00:00
[2026-07-20T06:32:44.256+0000] {processor.py:183} INFO - Processing /workspaces/recomart-recommendation-pipeline/airflow_venv/lib/python3.12/site-packages/airflow/example_dags/example_short_circuit_decorator.py took 0.086 seconds
[2026-07-20T06:33:58.069+0000] {processor.py:161} INFO - Started process (PID=75625) to work on /workspaces/recomart-recommendation-pipeline/airflow_venv/lib/python3.12/site-packages/airflow/example_dags/example_short_circuit_decorator.py
[2026-07-20T06:33:58.070+0000] {processor.py:830} INFO - Processing file /workspaces/recomart-recommendation-pipeline/airflow_venv/lib/python3.12/site-packages/airflow/example_dags/example_short_circuit_decorator.py for tasks to queue
[2026-07-20T06:33:58.072+0000] {logging_mixin.py:188} INFO - [2026-07-20T06:33:58.071+0000] {dagbag.py:545} INFO - Filling up the DagBag from /workspaces/recomart-recommendation-pipeline/airflow_venv/lib/python3.12/site-packages/airflow/example_dags/example_short_circuit_decorator.py
[2026-07-20T06:33:58.081+0000] {processor.py:840} INFO - DAG(s) 'example_short_circuit_decorator' retrieved from /workspaces/recomart-recommendation-pipeline/airflow_venv/lib/python3.12/site-packages/airflow/example_dags/example_short_circuit_decorator.py
[2026-07-20T06:33:58.099+0000] {logging_mixin.py:188} INFO - [2026-07-20T06:33:58.099+0000] {dag.py:3089} INFO - Sync 1 DAGs
[2026-07-20T06:33:58.115+0000] {logging_mixin.py:188} INFO - [2026-07-20T06:33:58.115+0000] {dag.py:3947} INFO - Setting next_dagrun for example_short_circuit_decorator to 2026-07-19 00:00:00+00:00, run_after=2026-07-20 00:00:00+00:00
[2026-07-20T06:33:58.133+0000] {processor.py:183} INFO - Processing /workspaces/recomart-recommendation-pipeline/airflow_venv/lib/python3.12/site-packages/airflow/example_dags/example_short_circuit_decorator.py took 0.068 seconds
[2026-07-20T06:34:48.106+0000] {processor.py:161} INFO - Started process (PID=76610) to work on /workspaces/recomart-recommendation-pipeline/airflow_venv/lib/python3.12/site-packages/airflow/example_dags/example_short_circuit_decorator.py
[2026-07-20T06:34:48.107+0000] {processor.py:830} INFO - Processing file /workspaces/recomart-recommendation-pipeline/airflow_venv/lib/python3.12/site-packages/airflow/example_dags/example_short_circuit_decorator.py for tasks to queue
[2026-07-20T06:34:48.108+0000] {logging_mixin.py:188} INFO - [2026-07-20T06:34:48.108+0000] {dagbag.py:545} INFO - Filling up the DagBag from /workspaces/recomart-recommendation-pipeline/airflow_venv/lib/python3.12/site-packages/airflow/example_dags/example_short_circuit_decorator.py
[2026-07-20T06:34:48.115+0000] {processor.py:840} INFO - DAG(s) 'example_short_circuit_decorator' retrieved from /workspaces/recomart-recommendation-pipeline/airflow_venv/lib/python3.12/site-packages/airflow/example_dags/example_short_circuit_decorator.py
[2026-07-20T06:34:48.130+0000] {logging_mixin.py:188} INFO - [2026-07-20T06:34:48.130+0000] {dag.py:3089} INFO - Sync 1 DAGs
[2026-07-20T06:34:48.145+0000] {logging_mixin.py:188} INFO - [2026-07-20T06:34:48.145+0000] {dag.py:3947} INFO - Setting next_dagrun for example_short_circuit_decorator to 2026-07-19 00:00:00+00:00, run_after=2026-07-20 00:00:00+00:00
[2026-07-20T06:34:48.162+0000] {processor.py:183} INFO - Processing /workspaces/recomart-recommendation-pipeline/airflow_venv/lib/python3.12/site-packages/airflow/example_dags/example_short_circuit_decorator.py took 0.060 seconds
[2026-07-20T06:35:42.652+0000] {processor.py:161} INFO - Started process (PID=77654) to work on /workspaces/recomart-recommendation-pipeline/airflow_venv/lib/python3.12/site-packages/airflow/example_dags/example_short_circuit_decorator.py
[2026-07-20T06:35:42.653+0000] {processor.py:830} INFO - Processing file /workspaces/recomart-recommendation-pipeline/airflow_venv/lib/python3.12/site-packages/airflow/example_dags/example_short_circuit_decorator.py for tasks to queue
[2026-07-20T06:35:42.655+0000] {logging_mixin.py:188} INFO - [2026-07-20T06:35:42.654+0000] {dagbag.py:545} INFO - Filling up the DagBag from /workspaces/recomart-recommendation-pipeline/airflow_venv/lib/python3.12/site-packages/airflow/example_dags/example_short_circuit_decorator.py
[2026-07-20T06:35:42.664+0000] {processor.py:840} INFO - DAG(s) 'example_short_circuit_decorator' retrieved from /workspaces/recomart-recommendation-pipeline/airflow_venv/lib/python3.12/site-packages/airflow/example_dags/example_short_circuit_decorator.py
[2026-07-20T06:35:42.679+0000] {logging_mixin.py:188} INFO - [2026-07-20T06:35:42.679+0000] {dag.py:3089} INFO - Sync 1 DAGs
[2026-07-20T06:35:42.695+0000] {logging_mixin.py:188} INFO - [2026-07-20T06:35:42.695+0000] {dag.py:3947} INFO - Setting next_dagrun for example_short_circuit_decorator to 2026-07-19 00:00:00+00:00, run_after=2026-07-20 00:00:00+00:00
[2026-07-20T06:35:42.713+0000] {processor.py:183} INFO - Processing /workspaces/recomart-recommendation-pipeline/airflow_venv/lib/python3.12/site-packages/airflow/example_dags/example_short_circuit_decorator.py took 0.075 seconds
[2026-07-20T06:36:33.875+0000] {processor.py:161} INFO - Started process (PID=78578) to work on /workspaces/recomart-recommendation-pipeline/airflow_venv/lib/python3.12/site-packages/airflow/example_dags/example_short_circuit_decorator.py
[2026-07-20T06:36:33.876+0000] {processor.py:830} INFO - Processing file /workspaces/recomart-recommendation-pipeline/airflow_venv/lib/python3.12/site-packages/airflow/example_dags/example_short_circuit_decorator.py for tasks to queue
[2026-07-20T06:36:33.877+0000] {logging_mixin.py:188} INFO - [2026-07-20T06:36:33.877+0000] {dagbag.py:545} INFO - Filling up the DagBag from /workspaces/recomart-recommendation-pipeline/airflow_venv/lib/python3.12/site-packages/airflow/example_dags/example_short_circuit_decorator.py
[2026-07-20T06:36:33.883+0000] {processor.py:840} INFO - DAG(s) 'example_short_circuit_decorator' retrieved from /workspaces/recomart-recommendation-pipeline/airflow_venv/lib/python3.12/site-packages/airflow/example_dags/example_short_circuit_decorator.py
[2026-07-20T06:36:33.897+0000] {logging_mixin.py:188} INFO - [2026-07-20T06:36:33.897+0000] {dag.py:3089} INFO - Sync 1 DAGs
[2026-07-20T06:36:33.911+0000] {logging_mixin.py:188} INFO - [2026-07-20T06:36:33.911+0000] {dag.py:3947} INFO - Setting next_dagrun for example_short_circuit_decorator to 2026-07-19 00:00:00+00:00, run_after=2026-07-20 00:00:00+00:00
[2026-07-20T06:36:33.927+0000] {processor.py:183} INFO - Processing /workspaces/recomart-recommendation-pipeline/airflow_venv/lib/python3.12/site-packages/airflow/example_dags/example_short_circuit_decorator.py took 0.057 seconds
[2026-07-20T06:37:24.412+0000] {processor.py:161} INFO - Started process (PID=79003) to work on /workspaces/recomart-recommendation-pipeline/airflow_venv/lib/python3.12/site-packages/airflow/example_dags/example_short_circuit_decorator.py
[2026-07-20T06:37:24.413+0000] {processor.py:830} INFO - Processing file /workspaces/recomart-recommendation-pipeline/airflow_venv/lib/python3.12/site-packages/airflow/example_dags/example_short_circuit_decorator.py for tasks to queue
[2026-07-20T06:37:24.415+0000] {logging_mixin.py:188} INFO - [2026-07-20T06:37:24.414+0000] {dagbag.py:545} INFO - Filling up the DagBag from /workspaces/recomart-recommendation-pipeline/airflow_venv/lib/python3.12/site-packages/airflow/example_dags/example_short_circuit_decorator.py
[2026-07-20T06:37:24.421+0000] {processor.py:840} INFO - DAG(s) 'example_short_circuit_decorator' retrieved from /workspaces/recomart-recommendation-pipeline/airflow_venv/lib/python3.12/site-packages/airflow/example_dags/example_short_circuit_decorator.py
[2026-07-20T06:37:24.436+0000] {logging_mixin.py:188} INFO - [2026-07-20T06:37:24.435+0000] {dag.py:3089} INFO - Sync 1 DAGs
[2026-07-20T06:37:24.450+0000] {logging_mixin.py:188} INFO - [2026-07-20T06:37:24.450+0000] {dag.py:3947} INFO - Setting next_dagrun for example_short_circuit_decorator to 2026-07-19 00:00:00+00:00, run_after=2026-07-20 00:00:00+00:00
[2026-07-20T06:37:24.467+0000] {processor.py:183} INFO - Processing /workspaces/recomart-recommendation-pipeline/airflow_venv/lib/python3.12/site-packages/airflow/example_dags/example_short_circuit_decorator.py took 0.059 seconds
[2026-07-20T06:38:09.399+0000] {processor.py:161} INFO - Started process (PID=79403) to work on /workspaces/recomart-recommendation-pipeline/airflow_venv/lib/python3.12/site-packages/airflow/example_dags/example_short_circuit_decorator.py
[2026-07-20T06:38:09.400+0000] {processor.py:830} INFO - Processing file /workspaces/recomart-recommendation-pipeline/airflow_venv/lib/python3.12/site-packages/airflow/example_dags/example_short_circuit_decorator.py for tasks to queue
[2026-07-20T06:38:09.402+0000] {logging_mixin.py:188} INFO - [2026-07-20T06:38:09.402+0000] {dagbag.py:545} INFO - Filling up the DagBag from /workspaces/recomart-recommendation-pipeline/airflow_venv/lib/python3.12/site-packages/airflow/example_dags/example_short_circuit_decorator.py
[2026-07-20T06:38:09.412+0000] {processor.py:840} INFO - DAG(s) 'example_short_circuit_decorator' retrieved from /workspaces/recomart-recommendation-pipeline/airflow_venv/lib/python3.12/site-packages/airflow/example_dags/example_short_circuit_decorator.py
[2026-07-20T06:38:09.436+0000] {logging_mixin.py:188} INFO - [2026-07-20T06:38:09.436+0000] {dag.py:3089} INFO - Sync 1 DAGs
[2026-07-20T06:38:09.457+0000] {logging_mixin.py:188} INFO - [2026-07-20T06:38:09.457+0000] {dag.py:3947} INFO - Setting next_dagrun for example_short_circuit_decorator to 2026-07-19 00:00:00+00:00, run_after=2026-07-20 00:00:00+00:00
[2026-07-20T06:38:09.643+0000] {processor.py:183} INFO - Processing /workspaces/recomart-recommendation-pipeline/airflow_venv/lib/python3.12/site-packages/airflow/example_dags/example_short_circuit_decorator.py took 0.249 seconds
[2026-07-20T06:38:58.722+0000] {processor.py:161} INFO - Started process (PID=79823) to work on /workspaces/recomart-recommendation-pipeline/airflow_venv/lib/python3.12/site-packages/airflow/example_dags/example_short_circuit_decorator.py
[2026-07-20T06:38:58.722+0000] {processor.py:830} INFO - Processing file /workspaces/recomart-recommendation-pipeline/airflow_venv/lib/python3.12/site-packages/airflow/example_dags/example_short_circuit_decorator.py for tasks to queue
[2026-07-20T06:38:58.724+0000] {logging_mixin.py:188} INFO - [2026-07-20T06:38:58.724+0000] {dagbag.py:545} INFO - Filling up the DagBag from /workspaces/recomart-recommendation-pipeline/airflow_venv/lib/python3.12/site-packages/airflow/example_dags/example_short_circuit_decorator.py
[2026-07-20T06:38:58.731+0000] {processor.py:840} INFO - DAG(s) 'example_short_circuit_decorator' retrieved from /workspaces/recomart-recommendation-pipeline/airflow_venv/lib/python3.12/site-packages/airflow/example_dags/example_short_circuit_decorator.py
[2026-07-20T06:38:58.745+0000] {logging_mixin.py:188} INFO - [2026-07-20T06:38:58.745+0000] {dag.py:3089} INFO - Sync 1 DAGs
[2026-07-20T06:38:58.759+0000] {logging_mixin.py:188} INFO - [2026-07-20T06:38:58.759+0000] {dag.py:3947} INFO - Setting next_dagrun for example_short_circuit_decorator to 2026-07-19 00:00:00+00:00, run_after=2026-07-20 00:00:00+00:00
[2026-07-20T06:38:58.777+0000] {processor.py:183} INFO - Processing /workspaces/recomart-recommendation-pipeline/airflow_venv/lib/python3.12/site-packages/airflow/example_dags/example_short_circuit_decorator.py took 0.061 seconds
[2026-07-20T06:39:46.788+0000] {processor.py:161} INFO - Started process (PID=80218) to work on /workspaces/recomart-recommendation-pipeline/airflow_venv/lib/python3.12/site-packages/airflow/example_dags/example_short_circuit_decorator.py
[2026-07-20T06:39:46.790+0000] {processor.py:830} INFO - Processing file /workspaces/recomart-recommendation-pipeline/airflow_venv/lib/python3.12/site-packages/airflow/example_dags/example_short_circuit_decorator.py for tasks to queue
[2026-07-20T06:39:46.792+0000] {logging_mixin.py:188} INFO - [2026-07-20T06:39:46.792+0000] {dagbag.py:545} INFO - Filling up the DagBag from /workspaces/recomart-recommendation-pipeline/airflow_venv/lib/python3.12/site-packages/airflow/example_dags/example_short_circuit_decorator.py
[2026-07-20T06:39:46.818+0000] {processor.py:840} INFO - DAG(s) 'example_short_circuit_decorator' retrieved from /workspaces/recomart-recommendation-pipeline/airflow_venv/lib/python3.12/site-packages/airflow/example_dags/example_short_circuit_decorator.py
[2026-07-20T06:39:46.846+0000] {logging_mixin.py:188} INFO - [2026-07-20T06:39:46.845+0000] {dag.py:3089} INFO - Sync 1 DAGs
[2026-07-20T06:39:46.967+0000] {logging_mixin.py:188} INFO - [2026-07-20T06:39:46.967+0000] {dag.py:3947} INFO - Setting next_dagrun for example_short_circuit_decorator to 2026-07-19 00:00:00+00:00, run_after=2026-07-20 00:00:00+00:00
[2026-07-20T06:39:46.986+0000] {processor.py:183} INFO - Processing /workspaces/recomart-recommendation-pipeline/airflow_venv/lib/python3.12/site-packages/airflow/example_dags/example_short_circuit_decorator.py took 0.207 seconds
[2026-07-20T06:40:36.482+0000] {processor.py:161} INFO - Started process (PID=80581) to work on /workspaces/recomart-recommendation-pipeline/airflow_venv/lib/python3.12/site-packages/airflow/example_dags/example_short_circuit_decorator.py
[2026-07-20T06:40:36.483+0000] {processor.py:830} INFO - Processing file /workspaces/recomart-recommendation-pipeline/airflow_venv/lib/python3.12/site-packages/airflow/example_dags/example_short_circuit_decorator.py for tasks to queue
[2026-07-20T06:40:36.485+0000] {logging_mixin.py:188} INFO - [2026-07-20T06:40:36.485+0000] {dagbag.py:545} INFO - Filling up the DagBag from /workspaces/recomart-recommendation-pipeline/airflow_venv/lib/python3.12/site-packages/airflow/example_dags/example_short_circuit_decorator.py
[2026-07-20T06:40:36.493+0000] {processor.py:840} INFO - DAG(s) 'example_short_circuit_decorator' retrieved from /workspaces/recomart-recommendation-pipeline/airflow_venv/lib/python3.12/site-packages/airflow/example_dags/example_short_circuit_decorator.py
[2026-07-20T06:40:36.507+0000] {logging_mixin.py:188} INFO - [2026-07-20T06:40:36.507+0000] {dag.py:3089} INFO - Sync 1 DAGs
[2026-07-20T06:40:36.523+0000] {logging_mixin.py:188} INFO - [2026-07-20T06:40:36.523+0000] {dag.py:3947} INFO - Setting next_dagrun for example_short_circuit_decorator to 2026-07-19 00:00:00+00:00, run_after=2026-07-20 00:00:00+00:00
[2026-07-20T06:40:36.553+0000] {processor.py:183} INFO - Processing /workspaces/recomart-recommendation-pipeline/airflow_venv/lib/python3.12/site-packages/airflow/example_dags/example_short_circuit_decorator.py took 0.076 seconds
[2026-07-20T06:41:24.053+0000] {processor.py:161} INFO - Started process (PID=81054) to work on /workspaces/recomart-recommendation-pipeline/airflow_venv/lib/python3.12/site-packages/airflow/example_dags/example_short_circuit_decorator.py
[2026-07-20T06:41:24.054+0000] {processor.py:830} INFO - Processing file /workspaces/recomart-recommendation-pipeline/airflow_venv/lib/python3.12/site-packages/airflow/example_dags/example_short_circuit_decorator.py for tasks to queue
[2026-07-20T06:41:24.056+0000] {logging_mixin.py:188} INFO - [2026-07-20T06:41:24.056+0000] {dagbag.py:545} INFO - Filling up the DagBag from /workspaces/recomart-recommendation-pipeline/airflow_venv/lib/python3.12/site-packages/airflow/example_dags/example_short_circuit_decorator.py
[2026-07-20T06:41:24.063+0000] {processor.py:840} INFO - DAG(s) 'example_short_circuit_decorator' retrieved from /workspaces/recomart-recommendation-pipeline/airflow_venv/lib/python3.12/site-packages/airflow/example_dags/example_short_circuit_decorator.py
[2026-07-20T06:41:24.081+0000] {logging_mixin.py:188} INFO - [2026-07-20T06:41:24.081+0000] {dag.py:3089} INFO - Sync 1 DAGs
[2026-07-20T06:41:24.098+0000] {logging_mixin.py:188} INFO - [2026-07-20T06:41:24.098+0000] {dag.py:3947} INFO - Setting next_dagrun for example_short_circuit_decorator to 2026-07-19 00:00:00+00:00, run_after=2026-07-20 00:00:00+00:00
[2026-07-20T06:41:24.116+0000] {processor.py:183} INFO - Processing /workspaces/recomart-recommendation-pipeline/airflow_venv/lib/python3.12/site-packages/airflow/example_dags/example_short_circuit_decorator.py took 0.067 seconds
[2026-07-20T06:42:11.091+0000] {processor.py:161} INFO - Started process (PID=81443) to work on /workspaces/recomart-recommendation-pipeline/airflow_venv/lib/python3.12/site-packages/airflow/example_dags/example_short_circuit_decorator.py
[2026-07-20T06:42:11.092+0000] {processor.py:830} INFO - Processing file /workspaces/recomart-recommendation-pipeline/airflow_venv/lib/python3.12/site-packages/airflow/example_dags/example_short_circuit_decorator.py for tasks to queue
[2026-07-20T06:42:11.097+0000] {logging_mixin.py:188} INFO - [2026-07-20T06:42:11.096+0000] {dagbag.py:545} INFO - Filling up the DagBag from /workspaces/recomart-recommendation-pipeline/airflow_venv/lib/python3.12/site-packages/airflow/example_dags/example_short_circuit_decorator.py
[2026-07-20T06:42:11.109+0000] {processor.py:840} INFO - DAG(s) 'example_short_circuit_decorator' retrieved from /workspaces/recomart-recommendation-pipeline/airflow_venv/lib/python3.12/site-packages/airflow/example_dags/example_short_circuit_decorator.py
[2026-07-20T06:42:11.138+0000] {logging_mixin.py:188} INFO - [2026-07-20T06:42:11.138+0000] {dag.py:3089} INFO - Sync 1 DAGs
[2026-07-20T06:42:11.154+0000] {logging_mixin.py:188} INFO - [2026-07-20T06:42:11.153+0000] {dag.py:3947} INFO - Setting next_dagrun for example_short_circuit_decorator to 2026-07-19 00:00:00+00:00, run_after=2026-07-20 00:00:00+00:00
[2026-07-20T06:42:11.171+0000] {processor.py:183} INFO - Processing /workspaces/recomart-recommendation-pipeline/airflow_venv/lib/python3.12/site-packages/airflow/example_dags/example_short_circuit_decorator.py took 0.087 seconds
[2026-07-20T06:42:57.467+0000] {processor.py:161} INFO - Started process (PID=81847) to work on /workspaces/recomart-recommendation-pipeline/airflow_venv/lib/python3.12/site-packages/airflow/example_dags/example_short_circuit_decorator.py
[2026-07-20T06:42:57.468+0000] {processor.py:830} INFO - Processing file /workspaces/recomart-recommendation-pipeline/airflow_venv/lib/python3.12/site-packages/airflow/example_dags/example_short_circuit_decorator.py for tasks to queue
[2026-07-20T06:42:57.470+0000] {logging_mixin.py:188} INFO - [2026-07-20T06:42:57.470+0000] {dagbag.py:545} INFO - Filling up the DagBag from /workspaces/recomart-recommendation-pipeline/airflow_venv/lib/python3.12/site-packages/airflow/example_dags/example_short_circuit_decorator.py
[2026-07-20T06:42:57.479+0000] {processor.py:840} INFO - DAG(s) 'example_short_circuit_decorator' retrieved from /workspaces/recomart-recommendation-pipeline/airflow_venv/lib/python3.12/site-packages/airflow/example_dags/example_short_circuit_decorator.py
[2026-07-20T06:42:57.496+0000] {logging_mixin.py:188} INFO - [2026-07-20T06:42:57.495+0000] {dag.py:3089} INFO - Sync 1 DAGs
[2026-07-20T06:42:57.510+0000] {logging_mixin.py:188} INFO - [2026-07-20T06:42:57.510+0000] {dag.py:3947} INFO - Setting next_dagrun for example_short_circuit_decorator to 2026-07-19 00:00:00+00:00, run_after=2026-07-20 00:00:00+00:00
[2026-07-20T06:42:57.527+0000] {processor.py:183} INFO - Processing /workspaces/recomart-recommendation-pipeline/airflow_venv/lib/python3.12/site-packages/airflow/example_dags/example_short_circuit_decorator.py took 0.064 seconds
[2026-07-20T06:43:45.586+0000] {processor.py:161} INFO - Started process (PID=82263) to work on /workspaces/recomart-recommendation-pipeline/airflow_venv/lib/python3.12/site-packages/airflow/example_dags/example_short_circuit_decorator.py
[2026-07-20T06:43:45.587+0000] {processor.py:830} INFO - Processing file /workspaces/recomart-recommendation-pipeline/airflow_venv/lib/python3.12/site-packages/airflow/example_dags/example_short_circuit_decorator.py for tasks to queue
[2026-07-20T06:43:45.590+0000] {logging_mixin.py:188} INFO - [2026-07-20T06:43:45.588+0000] {dagbag.py:545} INFO - Filling up the DagBag from /workspaces/recomart-recommendation-pipeline/airflow_venv/lib/python3.12/site-packages/airflow/example_dags/example_short_circuit_decorator.py
[2026-07-20T06:43:45.604+0000] {processor.py:840} INFO - DAG(s) 'example_short_circuit_decorator' retrieved from /workspaces/recomart-recommendation-pipeline/airflow_venv/lib/python3.12/site-packages/airflow/example_dags/example_short_circuit_decorator.py
[2026-07-20T06:43:45.630+0000] {logging_mixin.py:188} INFO - [2026-07-20T06:43:45.629+0000] {dag.py:3089} INFO - Sync 1 DAGs
[2026-07-20T06:43:45.646+0000] {logging_mixin.py:188} INFO - [2026-07-20T06:43:45.646+0000] {dag.py:3947} INFO - Setting next_dagrun for example_short_circuit_decorator to 2026-07-19 00:00:00+00:00, run_after=2026-07-20 00:00:00+00:00
[2026-07-20T06:43:45.664+0000] {processor.py:183} INFO - Processing /workspaces/recomart-recommendation-pipeline/airflow_venv/lib/python3.12/site-packages/airflow/example_dags/example_short_circuit_decorator.py took 0.086 seconds
[2026-07-20T06:44:35.117+0000] {processor.py:161} INFO - Started process (PID=82606) to work on /workspaces/recomart-recommendation-pipeline/airflow_venv/lib/python3.12/site-packages/airflow/example_dags/example_short_circuit_decorator.py
[2026-07-20T06:44:35.118+0000] {processor.py:830} INFO - Processing file /workspaces/recomart-recommendation-pipeline/airflow_venv/lib/python3.12/site-packages/airflow/example_dags/example_short_circuit_decorator.py for tasks to queue
[2026-07-20T06:44:35.120+0000] {logging_mixin.py:188} INFO - [2026-07-20T06:44:35.119+0000] {dagbag.py:545} INFO - Filling up the DagBag from /workspaces/recomart-recommendation-pipeline/airflow_venv/lib/python3.12/site-packages/airflow/example_dags/example_short_circuit_decorator.py
[2026-07-20T06:44:35.127+0000] {processor.py:840} INFO - DAG(s) 'example_short_circuit_decorator' retrieved from /workspaces/recomart-recommendation-pipeline/airflow_venv/lib/python3.12/site-packages/airflow/example_dags/example_short_circuit_decorator.py
[2026-07-20T06:44:35.140+0000] {logging_mixin.py:188} INFO - [2026-07-20T06:44:35.140+0000] {dag.py:3089} INFO - Sync 1 DAGs
[2026-07-20T06:44:35.159+0000] {logging_mixin.py:188} INFO - [2026-07-20T06:44:35.159+0000] {dag.py:3947} INFO - Setting next_dagrun for example_short_circuit_decorator to 2026-07-19 00:00:00+00:00, run_after=2026-07-20 00:00:00+00:00
[2026-07-20T06:44:35.185+0000] {processor.py:183} INFO - Processing /workspaces/recomart-recommendation-pipeline/airflow_venv/lib/python3.12/site-packages/airflow/example_dags/example_short_circuit_decorator.py took 0.073 seconds
[2026-07-20T06:45:27.304+0000] {processor.py:161} INFO - Started process (PID=83069) to work on /workspaces/recomart-recommendation-pipeline/airflow_venv/lib/python3.12/site-packages/airflow/example_dags/example_short_circuit_decorator.py
[2026-07-20T06:45:27.305+0000] {processor.py:830} INFO - Processing file /workspaces/recomart-recommendation-pipeline/airflow_venv/lib/python3.12/site-packages/airflow/example_dags/example_short_circuit_decorator.py for tasks to queue
[2026-07-20T06:45:27.306+0000] {logging_mixin.py:188} INFO - [2026-07-20T06:45:27.306+0000] {dagbag.py:545} INFO - Filling up the DagBag from /workspaces/recomart-recommendation-pipeline/airflow_venv/lib/python3.12/site-packages/airflow/example_dags/example_short_circuit_decorator.py
[2026-07-20T06:45:27.314+0000] {processor.py:840} INFO - DAG(s) 'example_short_circuit_decorator' retrieved from /workspaces/recomart-recommendation-pipeline/airflow_venv/lib/python3.12/site-packages/airflow/example_dags/example_short_circuit_decorator.py
[2026-07-20T06:45:27.335+0000] {logging_mixin.py:188} INFO - [2026-07-20T06:45:27.334+0000] {dag.py:3089} INFO - Sync 1 DAGs
[2026-07-20T06:45:27.357+0000] {logging_mixin.py:188} INFO - [2026-07-20T06:45:27.357+0000] {dag.py:3947} INFO - Setting next_dagrun for example_short_circuit_decorator to 2026-07-19 00:00:00+00:00, run_after=2026-07-20 00:00:00+00:00
[2026-07-20T06:45:27.389+0000] {processor.py:183} INFO - Processing /workspaces/recomart-recommendation-pipeline/airflow_venv/lib/python3.12/site-packages/airflow/example_dags/example_short_circuit_decorator.py took 0.090 seconds
[2026-07-20T06:46:13.158+0000] {processor.py:161} INFO - Started process (PID=83515) to work on /workspaces/recomart-recommendation-pipeline/airflow_venv/lib/python3.12/site-packages/airflow/example_dags/example_short_circuit_decorator.py
[2026-07-20T06:46:13.159+0000] {processor.py:830} INFO - Processing file /workspaces/recomart-recommendation-pipeline/airflow_venv/lib/python3.12/site-packages/airflow/example_dags/example_short_circuit_decorator.py for tasks to queue
[2026-07-20T06:46:13.161+0000] {logging_mixin.py:188} INFO - [2026-07-20T06:46:13.160+0000] {dagbag.py:545} INFO - Filling up the DagBag from /workspaces/recomart-recommendation-pipeline/airflow_venv/lib/python3.12/site-packages/airflow/example_dags/example_short_circuit_decorator.py
[2026-07-20T06:46:13.167+0000] {processor.py:840} INFO - DAG(s) 'example_short_circuit_decorator' retrieved from /workspaces/recomart-recommendation-pipeline/airflow_venv/lib/python3.12/site-packages/airflow/example_dags/example_short_circuit_decorator.py
[2026-07-20T06:46:13.186+0000] {logging_mixin.py:188} INFO - [2026-07-20T06:46:13.186+0000] {dag.py:3089} INFO - Sync 1 DAGs
[2026-07-20T06:46:13.202+0000] {logging_mixin.py:188} INFO - [2026-07-20T06:46:13.202+0000] {dag.py:3947} INFO - Setting next_dagrun for example_short_circuit_decorator to 2026-07-19 00:00:00+00:00, run_after=2026-07-20 00:00:00+00:00
[2026-07-20T06:46:13.223+0000] {processor.py:183} INFO - Processing /workspaces/recomart-recommendation-pipeline/airflow_venv/lib/python3.12/site-packages/airflow/example_dags/example_short_circuit_decorator.py took 0.069 seconds
[2026-07-20T06:46:58.339+0000] {processor.py:161} INFO - Started process (PID=83896) to work on /workspaces/recomart-recommendation-pipeline/airflow_venv/lib/python3.12/site-packages/airflow/example_dags/example_short_circuit_decorator.py
[2026-07-20T06:46:58.340+0000] {processor.py:830} INFO - Processing file /workspaces/recomart-recommendation-pipeline/airflow_venv/lib/python3.12/site-packages/airflow/example_dags/example_short_circuit_decorator.py for tasks to queue
[2026-07-20T06:46:58.341+0000] {logging_mixin.py:188} INFO - [2026-07-20T06:46:58.341+0000] {dagbag.py:545} INFO - Filling up the DagBag from /workspaces/recomart-recommendation-pipeline/airflow_venv/lib/python3.12/site-packages/airflow/example_dags/example_short_circuit_decorator.py
[2026-07-20T06:46:58.351+0000] {processor.py:840} INFO - DAG(s) 'example_short_circuit_decorator' retrieved from /workspaces/recomart-recommendation-pipeline/airflow_venv/lib/python3.12/site-packages/airflow/example_dags/example_short_circuit_decorator.py
[2026-07-20T06:46:58.369+0000] {logging_mixin.py:188} INFO - [2026-07-20T06:46:58.369+0000] {dag.py:3089} INFO - Sync 1 DAGs
[2026-07-20T06:46:58.389+0000] {logging_mixin.py:188} INFO - [2026-07-20T06:46:58.389+0000] {dag.py:3947} INFO - Setting next_dagrun for example_short_circuit_decorator to 2026-07-19 00:00:00+00:00, run_after=2026-07-20 00:00:00+00:00
[2026-07-20T06:46:58.406+0000] {processor.py:183} INFO - Processing /workspaces/recomart-recommendation-pipeline/airflow_venv/lib/python3.12/site-packages/airflow/example_dags/example_short_circuit_decorator.py took 0.071 seconds
[2026-07-20T06:47:39.370+0000] {processor.py:161} INFO - Started process (PID=84198) to work on /workspaces/recomart-recommendation-pipeline/airflow_venv/lib/python3.12/site-packages/airflow/example_dags/example_short_circuit_decorator.py
[2026-07-20T06:47:39.374+0000] {processor.py:830} INFO - Processing file /workspaces/recomart-recommendation-pipeline/airflow_venv/lib/python3.12/site-packages/airflow/example_dags/example_short_circuit_decorator.py for tasks to queue
[2026-07-20T06:47:39.378+0000] {logging_mixin.py:188} INFO - [2026-07-20T06:47:39.376+0000] {dagbag.py:545} INFO - Filling up the DagBag from /workspaces/recomart-recommendation-pipeline/airflow_venv/lib/python3.12/site-packages/airflow/example_dags/example_short_circuit_decorator.py
[2026-07-20T06:47:39.399+0000] {processor.py:840} INFO - DAG(s) 'example_short_circuit_decorator' retrieved from /workspaces/recomart-recommendation-pipeline/airflow_venv/lib/python3.12/site-packages/airflow/example_dags/example_short_circuit_decorator.py
[2026-07-20T06:47:39.441+0000] {logging_mixin.py:188} INFO - [2026-07-20T06:47:39.440+0000] {dag.py:3089} INFO - Sync 1 DAGs
[2026-07-20T06:47:39.462+0000] {logging_mixin.py:188} INFO - [2026-07-20T06:47:39.462+0000] {dag.py:3947} INFO - Setting next_dagrun for example_short_circuit_decorator to 2026-07-19 00:00:00+00:00, run_after=2026-07-20 00:00:00+00:00
[2026-07-20T06:47:39.497+0000] {processor.py:183} INFO - Processing /workspaces/recomart-recommendation-pipeline/airflow_venv/lib/python3.12/site-packages/airflow/example_dags/example_short_circuit_decorator.py took 0.157 seconds
[2026-07-20T06:48:22.074+0000] {processor.py:161} INFO - Started process (PID=84581) to work on /workspaces/recomart-recommendation-pipeline/airflow_venv/lib/python3.12/site-packages/airflow/example_dags/example_short_circuit_decorator.py
[2026-07-20T06:48:22.075+0000] {processor.py:830} INFO - Processing file /workspaces/recomart-recommendation-pipeline/airflow_venv/lib/python3.12/site-packages/airflow/example_dags/example_short_circuit_decorator.py for tasks to queue
[2026-07-20T06:48:22.077+0000] {logging_mixin.py:188} INFO - [2026-07-20T06:48:22.076+0000] {dagbag.py:545} INFO - Filling up the DagBag from /workspaces/recomart-recommendation-pipeline/airflow_venv/lib/python3.12/site-packages/airflow/example_dags/example_short_circuit_decorator.py
[2026-07-20T06:48:22.086+0000] {processor.py:840} INFO - DAG(s) 'example_short_circuit_decorator' retrieved from /workspaces/recomart-recommendation-pipeline/airflow_venv/lib/python3.12/site-packages/airflow/example_dags/example_short_circuit_decorator.py
[2026-07-20T06:48:22.100+0000] {logging_mixin.py:188} INFO - [2026-07-20T06:48:22.100+0000] {dag.py:3089} INFO - Sync 1 DAGs
[2026-07-20T06:48:22.116+0000] {logging_mixin.py:188} INFO - [2026-07-20T06:48:22.116+0000] {dag.py:3947} INFO - Setting next_dagrun for example_short_circuit_decorator to 2026-07-19 00:00:00+00:00, run_after=2026-07-20 00:00:00+00:00
[2026-07-20T06:48:22.132+0000] {processor.py:183} INFO - Processing /workspaces/recomart-recommendation-pipeline/airflow_venv/lib/python3.12/site-packages/airflow/example_dags/example_short_circuit_decorator.py took 0.065 seconds
[2026-07-20T06:49:03.545+0000] {processor.py:161} INFO - Started process (PID=85063) to work on /workspaces/recomart-recommendation-pipeline/airflow_venv/lib/python3.12/site-packages/airflow/example_dags/example_short_circuit_decorator.py
[2026-07-20T06:49:03.546+0000] {processor.py:830} INFO - Processing file /workspaces/recomart-recommendation-pipeline/airflow_venv/lib/python3.12/site-packages/airflow/example_dags/example_short_circuit_decorator.py for tasks to queue
[2026-07-20T06:49:03.547+0000] {logging_mixin.py:188} INFO - [2026-07-20T06:49:03.547+0000] {dagbag.py:545} INFO - Filling up the DagBag from /workspaces/recomart-recommendation-pipeline/airflow_venv/lib/python3.12/site-packages/airflow/example_dags/example_short_circuit_decorator.py
[2026-07-20T06:49:03.554+0000] {processor.py:840} INFO - DAG(s) 'example_short_circuit_decorator' retrieved from /workspaces/recomart-recommendation-pipeline/airflow_venv/lib/python3.12/site-packages/airflow/example_dags/example_short_circuit_decorator.py
[2026-07-20T06:49:03.567+0000] {logging_mixin.py:188} INFO - [2026-07-20T06:49:03.567+0000] {dag.py:3089} INFO - Sync 1 DAGs
[2026-07-20T06:49:03.586+0000] {logging_mixin.py:188} INFO - [2026-07-20T06:49:03.585+0000] {dag.py:3947} INFO - Setting next_dagrun for example_short_circuit_decorator to 2026-07-19 00:00:00+00:00, run_after=2026-07-20 00:00:00+00:00
[2026-07-20T06:49:03.603+0000] {processor.py:183} INFO - Processing /workspaces/recomart-recommendation-pipeline/airflow_venv/lib/python3.12/site-packages/airflow/example_dags/example_short_circuit_decorator.py took 0.063 seconds
[2026-07-20T06:49:45.031+0000] {processor.py:161} INFO - Started process (PID=85422) to work on /workspaces/recomart-recommendation-pipeline/airflow_venv/lib/python3.12/site-packages/airflow/example_dags/example_short_circuit_decorator.py
[2026-07-20T06:49:45.032+0000] {processor.py:830} INFO - Processing file /workspaces/recomart-recommendation-pipeline/airflow_venv/lib/python3.12/site-packages/airflow/example_dags/example_short_circuit_decorator.py for tasks to queue
[2026-07-20T06:49:45.033+0000] {logging_mixin.py:188} INFO - [2026-07-20T06:49:45.033+0000] {dagbag.py:545} INFO - Filling up the DagBag from /workspaces/recomart-recommendation-pipeline/airflow_venv/lib/python3.12/site-packages/airflow/example_dags/example_short_circuit_decorator.py
[2026-07-20T06:49:45.041+0000] {processor.py:840} INFO - DAG(s) 'example_short_circuit_decorator' retrieved from /workspaces/recomart-recommendation-pipeline/airflow_venv/lib/python3.12/site-packages/airflow/example_dags/example_short_circuit_decorator.py
[2026-07-20T06:49:45.056+0000] {logging_mixin.py:188} INFO - [2026-07-20T06:49:45.056+0000] {dag.py:3089} INFO - Sync 1 DAGs
[2026-07-20T06:49:45.072+0000] {logging_mixin.py:188} INFO - [2026-07-20T06:49:45.072+0000] {dag.py:3947} INFO - Setting next_dagrun for example_short_circuit_decorator to 2026-07-19 00:00:00+00:00, run_after=2026-07-20 00:00:00+00:00
[2026-07-20T06:49:45.091+0000] {processor.py:183} INFO - Processing /workspaces/recomart-recommendation-pipeline/airflow_venv/lib/python3.12/site-packages/airflow/example_dags/example_short_circuit_decorator.py took 0.064 seconds
[2026-07-20T06:50:29.735+0000] {processor.py:161} INFO - Started process (PID=85861) to work on /workspaces/recomart-recommendation-pipeline/airflow_venv/lib/python3.12/site-packages/airflow/example_dags/example_short_circuit_decorator.py
[2026-07-20T06:50:29.736+0000] {processor.py:830} INFO - Processing file /workspaces/recomart-recommendation-pipeline/airflow_venv/lib/python3.12/site-packages/airflow/example_dags/example_short_circuit_decorator.py for tasks to queue
[2026-07-20T06:50:29.737+0000] {logging_mixin.py:188} INFO - [2026-07-20T06:50:29.737+0000] {dagbag.py:545} INFO - Filling up the DagBag from /workspaces/recomart-recommendation-pipeline/airflow_venv/lib/python3.12/site-packages/airflow/example_dags/example_short_circuit_decorator.py
[2026-07-20T06:50:29.744+0000] {processor.py:840} INFO - DAG(s) 'example_short_circuit_decorator' retrieved from /workspaces/recomart-recommendation-pipeline/airflow_venv/lib/python3.12/site-packages/airflow/example_dags/example_short_circuit_decorator.py
[2026-07-20T06:50:29.757+0000] {logging_mixin.py:188} INFO - [2026-07-20T06:50:29.757+0000] {dag.py:3089} INFO - Sync 1 DAGs
[2026-07-20T06:50:29.774+0000] {logging_mixin.py:188} INFO - [2026-07-20T06:50:29.773+0000] {dag.py:3947} INFO - Setting next_dagrun for example_short_circuit_decorator to 2026-07-19 00:00:00+00:00, run_after=2026-07-20 00:00:00+00:00
[2026-07-20T06:50:29.793+0000] {processor.py:183} INFO - Processing /workspaces/recomart-recommendation-pipeline/airflow_venv/lib/python3.12/site-packages/airflow/example_dags/example_short_circuit_decorator.py took 0.062 seconds
[2026-07-20T06:51:13.895+0000] {processor.py:161} INFO - Started process (PID=86362) to work on /workspaces/recomart-recommendation-pipeline/airflow_venv/lib/python3.12/site-packages/airflow/example_dags/example_short_circuit_decorator.py
[2026-07-20T06:51:13.896+0000] {processor.py:830} INFO - Processing file /workspaces/recomart-recommendation-pipeline/airflow_venv/lib/python3.12/site-packages/airflow/example_dags/example_short_circuit_decorator.py for tasks to queue
[2026-07-20T06:51:13.897+0000] {logging_mixin.py:188} INFO - [2026-07-20T06:51:13.897+0000] {dagbag.py:545} INFO - Filling up the DagBag from /workspaces/recomart-recommendation-pipeline/airflow_venv/lib/python3.12/site-packages/airflow/example_dags/example_short_circuit_decorator.py
[2026-07-20T06:51:13.904+0000] {processor.py:840} INFO - DAG(s) 'example_short_circuit_decorator' retrieved from /workspaces/recomart-recommendation-pipeline/airflow_venv/lib/python3.12/site-packages/airflow/example_dags/example_short_circuit_decorator.py
[2026-07-20T06:51:13.918+0000] {logging_mixin.py:188} INFO - [2026-07-20T06:51:13.918+0000] {dag.py:3089} INFO - Sync 1 DAGs
[2026-07-20T06:51:13.932+0000] {logging_mixin.py:188} INFO - [2026-07-20T06:51:13.932+0000] {dag.py:3947} INFO - Setting next_dagrun for example_short_circuit_decorator to 2026-07-19 00:00:00+00:00, run_after=2026-07-20 00:00:00+00:00
[2026-07-20T06:51:13.950+0000] {processor.py:183} INFO - Processing /workspaces/recomart-recommendation-pipeline/airflow_venv/lib/python3.12/site-packages/airflow/example_dags/example_short_circuit_decorator.py took 0.059 seconds
[2026-07-20T06:52:00.016+0000] {processor.py:161} INFO - Started process (PID=86768) to work on /workspaces/recomart-recommendation-pipeline/airflow_venv/lib/python3.12/site-packages/airflow/example_dags/example_short_circuit_decorator.py
[2026-07-20T06:52:00.017+0000] {processor.py:830} INFO - Processing file /workspaces/recomart-recommendation-pipeline/airflow_venv/lib/python3.12/site-packages/airflow/example_dags/example_short_circuit_decorator.py for tasks to queue
[2026-07-20T06:52:00.018+0000] {logging_mixin.py:188} INFO - [2026-07-20T06:52:00.018+0000] {dagbag.py:545} INFO - Filling up the DagBag from /workspaces/recomart-recommendation-pipeline/airflow_venv/lib/python3.12/site-packages/airflow/example_dags/example_short_circuit_decorator.py
[2026-07-20T06:52:00.026+0000] {processor.py:840} INFO - DAG(s) 'example_short_circuit_decorator' retrieved from /workspaces/recomart-recommendation-pipeline/airflow_venv/lib/python3.12/site-packages/airflow/example_dags/example_short_circuit_decorator.py
[2026-07-20T06:52:00.041+0000] {logging_mixin.py:188} INFO - [2026-07-20T06:52:00.041+0000] {dag.py:3089} INFO - Sync 1 DAGs
[2026-07-20T06:52:00.056+0000] {logging_mixin.py:188} INFO - [2026-07-20T06:52:00.056+0000] {dag.py:3947} INFO - Setting next_dagrun for example_short_circuit_decorator to 2026-07-19 00:00:00+00:00, run_after=2026-07-20 00:00:00+00:00
[2026-07-20T06:52:00.075+0000] {processor.py:183} INFO - Processing /workspaces/recomart-recommendation-pipeline/airflow_venv/lib/python3.12/site-packages/airflow/example_dags/example_short_circuit_decorator.py took 0.064 seconds
[2026-07-20T06:57:59.471+0000] {processor.py:161} INFO - Started process (PID=89660) to work on /workspaces/recomart-recommendation-pipeline/airflow_venv/lib/python3.12/site-packages/airflow/example_dags/example_short_circuit_decorator.py
[2026-07-20T06:57:59.472+0000] {processor.py:830} INFO - Processing file /workspaces/recomart-recommendation-pipeline/airflow_venv/lib/python3.12/site-packages/airflow/example_dags/example_short_circuit_decorator.py for tasks to queue
[2026-07-20T06:57:59.474+0000] {logging_mixin.py:188} INFO - [2026-07-20T06:57:59.474+0000] {dagbag.py:545} INFO - Filling up the DagBag from /workspaces/recomart-recommendation-pipeline/airflow_venv/lib/python3.12/site-packages/airflow/example_dags/example_short_circuit_decorator.py
[2026-07-20T06:57:59.492+0000] {processor.py:840} INFO - DAG(s) 'example_short_circuit_decorator' retrieved from /workspaces/recomart-recommendation-pipeline/airflow_venv/lib/python3.12/site-packages/airflow/example_dags/example_short_circuit_decorator.py
[2026-07-20T06:57:59.586+0000] {logging_mixin.py:188} INFO - [2026-07-20T06:57:59.585+0000] {dag.py:3089} INFO - Sync 1 DAGs
[2026-07-20T06:57:59.627+0000] {logging_mixin.py:188} INFO - [2026-07-20T06:57:59.626+0000] {dag.py:3947} INFO - Setting next_dagrun for example_short_circuit_decorator to 2026-07-19 00:00:00+00:00, run_after=2026-07-20 00:00:00+00:00
[2026-07-20T06:57:59.702+0000] {processor.py:183} INFO - Processing /workspaces/recomart-recommendation-pipeline/airflow_venv/lib/python3.12/site-packages/airflow/example_dags/example_short_circuit_decorator.py took 0.251 seconds
[2026-07-20T06:58:56.902+0000] {processor.py:161} INFO - Started process (PID=90196) to work on /workspaces/recomart-recommendation-pipeline/airflow_venv/lib/python3.12/site-packages/airflow/example_dags/example_short_circuit_decorator.py
[2026-07-20T06:58:56.904+0000] {processor.py:830} INFO - Processing file /workspaces/recomart-recommendation-pipeline/airflow_venv/lib/python3.12/site-packages/airflow/example_dags/example_short_circuit_decorator.py for tasks to queue
[2026-07-20T06:58:56.908+0000] {logging_mixin.py:188} INFO - [2026-07-20T06:58:56.908+0000] {dagbag.py:545} INFO - Filling up the DagBag from /workspaces/recomart-recommendation-pipeline/airflow_venv/lib/python3.12/site-packages/airflow/example_dags/example_short_circuit_decorator.py
[2026-07-20T06:58:56.923+0000] {processor.py:840} INFO - DAG(s) 'example_short_circuit_decorator' retrieved from /workspaces/recomart-recommendation-pipeline/airflow_venv/lib/python3.12/site-packages/airflow/example_dags/example_short_circuit_decorator.py
[2026-07-20T06:58:57.030+0000] {logging_mixin.py:188} INFO - [2026-07-20T06:58:57.030+0000] {dag.py:3089} INFO - Sync 1 DAGs
[2026-07-20T06:58:57.043+0000] {logging_mixin.py:188} INFO - [2026-07-20T06:58:57.042+0000] {dag.py:3947} INFO - Setting next_dagrun for example_short_circuit_decorator to 2026-07-19 00:00:00+00:00, run_after=2026-07-20 00:00:00+00:00
[2026-07-20T06:58:57.067+0000] {processor.py:183} INFO - Processing /workspaces/recomart-recommendation-pipeline/airflow_venv/lib/python3.12/site-packages/airflow/example_dags/example_short_circuit_decorator.py took 0.172 seconds
[2026-07-20T07:00:29.310+0000] {processor.py:161} INFO - Started process (PID=91766) to work on /workspaces/recomart-recommendation-pipeline/airflow_venv/lib/python3.12/site-packages/airflow/example_dags/example_short_circuit_decorator.py
[2026-07-20T07:00:29.310+0000] {processor.py:830} INFO - Processing file /workspaces/recomart-recommendation-pipeline/airflow_venv/lib/python3.12/site-packages/airflow/example_dags/example_short_circuit_decorator.py for tasks to queue
[2026-07-20T07:00:29.312+0000] {logging_mixin.py:188} INFO - [2026-07-20T07:00:29.311+0000] {dagbag.py:545} INFO - Filling up the DagBag from /workspaces/recomart-recommendation-pipeline/airflow_venv/lib/python3.12/site-packages/airflow/example_dags/example_short_circuit_decorator.py
[2026-07-20T07:00:29.318+0000] {processor.py:840} INFO - DAG(s) 'example_short_circuit_decorator' retrieved from /workspaces/recomart-recommendation-pipeline/airflow_venv/lib/python3.12/site-packages/airflow/example_dags/example_short_circuit_decorator.py
[2026-07-20T07:00:29.337+0000] {logging_mixin.py:188} INFO - [2026-07-20T07:00:29.337+0000] {dag.py:3089} INFO - Sync 1 DAGs
[2026-07-20T07:00:29.352+0000] {logging_mixin.py:188} INFO - [2026-07-20T07:00:29.352+0000] {dag.py:3947} INFO - Setting next_dagrun for example_short_circuit_decorator to 2026-07-19 00:00:00+00:00, run_after=2026-07-20 00:00:00+00:00
[2026-07-20T07:00:29.369+0000] {processor.py:183} INFO - Processing /workspaces/recomart-recommendation-pipeline/airflow_venv/lib/python3.12/site-packages/airflow/example_dags/example_short_circuit_decorator.py took 0.063 seconds
[2026-07-20T07:01:19.958+0000] {processor.py:161} INFO - Started process (PID=92200) to work on /workspaces/recomart-recommendation-pipeline/airflow_venv/lib/python3.12/site-packages/airflow/example_dags/example_short_circuit_decorator.py
[2026-07-20T07:01:19.959+0000] {processor.py:830} INFO - Processing file /workspaces/recomart-recommendation-pipeline/airflow_venv/lib/python3.12/site-packages/airflow/example_dags/example_short_circuit_decorator.py for tasks to queue
[2026-07-20T07:01:19.960+0000] {logging_mixin.py:188} INFO - [2026-07-20T07:01:19.960+0000] {dagbag.py:545} INFO - Filling up the DagBag from /workspaces/recomart-recommendation-pipeline/airflow_venv/lib/python3.12/site-packages/airflow/example_dags/example_short_circuit_decorator.py
[2026-07-20T07:01:19.967+0000] {processor.py:840} INFO - DAG(s) 'example_short_circuit_decorator' retrieved from /workspaces/recomart-recommendation-pipeline/airflow_venv/lib/python3.12/site-packages/airflow/example_dags/example_short_circuit_decorator.py
[2026-07-20T07:01:19.987+0000] {logging_mixin.py:188} INFO - [2026-07-20T07:01:19.986+0000] {dag.py:3089} INFO - Sync 1 DAGs
[2026-07-20T07:01:20.004+0000] {logging_mixin.py:188} INFO - [2026-07-20T07:01:20.004+0000] {dag.py:3947} INFO - Setting next_dagrun for example_short_circuit_decorator to 2026-07-19 00:00:00+00:00, run_after=2026-07-20 00:00:00+00:00
[2026-07-20T07:01:20.028+0000] {processor.py:183} INFO - Processing /workspaces/recomart-recommendation-pipeline/airflow_venv/lib/python3.12/site-packages/airflow/example_dags/example_short_circuit_decorator.py took 0.075 seconds
