[2026-07-20T05:59:18.784+0000] {processor.py:161} INFO - Started process (PID=58288) to work on /workspaces/recomart-recommendation-pipeline/airflow_venv/lib/python3.12/site-packages/airflow/example_dags/example_latest_only.py
[2026-07-20T05:59:18.785+0000] {processor.py:830} INFO - Processing file /workspaces/recomart-recommendation-pipeline/airflow_venv/lib/python3.12/site-packages/airflow/example_dags/example_latest_only.py for tasks to queue
[2026-07-20T05:59:18.786+0000] {logging_mixin.py:188} INFO - [2026-07-20T05:59:18.786+0000] {dagbag.py:545} INFO - Filling up the DagBag from /workspaces/recomart-recommendation-pipeline/airflow_venv/lib/python3.12/site-packages/airflow/example_dags/example_latest_only.py
[2026-07-20T05:59:18.790+0000] {processor.py:840} INFO - DAG(s) 'latest_only' retrieved from /workspaces/recomart-recommendation-pipeline/airflow_venv/lib/python3.12/site-packages/airflow/example_dags/example_latest_only.py
[2026-07-20T05:59:18.892+0000] {logging_mixin.py:188} INFO - [2026-07-20T05:59:18.891+0000] {override.py:1858} INFO - Created Permission View: can read on DAG:latest_only
[2026-07-20T05:59:18.901+0000] {logging_mixin.py:188} INFO - [2026-07-20T05:59:18.901+0000] {override.py:1858} INFO - Created Permission View: can edit on DAG:latest_only
[2026-07-20T05:59:18.919+0000] {logging_mixin.py:188} INFO - [2026-07-20T05:59:18.919+0000] {override.py:1858} INFO - Created Permission View: can delete on DAG:latest_only
[2026-07-20T05:59:18.920+0000] {logging_mixin.py:188} INFO - [2026-07-20T05:59:18.920+0000] {dag.py:3089} INFO - Sync 1 DAGs
[2026-07-20T05:59:18.928+0000] {logging_mixin.py:188} INFO - [2026-07-20T05:59:18.928+0000] {dag.py:3111} INFO - Creating ORM DAG for latest_only
[2026-07-20T05:59:18.937+0000] {logging_mixin.py:188} INFO - [2026-07-20T05:59:18.936+0000] {dag.py:3947} INFO - Setting next_dagrun for latest_only to 2026-07-20 00:00:00+00:00, run_after=2026-07-20 04:00:00+00:00
[2026-07-20T05:59:18.954+0000] {processor.py:183} INFO - Processing /workspaces/recomart-recommendation-pipeline/airflow_venv/lib/python3.12/site-packages/airflow/example_dags/example_latest_only.py took 0.174 seconds
[2026-07-20T06:00:13.480+0000] {processor.py:161} INFO - Started process (PID=58734) to work on /workspaces/recomart-recommendation-pipeline/airflow_venv/lib/python3.12/site-packages/airflow/example_dags/example_latest_only.py
[2026-07-20T06:00:13.481+0000] {processor.py:830} INFO - Processing file /workspaces/recomart-recommendation-pipeline/airflow_venv/lib/python3.12/site-packages/airflow/example_dags/example_latest_only.py for tasks to queue
[2026-07-20T06:00:13.482+0000] {logging_mixin.py:188} INFO - [2026-07-20T06:00:13.482+0000] {dagbag.py:545} INFO - Filling up the DagBag from /workspaces/recomart-recommendation-pipeline/airflow_venv/lib/python3.12/site-packages/airflow/example_dags/example_latest_only.py
[2026-07-20T06:00:13.486+0000] {processor.py:840} INFO - DAG(s) 'latest_only' retrieved from /workspaces/recomart-recommendation-pipeline/airflow_venv/lib/python3.12/site-packages/airflow/example_dags/example_latest_only.py
[2026-07-20T06:00:13.505+0000] {logging_mixin.py:188} INFO - [2026-07-20T06:00:13.505+0000] {dag.py:3089} INFO - Sync 1 DAGs
[2026-07-20T06:00:13.601+0000] {logging_mixin.py:188} INFO - [2026-07-20T06:00:13.600+0000] {dag.py:3947} INFO - Setting next_dagrun for latest_only to 2026-07-20 00:00:00+00:00, run_after=2026-07-20 04:00:00+00:00
[2026-07-20T06:00:13.626+0000] {processor.py:183} INFO - Processing /workspaces/recomart-recommendation-pipeline/airflow_venv/lib/python3.12/site-packages/airflow/example_dags/example_latest_only.py took 0.150 seconds
[2026-07-20T06:01:03.708+0000] {processor.py:161} INFO - Started process (PID=59285) to work on /workspaces/recomart-recommendation-pipeline/airflow_venv/lib/python3.12/site-packages/airflow/example_dags/example_latest_only.py
[2026-07-20T06:01:03.709+0000] {processor.py:830} INFO - Processing file /workspaces/recomart-recommendation-pipeline/airflow_venv/lib/python3.12/site-packages/airflow/example_dags/example_latest_only.py for tasks to queue
[2026-07-20T06:01:03.710+0000] {logging_mixin.py:188} INFO - [2026-07-20T06:01:03.710+0000] {dagbag.py:545} INFO - Filling up the DagBag from /workspaces/recomart-recommendation-pipeline/airflow_venv/lib/python3.12/site-packages/airflow/example_dags/example_latest_only.py
[2026-07-20T06:01:03.713+0000] {processor.py:840} INFO - DAG(s) 'latest_only' retrieved from /workspaces/recomart-recommendation-pipeline/airflow_venv/lib/python3.12/site-packages/airflow/example_dags/example_latest_only.py
[2026-07-20T06:01:03.725+0000] {logging_mixin.py:188} INFO - [2026-07-20T06:01:03.725+0000] {dag.py:3089} INFO - Sync 1 DAGs
[2026-07-20T06:01:03.739+0000] {logging_mixin.py:188} INFO - [2026-07-20T06:01:03.739+0000] {dag.py:3947} INFO - Setting next_dagrun for latest_only to 2026-07-20 00:00:00+00:00, run_after=2026-07-20 04:00:00+00:00
[2026-07-20T06:01:03.761+0000] {processor.py:183} INFO - Processing /workspaces/recomart-recommendation-pipeline/airflow_venv/lib/python3.12/site-packages/airflow/example_dags/example_latest_only.py took 0.058 seconds
[2026-07-20T06:01:53.346+0000] {processor.py:161} INFO - Started process (PID=59882) to work on /workspaces/recomart-recommendation-pipeline/airflow_venv/lib/python3.12/site-packages/airflow/example_dags/example_latest_only.py
[2026-07-20T06:01:53.347+0000] {processor.py:830} INFO - Processing file /workspaces/recomart-recommendation-pipeline/airflow_venv/lib/python3.12/site-packages/airflow/example_dags/example_latest_only.py for tasks to queue
[2026-07-20T06:01:53.350+0000] {logging_mixin.py:188} INFO - [2026-07-20T06:01:53.349+0000] {dagbag.py:545} INFO - Filling up the DagBag from /workspaces/recomart-recommendation-pipeline/airflow_venv/lib/python3.12/site-packages/airflow/example_dags/example_latest_only.py
[2026-07-20T06:01:53.355+0000] {processor.py:840} INFO - DAG(s) 'latest_only' retrieved from /workspaces/recomart-recommendation-pipeline/airflow_venv/lib/python3.12/site-packages/airflow/example_dags/example_latest_only.py
[2026-07-20T06:01:53.375+0000] {logging_mixin.py:188} INFO - [2026-07-20T06:01:53.374+0000] {dag.py:3089} INFO - Sync 1 DAGs
[2026-07-20T06:01:53.397+0000] {logging_mixin.py:188} INFO - [2026-07-20T06:01:53.397+0000] {dag.py:3947} INFO - Setting next_dagrun for latest_only to 2026-07-20 00:00:00+00:00, run_after=2026-07-20 04:00:00+00:00
[2026-07-20T06:01:53.419+0000] {processor.py:183} INFO - Processing /workspaces/recomart-recommendation-pipeline/airflow_venv/lib/python3.12/site-packages/airflow/example_dags/example_latest_only.py took 0.079 seconds
[2026-07-20T06:02:57.866+0000] {processor.py:161} INFO - Started process (PID=60409) to work on /workspaces/recomart-recommendation-pipeline/airflow_venv/lib/python3.12/site-packages/airflow/example_dags/example_latest_only.py
[2026-07-20T06:02:57.867+0000] {processor.py:830} INFO - Processing file /workspaces/recomart-recommendation-pipeline/airflow_venv/lib/python3.12/site-packages/airflow/example_dags/example_latest_only.py for tasks to queue
[2026-07-20T06:02:57.869+0000] {logging_mixin.py:188} INFO - [2026-07-20T06:02:57.869+0000] {dagbag.py:545} INFO - Filling up the DagBag from /workspaces/recomart-recommendation-pipeline/airflow_venv/lib/python3.12/site-packages/airflow/example_dags/example_latest_only.py
[2026-07-20T06:02:57.874+0000] {processor.py:840} INFO - DAG(s) 'latest_only' retrieved from /workspaces/recomart-recommendation-pipeline/airflow_venv/lib/python3.12/site-packages/airflow/example_dags/example_latest_only.py
[2026-07-20T06:02:57.892+0000] {logging_mixin.py:188} INFO - [2026-07-20T06:02:57.891+0000] {dag.py:3089} INFO - Sync 1 DAGs
[2026-07-20T06:02:57.918+0000] {logging_mixin.py:188} INFO - [2026-07-20T06:02:57.917+0000] {dag.py:3947} INFO - Setting next_dagrun for latest_only to 2026-07-20 00:00:00+00:00, run_after=2026-07-20 04:00:00+00:00
[2026-07-20T06:02:57.939+0000] {processor.py:183} INFO - Processing /workspaces/recomart-recommendation-pipeline/airflow_venv/lib/python3.12/site-packages/airflow/example_dags/example_latest_only.py took 0.081 seconds
[2026-07-20T06:03:59.065+0000] {processor.py:161} INFO - Started process (PID=60968) to work on /workspaces/recomart-recommendation-pipeline/airflow_venv/lib/python3.12/site-packages/airflow/example_dags/example_latest_only.py
[2026-07-20T06:03:59.066+0000] {processor.py:830} INFO - Processing file /workspaces/recomart-recommendation-pipeline/airflow_venv/lib/python3.12/site-packages/airflow/example_dags/example_latest_only.py for tasks to queue
[2026-07-20T06:03:59.067+0000] {logging_mixin.py:188} INFO - [2026-07-20T06:03:59.067+0000] {dagbag.py:545} INFO - Filling up the DagBag from /workspaces/recomart-recommendation-pipeline/airflow_venv/lib/python3.12/site-packages/airflow/example_dags/example_latest_only.py
[2026-07-20T06:03:59.071+0000] {processor.py:840} INFO - DAG(s) 'latest_only' retrieved from /workspaces/recomart-recommendation-pipeline/airflow_venv/lib/python3.12/site-packages/airflow/example_dags/example_latest_only.py
[2026-07-20T06:03:59.086+0000] {logging_mixin.py:188} INFO - [2026-07-20T06:03:59.086+0000] {dag.py:3089} INFO - Sync 1 DAGs
[2026-07-20T06:03:59.102+0000] {logging_mixin.py:188} INFO - [2026-07-20T06:03:59.102+0000] {dag.py:3947} INFO - Setting next_dagrun for latest_only to 2026-07-20 00:00:00+00:00, run_after=2026-07-20 04:00:00+00:00
[2026-07-20T06:03:59.122+0000] {processor.py:183} INFO - Processing /workspaces/recomart-recommendation-pipeline/airflow_venv/lib/python3.12/site-packages/airflow/example_dags/example_latest_only.py took 0.061 seconds
[2026-07-20T06:05:06.025+0000] {processor.py:161} INFO - Started process (PID=61519) to work on /workspaces/recomart-recommendation-pipeline/airflow_venv/lib/python3.12/site-packages/airflow/example_dags/example_latest_only.py
[2026-07-20T06:05:06.025+0000] {processor.py:830} INFO - Processing file /workspaces/recomart-recommendation-pipeline/airflow_venv/lib/python3.12/site-packages/airflow/example_dags/example_latest_only.py for tasks to queue
[2026-07-20T06:05:06.027+0000] {logging_mixin.py:188} INFO - [2026-07-20T06:05:06.026+0000] {dagbag.py:545} INFO - Filling up the DagBag from /workspaces/recomart-recommendation-pipeline/airflow_venv/lib/python3.12/site-packages/airflow/example_dags/example_latest_only.py
[2026-07-20T06:05:06.030+0000] {processor.py:840} INFO - DAG(s) 'latest_only' retrieved from /workspaces/recomart-recommendation-pipeline/airflow_venv/lib/python3.12/site-packages/airflow/example_dags/example_latest_only.py
[2026-07-20T06:05:06.047+0000] {logging_mixin.py:188} INFO - [2026-07-20T06:05:06.047+0000] {dag.py:3089} INFO - Sync 1 DAGs
[2026-07-20T06:05:06.067+0000] {logging_mixin.py:188} INFO - [2026-07-20T06:05:06.066+0000] {dag.py:3947} INFO - Setting next_dagrun for latest_only to 2026-07-20 00:00:00+00:00, run_after=2026-07-20 04:00:00+00:00
[2026-07-20T06:05:06.086+0000] {processor.py:183} INFO - Processing /workspaces/recomart-recommendation-pipeline/airflow_venv/lib/python3.12/site-packages/airflow/example_dags/example_latest_only.py took 0.066 seconds
[2026-07-20T06:06:13.266+0000] {processor.py:161} INFO - Started process (PID=62048) to work on /workspaces/recomart-recommendation-pipeline/airflow_venv/lib/python3.12/site-packages/airflow/example_dags/example_latest_only.py
[2026-07-20T06:06:13.267+0000] {processor.py:830} INFO - Processing file /workspaces/recomart-recommendation-pipeline/airflow_venv/lib/python3.12/site-packages/airflow/example_dags/example_latest_only.py for tasks to queue
[2026-07-20T06:06:13.268+0000] {logging_mixin.py:188} INFO - [2026-07-20T06:06:13.268+0000] {dagbag.py:545} INFO - Filling up the DagBag from /workspaces/recomart-recommendation-pipeline/airflow_venv/lib/python3.12/site-packages/airflow/example_dags/example_latest_only.py
[2026-07-20T06:06:13.272+0000] {processor.py:840} INFO - DAG(s) 'latest_only' retrieved from /workspaces/recomart-recommendation-pipeline/airflow_venv/lib/python3.12/site-packages/airflow/example_dags/example_latest_only.py
[2026-07-20T06:06:13.291+0000] {logging_mixin.py:188} INFO - [2026-07-20T06:06:13.290+0000] {dag.py:3089} INFO - Sync 1 DAGs
[2026-07-20T06:06:13.320+0000] {logging_mixin.py:188} INFO - [2026-07-20T06:06:13.320+0000] {dag.py:3947} INFO - Setting next_dagrun for latest_only to 2026-07-20 00:00:00+00:00, run_after=2026-07-20 04:00:00+00:00
[2026-07-20T06:06:13.354+0000] {processor.py:183} INFO - Processing /workspaces/recomart-recommendation-pipeline/airflow_venv/lib/python3.12/site-packages/airflow/example_dags/example_latest_only.py took 0.092 seconds
[2026-07-20T06:07:25.396+0000] {processor.py:161} INFO - Started process (PID=62626) to work on /workspaces/recomart-recommendation-pipeline/airflow_venv/lib/python3.12/site-packages/airflow/example_dags/example_latest_only.py
[2026-07-20T06:07:25.397+0000] {processor.py:830} INFO - Processing file /workspaces/recomart-recommendation-pipeline/airflow_venv/lib/python3.12/site-packages/airflow/example_dags/example_latest_only.py for tasks to queue
[2026-07-20T06:07:25.398+0000] {logging_mixin.py:188} INFO - [2026-07-20T06:07:25.398+0000] {dagbag.py:545} INFO - Filling up the DagBag from /workspaces/recomart-recommendation-pipeline/airflow_venv/lib/python3.12/site-packages/airflow/example_dags/example_latest_only.py
[2026-07-20T06:07:25.402+0000] {processor.py:840} INFO - DAG(s) 'latest_only' retrieved from /workspaces/recomart-recommendation-pipeline/airflow_venv/lib/python3.12/site-packages/airflow/example_dags/example_latest_only.py
[2026-07-20T06:07:25.415+0000] {logging_mixin.py:188} INFO - [2026-07-20T06:07:25.415+0000] {dag.py:3089} INFO - Sync 1 DAGs
[2026-07-20T06:07:25.431+0000] {logging_mixin.py:188} INFO - [2026-07-20T06:07:25.431+0000] {dag.py:3947} INFO - Setting next_dagrun for latest_only to 2026-07-20 00:00:00+00:00, run_after=2026-07-20 04:00:00+00:00
[2026-07-20T06:07:25.447+0000] {processor.py:183} INFO - Processing /workspaces/recomart-recommendation-pipeline/airflow_venv/lib/python3.12/site-packages/airflow/example_dags/example_latest_only.py took 0.055 seconds
[2026-07-20T06:09:14.303+0000] {processor.py:161} INFO - Started process (PID=63724) to work on /workspaces/recomart-recommendation-pipeline/airflow_venv/lib/python3.12/site-packages/airflow/example_dags/example_latest_only.py
[2026-07-20T06:09:14.304+0000] {processor.py:830} INFO - Processing file /workspaces/recomart-recommendation-pipeline/airflow_venv/lib/python3.12/site-packages/airflow/example_dags/example_latest_only.py for tasks to queue
[2026-07-20T06:09:14.306+0000] {logging_mixin.py:188} INFO - [2026-07-20T06:09:14.306+0000] {dagbag.py:545} INFO - Filling up the DagBag from /workspaces/recomart-recommendation-pipeline/airflow_venv/lib/python3.12/site-packages/airflow/example_dags/example_latest_only.py
[2026-07-20T06:09:14.311+0000] {processor.py:840} INFO - DAG(s) 'latest_only' retrieved from /workspaces/recomart-recommendation-pipeline/airflow_venv/lib/python3.12/site-packages/airflow/example_dags/example_latest_only.py
[2026-07-20T06:09:14.403+0000] {logging_mixin.py:188} INFO - [2026-07-20T06:09:14.403+0000] {dag.py:3089} INFO - Sync 1 DAGs
[2026-07-20T06:09:14.417+0000] {logging_mixin.py:188} INFO - [2026-07-20T06:09:14.417+0000] {dag.py:3947} INFO - Setting next_dagrun for latest_only to 2026-07-20 00:00:00+00:00, run_after=2026-07-20 04:00:00+00:00
[2026-07-20T06:09:14.433+0000] {processor.py:183} INFO - Processing /workspaces/recomart-recommendation-pipeline/airflow_venv/lib/python3.12/site-packages/airflow/example_dags/example_latest_only.py took 0.137 seconds
[2026-07-20T06:10:09.358+0000] {processor.py:161} INFO - Started process (PID=64181) to work on /workspaces/recomart-recommendation-pipeline/airflow_venv/lib/python3.12/site-packages/airflow/example_dags/example_latest_only.py
[2026-07-20T06:10:09.359+0000] {processor.py:830} INFO - Processing file /workspaces/recomart-recommendation-pipeline/airflow_venv/lib/python3.12/site-packages/airflow/example_dags/example_latest_only.py for tasks to queue
[2026-07-20T06:10:09.360+0000] {logging_mixin.py:188} INFO - [2026-07-20T06:10:09.360+0000] {dagbag.py:545} INFO - Filling up the DagBag from /workspaces/recomart-recommendation-pipeline/airflow_venv/lib/python3.12/site-packages/airflow/example_dags/example_latest_only.py
[2026-07-20T06:10:09.364+0000] {processor.py:840} INFO - DAG(s) 'latest_only' retrieved from /workspaces/recomart-recommendation-pipeline/airflow_venv/lib/python3.12/site-packages/airflow/example_dags/example_latest_only.py
[2026-07-20T06:10:09.377+0000] {logging_mixin.py:188} INFO - [2026-07-20T06:10:09.377+0000] {dag.py:3089} INFO - Sync 1 DAGs
[2026-07-20T06:10:09.396+0000] {logging_mixin.py:188} INFO - [2026-07-20T06:10:09.395+0000] {dag.py:3947} INFO - Setting next_dagrun for latest_only to 2026-07-20 00:00:00+00:00, run_after=2026-07-20 04:00:00+00:00
[2026-07-20T06:10:09.413+0000] {processor.py:183} INFO - Processing /workspaces/recomart-recommendation-pipeline/airflow_venv/lib/python3.12/site-packages/airflow/example_dags/example_latest_only.py took 0.058 seconds
[2026-07-20T06:11:01.283+0000] {processor.py:161} INFO - Started process (PID=64606) to work on /workspaces/recomart-recommendation-pipeline/airflow_venv/lib/python3.12/site-packages/airflow/example_dags/example_latest_only.py
[2026-07-20T06:11:01.285+0000] {processor.py:830} INFO - Processing file /workspaces/recomart-recommendation-pipeline/airflow_venv/lib/python3.12/site-packages/airflow/example_dags/example_latest_only.py for tasks to queue
[2026-07-20T06:11:01.287+0000] {logging_mixin.py:188} INFO - [2026-07-20T06:11:01.287+0000] {dagbag.py:545} INFO - Filling up the DagBag from /workspaces/recomart-recommendation-pipeline/airflow_venv/lib/python3.12/site-packages/airflow/example_dags/example_latest_only.py
[2026-07-20T06:11:01.294+0000] {processor.py:840} INFO - DAG(s) 'latest_only' retrieved from /workspaces/recomart-recommendation-pipeline/airflow_venv/lib/python3.12/site-packages/airflow/example_dags/example_latest_only.py
[2026-07-20T06:11:01.317+0000] {logging_mixin.py:188} INFO - [2026-07-20T06:11:01.316+0000] {dag.py:3089} INFO - Sync 1 DAGs
[2026-07-20T06:11:01.334+0000] {logging_mixin.py:188} INFO - [2026-07-20T06:11:01.334+0000] {dag.py:3947} INFO - Setting next_dagrun for latest_only to 2026-07-20 00:00:00+00:00, run_after=2026-07-20 04:00:00+00:00
[2026-07-20T06:11:01.351+0000] {processor.py:183} INFO - Processing /workspaces/recomart-recommendation-pipeline/airflow_venv/lib/python3.12/site-packages/airflow/example_dags/example_latest_only.py took 0.076 seconds
[2026-07-20T06:12:04.359+0000] {processor.py:161} INFO - Started process (PID=65316) to work on /workspaces/recomart-recommendation-pipeline/airflow_venv/lib/python3.12/site-packages/airflow/example_dags/example_latest_only.py
[2026-07-20T06:12:04.361+0000] {processor.py:830} INFO - Processing file /workspaces/recomart-recommendation-pipeline/airflow_venv/lib/python3.12/site-packages/airflow/example_dags/example_latest_only.py for tasks to queue
[2026-07-20T06:12:04.364+0000] {logging_mixin.py:188} INFO - [2026-07-20T06:12:04.363+0000] {dagbag.py:545} INFO - Filling up the DagBag from /workspaces/recomart-recommendation-pipeline/airflow_venv/lib/python3.12/site-packages/airflow/example_dags/example_latest_only.py
[2026-07-20T06:12:04.371+0000] {processor.py:840} INFO - DAG(s) 'latest_only' retrieved from /workspaces/recomart-recommendation-pipeline/airflow_venv/lib/python3.12/site-packages/airflow/example_dags/example_latest_only.py
[2026-07-20T06:12:04.388+0000] {logging_mixin.py:188} INFO - [2026-07-20T06:12:04.388+0000] {dag.py:3089} INFO - Sync 1 DAGs
[2026-07-20T06:12:04.413+0000] {logging_mixin.py:188} INFO - [2026-07-20T06:12:04.413+0000] {dag.py:3947} INFO - Setting next_dagrun for latest_only to 2026-07-20 00:00:00+00:00, run_after=2026-07-20 04:00:00+00:00
[2026-07-20T06:12:04.437+0000] {processor.py:183} INFO - Processing /workspaces/recomart-recommendation-pipeline/airflow_venv/lib/python3.12/site-packages/airflow/example_dags/example_latest_only.py took 0.088 seconds
[2026-07-20T06:13:08.135+0000] {processor.py:161} INFO - Started process (PID=65829) to work on /workspaces/recomart-recommendation-pipeline/airflow_venv/lib/python3.12/site-packages/airflow/example_dags/example_latest_only.py
[2026-07-20T06:13:08.136+0000] {processor.py:830} INFO - Processing file /workspaces/recomart-recommendation-pipeline/airflow_venv/lib/python3.12/site-packages/airflow/example_dags/example_latest_only.py for tasks to queue
[2026-07-20T06:13:08.137+0000] {logging_mixin.py:188} INFO - [2026-07-20T06:13:08.137+0000] {dagbag.py:545} INFO - Filling up the DagBag from /workspaces/recomart-recommendation-pipeline/airflow_venv/lib/python3.12/site-packages/airflow/example_dags/example_latest_only.py
[2026-07-20T06:13:08.141+0000] {processor.py:840} INFO - DAG(s) 'latest_only' retrieved from /workspaces/recomart-recommendation-pipeline/airflow_venv/lib/python3.12/site-packages/airflow/example_dags/example_latest_only.py
[2026-07-20T06:13:08.153+0000] {logging_mixin.py:188} INFO - [2026-07-20T06:13:08.153+0000] {dag.py:3089} INFO - Sync 1 DAGs
[2026-07-20T06:13:08.169+0000] {logging_mixin.py:188} INFO - [2026-07-20T06:13:08.169+0000] {dag.py:3947} INFO - Setting next_dagrun for latest_only to 2026-07-20 00:00:00+00:00, run_after=2026-07-20 04:00:00+00:00
[2026-07-20T06:13:08.191+0000] {processor.py:183} INFO - Processing /workspaces/recomart-recommendation-pipeline/airflow_venv/lib/python3.12/site-packages/airflow/example_dags/example_latest_only.py took 0.060 seconds
[2026-07-20T06:13:57.865+0000] {processor.py:161} INFO - Started process (PID=66431) to work on /workspaces/recomart-recommendation-pipeline/airflow_venv/lib/python3.12/site-packages/airflow/example_dags/example_latest_only.py
[2026-07-20T06:13:57.865+0000] {processor.py:830} INFO - Processing file /workspaces/recomart-recommendation-pipeline/airflow_venv/lib/python3.12/site-packages/airflow/example_dags/example_latest_only.py for tasks to queue
[2026-07-20T06:13:57.867+0000] {logging_mixin.py:188} INFO - [2026-07-20T06:13:57.866+0000] {dagbag.py:545} INFO - Filling up the DagBag from /workspaces/recomart-recommendation-pipeline/airflow_venv/lib/python3.12/site-packages/airflow/example_dags/example_latest_only.py
[2026-07-20T06:13:57.870+0000] {processor.py:840} INFO - DAG(s) 'latest_only' retrieved from /workspaces/recomart-recommendation-pipeline/airflow_venv/lib/python3.12/site-packages/airflow/example_dags/example_latest_only.py
[2026-07-20T06:13:57.886+0000] {logging_mixin.py:188} INFO - [2026-07-20T06:13:57.886+0000] {dag.py:3089} INFO - Sync 1 DAGs
[2026-07-20T06:13:57.901+0000] {logging_mixin.py:188} INFO - [2026-07-20T06:13:57.901+0000] {dag.py:3947} INFO - Setting next_dagrun for latest_only to 2026-07-20 00:00:00+00:00, run_after=2026-07-20 04:00:00+00:00
[2026-07-20T06:13:58.020+0000] {processor.py:183} INFO - Processing /workspaces/recomart-recommendation-pipeline/airflow_venv/lib/python3.12/site-packages/airflow/example_dags/example_latest_only.py took 0.160 seconds
[2026-07-20T06:15:05.369+0000] {processor.py:161} INFO - Started process (PID=67145) to work on /workspaces/recomart-recommendation-pipeline/airflow_venv/lib/python3.12/site-packages/airflow/example_dags/example_latest_only.py
[2026-07-20T06:15:05.372+0000] {processor.py:830} INFO - Processing file /workspaces/recomart-recommendation-pipeline/airflow_venv/lib/python3.12/site-packages/airflow/example_dags/example_latest_only.py for tasks to queue
[2026-07-20T06:15:05.374+0000] {logging_mixin.py:188} INFO - [2026-07-20T06:15:05.374+0000] {dagbag.py:545} INFO - Filling up the DagBag from /workspaces/recomart-recommendation-pipeline/airflow_venv/lib/python3.12/site-packages/airflow/example_dags/example_latest_only.py
[2026-07-20T06:15:05.379+0000] {processor.py:840} INFO - DAG(s) 'latest_only' retrieved from /workspaces/recomart-recommendation-pipeline/airflow_venv/lib/python3.12/site-packages/airflow/example_dags/example_latest_only.py
[2026-07-20T06:15:05.394+0000] {logging_mixin.py:188} INFO - [2026-07-20T06:15:05.393+0000] {dag.py:3089} INFO - Sync 1 DAGs
[2026-07-20T06:15:05.409+0000] {logging_mixin.py:188} INFO - [2026-07-20T06:15:05.408+0000] {dag.py:3947} INFO - Setting next_dagrun for latest_only to 2026-07-20 00:00:00+00:00, run_after=2026-07-20 04:00:00+00:00
[2026-07-20T06:15:05.526+0000] {processor.py:183} INFO - Processing /workspaces/recomart-recommendation-pipeline/airflow_venv/lib/python3.12/site-packages/airflow/example_dags/example_latest_only.py took 0.162 seconds
[2026-07-20T06:31:16.103+0000] {processor.py:161} INFO - Started process (PID=73774) to work on /workspaces/recomart-recommendation-pipeline/airflow_venv/lib/python3.12/site-packages/airflow/example_dags/example_latest_only.py
[2026-07-20T06:31:16.104+0000] {processor.py:830} INFO - Processing file /workspaces/recomart-recommendation-pipeline/airflow_venv/lib/python3.12/site-packages/airflow/example_dags/example_latest_only.py for tasks to queue
[2026-07-20T06:31:16.105+0000] {logging_mixin.py:188} INFO - [2026-07-20T06:31:16.105+0000] {dagbag.py:545} INFO - Filling up the DagBag from /workspaces/recomart-recommendation-pipeline/airflow_venv/lib/python3.12/site-packages/airflow/example_dags/example_latest_only.py
[2026-07-20T06:31:16.109+0000] {processor.py:840} INFO - DAG(s) 'latest_only' retrieved from /workspaces/recomart-recommendation-pipeline/airflow_venv/lib/python3.12/site-packages/airflow/example_dags/example_latest_only.py
[2026-07-20T06:31:16.203+0000] {logging_mixin.py:188} INFO - [2026-07-20T06:31:16.202+0000] {dag.py:3089} INFO - Sync 1 DAGs
[2026-07-20T06:31:16.217+0000] {logging_mixin.py:188} INFO - [2026-07-20T06:31:16.217+0000] {dag.py:3947} INFO - Setting next_dagrun for latest_only to 2026-07-20 00:00:00+00:00, run_after=2026-07-20 04:00:00+00:00
[2026-07-20T06:31:16.235+0000] {processor.py:183} INFO - Processing /workspaces/recomart-recommendation-pipeline/airflow_venv/lib/python3.12/site-packages/airflow/example_dags/example_latest_only.py took 0.137 seconds
[2026-07-20T06:32:11.188+0000] {processor.py:161} INFO - Started process (PID=74420) to work on /workspaces/recomart-recommendation-pipeline/airflow_venv/lib/python3.12/site-packages/airflow/example_dags/example_latest_only.py
[2026-07-20T06:32:11.188+0000] {processor.py:830} INFO - Processing file /workspaces/recomart-recommendation-pipeline/airflow_venv/lib/python3.12/site-packages/airflow/example_dags/example_latest_only.py for tasks to queue
[2026-07-20T06:32:11.190+0000] {logging_mixin.py:188} INFO - [2026-07-20T06:32:11.190+0000] {dagbag.py:545} INFO - Filling up the DagBag from /workspaces/recomart-recommendation-pipeline/airflow_venv/lib/python3.12/site-packages/airflow/example_dags/example_latest_only.py
[2026-07-20T06:32:11.194+0000] {processor.py:840} INFO - DAG(s) 'latest_only' retrieved from /workspaces/recomart-recommendation-pipeline/airflow_venv/lib/python3.12/site-packages/airflow/example_dags/example_latest_only.py
[2026-07-20T06:32:11.206+0000] {logging_mixin.py:188} INFO - [2026-07-20T06:32:11.206+0000] {dag.py:3089} INFO - Sync 1 DAGs
[2026-07-20T06:32:11.221+0000] {logging_mixin.py:188} INFO - [2026-07-20T06:32:11.221+0000] {dag.py:3947} INFO - Setting next_dagrun for latest_only to 2026-07-20 00:00:00+00:00, run_after=2026-07-20 04:00:00+00:00
[2026-07-20T06:32:11.238+0000] {processor.py:183} INFO - Processing /workspaces/recomart-recommendation-pipeline/airflow_venv/lib/python3.12/site-packages/airflow/example_dags/example_latest_only.py took 0.057 seconds
[2026-07-20T06:33:03.150+0000] {processor.py:161} INFO - Started process (PID=74983) to work on /workspaces/recomart-recommendation-pipeline/airflow_venv/lib/python3.12/site-packages/airflow/example_dags/example_latest_only.py
[2026-07-20T06:33:03.151+0000] {processor.py:830} INFO - Processing file /workspaces/recomart-recommendation-pipeline/airflow_venv/lib/python3.12/site-packages/airflow/example_dags/example_latest_only.py for tasks to queue
[2026-07-20T06:33:03.152+0000] {logging_mixin.py:188} INFO - [2026-07-20T06:33:03.152+0000] {dagbag.py:545} INFO - Filling up the DagBag from /workspaces/recomart-recommendation-pipeline/airflow_venv/lib/python3.12/site-packages/airflow/example_dags/example_latest_only.py
[2026-07-20T06:33:03.156+0000] {processor.py:840} INFO - DAG(s) 'latest_only' retrieved from /workspaces/recomart-recommendation-pipeline/airflow_venv/lib/python3.12/site-packages/airflow/example_dags/example_latest_only.py
[2026-07-20T06:33:03.168+0000] {logging_mixin.py:188} INFO - [2026-07-20T06:33:03.168+0000] {dag.py:3089} INFO - Sync 1 DAGs
[2026-07-20T06:33:03.187+0000] {logging_mixin.py:188} INFO - [2026-07-20T06:33:03.187+0000] {dag.py:3947} INFO - Setting next_dagrun for latest_only to 2026-07-20 00:00:00+00:00, run_after=2026-07-20 04:00:00+00:00
[2026-07-20T06:33:03.206+0000] {processor.py:183} INFO - Processing /workspaces/recomart-recommendation-pipeline/airflow_venv/lib/python3.12/site-packages/airflow/example_dags/example_latest_only.py took 0.062 seconds
[2026-07-20T06:34:25.274+0000] {processor.py:161} INFO - Started process (PID=76198) to work on /workspaces/recomart-recommendation-pipeline/airflow_venv/lib/python3.12/site-packages/airflow/example_dags/example_latest_only.py
[2026-07-20T06:34:25.275+0000] {processor.py:830} INFO - Processing file /workspaces/recomart-recommendation-pipeline/airflow_venv/lib/python3.12/site-packages/airflow/example_dags/example_latest_only.py for tasks to queue
[2026-07-20T06:34:25.278+0000] {logging_mixin.py:188} INFO - [2026-07-20T06:34:25.278+0000] {dagbag.py:545} INFO - Filling up the DagBag from /workspaces/recomart-recommendation-pipeline/airflow_venv/lib/python3.12/site-packages/airflow/example_dags/example_latest_only.py
[2026-07-20T06:34:25.285+0000] {processor.py:840} INFO - DAG(s) 'latest_only' retrieved from /workspaces/recomart-recommendation-pipeline/airflow_venv/lib/python3.12/site-packages/airflow/example_dags/example_latest_only.py
[2026-07-20T06:34:25.307+0000] {logging_mixin.py:188} INFO - [2026-07-20T06:34:25.307+0000] {dag.py:3089} INFO - Sync 1 DAGs
[2026-07-20T06:34:25.328+0000] {logging_mixin.py:188} INFO - [2026-07-20T06:34:25.328+0000] {dag.py:3947} INFO - Setting next_dagrun for latest_only to 2026-07-20 00:00:00+00:00, run_after=2026-07-20 04:00:00+00:00
[2026-07-20T06:34:25.346+0000] {processor.py:183} INFO - Processing /workspaces/recomart-recommendation-pipeline/airflow_venv/lib/python3.12/site-packages/airflow/example_dags/example_latest_only.py took 0.082 seconds
[2026-07-20T06:35:23.045+0000] {processor.py:161} INFO - Started process (PID=77274) to work on /workspaces/recomart-recommendation-pipeline/airflow_venv/lib/python3.12/site-packages/airflow/example_dags/example_latest_only.py
[2026-07-20T06:35:23.046+0000] {processor.py:830} INFO - Processing file /workspaces/recomart-recommendation-pipeline/airflow_venv/lib/python3.12/site-packages/airflow/example_dags/example_latest_only.py for tasks to queue
[2026-07-20T06:35:23.047+0000] {logging_mixin.py:188} INFO - [2026-07-20T06:35:23.047+0000] {dagbag.py:545} INFO - Filling up the DagBag from /workspaces/recomart-recommendation-pipeline/airflow_venv/lib/python3.12/site-packages/airflow/example_dags/example_latest_only.py
[2026-07-20T06:35:23.051+0000] {processor.py:840} INFO - DAG(s) 'latest_only' retrieved from /workspaces/recomart-recommendation-pipeline/airflow_venv/lib/python3.12/site-packages/airflow/example_dags/example_latest_only.py
[2026-07-20T06:35:23.062+0000] {logging_mixin.py:188} INFO - [2026-07-20T06:35:23.062+0000] {dag.py:3089} INFO - Sync 1 DAGs
[2026-07-20T06:35:23.076+0000] {logging_mixin.py:188} INFO - [2026-07-20T06:35:23.076+0000] {dag.py:3947} INFO - Setting next_dagrun for latest_only to 2026-07-20 00:00:00+00:00, run_after=2026-07-20 04:00:00+00:00
[2026-07-20T06:35:23.093+0000] {processor.py:183} INFO - Processing /workspaces/recomart-recommendation-pipeline/airflow_venv/lib/python3.12/site-packages/airflow/example_dags/example_latest_only.py took 0.053 seconds
[2026-07-20T06:36:36.152+0000] {processor.py:161} INFO - Started process (PID=78607) to work on /workspaces/recomart-recommendation-pipeline/airflow_venv/lib/python3.12/site-packages/airflow/example_dags/example_latest_only.py
[2026-07-20T06:36:36.153+0000] {processor.py:830} INFO - Processing file /workspaces/recomart-recommendation-pipeline/airflow_venv/lib/python3.12/site-packages/airflow/example_dags/example_latest_only.py for tasks to queue
[2026-07-20T06:36:36.155+0000] {logging_mixin.py:188} INFO - [2026-07-20T06:36:36.154+0000] {dagbag.py:545} INFO - Filling up the DagBag from /workspaces/recomart-recommendation-pipeline/airflow_venv/lib/python3.12/site-packages/airflow/example_dags/example_latest_only.py
[2026-07-20T06:36:36.160+0000] {processor.py:840} INFO - DAG(s) 'latest_only' retrieved from /workspaces/recomart-recommendation-pipeline/airflow_venv/lib/python3.12/site-packages/airflow/example_dags/example_latest_only.py
[2026-07-20T06:36:36.176+0000] {logging_mixin.py:188} INFO - [2026-07-20T06:36:36.176+0000] {dag.py:3089} INFO - Sync 1 DAGs
[2026-07-20T06:36:36.198+0000] {logging_mixin.py:188} INFO - [2026-07-20T06:36:36.198+0000] {dag.py:3947} INFO - Setting next_dagrun for latest_only to 2026-07-20 00:00:00+00:00, run_after=2026-07-20 04:00:00+00:00
[2026-07-20T06:36:36.220+0000] {processor.py:183} INFO - Processing /workspaces/recomart-recommendation-pipeline/airflow_venv/lib/python3.12/site-packages/airflow/example_dags/example_latest_only.py took 0.075 seconds
[2026-07-20T06:37:26.681+0000] {processor.py:161} INFO - Started process (PID=79032) to work on /workspaces/recomart-recommendation-pipeline/airflow_venv/lib/python3.12/site-packages/airflow/example_dags/example_latest_only.py
[2026-07-20T06:37:26.682+0000] {processor.py:830} INFO - Processing file /workspaces/recomart-recommendation-pipeline/airflow_venv/lib/python3.12/site-packages/airflow/example_dags/example_latest_only.py for tasks to queue
[2026-07-20T06:37:26.683+0000] {logging_mixin.py:188} INFO - [2026-07-20T06:37:26.683+0000] {dagbag.py:545} INFO - Filling up the DagBag from /workspaces/recomart-recommendation-pipeline/airflow_venv/lib/python3.12/site-packages/airflow/example_dags/example_latest_only.py
[2026-07-20T06:37:26.688+0000] {processor.py:840} INFO - DAG(s) 'latest_only' retrieved from /workspaces/recomart-recommendation-pipeline/airflow_venv/lib/python3.12/site-packages/airflow/example_dags/example_latest_only.py
[2026-07-20T06:37:26.700+0000] {logging_mixin.py:188} INFO - [2026-07-20T06:37:26.700+0000] {dag.py:3089} INFO - Sync 1 DAGs
[2026-07-20T06:37:26.715+0000] {logging_mixin.py:188} INFO - [2026-07-20T06:37:26.714+0000] {dag.py:3947} INFO - Setting next_dagrun for latest_only to 2026-07-20 00:00:00+00:00, run_after=2026-07-20 04:00:00+00:00
[2026-07-20T06:37:26.731+0000] {processor.py:183} INFO - Processing /workspaces/recomart-recommendation-pipeline/airflow_venv/lib/python3.12/site-packages/airflow/example_dags/example_latest_only.py took 0.056 seconds
[2026-07-20T06:38:36.963+0000] {processor.py:161} INFO - Started process (PID=79588) to work on /workspaces/recomart-recommendation-pipeline/airflow_venv/lib/python3.12/site-packages/airflow/example_dags/example_latest_only.py
[2026-07-20T06:38:36.964+0000] {processor.py:830} INFO - Processing file /workspaces/recomart-recommendation-pipeline/airflow_venv/lib/python3.12/site-packages/airflow/example_dags/example_latest_only.py for tasks to queue
[2026-07-20T06:38:36.965+0000] {logging_mixin.py:188} INFO - [2026-07-20T06:38:36.965+0000] {dagbag.py:545} INFO - Filling up the DagBag from /workspaces/recomart-recommendation-pipeline/airflow_venv/lib/python3.12/site-packages/airflow/example_dags/example_latest_only.py
[2026-07-20T06:38:36.969+0000] {processor.py:840} INFO - DAG(s) 'latest_only' retrieved from /workspaces/recomart-recommendation-pipeline/airflow_venv/lib/python3.12/site-packages/airflow/example_dags/example_latest_only.py
[2026-07-20T06:38:36.984+0000] {logging_mixin.py:188} INFO - [2026-07-20T06:38:36.984+0000] {dag.py:3089} INFO - Sync 1 DAGs
[2026-07-20T06:38:37.103+0000] {logging_mixin.py:188} INFO - [2026-07-20T06:38:37.103+0000] {dag.py:3947} INFO - Setting next_dagrun for latest_only to 2026-07-20 00:00:00+00:00, run_after=2026-07-20 04:00:00+00:00
[2026-07-20T06:38:37.118+0000] {processor.py:183} INFO - Processing /workspaces/recomart-recommendation-pipeline/airflow_venv/lib/python3.12/site-packages/airflow/example_dags/example_latest_only.py took 0.159 seconds
[2026-07-20T06:39:24.663+0000] {processor.py:161} INFO - Started process (PID=80011) to work on /workspaces/recomart-recommendation-pipeline/airflow_venv/lib/python3.12/site-packages/airflow/example_dags/example_latest_only.py
[2026-07-20T06:39:24.664+0000] {processor.py:830} INFO - Processing file /workspaces/recomart-recommendation-pipeline/airflow_venv/lib/python3.12/site-packages/airflow/example_dags/example_latest_only.py for tasks to queue
[2026-07-20T06:39:24.665+0000] {logging_mixin.py:188} INFO - [2026-07-20T06:39:24.665+0000] {dagbag.py:545} INFO - Filling up the DagBag from /workspaces/recomart-recommendation-pipeline/airflow_venv/lib/python3.12/site-packages/airflow/example_dags/example_latest_only.py
[2026-07-20T06:39:24.669+0000] {processor.py:840} INFO - DAG(s) 'latest_only' retrieved from /workspaces/recomart-recommendation-pipeline/airflow_venv/lib/python3.12/site-packages/airflow/example_dags/example_latest_only.py
[2026-07-20T06:39:24.684+0000] {logging_mixin.py:188} INFO - [2026-07-20T06:39:24.684+0000] {dag.py:3089} INFO - Sync 1 DAGs
[2026-07-20T06:39:24.700+0000] {logging_mixin.py:188} INFO - [2026-07-20T06:39:24.700+0000] {dag.py:3947} INFO - Setting next_dagrun for latest_only to 2026-07-20 00:00:00+00:00, run_after=2026-07-20 04:00:00+00:00
[2026-07-20T06:39:24.717+0000] {processor.py:183} INFO - Processing /workspaces/recomart-recommendation-pipeline/airflow_venv/lib/python3.12/site-packages/airflow/example_dags/example_latest_only.py took 0.059 seconds
[2026-07-20T06:40:13.458+0000] {processor.py:161} INFO - Started process (PID=80422) to work on /workspaces/recomart-recommendation-pipeline/airflow_venv/lib/python3.12/site-packages/airflow/example_dags/example_latest_only.py
[2026-07-20T06:40:13.459+0000] {processor.py:830} INFO - Processing file /workspaces/recomart-recommendation-pipeline/airflow_venv/lib/python3.12/site-packages/airflow/example_dags/example_latest_only.py for tasks to queue
[2026-07-20T06:40:13.460+0000] {logging_mixin.py:188} INFO - [2026-07-20T06:40:13.460+0000] {dagbag.py:545} INFO - Filling up the DagBag from /workspaces/recomart-recommendation-pipeline/airflow_venv/lib/python3.12/site-packages/airflow/example_dags/example_latest_only.py
[2026-07-20T06:40:13.464+0000] {processor.py:840} INFO - DAG(s) 'latest_only' retrieved from /workspaces/recomart-recommendation-pipeline/airflow_venv/lib/python3.12/site-packages/airflow/example_dags/example_latest_only.py
[2026-07-20T06:40:13.583+0000] {logging_mixin.py:188} INFO - [2026-07-20T06:40:13.583+0000] {dag.py:3089} INFO - Sync 1 DAGs
[2026-07-20T06:40:13.598+0000] {logging_mixin.py:188} INFO - [2026-07-20T06:40:13.598+0000] {dag.py:3947} INFO - Setting next_dagrun for latest_only to 2026-07-20 00:00:00+00:00, run_after=2026-07-20 04:00:00+00:00
[2026-07-20T06:40:13.617+0000] {processor.py:183} INFO - Processing /workspaces/recomart-recommendation-pipeline/airflow_venv/lib/python3.12/site-packages/airflow/example_dags/example_latest_only.py took 0.163 seconds
[2026-07-20T06:41:02.335+0000] {processor.py:161} INFO - Started process (PID=80901) to work on /workspaces/recomart-recommendation-pipeline/airflow_venv/lib/python3.12/site-packages/airflow/example_dags/example_latest_only.py
[2026-07-20T06:41:02.336+0000] {processor.py:830} INFO - Processing file /workspaces/recomart-recommendation-pipeline/airflow_venv/lib/python3.12/site-packages/airflow/example_dags/example_latest_only.py for tasks to queue
[2026-07-20T06:41:02.338+0000] {logging_mixin.py:188} INFO - [2026-07-20T06:41:02.337+0000] {dagbag.py:545} INFO - Filling up the DagBag from /workspaces/recomart-recommendation-pipeline/airflow_venv/lib/python3.12/site-packages/airflow/example_dags/example_latest_only.py
[2026-07-20T06:41:02.350+0000] {processor.py:840} INFO - DAG(s) 'latest_only' retrieved from /workspaces/recomart-recommendation-pipeline/airflow_venv/lib/python3.12/site-packages/airflow/example_dags/example_latest_only.py
[2026-07-20T06:41:02.363+0000] {logging_mixin.py:188} INFO - [2026-07-20T06:41:02.363+0000] {dag.py:3089} INFO - Sync 1 DAGs
[2026-07-20T06:41:02.381+0000] {logging_mixin.py:188} INFO - [2026-07-20T06:41:02.381+0000] {dag.py:3947} INFO - Setting next_dagrun for latest_only to 2026-07-20 00:00:00+00:00, run_after=2026-07-20 04:00:00+00:00
[2026-07-20T06:41:02.400+0000] {processor.py:183} INFO - Processing /workspaces/recomart-recommendation-pipeline/airflow_venv/lib/python3.12/site-packages/airflow/example_dags/example_latest_only.py took 0.070 seconds
[2026-07-20T06:42:14.099+0000] {processor.py:161} INFO - Started process (PID=81483) to work on /workspaces/recomart-recommendation-pipeline/airflow_venv/lib/python3.12/site-packages/airflow/example_dags/example_latest_only.py
[2026-07-20T06:42:14.100+0000] {processor.py:830} INFO - Processing file /workspaces/recomart-recommendation-pipeline/airflow_venv/lib/python3.12/site-packages/airflow/example_dags/example_latest_only.py for tasks to queue
[2026-07-20T06:42:14.103+0000] {logging_mixin.py:188} INFO - [2026-07-20T06:42:14.103+0000] {dagbag.py:545} INFO - Filling up the DagBag from /workspaces/recomart-recommendation-pipeline/airflow_venv/lib/python3.12/site-packages/airflow/example_dags/example_latest_only.py
[2026-07-20T06:42:14.110+0000] {processor.py:840} INFO - DAG(s) 'latest_only' retrieved from /workspaces/recomart-recommendation-pipeline/airflow_venv/lib/python3.12/site-packages/airflow/example_dags/example_latest_only.py
[2026-07-20T06:42:14.136+0000] {logging_mixin.py:188} INFO - [2026-07-20T06:42:14.135+0000] {dag.py:3089} INFO - Sync 1 DAGs
[2026-07-20T06:42:14.173+0000] {logging_mixin.py:188} INFO - [2026-07-20T06:42:14.173+0000] {dag.py:3947} INFO - Setting next_dagrun for latest_only to 2026-07-20 00:00:00+00:00, run_after=2026-07-20 04:00:00+00:00
[2026-07-20T06:42:14.255+0000] {processor.py:183} INFO - Processing /workspaces/recomart-recommendation-pipeline/airflow_venv/lib/python3.12/site-packages/airflow/example_dags/example_latest_only.py took 0.165 seconds
[2026-07-20T06:43:23.247+0000] {processor.py:161} INFO - Started process (PID=82028) to work on /workspaces/recomart-recommendation-pipeline/airflow_venv/lib/python3.12/site-packages/airflow/example_dags/example_latest_only.py
[2026-07-20T06:43:23.248+0000] {processor.py:830} INFO - Processing file /workspaces/recomart-recommendation-pipeline/airflow_venv/lib/python3.12/site-packages/airflow/example_dags/example_latest_only.py for tasks to queue
[2026-07-20T06:43:23.250+0000] {logging_mixin.py:188} INFO - [2026-07-20T06:43:23.249+0000] {dagbag.py:545} INFO - Filling up the DagBag from /workspaces/recomart-recommendation-pipeline/airflow_venv/lib/python3.12/site-packages/airflow/example_dags/example_latest_only.py
[2026-07-20T06:43:23.256+0000] {processor.py:840} INFO - DAG(s) 'latest_only' retrieved from /workspaces/recomart-recommendation-pipeline/airflow_venv/lib/python3.12/site-packages/airflow/example_dags/example_latest_only.py
[2026-07-20T06:43:23.272+0000] {logging_mixin.py:188} INFO - [2026-07-20T06:43:23.272+0000] {dag.py:3089} INFO - Sync 1 DAGs
[2026-07-20T06:43:23.292+0000] {logging_mixin.py:188} INFO - [2026-07-20T06:43:23.292+0000] {dag.py:3947} INFO - Setting next_dagrun for latest_only to 2026-07-20 00:00:00+00:00, run_after=2026-07-20 04:00:00+00:00
[2026-07-20T06:43:23.319+0000] {processor.py:183} INFO - Processing /workspaces/recomart-recommendation-pipeline/airflow_venv/lib/python3.12/site-packages/airflow/example_dags/example_latest_only.py took 0.082 seconds
[2026-07-20T06:44:13.366+0000] {processor.py:161} INFO - Started process (PID=82452) to work on /workspaces/recomart-recommendation-pipeline/airflow_venv/lib/python3.12/site-packages/airflow/example_dags/example_latest_only.py
[2026-07-20T06:44:13.367+0000] {processor.py:830} INFO - Processing file /workspaces/recomart-recommendation-pipeline/airflow_venv/lib/python3.12/site-packages/airflow/example_dags/example_latest_only.py for tasks to queue
[2026-07-20T06:44:13.368+0000] {logging_mixin.py:188} INFO - [2026-07-20T06:44:13.368+0000] {dagbag.py:545} INFO - Filling up the DagBag from /workspaces/recomart-recommendation-pipeline/airflow_venv/lib/python3.12/site-packages/airflow/example_dags/example_latest_only.py
[2026-07-20T06:44:13.372+0000] {processor.py:840} INFO - DAG(s) 'latest_only' retrieved from /workspaces/recomart-recommendation-pipeline/airflow_venv/lib/python3.12/site-packages/airflow/example_dags/example_latest_only.py
[2026-07-20T06:44:13.389+0000] {logging_mixin.py:188} INFO - [2026-07-20T06:44:13.388+0000] {dag.py:3089} INFO - Sync 1 DAGs
[2026-07-20T06:44:13.405+0000] {logging_mixin.py:188} INFO - [2026-07-20T06:44:13.404+0000] {dag.py:3947} INFO - Setting next_dagrun for latest_only to 2026-07-20 00:00:00+00:00, run_after=2026-07-20 04:00:00+00:00
[2026-07-20T06:44:13.422+0000] {processor.py:183} INFO - Processing /workspaces/recomart-recommendation-pipeline/airflow_venv/lib/python3.12/site-packages/airflow/example_dags/example_latest_only.py took 0.060 seconds
[2026-07-20T06:45:14.127+0000] {processor.py:161} INFO - Started process (PID=82956) to work on /workspaces/recomart-recommendation-pipeline/airflow_venv/lib/python3.12/site-packages/airflow/example_dags/example_latest_only.py
[2026-07-20T06:45:14.128+0000] {processor.py:830} INFO - Processing file /workspaces/recomart-recommendation-pipeline/airflow_venv/lib/python3.12/site-packages/airflow/example_dags/example_latest_only.py for tasks to queue
[2026-07-20T06:45:14.130+0000] {logging_mixin.py:188} INFO - [2026-07-20T06:45:14.130+0000] {dagbag.py:545} INFO - Filling up the DagBag from /workspaces/recomart-recommendation-pipeline/airflow_venv/lib/python3.12/site-packages/airflow/example_dags/example_latest_only.py
[2026-07-20T06:45:14.134+0000] {processor.py:840} INFO - DAG(s) 'latest_only' retrieved from /workspaces/recomart-recommendation-pipeline/airflow_venv/lib/python3.12/site-packages/airflow/example_dags/example_latest_only.py
[2026-07-20T06:45:14.146+0000] {logging_mixin.py:188} INFO - [2026-07-20T06:45:14.146+0000] {dag.py:3089} INFO - Sync 1 DAGs
[2026-07-20T06:45:14.160+0000] {logging_mixin.py:188} INFO - [2026-07-20T06:45:14.160+0000] {dag.py:3947} INFO - Setting next_dagrun for latest_only to 2026-07-20 00:00:00+00:00, run_after=2026-07-20 04:00:00+00:00
[2026-07-20T06:45:14.181+0000] {processor.py:183} INFO - Processing /workspaces/recomart-recommendation-pipeline/airflow_venv/lib/python3.12/site-packages/airflow/example_dags/example_latest_only.py took 0.060 seconds
[2026-07-20T06:46:23.020+0000] {processor.py:161} INFO - Started process (PID=83589) to work on /workspaces/recomart-recommendation-pipeline/airflow_venv/lib/python3.12/site-packages/airflow/example_dags/example_latest_only.py
[2026-07-20T06:46:23.020+0000] {processor.py:830} INFO - Processing file /workspaces/recomart-recommendation-pipeline/airflow_venv/lib/python3.12/site-packages/airflow/example_dags/example_latest_only.py for tasks to queue
[2026-07-20T06:46:23.022+0000] {logging_mixin.py:188} INFO - [2026-07-20T06:46:23.022+0000] {dagbag.py:545} INFO - Filling up the DagBag from /workspaces/recomart-recommendation-pipeline/airflow_venv/lib/python3.12/site-packages/airflow/example_dags/example_latest_only.py
[2026-07-20T06:46:23.025+0000] {processor.py:840} INFO - DAG(s) 'latest_only' retrieved from /workspaces/recomart-recommendation-pipeline/airflow_venv/lib/python3.12/site-packages/airflow/example_dags/example_latest_only.py
[2026-07-20T06:46:23.037+0000] {logging_mixin.py:188} INFO - [2026-07-20T06:46:23.037+0000] {dag.py:3089} INFO - Sync 1 DAGs
[2026-07-20T06:46:23.053+0000] {logging_mixin.py:188} INFO - [2026-07-20T06:46:23.052+0000] {dag.py:3947} INFO - Setting next_dagrun for latest_only to 2026-07-20 00:00:00+00:00, run_after=2026-07-20 04:00:00+00:00
[2026-07-20T06:46:23.069+0000] {processor.py:183} INFO - Processing /workspaces/recomart-recommendation-pipeline/airflow_venv/lib/python3.12/site-packages/airflow/example_dags/example_latest_only.py took 0.054 seconds
[2026-07-20T06:47:25.308+0000] {processor.py:161} INFO - Started process (PID=84099) to work on /workspaces/recomart-recommendation-pipeline/airflow_venv/lib/python3.12/site-packages/airflow/example_dags/example_latest_only.py
[2026-07-20T06:47:25.309+0000] {processor.py:830} INFO - Processing file /workspaces/recomart-recommendation-pipeline/airflow_venv/lib/python3.12/site-packages/airflow/example_dags/example_latest_only.py for tasks to queue
[2026-07-20T06:47:25.310+0000] {logging_mixin.py:188} INFO - [2026-07-20T06:47:25.310+0000] {dagbag.py:545} INFO - Filling up the DagBag from /workspaces/recomart-recommendation-pipeline/airflow_venv/lib/python3.12/site-packages/airflow/example_dags/example_latest_only.py
[2026-07-20T06:47:25.314+0000] {processor.py:840} INFO - DAG(s) 'latest_only' retrieved from /workspaces/recomart-recommendation-pipeline/airflow_venv/lib/python3.12/site-packages/airflow/example_dags/example_latest_only.py
[2026-07-20T06:47:25.326+0000] {logging_mixin.py:188} INFO - [2026-07-20T06:47:25.326+0000] {dag.py:3089} INFO - Sync 1 DAGs
[2026-07-20T06:47:25.342+0000] {logging_mixin.py:188} INFO - [2026-07-20T06:47:25.342+0000] {dag.py:3947} INFO - Setting next_dagrun for latest_only to 2026-07-20 00:00:00+00:00, run_after=2026-07-20 04:00:00+00:00
[2026-07-20T06:47:25.359+0000] {processor.py:183} INFO - Processing /workspaces/recomart-recommendation-pipeline/airflow_venv/lib/python3.12/site-packages/airflow/example_dags/example_latest_only.py took 0.055 seconds
[2026-07-20T06:48:28.794+0000] {processor.py:161} INFO - Started process (PID=84613) to work on /workspaces/recomart-recommendation-pipeline/airflow_venv/lib/python3.12/site-packages/airflow/example_dags/example_latest_only.py
[2026-07-20T06:48:28.795+0000] {processor.py:830} INFO - Processing file /workspaces/recomart-recommendation-pipeline/airflow_venv/lib/python3.12/site-packages/airflow/example_dags/example_latest_only.py for tasks to queue
[2026-07-20T06:48:28.796+0000] {logging_mixin.py:188} INFO - [2026-07-20T06:48:28.796+0000] {dagbag.py:545} INFO - Filling up the DagBag from /workspaces/recomart-recommendation-pipeline/airflow_venv/lib/python3.12/site-packages/airflow/example_dags/example_latest_only.py
[2026-07-20T06:48:28.800+0000] {processor.py:840} INFO - DAG(s) 'latest_only' retrieved from /workspaces/recomart-recommendation-pipeline/airflow_venv/lib/python3.12/site-packages/airflow/example_dags/example_latest_only.py
[2026-07-20T06:48:28.812+0000] {logging_mixin.py:188} INFO - [2026-07-20T06:48:28.811+0000] {dag.py:3089} INFO - Sync 1 DAGs
[2026-07-20T06:48:28.831+0000] {logging_mixin.py:188} INFO - [2026-07-20T06:48:28.831+0000] {dag.py:3947} INFO - Setting next_dagrun for latest_only to 2026-07-20 00:00:00+00:00, run_after=2026-07-20 04:00:00+00:00
[2026-07-20T06:48:28.856+0000] {processor.py:183} INFO - Processing /workspaces/recomart-recommendation-pipeline/airflow_venv/lib/python3.12/site-packages/airflow/example_dags/example_latest_only.py took 0.066 seconds
[2026-07-20T06:49:30.753+0000] {processor.py:161} INFO - Started process (PID=85248) to work on /workspaces/recomart-recommendation-pipeline/airflow_venv/lib/python3.12/site-packages/airflow/example_dags/example_latest_only.py
[2026-07-20T06:49:30.754+0000] {processor.py:830} INFO - Processing file /workspaces/recomart-recommendation-pipeline/airflow_venv/lib/python3.12/site-packages/airflow/example_dags/example_latest_only.py for tasks to queue
[2026-07-20T06:49:30.755+0000] {logging_mixin.py:188} INFO - [2026-07-20T06:49:30.755+0000] {dagbag.py:545} INFO - Filling up the DagBag from /workspaces/recomart-recommendation-pipeline/airflow_venv/lib/python3.12/site-packages/airflow/example_dags/example_latest_only.py
[2026-07-20T06:49:30.759+0000] {processor.py:840} INFO - DAG(s) 'latest_only' retrieved from /workspaces/recomart-recommendation-pipeline/airflow_venv/lib/python3.12/site-packages/airflow/example_dags/example_latest_only.py
[2026-07-20T06:49:30.773+0000] {logging_mixin.py:188} INFO - [2026-07-20T06:49:30.773+0000] {dag.py:3089} INFO - Sync 1 DAGs
[2026-07-20T06:49:30.793+0000] {logging_mixin.py:188} INFO - [2026-07-20T06:49:30.793+0000] {dag.py:3947} INFO - Setting next_dagrun for latest_only to 2026-07-20 00:00:00+00:00, run_after=2026-07-20 04:00:00+00:00
[2026-07-20T06:49:30.812+0000] {processor.py:183} INFO - Processing /workspaces/recomart-recommendation-pipeline/airflow_venv/lib/python3.12/site-packages/airflow/example_dags/example_latest_only.py took 0.065 seconds
[2026-07-20T06:50:36.611+0000] {processor.py:161} INFO - Started process (PID=85924) to work on /workspaces/recomart-recommendation-pipeline/airflow_venv/lib/python3.12/site-packages/airflow/example_dags/example_latest_only.py
[2026-07-20T06:50:36.612+0000] {processor.py:830} INFO - Processing file /workspaces/recomart-recommendation-pipeline/airflow_venv/lib/python3.12/site-packages/airflow/example_dags/example_latest_only.py for tasks to queue
[2026-07-20T06:50:36.613+0000] {logging_mixin.py:188} INFO - [2026-07-20T06:50:36.613+0000] {dagbag.py:545} INFO - Filling up the DagBag from /workspaces/recomart-recommendation-pipeline/airflow_venv/lib/python3.12/site-packages/airflow/example_dags/example_latest_only.py
[2026-07-20T06:50:36.618+0000] {processor.py:840} INFO - DAG(s) 'latest_only' retrieved from /workspaces/recomart-recommendation-pipeline/airflow_venv/lib/python3.12/site-packages/airflow/example_dags/example_latest_only.py
[2026-07-20T06:50:36.629+0000] {logging_mixin.py:188} INFO - [2026-07-20T06:50:36.629+0000] {dag.py:3089} INFO - Sync 1 DAGs
[2026-07-20T06:50:36.643+0000] {logging_mixin.py:188} INFO - [2026-07-20T06:50:36.643+0000] {dag.py:3947} INFO - Setting next_dagrun for latest_only to 2026-07-20 00:00:00+00:00, run_after=2026-07-20 04:00:00+00:00
[2026-07-20T06:50:36.660+0000] {processor.py:183} INFO - Processing /workspaces/recomart-recommendation-pipeline/airflow_venv/lib/python3.12/site-packages/airflow/example_dags/example_latest_only.py took 0.054 seconds
[2026-07-20T06:51:22.291+0000] {processor.py:161} INFO - Started process (PID=86425) to work on /workspaces/recomart-recommendation-pipeline/airflow_venv/lib/python3.12/site-packages/airflow/example_dags/example_latest_only.py
[2026-07-20T06:51:22.292+0000] {processor.py:830} INFO - Processing file /workspaces/recomart-recommendation-pipeline/airflow_venv/lib/python3.12/site-packages/airflow/example_dags/example_latest_only.py for tasks to queue
[2026-07-20T06:51:22.293+0000] {logging_mixin.py:188} INFO - [2026-07-20T06:51:22.293+0000] {dagbag.py:545} INFO - Filling up the DagBag from /workspaces/recomart-recommendation-pipeline/airflow_venv/lib/python3.12/site-packages/airflow/example_dags/example_latest_only.py
[2026-07-20T06:51:22.297+0000] {processor.py:840} INFO - DAG(s) 'latest_only' retrieved from /workspaces/recomart-recommendation-pipeline/airflow_venv/lib/python3.12/site-packages/airflow/example_dags/example_latest_only.py
[2026-07-20T06:51:22.308+0000] {logging_mixin.py:188} INFO - [2026-07-20T06:51:22.308+0000] {dag.py:3089} INFO - Sync 1 DAGs
[2026-07-20T06:51:22.323+0000] {logging_mixin.py:188} INFO - [2026-07-20T06:51:22.323+0000] {dag.py:3947} INFO - Setting next_dagrun for latest_only to 2026-07-20 00:00:00+00:00, run_after=2026-07-20 04:00:00+00:00
[2026-07-20T06:51:22.339+0000] {processor.py:183} INFO - Processing /workspaces/recomart-recommendation-pipeline/airflow_venv/lib/python3.12/site-packages/airflow/example_dags/example_latest_only.py took 0.054 seconds
[2026-07-20T06:58:17.370+0000] {processor.py:161} INFO - Started process (PID=89789) to work on /workspaces/recomart-recommendation-pipeline/airflow_venv/lib/python3.12/site-packages/airflow/example_dags/example_latest_only.py
[2026-07-20T06:58:17.371+0000] {processor.py:830} INFO - Processing file /workspaces/recomart-recommendation-pipeline/airflow_venv/lib/python3.12/site-packages/airflow/example_dags/example_latest_only.py for tasks to queue
[2026-07-20T06:58:17.373+0000] {logging_mixin.py:188} INFO - [2026-07-20T06:58:17.372+0000] {dagbag.py:545} INFO - Filling up the DagBag from /workspaces/recomart-recommendation-pipeline/airflow_venv/lib/python3.12/site-packages/airflow/example_dags/example_latest_only.py
[2026-07-20T06:58:17.378+0000] {processor.py:840} INFO - DAG(s) 'latest_only' retrieved from /workspaces/recomart-recommendation-pipeline/airflow_venv/lib/python3.12/site-packages/airflow/example_dags/example_latest_only.py
[2026-07-20T06:58:17.467+0000] {logging_mixin.py:188} INFO - [2026-07-20T06:58:17.467+0000] {dag.py:3089} INFO - Sync 1 DAGs
[2026-07-20T06:58:17.487+0000] {logging_mixin.py:188} INFO - [2026-07-20T06:58:17.487+0000] {dag.py:3947} INFO - Setting next_dagrun for latest_only to 2026-07-20 00:00:00+00:00, run_after=2026-07-20 04:00:00+00:00
[2026-07-20T06:58:17.509+0000] {processor.py:183} INFO - Processing /workspaces/recomart-recommendation-pipeline/airflow_venv/lib/python3.12/site-packages/airflow/example_dags/example_latest_only.py took 0.143 seconds
[2026-07-20T06:59:53.693+0000] {processor.py:161} INFO - Started process (PID=91381) to work on /workspaces/recomart-recommendation-pipeline/airflow_venv/lib/python3.12/site-packages/airflow/example_dags/example_latest_only.py
[2026-07-20T06:59:53.694+0000] {processor.py:830} INFO - Processing file /workspaces/recomart-recommendation-pipeline/airflow_venv/lib/python3.12/site-packages/airflow/example_dags/example_latest_only.py for tasks to queue
[2026-07-20T06:59:53.695+0000] {logging_mixin.py:188} INFO - [2026-07-20T06:59:53.695+0000] {dagbag.py:545} INFO - Filling up the DagBag from /workspaces/recomart-recommendation-pipeline/airflow_venv/lib/python3.12/site-packages/airflow/example_dags/example_latest_only.py
[2026-07-20T06:59:53.699+0000] {processor.py:840} INFO - DAG(s) 'latest_only' retrieved from /workspaces/recomart-recommendation-pipeline/airflow_venv/lib/python3.12/site-packages/airflow/example_dags/example_latest_only.py
[2026-07-20T06:59:53.710+0000] {logging_mixin.py:188} INFO - [2026-07-20T06:59:53.710+0000] {dag.py:3089} INFO - Sync 1 DAGs
[2026-07-20T06:59:53.725+0000] {logging_mixin.py:188} INFO - [2026-07-20T06:59:53.725+0000] {dag.py:3947} INFO - Setting next_dagrun for latest_only to 2026-07-20 00:00:00+00:00, run_after=2026-07-20 04:00:00+00:00
[2026-07-20T06:59:53.742+0000] {processor.py:183} INFO - Processing /workspaces/recomart-recommendation-pipeline/airflow_venv/lib/python3.12/site-packages/airflow/example_dags/example_latest_only.py took 0.053 seconds
[2026-07-20T07:00:45.862+0000] {processor.py:161} INFO - Started process (PID=91939) to work on /workspaces/recomart-recommendation-pipeline/airflow_venv/lib/python3.12/site-packages/airflow/example_dags/example_latest_only.py
[2026-07-20T07:00:45.863+0000] {processor.py:830} INFO - Processing file /workspaces/recomart-recommendation-pipeline/airflow_venv/lib/python3.12/site-packages/airflow/example_dags/example_latest_only.py for tasks to queue
[2026-07-20T07:00:45.865+0000] {logging_mixin.py:188} INFO - [2026-07-20T07:00:45.864+0000] {dagbag.py:545} INFO - Filling up the DagBag from /workspaces/recomart-recommendation-pipeline/airflow_venv/lib/python3.12/site-packages/airflow/example_dags/example_latest_only.py
[2026-07-20T07:00:45.870+0000] {processor.py:840} INFO - DAG(s) 'latest_only' retrieved from /workspaces/recomart-recommendation-pipeline/airflow_venv/lib/python3.12/site-packages/airflow/example_dags/example_latest_only.py
[2026-07-20T07:00:45.888+0000] {logging_mixin.py:188} INFO - [2026-07-20T07:00:45.887+0000] {dag.py:3089} INFO - Sync 1 DAGs
[2026-07-20T07:00:45.910+0000] {logging_mixin.py:188} INFO - [2026-07-20T07:00:45.909+0000] {dag.py:3947} INFO - Setting next_dagrun for latest_only to 2026-07-20 00:00:00+00:00, run_after=2026-07-20 04:00:00+00:00
[2026-07-20T07:00:45.934+0000] {processor.py:183} INFO - Processing /workspaces/recomart-recommendation-pipeline/airflow_venv/lib/python3.12/site-packages/airflow/example_dags/example_latest_only.py took 0.079 seconds
[2026-07-20T07:01:37.218+0000] {processor.py:161} INFO - Started process (PID=92372) to work on /workspaces/recomart-recommendation-pipeline/airflow_venv/lib/python3.12/site-packages/airflow/example_dags/example_latest_only.py
[2026-07-20T07:01:37.219+0000] {processor.py:830} INFO - Processing file /workspaces/recomart-recommendation-pipeline/airflow_venv/lib/python3.12/site-packages/airflow/example_dags/example_latest_only.py for tasks to queue
[2026-07-20T07:01:37.220+0000] {logging_mixin.py:188} INFO - [2026-07-20T07:01:37.220+0000] {dagbag.py:545} INFO - Filling up the DagBag from /workspaces/recomart-recommendation-pipeline/airflow_venv/lib/python3.12/site-packages/airflow/example_dags/example_latest_only.py
[2026-07-20T07:01:37.224+0000] {processor.py:840} INFO - DAG(s) 'latest_only' retrieved from /workspaces/recomart-recommendation-pipeline/airflow_venv/lib/python3.12/site-packages/airflow/example_dags/example_latest_only.py
[2026-07-20T07:01:37.235+0000] {logging_mixin.py:188} INFO - [2026-07-20T07:01:37.235+0000] {dag.py:3089} INFO - Sync 1 DAGs
[2026-07-20T07:01:37.251+0000] {logging_mixin.py:188} INFO - [2026-07-20T07:01:37.250+0000] {dag.py:3947} INFO - Setting next_dagrun for latest_only to 2026-07-20 00:00:00+00:00, run_after=2026-07-20 04:00:00+00:00
[2026-07-20T07:01:37.268+0000] {processor.py:183} INFO - Processing /workspaces/recomart-recommendation-pipeline/airflow_venv/lib/python3.12/site-packages/airflow/example_dags/example_latest_only.py took 0.054 seconds
