[2026-07-20T05:58:53.535+0000] {processor.py:161} INFO - Started process (PID=58002) to work on /workspaces/recomart-recommendation-pipeline/airflow_venv/lib/python3.12/site-packages/airflow/example_dags/example_time_delta_sensor_async.py
[2026-07-20T05:58:53.535+0000] {processor.py:830} INFO - Processing file /workspaces/recomart-recommendation-pipeline/airflow_venv/lib/python3.12/site-packages/airflow/example_dags/example_time_delta_sensor_async.py for tasks to queue
[2026-07-20T05:58:53.537+0000] {logging_mixin.py:188} INFO - [2026-07-20T05:58:53.537+0000] {dagbag.py:545} INFO - Filling up the DagBag from /workspaces/recomart-recommendation-pipeline/airflow_venv/lib/python3.12/site-packages/airflow/example_dags/example_time_delta_sensor_async.py
[2026-07-20T05:58:53.543+0000] {processor.py:840} INFO - DAG(s) 'example_time_delta_sensor_async' retrieved from /workspaces/recomart-recommendation-pipeline/airflow_venv/lib/python3.12/site-packages/airflow/example_dags/example_time_delta_sensor_async.py
[2026-07-20T05:58:53.643+0000] {logging_mixin.py:188} INFO - [2026-07-20T05:58:53.642+0000] {override.py:1858} INFO - Created Permission View: can read on DAG:example_time_delta_sensor_async
[2026-07-20T05:58:53.652+0000] {logging_mixin.py:188} INFO - [2026-07-20T05:58:53.652+0000] {override.py:1858} INFO - Created Permission View: can edit on DAG:example_time_delta_sensor_async
[2026-07-20T05:58:53.659+0000] {logging_mixin.py:188} INFO - [2026-07-20T05:58:53.659+0000] {override.py:1858} INFO - Created Permission View: can delete on DAG:example_time_delta_sensor_async
[2026-07-20T05:58:53.659+0000] {logging_mixin.py:188} INFO - [2026-07-20T05:58:53.659+0000] {dag.py:3089} INFO - Sync 1 DAGs
[2026-07-20T05:58:53.667+0000] {logging_mixin.py:188} INFO - [2026-07-20T05:58:53.667+0000] {dag.py:3111} INFO - Creating ORM DAG for example_time_delta_sensor_async
[2026-07-20T05:58:53.668+0000] {logging_mixin.py:188} INFO - [2026-07-20T05:58:53.667+0000] {dag.py:3947} INFO - Setting next_dagrun for example_time_delta_sensor_async to None, run_after=None
[2026-07-20T05:58:53.689+0000] {processor.py:183} INFO - Processing /workspaces/recomart-recommendation-pipeline/airflow_venv/lib/python3.12/site-packages/airflow/example_dags/example_time_delta_sensor_async.py took 0.158 seconds
[2026-07-20T05:59:53.144+0000] {processor.py:161} INFO - Started process (PID=58588) to work on /workspaces/recomart-recommendation-pipeline/airflow_venv/lib/python3.12/site-packages/airflow/example_dags/example_time_delta_sensor_async.py
[2026-07-20T05:59:53.145+0000] {processor.py:830} INFO - Processing file /workspaces/recomart-recommendation-pipeline/airflow_venv/lib/python3.12/site-packages/airflow/example_dags/example_time_delta_sensor_async.py for tasks to queue
[2026-07-20T05:59:53.146+0000] {logging_mixin.py:188} INFO - [2026-07-20T05:59:53.146+0000] {dagbag.py:545} INFO - Filling up the DagBag from /workspaces/recomart-recommendation-pipeline/airflow_venv/lib/python3.12/site-packages/airflow/example_dags/example_time_delta_sensor_async.py
[2026-07-20T05:59:53.151+0000] {processor.py:840} INFO - DAG(s) 'example_time_delta_sensor_async' retrieved from /workspaces/recomart-recommendation-pipeline/airflow_venv/lib/python3.12/site-packages/airflow/example_dags/example_time_delta_sensor_async.py
[2026-07-20T05:59:53.163+0000] {logging_mixin.py:188} INFO - [2026-07-20T05:59:53.162+0000] {dag.py:3089} INFO - Sync 1 DAGs
[2026-07-20T05:59:53.171+0000] {logging_mixin.py:188} INFO - [2026-07-20T05:59:53.171+0000] {dag.py:3947} INFO - Setting next_dagrun for example_time_delta_sensor_async to None, run_after=None
[2026-07-20T05:59:53.187+0000] {processor.py:183} INFO - Processing /workspaces/recomart-recommendation-pipeline/airflow_venv/lib/python3.12/site-packages/airflow/example_dags/example_time_delta_sensor_async.py took 0.047 seconds
[2026-07-20T06:00:41.877+0000] {processor.py:161} INFO - Started process (PID=59034) to work on /workspaces/recomart-recommendation-pipeline/airflow_venv/lib/python3.12/site-packages/airflow/example_dags/example_time_delta_sensor_async.py
[2026-07-20T06:00:41.878+0000] {processor.py:830} INFO - Processing file /workspaces/recomart-recommendation-pipeline/airflow_venv/lib/python3.12/site-packages/airflow/example_dags/example_time_delta_sensor_async.py for tasks to queue
[2026-07-20T06:00:41.879+0000] {logging_mixin.py:188} INFO - [2026-07-20T06:00:41.879+0000] {dagbag.py:545} INFO - Filling up the DagBag from /workspaces/recomart-recommendation-pipeline/airflow_venv/lib/python3.12/site-packages/airflow/example_dags/example_time_delta_sensor_async.py
[2026-07-20T06:00:41.884+0000] {processor.py:840} INFO - DAG(s) 'example_time_delta_sensor_async' retrieved from /workspaces/recomart-recommendation-pipeline/airflow_venv/lib/python3.12/site-packages/airflow/example_dags/example_time_delta_sensor_async.py
[2026-07-20T06:00:41.897+0000] {logging_mixin.py:188} INFO - [2026-07-20T06:00:41.897+0000] {dag.py:3089} INFO - Sync 1 DAGs
[2026-07-20T06:00:41.906+0000] {logging_mixin.py:188} INFO - [2026-07-20T06:00:41.906+0000] {dag.py:3947} INFO - Setting next_dagrun for example_time_delta_sensor_async to None, run_after=None
[2026-07-20T06:00:41.927+0000] {processor.py:183} INFO - Processing /workspaces/recomart-recommendation-pipeline/airflow_venv/lib/python3.12/site-packages/airflow/example_dags/example_time_delta_sensor_async.py took 0.055 seconds
[2026-07-20T06:01:34.965+0000] {processor.py:161} INFO - Started process (PID=59687) to work on /workspaces/recomart-recommendation-pipeline/airflow_venv/lib/python3.12/site-packages/airflow/example_dags/example_time_delta_sensor_async.py
[2026-07-20T06:01:34.966+0000] {processor.py:830} INFO - Processing file /workspaces/recomart-recommendation-pipeline/airflow_venv/lib/python3.12/site-packages/airflow/example_dags/example_time_delta_sensor_async.py for tasks to queue
[2026-07-20T06:01:34.968+0000] {logging_mixin.py:188} INFO - [2026-07-20T06:01:34.968+0000] {dagbag.py:545} INFO - Filling up the DagBag from /workspaces/recomart-recommendation-pipeline/airflow_venv/lib/python3.12/site-packages/airflow/example_dags/example_time_delta_sensor_async.py
[2026-07-20T06:01:34.972+0000] {processor.py:840} INFO - DAG(s) 'example_time_delta_sensor_async' retrieved from /workspaces/recomart-recommendation-pipeline/airflow_venv/lib/python3.12/site-packages/airflow/example_dags/example_time_delta_sensor_async.py
[2026-07-20T06:01:34.988+0000] {logging_mixin.py:188} INFO - [2026-07-20T06:01:34.988+0000] {dag.py:3089} INFO - Sync 1 DAGs
[2026-07-20T06:01:35.000+0000] {logging_mixin.py:188} INFO - [2026-07-20T06:01:35.000+0000] {dag.py:3947} INFO - Setting next_dagrun for example_time_delta_sensor_async to None, run_after=None
[2026-07-20T06:01:35.021+0000] {processor.py:183} INFO - Processing /workspaces/recomart-recommendation-pipeline/airflow_venv/lib/python3.12/site-packages/airflow/example_dags/example_time_delta_sensor_async.py took 0.061 seconds
[2026-07-20T06:02:18.530+0000] {processor.py:161} INFO - Started process (PID=60065) to work on /workspaces/recomart-recommendation-pipeline/airflow_venv/lib/python3.12/site-packages/airflow/example_dags/example_time_delta_sensor_async.py
[2026-07-20T06:02:18.534+0000] {processor.py:830} INFO - Processing file /workspaces/recomart-recommendation-pipeline/airflow_venv/lib/python3.12/site-packages/airflow/example_dags/example_time_delta_sensor_async.py for tasks to queue
[2026-07-20T06:02:18.541+0000] {logging_mixin.py:188} INFO - [2026-07-20T06:02:18.540+0000] {dagbag.py:545} INFO - Filling up the DagBag from /workspaces/recomart-recommendation-pipeline/airflow_venv/lib/python3.12/site-packages/airflow/example_dags/example_time_delta_sensor_async.py
[2026-07-20T06:02:18.561+0000] {processor.py:840} INFO - DAG(s) 'example_time_delta_sensor_async' retrieved from /workspaces/recomart-recommendation-pipeline/airflow_venv/lib/python3.12/site-packages/airflow/example_dags/example_time_delta_sensor_async.py
[2026-07-20T06:02:18.600+0000] {logging_mixin.py:188} INFO - [2026-07-20T06:02:18.599+0000] {dag.py:3089} INFO - Sync 1 DAGs
[2026-07-20T06:02:18.615+0000] {logging_mixin.py:188} INFO - [2026-07-20T06:02:18.615+0000] {dag.py:3947} INFO - Setting next_dagrun for example_time_delta_sensor_async to None, run_after=None
[2026-07-20T06:02:18.714+0000] {processor.py:183} INFO - Processing /workspaces/recomart-recommendation-pipeline/airflow_venv/lib/python3.12/site-packages/airflow/example_dags/example_time_delta_sensor_async.py took 0.199 seconds
[2026-07-20T06:03:02.761+0000] {processor.py:161} INFO - Started process (PID=60450) to work on /workspaces/recomart-recommendation-pipeline/airflow_venv/lib/python3.12/site-packages/airflow/example_dags/example_time_delta_sensor_async.py
[2026-07-20T06:03:02.762+0000] {processor.py:830} INFO - Processing file /workspaces/recomart-recommendation-pipeline/airflow_venv/lib/python3.12/site-packages/airflow/example_dags/example_time_delta_sensor_async.py for tasks to queue
[2026-07-20T06:03:02.763+0000] {logging_mixin.py:188} INFO - [2026-07-20T06:03:02.763+0000] {dagbag.py:545} INFO - Filling up the DagBag from /workspaces/recomart-recommendation-pipeline/airflow_venv/lib/python3.12/site-packages/airflow/example_dags/example_time_delta_sensor_async.py
[2026-07-20T06:03:02.767+0000] {processor.py:840} INFO - DAG(s) 'example_time_delta_sensor_async' retrieved from /workspaces/recomart-recommendation-pipeline/airflow_venv/lib/python3.12/site-packages/airflow/example_dags/example_time_delta_sensor_async.py
[2026-07-20T06:03:02.783+0000] {logging_mixin.py:188} INFO - [2026-07-20T06:03:02.783+0000] {dag.py:3089} INFO - Sync 1 DAGs
[2026-07-20T06:03:02.794+0000] {logging_mixin.py:188} INFO - [2026-07-20T06:03:02.794+0000] {dag.py:3947} INFO - Setting next_dagrun for example_time_delta_sensor_async to None, run_after=None
[2026-07-20T06:03:02.813+0000] {processor.py:183} INFO - Processing /workspaces/recomart-recommendation-pipeline/airflow_venv/lib/python3.12/site-packages/airflow/example_dags/example_time_delta_sensor_async.py took 0.057 seconds
[2026-07-20T06:03:45.619+0000] {processor.py:161} INFO - Started process (PID=60875) to work on /workspaces/recomart-recommendation-pipeline/airflow_venv/lib/python3.12/site-packages/airflow/example_dags/example_time_delta_sensor_async.py
[2026-07-20T06:03:45.620+0000] {processor.py:830} INFO - Processing file /workspaces/recomart-recommendation-pipeline/airflow_venv/lib/python3.12/site-packages/airflow/example_dags/example_time_delta_sensor_async.py for tasks to queue
[2026-07-20T06:03:45.621+0000] {logging_mixin.py:188} INFO - [2026-07-20T06:03:45.621+0000] {dagbag.py:545} INFO - Filling up the DagBag from /workspaces/recomart-recommendation-pipeline/airflow_venv/lib/python3.12/site-packages/airflow/example_dags/example_time_delta_sensor_async.py
[2026-07-20T06:03:45.625+0000] {processor.py:840} INFO - DAG(s) 'example_time_delta_sensor_async' retrieved from /workspaces/recomart-recommendation-pipeline/airflow_venv/lib/python3.12/site-packages/airflow/example_dags/example_time_delta_sensor_async.py
[2026-07-20T06:03:45.636+0000] {logging_mixin.py:188} INFO - [2026-07-20T06:03:45.636+0000] {dag.py:3089} INFO - Sync 1 DAGs
[2026-07-20T06:03:45.647+0000] {logging_mixin.py:188} INFO - [2026-07-20T06:03:45.647+0000] {dag.py:3947} INFO - Setting next_dagrun for example_time_delta_sensor_async to None, run_after=None
[2026-07-20T06:03:45.664+0000] {processor.py:183} INFO - Processing /workspaces/recomart-recommendation-pipeline/airflow_venv/lib/python3.12/site-packages/airflow/example_dags/example_time_delta_sensor_async.py took 0.049 seconds
[2026-07-20T06:04:29.374+0000] {processor.py:161} INFO - Started process (PID=61185) to work on /workspaces/recomart-recommendation-pipeline/airflow_venv/lib/python3.12/site-packages/airflow/example_dags/example_time_delta_sensor_async.py
[2026-07-20T06:04:29.375+0000] {processor.py:830} INFO - Processing file /workspaces/recomart-recommendation-pipeline/airflow_venv/lib/python3.12/site-packages/airflow/example_dags/example_time_delta_sensor_async.py for tasks to queue
[2026-07-20T06:04:29.377+0000] {logging_mixin.py:188} INFO - [2026-07-20T06:04:29.376+0000] {dagbag.py:545} INFO - Filling up the DagBag from /workspaces/recomart-recommendation-pipeline/airflow_venv/lib/python3.12/site-packages/airflow/example_dags/example_time_delta_sensor_async.py
[2026-07-20T06:04:29.381+0000] {processor.py:840} INFO - DAG(s) 'example_time_delta_sensor_async' retrieved from /workspaces/recomart-recommendation-pipeline/airflow_venv/lib/python3.12/site-packages/airflow/example_dags/example_time_delta_sensor_async.py
[2026-07-20T06:04:29.396+0000] {logging_mixin.py:188} INFO - [2026-07-20T06:04:29.396+0000] {dag.py:3089} INFO - Sync 1 DAGs
[2026-07-20T06:04:29.520+0000] {logging_mixin.py:188} INFO - [2026-07-20T06:04:29.520+0000] {dag.py:3947} INFO - Setting next_dagrun for example_time_delta_sensor_async to None, run_after=None
[2026-07-20T06:04:29.538+0000] {processor.py:183} INFO - Processing /workspaces/recomart-recommendation-pipeline/airflow_venv/lib/python3.12/site-packages/airflow/example_dags/example_time_delta_sensor_async.py took 0.169 seconds
[2026-07-20T06:05:13.014+0000] {processor.py:161} INFO - Started process (PID=61558) to work on /workspaces/recomart-recommendation-pipeline/airflow_venv/lib/python3.12/site-packages/airflow/example_dags/example_time_delta_sensor_async.py
[2026-07-20T06:05:13.015+0000] {processor.py:830} INFO - Processing file /workspaces/recomart-recommendation-pipeline/airflow_venv/lib/python3.12/site-packages/airflow/example_dags/example_time_delta_sensor_async.py for tasks to queue
[2026-07-20T06:05:13.016+0000] {logging_mixin.py:188} INFO - [2026-07-20T06:05:13.016+0000] {dagbag.py:545} INFO - Filling up the DagBag from /workspaces/recomart-recommendation-pipeline/airflow_venv/lib/python3.12/site-packages/airflow/example_dags/example_time_delta_sensor_async.py
[2026-07-20T06:05:13.020+0000] {processor.py:840} INFO - DAG(s) 'example_time_delta_sensor_async' retrieved from /workspaces/recomart-recommendation-pipeline/airflow_venv/lib/python3.12/site-packages/airflow/example_dags/example_time_delta_sensor_async.py
[2026-07-20T06:05:13.032+0000] {logging_mixin.py:188} INFO - [2026-07-20T06:05:13.032+0000] {dag.py:3089} INFO - Sync 1 DAGs
[2026-07-20T06:05:13.041+0000] {logging_mixin.py:188} INFO - [2026-07-20T06:05:13.041+0000] {dag.py:3947} INFO - Setting next_dagrun for example_time_delta_sensor_async to None, run_after=None
[2026-07-20T06:05:13.059+0000] {processor.py:183} INFO - Processing /workspaces/recomart-recommendation-pipeline/airflow_venv/lib/python3.12/site-packages/airflow/example_dags/example_time_delta_sensor_async.py took 0.051 seconds
[2026-07-20T06:05:59.044+0000] {processor.py:161} INFO - Started process (PID=61954) to work on /workspaces/recomart-recommendation-pipeline/airflow_venv/lib/python3.12/site-packages/airflow/example_dags/example_time_delta_sensor_async.py
[2026-07-20T06:05:59.044+0000] {processor.py:830} INFO - Processing file /workspaces/recomart-recommendation-pipeline/airflow_venv/lib/python3.12/site-packages/airflow/example_dags/example_time_delta_sensor_async.py for tasks to queue
[2026-07-20T06:05:59.046+0000] {logging_mixin.py:188} INFO - [2026-07-20T06:05:59.045+0000] {dagbag.py:545} INFO - Filling up the DagBag from /workspaces/recomart-recommendation-pipeline/airflow_venv/lib/python3.12/site-packages/airflow/example_dags/example_time_delta_sensor_async.py
[2026-07-20T06:05:59.049+0000] {processor.py:840} INFO - DAG(s) 'example_time_delta_sensor_async' retrieved from /workspaces/recomart-recommendation-pipeline/airflow_venv/lib/python3.12/site-packages/airflow/example_dags/example_time_delta_sensor_async.py
[2026-07-20T06:05:59.061+0000] {logging_mixin.py:188} INFO - [2026-07-20T06:05:59.060+0000] {dag.py:3089} INFO - Sync 1 DAGs
[2026-07-20T06:05:59.069+0000] {logging_mixin.py:188} INFO - [2026-07-20T06:05:59.069+0000] {dag.py:3947} INFO - Setting next_dagrun for example_time_delta_sensor_async to None, run_after=None
[2026-07-20T06:05:59.091+0000] {processor.py:183} INFO - Processing /workspaces/recomart-recommendation-pipeline/airflow_venv/lib/python3.12/site-packages/airflow/example_dags/example_time_delta_sensor_async.py took 0.052 seconds
[2026-07-20T06:06:45.607+0000] {processor.py:161} INFO - Started process (PID=62361) to work on /workspaces/recomart-recommendation-pipeline/airflow_venv/lib/python3.12/site-packages/airflow/example_dags/example_time_delta_sensor_async.py
[2026-07-20T06:06:45.608+0000] {processor.py:830} INFO - Processing file /workspaces/recomart-recommendation-pipeline/airflow_venv/lib/python3.12/site-packages/airflow/example_dags/example_time_delta_sensor_async.py for tasks to queue
[2026-07-20T06:06:45.610+0000] {logging_mixin.py:188} INFO - [2026-07-20T06:06:45.609+0000] {dagbag.py:545} INFO - Filling up the DagBag from /workspaces/recomart-recommendation-pipeline/airflow_venv/lib/python3.12/site-packages/airflow/example_dags/example_time_delta_sensor_async.py
[2026-07-20T06:06:45.614+0000] {processor.py:840} INFO - DAG(s) 'example_time_delta_sensor_async' retrieved from /workspaces/recomart-recommendation-pipeline/airflow_venv/lib/python3.12/site-packages/airflow/example_dags/example_time_delta_sensor_async.py
[2026-07-20T06:06:45.626+0000] {logging_mixin.py:188} INFO - [2026-07-20T06:06:45.626+0000] {dag.py:3089} INFO - Sync 1 DAGs
[2026-07-20T06:06:45.735+0000] {logging_mixin.py:188} INFO - [2026-07-20T06:06:45.735+0000] {dag.py:3947} INFO - Setting next_dagrun for example_time_delta_sensor_async to None, run_after=None
[2026-07-20T06:06:45.752+0000] {processor.py:183} INFO - Processing /workspaces/recomart-recommendation-pipeline/airflow_venv/lib/python3.12/site-packages/airflow/example_dags/example_time_delta_sensor_async.py took 0.149 seconds
[2026-07-20T06:07:36.208+0000] {processor.py:161} INFO - Started process (PID=62733) to work on /workspaces/recomart-recommendation-pipeline/airflow_venv/lib/python3.12/site-packages/airflow/example_dags/example_time_delta_sensor_async.py
[2026-07-20T06:07:36.209+0000] {processor.py:830} INFO - Processing file /workspaces/recomart-recommendation-pipeline/airflow_venv/lib/python3.12/site-packages/airflow/example_dags/example_time_delta_sensor_async.py for tasks to queue
[2026-07-20T06:07:36.211+0000] {logging_mixin.py:188} INFO - [2026-07-20T06:07:36.210+0000] {dagbag.py:545} INFO - Filling up the DagBag from /workspaces/recomart-recommendation-pipeline/airflow_venv/lib/python3.12/site-packages/airflow/example_dags/example_time_delta_sensor_async.py
[2026-07-20T06:07:36.215+0000] {processor.py:840} INFO - DAG(s) 'example_time_delta_sensor_async' retrieved from /workspaces/recomart-recommendation-pipeline/airflow_venv/lib/python3.12/site-packages/airflow/example_dags/example_time_delta_sensor_async.py
[2026-07-20T06:07:36.227+0000] {logging_mixin.py:188} INFO - [2026-07-20T06:07:36.227+0000] {dag.py:3089} INFO - Sync 1 DAGs
[2026-07-20T06:07:36.236+0000] {logging_mixin.py:188} INFO - [2026-07-20T06:07:36.236+0000] {dag.py:3947} INFO - Setting next_dagrun for example_time_delta_sensor_async to None, run_after=None
[2026-07-20T06:07:36.253+0000] {processor.py:183} INFO - Processing /workspaces/recomart-recommendation-pipeline/airflow_venv/lib/python3.12/site-packages/airflow/example_dags/example_time_delta_sensor_async.py took 0.050 seconds
[2026-07-20T06:08:53.118+0000] {processor.py:161} INFO - Started process (PID=63575) to work on /workspaces/recomart-recommendation-pipeline/airflow_venv/lib/python3.12/site-packages/airflow/example_dags/example_time_delta_sensor_async.py
[2026-07-20T06:08:53.119+0000] {processor.py:830} INFO - Processing file /workspaces/recomart-recommendation-pipeline/airflow_venv/lib/python3.12/site-packages/airflow/example_dags/example_time_delta_sensor_async.py for tasks to queue
[2026-07-20T06:08:53.120+0000] {logging_mixin.py:188} INFO - [2026-07-20T06:08:53.120+0000] {dagbag.py:545} INFO - Filling up the DagBag from /workspaces/recomart-recommendation-pipeline/airflow_venv/lib/python3.12/site-packages/airflow/example_dags/example_time_delta_sensor_async.py
[2026-07-20T06:08:53.126+0000] {processor.py:840} INFO - DAG(s) 'example_time_delta_sensor_async' retrieved from /workspaces/recomart-recommendation-pipeline/airflow_venv/lib/python3.12/site-packages/airflow/example_dags/example_time_delta_sensor_async.py
[2026-07-20T06:08:53.131+0000] {logging_mixin.py:188} INFO - [2026-07-20T06:08:53.131+0000] {dag.py:3089} INFO - Sync 1 DAGs
[2026-07-20T06:08:53.140+0000] {logging_mixin.py:188} INFO - [2026-07-20T06:08:53.140+0000] {dag.py:3947} INFO - Setting next_dagrun for example_time_delta_sensor_async to None, run_after=None
[2026-07-20T06:08:53.159+0000] {processor.py:183} INFO - Processing /workspaces/recomart-recommendation-pipeline/airflow_venv/lib/python3.12/site-packages/airflow/example_dags/example_time_delta_sensor_async.py took 0.045 seconds
[2026-07-20T06:09:48.703+0000] {processor.py:161} INFO - Started process (PID=64031) to work on /workspaces/recomart-recommendation-pipeline/airflow_venv/lib/python3.12/site-packages/airflow/example_dags/example_time_delta_sensor_async.py
[2026-07-20T06:09:48.703+0000] {processor.py:830} INFO - Processing file /workspaces/recomart-recommendation-pipeline/airflow_venv/lib/python3.12/site-packages/airflow/example_dags/example_time_delta_sensor_async.py for tasks to queue
[2026-07-20T06:09:48.705+0000] {logging_mixin.py:188} INFO - [2026-07-20T06:09:48.704+0000] {dagbag.py:545} INFO - Filling up the DagBag from /workspaces/recomart-recommendation-pipeline/airflow_venv/lib/python3.12/site-packages/airflow/example_dags/example_time_delta_sensor_async.py
[2026-07-20T06:09:48.709+0000] {processor.py:840} INFO - DAG(s) 'example_time_delta_sensor_async' retrieved from /workspaces/recomart-recommendation-pipeline/airflow_venv/lib/python3.12/site-packages/airflow/example_dags/example_time_delta_sensor_async.py
[2026-07-20T06:09:48.802+0000] {logging_mixin.py:188} INFO - [2026-07-20T06:09:48.802+0000] {dag.py:3089} INFO - Sync 1 DAGs
[2026-07-20T06:09:48.809+0000] {logging_mixin.py:188} INFO - [2026-07-20T06:09:48.809+0000] {dag.py:3947} INFO - Setting next_dagrun for example_time_delta_sensor_async to None, run_after=None
[2026-07-20T06:09:48.825+0000] {processor.py:183} INFO - Processing /workspaces/recomart-recommendation-pipeline/airflow_venv/lib/python3.12/site-packages/airflow/example_dags/example_time_delta_sensor_async.py took 0.127 seconds
[2026-07-20T06:10:38.345+0000] {processor.py:161} INFO - Started process (PID=64389) to work on /workspaces/recomart-recommendation-pipeline/airflow_venv/lib/python3.12/site-packages/airflow/example_dags/example_time_delta_sensor_async.py
[2026-07-20T06:10:38.346+0000] {processor.py:830} INFO - Processing file /workspaces/recomart-recommendation-pipeline/airflow_venv/lib/python3.12/site-packages/airflow/example_dags/example_time_delta_sensor_async.py for tasks to queue
[2026-07-20T06:10:38.348+0000] {logging_mixin.py:188} INFO - [2026-07-20T06:10:38.347+0000] {dagbag.py:545} INFO - Filling up the DagBag from /workspaces/recomart-recommendation-pipeline/airflow_venv/lib/python3.12/site-packages/airflow/example_dags/example_time_delta_sensor_async.py
[2026-07-20T06:10:38.352+0000] {processor.py:840} INFO - DAG(s) 'example_time_delta_sensor_async' retrieved from /workspaces/recomart-recommendation-pipeline/airflow_venv/lib/python3.12/site-packages/airflow/example_dags/example_time_delta_sensor_async.py
[2026-07-20T06:10:38.368+0000] {logging_mixin.py:188} INFO - [2026-07-20T06:10:38.367+0000] {dag.py:3089} INFO - Sync 1 DAGs
[2026-07-20T06:10:38.382+0000] {logging_mixin.py:188} INFO - [2026-07-20T06:10:38.382+0000] {dag.py:3947} INFO - Setting next_dagrun for example_time_delta_sensor_async to None, run_after=None
[2026-07-20T06:10:38.400+0000] {processor.py:183} INFO - Processing /workspaces/recomart-recommendation-pipeline/airflow_venv/lib/python3.12/site-packages/airflow/example_dags/example_time_delta_sensor_async.py took 0.059 seconds
[2026-07-20T06:11:20.414+0000] {processor.py:161} INFO - Started process (PID=64928) to work on /workspaces/recomart-recommendation-pipeline/airflow_venv/lib/python3.12/site-packages/airflow/example_dags/example_time_delta_sensor_async.py
[2026-07-20T06:11:20.415+0000] {processor.py:830} INFO - Processing file /workspaces/recomart-recommendation-pipeline/airflow_venv/lib/python3.12/site-packages/airflow/example_dags/example_time_delta_sensor_async.py for tasks to queue
[2026-07-20T06:11:20.417+0000] {logging_mixin.py:188} INFO - [2026-07-20T06:11:20.417+0000] {dagbag.py:545} INFO - Filling up the DagBag from /workspaces/recomart-recommendation-pipeline/airflow_venv/lib/python3.12/site-packages/airflow/example_dags/example_time_delta_sensor_async.py
[2026-07-20T06:11:20.421+0000] {processor.py:840} INFO - DAG(s) 'example_time_delta_sensor_async' retrieved from /workspaces/recomart-recommendation-pipeline/airflow_venv/lib/python3.12/site-packages/airflow/example_dags/example_time_delta_sensor_async.py
[2026-07-20T06:11:20.432+0000] {logging_mixin.py:188} INFO - [2026-07-20T06:11:20.432+0000] {dag.py:3089} INFO - Sync 1 DAGs
[2026-07-20T06:11:20.441+0000] {logging_mixin.py:188} INFO - [2026-07-20T06:11:20.441+0000] {dag.py:3947} INFO - Setting next_dagrun for example_time_delta_sensor_async to None, run_after=None
[2026-07-20T06:11:20.461+0000] {processor.py:183} INFO - Processing /workspaces/recomart-recommendation-pipeline/airflow_venv/lib/python3.12/site-packages/airflow/example_dags/example_time_delta_sensor_async.py took 0.055 seconds
[2026-07-20T06:12:03.206+0000] {processor.py:161} INFO - Started process (PID=65307) to work on /workspaces/recomart-recommendation-pipeline/airflow_venv/lib/python3.12/site-packages/airflow/example_dags/example_time_delta_sensor_async.py
[2026-07-20T06:12:03.206+0000] {processor.py:830} INFO - Processing file /workspaces/recomart-recommendation-pipeline/airflow_venv/lib/python3.12/site-packages/airflow/example_dags/example_time_delta_sensor_async.py for tasks to queue
[2026-07-20T06:12:03.208+0000] {logging_mixin.py:188} INFO - [2026-07-20T06:12:03.207+0000] {dagbag.py:545} INFO - Filling up the DagBag from /workspaces/recomart-recommendation-pipeline/airflow_venv/lib/python3.12/site-packages/airflow/example_dags/example_time_delta_sensor_async.py
[2026-07-20T06:12:03.211+0000] {processor.py:840} INFO - DAG(s) 'example_time_delta_sensor_async' retrieved from /workspaces/recomart-recommendation-pipeline/airflow_venv/lib/python3.12/site-packages/airflow/example_dags/example_time_delta_sensor_async.py
[2026-07-20T06:12:03.224+0000] {logging_mixin.py:188} INFO - [2026-07-20T06:12:03.223+0000] {dag.py:3089} INFO - Sync 1 DAGs
[2026-07-20T06:12:03.233+0000] {logging_mixin.py:188} INFO - [2026-07-20T06:12:03.233+0000] {dag.py:3947} INFO - Setting next_dagrun for example_time_delta_sensor_async to None, run_after=None
[2026-07-20T06:12:03.252+0000] {processor.py:183} INFO - Processing /workspaces/recomart-recommendation-pipeline/airflow_venv/lib/python3.12/site-packages/airflow/example_dags/example_time_delta_sensor_async.py took 0.051 seconds
[2026-07-20T06:12:54.532+0000] {processor.py:161} INFO - Started process (PID=65743) to work on /workspaces/recomart-recommendation-pipeline/airflow_venv/lib/python3.12/site-packages/airflow/example_dags/example_time_delta_sensor_async.py
[2026-07-20T06:12:54.533+0000] {processor.py:830} INFO - Processing file /workspaces/recomart-recommendation-pipeline/airflow_venv/lib/python3.12/site-packages/airflow/example_dags/example_time_delta_sensor_async.py for tasks to queue
[2026-07-20T06:12:54.534+0000] {logging_mixin.py:188} INFO - [2026-07-20T06:12:54.534+0000] {dagbag.py:545} INFO - Filling up the DagBag from /workspaces/recomart-recommendation-pipeline/airflow_venv/lib/python3.12/site-packages/airflow/example_dags/example_time_delta_sensor_async.py
[2026-07-20T06:12:54.538+0000] {processor.py:840} INFO - DAG(s) 'example_time_delta_sensor_async' retrieved from /workspaces/recomart-recommendation-pipeline/airflow_venv/lib/python3.12/site-packages/airflow/example_dags/example_time_delta_sensor_async.py
[2026-07-20T06:12:54.550+0000] {logging_mixin.py:188} INFO - [2026-07-20T06:12:54.550+0000] {dag.py:3089} INFO - Sync 1 DAGs
[2026-07-20T06:12:54.560+0000] {logging_mixin.py:188} INFO - [2026-07-20T06:12:54.559+0000] {dag.py:3947} INFO - Setting next_dagrun for example_time_delta_sensor_async to None, run_after=None
[2026-07-20T06:12:54.579+0000] {processor.py:183} INFO - Processing /workspaces/recomart-recommendation-pipeline/airflow_venv/lib/python3.12/site-packages/airflow/example_dags/example_time_delta_sensor_async.py took 0.051 seconds
[2026-07-20T06:13:38.634+0000] {processor.py:161} INFO - Started process (PID=66051) to work on /workspaces/recomart-recommendation-pipeline/airflow_venv/lib/python3.12/site-packages/airflow/example_dags/example_time_delta_sensor_async.py
[2026-07-20T06:13:38.635+0000] {processor.py:830} INFO - Processing file /workspaces/recomart-recommendation-pipeline/airflow_venv/lib/python3.12/site-packages/airflow/example_dags/example_time_delta_sensor_async.py for tasks to queue
[2026-07-20T06:13:38.636+0000] {logging_mixin.py:188} INFO - [2026-07-20T06:13:38.636+0000] {dagbag.py:545} INFO - Filling up the DagBag from /workspaces/recomart-recommendation-pipeline/airflow_venv/lib/python3.12/site-packages/airflow/example_dags/example_time_delta_sensor_async.py
[2026-07-20T06:13:38.640+0000] {processor.py:840} INFO - DAG(s) 'example_time_delta_sensor_async' retrieved from /workspaces/recomart-recommendation-pipeline/airflow_venv/lib/python3.12/site-packages/airflow/example_dags/example_time_delta_sensor_async.py
[2026-07-20T06:13:38.654+0000] {logging_mixin.py:188} INFO - [2026-07-20T06:13:38.654+0000] {dag.py:3089} INFO - Sync 1 DAGs
[2026-07-20T06:13:38.663+0000] {logging_mixin.py:188} INFO - [2026-07-20T06:13:38.663+0000] {dag.py:3947} INFO - Setting next_dagrun for example_time_delta_sensor_async to None, run_after=None
[2026-07-20T06:13:38.683+0000] {processor.py:183} INFO - Processing /workspaces/recomart-recommendation-pipeline/airflow_venv/lib/python3.12/site-packages/airflow/example_dags/example_time_delta_sensor_async.py took 0.053 seconds
[2026-07-20T06:14:26.201+0000] {processor.py:161} INFO - Started process (PID=66732) to work on /workspaces/recomart-recommendation-pipeline/airflow_venv/lib/python3.12/site-packages/airflow/example_dags/example_time_delta_sensor_async.py
[2026-07-20T06:14:26.202+0000] {processor.py:830} INFO - Processing file /workspaces/recomart-recommendation-pipeline/airflow_venv/lib/python3.12/site-packages/airflow/example_dags/example_time_delta_sensor_async.py for tasks to queue
[2026-07-20T06:14:26.203+0000] {logging_mixin.py:188} INFO - [2026-07-20T06:14:26.203+0000] {dagbag.py:545} INFO - Filling up the DagBag from /workspaces/recomart-recommendation-pipeline/airflow_venv/lib/python3.12/site-packages/airflow/example_dags/example_time_delta_sensor_async.py
[2026-07-20T06:14:26.207+0000] {processor.py:840} INFO - DAG(s) 'example_time_delta_sensor_async' retrieved from /workspaces/recomart-recommendation-pipeline/airflow_venv/lib/python3.12/site-packages/airflow/example_dags/example_time_delta_sensor_async.py
[2026-07-20T06:14:26.219+0000] {logging_mixin.py:188} INFO - [2026-07-20T06:14:26.219+0000] {dag.py:3089} INFO - Sync 1 DAGs
[2026-07-20T06:14:26.228+0000] {logging_mixin.py:188} INFO - [2026-07-20T06:14:26.228+0000] {dag.py:3947} INFO - Setting next_dagrun for example_time_delta_sensor_async to None, run_after=None
[2026-07-20T06:14:26.246+0000] {processor.py:183} INFO - Processing /workspaces/recomart-recommendation-pipeline/airflow_venv/lib/python3.12/site-packages/airflow/example_dags/example_time_delta_sensor_async.py took 0.050 seconds
[2026-07-20T06:15:09.470+0000] {processor.py:161} INFO - Started process (PID=67183) to work on /workspaces/recomart-recommendation-pipeline/airflow_venv/lib/python3.12/site-packages/airflow/example_dags/example_time_delta_sensor_async.py
[2026-07-20T06:15:09.471+0000] {processor.py:830} INFO - Processing file /workspaces/recomart-recommendation-pipeline/airflow_venv/lib/python3.12/site-packages/airflow/example_dags/example_time_delta_sensor_async.py for tasks to queue
[2026-07-20T06:15:09.473+0000] {logging_mixin.py:188} INFO - [2026-07-20T06:15:09.472+0000] {dagbag.py:545} INFO - Filling up the DagBag from /workspaces/recomart-recommendation-pipeline/airflow_venv/lib/python3.12/site-packages/airflow/example_dags/example_time_delta_sensor_async.py
[2026-07-20T06:15:09.477+0000] {processor.py:840} INFO - DAG(s) 'example_time_delta_sensor_async' retrieved from /workspaces/recomart-recommendation-pipeline/airflow_venv/lib/python3.12/site-packages/airflow/example_dags/example_time_delta_sensor_async.py
[2026-07-20T06:15:09.493+0000] {logging_mixin.py:188} INFO - [2026-07-20T06:15:09.492+0000] {dag.py:3089} INFO - Sync 1 DAGs
[2026-07-20T06:15:09.501+0000] {logging_mixin.py:188} INFO - [2026-07-20T06:15:09.501+0000] {dag.py:3947} INFO - Setting next_dagrun for example_time_delta_sensor_async to None, run_after=None
[2026-07-20T06:15:09.518+0000] {processor.py:183} INFO - Processing /workspaces/recomart-recommendation-pipeline/airflow_venv/lib/python3.12/site-packages/airflow/example_dags/example_time_delta_sensor_async.py took 0.052 seconds
[2026-07-20T06:30:55.308+0000] {processor.py:161} INFO - Started process (PID=73508) to work on /workspaces/recomart-recommendation-pipeline/airflow_venv/lib/python3.12/site-packages/airflow/example_dags/example_time_delta_sensor_async.py
[2026-07-20T06:30:55.309+0000] {processor.py:830} INFO - Processing file /workspaces/recomart-recommendation-pipeline/airflow_venv/lib/python3.12/site-packages/airflow/example_dags/example_time_delta_sensor_async.py for tasks to queue
[2026-07-20T06:30:55.312+0000] {logging_mixin.py:188} INFO - [2026-07-20T06:30:55.312+0000] {dagbag.py:545} INFO - Filling up the DagBag from /workspaces/recomart-recommendation-pipeline/airflow_venv/lib/python3.12/site-packages/airflow/example_dags/example_time_delta_sensor_async.py
[2026-07-20T06:30:55.326+0000] {processor.py:840} INFO - DAG(s) 'example_time_delta_sensor_async' retrieved from /workspaces/recomart-recommendation-pipeline/airflow_venv/lib/python3.12/site-packages/airflow/example_dags/example_time_delta_sensor_async.py
[2026-07-20T06:30:55.337+0000] {logging_mixin.py:188} INFO - [2026-07-20T06:30:55.336+0000] {dag.py:3089} INFO - Sync 1 DAGs
[2026-07-20T06:30:55.351+0000] {logging_mixin.py:188} INFO - [2026-07-20T06:30:55.351+0000] {dag.py:3947} INFO - Setting next_dagrun for example_time_delta_sensor_async to None, run_after=None
[2026-07-20T06:30:55.374+0000] {processor.py:183} INFO - Processing /workspaces/recomart-recommendation-pipeline/airflow_venv/lib/python3.12/site-packages/airflow/example_dags/example_time_delta_sensor_async.py took 0.077 seconds
[2026-07-20T06:31:51.154+0000] {processor.py:161} INFO - Started process (PID=74099) to work on /workspaces/recomart-recommendation-pipeline/airflow_venv/lib/python3.12/site-packages/airflow/example_dags/example_time_delta_sensor_async.py
[2026-07-20T06:31:51.154+0000] {processor.py:830} INFO - Processing file /workspaces/recomart-recommendation-pipeline/airflow_venv/lib/python3.12/site-packages/airflow/example_dags/example_time_delta_sensor_async.py for tasks to queue
[2026-07-20T06:31:51.156+0000] {logging_mixin.py:188} INFO - [2026-07-20T06:31:51.155+0000] {dagbag.py:545} INFO - Filling up the DagBag from /workspaces/recomart-recommendation-pipeline/airflow_venv/lib/python3.12/site-packages/airflow/example_dags/example_time_delta_sensor_async.py
[2026-07-20T06:31:51.159+0000] {processor.py:840} INFO - DAG(s) 'example_time_delta_sensor_async' retrieved from /workspaces/recomart-recommendation-pipeline/airflow_venv/lib/python3.12/site-packages/airflow/example_dags/example_time_delta_sensor_async.py
[2026-07-20T06:31:51.255+0000] {logging_mixin.py:188} INFO - [2026-07-20T06:31:51.255+0000] {dag.py:3089} INFO - Sync 1 DAGs
[2026-07-20T06:31:51.262+0000] {logging_mixin.py:188} INFO - [2026-07-20T06:31:51.262+0000] {dag.py:3947} INFO - Setting next_dagrun for example_time_delta_sensor_async to None, run_after=None
[2026-07-20T06:31:51.282+0000] {processor.py:183} INFO - Processing /workspaces/recomart-recommendation-pipeline/airflow_venv/lib/python3.12/site-packages/airflow/example_dags/example_time_delta_sensor_async.py took 0.133 seconds
[2026-07-20T06:32:39.903+0000] {processor.py:161} INFO - Started process (PID=74781) to work on /workspaces/recomart-recommendation-pipeline/airflow_venv/lib/python3.12/site-packages/airflow/example_dags/example_time_delta_sensor_async.py
[2026-07-20T06:32:39.904+0000] {processor.py:830} INFO - Processing file /workspaces/recomart-recommendation-pipeline/airflow_venv/lib/python3.12/site-packages/airflow/example_dags/example_time_delta_sensor_async.py for tasks to queue
[2026-07-20T06:32:39.906+0000] {logging_mixin.py:188} INFO - [2026-07-20T06:32:39.906+0000] {dagbag.py:545} INFO - Filling up the DagBag from /workspaces/recomart-recommendation-pipeline/airflow_venv/lib/python3.12/site-packages/airflow/example_dags/example_time_delta_sensor_async.py
[2026-07-20T06:32:39.912+0000] {processor.py:840} INFO - DAG(s) 'example_time_delta_sensor_async' retrieved from /workspaces/recomart-recommendation-pipeline/airflow_venv/lib/python3.12/site-packages/airflow/example_dags/example_time_delta_sensor_async.py
[2026-07-20T06:32:39.928+0000] {logging_mixin.py:188} INFO - [2026-07-20T06:32:39.928+0000] {dag.py:3089} INFO - Sync 1 DAGs
[2026-07-20T06:32:39.940+0000] {logging_mixin.py:188} INFO - [2026-07-20T06:32:39.940+0000] {dag.py:3947} INFO - Setting next_dagrun for example_time_delta_sensor_async to None, run_after=None
[2026-07-20T06:32:39.957+0000] {processor.py:183} INFO - Processing /workspaces/recomart-recommendation-pipeline/airflow_venv/lib/python3.12/site-packages/airflow/example_dags/example_time_delta_sensor_async.py took 0.061 seconds
[2026-07-20T06:33:25.244+0000] {processor.py:161} INFO - Started process (PID=75141) to work on /workspaces/recomart-recommendation-pipeline/airflow_venv/lib/python3.12/site-packages/airflow/example_dags/example_time_delta_sensor_async.py
[2026-07-20T06:33:25.245+0000] {processor.py:830} INFO - Processing file /workspaces/recomart-recommendation-pipeline/airflow_venv/lib/python3.12/site-packages/airflow/example_dags/example_time_delta_sensor_async.py for tasks to queue
[2026-07-20T06:33:25.246+0000] {logging_mixin.py:188} INFO - [2026-07-20T06:33:25.246+0000] {dagbag.py:545} INFO - Filling up the DagBag from /workspaces/recomart-recommendation-pipeline/airflow_venv/lib/python3.12/site-packages/airflow/example_dags/example_time_delta_sensor_async.py
[2026-07-20T06:33:25.250+0000] {processor.py:840} INFO - DAG(s) 'example_time_delta_sensor_async' retrieved from /workspaces/recomart-recommendation-pipeline/airflow_venv/lib/python3.12/site-packages/airflow/example_dags/example_time_delta_sensor_async.py
[2026-07-20T06:33:25.263+0000] {logging_mixin.py:188} INFO - [2026-07-20T06:33:25.263+0000] {dag.py:3089} INFO - Sync 1 DAGs
[2026-07-20T06:33:25.273+0000] {logging_mixin.py:188} INFO - [2026-07-20T06:33:25.273+0000] {dag.py:3947} INFO - Setting next_dagrun for example_time_delta_sensor_async to None, run_after=None
[2026-07-20T06:33:25.293+0000] {processor.py:183} INFO - Processing /workspaces/recomart-recommendation-pipeline/airflow_venv/lib/python3.12/site-packages/airflow/example_dags/example_time_delta_sensor_async.py took 0.053 seconds
[2026-07-20T06:34:43.530+0000] {processor.py:161} INFO - Started process (PID=76524) to work on /workspaces/recomart-recommendation-pipeline/airflow_venv/lib/python3.12/site-packages/airflow/example_dags/example_time_delta_sensor_async.py
[2026-07-20T06:34:43.530+0000] {processor.py:830} INFO - Processing file /workspaces/recomart-recommendation-pipeline/airflow_venv/lib/python3.12/site-packages/airflow/example_dags/example_time_delta_sensor_async.py for tasks to queue
[2026-07-20T06:34:43.532+0000] {logging_mixin.py:188} INFO - [2026-07-20T06:34:43.532+0000] {dagbag.py:545} INFO - Filling up the DagBag from /workspaces/recomart-recommendation-pipeline/airflow_venv/lib/python3.12/site-packages/airflow/example_dags/example_time_delta_sensor_async.py
[2026-07-20T06:34:43.536+0000] {processor.py:840} INFO - DAG(s) 'example_time_delta_sensor_async' retrieved from /workspaces/recomart-recommendation-pipeline/airflow_venv/lib/python3.12/site-packages/airflow/example_dags/example_time_delta_sensor_async.py
[2026-07-20T06:34:43.548+0000] {logging_mixin.py:188} INFO - [2026-07-20T06:34:43.548+0000] {dag.py:3089} INFO - Sync 1 DAGs
[2026-07-20T06:34:43.558+0000] {logging_mixin.py:188} INFO - [2026-07-20T06:34:43.558+0000] {dag.py:3947} INFO - Setting next_dagrun for example_time_delta_sensor_async to None, run_after=None
[2026-07-20T06:34:43.577+0000] {processor.py:183} INFO - Processing /workspaces/recomart-recommendation-pipeline/airflow_venv/lib/python3.12/site-packages/airflow/example_dags/example_time_delta_sensor_async.py took 0.052 seconds
[2026-07-20T06:35:38.646+0000] {processor.py:161} INFO - Started process (PID=77574) to work on /workspaces/recomart-recommendation-pipeline/airflow_venv/lib/python3.12/site-packages/airflow/example_dags/example_time_delta_sensor_async.py
[2026-07-20T06:35:38.647+0000] {processor.py:830} INFO - Processing file /workspaces/recomart-recommendation-pipeline/airflow_venv/lib/python3.12/site-packages/airflow/example_dags/example_time_delta_sensor_async.py for tasks to queue
[2026-07-20T06:35:38.648+0000] {logging_mixin.py:188} INFO - [2026-07-20T06:35:38.648+0000] {dagbag.py:545} INFO - Filling up the DagBag from /workspaces/recomart-recommendation-pipeline/airflow_venv/lib/python3.12/site-packages/airflow/example_dags/example_time_delta_sensor_async.py
[2026-07-20T06:35:38.653+0000] {processor.py:840} INFO - DAG(s) 'example_time_delta_sensor_async' retrieved from /workspaces/recomart-recommendation-pipeline/airflow_venv/lib/python3.12/site-packages/airflow/example_dags/example_time_delta_sensor_async.py
[2026-07-20T06:35:38.666+0000] {logging_mixin.py:188} INFO - [2026-07-20T06:35:38.666+0000] {dag.py:3089} INFO - Sync 1 DAGs
[2026-07-20T06:35:38.675+0000] {logging_mixin.py:188} INFO - [2026-07-20T06:35:38.675+0000] {dag.py:3947} INFO - Setting next_dagrun for example_time_delta_sensor_async to None, run_after=None
[2026-07-20T06:35:38.694+0000] {processor.py:183} INFO - Processing /workspaces/recomart-recommendation-pipeline/airflow_venv/lib/python3.12/site-packages/airflow/example_dags/example_time_delta_sensor_async.py took 0.052 seconds
[2026-07-20T06:36:30.968+0000] {processor.py:161} INFO - Started process (PID=78559) to work on /workspaces/recomart-recommendation-pipeline/airflow_venv/lib/python3.12/site-packages/airflow/example_dags/example_time_delta_sensor_async.py
[2026-07-20T06:36:30.969+0000] {processor.py:830} INFO - Processing file /workspaces/recomart-recommendation-pipeline/airflow_venv/lib/python3.12/site-packages/airflow/example_dags/example_time_delta_sensor_async.py for tasks to queue
[2026-07-20T06:36:30.970+0000] {logging_mixin.py:188} INFO - [2026-07-20T06:36:30.970+0000] {dagbag.py:545} INFO - Filling up the DagBag from /workspaces/recomart-recommendation-pipeline/airflow_venv/lib/python3.12/site-packages/airflow/example_dags/example_time_delta_sensor_async.py
[2026-07-20T06:36:30.974+0000] {processor.py:840} INFO - DAG(s) 'example_time_delta_sensor_async' retrieved from /workspaces/recomart-recommendation-pipeline/airflow_venv/lib/python3.12/site-packages/airflow/example_dags/example_time_delta_sensor_async.py
[2026-07-20T06:36:30.985+0000] {logging_mixin.py:188} INFO - [2026-07-20T06:36:30.985+0000] {dag.py:3089} INFO - Sync 1 DAGs
[2026-07-20T06:36:30.994+0000] {logging_mixin.py:188} INFO - [2026-07-20T06:36:30.994+0000] {dag.py:3947} INFO - Setting next_dagrun for example_time_delta_sensor_async to None, run_after=None
[2026-07-20T06:36:31.014+0000] {processor.py:183} INFO - Processing /workspaces/recomart-recommendation-pipeline/airflow_venv/lib/python3.12/site-packages/airflow/example_dags/example_time_delta_sensor_async.py took 0.052 seconds
[2026-07-20T06:37:20.343+0000] {processor.py:161} INFO - Started process (PID=78983) to work on /workspaces/recomart-recommendation-pipeline/airflow_venv/lib/python3.12/site-packages/airflow/example_dags/example_time_delta_sensor_async.py
[2026-07-20T06:37:20.344+0000] {processor.py:830} INFO - Processing file /workspaces/recomart-recommendation-pipeline/airflow_venv/lib/python3.12/site-packages/airflow/example_dags/example_time_delta_sensor_async.py for tasks to queue
[2026-07-20T06:37:20.345+0000] {logging_mixin.py:188} INFO - [2026-07-20T06:37:20.345+0000] {dagbag.py:545} INFO - Filling up the DagBag from /workspaces/recomart-recommendation-pipeline/airflow_venv/lib/python3.12/site-packages/airflow/example_dags/example_time_delta_sensor_async.py
[2026-07-20T06:37:20.349+0000] {processor.py:840} INFO - DAG(s) 'example_time_delta_sensor_async' retrieved from /workspaces/recomart-recommendation-pipeline/airflow_venv/lib/python3.12/site-packages/airflow/example_dags/example_time_delta_sensor_async.py
[2026-07-20T06:37:20.360+0000] {logging_mixin.py:188} INFO - [2026-07-20T06:37:20.360+0000] {dag.py:3089} INFO - Sync 1 DAGs
[2026-07-20T06:37:20.374+0000] {logging_mixin.py:188} INFO - [2026-07-20T06:37:20.374+0000] {dag.py:3947} INFO - Setting next_dagrun for example_time_delta_sensor_async to None, run_after=None
[2026-07-20T06:37:20.397+0000] {processor.py:183} INFO - Processing /workspaces/recomart-recommendation-pipeline/airflow_venv/lib/python3.12/site-packages/airflow/example_dags/example_time_delta_sensor_async.py took 0.058 seconds
[2026-07-20T06:38:05.201+0000] {processor.py:161} INFO - Started process (PID=79365) to work on /workspaces/recomart-recommendation-pipeline/airflow_venv/lib/python3.12/site-packages/airflow/example_dags/example_time_delta_sensor_async.py
[2026-07-20T06:38:05.201+0000] {processor.py:830} INFO - Processing file /workspaces/recomart-recommendation-pipeline/airflow_venv/lib/python3.12/site-packages/airflow/example_dags/example_time_delta_sensor_async.py for tasks to queue
[2026-07-20T06:38:05.203+0000] {logging_mixin.py:188} INFO - [2026-07-20T06:38:05.202+0000] {dagbag.py:545} INFO - Filling up the DagBag from /workspaces/recomart-recommendation-pipeline/airflow_venv/lib/python3.12/site-packages/airflow/example_dags/example_time_delta_sensor_async.py
[2026-07-20T06:38:05.206+0000] {processor.py:840} INFO - DAG(s) 'example_time_delta_sensor_async' retrieved from /workspaces/recomart-recommendation-pipeline/airflow_venv/lib/python3.12/site-packages/airflow/example_dags/example_time_delta_sensor_async.py
[2026-07-20T06:38:05.218+0000] {logging_mixin.py:188} INFO - [2026-07-20T06:38:05.218+0000] {dag.py:3089} INFO - Sync 1 DAGs
[2026-07-20T06:38:05.227+0000] {logging_mixin.py:188} INFO - [2026-07-20T06:38:05.227+0000] {dag.py:3947} INFO - Setting next_dagrun for example_time_delta_sensor_async to None, run_after=None
[2026-07-20T06:38:05.243+0000] {processor.py:183} INFO - Processing /workspaces/recomart-recommendation-pipeline/airflow_venv/lib/python3.12/site-packages/airflow/example_dags/example_time_delta_sensor_async.py took 0.047 seconds
[2026-07-20T06:38:54.866+0000] {processor.py:161} INFO - Started process (PID=79785) to work on /workspaces/recomart-recommendation-pipeline/airflow_venv/lib/python3.12/site-packages/airflow/example_dags/example_time_delta_sensor_async.py
[2026-07-20T06:38:54.867+0000] {processor.py:830} INFO - Processing file /workspaces/recomart-recommendation-pipeline/airflow_venv/lib/python3.12/site-packages/airflow/example_dags/example_time_delta_sensor_async.py for tasks to queue
[2026-07-20T06:38:54.868+0000] {logging_mixin.py:188} INFO - [2026-07-20T06:38:54.868+0000] {dagbag.py:545} INFO - Filling up the DagBag from /workspaces/recomart-recommendation-pipeline/airflow_venv/lib/python3.12/site-packages/airflow/example_dags/example_time_delta_sensor_async.py
[2026-07-20T06:38:54.873+0000] {processor.py:840} INFO - DAG(s) 'example_time_delta_sensor_async' retrieved from /workspaces/recomart-recommendation-pipeline/airflow_venv/lib/python3.12/site-packages/airflow/example_dags/example_time_delta_sensor_async.py
[2026-07-20T06:38:54.889+0000] {logging_mixin.py:188} INFO - [2026-07-20T06:38:54.889+0000] {dag.py:3089} INFO - Sync 1 DAGs
[2026-07-20T06:38:54.899+0000] {logging_mixin.py:188} INFO - [2026-07-20T06:38:54.898+0000] {dag.py:3947} INFO - Setting next_dagrun for example_time_delta_sensor_async to None, run_after=None
[2026-07-20T06:38:54.916+0000] {processor.py:183} INFO - Processing /workspaces/recomart-recommendation-pipeline/airflow_venv/lib/python3.12/site-packages/airflow/example_dags/example_time_delta_sensor_async.py took 0.054 seconds
[2026-07-20T06:39:41.622+0000] {processor.py:161} INFO - Started process (PID=80191) to work on /workspaces/recomart-recommendation-pipeline/airflow_venv/lib/python3.12/site-packages/airflow/example_dags/example_time_delta_sensor_async.py
[2026-07-20T06:39:41.622+0000] {processor.py:830} INFO - Processing file /workspaces/recomart-recommendation-pipeline/airflow_venv/lib/python3.12/site-packages/airflow/example_dags/example_time_delta_sensor_async.py for tasks to queue
[2026-07-20T06:39:41.624+0000] {logging_mixin.py:188} INFO - [2026-07-20T06:39:41.623+0000] {dagbag.py:545} INFO - Filling up the DagBag from /workspaces/recomart-recommendation-pipeline/airflow_venv/lib/python3.12/site-packages/airflow/example_dags/example_time_delta_sensor_async.py
[2026-07-20T06:39:41.627+0000] {processor.py:840} INFO - DAG(s) 'example_time_delta_sensor_async' retrieved from /workspaces/recomart-recommendation-pipeline/airflow_venv/lib/python3.12/site-packages/airflow/example_dags/example_time_delta_sensor_async.py
[2026-07-20T06:39:41.639+0000] {logging_mixin.py:188} INFO - [2026-07-20T06:39:41.639+0000] {dag.py:3089} INFO - Sync 1 DAGs
[2026-07-20T06:39:41.648+0000] {logging_mixin.py:188} INFO - [2026-07-20T06:39:41.648+0000] {dag.py:3947} INFO - Setting next_dagrun for example_time_delta_sensor_async to None, run_after=None
[2026-07-20T06:39:41.760+0000] {processor.py:183} INFO - Processing /workspaces/recomart-recommendation-pipeline/airflow_venv/lib/python3.12/site-packages/airflow/example_dags/example_time_delta_sensor_async.py took 0.143 seconds
[2026-07-20T06:40:32.499+0000] {processor.py:161} INFO - Started process (PID=80561) to work on /workspaces/recomart-recommendation-pipeline/airflow_venv/lib/python3.12/site-packages/airflow/example_dags/example_time_delta_sensor_async.py
[2026-07-20T06:40:32.500+0000] {processor.py:830} INFO - Processing file /workspaces/recomart-recommendation-pipeline/airflow_venv/lib/python3.12/site-packages/airflow/example_dags/example_time_delta_sensor_async.py for tasks to queue
[2026-07-20T06:40:32.503+0000] {logging_mixin.py:188} INFO - [2026-07-20T06:40:32.503+0000] {dagbag.py:545} INFO - Filling up the DagBag from /workspaces/recomart-recommendation-pipeline/airflow_venv/lib/python3.12/site-packages/airflow/example_dags/example_time_delta_sensor_async.py
[2026-07-20T06:40:32.514+0000] {processor.py:840} INFO - DAG(s) 'example_time_delta_sensor_async' retrieved from /workspaces/recomart-recommendation-pipeline/airflow_venv/lib/python3.12/site-packages/airflow/example_dags/example_time_delta_sensor_async.py
[2026-07-20T06:40:32.536+0000] {logging_mixin.py:188} INFO - [2026-07-20T06:40:32.535+0000] {dag.py:3089} INFO - Sync 1 DAGs
[2026-07-20T06:40:32.550+0000] {logging_mixin.py:188} INFO - [2026-07-20T06:40:32.550+0000] {dag.py:3947} INFO - Setting next_dagrun for example_time_delta_sensor_async to None, run_after=None
[2026-07-20T06:40:32.582+0000] {processor.py:183} INFO - Processing /workspaces/recomart-recommendation-pipeline/airflow_venv/lib/python3.12/site-packages/airflow/example_dags/example_time_delta_sensor_async.py took 0.089 seconds
[2026-07-20T06:41:19.867+0000] {processor.py:161} INFO - Started process (PID=81015) to work on /workspaces/recomart-recommendation-pipeline/airflow_venv/lib/python3.12/site-packages/airflow/example_dags/example_time_delta_sensor_async.py
[2026-07-20T06:41:19.868+0000] {processor.py:830} INFO - Processing file /workspaces/recomart-recommendation-pipeline/airflow_venv/lib/python3.12/site-packages/airflow/example_dags/example_time_delta_sensor_async.py for tasks to queue
[2026-07-20T06:41:19.870+0000] {logging_mixin.py:188} INFO - [2026-07-20T06:41:19.869+0000] {dagbag.py:545} INFO - Filling up the DagBag from /workspaces/recomart-recommendation-pipeline/airflow_venv/lib/python3.12/site-packages/airflow/example_dags/example_time_delta_sensor_async.py
[2026-07-20T06:41:19.875+0000] {processor.py:840} INFO - DAG(s) 'example_time_delta_sensor_async' retrieved from /workspaces/recomart-recommendation-pipeline/airflow_venv/lib/python3.12/site-packages/airflow/example_dags/example_time_delta_sensor_async.py
[2026-07-20T06:41:19.890+0000] {logging_mixin.py:188} INFO - [2026-07-20T06:41:19.889+0000] {dag.py:3089} INFO - Sync 1 DAGs
[2026-07-20T06:41:19.900+0000] {logging_mixin.py:188} INFO - [2026-07-20T06:41:19.900+0000] {dag.py:3947} INFO - Setting next_dagrun for example_time_delta_sensor_async to None, run_after=None
[2026-07-20T06:41:19.917+0000] {processor.py:183} INFO - Processing /workspaces/recomart-recommendation-pipeline/airflow_venv/lib/python3.12/site-packages/airflow/example_dags/example_time_delta_sensor_async.py took 0.054 seconds
[2026-07-20T06:42:06.524+0000] {processor.py:161} INFO - Started process (PID=81419) to work on /workspaces/recomart-recommendation-pipeline/airflow_venv/lib/python3.12/site-packages/airflow/example_dags/example_time_delta_sensor_async.py
[2026-07-20T06:42:06.524+0000] {processor.py:830} INFO - Processing file /workspaces/recomart-recommendation-pipeline/airflow_venv/lib/python3.12/site-packages/airflow/example_dags/example_time_delta_sensor_async.py for tasks to queue
[2026-07-20T06:42:06.526+0000] {logging_mixin.py:188} INFO - [2026-07-20T06:42:06.525+0000] {dagbag.py:545} INFO - Filling up the DagBag from /workspaces/recomart-recommendation-pipeline/airflow_venv/lib/python3.12/site-packages/airflow/example_dags/example_time_delta_sensor_async.py
[2026-07-20T06:42:06.529+0000] {processor.py:840} INFO - DAG(s) 'example_time_delta_sensor_async' retrieved from /workspaces/recomart-recommendation-pipeline/airflow_venv/lib/python3.12/site-packages/airflow/example_dags/example_time_delta_sensor_async.py
[2026-07-20T06:42:06.541+0000] {logging_mixin.py:188} INFO - [2026-07-20T06:42:06.541+0000] {dag.py:3089} INFO - Sync 1 DAGs
[2026-07-20T06:42:06.550+0000] {logging_mixin.py:188} INFO - [2026-07-20T06:42:06.550+0000] {dag.py:3947} INFO - Setting next_dagrun for example_time_delta_sensor_async to None, run_after=None
[2026-07-20T06:42:06.566+0000] {processor.py:183} INFO - Processing /workspaces/recomart-recommendation-pipeline/airflow_venv/lib/python3.12/site-packages/airflow/example_dags/example_time_delta_sensor_async.py took 0.047 seconds
[2026-07-20T06:42:53.475+0000] {processor.py:161} INFO - Started process (PID=81833) to work on /workspaces/recomart-recommendation-pipeline/airflow_venv/lib/python3.12/site-packages/airflow/example_dags/example_time_delta_sensor_async.py
[2026-07-20T06:42:53.476+0000] {processor.py:830} INFO - Processing file /workspaces/recomart-recommendation-pipeline/airflow_venv/lib/python3.12/site-packages/airflow/example_dags/example_time_delta_sensor_async.py for tasks to queue
[2026-07-20T06:42:53.478+0000] {logging_mixin.py:188} INFO - [2026-07-20T06:42:53.478+0000] {dagbag.py:545} INFO - Filling up the DagBag from /workspaces/recomart-recommendation-pipeline/airflow_venv/lib/python3.12/site-packages/airflow/example_dags/example_time_delta_sensor_async.py
[2026-07-20T06:42:53.483+0000] {processor.py:840} INFO - DAG(s) 'example_time_delta_sensor_async' retrieved from /workspaces/recomart-recommendation-pipeline/airflow_venv/lib/python3.12/site-packages/airflow/example_dags/example_time_delta_sensor_async.py
[2026-07-20T06:42:53.497+0000] {logging_mixin.py:188} INFO - [2026-07-20T06:42:53.497+0000] {dag.py:3089} INFO - Sync 1 DAGs
[2026-07-20T06:42:53.506+0000] {logging_mixin.py:188} INFO - [2026-07-20T06:42:53.506+0000] {dag.py:3947} INFO - Setting next_dagrun for example_time_delta_sensor_async to None, run_after=None
[2026-07-20T06:42:53.524+0000] {processor.py:183} INFO - Processing /workspaces/recomart-recommendation-pipeline/airflow_venv/lib/python3.12/site-packages/airflow/example_dags/example_time_delta_sensor_async.py took 0.054 seconds
[2026-07-20T06:43:42.061+0000] {processor.py:161} INFO - Started process (PID=82225) to work on /workspaces/recomart-recommendation-pipeline/airflow_venv/lib/python3.12/site-packages/airflow/example_dags/example_time_delta_sensor_async.py
[2026-07-20T06:43:42.062+0000] {processor.py:830} INFO - Processing file /workspaces/recomart-recommendation-pipeline/airflow_venv/lib/python3.12/site-packages/airflow/example_dags/example_time_delta_sensor_async.py for tasks to queue
[2026-07-20T06:43:42.063+0000] {logging_mixin.py:188} INFO - [2026-07-20T06:43:42.063+0000] {dagbag.py:545} INFO - Filling up the DagBag from /workspaces/recomart-recommendation-pipeline/airflow_venv/lib/python3.12/site-packages/airflow/example_dags/example_time_delta_sensor_async.py
[2026-07-20T06:43:42.066+0000] {processor.py:840} INFO - DAG(s) 'example_time_delta_sensor_async' retrieved from /workspaces/recomart-recommendation-pipeline/airflow_venv/lib/python3.12/site-packages/airflow/example_dags/example_time_delta_sensor_async.py
[2026-07-20T06:43:42.081+0000] {logging_mixin.py:188} INFO - [2026-07-20T06:43:42.081+0000] {dag.py:3089} INFO - Sync 1 DAGs
[2026-07-20T06:43:42.092+0000] {logging_mixin.py:188} INFO - [2026-07-20T06:43:42.092+0000] {dag.py:3947} INFO - Setting next_dagrun for example_time_delta_sensor_async to None, run_after=None
[2026-07-20T06:43:42.108+0000] {processor.py:183} INFO - Processing /workspaces/recomart-recommendation-pipeline/airflow_venv/lib/python3.12/site-packages/airflow/example_dags/example_time_delta_sensor_async.py took 0.051 seconds
[2026-07-20T06:44:31.550+0000] {processor.py:161} INFO - Started process (PID=82587) to work on /workspaces/recomart-recommendation-pipeline/airflow_venv/lib/python3.12/site-packages/airflow/example_dags/example_time_delta_sensor_async.py
[2026-07-20T06:44:31.551+0000] {processor.py:830} INFO - Processing file /workspaces/recomart-recommendation-pipeline/airflow_venv/lib/python3.12/site-packages/airflow/example_dags/example_time_delta_sensor_async.py for tasks to queue
[2026-07-20T06:44:31.552+0000] {logging_mixin.py:188} INFO - [2026-07-20T06:44:31.552+0000] {dagbag.py:545} INFO - Filling up the DagBag from /workspaces/recomart-recommendation-pipeline/airflow_venv/lib/python3.12/site-packages/airflow/example_dags/example_time_delta_sensor_async.py
[2026-07-20T06:44:31.556+0000] {processor.py:840} INFO - DAG(s) 'example_time_delta_sensor_async' retrieved from /workspaces/recomart-recommendation-pipeline/airflow_venv/lib/python3.12/site-packages/airflow/example_dags/example_time_delta_sensor_async.py
[2026-07-20T06:44:31.568+0000] {logging_mixin.py:188} INFO - [2026-07-20T06:44:31.568+0000] {dag.py:3089} INFO - Sync 1 DAGs
[2026-07-20T06:44:31.581+0000] {logging_mixin.py:188} INFO - [2026-07-20T06:44:31.580+0000] {dag.py:3947} INFO - Setting next_dagrun for example_time_delta_sensor_async to None, run_after=None
[2026-07-20T06:44:31.599+0000] {processor.py:183} INFO - Processing /workspaces/recomart-recommendation-pipeline/airflow_venv/lib/python3.12/site-packages/airflow/example_dags/example_time_delta_sensor_async.py took 0.055 seconds
[2026-07-20T06:45:23.805+0000] {processor.py:161} INFO - Started process (PID=83032) to work on /workspaces/recomart-recommendation-pipeline/airflow_venv/lib/python3.12/site-packages/airflow/example_dags/example_time_delta_sensor_async.py
[2026-07-20T06:45:23.805+0000] {processor.py:830} INFO - Processing file /workspaces/recomart-recommendation-pipeline/airflow_venv/lib/python3.12/site-packages/airflow/example_dags/example_time_delta_sensor_async.py for tasks to queue
[2026-07-20T06:45:23.807+0000] {logging_mixin.py:188} INFO - [2026-07-20T06:45:23.806+0000] {dagbag.py:545} INFO - Filling up the DagBag from /workspaces/recomart-recommendation-pipeline/airflow_venv/lib/python3.12/site-packages/airflow/example_dags/example_time_delta_sensor_async.py
[2026-07-20T06:45:23.810+0000] {processor.py:840} INFO - DAG(s) 'example_time_delta_sensor_async' retrieved from /workspaces/recomart-recommendation-pipeline/airflow_venv/lib/python3.12/site-packages/airflow/example_dags/example_time_delta_sensor_async.py
[2026-07-20T06:45:23.823+0000] {logging_mixin.py:188} INFO - [2026-07-20T06:45:23.822+0000] {dag.py:3089} INFO - Sync 1 DAGs
[2026-07-20T06:45:23.831+0000] {logging_mixin.py:188} INFO - [2026-07-20T06:45:23.831+0000] {dag.py:3947} INFO - Setting next_dagrun for example_time_delta_sensor_async to None, run_after=None
[2026-07-20T06:45:23.848+0000] {processor.py:183} INFO - Processing /workspaces/recomart-recommendation-pipeline/airflow_venv/lib/python3.12/site-packages/airflow/example_dags/example_time_delta_sensor_async.py took 0.048 seconds
[2026-07-20T06:46:09.160+0000] {processor.py:161} INFO - Started process (PID=83490) to work on /workspaces/recomart-recommendation-pipeline/airflow_venv/lib/python3.12/site-packages/airflow/example_dags/example_time_delta_sensor_async.py
[2026-07-20T06:46:09.161+0000] {processor.py:830} INFO - Processing file /workspaces/recomart-recommendation-pipeline/airflow_venv/lib/python3.12/site-packages/airflow/example_dags/example_time_delta_sensor_async.py for tasks to queue
[2026-07-20T06:46:09.162+0000] {logging_mixin.py:188} INFO - [2026-07-20T06:46:09.162+0000] {dagbag.py:545} INFO - Filling up the DagBag from /workspaces/recomart-recommendation-pipeline/airflow_venv/lib/python3.12/site-packages/airflow/example_dags/example_time_delta_sensor_async.py
[2026-07-20T06:46:09.165+0000] {processor.py:840} INFO - DAG(s) 'example_time_delta_sensor_async' retrieved from /workspaces/recomart-recommendation-pipeline/airflow_venv/lib/python3.12/site-packages/airflow/example_dags/example_time_delta_sensor_async.py
[2026-07-20T06:46:09.180+0000] {logging_mixin.py:188} INFO - [2026-07-20T06:46:09.180+0000] {dag.py:3089} INFO - Sync 1 DAGs
[2026-07-20T06:46:09.192+0000] {logging_mixin.py:188} INFO - [2026-07-20T06:46:09.192+0000] {dag.py:3947} INFO - Setting next_dagrun for example_time_delta_sensor_async to None, run_after=None
[2026-07-20T06:46:09.208+0000] {processor.py:183} INFO - Processing /workspaces/recomart-recommendation-pipeline/airflow_venv/lib/python3.12/site-packages/airflow/example_dags/example_time_delta_sensor_async.py took 0.053 seconds
[2026-07-20T06:46:54.516+0000] {processor.py:161} INFO - Started process (PID=83876) to work on /workspaces/recomart-recommendation-pipeline/airflow_venv/lib/python3.12/site-packages/airflow/example_dags/example_time_delta_sensor_async.py
[2026-07-20T06:46:54.517+0000] {processor.py:830} INFO - Processing file /workspaces/recomart-recommendation-pipeline/airflow_venv/lib/python3.12/site-packages/airflow/example_dags/example_time_delta_sensor_async.py for tasks to queue
[2026-07-20T06:46:54.518+0000] {logging_mixin.py:188} INFO - [2026-07-20T06:46:54.518+0000] {dagbag.py:545} INFO - Filling up the DagBag from /workspaces/recomart-recommendation-pipeline/airflow_venv/lib/python3.12/site-packages/airflow/example_dags/example_time_delta_sensor_async.py
[2026-07-20T06:46:54.522+0000] {processor.py:840} INFO - DAG(s) 'example_time_delta_sensor_async' retrieved from /workspaces/recomart-recommendation-pipeline/airflow_venv/lib/python3.12/site-packages/airflow/example_dags/example_time_delta_sensor_async.py
[2026-07-20T06:46:54.533+0000] {logging_mixin.py:188} INFO - [2026-07-20T06:46:54.533+0000] {dag.py:3089} INFO - Sync 1 DAGs
[2026-07-20T06:46:54.542+0000] {logging_mixin.py:188} INFO - [2026-07-20T06:46:54.542+0000] {dag.py:3947} INFO - Setting next_dagrun for example_time_delta_sensor_async to None, run_after=None
[2026-07-20T06:46:54.559+0000] {processor.py:183} INFO - Processing /workspaces/recomart-recommendation-pipeline/airflow_venv/lib/python3.12/site-packages/airflow/example_dags/example_time_delta_sensor_async.py took 0.047 seconds
[2026-07-20T06:47:35.500+0000] {processor.py:161} INFO - Started process (PID=84175) to work on /workspaces/recomart-recommendation-pipeline/airflow_venv/lib/python3.12/site-packages/airflow/example_dags/example_time_delta_sensor_async.py
[2026-07-20T06:47:35.501+0000] {processor.py:830} INFO - Processing file /workspaces/recomart-recommendation-pipeline/airflow_venv/lib/python3.12/site-packages/airflow/example_dags/example_time_delta_sensor_async.py for tasks to queue
[2026-07-20T06:47:35.502+0000] {logging_mixin.py:188} INFO - [2026-07-20T06:47:35.502+0000] {dagbag.py:545} INFO - Filling up the DagBag from /workspaces/recomart-recommendation-pipeline/airflow_venv/lib/python3.12/site-packages/airflow/example_dags/example_time_delta_sensor_async.py
[2026-07-20T06:47:35.506+0000] {processor.py:840} INFO - DAG(s) 'example_time_delta_sensor_async' retrieved from /workspaces/recomart-recommendation-pipeline/airflow_venv/lib/python3.12/site-packages/airflow/example_dags/example_time_delta_sensor_async.py
[2026-07-20T06:47:35.518+0000] {logging_mixin.py:188} INFO - [2026-07-20T06:47:35.518+0000] {dag.py:3089} INFO - Sync 1 DAGs
[2026-07-20T06:47:35.529+0000] {logging_mixin.py:188} INFO - [2026-07-20T06:47:35.528+0000] {dag.py:3947} INFO - Setting next_dagrun for example_time_delta_sensor_async to None, run_after=None
[2026-07-20T06:47:35.546+0000] {processor.py:183} INFO - Processing /workspaces/recomart-recommendation-pipeline/airflow_venv/lib/python3.12/site-packages/airflow/example_dags/example_time_delta_sensor_async.py took 0.051 seconds
[2026-07-20T06:48:18.163+0000] {processor.py:161} INFO - Started process (PID=84546) to work on /workspaces/recomart-recommendation-pipeline/airflow_venv/lib/python3.12/site-packages/airflow/example_dags/example_time_delta_sensor_async.py
[2026-07-20T06:48:18.164+0000] {processor.py:830} INFO - Processing file /workspaces/recomart-recommendation-pipeline/airflow_venv/lib/python3.12/site-packages/airflow/example_dags/example_time_delta_sensor_async.py for tasks to queue
[2026-07-20T06:48:18.165+0000] {logging_mixin.py:188} INFO - [2026-07-20T06:48:18.165+0000] {dagbag.py:545} INFO - Filling up the DagBag from /workspaces/recomart-recommendation-pipeline/airflow_venv/lib/python3.12/site-packages/airflow/example_dags/example_time_delta_sensor_async.py
[2026-07-20T06:48:18.169+0000] {processor.py:840} INFO - DAG(s) 'example_time_delta_sensor_async' retrieved from /workspaces/recomart-recommendation-pipeline/airflow_venv/lib/python3.12/site-packages/airflow/example_dags/example_time_delta_sensor_async.py
[2026-07-20T06:48:18.184+0000] {logging_mixin.py:188} INFO - [2026-07-20T06:48:18.184+0000] {dag.py:3089} INFO - Sync 1 DAGs
[2026-07-20T06:48:18.194+0000] {logging_mixin.py:188} INFO - [2026-07-20T06:48:18.194+0000] {dag.py:3947} INFO - Setting next_dagrun for example_time_delta_sensor_async to None, run_after=None
[2026-07-20T06:48:18.212+0000] {processor.py:183} INFO - Processing /workspaces/recomart-recommendation-pipeline/airflow_venv/lib/python3.12/site-packages/airflow/example_dags/example_time_delta_sensor_async.py took 0.053 seconds
[2026-07-20T06:48:59.206+0000] {processor.py:161} INFO - Started process (PID=84966) to work on /workspaces/recomart-recommendation-pipeline/airflow_venv/lib/python3.12/site-packages/airflow/example_dags/example_time_delta_sensor_async.py
[2026-07-20T06:48:59.207+0000] {processor.py:830} INFO - Processing file /workspaces/recomart-recommendation-pipeline/airflow_venv/lib/python3.12/site-packages/airflow/example_dags/example_time_delta_sensor_async.py for tasks to queue
[2026-07-20T06:48:59.208+0000] {logging_mixin.py:188} INFO - [2026-07-20T06:48:59.208+0000] {dagbag.py:545} INFO - Filling up the DagBag from /workspaces/recomart-recommendation-pipeline/airflow_venv/lib/python3.12/site-packages/airflow/example_dags/example_time_delta_sensor_async.py
[2026-07-20T06:48:59.212+0000] {processor.py:840} INFO - DAG(s) 'example_time_delta_sensor_async' retrieved from /workspaces/recomart-recommendation-pipeline/airflow_venv/lib/python3.12/site-packages/airflow/example_dags/example_time_delta_sensor_async.py
[2026-07-20T06:48:59.223+0000] {logging_mixin.py:188} INFO - [2026-07-20T06:48:59.223+0000] {dag.py:3089} INFO - Sync 1 DAGs
[2026-07-20T06:48:59.232+0000] {logging_mixin.py:188} INFO - [2026-07-20T06:48:59.232+0000] {dag.py:3947} INFO - Setting next_dagrun for example_time_delta_sensor_async to None, run_after=None
[2026-07-20T06:48:59.249+0000] {processor.py:183} INFO - Processing /workspaces/recomart-recommendation-pipeline/airflow_venv/lib/python3.12/site-packages/airflow/example_dags/example_time_delta_sensor_async.py took 0.048 seconds
[2026-07-20T06:49:40.946+0000] {processor.py:161} INFO - Started process (PID=85349) to work on /workspaces/recomart-recommendation-pipeline/airflow_venv/lib/python3.12/site-packages/airflow/example_dags/example_time_delta_sensor_async.py
[2026-07-20T06:49:40.947+0000] {processor.py:830} INFO - Processing file /workspaces/recomart-recommendation-pipeline/airflow_venv/lib/python3.12/site-packages/airflow/example_dags/example_time_delta_sensor_async.py for tasks to queue
[2026-07-20T06:49:40.949+0000] {logging_mixin.py:188} INFO - [2026-07-20T06:49:40.948+0000] {dagbag.py:545} INFO - Filling up the DagBag from /workspaces/recomart-recommendation-pipeline/airflow_venv/lib/python3.12/site-packages/airflow/example_dags/example_time_delta_sensor_async.py
[2026-07-20T06:49:40.954+0000] {processor.py:840} INFO - DAG(s) 'example_time_delta_sensor_async' retrieved from /workspaces/recomart-recommendation-pipeline/airflow_venv/lib/python3.12/site-packages/airflow/example_dags/example_time_delta_sensor_async.py
[2026-07-20T06:49:40.966+0000] {logging_mixin.py:188} INFO - [2026-07-20T06:49:40.966+0000] {dag.py:3089} INFO - Sync 1 DAGs
[2026-07-20T06:49:40.978+0000] {logging_mixin.py:188} INFO - [2026-07-20T06:49:40.978+0000] {dag.py:3947} INFO - Setting next_dagrun for example_time_delta_sensor_async to None, run_after=None
[2026-07-20T06:49:40.996+0000] {processor.py:183} INFO - Processing /workspaces/recomart-recommendation-pipeline/airflow_venv/lib/python3.12/site-packages/airflow/example_dags/example_time_delta_sensor_async.py took 0.058 seconds
[2026-07-20T06:50:25.244+0000] {processor.py:161} INFO - Started process (PID=85840) to work on /workspaces/recomart-recommendation-pipeline/airflow_venv/lib/python3.12/site-packages/airflow/example_dags/example_time_delta_sensor_async.py
[2026-07-20T06:50:25.244+0000] {processor.py:830} INFO - Processing file /workspaces/recomart-recommendation-pipeline/airflow_venv/lib/python3.12/site-packages/airflow/example_dags/example_time_delta_sensor_async.py for tasks to queue
[2026-07-20T06:50:25.246+0000] {logging_mixin.py:188} INFO - [2026-07-20T06:50:25.245+0000] {dagbag.py:545} INFO - Filling up the DagBag from /workspaces/recomart-recommendation-pipeline/airflow_venv/lib/python3.12/site-packages/airflow/example_dags/example_time_delta_sensor_async.py
[2026-07-20T06:50:25.249+0000] {processor.py:840} INFO - DAG(s) 'example_time_delta_sensor_async' retrieved from /workspaces/recomart-recommendation-pipeline/airflow_venv/lib/python3.12/site-packages/airflow/example_dags/example_time_delta_sensor_async.py
[2026-07-20T06:50:25.263+0000] {logging_mixin.py:188} INFO - [2026-07-20T06:50:25.262+0000] {dag.py:3089} INFO - Sync 1 DAGs
[2026-07-20T06:50:25.272+0000] {logging_mixin.py:188} INFO - [2026-07-20T06:50:25.272+0000] {dag.py:3947} INFO - Setting next_dagrun for example_time_delta_sensor_async to None, run_after=None
[2026-07-20T06:50:25.292+0000] {processor.py:183} INFO - Processing /workspaces/recomart-recommendation-pipeline/airflow_venv/lib/python3.12/site-packages/airflow/example_dags/example_time_delta_sensor_async.py took 0.053 seconds
[2026-07-20T06:51:10.678+0000] {processor.py:161} INFO - Started process (PID=86349) to work on /workspaces/recomart-recommendation-pipeline/airflow_venv/lib/python3.12/site-packages/airflow/example_dags/example_time_delta_sensor_async.py
[2026-07-20T06:51:10.679+0000] {processor.py:830} INFO - Processing file /workspaces/recomart-recommendation-pipeline/airflow_venv/lib/python3.12/site-packages/airflow/example_dags/example_time_delta_sensor_async.py for tasks to queue
[2026-07-20T06:51:10.681+0000] {logging_mixin.py:188} INFO - [2026-07-20T06:51:10.680+0000] {dagbag.py:545} INFO - Filling up the DagBag from /workspaces/recomart-recommendation-pipeline/airflow_venv/lib/python3.12/site-packages/airflow/example_dags/example_time_delta_sensor_async.py
[2026-07-20T06:51:10.686+0000] {processor.py:840} INFO - DAG(s) 'example_time_delta_sensor_async' retrieved from /workspaces/recomart-recommendation-pipeline/airflow_venv/lib/python3.12/site-packages/airflow/example_dags/example_time_delta_sensor_async.py
[2026-07-20T06:51:10.703+0000] {logging_mixin.py:188} INFO - [2026-07-20T06:51:10.703+0000] {dag.py:3089} INFO - Sync 1 DAGs
[2026-07-20T06:51:10.715+0000] {logging_mixin.py:188} INFO - [2026-07-20T06:51:10.714+0000] {dag.py:3947} INFO - Setting next_dagrun for example_time_delta_sensor_async to None, run_after=None
[2026-07-20T06:51:10.733+0000] {processor.py:183} INFO - Processing /workspaces/recomart-recommendation-pipeline/airflow_venv/lib/python3.12/site-packages/airflow/example_dags/example_time_delta_sensor_async.py took 0.061 seconds
[2026-07-20T06:51:56.039+0000] {processor.py:161} INFO - Started process (PID=86735) to work on /workspaces/recomart-recommendation-pipeline/airflow_venv/lib/python3.12/site-packages/airflow/example_dags/example_time_delta_sensor_async.py
[2026-07-20T06:51:56.041+0000] {processor.py:830} INFO - Processing file /workspaces/recomart-recommendation-pipeline/airflow_venv/lib/python3.12/site-packages/airflow/example_dags/example_time_delta_sensor_async.py for tasks to queue
[2026-07-20T06:51:56.046+0000] {logging_mixin.py:188} INFO - [2026-07-20T06:51:56.045+0000] {dagbag.py:545} INFO - Filling up the DagBag from /workspaces/recomart-recommendation-pipeline/airflow_venv/lib/python3.12/site-packages/airflow/example_dags/example_time_delta_sensor_async.py
[2026-07-20T06:51:56.056+0000] {processor.py:840} INFO - DAG(s) 'example_time_delta_sensor_async' retrieved from /workspaces/recomart-recommendation-pipeline/airflow_venv/lib/python3.12/site-packages/airflow/example_dags/example_time_delta_sensor_async.py
[2026-07-20T06:51:56.100+0000] {logging_mixin.py:188} INFO - [2026-07-20T06:51:56.100+0000] {dag.py:3089} INFO - Sync 1 DAGs
[2026-07-20T06:51:56.114+0000] {logging_mixin.py:188} INFO - [2026-07-20T06:51:56.114+0000] {dag.py:3947} INFO - Setting next_dagrun for example_time_delta_sensor_async to None, run_after=None
[2026-07-20T06:51:56.152+0000] {processor.py:183} INFO - Processing /workspaces/recomart-recommendation-pipeline/airflow_venv/lib/python3.12/site-packages/airflow/example_dags/example_time_delta_sensor_async.py took 0.126 seconds
[2026-07-20T06:57:55.452+0000] {processor.py:161} INFO - Started process (PID=89634) to work on /workspaces/recomart-recommendation-pipeline/airflow_venv/lib/python3.12/site-packages/airflow/example_dags/example_time_delta_sensor_async.py
[2026-07-20T06:57:55.454+0000] {processor.py:830} INFO - Processing file /workspaces/recomart-recommendation-pipeline/airflow_venv/lib/python3.12/site-packages/airflow/example_dags/example_time_delta_sensor_async.py for tasks to queue
[2026-07-20T06:57:55.455+0000] {logging_mixin.py:188} INFO - [2026-07-20T06:57:55.455+0000] {dagbag.py:545} INFO - Filling up the DagBag from /workspaces/recomart-recommendation-pipeline/airflow_venv/lib/python3.12/site-packages/airflow/example_dags/example_time_delta_sensor_async.py
[2026-07-20T06:57:55.461+0000] {processor.py:840} INFO - DAG(s) 'example_time_delta_sensor_async' retrieved from /workspaces/recomart-recommendation-pipeline/airflow_venv/lib/python3.12/site-packages/airflow/example_dags/example_time_delta_sensor_async.py
[2026-07-20T06:57:55.468+0000] {logging_mixin.py:188} INFO - [2026-07-20T06:57:55.467+0000] {dag.py:3089} INFO - Sync 1 DAGs
[2026-07-20T06:57:55.480+0000] {logging_mixin.py:188} INFO - [2026-07-20T06:57:55.480+0000] {dag.py:3947} INFO - Setting next_dagrun for example_time_delta_sensor_async to None, run_after=None
[2026-07-20T06:57:55.501+0000] {processor.py:183} INFO - Processing /workspaces/recomart-recommendation-pipeline/airflow_venv/lib/python3.12/site-packages/airflow/example_dags/example_time_delta_sensor_async.py took 0.053 seconds
[2026-07-20T06:58:52.898+0000] {processor.py:161} INFO - Started process (PID=90129) to work on /workspaces/recomart-recommendation-pipeline/airflow_venv/lib/python3.12/site-packages/airflow/example_dags/example_time_delta_sensor_async.py
[2026-07-20T06:58:52.899+0000] {processor.py:830} INFO - Processing file /workspaces/recomart-recommendation-pipeline/airflow_venv/lib/python3.12/site-packages/airflow/example_dags/example_time_delta_sensor_async.py for tasks to queue
[2026-07-20T06:58:52.900+0000] {logging_mixin.py:188} INFO - [2026-07-20T06:58:52.900+0000] {dagbag.py:545} INFO - Filling up the DagBag from /workspaces/recomart-recommendation-pipeline/airflow_venv/lib/python3.12/site-packages/airflow/example_dags/example_time_delta_sensor_async.py
[2026-07-20T06:58:52.905+0000] {processor.py:840} INFO - DAG(s) 'example_time_delta_sensor_async' retrieved from /workspaces/recomart-recommendation-pipeline/airflow_venv/lib/python3.12/site-packages/airflow/example_dags/example_time_delta_sensor_async.py
[2026-07-20T06:58:53.002+0000] {logging_mixin.py:188} INFO - [2026-07-20T06:58:53.002+0000] {dag.py:3089} INFO - Sync 1 DAGs
[2026-07-20T06:58:53.013+0000] {logging_mixin.py:188} INFO - [2026-07-20T06:58:53.013+0000] {dag.py:3947} INFO - Setting next_dagrun for example_time_delta_sensor_async to None, run_after=None
[2026-07-20T06:58:53.030+0000] {processor.py:183} INFO - Processing /workspaces/recomart-recommendation-pipeline/airflow_venv/lib/python3.12/site-packages/airflow/example_dags/example_time_delta_sensor_async.py took 0.137 seconds
[2026-07-20T07:00:25.390+0000] {processor.py:161} INFO - Started process (PID=91728) to work on /workspaces/recomart-recommendation-pipeline/airflow_venv/lib/python3.12/site-packages/airflow/example_dags/example_time_delta_sensor_async.py
[2026-07-20T07:00:25.391+0000] {processor.py:830} INFO - Processing file /workspaces/recomart-recommendation-pipeline/airflow_venv/lib/python3.12/site-packages/airflow/example_dags/example_time_delta_sensor_async.py for tasks to queue
[2026-07-20T07:00:25.393+0000] {logging_mixin.py:188} INFO - [2026-07-20T07:00:25.392+0000] {dagbag.py:545} INFO - Filling up the DagBag from /workspaces/recomart-recommendation-pipeline/airflow_venv/lib/python3.12/site-packages/airflow/example_dags/example_time_delta_sensor_async.py
[2026-07-20T07:00:25.396+0000] {processor.py:840} INFO - DAG(s) 'example_time_delta_sensor_async' retrieved from /workspaces/recomart-recommendation-pipeline/airflow_venv/lib/python3.12/site-packages/airflow/example_dags/example_time_delta_sensor_async.py
[2026-07-20T07:00:25.408+0000] {logging_mixin.py:188} INFO - [2026-07-20T07:00:25.408+0000] {dag.py:3089} INFO - Sync 1 DAGs
[2026-07-20T07:00:25.417+0000] {logging_mixin.py:188} INFO - [2026-07-20T07:00:25.417+0000] {dag.py:3947} INFO - Setting next_dagrun for example_time_delta_sensor_async to None, run_after=None
[2026-07-20T07:00:25.439+0000] {processor.py:183} INFO - Processing /workspaces/recomart-recommendation-pipeline/airflow_venv/lib/python3.12/site-packages/airflow/example_dags/example_time_delta_sensor_async.py took 0.053 seconds
[2026-07-20T07:01:15.946+0000] {processor.py:161} INFO - Started process (PID=92162) to work on /workspaces/recomart-recommendation-pipeline/airflow_venv/lib/python3.12/site-packages/airflow/example_dags/example_time_delta_sensor_async.py
[2026-07-20T07:01:15.946+0000] {processor.py:830} INFO - Processing file /workspaces/recomart-recommendation-pipeline/airflow_venv/lib/python3.12/site-packages/airflow/example_dags/example_time_delta_sensor_async.py for tasks to queue
[2026-07-20T07:01:15.948+0000] {logging_mixin.py:188} INFO - [2026-07-20T07:01:15.947+0000] {dagbag.py:545} INFO - Filling up the DagBag from /workspaces/recomart-recommendation-pipeline/airflow_venv/lib/python3.12/site-packages/airflow/example_dags/example_time_delta_sensor_async.py
[2026-07-20T07:01:15.951+0000] {processor.py:840} INFO - DAG(s) 'example_time_delta_sensor_async' retrieved from /workspaces/recomart-recommendation-pipeline/airflow_venv/lib/python3.12/site-packages/airflow/example_dags/example_time_delta_sensor_async.py
[2026-07-20T07:01:15.964+0000] {logging_mixin.py:188} INFO - [2026-07-20T07:01:15.964+0000] {dag.py:3089} INFO - Sync 1 DAGs
[2026-07-20T07:01:15.975+0000] {logging_mixin.py:188} INFO - [2026-07-20T07:01:15.975+0000] {dag.py:3947} INFO - Setting next_dagrun for example_time_delta_sensor_async to None, run_after=None
[2026-07-20T07:01:15.998+0000] {processor.py:183} INFO - Processing /workspaces/recomart-recommendation-pipeline/airflow_venv/lib/python3.12/site-packages/airflow/example_dags/example_time_delta_sensor_async.py took 0.057 seconds
