[2026-07-20T05:59:08.274+0000] {processor.py:161} INFO - Started process (PID=58215) to work on /workspaces/recomart-recommendation-pipeline/airflow_venv/lib/python3.12/site-packages/airflow/example_dags/example_sensor_decorator.py
[2026-07-20T05:59:08.275+0000] {processor.py:830} INFO - Processing file /workspaces/recomart-recommendation-pipeline/airflow_venv/lib/python3.12/site-packages/airflow/example_dags/example_sensor_decorator.py for tasks to queue
[2026-07-20T05:59:08.277+0000] {logging_mixin.py:188} INFO - [2026-07-20T05:59:08.276+0000] {dagbag.py:545} INFO - Filling up the DagBag from /workspaces/recomart-recommendation-pipeline/airflow_venv/lib/python3.12/site-packages/airflow/example_dags/example_sensor_decorator.py
[2026-07-20T05:59:08.283+0000] {processor.py:840} INFO - DAG(s) 'example_sensor_decorator' retrieved from /workspaces/recomart-recommendation-pipeline/airflow_venv/lib/python3.12/site-packages/airflow/example_dags/example_sensor_decorator.py
[2026-07-20T05:59:08.378+0000] {logging_mixin.py:188} INFO - [2026-07-20T05:59:08.377+0000] {override.py:1858} INFO - Created Permission View: can read on DAG:example_sensor_decorator
[2026-07-20T05:59:08.388+0000] {logging_mixin.py:188} INFO - [2026-07-20T05:59:08.388+0000] {override.py:1858} INFO - Created Permission View: can edit on DAG:example_sensor_decorator
[2026-07-20T05:59:08.397+0000] {logging_mixin.py:188} INFO - [2026-07-20T05:59:08.396+0000] {override.py:1858} INFO - Created Permission View: can delete on DAG:example_sensor_decorator
[2026-07-20T05:59:08.397+0000] {logging_mixin.py:188} INFO - [2026-07-20T05:59:08.397+0000] {dag.py:3089} INFO - Sync 1 DAGs
[2026-07-20T05:59:08.407+0000] {logging_mixin.py:188} INFO - [2026-07-20T05:59:08.407+0000] {dag.py:3111} INFO - Creating ORM DAG for example_sensor_decorator
[2026-07-20T05:59:08.408+0000] {logging_mixin.py:188} INFO - [2026-07-20T05:59:08.408+0000] {dag.py:3947} INFO - Setting next_dagrun for example_sensor_decorator to None, run_after=None
[2026-07-20T05:59:08.444+0000] {processor.py:183} INFO - Processing /workspaces/recomart-recommendation-pipeline/airflow_venv/lib/python3.12/site-packages/airflow/example_dags/example_sensor_decorator.py took 0.176 seconds
[2026-07-20T06:00:05.422+0000] {processor.py:161} INFO - Started process (PID=58687) to work on /workspaces/recomart-recommendation-pipeline/airflow_venv/lib/python3.12/site-packages/airflow/example_dags/example_sensor_decorator.py
[2026-07-20T06:00:05.423+0000] {processor.py:830} INFO - Processing file /workspaces/recomart-recommendation-pipeline/airflow_venv/lib/python3.12/site-packages/airflow/example_dags/example_sensor_decorator.py for tasks to queue
[2026-07-20T06:00:05.424+0000] {logging_mixin.py:188} INFO - [2026-07-20T06:00:05.424+0000] {dagbag.py:545} INFO - Filling up the DagBag from /workspaces/recomart-recommendation-pipeline/airflow_venv/lib/python3.12/site-packages/airflow/example_dags/example_sensor_decorator.py
[2026-07-20T06:00:05.429+0000] {processor.py:840} INFO - DAG(s) 'example_sensor_decorator' retrieved from /workspaces/recomart-recommendation-pipeline/airflow_venv/lib/python3.12/site-packages/airflow/example_dags/example_sensor_decorator.py
[2026-07-20T06:00:05.440+0000] {logging_mixin.py:188} INFO - [2026-07-20T06:00:05.440+0000] {dag.py:3089} INFO - Sync 1 DAGs
[2026-07-20T06:00:05.449+0000] {logging_mixin.py:188} INFO - [2026-07-20T06:00:05.449+0000] {dag.py:3947} INFO - Setting next_dagrun for example_sensor_decorator to None, run_after=None
[2026-07-20T06:00:05.466+0000] {processor.py:183} INFO - Processing /workspaces/recomart-recommendation-pipeline/airflow_venv/lib/python3.12/site-packages/airflow/example_dags/example_sensor_decorator.py took 0.048 seconds
[2026-07-20T06:00:55.160+0000] {processor.py:161} INFO - Started process (PID=59219) to work on /workspaces/recomart-recommendation-pipeline/airflow_venv/lib/python3.12/site-packages/airflow/example_dags/example_sensor_decorator.py
[2026-07-20T06:00:55.160+0000] {processor.py:830} INFO - Processing file /workspaces/recomart-recommendation-pipeline/airflow_venv/lib/python3.12/site-packages/airflow/example_dags/example_sensor_decorator.py for tasks to queue
[2026-07-20T06:00:55.162+0000] {logging_mixin.py:188} INFO - [2026-07-20T06:00:55.161+0000] {dagbag.py:545} INFO - Filling up the DagBag from /workspaces/recomart-recommendation-pipeline/airflow_venv/lib/python3.12/site-packages/airflow/example_dags/example_sensor_decorator.py
[2026-07-20T06:00:55.166+0000] {processor.py:840} INFO - DAG(s) 'example_sensor_decorator' retrieved from /workspaces/recomart-recommendation-pipeline/airflow_venv/lib/python3.12/site-packages/airflow/example_dags/example_sensor_decorator.py
[2026-07-20T06:00:55.181+0000] {logging_mixin.py:188} INFO - [2026-07-20T06:00:55.180+0000] {dag.py:3089} INFO - Sync 1 DAGs
[2026-07-20T06:00:55.192+0000] {logging_mixin.py:188} INFO - [2026-07-20T06:00:55.192+0000] {dag.py:3947} INFO - Setting next_dagrun for example_sensor_decorator to None, run_after=None
[2026-07-20T06:00:55.209+0000] {processor.py:183} INFO - Processing /workspaces/recomart-recommendation-pipeline/airflow_venv/lib/python3.12/site-packages/airflow/example_dags/example_sensor_decorator.py took 0.054 seconds
[2026-07-20T06:01:45.449+0000] {processor.py:161} INFO - Started process (PID=59825) to work on /workspaces/recomart-recommendation-pipeline/airflow_venv/lib/python3.12/site-packages/airflow/example_dags/example_sensor_decorator.py
[2026-07-20T06:01:45.450+0000] {processor.py:830} INFO - Processing file /workspaces/recomart-recommendation-pipeline/airflow_venv/lib/python3.12/site-packages/airflow/example_dags/example_sensor_decorator.py for tasks to queue
[2026-07-20T06:01:45.451+0000] {logging_mixin.py:188} INFO - [2026-07-20T06:01:45.451+0000] {dagbag.py:545} INFO - Filling up the DagBag from /workspaces/recomart-recommendation-pipeline/airflow_venv/lib/python3.12/site-packages/airflow/example_dags/example_sensor_decorator.py
[2026-07-20T06:01:45.456+0000] {processor.py:840} INFO - DAG(s) 'example_sensor_decorator' retrieved from /workspaces/recomart-recommendation-pipeline/airflow_venv/lib/python3.12/site-packages/airflow/example_dags/example_sensor_decorator.py
[2026-07-20T06:01:45.467+0000] {logging_mixin.py:188} INFO - [2026-07-20T06:01:45.467+0000] {dag.py:3089} INFO - Sync 1 DAGs
[2026-07-20T06:01:45.478+0000] {logging_mixin.py:188} INFO - [2026-07-20T06:01:45.478+0000] {dag.py:3947} INFO - Setting next_dagrun for example_sensor_decorator to None, run_after=None
[2026-07-20T06:01:45.496+0000] {processor.py:183} INFO - Processing /workspaces/recomart-recommendation-pipeline/airflow_venv/lib/python3.12/site-packages/airflow/example_dags/example_sensor_decorator.py took 0.052 seconds
[2026-07-20T06:02:31.680+0000] {processor.py:161} INFO - Started process (PID=60163) to work on /workspaces/recomart-recommendation-pipeline/airflow_venv/lib/python3.12/site-packages/airflow/example_dags/example_sensor_decorator.py
[2026-07-20T06:02:31.681+0000] {processor.py:830} INFO - Processing file /workspaces/recomart-recommendation-pipeline/airflow_venv/lib/python3.12/site-packages/airflow/example_dags/example_sensor_decorator.py for tasks to queue
[2026-07-20T06:02:31.683+0000] {logging_mixin.py:188} INFO - [2026-07-20T06:02:31.682+0000] {dagbag.py:545} INFO - Filling up the DagBag from /workspaces/recomart-recommendation-pipeline/airflow_venv/lib/python3.12/site-packages/airflow/example_dags/example_sensor_decorator.py
[2026-07-20T06:02:31.689+0000] {processor.py:840} INFO - DAG(s) 'example_sensor_decorator' retrieved from /workspaces/recomart-recommendation-pipeline/airflow_venv/lib/python3.12/site-packages/airflow/example_dags/example_sensor_decorator.py
[2026-07-20T06:02:31.700+0000] {logging_mixin.py:188} INFO - [2026-07-20T06:02:31.700+0000] {dag.py:3089} INFO - Sync 1 DAGs
[2026-07-20T06:02:31.708+0000] {logging_mixin.py:188} INFO - [2026-07-20T06:02:31.708+0000] {dag.py:3947} INFO - Setting next_dagrun for example_sensor_decorator to None, run_after=None
[2026-07-20T06:02:31.725+0000] {processor.py:183} INFO - Processing /workspaces/recomart-recommendation-pipeline/airflow_venv/lib/python3.12/site-packages/airflow/example_dags/example_sensor_decorator.py took 0.050 seconds
[2026-07-20T06:03:14.231+0000] {processor.py:161} INFO - Started process (PID=60535) to work on /workspaces/recomart-recommendation-pipeline/airflow_venv/lib/python3.12/site-packages/airflow/example_dags/example_sensor_decorator.py
[2026-07-20T06:03:14.232+0000] {processor.py:830} INFO - Processing file /workspaces/recomart-recommendation-pipeline/airflow_venv/lib/python3.12/site-packages/airflow/example_dags/example_sensor_decorator.py for tasks to queue
[2026-07-20T06:03:14.233+0000] {logging_mixin.py:188} INFO - [2026-07-20T06:03:14.233+0000] {dagbag.py:545} INFO - Filling up the DagBag from /workspaces/recomart-recommendation-pipeline/airflow_venv/lib/python3.12/site-packages/airflow/example_dags/example_sensor_decorator.py
[2026-07-20T06:03:14.238+0000] {processor.py:840} INFO - DAG(s) 'example_sensor_decorator' retrieved from /workspaces/recomart-recommendation-pipeline/airflow_venv/lib/python3.12/site-packages/airflow/example_dags/example_sensor_decorator.py
[2026-07-20T06:03:14.249+0000] {logging_mixin.py:188} INFO - [2026-07-20T06:03:14.249+0000] {dag.py:3089} INFO - Sync 1 DAGs
[2026-07-20T06:03:14.258+0000] {logging_mixin.py:188} INFO - [2026-07-20T06:03:14.257+0000] {dag.py:3947} INFO - Setting next_dagrun for example_sensor_decorator to None, run_after=None
[2026-07-20T06:03:14.274+0000] {processor.py:183} INFO - Processing /workspaces/recomart-recommendation-pipeline/airflow_venv/lib/python3.12/site-packages/airflow/example_dags/example_sensor_decorator.py took 0.047 seconds
[2026-07-20T06:04:18.053+0000] {processor.py:161} INFO - Started process (PID=61109) to work on /workspaces/recomart-recommendation-pipeline/airflow_venv/lib/python3.12/site-packages/airflow/example_dags/example_sensor_decorator.py
[2026-07-20T06:04:18.054+0000] {processor.py:830} INFO - Processing file /workspaces/recomart-recommendation-pipeline/airflow_venv/lib/python3.12/site-packages/airflow/example_dags/example_sensor_decorator.py for tasks to queue
[2026-07-20T06:04:18.055+0000] {logging_mixin.py:188} INFO - [2026-07-20T06:04:18.055+0000] {dagbag.py:545} INFO - Filling up the DagBag from /workspaces/recomart-recommendation-pipeline/airflow_venv/lib/python3.12/site-packages/airflow/example_dags/example_sensor_decorator.py
[2026-07-20T06:04:18.060+0000] {processor.py:840} INFO - DAG(s) 'example_sensor_decorator' retrieved from /workspaces/recomart-recommendation-pipeline/airflow_venv/lib/python3.12/site-packages/airflow/example_dags/example_sensor_decorator.py
[2026-07-20T06:04:18.072+0000] {logging_mixin.py:188} INFO - [2026-07-20T06:04:18.072+0000] {dag.py:3089} INFO - Sync 1 DAGs
[2026-07-20T06:04:18.085+0000] {logging_mixin.py:188} INFO - [2026-07-20T06:04:18.084+0000] {dag.py:3947} INFO - Setting next_dagrun for example_sensor_decorator to None, run_after=None
[2026-07-20T06:04:18.104+0000] {processor.py:183} INFO - Processing /workspaces/recomart-recommendation-pipeline/airflow_venv/lib/python3.12/site-packages/airflow/example_dags/example_sensor_decorator.py took 0.056 seconds
[2026-07-20T06:05:01.740+0000] {processor.py:161} INFO - Started process (PID=61480) to work on /workspaces/recomart-recommendation-pipeline/airflow_venv/lib/python3.12/site-packages/airflow/example_dags/example_sensor_decorator.py
[2026-07-20T06:05:01.741+0000] {processor.py:830} INFO - Processing file /workspaces/recomart-recommendation-pipeline/airflow_venv/lib/python3.12/site-packages/airflow/example_dags/example_sensor_decorator.py for tasks to queue
[2026-07-20T06:05:01.742+0000] {logging_mixin.py:188} INFO - [2026-07-20T06:05:01.742+0000] {dagbag.py:545} INFO - Filling up the DagBag from /workspaces/recomart-recommendation-pipeline/airflow_venv/lib/python3.12/site-packages/airflow/example_dags/example_sensor_decorator.py
[2026-07-20T06:05:01.747+0000] {processor.py:840} INFO - DAG(s) 'example_sensor_decorator' retrieved from /workspaces/recomart-recommendation-pipeline/airflow_venv/lib/python3.12/site-packages/airflow/example_dags/example_sensor_decorator.py
[2026-07-20T06:05:01.758+0000] {logging_mixin.py:188} INFO - [2026-07-20T06:05:01.758+0000] {dag.py:3089} INFO - Sync 1 DAGs
[2026-07-20T06:05:01.768+0000] {logging_mixin.py:188} INFO - [2026-07-20T06:05:01.767+0000] {dag.py:3947} INFO - Setting next_dagrun for example_sensor_decorator to None, run_after=None
[2026-07-20T06:05:01.788+0000] {processor.py:183} INFO - Processing /workspaces/recomart-recommendation-pipeline/airflow_venv/lib/python3.12/site-packages/airflow/example_dags/example_sensor_decorator.py took 0.052 seconds
[2026-07-20T06:05:46.274+0000] {processor.py:161} INFO - Started process (PID=61870) to work on /workspaces/recomart-recommendation-pipeline/airflow_venv/lib/python3.12/site-packages/airflow/example_dags/example_sensor_decorator.py
[2026-07-20T06:05:46.275+0000] {processor.py:830} INFO - Processing file /workspaces/recomart-recommendation-pipeline/airflow_venv/lib/python3.12/site-packages/airflow/example_dags/example_sensor_decorator.py for tasks to queue
[2026-07-20T06:05:46.276+0000] {logging_mixin.py:188} INFO - [2026-07-20T06:05:46.276+0000] {dagbag.py:545} INFO - Filling up the DagBag from /workspaces/recomart-recommendation-pipeline/airflow_venv/lib/python3.12/site-packages/airflow/example_dags/example_sensor_decorator.py
[2026-07-20T06:05:46.281+0000] {processor.py:840} INFO - DAG(s) 'example_sensor_decorator' retrieved from /workspaces/recomart-recommendation-pipeline/airflow_venv/lib/python3.12/site-packages/airflow/example_dags/example_sensor_decorator.py
[2026-07-20T06:05:46.292+0000] {logging_mixin.py:188} INFO - [2026-07-20T06:05:46.292+0000] {dag.py:3089} INFO - Sync 1 DAGs
[2026-07-20T06:05:46.395+0000] {logging_mixin.py:188} INFO - [2026-07-20T06:05:46.395+0000] {dag.py:3947} INFO - Setting next_dagrun for example_sensor_decorator to None, run_after=None
[2026-07-20T06:05:46.411+0000] {processor.py:183} INFO - Processing /workspaces/recomart-recommendation-pipeline/airflow_venv/lib/python3.12/site-packages/airflow/example_dags/example_sensor_decorator.py took 0.141 seconds
[2026-07-20T06:06:32.627+0000] {processor.py:161} INFO - Started process (PID=62197) to work on /workspaces/recomart-recommendation-pipeline/airflow_venv/lib/python3.12/site-packages/airflow/example_dags/example_sensor_decorator.py
[2026-07-20T06:06:32.628+0000] {processor.py:830} INFO - Processing file /workspaces/recomart-recommendation-pipeline/airflow_venv/lib/python3.12/site-packages/airflow/example_dags/example_sensor_decorator.py for tasks to queue
[2026-07-20T06:06:32.629+0000] {logging_mixin.py:188} INFO - [2026-07-20T06:06:32.629+0000] {dagbag.py:545} INFO - Filling up the DagBag from /workspaces/recomart-recommendation-pipeline/airflow_venv/lib/python3.12/site-packages/airflow/example_dags/example_sensor_decorator.py
[2026-07-20T06:06:32.634+0000] {processor.py:840} INFO - DAG(s) 'example_sensor_decorator' retrieved from /workspaces/recomart-recommendation-pipeline/airflow_venv/lib/python3.12/site-packages/airflow/example_dags/example_sensor_decorator.py
[2026-07-20T06:06:32.646+0000] {logging_mixin.py:188} INFO - [2026-07-20T06:06:32.646+0000] {dag.py:3089} INFO - Sync 1 DAGs
[2026-07-20T06:06:32.659+0000] {logging_mixin.py:188} INFO - [2026-07-20T06:06:32.659+0000] {dag.py:3947} INFO - Setting next_dagrun for example_sensor_decorator to None, run_after=None
[2026-07-20T06:06:32.680+0000] {processor.py:183} INFO - Processing /workspaces/recomart-recommendation-pipeline/airflow_venv/lib/python3.12/site-packages/airflow/example_dags/example_sensor_decorator.py took 0.057 seconds
[2026-07-20T06:07:21.927+0000] {processor.py:161} INFO - Started process (PID=62606) to work on /workspaces/recomart-recommendation-pipeline/airflow_venv/lib/python3.12/site-packages/airflow/example_dags/example_sensor_decorator.py
[2026-07-20T06:07:21.928+0000] {processor.py:830} INFO - Processing file /workspaces/recomart-recommendation-pipeline/airflow_venv/lib/python3.12/site-packages/airflow/example_dags/example_sensor_decorator.py for tasks to queue
[2026-07-20T06:07:21.930+0000] {logging_mixin.py:188} INFO - [2026-07-20T06:07:21.929+0000] {dagbag.py:545} INFO - Filling up the DagBag from /workspaces/recomart-recommendation-pipeline/airflow_venv/lib/python3.12/site-packages/airflow/example_dags/example_sensor_decorator.py
[2026-07-20T06:07:21.937+0000] {processor.py:840} INFO - DAG(s) 'example_sensor_decorator' retrieved from /workspaces/recomart-recommendation-pipeline/airflow_venv/lib/python3.12/site-packages/airflow/example_dags/example_sensor_decorator.py
[2026-07-20T06:07:21.953+0000] {logging_mixin.py:188} INFO - [2026-07-20T06:07:21.953+0000] {dag.py:3089} INFO - Sync 1 DAGs
[2026-07-20T06:07:21.968+0000] {logging_mixin.py:188} INFO - [2026-07-20T06:07:21.968+0000] {dag.py:3947} INFO - Setting next_dagrun for example_sensor_decorator to None, run_after=None
[2026-07-20T06:07:21.997+0000] {processor.py:183} INFO - Processing /workspaces/recomart-recommendation-pipeline/airflow_venv/lib/python3.12/site-packages/airflow/example_dags/example_sensor_decorator.py took 0.076 seconds
[2026-07-20T06:09:05.212+0000] {processor.py:161} INFO - Started process (PID=63659) to work on /workspaces/recomart-recommendation-pipeline/airflow_venv/lib/python3.12/site-packages/airflow/example_dags/example_sensor_decorator.py
[2026-07-20T06:09:05.213+0000] {processor.py:830} INFO - Processing file /workspaces/recomart-recommendation-pipeline/airflow_venv/lib/python3.12/site-packages/airflow/example_dags/example_sensor_decorator.py for tasks to queue
[2026-07-20T06:09:05.214+0000] {logging_mixin.py:188} INFO - [2026-07-20T06:09:05.214+0000] {dagbag.py:545} INFO - Filling up the DagBag from /workspaces/recomart-recommendation-pipeline/airflow_venv/lib/python3.12/site-packages/airflow/example_dags/example_sensor_decorator.py
[2026-07-20T06:09:05.220+0000] {processor.py:840} INFO - DAG(s) 'example_sensor_decorator' retrieved from /workspaces/recomart-recommendation-pipeline/airflow_venv/lib/python3.12/site-packages/airflow/example_dags/example_sensor_decorator.py
[2026-07-20T06:09:05.307+0000] {logging_mixin.py:188} INFO - [2026-07-20T06:09:05.307+0000] {dag.py:3089} INFO - Sync 1 DAGs
[2026-07-20T06:09:05.314+0000] {logging_mixin.py:188} INFO - [2026-07-20T06:09:05.314+0000] {dag.py:3947} INFO - Setting next_dagrun for example_sensor_decorator to None, run_after=None
[2026-07-20T06:09:05.331+0000] {processor.py:183} INFO - Processing /workspaces/recomart-recommendation-pipeline/airflow_venv/lib/python3.12/site-packages/airflow/example_dags/example_sensor_decorator.py took 0.125 seconds
[2026-07-20T06:10:02.000+0000] {processor.py:161} INFO - Started process (PID=64137) to work on /workspaces/recomart-recommendation-pipeline/airflow_venv/lib/python3.12/site-packages/airflow/example_dags/example_sensor_decorator.py
[2026-07-20T06:10:02.001+0000] {processor.py:830} INFO - Processing file /workspaces/recomart-recommendation-pipeline/airflow_venv/lib/python3.12/site-packages/airflow/example_dags/example_sensor_decorator.py for tasks to queue
[2026-07-20T06:10:02.002+0000] {logging_mixin.py:188} INFO - [2026-07-20T06:10:02.002+0000] {dagbag.py:545} INFO - Filling up the DagBag from /workspaces/recomart-recommendation-pipeline/airflow_venv/lib/python3.12/site-packages/airflow/example_dags/example_sensor_decorator.py
[2026-07-20T06:10:02.007+0000] {processor.py:840} INFO - DAG(s) 'example_sensor_decorator' retrieved from /workspaces/recomart-recommendation-pipeline/airflow_venv/lib/python3.12/site-packages/airflow/example_dags/example_sensor_decorator.py
[2026-07-20T06:10:02.019+0000] {logging_mixin.py:188} INFO - [2026-07-20T06:10:02.018+0000] {dag.py:3089} INFO - Sync 1 DAGs
[2026-07-20T06:10:02.028+0000] {logging_mixin.py:188} INFO - [2026-07-20T06:10:02.028+0000] {dag.py:3947} INFO - Setting next_dagrun for example_sensor_decorator to None, run_after=None
[2026-07-20T06:10:02.046+0000] {processor.py:183} INFO - Processing /workspaces/recomart-recommendation-pipeline/airflow_venv/lib/python3.12/site-packages/airflow/example_dags/example_sensor_decorator.py took 0.051 seconds
[2026-07-20T06:10:53.418+0000] {processor.py:161} INFO - Started process (PID=64566) to work on /workspaces/recomart-recommendation-pipeline/airflow_venv/lib/python3.12/site-packages/airflow/example_dags/example_sensor_decorator.py
[2026-07-20T06:10:53.420+0000] {processor.py:830} INFO - Processing file /workspaces/recomart-recommendation-pipeline/airflow_venv/lib/python3.12/site-packages/airflow/example_dags/example_sensor_decorator.py for tasks to queue
[2026-07-20T06:10:53.423+0000] {logging_mixin.py:188} INFO - [2026-07-20T06:10:53.423+0000] {dagbag.py:545} INFO - Filling up the DagBag from /workspaces/recomart-recommendation-pipeline/airflow_venv/lib/python3.12/site-packages/airflow/example_dags/example_sensor_decorator.py
[2026-07-20T06:10:53.432+0000] {processor.py:840} INFO - DAG(s) 'example_sensor_decorator' retrieved from /workspaces/recomart-recommendation-pipeline/airflow_venv/lib/python3.12/site-packages/airflow/example_dags/example_sensor_decorator.py
[2026-07-20T06:10:53.449+0000] {logging_mixin.py:188} INFO - [2026-07-20T06:10:53.449+0000] {dag.py:3089} INFO - Sync 1 DAGs
[2026-07-20T06:10:53.464+0000] {logging_mixin.py:188} INFO - [2026-07-20T06:10:53.464+0000] {dag.py:3947} INFO - Setting next_dagrun for example_sensor_decorator to None, run_after=None
[2026-07-20T06:10:53.513+0000] {processor.py:183} INFO - Processing /workspaces/recomart-recommendation-pipeline/airflow_venv/lib/python3.12/site-packages/airflow/example_dags/example_sensor_decorator.py took 0.104 seconds
[2026-07-20T06:11:40.663+0000] {processor.py:161} INFO - Started process (PID=65095) to work on /workspaces/recomart-recommendation-pipeline/airflow_venv/lib/python3.12/site-packages/airflow/example_dags/example_sensor_decorator.py
[2026-07-20T06:11:40.665+0000] {processor.py:830} INFO - Processing file /workspaces/recomart-recommendation-pipeline/airflow_venv/lib/python3.12/site-packages/airflow/example_dags/example_sensor_decorator.py for tasks to queue
[2026-07-20T06:11:40.666+0000] {logging_mixin.py:188} INFO - [2026-07-20T06:11:40.666+0000] {dagbag.py:545} INFO - Filling up the DagBag from /workspaces/recomart-recommendation-pipeline/airflow_venv/lib/python3.12/site-packages/airflow/example_dags/example_sensor_decorator.py
[2026-07-20T06:11:40.679+0000] {processor.py:840} INFO - DAG(s) 'example_sensor_decorator' retrieved from /workspaces/recomart-recommendation-pipeline/airflow_venv/lib/python3.12/site-packages/airflow/example_dags/example_sensor_decorator.py
[2026-07-20T06:11:40.746+0000] {logging_mixin.py:188} INFO - [2026-07-20T06:11:40.745+0000] {dag.py:3089} INFO - Sync 1 DAGs
[2026-07-20T06:11:40.794+0000] {logging_mixin.py:188} INFO - [2026-07-20T06:11:40.790+0000] {dag.py:3947} INFO - Setting next_dagrun for example_sensor_decorator to None, run_after=None
[2026-07-20T06:11:40.894+0000] {processor.py:183} INFO - Processing /workspaces/recomart-recommendation-pipeline/airflow_venv/lib/python3.12/site-packages/airflow/example_dags/example_sensor_decorator.py took 0.242 seconds
[2026-07-20T06:12:22.547+0000] {processor.py:161} INFO - Started process (PID=65433) to work on /workspaces/recomart-recommendation-pipeline/airflow_venv/lib/python3.12/site-packages/airflow/example_dags/example_sensor_decorator.py
[2026-07-20T06:12:22.548+0000] {processor.py:830} INFO - Processing file /workspaces/recomart-recommendation-pipeline/airflow_venv/lib/python3.12/site-packages/airflow/example_dags/example_sensor_decorator.py for tasks to queue
[2026-07-20T06:12:22.549+0000] {logging_mixin.py:188} INFO - [2026-07-20T06:12:22.549+0000] {dagbag.py:545} INFO - Filling up the DagBag from /workspaces/recomart-recommendation-pipeline/airflow_venv/lib/python3.12/site-packages/airflow/example_dags/example_sensor_decorator.py
[2026-07-20T06:12:22.554+0000] {processor.py:840} INFO - DAG(s) 'example_sensor_decorator' retrieved from /workspaces/recomart-recommendation-pipeline/airflow_venv/lib/python3.12/site-packages/airflow/example_dags/example_sensor_decorator.py
[2026-07-20T06:12:22.567+0000] {logging_mixin.py:188} INFO - [2026-07-20T06:12:22.567+0000] {dag.py:3089} INFO - Sync 1 DAGs
[2026-07-20T06:12:22.580+0000] {logging_mixin.py:188} INFO - [2026-07-20T06:12:22.579+0000] {dag.py:3947} INFO - Setting next_dagrun for example_sensor_decorator to None, run_after=None
[2026-07-20T06:12:22.598+0000] {processor.py:183} INFO - Processing /workspaces/recomart-recommendation-pipeline/airflow_venv/lib/python3.12/site-packages/airflow/example_dags/example_sensor_decorator.py took 0.056 seconds
[2026-07-20T06:13:07.004+0000] {processor.py:161} INFO - Started process (PID=65827) to work on /workspaces/recomart-recommendation-pipeline/airflow_venv/lib/python3.12/site-packages/airflow/example_dags/example_sensor_decorator.py
[2026-07-20T06:13:07.005+0000] {processor.py:830} INFO - Processing file /workspaces/recomart-recommendation-pipeline/airflow_venv/lib/python3.12/site-packages/airflow/example_dags/example_sensor_decorator.py for tasks to queue
[2026-07-20T06:13:07.006+0000] {logging_mixin.py:188} INFO - [2026-07-20T06:13:07.006+0000] {dagbag.py:545} INFO - Filling up the DagBag from /workspaces/recomart-recommendation-pipeline/airflow_venv/lib/python3.12/site-packages/airflow/example_dags/example_sensor_decorator.py
[2026-07-20T06:13:07.011+0000] {processor.py:840} INFO - DAG(s) 'example_sensor_decorator' retrieved from /workspaces/recomart-recommendation-pipeline/airflow_venv/lib/python3.12/site-packages/airflow/example_dags/example_sensor_decorator.py
[2026-07-20T06:13:07.023+0000] {logging_mixin.py:188} INFO - [2026-07-20T06:13:07.022+0000] {dag.py:3089} INFO - Sync 1 DAGs
[2026-07-20T06:13:07.032+0000] {logging_mixin.py:188} INFO - [2026-07-20T06:13:07.032+0000] {dag.py:3947} INFO - Setting next_dagrun for example_sensor_decorator to None, run_after=None
[2026-07-20T06:13:07.049+0000] {processor.py:183} INFO - Processing /workspaces/recomart-recommendation-pipeline/airflow_venv/lib/python3.12/site-packages/airflow/example_dags/example_sensor_decorator.py took 0.050 seconds
[2026-07-20T06:13:51.074+0000] {processor.py:161} INFO - Started process (PID=66280) to work on /workspaces/recomart-recommendation-pipeline/airflow_venv/lib/python3.12/site-packages/airflow/example_dags/example_sensor_decorator.py
[2026-07-20T06:13:51.075+0000] {processor.py:830} INFO - Processing file /workspaces/recomart-recommendation-pipeline/airflow_venv/lib/python3.12/site-packages/airflow/example_dags/example_sensor_decorator.py for tasks to queue
[2026-07-20T06:13:51.078+0000] {logging_mixin.py:188} INFO - [2026-07-20T06:13:51.077+0000] {dagbag.py:545} INFO - Filling up the DagBag from /workspaces/recomart-recommendation-pipeline/airflow_venv/lib/python3.12/site-packages/airflow/example_dags/example_sensor_decorator.py
[2026-07-20T06:13:51.090+0000] {processor.py:840} INFO - DAG(s) 'example_sensor_decorator' retrieved from /workspaces/recomart-recommendation-pipeline/airflow_venv/lib/python3.12/site-packages/airflow/example_dags/example_sensor_decorator.py
[2026-07-20T06:13:51.104+0000] {logging_mixin.py:188} INFO - [2026-07-20T06:13:51.104+0000] {dag.py:3089} INFO - Sync 1 DAGs
[2026-07-20T06:13:51.114+0000] {logging_mixin.py:188} INFO - [2026-07-20T06:13:51.113+0000] {dag.py:3947} INFO - Setting next_dagrun for example_sensor_decorator to None, run_after=None
[2026-07-20T06:13:51.130+0000] {processor.py:183} INFO - Processing /workspaces/recomart-recommendation-pipeline/airflow_venv/lib/python3.12/site-packages/airflow/example_dags/example_sensor_decorator.py took 0.063 seconds
[2026-07-20T06:14:37.463+0000] {processor.py:161} INFO - Started process (PID=66834) to work on /workspaces/recomart-recommendation-pipeline/airflow_venv/lib/python3.12/site-packages/airflow/example_dags/example_sensor_decorator.py
[2026-07-20T06:14:37.464+0000] {processor.py:830} INFO - Processing file /workspaces/recomart-recommendation-pipeline/airflow_venv/lib/python3.12/site-packages/airflow/example_dags/example_sensor_decorator.py for tasks to queue
[2026-07-20T06:14:37.465+0000] {logging_mixin.py:188} INFO - [2026-07-20T06:14:37.465+0000] {dagbag.py:545} INFO - Filling up the DagBag from /workspaces/recomart-recommendation-pipeline/airflow_venv/lib/python3.12/site-packages/airflow/example_dags/example_sensor_decorator.py
[2026-07-20T06:14:37.470+0000] {processor.py:840} INFO - DAG(s) 'example_sensor_decorator' retrieved from /workspaces/recomart-recommendation-pipeline/airflow_venv/lib/python3.12/site-packages/airflow/example_dags/example_sensor_decorator.py
[2026-07-20T06:14:37.486+0000] {logging_mixin.py:188} INFO - [2026-07-20T06:14:37.485+0000] {dag.py:3089} INFO - Sync 1 DAGs
[2026-07-20T06:14:37.496+0000] {logging_mixin.py:188} INFO - [2026-07-20T06:14:37.495+0000] {dag.py:3947} INFO - Setting next_dagrun for example_sensor_decorator to None, run_after=None
[2026-07-20T06:14:37.516+0000] {processor.py:183} INFO - Processing /workspaces/recomart-recommendation-pipeline/airflow_venv/lib/python3.12/site-packages/airflow/example_dags/example_sensor_decorator.py took 0.057 seconds
[2026-07-20T06:15:22.607+0000] {processor.py:161} INFO - Started process (PID=67273) to work on /workspaces/recomart-recommendation-pipeline/airflow_venv/lib/python3.12/site-packages/airflow/example_dags/example_sensor_decorator.py
[2026-07-20T06:15:22.608+0000] {processor.py:830} INFO - Processing file /workspaces/recomart-recommendation-pipeline/airflow_venv/lib/python3.12/site-packages/airflow/example_dags/example_sensor_decorator.py for tasks to queue
[2026-07-20T06:15:22.609+0000] {logging_mixin.py:188} INFO - [2026-07-20T06:15:22.609+0000] {dagbag.py:545} INFO - Filling up the DagBag from /workspaces/recomart-recommendation-pipeline/airflow_venv/lib/python3.12/site-packages/airflow/example_dags/example_sensor_decorator.py
[2026-07-20T06:15:22.619+0000] {processor.py:840} INFO - DAG(s) 'example_sensor_decorator' retrieved from /workspaces/recomart-recommendation-pipeline/airflow_venv/lib/python3.12/site-packages/airflow/example_dags/example_sensor_decorator.py
[2026-07-20T06:15:22.645+0000] {logging_mixin.py:188} INFO - [2026-07-20T06:15:22.645+0000] {dag.py:3089} INFO - Sync 1 DAGs
[2026-07-20T06:15:22.665+0000] {logging_mixin.py:188} INFO - [2026-07-20T06:15:22.665+0000] {dag.py:3947} INFO - Setting next_dagrun for example_sensor_decorator to None, run_after=None
[2026-07-20T06:15:22.849+0000] {processor.py:183} INFO - Processing /workspaces/recomart-recommendation-pipeline/airflow_venv/lib/python3.12/site-packages/airflow/example_dags/example_sensor_decorator.py took 0.251 seconds
[2026-07-20T06:31:08.423+0000] {processor.py:161} INFO - Started process (PID=73734) to work on /workspaces/recomart-recommendation-pipeline/airflow_venv/lib/python3.12/site-packages/airflow/example_dags/example_sensor_decorator.py
[2026-07-20T06:31:08.424+0000] {processor.py:830} INFO - Processing file /workspaces/recomart-recommendation-pipeline/airflow_venv/lib/python3.12/site-packages/airflow/example_dags/example_sensor_decorator.py for tasks to queue
[2026-07-20T06:31:08.425+0000] {logging_mixin.py:188} INFO - [2026-07-20T06:31:08.425+0000] {dagbag.py:545} INFO - Filling up the DagBag from /workspaces/recomart-recommendation-pipeline/airflow_venv/lib/python3.12/site-packages/airflow/example_dags/example_sensor_decorator.py
[2026-07-20T06:31:08.430+0000] {processor.py:840} INFO - DAG(s) 'example_sensor_decorator' retrieved from /workspaces/recomart-recommendation-pipeline/airflow_venv/lib/python3.12/site-packages/airflow/example_dags/example_sensor_decorator.py
[2026-07-20T06:31:08.524+0000] {logging_mixin.py:188} INFO - [2026-07-20T06:31:08.523+0000] {dag.py:3089} INFO - Sync 1 DAGs
[2026-07-20T06:31:08.531+0000] {logging_mixin.py:188} INFO - [2026-07-20T06:31:08.531+0000] {dag.py:3947} INFO - Setting next_dagrun for example_sensor_decorator to None, run_after=None
[2026-07-20T06:31:08.548+0000] {processor.py:183} INFO - Processing /workspaces/recomart-recommendation-pipeline/airflow_venv/lib/python3.12/site-packages/airflow/example_dags/example_sensor_decorator.py took 0.129 seconds
[2026-07-20T06:32:04.083+0000] {processor.py:161} INFO - Started process (PID=74304) to work on /workspaces/recomart-recommendation-pipeline/airflow_venv/lib/python3.12/site-packages/airflow/example_dags/example_sensor_decorator.py
[2026-07-20T06:32:04.084+0000] {processor.py:830} INFO - Processing file /workspaces/recomart-recommendation-pipeline/airflow_venv/lib/python3.12/site-packages/airflow/example_dags/example_sensor_decorator.py for tasks to queue
[2026-07-20T06:32:04.085+0000] {logging_mixin.py:188} INFO - [2026-07-20T06:32:04.085+0000] {dagbag.py:545} INFO - Filling up the DagBag from /workspaces/recomart-recommendation-pipeline/airflow_venv/lib/python3.12/site-packages/airflow/example_dags/example_sensor_decorator.py
[2026-07-20T06:32:04.091+0000] {processor.py:840} INFO - DAG(s) 'example_sensor_decorator' retrieved from /workspaces/recomart-recommendation-pipeline/airflow_venv/lib/python3.12/site-packages/airflow/example_dags/example_sensor_decorator.py
[2026-07-20T06:32:04.103+0000] {logging_mixin.py:188} INFO - [2026-07-20T06:32:04.103+0000] {dag.py:3089} INFO - Sync 1 DAGs
[2026-07-20T06:32:04.112+0000] {logging_mixin.py:188} INFO - [2026-07-20T06:32:04.112+0000] {dag.py:3947} INFO - Setting next_dagrun for example_sensor_decorator to None, run_after=None
[2026-07-20T06:32:04.131+0000] {processor.py:183} INFO - Processing /workspaces/recomart-recommendation-pipeline/airflow_venv/lib/python3.12/site-packages/airflow/example_dags/example_sensor_decorator.py took 0.054 seconds
[2026-07-20T06:32:54.597+0000] {processor.py:161} INFO - Started process (PID=74913) to work on /workspaces/recomart-recommendation-pipeline/airflow_venv/lib/python3.12/site-packages/airflow/example_dags/example_sensor_decorator.py
[2026-07-20T06:32:54.598+0000] {processor.py:830} INFO - Processing file /workspaces/recomart-recommendation-pipeline/airflow_venv/lib/python3.12/site-packages/airflow/example_dags/example_sensor_decorator.py for tasks to queue
[2026-07-20T06:32:54.599+0000] {logging_mixin.py:188} INFO - [2026-07-20T06:32:54.599+0000] {dagbag.py:545} INFO - Filling up the DagBag from /workspaces/recomart-recommendation-pipeline/airflow_venv/lib/python3.12/site-packages/airflow/example_dags/example_sensor_decorator.py
[2026-07-20T06:32:54.604+0000] {processor.py:840} INFO - DAG(s) 'example_sensor_decorator' retrieved from /workspaces/recomart-recommendation-pipeline/airflow_venv/lib/python3.12/site-packages/airflow/example_dags/example_sensor_decorator.py
[2026-07-20T06:32:54.615+0000] {logging_mixin.py:188} INFO - [2026-07-20T06:32:54.615+0000] {dag.py:3089} INFO - Sync 1 DAGs
[2026-07-20T06:32:54.624+0000] {logging_mixin.py:188} INFO - [2026-07-20T06:32:54.624+0000] {dag.py:3947} INFO - Setting next_dagrun for example_sensor_decorator to None, run_after=None
[2026-07-20T06:32:54.640+0000] {processor.py:183} INFO - Processing /workspaces/recomart-recommendation-pipeline/airflow_venv/lib/python3.12/site-packages/airflow/example_dags/example_sensor_decorator.py took 0.047 seconds
[2026-07-20T06:34:16.687+0000] {processor.py:161} INFO - Started process (PID=76018) to work on /workspaces/recomart-recommendation-pipeline/airflow_venv/lib/python3.12/site-packages/airflow/example_dags/example_sensor_decorator.py
[2026-07-20T06:34:16.689+0000] {processor.py:830} INFO - Processing file /workspaces/recomart-recommendation-pipeline/airflow_venv/lib/python3.12/site-packages/airflow/example_dags/example_sensor_decorator.py for tasks to queue
[2026-07-20T06:34:16.690+0000] {logging_mixin.py:188} INFO - [2026-07-20T06:34:16.690+0000] {dagbag.py:545} INFO - Filling up the DagBag from /workspaces/recomart-recommendation-pipeline/airflow_venv/lib/python3.12/site-packages/airflow/example_dags/example_sensor_decorator.py
[2026-07-20T06:34:16.695+0000] {processor.py:840} INFO - DAG(s) 'example_sensor_decorator' retrieved from /workspaces/recomart-recommendation-pipeline/airflow_venv/lib/python3.12/site-packages/airflow/example_dags/example_sensor_decorator.py
[2026-07-20T06:34:16.706+0000] {logging_mixin.py:188} INFO - [2026-07-20T06:34:16.706+0000] {dag.py:3089} INFO - Sync 1 DAGs
[2026-07-20T06:34:16.715+0000] {logging_mixin.py:188} INFO - [2026-07-20T06:34:16.715+0000] {dag.py:3947} INFO - Setting next_dagrun for example_sensor_decorator to None, run_after=None
[2026-07-20T06:34:16.731+0000] {processor.py:183} INFO - Processing /workspaces/recomart-recommendation-pipeline/airflow_venv/lib/python3.12/site-packages/airflow/example_dags/example_sensor_decorator.py took 0.054 seconds
[2026-07-20T06:35:14.460+0000] {processor.py:161} INFO - Started process (PID=77130) to work on /workspaces/recomart-recommendation-pipeline/airflow_venv/lib/python3.12/site-packages/airflow/example_dags/example_sensor_decorator.py
[2026-07-20T06:35:14.461+0000] {processor.py:830} INFO - Processing file /workspaces/recomart-recommendation-pipeline/airflow_venv/lib/python3.12/site-packages/airflow/example_dags/example_sensor_decorator.py for tasks to queue
[2026-07-20T06:35:14.463+0000] {logging_mixin.py:188} INFO - [2026-07-20T06:35:14.463+0000] {dagbag.py:545} INFO - Filling up the DagBag from /workspaces/recomart-recommendation-pipeline/airflow_venv/lib/python3.12/site-packages/airflow/example_dags/example_sensor_decorator.py
[2026-07-20T06:35:14.470+0000] {processor.py:840} INFO - DAG(s) 'example_sensor_decorator' retrieved from /workspaces/recomart-recommendation-pipeline/airflow_venv/lib/python3.12/site-packages/airflow/example_dags/example_sensor_decorator.py
[2026-07-20T06:35:14.488+0000] {logging_mixin.py:188} INFO - [2026-07-20T06:35:14.487+0000] {dag.py:3089} INFO - Sync 1 DAGs
[2026-07-20T06:35:14.501+0000] {logging_mixin.py:188} INFO - [2026-07-20T06:35:14.501+0000] {dag.py:3947} INFO - Setting next_dagrun for example_sensor_decorator to None, run_after=None
[2026-07-20T06:35:14.524+0000] {processor.py:183} INFO - Processing /workspaces/recomart-recommendation-pipeline/airflow_venv/lib/python3.12/site-packages/airflow/example_dags/example_sensor_decorator.py took 0.070 seconds
[2026-07-20T06:36:02.134+0000] {processor.py:161} INFO - Started process (PID=78039) to work on /workspaces/recomart-recommendation-pipeline/airflow_venv/lib/python3.12/site-packages/airflow/example_dags/example_sensor_decorator.py
[2026-07-20T06:36:02.135+0000] {processor.py:830} INFO - Processing file /workspaces/recomart-recommendation-pipeline/airflow_venv/lib/python3.12/site-packages/airflow/example_dags/example_sensor_decorator.py for tasks to queue
[2026-07-20T06:36:02.137+0000] {logging_mixin.py:188} INFO - [2026-07-20T06:36:02.137+0000] {dagbag.py:545} INFO - Filling up the DagBag from /workspaces/recomart-recommendation-pipeline/airflow_venv/lib/python3.12/site-packages/airflow/example_dags/example_sensor_decorator.py
[2026-07-20T06:36:02.142+0000] {processor.py:840} INFO - DAG(s) 'example_sensor_decorator' retrieved from /workspaces/recomart-recommendation-pipeline/airflow_venv/lib/python3.12/site-packages/airflow/example_dags/example_sensor_decorator.py
[2026-07-20T06:36:02.154+0000] {logging_mixin.py:188} INFO - [2026-07-20T06:36:02.154+0000] {dag.py:3089} INFO - Sync 1 DAGs
[2026-07-20T06:36:02.162+0000] {logging_mixin.py:188} INFO - [2026-07-20T06:36:02.162+0000] {dag.py:3947} INFO - Setting next_dagrun for example_sensor_decorator to None, run_after=None
[2026-07-20T06:36:02.180+0000] {processor.py:183} INFO - Processing /workspaces/recomart-recommendation-pipeline/airflow_venv/lib/python3.12/site-packages/airflow/example_dags/example_sensor_decorator.py took 0.049 seconds
[2026-07-20T06:36:57.392+0000] {processor.py:161} INFO - Started process (PID=78820) to work on /workspaces/recomart-recommendation-pipeline/airflow_venv/lib/python3.12/site-packages/airflow/example_dags/example_sensor_decorator.py
[2026-07-20T06:36:57.393+0000] {processor.py:830} INFO - Processing file /workspaces/recomart-recommendation-pipeline/airflow_venv/lib/python3.12/site-packages/airflow/example_dags/example_sensor_decorator.py for tasks to queue
[2026-07-20T06:36:57.394+0000] {logging_mixin.py:188} INFO - [2026-07-20T06:36:57.394+0000] {dagbag.py:545} INFO - Filling up the DagBag from /workspaces/recomart-recommendation-pipeline/airflow_venv/lib/python3.12/site-packages/airflow/example_dags/example_sensor_decorator.py
[2026-07-20T06:36:57.399+0000] {processor.py:840} INFO - DAG(s) 'example_sensor_decorator' retrieved from /workspaces/recomart-recommendation-pipeline/airflow_venv/lib/python3.12/site-packages/airflow/example_dags/example_sensor_decorator.py
[2026-07-20T06:36:57.410+0000] {logging_mixin.py:188} INFO - [2026-07-20T06:36:57.410+0000] {dag.py:3089} INFO - Sync 1 DAGs
[2026-07-20T06:36:57.419+0000] {logging_mixin.py:188} INFO - [2026-07-20T06:36:57.419+0000] {dag.py:3947} INFO - Setting next_dagrun for example_sensor_decorator to None, run_after=None
[2026-07-20T06:36:57.436+0000] {processor.py:183} INFO - Processing /workspaces/recomart-recommendation-pipeline/airflow_venv/lib/python3.12/site-packages/airflow/example_dags/example_sensor_decorator.py took 0.049 seconds
[2026-07-20T06:37:42.851+0000] {processor.py:161} INFO - Started process (PID=79204) to work on /workspaces/recomart-recommendation-pipeline/airflow_venv/lib/python3.12/site-packages/airflow/example_dags/example_sensor_decorator.py
[2026-07-20T06:37:42.852+0000] {processor.py:830} INFO - Processing file /workspaces/recomart-recommendation-pipeline/airflow_venv/lib/python3.12/site-packages/airflow/example_dags/example_sensor_decorator.py for tasks to queue
[2026-07-20T06:37:42.853+0000] {logging_mixin.py:188} INFO - [2026-07-20T06:37:42.853+0000] {dagbag.py:545} INFO - Filling up the DagBag from /workspaces/recomart-recommendation-pipeline/airflow_venv/lib/python3.12/site-packages/airflow/example_dags/example_sensor_decorator.py
[2026-07-20T06:37:42.857+0000] {processor.py:840} INFO - DAG(s) 'example_sensor_decorator' retrieved from /workspaces/recomart-recommendation-pipeline/airflow_venv/lib/python3.12/site-packages/airflow/example_dags/example_sensor_decorator.py
[2026-07-20T06:37:42.871+0000] {logging_mixin.py:188} INFO - [2026-07-20T06:37:42.870+0000] {dag.py:3089} INFO - Sync 1 DAGs
[2026-07-20T06:37:42.883+0000] {logging_mixin.py:188} INFO - [2026-07-20T06:37:42.883+0000] {dag.py:3947} INFO - Setting next_dagrun for example_sensor_decorator to None, run_after=None
[2026-07-20T06:37:42.901+0000] {processor.py:183} INFO - Processing /workspaces/recomart-recommendation-pipeline/airflow_venv/lib/python3.12/site-packages/airflow/example_dags/example_sensor_decorator.py took 0.055 seconds
[2026-07-20T06:38:31.213+0000] {processor.py:161} INFO - Started process (PID=79559) to work on /workspaces/recomart-recommendation-pipeline/airflow_venv/lib/python3.12/site-packages/airflow/example_dags/example_sensor_decorator.py
[2026-07-20T06:38:31.215+0000] {processor.py:830} INFO - Processing file /workspaces/recomart-recommendation-pipeline/airflow_venv/lib/python3.12/site-packages/airflow/example_dags/example_sensor_decorator.py for tasks to queue
[2026-07-20T06:38:31.216+0000] {logging_mixin.py:188} INFO - [2026-07-20T06:38:31.216+0000] {dagbag.py:545} INFO - Filling up the DagBag from /workspaces/recomart-recommendation-pipeline/airflow_venv/lib/python3.12/site-packages/airflow/example_dags/example_sensor_decorator.py
[2026-07-20T06:38:31.223+0000] {processor.py:840} INFO - DAG(s) 'example_sensor_decorator' retrieved from /workspaces/recomart-recommendation-pipeline/airflow_venv/lib/python3.12/site-packages/airflow/example_dags/example_sensor_decorator.py
[2026-07-20T06:38:31.236+0000] {logging_mixin.py:188} INFO - [2026-07-20T06:38:31.236+0000] {dag.py:3089} INFO - Sync 1 DAGs
[2026-07-20T06:38:31.245+0000] {logging_mixin.py:188} INFO - [2026-07-20T06:38:31.245+0000] {dag.py:3947} INFO - Setting next_dagrun for example_sensor_decorator to None, run_after=None
[2026-07-20T06:38:31.358+0000] {processor.py:183} INFO - Processing /workspaces/recomart-recommendation-pipeline/airflow_venv/lib/python3.12/site-packages/airflow/example_dags/example_sensor_decorator.py took 0.152 seconds
[2026-07-20T06:39:18.458+0000] {processor.py:161} INFO - Started process (PID=79956) to work on /workspaces/recomart-recommendation-pipeline/airflow_venv/lib/python3.12/site-packages/airflow/example_dags/example_sensor_decorator.py
[2026-07-20T06:39:18.459+0000] {processor.py:830} INFO - Processing file /workspaces/recomart-recommendation-pipeline/airflow_venv/lib/python3.12/site-packages/airflow/example_dags/example_sensor_decorator.py for tasks to queue
[2026-07-20T06:39:18.460+0000] {logging_mixin.py:188} INFO - [2026-07-20T06:39:18.460+0000] {dagbag.py:545} INFO - Filling up the DagBag from /workspaces/recomart-recommendation-pipeline/airflow_venv/lib/python3.12/site-packages/airflow/example_dags/example_sensor_decorator.py
[2026-07-20T06:39:18.465+0000] {processor.py:840} INFO - DAG(s) 'example_sensor_decorator' retrieved from /workspaces/recomart-recommendation-pipeline/airflow_venv/lib/python3.12/site-packages/airflow/example_dags/example_sensor_decorator.py
[2026-07-20T06:39:18.479+0000] {logging_mixin.py:188} INFO - [2026-07-20T06:39:18.479+0000] {dag.py:3089} INFO - Sync 1 DAGs
[2026-07-20T06:39:18.491+0000] {logging_mixin.py:188} INFO - [2026-07-20T06:39:18.491+0000] {dag.py:3947} INFO - Setting next_dagrun for example_sensor_decorator to None, run_after=None
[2026-07-20T06:39:18.515+0000] {processor.py:183} INFO - Processing /workspaces/recomart-recommendation-pipeline/airflow_venv/lib/python3.12/site-packages/airflow/example_dags/example_sensor_decorator.py took 0.061 seconds
[2026-07-20T06:40:06.580+0000] {processor.py:161} INFO - Started process (PID=80360) to work on /workspaces/recomart-recommendation-pipeline/airflow_venv/lib/python3.12/site-packages/airflow/example_dags/example_sensor_decorator.py
[2026-07-20T06:40:06.581+0000] {processor.py:830} INFO - Processing file /workspaces/recomart-recommendation-pipeline/airflow_venv/lib/python3.12/site-packages/airflow/example_dags/example_sensor_decorator.py for tasks to queue
[2026-07-20T06:40:06.583+0000] {logging_mixin.py:188} INFO - [2026-07-20T06:40:06.583+0000] {dagbag.py:545} INFO - Filling up the DagBag from /workspaces/recomart-recommendation-pipeline/airflow_venv/lib/python3.12/site-packages/airflow/example_dags/example_sensor_decorator.py
[2026-07-20T06:40:06.590+0000] {processor.py:840} INFO - DAG(s) 'example_sensor_decorator' retrieved from /workspaces/recomart-recommendation-pipeline/airflow_venv/lib/python3.12/site-packages/airflow/example_dags/example_sensor_decorator.py
[2026-07-20T06:40:06.743+0000] {logging_mixin.py:188} INFO - [2026-07-20T06:40:06.742+0000] {dag.py:3089} INFO - Sync 1 DAGs
[2026-07-20T06:40:06.754+0000] {logging_mixin.py:188} INFO - [2026-07-20T06:40:06.754+0000] {dag.py:3947} INFO - Setting next_dagrun for example_sensor_decorator to None, run_after=None
[2026-07-20T06:40:06.852+0000] {processor.py:183} INFO - Processing /workspaces/recomart-recommendation-pipeline/airflow_venv/lib/python3.12/site-packages/airflow/example_dags/example_sensor_decorator.py took 0.281 seconds
[2026-07-20T06:40:56.732+0000] {processor.py:161} INFO - Started process (PID=80850) to work on /workspaces/recomart-recommendation-pipeline/airflow_venv/lib/python3.12/site-packages/airflow/example_dags/example_sensor_decorator.py
[2026-07-20T06:40:56.732+0000] {processor.py:830} INFO - Processing file /workspaces/recomart-recommendation-pipeline/airflow_venv/lib/python3.12/site-packages/airflow/example_dags/example_sensor_decorator.py for tasks to queue
[2026-07-20T06:40:56.734+0000] {logging_mixin.py:188} INFO - [2026-07-20T06:40:56.733+0000] {dagbag.py:545} INFO - Filling up the DagBag from /workspaces/recomart-recommendation-pipeline/airflow_venv/lib/python3.12/site-packages/airflow/example_dags/example_sensor_decorator.py
[2026-07-20T06:40:56.738+0000] {processor.py:840} INFO - DAG(s) 'example_sensor_decorator' retrieved from /workspaces/recomart-recommendation-pipeline/airflow_venv/lib/python3.12/site-packages/airflow/example_dags/example_sensor_decorator.py
[2026-07-20T06:40:56.750+0000] {logging_mixin.py:188} INFO - [2026-07-20T06:40:56.750+0000] {dag.py:3089} INFO - Sync 1 DAGs
[2026-07-20T06:40:56.759+0000] {logging_mixin.py:188} INFO - [2026-07-20T06:40:56.759+0000] {dag.py:3947} INFO - Setting next_dagrun for example_sensor_decorator to None, run_after=None
[2026-07-20T06:40:56.777+0000] {processor.py:183} INFO - Processing /workspaces/recomart-recommendation-pipeline/airflow_venv/lib/python3.12/site-packages/airflow/example_dags/example_sensor_decorator.py took 0.051 seconds
[2026-07-20T06:41:42.401+0000] {processor.py:161} INFO - Started process (PID=81250) to work on /workspaces/recomart-recommendation-pipeline/airflow_venv/lib/python3.12/site-packages/airflow/example_dags/example_sensor_decorator.py
[2026-07-20T06:41:42.402+0000] {processor.py:830} INFO - Processing file /workspaces/recomart-recommendation-pipeline/airflow_venv/lib/python3.12/site-packages/airflow/example_dags/example_sensor_decorator.py for tasks to queue
[2026-07-20T06:41:42.403+0000] {logging_mixin.py:188} INFO - [2026-07-20T06:41:42.403+0000] {dagbag.py:545} INFO - Filling up the DagBag from /workspaces/recomart-recommendation-pipeline/airflow_venv/lib/python3.12/site-packages/airflow/example_dags/example_sensor_decorator.py
[2026-07-20T06:41:42.408+0000] {processor.py:840} INFO - DAG(s) 'example_sensor_decorator' retrieved from /workspaces/recomart-recommendation-pipeline/airflow_venv/lib/python3.12/site-packages/airflow/example_dags/example_sensor_decorator.py
[2026-07-20T06:41:42.420+0000] {logging_mixin.py:188} INFO - [2026-07-20T06:41:42.420+0000] {dag.py:3089} INFO - Sync 1 DAGs
[2026-07-20T06:41:42.429+0000] {logging_mixin.py:188} INFO - [2026-07-20T06:41:42.429+0000] {dag.py:3947} INFO - Setting next_dagrun for example_sensor_decorator to None, run_after=None
[2026-07-20T06:41:42.445+0000] {processor.py:183} INFO - Processing /workspaces/recomart-recommendation-pipeline/airflow_venv/lib/python3.12/site-packages/airflow/example_dags/example_sensor_decorator.py took 0.049 seconds
[2026-07-20T06:42:30.623+0000] {processor.py:161} INFO - Started process (PID=81591) to work on /workspaces/recomart-recommendation-pipeline/airflow_venv/lib/python3.12/site-packages/airflow/example_dags/example_sensor_decorator.py
[2026-07-20T06:42:30.623+0000] {processor.py:830} INFO - Processing file /workspaces/recomart-recommendation-pipeline/airflow_venv/lib/python3.12/site-packages/airflow/example_dags/example_sensor_decorator.py for tasks to queue
[2026-07-20T06:42:30.625+0000] {logging_mixin.py:188} INFO - [2026-07-20T06:42:30.625+0000] {dagbag.py:545} INFO - Filling up the DagBag from /workspaces/recomart-recommendation-pipeline/airflow_venv/lib/python3.12/site-packages/airflow/example_dags/example_sensor_decorator.py
[2026-07-20T06:42:30.629+0000] {processor.py:840} INFO - DAG(s) 'example_sensor_decorator' retrieved from /workspaces/recomart-recommendation-pipeline/airflow_venv/lib/python3.12/site-packages/airflow/example_dags/example_sensor_decorator.py
[2026-07-20T06:42:30.641+0000] {logging_mixin.py:188} INFO - [2026-07-20T06:42:30.641+0000] {dag.py:3089} INFO - Sync 1 DAGs
[2026-07-20T06:42:30.650+0000] {logging_mixin.py:188} INFO - [2026-07-20T06:42:30.649+0000] {dag.py:3947} INFO - Setting next_dagrun for example_sensor_decorator to None, run_after=None
[2026-07-20T06:42:30.666+0000] {processor.py:183} INFO - Processing /workspaces/recomart-recommendation-pipeline/airflow_venv/lib/python3.12/site-packages/airflow/example_dags/example_sensor_decorator.py took 0.048 seconds
[2026-07-20T06:43:16.940+0000] {processor.py:161} INFO - Started process (PID=81991) to work on /workspaces/recomart-recommendation-pipeline/airflow_venv/lib/python3.12/site-packages/airflow/example_dags/example_sensor_decorator.py
[2026-07-20T06:43:16.940+0000] {processor.py:830} INFO - Processing file /workspaces/recomart-recommendation-pipeline/airflow_venv/lib/python3.12/site-packages/airflow/example_dags/example_sensor_decorator.py for tasks to queue
[2026-07-20T06:43:16.942+0000] {logging_mixin.py:188} INFO - [2026-07-20T06:43:16.942+0000] {dagbag.py:545} INFO - Filling up the DagBag from /workspaces/recomart-recommendation-pipeline/airflow_venv/lib/python3.12/site-packages/airflow/example_dags/example_sensor_decorator.py
[2026-07-20T06:43:16.947+0000] {processor.py:840} INFO - DAG(s) 'example_sensor_decorator' retrieved from /workspaces/recomart-recommendation-pipeline/airflow_venv/lib/python3.12/site-packages/airflow/example_dags/example_sensor_decorator.py
[2026-07-20T06:43:16.958+0000] {logging_mixin.py:188} INFO - [2026-07-20T06:43:16.958+0000] {dag.py:3089} INFO - Sync 1 DAGs
[2026-07-20T06:43:16.966+0000] {logging_mixin.py:188} INFO - [2026-07-20T06:43:16.966+0000] {dag.py:3947} INFO - Setting next_dagrun for example_sensor_decorator to None, run_after=None
[2026-07-20T06:43:16.985+0000] {processor.py:183} INFO - Processing /workspaces/recomart-recommendation-pipeline/airflow_venv/lib/python3.12/site-packages/airflow/example_dags/example_sensor_decorator.py took 0.050 seconds
[2026-07-20T06:44:06.645+0000] {processor.py:161} INFO - Started process (PID=82414) to work on /workspaces/recomart-recommendation-pipeline/airflow_venv/lib/python3.12/site-packages/airflow/example_dags/example_sensor_decorator.py
[2026-07-20T06:44:06.646+0000] {processor.py:830} INFO - Processing file /workspaces/recomart-recommendation-pipeline/airflow_venv/lib/python3.12/site-packages/airflow/example_dags/example_sensor_decorator.py for tasks to queue
[2026-07-20T06:44:06.647+0000] {logging_mixin.py:188} INFO - [2026-07-20T06:44:06.647+0000] {dagbag.py:545} INFO - Filling up the DagBag from /workspaces/recomart-recommendation-pipeline/airflow_venv/lib/python3.12/site-packages/airflow/example_dags/example_sensor_decorator.py
[2026-07-20T06:44:06.652+0000] {processor.py:840} INFO - DAG(s) 'example_sensor_decorator' retrieved from /workspaces/recomart-recommendation-pipeline/airflow_venv/lib/python3.12/site-packages/airflow/example_dags/example_sensor_decorator.py
[2026-07-20T06:44:06.665+0000] {logging_mixin.py:188} INFO - [2026-07-20T06:44:06.664+0000] {dag.py:3089} INFO - Sync 1 DAGs
[2026-07-20T06:44:06.676+0000] {logging_mixin.py:188} INFO - [2026-07-20T06:44:06.676+0000] {dag.py:3947} INFO - Setting next_dagrun for example_sensor_decorator to None, run_after=None
[2026-07-20T06:44:06.696+0000] {processor.py:183} INFO - Processing /workspaces/recomart-recommendation-pipeline/airflow_venv/lib/python3.12/site-packages/airflow/example_dags/example_sensor_decorator.py took 0.056 seconds
[2026-07-20T06:44:51.293+0000] {processor.py:161} INFO - Started process (PID=82797) to work on /workspaces/recomart-recommendation-pipeline/airflow_venv/lib/python3.12/site-packages/airflow/example_dags/example_sensor_decorator.py
[2026-07-20T06:44:51.294+0000] {processor.py:830} INFO - Processing file /workspaces/recomart-recommendation-pipeline/airflow_venv/lib/python3.12/site-packages/airflow/example_dags/example_sensor_decorator.py for tasks to queue
[2026-07-20T06:44:51.295+0000] {logging_mixin.py:188} INFO - [2026-07-20T06:44:51.295+0000] {dagbag.py:545} INFO - Filling up the DagBag from /workspaces/recomart-recommendation-pipeline/airflow_venv/lib/python3.12/site-packages/airflow/example_dags/example_sensor_decorator.py
[2026-07-20T06:44:51.300+0000] {processor.py:840} INFO - DAG(s) 'example_sensor_decorator' retrieved from /workspaces/recomart-recommendation-pipeline/airflow_venv/lib/python3.12/site-packages/airflow/example_dags/example_sensor_decorator.py
[2026-07-20T06:44:51.312+0000] {logging_mixin.py:188} INFO - [2026-07-20T06:44:51.312+0000] {dag.py:3089} INFO - Sync 1 DAGs
[2026-07-20T06:44:51.321+0000] {logging_mixin.py:188} INFO - [2026-07-20T06:44:51.320+0000] {dag.py:3947} INFO - Setting next_dagrun for example_sensor_decorator to None, run_after=None
[2026-07-20T06:44:51.338+0000] {processor.py:183} INFO - Processing /workspaces/recomart-recommendation-pipeline/airflow_venv/lib/python3.12/site-packages/airflow/example_dags/example_sensor_decorator.py took 0.050 seconds
[2026-07-20T06:45:54.022+0000] {processor.py:161} INFO - Started process (PID=83369) to work on /workspaces/recomart-recommendation-pipeline/airflow_venv/lib/python3.12/site-packages/airflow/example_dags/example_sensor_decorator.py
[2026-07-20T06:45:54.023+0000] {processor.py:830} INFO - Processing file /workspaces/recomart-recommendation-pipeline/airflow_venv/lib/python3.12/site-packages/airflow/example_dags/example_sensor_decorator.py for tasks to queue
[2026-07-20T06:45:54.024+0000] {logging_mixin.py:188} INFO - [2026-07-20T06:45:54.024+0000] {dagbag.py:545} INFO - Filling up the DagBag from /workspaces/recomart-recommendation-pipeline/airflow_venv/lib/python3.12/site-packages/airflow/example_dags/example_sensor_decorator.py
[2026-07-20T06:45:54.030+0000] {processor.py:840} INFO - DAG(s) 'example_sensor_decorator' retrieved from /workspaces/recomart-recommendation-pipeline/airflow_venv/lib/python3.12/site-packages/airflow/example_dags/example_sensor_decorator.py
[2026-07-20T06:45:54.041+0000] {logging_mixin.py:188} INFO - [2026-07-20T06:45:54.041+0000] {dag.py:3089} INFO - Sync 1 DAGs
[2026-07-20T06:45:54.050+0000] {logging_mixin.py:188} INFO - [2026-07-20T06:45:54.050+0000] {dag.py:3947} INFO - Setting next_dagrun for example_sensor_decorator to None, run_after=None
[2026-07-20T06:45:54.067+0000] {processor.py:183} INFO - Processing /workspaces/recomart-recommendation-pipeline/airflow_venv/lib/python3.12/site-packages/airflow/example_dags/example_sensor_decorator.py took 0.050 seconds
[2026-07-20T06:46:39.014+0000] {processor.py:161} INFO - Started process (PID=83713) to work on /workspaces/recomart-recommendation-pipeline/airflow_venv/lib/python3.12/site-packages/airflow/example_dags/example_sensor_decorator.py
[2026-07-20T06:46:39.014+0000] {processor.py:830} INFO - Processing file /workspaces/recomart-recommendation-pipeline/airflow_venv/lib/python3.12/site-packages/airflow/example_dags/example_sensor_decorator.py for tasks to queue
[2026-07-20T06:46:39.016+0000] {logging_mixin.py:188} INFO - [2026-07-20T06:46:39.015+0000] {dagbag.py:545} INFO - Filling up the DagBag from /workspaces/recomart-recommendation-pipeline/airflow_venv/lib/python3.12/site-packages/airflow/example_dags/example_sensor_decorator.py
[2026-07-20T06:46:39.021+0000] {processor.py:840} INFO - DAG(s) 'example_sensor_decorator' retrieved from /workspaces/recomart-recommendation-pipeline/airflow_venv/lib/python3.12/site-packages/airflow/example_dags/example_sensor_decorator.py
[2026-07-20T06:46:39.033+0000] {logging_mixin.py:188} INFO - [2026-07-20T06:46:39.032+0000] {dag.py:3089} INFO - Sync 1 DAGs
[2026-07-20T06:46:39.042+0000] {logging_mixin.py:188} INFO - [2026-07-20T06:46:39.042+0000] {dag.py:3947} INFO - Setting next_dagrun for example_sensor_decorator to None, run_after=None
[2026-07-20T06:46:39.058+0000] {processor.py:183} INFO - Processing /workspaces/recomart-recommendation-pipeline/airflow_venv/lib/python3.12/site-packages/airflow/example_dags/example_sensor_decorator.py took 0.049 seconds
[2026-07-20T06:47:21.308+0000] {processor.py:161} INFO - Started process (PID=84073) to work on /workspaces/recomart-recommendation-pipeline/airflow_venv/lib/python3.12/site-packages/airflow/example_dags/example_sensor_decorator.py
[2026-07-20T06:47:21.309+0000] {processor.py:830} INFO - Processing file /workspaces/recomart-recommendation-pipeline/airflow_venv/lib/python3.12/site-packages/airflow/example_dags/example_sensor_decorator.py for tasks to queue
[2026-07-20T06:47:21.311+0000] {logging_mixin.py:188} INFO - [2026-07-20T06:47:21.310+0000] {dagbag.py:545} INFO - Filling up the DagBag from /workspaces/recomart-recommendation-pipeline/airflow_venv/lib/python3.12/site-packages/airflow/example_dags/example_sensor_decorator.py
[2026-07-20T06:47:21.316+0000] {processor.py:840} INFO - DAG(s) 'example_sensor_decorator' retrieved from /workspaces/recomart-recommendation-pipeline/airflow_venv/lib/python3.12/site-packages/airflow/example_dags/example_sensor_decorator.py
[2026-07-20T06:47:21.328+0000] {logging_mixin.py:188} INFO - [2026-07-20T06:47:21.327+0000] {dag.py:3089} INFO - Sync 1 DAGs
[2026-07-20T06:47:21.337+0000] {logging_mixin.py:188} INFO - [2026-07-20T06:47:21.337+0000] {dag.py:3947} INFO - Setting next_dagrun for example_sensor_decorator to None, run_after=None
[2026-07-20T06:47:21.354+0000] {processor.py:183} INFO - Processing /workspaces/recomart-recommendation-pipeline/airflow_venv/lib/python3.12/site-packages/airflow/example_dags/example_sensor_decorator.py took 0.050 seconds
[2026-07-20T06:48:06.729+0000] {processor.py:161} INFO - Started process (PID=84457) to work on /workspaces/recomart-recommendation-pipeline/airflow_venv/lib/python3.12/site-packages/airflow/example_dags/example_sensor_decorator.py
[2026-07-20T06:48:06.730+0000] {processor.py:830} INFO - Processing file /workspaces/recomart-recommendation-pipeline/airflow_venv/lib/python3.12/site-packages/airflow/example_dags/example_sensor_decorator.py for tasks to queue
[2026-07-20T06:48:06.732+0000] {logging_mixin.py:188} INFO - [2026-07-20T06:48:06.731+0000] {dagbag.py:545} INFO - Filling up the DagBag from /workspaces/recomart-recommendation-pipeline/airflow_venv/lib/python3.12/site-packages/airflow/example_dags/example_sensor_decorator.py
[2026-07-20T06:48:06.737+0000] {processor.py:840} INFO - DAG(s) 'example_sensor_decorator' retrieved from /workspaces/recomart-recommendation-pipeline/airflow_venv/lib/python3.12/site-packages/airflow/example_dags/example_sensor_decorator.py
[2026-07-20T06:48:06.765+0000] {logging_mixin.py:188} INFO - [2026-07-20T06:48:06.764+0000] {dag.py:3089} INFO - Sync 1 DAGs
[2026-07-20T06:48:06.777+0000] {logging_mixin.py:188} INFO - [2026-07-20T06:48:06.777+0000] {dag.py:3947} INFO - Setting next_dagrun for example_sensor_decorator to None, run_after=None
[2026-07-20T06:48:06.796+0000] {processor.py:183} INFO - Processing /workspaces/recomart-recommendation-pipeline/airflow_venv/lib/python3.12/site-packages/airflow/example_dags/example_sensor_decorator.py took 0.074 seconds
[2026-07-20T06:49:09.339+0000] {processor.py:161} INFO - Started process (PID=85099) to work on /workspaces/recomart-recommendation-pipeline/airflow_venv/lib/python3.12/site-packages/airflow/example_dags/example_sensor_decorator.py
[2026-07-20T06:49:09.340+0000] {processor.py:830} INFO - Processing file /workspaces/recomart-recommendation-pipeline/airflow_venv/lib/python3.12/site-packages/airflow/example_dags/example_sensor_decorator.py for tasks to queue
[2026-07-20T06:49:09.341+0000] {logging_mixin.py:188} INFO - [2026-07-20T06:49:09.341+0000] {dagbag.py:545} INFO - Filling up the DagBag from /workspaces/recomart-recommendation-pipeline/airflow_venv/lib/python3.12/site-packages/airflow/example_dags/example_sensor_decorator.py
[2026-07-20T06:49:09.346+0000] {processor.py:840} INFO - DAG(s) 'example_sensor_decorator' retrieved from /workspaces/recomart-recommendation-pipeline/airflow_venv/lib/python3.12/site-packages/airflow/example_dags/example_sensor_decorator.py
[2026-07-20T06:49:09.359+0000] {logging_mixin.py:188} INFO - [2026-07-20T06:49:09.359+0000] {dag.py:3089} INFO - Sync 1 DAGs
[2026-07-20T06:49:09.368+0000] {logging_mixin.py:188} INFO - [2026-07-20T06:49:09.368+0000] {dag.py:3947} INFO - Setting next_dagrun for example_sensor_decorator to None, run_after=None
[2026-07-20T06:49:09.388+0000] {processor.py:183} INFO - Processing /workspaces/recomart-recommendation-pipeline/airflow_venv/lib/python3.12/site-packages/airflow/example_dags/example_sensor_decorator.py took 0.054 seconds
[2026-07-20T06:50:11.230+0000] {processor.py:161} INFO - Started process (PID=85728) to work on /workspaces/recomart-recommendation-pipeline/airflow_venv/lib/python3.12/site-packages/airflow/example_dags/example_sensor_decorator.py
[2026-07-20T06:50:11.231+0000] {processor.py:830} INFO - Processing file /workspaces/recomart-recommendation-pipeline/airflow_venv/lib/python3.12/site-packages/airflow/example_dags/example_sensor_decorator.py for tasks to queue
[2026-07-20T06:50:11.233+0000] {logging_mixin.py:188} INFO - [2026-07-20T06:50:11.233+0000] {dagbag.py:545} INFO - Filling up the DagBag from /workspaces/recomart-recommendation-pipeline/airflow_venv/lib/python3.12/site-packages/airflow/example_dags/example_sensor_decorator.py
[2026-07-20T06:50:11.240+0000] {processor.py:840} INFO - DAG(s) 'example_sensor_decorator' retrieved from /workspaces/recomart-recommendation-pipeline/airflow_venv/lib/python3.12/site-packages/airflow/example_dags/example_sensor_decorator.py
[2026-07-20T06:50:11.257+0000] {logging_mixin.py:188} INFO - [2026-07-20T06:50:11.257+0000] {dag.py:3089} INFO - Sync 1 DAGs
[2026-07-20T06:50:11.274+0000] {logging_mixin.py:188} INFO - [2026-07-20T06:50:11.272+0000] {dag.py:3947} INFO - Setting next_dagrun for example_sensor_decorator to None, run_after=None
[2026-07-20T06:50:11.316+0000] {processor.py:183} INFO - Processing /workspaces/recomart-recommendation-pipeline/airflow_venv/lib/python3.12/site-packages/airflow/example_dags/example_sensor_decorator.py took 0.093 seconds
[2026-07-20T06:50:56.658+0000] {processor.py:161} INFO - Started process (PID=86248) to work on /workspaces/recomart-recommendation-pipeline/airflow_venv/lib/python3.12/site-packages/airflow/example_dags/example_sensor_decorator.py
[2026-07-20T06:50:56.659+0000] {processor.py:830} INFO - Processing file /workspaces/recomart-recommendation-pipeline/airflow_venv/lib/python3.12/site-packages/airflow/example_dags/example_sensor_decorator.py for tasks to queue
[2026-07-20T06:50:56.662+0000] {logging_mixin.py:188} INFO - [2026-07-20T06:50:56.662+0000] {dagbag.py:545} INFO - Filling up the DagBag from /workspaces/recomart-recommendation-pipeline/airflow_venv/lib/python3.12/site-packages/airflow/example_dags/example_sensor_decorator.py
[2026-07-20T06:50:56.672+0000] {processor.py:840} INFO - DAG(s) 'example_sensor_decorator' retrieved from /workspaces/recomart-recommendation-pipeline/airflow_venv/lib/python3.12/site-packages/airflow/example_dags/example_sensor_decorator.py
[2026-07-20T06:50:56.696+0000] {logging_mixin.py:188} INFO - [2026-07-20T06:50:56.696+0000] {dag.py:3089} INFO - Sync 1 DAGs
[2026-07-20T06:50:56.712+0000] {logging_mixin.py:188} INFO - [2026-07-20T06:50:56.712+0000] {dag.py:3947} INFO - Setting next_dagrun for example_sensor_decorator to None, run_after=None
[2026-07-20T06:50:56.733+0000] {processor.py:183} INFO - Processing /workspaces/recomart-recommendation-pipeline/airflow_venv/lib/python3.12/site-packages/airflow/example_dags/example_sensor_decorator.py took 0.084 seconds
[2026-07-20T06:51:43.323+0000] {processor.py:161} INFO - Started process (PID=86641) to work on /workspaces/recomart-recommendation-pipeline/airflow_venv/lib/python3.12/site-packages/airflow/example_dags/example_sensor_decorator.py
[2026-07-20T06:51:43.324+0000] {processor.py:830} INFO - Processing file /workspaces/recomart-recommendation-pipeline/airflow_venv/lib/python3.12/site-packages/airflow/example_dags/example_sensor_decorator.py for tasks to queue
[2026-07-20T06:51:43.325+0000] {logging_mixin.py:188} INFO - [2026-07-20T06:51:43.325+0000] {dagbag.py:545} INFO - Filling up the DagBag from /workspaces/recomart-recommendation-pipeline/airflow_venv/lib/python3.12/site-packages/airflow/example_dags/example_sensor_decorator.py
[2026-07-20T06:51:43.330+0000] {processor.py:840} INFO - DAG(s) 'example_sensor_decorator' retrieved from /workspaces/recomart-recommendation-pipeline/airflow_venv/lib/python3.12/site-packages/airflow/example_dags/example_sensor_decorator.py
[2026-07-20T06:51:43.341+0000] {logging_mixin.py:188} INFO - [2026-07-20T06:51:43.341+0000] {dag.py:3089} INFO - Sync 1 DAGs
[2026-07-20T06:51:43.350+0000] {logging_mixin.py:188} INFO - [2026-07-20T06:51:43.350+0000] {dag.py:3947} INFO - Setting next_dagrun for example_sensor_decorator to None, run_after=None
[2026-07-20T06:51:43.367+0000] {processor.py:183} INFO - Processing /workspaces/recomart-recommendation-pipeline/airflow_venv/lib/python3.12/site-packages/airflow/example_dags/example_sensor_decorator.py took 0.048 seconds
[2026-07-20T06:58:08.561+0000] {processor.py:161} INFO - Started process (PID=89731) to work on /workspaces/recomart-recommendation-pipeline/airflow_venv/lib/python3.12/site-packages/airflow/example_dags/example_sensor_decorator.py
[2026-07-20T06:58:08.565+0000] {processor.py:830} INFO - Processing file /workspaces/recomart-recommendation-pipeline/airflow_venv/lib/python3.12/site-packages/airflow/example_dags/example_sensor_decorator.py for tasks to queue
[2026-07-20T06:58:08.567+0000] {logging_mixin.py:188} INFO - [2026-07-20T06:58:08.566+0000] {dagbag.py:545} INFO - Filling up the DagBag from /workspaces/recomart-recommendation-pipeline/airflow_venv/lib/python3.12/site-packages/airflow/example_dags/example_sensor_decorator.py
[2026-07-20T06:58:08.572+0000] {processor.py:840} INFO - DAG(s) 'example_sensor_decorator' retrieved from /workspaces/recomart-recommendation-pipeline/airflow_venv/lib/python3.12/site-packages/airflow/example_dags/example_sensor_decorator.py
[2026-07-20T06:58:08.666+0000] {logging_mixin.py:188} INFO - [2026-07-20T06:58:08.666+0000] {dag.py:3089} INFO - Sync 1 DAGs
[2026-07-20T06:58:08.677+0000] {logging_mixin.py:188} INFO - [2026-07-20T06:58:08.676+0000] {dag.py:3947} INFO - Setting next_dagrun for example_sensor_decorator to None, run_after=None
[2026-07-20T06:58:08.696+0000] {processor.py:183} INFO - Processing /workspaces/recomart-recommendation-pipeline/airflow_venv/lib/python3.12/site-packages/airflow/example_dags/example_sensor_decorator.py took 0.139 seconds
[2026-07-20T06:59:06.896+0000] {processor.py:161} INFO - Started process (PID=90390) to work on /workspaces/recomart-recommendation-pipeline/airflow_venv/lib/python3.12/site-packages/airflow/example_dags/example_sensor_decorator.py
[2026-07-20T06:59:06.896+0000] {processor.py:830} INFO - Processing file /workspaces/recomart-recommendation-pipeline/airflow_venv/lib/python3.12/site-packages/airflow/example_dags/example_sensor_decorator.py for tasks to queue
[2026-07-20T06:59:06.898+0000] {logging_mixin.py:188} INFO - [2026-07-20T06:59:06.897+0000] {dagbag.py:545} INFO - Filling up the DagBag from /workspaces/recomart-recommendation-pipeline/airflow_venv/lib/python3.12/site-packages/airflow/example_dags/example_sensor_decorator.py
[2026-07-20T06:59:06.902+0000] {processor.py:840} INFO - DAG(s) 'example_sensor_decorator' retrieved from /workspaces/recomart-recommendation-pipeline/airflow_venv/lib/python3.12/site-packages/airflow/example_dags/example_sensor_decorator.py
[2026-07-20T06:59:06.915+0000] {logging_mixin.py:188} INFO - [2026-07-20T06:59:06.915+0000] {dag.py:3089} INFO - Sync 1 DAGs
[2026-07-20T06:59:06.924+0000] {logging_mixin.py:188} INFO - [2026-07-20T06:59:06.923+0000] {dag.py:3947} INFO - Setting next_dagrun for example_sensor_decorator to None, run_after=None
[2026-07-20T06:59:06.940+0000] {processor.py:183} INFO - Processing /workspaces/recomart-recommendation-pipeline/airflow_venv/lib/python3.12/site-packages/airflow/example_dags/example_sensor_decorator.py took 0.049 seconds
[2026-07-20T07:00:36.164+0000] {processor.py:161} INFO - Started process (PID=91805) to work on /workspaces/recomart-recommendation-pipeline/airflow_venv/lib/python3.12/site-packages/airflow/example_dags/example_sensor_decorator.py
[2026-07-20T07:00:36.165+0000] {processor.py:830} INFO - Processing file /workspaces/recomart-recommendation-pipeline/airflow_venv/lib/python3.12/site-packages/airflow/example_dags/example_sensor_decorator.py for tasks to queue
[2026-07-20T07:00:36.167+0000] {logging_mixin.py:188} INFO - [2026-07-20T07:00:36.166+0000] {dagbag.py:545} INFO - Filling up the DagBag from /workspaces/recomart-recommendation-pipeline/airflow_venv/lib/python3.12/site-packages/airflow/example_dags/example_sensor_decorator.py
[2026-07-20T07:00:36.172+0000] {processor.py:840} INFO - DAG(s) 'example_sensor_decorator' retrieved from /workspaces/recomart-recommendation-pipeline/airflow_venv/lib/python3.12/site-packages/airflow/example_dags/example_sensor_decorator.py
[2026-07-20T07:00:36.186+0000] {logging_mixin.py:188} INFO - [2026-07-20T07:00:36.186+0000] {dag.py:3089} INFO - Sync 1 DAGs
[2026-07-20T07:00:36.200+0000] {logging_mixin.py:188} INFO - [2026-07-20T07:00:36.200+0000] {dag.py:3947} INFO - Setting next_dagrun for example_sensor_decorator to None, run_after=None
[2026-07-20T07:00:36.220+0000] {processor.py:183} INFO - Processing /workspaces/recomart-recommendation-pipeline/airflow_venv/lib/python3.12/site-packages/airflow/example_dags/example_sensor_decorator.py took 0.059 seconds
[2026-07-20T07:01:29.148+0000] {processor.py:161} INFO - Started process (PID=92251) to work on /workspaces/recomart-recommendation-pipeline/airflow_venv/lib/python3.12/site-packages/airflow/example_dags/example_sensor_decorator.py
[2026-07-20T07:01:29.150+0000] {processor.py:830} INFO - Processing file /workspaces/recomart-recommendation-pipeline/airflow_venv/lib/python3.12/site-packages/airflow/example_dags/example_sensor_decorator.py for tasks to queue
[2026-07-20T07:01:29.156+0000] {logging_mixin.py:188} INFO - [2026-07-20T07:01:29.152+0000] {dagbag.py:545} INFO - Filling up the DagBag from /workspaces/recomart-recommendation-pipeline/airflow_venv/lib/python3.12/site-packages/airflow/example_dags/example_sensor_decorator.py
[2026-07-20T07:01:29.162+0000] {processor.py:840} INFO - DAG(s) 'example_sensor_decorator' retrieved from /workspaces/recomart-recommendation-pipeline/airflow_venv/lib/python3.12/site-packages/airflow/example_dags/example_sensor_decorator.py
[2026-07-20T07:01:29.197+0000] {logging_mixin.py:188} INFO - [2026-07-20T07:01:29.196+0000] {dag.py:3089} INFO - Sync 1 DAGs
[2026-07-20T07:01:29.218+0000] {logging_mixin.py:188} INFO - [2026-07-20T07:01:29.218+0000] {dag.py:3947} INFO - Setting next_dagrun for example_sensor_decorator to None, run_after=None
[2026-07-20T07:01:29.246+0000] {processor.py:183} INFO - Processing /workspaces/recomart-recommendation-pipeline/airflow_venv/lib/python3.12/site-packages/airflow/example_dags/example_sensor_decorator.py took 0.104 seconds
