[2026-07-20T05:59:03.773+0000] {processor.py:161} INFO - Started process (PID=58195) to work on /workspaces/recomart-recommendation-pipeline/airflow_venv/lib/python3.12/site-packages/airflow/example_dags/example_skip_dag.py
[2026-07-20T05:59:03.773+0000] {processor.py:830} INFO - Processing file /workspaces/recomart-recommendation-pipeline/airflow_venv/lib/python3.12/site-packages/airflow/example_dags/example_skip_dag.py for tasks to queue
[2026-07-20T05:59:03.775+0000] {logging_mixin.py:188} INFO - [2026-07-20T05:59:03.775+0000] {dagbag.py:545} INFO - Filling up the DagBag from /workspaces/recomart-recommendation-pipeline/airflow_venv/lib/python3.12/site-packages/airflow/example_dags/example_skip_dag.py
[2026-07-20T05:59:03.782+0000] {processor.py:840} INFO - DAG(s) 'example_skip_dag' retrieved from /workspaces/recomart-recommendation-pipeline/airflow_venv/lib/python3.12/site-packages/airflow/example_dags/example_skip_dag.py
[2026-07-20T05:59:03.881+0000] {logging_mixin.py:188} INFO - [2026-07-20T05:59:03.880+0000] {override.py:1858} INFO - Created Permission View: can read on DAG:example_skip_dag
[2026-07-20T05:59:03.892+0000] {logging_mixin.py:188} INFO - [2026-07-20T05:59:03.892+0000] {override.py:1858} INFO - Created Permission View: can edit on DAG:example_skip_dag
[2026-07-20T05:59:03.900+0000] {logging_mixin.py:188} INFO - [2026-07-20T05:59:03.899+0000] {override.py:1858} INFO - Created Permission View: can delete on DAG:example_skip_dag
[2026-07-20T05:59:03.900+0000] {logging_mixin.py:188} INFO - [2026-07-20T05:59:03.900+0000] {dag.py:3089} INFO - Sync 1 DAGs
[2026-07-20T05:59:03.909+0000] {logging_mixin.py:188} INFO - [2026-07-20T05:59:03.909+0000] {dag.py:3111} INFO - Creating ORM DAG for example_skip_dag
[2026-07-20T05:59:03.919+0000] {logging_mixin.py:188} INFO - [2026-07-20T05:59:03.919+0000] {dag.py:3947} INFO - Setting next_dagrun for example_skip_dag to 2026-07-19 00:00:00+00:00, run_after=2026-07-20 00:00:00+00:00
[2026-07-20T05:59:03.936+0000] {processor.py:183} INFO - Processing /workspaces/recomart-recommendation-pipeline/airflow_venv/lib/python3.12/site-packages/airflow/example_dags/example_skip_dag.py took 0.169 seconds
[2026-07-20T06:00:01.936+0000] {processor.py:161} INFO - Started process (PID=58656) to work on /workspaces/recomart-recommendation-pipeline/airflow_venv/lib/python3.12/site-packages/airflow/example_dags/example_skip_dag.py
[2026-07-20T06:00:01.936+0000] {processor.py:830} INFO - Processing file /workspaces/recomart-recommendation-pipeline/airflow_venv/lib/python3.12/site-packages/airflow/example_dags/example_skip_dag.py for tasks to queue
[2026-07-20T06:00:01.938+0000] {logging_mixin.py:188} INFO - [2026-07-20T06:00:01.937+0000] {dagbag.py:545} INFO - Filling up the DagBag from /workspaces/recomart-recommendation-pipeline/airflow_venv/lib/python3.12/site-packages/airflow/example_dags/example_skip_dag.py
[2026-07-20T06:00:01.943+0000] {processor.py:840} INFO - DAG(s) 'example_skip_dag' retrieved from /workspaces/recomart-recommendation-pipeline/airflow_venv/lib/python3.12/site-packages/airflow/example_dags/example_skip_dag.py
[2026-07-20T06:00:01.955+0000] {logging_mixin.py:188} INFO - [2026-07-20T06:00:01.955+0000] {dag.py:3089} INFO - Sync 1 DAGs
[2026-07-20T06:00:01.970+0000] {logging_mixin.py:188} INFO - [2026-07-20T06:00:01.970+0000] {dag.py:3947} INFO - Setting next_dagrun for example_skip_dag to 2026-07-19 00:00:00+00:00, run_after=2026-07-20 00:00:00+00:00
[2026-07-20T06:00:01.992+0000] {processor.py:183} INFO - Processing /workspaces/recomart-recommendation-pipeline/airflow_venv/lib/python3.12/site-packages/airflow/example_dags/example_skip_dag.py took 0.061 seconds
[2026-07-20T06:00:51.160+0000] {processor.py:161} INFO - Started process (PID=59199) to work on /workspaces/recomart-recommendation-pipeline/airflow_venv/lib/python3.12/site-packages/airflow/example_dags/example_skip_dag.py
[2026-07-20T06:00:51.160+0000] {processor.py:830} INFO - Processing file /workspaces/recomart-recommendation-pipeline/airflow_venv/lib/python3.12/site-packages/airflow/example_dags/example_skip_dag.py for tasks to queue
[2026-07-20T06:00:51.162+0000] {logging_mixin.py:188} INFO - [2026-07-20T06:00:51.161+0000] {dagbag.py:545} INFO - Filling up the DagBag from /workspaces/recomart-recommendation-pipeline/airflow_venv/lib/python3.12/site-packages/airflow/example_dags/example_skip_dag.py
[2026-07-20T06:00:51.167+0000] {processor.py:840} INFO - DAG(s) 'example_skip_dag' retrieved from /workspaces/recomart-recommendation-pipeline/airflow_venv/lib/python3.12/site-packages/airflow/example_dags/example_skip_dag.py
[2026-07-20T06:00:51.183+0000] {logging_mixin.py:188} INFO - [2026-07-20T06:00:51.183+0000] {dag.py:3089} INFO - Sync 1 DAGs
[2026-07-20T06:00:51.200+0000] {logging_mixin.py:188} INFO - [2026-07-20T06:00:51.200+0000] {dag.py:3947} INFO - Setting next_dagrun for example_skip_dag to 2026-07-19 00:00:00+00:00, run_after=2026-07-20 00:00:00+00:00
[2026-07-20T06:00:51.217+0000] {processor.py:183} INFO - Processing /workspaces/recomart-recommendation-pipeline/airflow_venv/lib/python3.12/site-packages/airflow/example_dags/example_skip_dag.py took 0.061 seconds
[2026-07-20T06:01:41.503+0000] {processor.py:161} INFO - Started process (PID=59805) to work on /workspaces/recomart-recommendation-pipeline/airflow_venv/lib/python3.12/site-packages/airflow/example_dags/example_skip_dag.py
[2026-07-20T06:01:41.503+0000] {processor.py:830} INFO - Processing file /workspaces/recomart-recommendation-pipeline/airflow_venv/lib/python3.12/site-packages/airflow/example_dags/example_skip_dag.py for tasks to queue
[2026-07-20T06:01:41.505+0000] {logging_mixin.py:188} INFO - [2026-07-20T06:01:41.505+0000] {dagbag.py:545} INFO - Filling up the DagBag from /workspaces/recomart-recommendation-pipeline/airflow_venv/lib/python3.12/site-packages/airflow/example_dags/example_skip_dag.py
[2026-07-20T06:01:41.510+0000] {processor.py:840} INFO - DAG(s) 'example_skip_dag' retrieved from /workspaces/recomart-recommendation-pipeline/airflow_venv/lib/python3.12/site-packages/airflow/example_dags/example_skip_dag.py
[2026-07-20T06:01:41.522+0000] {logging_mixin.py:188} INFO - [2026-07-20T06:01:41.522+0000] {dag.py:3089} INFO - Sync 1 DAGs
[2026-07-20T06:01:41.537+0000] {logging_mixin.py:188} INFO - [2026-07-20T06:01:41.537+0000] {dag.py:3947} INFO - Setting next_dagrun for example_skip_dag to 2026-07-19 00:00:00+00:00, run_after=2026-07-20 00:00:00+00:00
[2026-07-20T06:01:41.554+0000] {processor.py:183} INFO - Processing /workspaces/recomart-recommendation-pipeline/airflow_venv/lib/python3.12/site-packages/airflow/example_dags/example_skip_dag.py took 0.055 seconds
[2026-07-20T06:02:27.424+0000] {processor.py:161} INFO - Started process (PID=60125) to work on /workspaces/recomart-recommendation-pipeline/airflow_venv/lib/python3.12/site-packages/airflow/example_dags/example_skip_dag.py
[2026-07-20T06:02:27.425+0000] {processor.py:830} INFO - Processing file /workspaces/recomart-recommendation-pipeline/airflow_venv/lib/python3.12/site-packages/airflow/example_dags/example_skip_dag.py for tasks to queue
[2026-07-20T06:02:27.427+0000] {logging_mixin.py:188} INFO - [2026-07-20T06:02:27.426+0000] {dagbag.py:545} INFO - Filling up the DagBag from /workspaces/recomart-recommendation-pipeline/airflow_venv/lib/python3.12/site-packages/airflow/example_dags/example_skip_dag.py
[2026-07-20T06:02:27.432+0000] {processor.py:840} INFO - DAG(s) 'example_skip_dag' retrieved from /workspaces/recomart-recommendation-pipeline/airflow_venv/lib/python3.12/site-packages/airflow/example_dags/example_skip_dag.py
[2026-07-20T06:02:27.444+0000] {logging_mixin.py:188} INFO - [2026-07-20T06:02:27.444+0000] {dag.py:3089} INFO - Sync 1 DAGs
[2026-07-20T06:02:27.458+0000] {logging_mixin.py:188} INFO - [2026-07-20T06:02:27.458+0000] {dag.py:3947} INFO - Setting next_dagrun for example_skip_dag to 2026-07-19 00:00:00+00:00, run_after=2026-07-20 00:00:00+00:00
[2026-07-20T06:02:27.476+0000] {processor.py:183} INFO - Processing /workspaces/recomart-recommendation-pipeline/airflow_venv/lib/python3.12/site-packages/airflow/example_dags/example_skip_dag.py took 0.056 seconds
[2026-07-20T06:03:10.271+0000] {processor.py:161} INFO - Started process (PID=60509) to work on /workspaces/recomart-recommendation-pipeline/airflow_venv/lib/python3.12/site-packages/airflow/example_dags/example_skip_dag.py
[2026-07-20T06:03:10.272+0000] {processor.py:830} INFO - Processing file /workspaces/recomart-recommendation-pipeline/airflow_venv/lib/python3.12/site-packages/airflow/example_dags/example_skip_dag.py for tasks to queue
[2026-07-20T06:03:10.274+0000] {logging_mixin.py:188} INFO - [2026-07-20T06:03:10.274+0000] {dagbag.py:545} INFO - Filling up the DagBag from /workspaces/recomart-recommendation-pipeline/airflow_venv/lib/python3.12/site-packages/airflow/example_dags/example_skip_dag.py
[2026-07-20T06:03:10.280+0000] {processor.py:840} INFO - DAG(s) 'example_skip_dag' retrieved from /workspaces/recomart-recommendation-pipeline/airflow_venv/lib/python3.12/site-packages/airflow/example_dags/example_skip_dag.py
[2026-07-20T06:03:10.296+0000] {logging_mixin.py:188} INFO - [2026-07-20T06:03:10.295+0000] {dag.py:3089} INFO - Sync 1 DAGs
[2026-07-20T06:03:10.314+0000] {logging_mixin.py:188} INFO - [2026-07-20T06:03:10.313+0000] {dag.py:3947} INFO - Setting next_dagrun for example_skip_dag to 2026-07-19 00:00:00+00:00, run_after=2026-07-20 00:00:00+00:00
[2026-07-20T06:03:10.330+0000] {processor.py:183} INFO - Processing /workspaces/recomart-recommendation-pipeline/airflow_venv/lib/python3.12/site-packages/airflow/example_dags/example_skip_dag.py took 0.064 seconds
[2026-07-20T06:03:52.322+0000] {processor.py:161} INFO - Started process (PID=60930) to work on /workspaces/recomart-recommendation-pipeline/airflow_venv/lib/python3.12/site-packages/airflow/example_dags/example_skip_dag.py
[2026-07-20T06:03:52.323+0000] {processor.py:830} INFO - Processing file /workspaces/recomart-recommendation-pipeline/airflow_venv/lib/python3.12/site-packages/airflow/example_dags/example_skip_dag.py for tasks to queue
[2026-07-20T06:03:52.325+0000] {logging_mixin.py:188} INFO - [2026-07-20T06:03:52.324+0000] {dagbag.py:545} INFO - Filling up the DagBag from /workspaces/recomart-recommendation-pipeline/airflow_venv/lib/python3.12/site-packages/airflow/example_dags/example_skip_dag.py
[2026-07-20T06:03:52.335+0000] {processor.py:840} INFO - DAG(s) 'example_skip_dag' retrieved from /workspaces/recomart-recommendation-pipeline/airflow_venv/lib/python3.12/site-packages/airflow/example_dags/example_skip_dag.py
[2026-07-20T06:03:52.358+0000] {logging_mixin.py:188} INFO - [2026-07-20T06:03:52.358+0000] {dag.py:3089} INFO - Sync 1 DAGs
[2026-07-20T06:03:52.382+0000] {logging_mixin.py:188} INFO - [2026-07-20T06:03:52.382+0000] {dag.py:3947} INFO - Setting next_dagrun for example_skip_dag to 2026-07-19 00:00:00+00:00, run_after=2026-07-20 00:00:00+00:00
[2026-07-20T06:03:52.439+0000] {processor.py:183} INFO - Processing /workspaces/recomart-recommendation-pipeline/airflow_venv/lib/python3.12/site-packages/airflow/example_dags/example_skip_dag.py took 0.123 seconds
[2026-07-20T06:04:36.568+0000] {processor.py:161} INFO - Started process (PID=61309) to work on /workspaces/recomart-recommendation-pipeline/airflow_venv/lib/python3.12/site-packages/airflow/example_dags/example_skip_dag.py
[2026-07-20T06:04:36.568+0000] {processor.py:830} INFO - Processing file /workspaces/recomart-recommendation-pipeline/airflow_venv/lib/python3.12/site-packages/airflow/example_dags/example_skip_dag.py for tasks to queue
[2026-07-20T06:04:36.570+0000] {logging_mixin.py:188} INFO - [2026-07-20T06:04:36.569+0000] {dagbag.py:545} INFO - Filling up the DagBag from /workspaces/recomart-recommendation-pipeline/airflow_venv/lib/python3.12/site-packages/airflow/example_dags/example_skip_dag.py
[2026-07-20T06:04:36.576+0000] {processor.py:840} INFO - DAG(s) 'example_skip_dag' retrieved from /workspaces/recomart-recommendation-pipeline/airflow_venv/lib/python3.12/site-packages/airflow/example_dags/example_skip_dag.py
[2026-07-20T06:04:36.589+0000] {logging_mixin.py:188} INFO - [2026-07-20T06:04:36.588+0000] {dag.py:3089} INFO - Sync 1 DAGs
[2026-07-20T06:04:36.605+0000] {logging_mixin.py:188} INFO - [2026-07-20T06:04:36.605+0000] {dag.py:3947} INFO - Setting next_dagrun for example_skip_dag to 2026-07-19 00:00:00+00:00, run_after=2026-07-20 00:00:00+00:00
[2026-07-20T06:04:36.623+0000] {processor.py:183} INFO - Processing /workspaces/recomart-recommendation-pipeline/airflow_venv/lib/python3.12/site-packages/airflow/example_dags/example_skip_dag.py took 0.060 seconds
[2026-07-20T06:05:20.875+0000] {processor.py:161} INFO - Started process (PID=61623) to work on /workspaces/recomart-recommendation-pipeline/airflow_venv/lib/python3.12/site-packages/airflow/example_dags/example_skip_dag.py
[2026-07-20T06:05:20.876+0000] {processor.py:830} INFO - Processing file /workspaces/recomart-recommendation-pipeline/airflow_venv/lib/python3.12/site-packages/airflow/example_dags/example_skip_dag.py for tasks to queue
[2026-07-20T06:05:20.878+0000] {logging_mixin.py:188} INFO - [2026-07-20T06:05:20.877+0000] {dagbag.py:545} INFO - Filling up the DagBag from /workspaces/recomart-recommendation-pipeline/airflow_venv/lib/python3.12/site-packages/airflow/example_dags/example_skip_dag.py
[2026-07-20T06:05:20.885+0000] {processor.py:840} INFO - DAG(s) 'example_skip_dag' retrieved from /workspaces/recomart-recommendation-pipeline/airflow_venv/lib/python3.12/site-packages/airflow/example_dags/example_skip_dag.py
[2026-07-20T06:05:20.899+0000] {logging_mixin.py:188} INFO - [2026-07-20T06:05:20.899+0000] {dag.py:3089} INFO - Sync 1 DAGs
[2026-07-20T06:05:20.914+0000] {logging_mixin.py:188} INFO - [2026-07-20T06:05:20.914+0000] {dag.py:3947} INFO - Setting next_dagrun for example_skip_dag to 2026-07-19 00:00:00+00:00, run_after=2026-07-20 00:00:00+00:00
[2026-07-20T06:05:20.934+0000] {processor.py:183} INFO - Processing /workspaces/recomart-recommendation-pipeline/airflow_venv/lib/python3.12/site-packages/airflow/example_dags/example_skip_dag.py took 0.065 seconds
[2026-07-20T06:06:06.959+0000] {processor.py:161} INFO - Started process (PID=62017) to work on /workspaces/recomart-recommendation-pipeline/airflow_venv/lib/python3.12/site-packages/airflow/example_dags/example_skip_dag.py
[2026-07-20T06:06:06.959+0000] {processor.py:830} INFO - Processing file /workspaces/recomart-recommendation-pipeline/airflow_venv/lib/python3.12/site-packages/airflow/example_dags/example_skip_dag.py for tasks to queue
[2026-07-20T06:06:06.961+0000] {logging_mixin.py:188} INFO - [2026-07-20T06:06:06.961+0000] {dagbag.py:545} INFO - Filling up the DagBag from /workspaces/recomart-recommendation-pipeline/airflow_venv/lib/python3.12/site-packages/airflow/example_dags/example_skip_dag.py
[2026-07-20T06:06:06.968+0000] {processor.py:840} INFO - DAG(s) 'example_skip_dag' retrieved from /workspaces/recomart-recommendation-pipeline/airflow_venv/lib/python3.12/site-packages/airflow/example_dags/example_skip_dag.py
[2026-07-20T06:06:06.984+0000] {logging_mixin.py:188} INFO - [2026-07-20T06:06:06.983+0000] {dag.py:3089} INFO - Sync 1 DAGs
[2026-07-20T06:06:06.999+0000] {logging_mixin.py:188} INFO - [2026-07-20T06:06:06.999+0000] {dag.py:3947} INFO - Setting next_dagrun for example_skip_dag to 2026-07-19 00:00:00+00:00, run_after=2026-07-20 00:00:00+00:00
[2026-07-20T06:06:07.016+0000] {processor.py:183} INFO - Processing /workspaces/recomart-recommendation-pipeline/airflow_venv/lib/python3.12/site-packages/airflow/example_dags/example_skip_dag.py took 0.063 seconds
[2026-07-20T06:06:53.876+0000] {processor.py:161} INFO - Started process (PID=62401) to work on /workspaces/recomart-recommendation-pipeline/airflow_venv/lib/python3.12/site-packages/airflow/example_dags/example_skip_dag.py
[2026-07-20T06:06:53.877+0000] {processor.py:830} INFO - Processing file /workspaces/recomart-recommendation-pipeline/airflow_venv/lib/python3.12/site-packages/airflow/example_dags/example_skip_dag.py for tasks to queue
[2026-07-20T06:06:53.880+0000] {logging_mixin.py:188} INFO - [2026-07-20T06:06:53.880+0000] {dagbag.py:545} INFO - Filling up the DagBag from /workspaces/recomart-recommendation-pipeline/airflow_venv/lib/python3.12/site-packages/airflow/example_dags/example_skip_dag.py
[2026-07-20T06:06:53.888+0000] {processor.py:840} INFO - DAG(s) 'example_skip_dag' retrieved from /workspaces/recomart-recommendation-pipeline/airflow_venv/lib/python3.12/site-packages/airflow/example_dags/example_skip_dag.py
[2026-07-20T06:06:53.902+0000] {logging_mixin.py:188} INFO - [2026-07-20T06:06:53.902+0000] {dag.py:3089} INFO - Sync 1 DAGs
[2026-07-20T06:06:54.029+0000] {logging_mixin.py:188} INFO - [2026-07-20T06:06:54.028+0000] {dag.py:3947} INFO - Setting next_dagrun for example_skip_dag to 2026-07-19 00:00:00+00:00, run_after=2026-07-20 00:00:00+00:00
[2026-07-20T06:06:54.049+0000] {processor.py:183} INFO - Processing /workspaces/recomart-recommendation-pipeline/airflow_venv/lib/python3.12/site-packages/airflow/example_dags/example_skip_dag.py took 0.180 seconds
[2026-07-20T06:07:44.922+0000] {processor.py:161} INFO - Started process (PID=62832) to work on /workspaces/recomart-recommendation-pipeline/airflow_venv/lib/python3.12/site-packages/airflow/example_dags/example_skip_dag.py
[2026-07-20T06:07:44.923+0000] {processor.py:830} INFO - Processing file /workspaces/recomart-recommendation-pipeline/airflow_venv/lib/python3.12/site-packages/airflow/example_dags/example_skip_dag.py for tasks to queue
[2026-07-20T06:07:44.924+0000] {logging_mixin.py:188} INFO - [2026-07-20T06:07:44.924+0000] {dagbag.py:545} INFO - Filling up the DagBag from /workspaces/recomart-recommendation-pipeline/airflow_venv/lib/python3.12/site-packages/airflow/example_dags/example_skip_dag.py
[2026-07-20T06:07:44.929+0000] {processor.py:840} INFO - DAG(s) 'example_skip_dag' retrieved from /workspaces/recomart-recommendation-pipeline/airflow_venv/lib/python3.12/site-packages/airflow/example_dags/example_skip_dag.py
[2026-07-20T06:07:44.944+0000] {logging_mixin.py:188} INFO - [2026-07-20T06:07:44.944+0000] {dag.py:3089} INFO - Sync 1 DAGs
[2026-07-20T06:07:44.969+0000] {logging_mixin.py:188} INFO - [2026-07-20T06:07:44.969+0000] {dag.py:3947} INFO - Setting next_dagrun for example_skip_dag to 2026-07-19 00:00:00+00:00, run_after=2026-07-20 00:00:00+00:00
[2026-07-20T06:07:45.155+0000] {processor.py:183} INFO - Processing /workspaces/recomart-recommendation-pipeline/airflow_venv/lib/python3.12/site-packages/airflow/example_dags/example_skip_dag.py took 0.237 seconds
[2026-07-20T06:09:01.106+0000] {processor.py:161} INFO - Started process (PID=63633) to work on /workspaces/recomart-recommendation-pipeline/airflow_venv/lib/python3.12/site-packages/airflow/example_dags/example_skip_dag.py
[2026-07-20T06:09:01.107+0000] {processor.py:830} INFO - Processing file /workspaces/recomart-recommendation-pipeline/airflow_venv/lib/python3.12/site-packages/airflow/example_dags/example_skip_dag.py for tasks to queue
[2026-07-20T06:09:01.108+0000] {logging_mixin.py:188} INFO - [2026-07-20T06:09:01.108+0000] {dagbag.py:545} INFO - Filling up the DagBag from /workspaces/recomart-recommendation-pipeline/airflow_venv/lib/python3.12/site-packages/airflow/example_dags/example_skip_dag.py
[2026-07-20T06:09:01.113+0000] {processor.py:840} INFO - DAG(s) 'example_skip_dag' retrieved from /workspaces/recomart-recommendation-pipeline/airflow_venv/lib/python3.12/site-packages/airflow/example_dags/example_skip_dag.py
[2026-07-20T06:09:01.119+0000] {logging_mixin.py:188} INFO - [2026-07-20T06:09:01.119+0000] {dag.py:3089} INFO - Sync 1 DAGs
[2026-07-20T06:09:01.135+0000] {logging_mixin.py:188} INFO - [2026-07-20T06:09:01.135+0000] {dag.py:3947} INFO - Setting next_dagrun for example_skip_dag to 2026-07-19 00:00:00+00:00, run_after=2026-07-20 00:00:00+00:00
[2026-07-20T06:09:01.152+0000] {processor.py:183} INFO - Processing /workspaces/recomart-recommendation-pipeline/airflow_venv/lib/python3.12/site-packages/airflow/example_dags/example_skip_dag.py took 0.050 seconds
[2026-07-20T06:09:57.996+0000] {processor.py:161} INFO - Started process (PID=64097) to work on /workspaces/recomart-recommendation-pipeline/airflow_venv/lib/python3.12/site-packages/airflow/example_dags/example_skip_dag.py
[2026-07-20T06:09:57.997+0000] {processor.py:830} INFO - Processing file /workspaces/recomart-recommendation-pipeline/airflow_venv/lib/python3.12/site-packages/airflow/example_dags/example_skip_dag.py for tasks to queue
[2026-07-20T06:09:57.998+0000] {logging_mixin.py:188} INFO - [2026-07-20T06:09:57.998+0000] {dagbag.py:545} INFO - Filling up the DagBag from /workspaces/recomart-recommendation-pipeline/airflow_venv/lib/python3.12/site-packages/airflow/example_dags/example_skip_dag.py
[2026-07-20T06:09:58.003+0000] {processor.py:840} INFO - DAG(s) 'example_skip_dag' retrieved from /workspaces/recomart-recommendation-pipeline/airflow_venv/lib/python3.12/site-packages/airflow/example_dags/example_skip_dag.py
[2026-07-20T06:09:58.089+0000] {logging_mixin.py:188} INFO - [2026-07-20T06:09:58.088+0000] {dag.py:3089} INFO - Sync 1 DAGs
[2026-07-20T06:09:58.102+0000] {logging_mixin.py:188} INFO - [2026-07-20T06:09:58.102+0000] {dag.py:3947} INFO - Setting next_dagrun for example_skip_dag to 2026-07-19 00:00:00+00:00, run_after=2026-07-20 00:00:00+00:00
[2026-07-20T06:09:58.119+0000] {processor.py:183} INFO - Processing /workspaces/recomart-recommendation-pipeline/airflow_venv/lib/python3.12/site-packages/airflow/example_dags/example_skip_dag.py took 0.127 seconds
[2026-07-20T06:10:48.746+0000] {processor.py:161} INFO - Started process (PID=64521) to work on /workspaces/recomart-recommendation-pipeline/airflow_venv/lib/python3.12/site-packages/airflow/example_dags/example_skip_dag.py
[2026-07-20T06:10:48.747+0000] {processor.py:830} INFO - Processing file /workspaces/recomart-recommendation-pipeline/airflow_venv/lib/python3.12/site-packages/airflow/example_dags/example_skip_dag.py for tasks to queue
[2026-07-20T06:10:48.748+0000] {logging_mixin.py:188} INFO - [2026-07-20T06:10:48.748+0000] {dagbag.py:545} INFO - Filling up the DagBag from /workspaces/recomart-recommendation-pipeline/airflow_venv/lib/python3.12/site-packages/airflow/example_dags/example_skip_dag.py
[2026-07-20T06:10:48.754+0000] {processor.py:840} INFO - DAG(s) 'example_skip_dag' retrieved from /workspaces/recomart-recommendation-pipeline/airflow_venv/lib/python3.12/site-packages/airflow/example_dags/example_skip_dag.py
[2026-07-20T06:10:48.766+0000] {logging_mixin.py:188} INFO - [2026-07-20T06:10:48.766+0000] {dag.py:3089} INFO - Sync 1 DAGs
[2026-07-20T06:10:48.792+0000] {logging_mixin.py:188} INFO - [2026-07-20T06:10:48.791+0000] {dag.py:3947} INFO - Setting next_dagrun for example_skip_dag to 2026-07-19 00:00:00+00:00, run_after=2026-07-20 00:00:00+00:00
[2026-07-20T06:10:48.808+0000] {processor.py:183} INFO - Processing /workspaces/recomart-recommendation-pipeline/airflow_venv/lib/python3.12/site-packages/airflow/example_dags/example_skip_dag.py took 0.066 seconds
[2026-07-20T06:11:37.915+0000] {processor.py:161} INFO - Started process (PID=65057) to work on /workspaces/recomart-recommendation-pipeline/airflow_venv/lib/python3.12/site-packages/airflow/example_dags/example_skip_dag.py
[2026-07-20T06:11:37.915+0000] {processor.py:830} INFO - Processing file /workspaces/recomart-recommendation-pipeline/airflow_venv/lib/python3.12/site-packages/airflow/example_dags/example_skip_dag.py for tasks to queue
[2026-07-20T06:11:37.917+0000] {logging_mixin.py:188} INFO - [2026-07-20T06:11:37.916+0000] {dagbag.py:545} INFO - Filling up the DagBag from /workspaces/recomart-recommendation-pipeline/airflow_venv/lib/python3.12/site-packages/airflow/example_dags/example_skip_dag.py
[2026-07-20T06:11:37.922+0000] {processor.py:840} INFO - DAG(s) 'example_skip_dag' retrieved from /workspaces/recomart-recommendation-pipeline/airflow_venv/lib/python3.12/site-packages/airflow/example_dags/example_skip_dag.py
[2026-07-20T06:11:37.934+0000] {logging_mixin.py:188} INFO - [2026-07-20T06:11:37.934+0000] {dag.py:3089} INFO - Sync 1 DAGs
[2026-07-20T06:11:37.949+0000] {logging_mixin.py:188} INFO - [2026-07-20T06:11:37.949+0000] {dag.py:3947} INFO - Setting next_dagrun for example_skip_dag to 2026-07-19 00:00:00+00:00, run_after=2026-07-20 00:00:00+00:00
[2026-07-20T06:11:37.968+0000] {processor.py:183} INFO - Processing /workspaces/recomart-recommendation-pipeline/airflow_venv/lib/python3.12/site-packages/airflow/example_dags/example_skip_dag.py took 0.057 seconds
[2026-07-20T06:12:18.797+0000] {processor.py:161} INFO - Started process (PID=65413) to work on /workspaces/recomart-recommendation-pipeline/airflow_venv/lib/python3.12/site-packages/airflow/example_dags/example_skip_dag.py
[2026-07-20T06:12:18.798+0000] {processor.py:830} INFO - Processing file /workspaces/recomart-recommendation-pipeline/airflow_venv/lib/python3.12/site-packages/airflow/example_dags/example_skip_dag.py for tasks to queue
[2026-07-20T06:12:18.799+0000] {logging_mixin.py:188} INFO - [2026-07-20T06:12:18.799+0000] {dagbag.py:545} INFO - Filling up the DagBag from /workspaces/recomart-recommendation-pipeline/airflow_venv/lib/python3.12/site-packages/airflow/example_dags/example_skip_dag.py
[2026-07-20T06:12:18.804+0000] {processor.py:840} INFO - DAG(s) 'example_skip_dag' retrieved from /workspaces/recomart-recommendation-pipeline/airflow_venv/lib/python3.12/site-packages/airflow/example_dags/example_skip_dag.py
[2026-07-20T06:12:18.817+0000] {logging_mixin.py:188} INFO - [2026-07-20T06:12:18.817+0000] {dag.py:3089} INFO - Sync 1 DAGs
[2026-07-20T06:12:18.835+0000] {logging_mixin.py:188} INFO - [2026-07-20T06:12:18.835+0000] {dag.py:3947} INFO - Setting next_dagrun for example_skip_dag to 2026-07-19 00:00:00+00:00, run_after=2026-07-20 00:00:00+00:00
[2026-07-20T06:12:18.852+0000] {processor.py:183} INFO - Processing /workspaces/recomart-recommendation-pipeline/airflow_venv/lib/python3.12/site-packages/airflow/example_dags/example_skip_dag.py took 0.059 seconds
[2026-07-20T06:13:03.123+0000] {processor.py:161} INFO - Started process (PID=65783) to work on /workspaces/recomart-recommendation-pipeline/airflow_venv/lib/python3.12/site-packages/airflow/example_dags/example_skip_dag.py
[2026-07-20T06:13:03.124+0000] {processor.py:830} INFO - Processing file /workspaces/recomart-recommendation-pipeline/airflow_venv/lib/python3.12/site-packages/airflow/example_dags/example_skip_dag.py for tasks to queue
[2026-07-20T06:13:03.125+0000] {logging_mixin.py:188} INFO - [2026-07-20T06:13:03.125+0000] {dagbag.py:545} INFO - Filling up the DagBag from /workspaces/recomart-recommendation-pipeline/airflow_venv/lib/python3.12/site-packages/airflow/example_dags/example_skip_dag.py
[2026-07-20T06:13:03.130+0000] {processor.py:840} INFO - DAG(s) 'example_skip_dag' retrieved from /workspaces/recomart-recommendation-pipeline/airflow_venv/lib/python3.12/site-packages/airflow/example_dags/example_skip_dag.py
[2026-07-20T06:13:03.142+0000] {logging_mixin.py:188} INFO - [2026-07-20T06:13:03.142+0000] {dag.py:3089} INFO - Sync 1 DAGs
[2026-07-20T06:13:03.157+0000] {logging_mixin.py:188} INFO - [2026-07-20T06:13:03.157+0000] {dag.py:3947} INFO - Setting next_dagrun for example_skip_dag to 2026-07-19 00:00:00+00:00, run_after=2026-07-20 00:00:00+00:00
[2026-07-20T06:13:03.175+0000] {processor.py:183} INFO - Processing /workspaces/recomart-recommendation-pipeline/airflow_venv/lib/python3.12/site-packages/airflow/example_dags/example_skip_dag.py took 0.056 seconds
[2026-07-20T06:13:47.072+0000] {processor.py:161} INFO - Started process (PID=66229) to work on /workspaces/recomart-recommendation-pipeline/airflow_venv/lib/python3.12/site-packages/airflow/example_dags/example_skip_dag.py
[2026-07-20T06:13:47.072+0000] {processor.py:830} INFO - Processing file /workspaces/recomart-recommendation-pipeline/airflow_venv/lib/python3.12/site-packages/airflow/example_dags/example_skip_dag.py for tasks to queue
[2026-07-20T06:13:47.074+0000] {logging_mixin.py:188} INFO - [2026-07-20T06:13:47.074+0000] {dagbag.py:545} INFO - Filling up the DagBag from /workspaces/recomart-recommendation-pipeline/airflow_venv/lib/python3.12/site-packages/airflow/example_dags/example_skip_dag.py
[2026-07-20T06:13:47.081+0000] {processor.py:840} INFO - DAG(s) 'example_skip_dag' retrieved from /workspaces/recomart-recommendation-pipeline/airflow_venv/lib/python3.12/site-packages/airflow/example_dags/example_skip_dag.py
[2026-07-20T06:13:47.094+0000] {logging_mixin.py:188} INFO - [2026-07-20T06:13:47.094+0000] {dag.py:3089} INFO - Sync 1 DAGs
[2026-07-20T06:13:47.112+0000] {logging_mixin.py:188} INFO - [2026-07-20T06:13:47.112+0000] {dag.py:3947} INFO - Setting next_dagrun for example_skip_dag to 2026-07-19 00:00:00+00:00, run_after=2026-07-20 00:00:00+00:00
[2026-07-20T06:13:47.130+0000] {processor.py:183} INFO - Processing /workspaces/recomart-recommendation-pipeline/airflow_venv/lib/python3.12/site-packages/airflow/example_dags/example_skip_dag.py took 0.063 seconds
[2026-07-20T06:14:33.855+0000] {processor.py:161} INFO - Started process (PID=66797) to work on /workspaces/recomart-recommendation-pipeline/airflow_venv/lib/python3.12/site-packages/airflow/example_dags/example_skip_dag.py
[2026-07-20T06:14:33.856+0000] {processor.py:830} INFO - Processing file /workspaces/recomart-recommendation-pipeline/airflow_venv/lib/python3.12/site-packages/airflow/example_dags/example_skip_dag.py for tasks to queue
[2026-07-20T06:14:33.857+0000] {logging_mixin.py:188} INFO - [2026-07-20T06:14:33.857+0000] {dagbag.py:545} INFO - Filling up the DagBag from /workspaces/recomart-recommendation-pipeline/airflow_venv/lib/python3.12/site-packages/airflow/example_dags/example_skip_dag.py
[2026-07-20T06:14:33.862+0000] {processor.py:840} INFO - DAG(s) 'example_skip_dag' retrieved from /workspaces/recomart-recommendation-pipeline/airflow_venv/lib/python3.12/site-packages/airflow/example_dags/example_skip_dag.py
[2026-07-20T06:14:33.876+0000] {logging_mixin.py:188} INFO - [2026-07-20T06:14:33.876+0000] {dag.py:3089} INFO - Sync 1 DAGs
[2026-07-20T06:14:33.894+0000] {logging_mixin.py:188} INFO - [2026-07-20T06:14:33.894+0000] {dag.py:3947} INFO - Setting next_dagrun for example_skip_dag to 2026-07-19 00:00:00+00:00, run_after=2026-07-20 00:00:00+00:00
[2026-07-20T06:14:33.914+0000] {processor.py:183} INFO - Processing /workspaces/recomart-recommendation-pipeline/airflow_venv/lib/python3.12/site-packages/airflow/example_dags/example_skip_dag.py took 0.063 seconds
[2026-07-20T06:15:18.099+0000] {processor.py:161} INFO - Started process (PID=67253) to work on /workspaces/recomart-recommendation-pipeline/airflow_venv/lib/python3.12/site-packages/airflow/example_dags/example_skip_dag.py
[2026-07-20T06:15:18.100+0000] {processor.py:830} INFO - Processing file /workspaces/recomart-recommendation-pipeline/airflow_venv/lib/python3.12/site-packages/airflow/example_dags/example_skip_dag.py for tasks to queue
[2026-07-20T06:15:18.102+0000] {logging_mixin.py:188} INFO - [2026-07-20T06:15:18.102+0000] {dagbag.py:545} INFO - Filling up the DagBag from /workspaces/recomart-recommendation-pipeline/airflow_venv/lib/python3.12/site-packages/airflow/example_dags/example_skip_dag.py
[2026-07-20T06:15:18.110+0000] {processor.py:840} INFO - DAG(s) 'example_skip_dag' retrieved from /workspaces/recomart-recommendation-pipeline/airflow_venv/lib/python3.12/site-packages/airflow/example_dags/example_skip_dag.py
[2026-07-20T06:15:18.130+0000] {logging_mixin.py:188} INFO - [2026-07-20T06:15:18.129+0000] {dag.py:3089} INFO - Sync 1 DAGs
[2026-07-20T06:15:18.152+0000] {logging_mixin.py:188} INFO - [2026-07-20T06:15:18.151+0000] {dag.py:3947} INFO - Setting next_dagrun for example_skip_dag to 2026-07-19 00:00:00+00:00, run_after=2026-07-20 00:00:00+00:00
[2026-07-20T06:15:18.278+0000] {processor.py:183} INFO - Processing /workspaces/recomart-recommendation-pipeline/airflow_venv/lib/python3.12/site-packages/airflow/example_dags/example_skip_dag.py took 0.195 seconds
[2026-07-20T06:31:03.886+0000] {processor.py:161} INFO - Started process (PID=73656) to work on /workspaces/recomart-recommendation-pipeline/airflow_venv/lib/python3.12/site-packages/airflow/example_dags/example_skip_dag.py
[2026-07-20T06:31:03.887+0000] {processor.py:830} INFO - Processing file /workspaces/recomart-recommendation-pipeline/airflow_venv/lib/python3.12/site-packages/airflow/example_dags/example_skip_dag.py for tasks to queue
[2026-07-20T06:31:03.889+0000] {logging_mixin.py:188} INFO - [2026-07-20T06:31:03.888+0000] {dagbag.py:545} INFO - Filling up the DagBag from /workspaces/recomart-recommendation-pipeline/airflow_venv/lib/python3.12/site-packages/airflow/example_dags/example_skip_dag.py
[2026-07-20T06:31:03.894+0000] {processor.py:840} INFO - DAG(s) 'example_skip_dag' retrieved from /workspaces/recomart-recommendation-pipeline/airflow_venv/lib/python3.12/site-packages/airflow/example_dags/example_skip_dag.py
[2026-07-20T06:31:03.981+0000] {logging_mixin.py:188} INFO - [2026-07-20T06:31:03.980+0000] {dag.py:3089} INFO - Sync 1 DAGs
[2026-07-20T06:31:03.996+0000] {logging_mixin.py:188} INFO - [2026-07-20T06:31:03.996+0000] {dag.py:3947} INFO - Setting next_dagrun for example_skip_dag to 2026-07-19 00:00:00+00:00, run_after=2026-07-20 00:00:00+00:00
[2026-07-20T06:31:04.013+0000] {processor.py:183} INFO - Processing /workspaces/recomart-recommendation-pipeline/airflow_venv/lib/python3.12/site-packages/airflow/example_dags/example_skip_dag.py took 0.132 seconds
[2026-07-20T06:31:59.906+0000] {processor.py:161} INFO - Started process (PID=74216) to work on /workspaces/recomart-recommendation-pipeline/airflow_venv/lib/python3.12/site-packages/airflow/example_dags/example_skip_dag.py
[2026-07-20T06:31:59.906+0000] {processor.py:830} INFO - Processing file /workspaces/recomart-recommendation-pipeline/airflow_venv/lib/python3.12/site-packages/airflow/example_dags/example_skip_dag.py for tasks to queue
[2026-07-20T06:31:59.908+0000] {logging_mixin.py:188} INFO - [2026-07-20T06:31:59.907+0000] {dagbag.py:545} INFO - Filling up the DagBag from /workspaces/recomart-recommendation-pipeline/airflow_venv/lib/python3.12/site-packages/airflow/example_dags/example_skip_dag.py
[2026-07-20T06:31:59.913+0000] {processor.py:840} INFO - DAG(s) 'example_skip_dag' retrieved from /workspaces/recomart-recommendation-pipeline/airflow_venv/lib/python3.12/site-packages/airflow/example_dags/example_skip_dag.py
[2026-07-20T06:31:59.925+0000] {logging_mixin.py:188} INFO - [2026-07-20T06:31:59.925+0000] {dag.py:3089} INFO - Sync 1 DAGs
[2026-07-20T06:31:59.940+0000] {logging_mixin.py:188} INFO - [2026-07-20T06:31:59.939+0000] {dag.py:3947} INFO - Setting next_dagrun for example_skip_dag to 2026-07-19 00:00:00+00:00, run_after=2026-07-20 00:00:00+00:00
[2026-07-20T06:31:59.957+0000] {processor.py:183} INFO - Processing /workspaces/recomart-recommendation-pipeline/airflow_venv/lib/python3.12/site-packages/airflow/example_dags/example_skip_dag.py took 0.056 seconds
[2026-07-20T06:32:50.744+0000] {processor.py:161} INFO - Started process (PID=74899) to work on /workspaces/recomart-recommendation-pipeline/airflow_venv/lib/python3.12/site-packages/airflow/example_dags/example_skip_dag.py
[2026-07-20T06:32:50.745+0000] {processor.py:830} INFO - Processing file /workspaces/recomart-recommendation-pipeline/airflow_venv/lib/python3.12/site-packages/airflow/example_dags/example_skip_dag.py for tasks to queue
[2026-07-20T06:32:50.746+0000] {logging_mixin.py:188} INFO - [2026-07-20T06:32:50.746+0000] {dagbag.py:545} INFO - Filling up the DagBag from /workspaces/recomart-recommendation-pipeline/airflow_venv/lib/python3.12/site-packages/airflow/example_dags/example_skip_dag.py
[2026-07-20T06:32:50.751+0000] {processor.py:840} INFO - DAG(s) 'example_skip_dag' retrieved from /workspaces/recomart-recommendation-pipeline/airflow_venv/lib/python3.12/site-packages/airflow/example_dags/example_skip_dag.py
[2026-07-20T06:32:50.767+0000] {logging_mixin.py:188} INFO - [2026-07-20T06:32:50.767+0000] {dag.py:3089} INFO - Sync 1 DAGs
[2026-07-20T06:32:50.789+0000] {logging_mixin.py:188} INFO - [2026-07-20T06:32:50.789+0000] {dag.py:3947} INFO - Setting next_dagrun for example_skip_dag to 2026-07-19 00:00:00+00:00, run_after=2026-07-20 00:00:00+00:00
[2026-07-20T06:32:50.807+0000] {processor.py:183} INFO - Processing /workspaces/recomart-recommendation-pipeline/airflow_venv/lib/python3.12/site-packages/airflow/example_dags/example_skip_dag.py took 0.067 seconds
[2026-07-20T06:34:12.571+0000] {processor.py:161} INFO - Started process (PID=75932) to work on /workspaces/recomart-recommendation-pipeline/airflow_venv/lib/python3.12/site-packages/airflow/example_dags/example_skip_dag.py
[2026-07-20T06:34:12.573+0000] {processor.py:830} INFO - Processing file /workspaces/recomart-recommendation-pipeline/airflow_venv/lib/python3.12/site-packages/airflow/example_dags/example_skip_dag.py for tasks to queue
[2026-07-20T06:34:12.574+0000] {logging_mixin.py:188} INFO - [2026-07-20T06:34:12.574+0000] {dagbag.py:545} INFO - Filling up the DagBag from /workspaces/recomart-recommendation-pipeline/airflow_venv/lib/python3.12/site-packages/airflow/example_dags/example_skip_dag.py
[2026-07-20T06:34:12.581+0000] {processor.py:840} INFO - DAG(s) 'example_skip_dag' retrieved from /workspaces/recomart-recommendation-pipeline/airflow_venv/lib/python3.12/site-packages/airflow/example_dags/example_skip_dag.py
[2026-07-20T06:34:12.598+0000] {logging_mixin.py:188} INFO - [2026-07-20T06:34:12.597+0000] {dag.py:3089} INFO - Sync 1 DAGs
[2026-07-20T06:34:12.620+0000] {logging_mixin.py:188} INFO - [2026-07-20T06:34:12.620+0000] {dag.py:3947} INFO - Setting next_dagrun for example_skip_dag to 2026-07-19 00:00:00+00:00, run_after=2026-07-20 00:00:00+00:00
[2026-07-20T06:34:12.638+0000] {processor.py:183} INFO - Processing /workspaces/recomart-recommendation-pipeline/airflow_venv/lib/python3.12/site-packages/airflow/example_dags/example_skip_dag.py took 0.071 seconds
[2026-07-20T06:35:10.472+0000] {processor.py:161} INFO - Started process (PID=77066) to work on /workspaces/recomart-recommendation-pipeline/airflow_venv/lib/python3.12/site-packages/airflow/example_dags/example_skip_dag.py
[2026-07-20T06:35:10.474+0000] {processor.py:830} INFO - Processing file /workspaces/recomart-recommendation-pipeline/airflow_venv/lib/python3.12/site-packages/airflow/example_dags/example_skip_dag.py for tasks to queue
[2026-07-20T06:35:10.480+0000] {logging_mixin.py:188} INFO - [2026-07-20T06:35:10.479+0000] {dagbag.py:545} INFO - Filling up the DagBag from /workspaces/recomart-recommendation-pipeline/airflow_venv/lib/python3.12/site-packages/airflow/example_dags/example_skip_dag.py
[2026-07-20T06:35:10.491+0000] {processor.py:840} INFO - DAG(s) 'example_skip_dag' retrieved from /workspaces/recomart-recommendation-pipeline/airflow_venv/lib/python3.12/site-packages/airflow/example_dags/example_skip_dag.py
[2026-07-20T06:35:10.509+0000] {logging_mixin.py:188} INFO - [2026-07-20T06:35:10.509+0000] {dag.py:3089} INFO - Sync 1 DAGs
[2026-07-20T06:35:10.540+0000] {logging_mixin.py:188} INFO - [2026-07-20T06:35:10.539+0000] {dag.py:3947} INFO - Setting next_dagrun for example_skip_dag to 2026-07-19 00:00:00+00:00, run_after=2026-07-20 00:00:00+00:00
[2026-07-20T06:35:10.556+0000] {processor.py:183} INFO - Processing /workspaces/recomart-recommendation-pipeline/airflow_venv/lib/python3.12/site-packages/airflow/example_dags/example_skip_dag.py took 0.097 seconds
[2026-07-20T06:35:58.087+0000] {processor.py:161} INFO - Started process (PID=77957) to work on /workspaces/recomart-recommendation-pipeline/airflow_venv/lib/python3.12/site-packages/airflow/example_dags/example_skip_dag.py
[2026-07-20T06:35:58.088+0000] {processor.py:830} INFO - Processing file /workspaces/recomart-recommendation-pipeline/airflow_venv/lib/python3.12/site-packages/airflow/example_dags/example_skip_dag.py for tasks to queue
[2026-07-20T06:35:58.090+0000] {logging_mixin.py:188} INFO - [2026-07-20T06:35:58.089+0000] {dagbag.py:545} INFO - Filling up the DagBag from /workspaces/recomart-recommendation-pipeline/airflow_venv/lib/python3.12/site-packages/airflow/example_dags/example_skip_dag.py
[2026-07-20T06:35:58.095+0000] {processor.py:840} INFO - DAG(s) 'example_skip_dag' retrieved from /workspaces/recomart-recommendation-pipeline/airflow_venv/lib/python3.12/site-packages/airflow/example_dags/example_skip_dag.py
[2026-07-20T06:35:58.107+0000] {logging_mixin.py:188} INFO - [2026-07-20T06:35:58.107+0000] {dag.py:3089} INFO - Sync 1 DAGs
[2026-07-20T06:35:58.124+0000] {logging_mixin.py:188} INFO - [2026-07-20T06:35:58.124+0000] {dag.py:3947} INFO - Setting next_dagrun for example_skip_dag to 2026-07-19 00:00:00+00:00, run_after=2026-07-20 00:00:00+00:00
[2026-07-20T06:35:58.141+0000] {processor.py:183} INFO - Processing /workspaces/recomart-recommendation-pipeline/airflow_venv/lib/python3.12/site-packages/airflow/example_dags/example_skip_dag.py took 0.059 seconds
[2026-07-20T06:36:53.395+0000] {processor.py:161} INFO - Started process (PID=78780) to work on /workspaces/recomart-recommendation-pipeline/airflow_venv/lib/python3.12/site-packages/airflow/example_dags/example_skip_dag.py
[2026-07-20T06:36:53.395+0000] {processor.py:830} INFO - Processing file /workspaces/recomart-recommendation-pipeline/airflow_venv/lib/python3.12/site-packages/airflow/example_dags/example_skip_dag.py for tasks to queue
[2026-07-20T06:36:53.397+0000] {logging_mixin.py:188} INFO - [2026-07-20T06:36:53.396+0000] {dagbag.py:545} INFO - Filling up the DagBag from /workspaces/recomart-recommendation-pipeline/airflow_venv/lib/python3.12/site-packages/airflow/example_dags/example_skip_dag.py
[2026-07-20T06:36:53.402+0000] {processor.py:840} INFO - DAG(s) 'example_skip_dag' retrieved from /workspaces/recomart-recommendation-pipeline/airflow_venv/lib/python3.12/site-packages/airflow/example_dags/example_skip_dag.py
[2026-07-20T06:36:53.414+0000] {logging_mixin.py:188} INFO - [2026-07-20T06:36:53.414+0000] {dag.py:3089} INFO - Sync 1 DAGs
[2026-07-20T06:36:53.430+0000] {logging_mixin.py:188} INFO - [2026-07-20T06:36:53.430+0000] {dag.py:3947} INFO - Setting next_dagrun for example_skip_dag to 2026-07-19 00:00:00+00:00, run_after=2026-07-20 00:00:00+00:00
[2026-07-20T06:36:53.551+0000] {processor.py:183} INFO - Processing /workspaces/recomart-recommendation-pipeline/airflow_venv/lib/python3.12/site-packages/airflow/example_dags/example_skip_dag.py took 0.161 seconds
[2026-07-20T06:37:38.867+0000] {processor.py:161} INFO - Started process (PID=79124) to work on /workspaces/recomart-recommendation-pipeline/airflow_venv/lib/python3.12/site-packages/airflow/example_dags/example_skip_dag.py
[2026-07-20T06:37:38.867+0000] {processor.py:830} INFO - Processing file /workspaces/recomart-recommendation-pipeline/airflow_venv/lib/python3.12/site-packages/airflow/example_dags/example_skip_dag.py for tasks to queue
[2026-07-20T06:37:38.869+0000] {logging_mixin.py:188} INFO - [2026-07-20T06:37:38.868+0000] {dagbag.py:545} INFO - Filling up the DagBag from /workspaces/recomart-recommendation-pipeline/airflow_venv/lib/python3.12/site-packages/airflow/example_dags/example_skip_dag.py
[2026-07-20T06:37:38.875+0000] {processor.py:840} INFO - DAG(s) 'example_skip_dag' retrieved from /workspaces/recomart-recommendation-pipeline/airflow_venv/lib/python3.12/site-packages/airflow/example_dags/example_skip_dag.py
[2026-07-20T06:37:38.892+0000] {logging_mixin.py:188} INFO - [2026-07-20T06:37:38.892+0000] {dag.py:3089} INFO - Sync 1 DAGs
[2026-07-20T06:37:38.906+0000] {logging_mixin.py:188} INFO - [2026-07-20T06:37:38.906+0000] {dag.py:3947} INFO - Setting next_dagrun for example_skip_dag to 2026-07-19 00:00:00+00:00, run_after=2026-07-20 00:00:00+00:00
[2026-07-20T06:37:38.925+0000] {processor.py:183} INFO - Processing /workspaces/recomart-recommendation-pipeline/airflow_venv/lib/python3.12/site-packages/airflow/example_dags/example_skip_dag.py took 0.062 seconds
[2026-07-20T06:38:26.482+0000] {processor.py:161} INFO - Started process (PID=79514) to work on /workspaces/recomart-recommendation-pipeline/airflow_venv/lib/python3.12/site-packages/airflow/example_dags/example_skip_dag.py
[2026-07-20T06:38:26.483+0000] {processor.py:830} INFO - Processing file /workspaces/recomart-recommendation-pipeline/airflow_venv/lib/python3.12/site-packages/airflow/example_dags/example_skip_dag.py for tasks to queue
[2026-07-20T06:38:26.484+0000] {logging_mixin.py:188} INFO - [2026-07-20T06:38:26.484+0000] {dagbag.py:545} INFO - Filling up the DagBag from /workspaces/recomart-recommendation-pipeline/airflow_venv/lib/python3.12/site-packages/airflow/example_dags/example_skip_dag.py
[2026-07-20T06:38:26.490+0000] {processor.py:840} INFO - DAG(s) 'example_skip_dag' retrieved from /workspaces/recomart-recommendation-pipeline/airflow_venv/lib/python3.12/site-packages/airflow/example_dags/example_skip_dag.py
[2026-07-20T06:38:26.502+0000] {logging_mixin.py:188} INFO - [2026-07-20T06:38:26.502+0000] {dag.py:3089} INFO - Sync 1 DAGs
[2026-07-20T06:38:26.615+0000] {logging_mixin.py:188} INFO - [2026-07-20T06:38:26.614+0000] {dag.py:3947} INFO - Setting next_dagrun for example_skip_dag to 2026-07-19 00:00:00+00:00, run_after=2026-07-20 00:00:00+00:00
[2026-07-20T06:38:26.631+0000] {processor.py:183} INFO - Processing /workspaces/recomart-recommendation-pipeline/airflow_venv/lib/python3.12/site-packages/airflow/example_dags/example_skip_dag.py took 0.155 seconds
[2026-07-20T06:39:14.497+0000] {processor.py:161} INFO - Started process (PID=79931) to work on /workspaces/recomart-recommendation-pipeline/airflow_venv/lib/python3.12/site-packages/airflow/example_dags/example_skip_dag.py
[2026-07-20T06:39:14.498+0000] {processor.py:830} INFO - Processing file /workspaces/recomart-recommendation-pipeline/airflow_venv/lib/python3.12/site-packages/airflow/example_dags/example_skip_dag.py for tasks to queue
[2026-07-20T06:39:14.499+0000] {logging_mixin.py:188} INFO - [2026-07-20T06:39:14.499+0000] {dagbag.py:545} INFO - Filling up the DagBag from /workspaces/recomart-recommendation-pipeline/airflow_venv/lib/python3.12/site-packages/airflow/example_dags/example_skip_dag.py
[2026-07-20T06:39:14.504+0000] {processor.py:840} INFO - DAG(s) 'example_skip_dag' retrieved from /workspaces/recomart-recommendation-pipeline/airflow_venv/lib/python3.12/site-packages/airflow/example_dags/example_skip_dag.py
[2026-07-20T06:39:14.516+0000] {logging_mixin.py:188} INFO - [2026-07-20T06:39:14.516+0000] {dag.py:3089} INFO - Sync 1 DAGs
[2026-07-20T06:39:14.531+0000] {logging_mixin.py:188} INFO - [2026-07-20T06:39:14.531+0000] {dag.py:3947} INFO - Setting next_dagrun for example_skip_dag to 2026-07-19 00:00:00+00:00, run_after=2026-07-20 00:00:00+00:00
[2026-07-20T06:39:14.548+0000] {processor.py:183} INFO - Processing /workspaces/recomart-recommendation-pipeline/airflow_venv/lib/python3.12/site-packages/airflow/example_dags/example_skip_dag.py took 0.055 seconds
[2026-07-20T06:40:02.094+0000] {processor.py:161} INFO - Started process (PID=80345) to work on /workspaces/recomart-recommendation-pipeline/airflow_venv/lib/python3.12/site-packages/airflow/example_dags/example_skip_dag.py
[2026-07-20T06:40:02.095+0000] {processor.py:830} INFO - Processing file /workspaces/recomart-recommendation-pipeline/airflow_venv/lib/python3.12/site-packages/airflow/example_dags/example_skip_dag.py for tasks to queue
[2026-07-20T06:40:02.097+0000] {logging_mixin.py:188} INFO - [2026-07-20T06:40:02.096+0000] {dagbag.py:545} INFO - Filling up the DagBag from /workspaces/recomart-recommendation-pipeline/airflow_venv/lib/python3.12/site-packages/airflow/example_dags/example_skip_dag.py
[2026-07-20T06:40:02.102+0000] {processor.py:840} INFO - DAG(s) 'example_skip_dag' retrieved from /workspaces/recomart-recommendation-pipeline/airflow_venv/lib/python3.12/site-packages/airflow/example_dags/example_skip_dag.py
[2026-07-20T06:40:02.227+0000] {logging_mixin.py:188} INFO - [2026-07-20T06:40:02.227+0000] {dag.py:3089} INFO - Sync 1 DAGs
[2026-07-20T06:40:02.241+0000] {logging_mixin.py:188} INFO - [2026-07-20T06:40:02.240+0000] {dag.py:3947} INFO - Setting next_dagrun for example_skip_dag to 2026-07-19 00:00:00+00:00, run_after=2026-07-20 00:00:00+00:00
[2026-07-20T06:40:02.257+0000] {processor.py:183} INFO - Processing /workspaces/recomart-recommendation-pipeline/airflow_venv/lib/python3.12/site-packages/airflow/example_dags/example_skip_dag.py took 0.167 seconds
[2026-07-20T06:40:52.042+0000] {processor.py:161} INFO - Started process (PID=80829) to work on /workspaces/recomart-recommendation-pipeline/airflow_venv/lib/python3.12/site-packages/airflow/example_dags/example_skip_dag.py
[2026-07-20T06:40:52.043+0000] {processor.py:830} INFO - Processing file /workspaces/recomart-recommendation-pipeline/airflow_venv/lib/python3.12/site-packages/airflow/example_dags/example_skip_dag.py for tasks to queue
[2026-07-20T06:40:52.044+0000] {logging_mixin.py:188} INFO - [2026-07-20T06:40:52.044+0000] {dagbag.py:545} INFO - Filling up the DagBag from /workspaces/recomart-recommendation-pipeline/airflow_venv/lib/python3.12/site-packages/airflow/example_dags/example_skip_dag.py
[2026-07-20T06:40:52.049+0000] {processor.py:840} INFO - DAG(s) 'example_skip_dag' retrieved from /workspaces/recomart-recommendation-pipeline/airflow_venv/lib/python3.12/site-packages/airflow/example_dags/example_skip_dag.py
[2026-07-20T06:40:52.062+0000] {logging_mixin.py:188} INFO - [2026-07-20T06:40:52.062+0000] {dag.py:3089} INFO - Sync 1 DAGs
[2026-07-20T06:40:52.079+0000] {logging_mixin.py:188} INFO - [2026-07-20T06:40:52.079+0000] {dag.py:3947} INFO - Setting next_dagrun for example_skip_dag to 2026-07-19 00:00:00+00:00, run_after=2026-07-20 00:00:00+00:00
[2026-07-20T06:40:52.103+0000] {processor.py:183} INFO - Processing /workspaces/recomart-recommendation-pipeline/airflow_venv/lib/python3.12/site-packages/airflow/example_dags/example_skip_dag.py took 0.066 seconds
[2026-07-20T06:41:38.422+0000] {processor.py:161} INFO - Started process (PID=81146) to work on /workspaces/recomart-recommendation-pipeline/airflow_venv/lib/python3.12/site-packages/airflow/example_dags/example_skip_dag.py
[2026-07-20T06:41:38.422+0000] {processor.py:830} INFO - Processing file /workspaces/recomart-recommendation-pipeline/airflow_venv/lib/python3.12/site-packages/airflow/example_dags/example_skip_dag.py for tasks to queue
[2026-07-20T06:41:38.424+0000] {logging_mixin.py:188} INFO - [2026-07-20T06:41:38.423+0000] {dagbag.py:545} INFO - Filling up the DagBag from /workspaces/recomart-recommendation-pipeline/airflow_venv/lib/python3.12/site-packages/airflow/example_dags/example_skip_dag.py
[2026-07-20T06:41:38.429+0000] {processor.py:840} INFO - DAG(s) 'example_skip_dag' retrieved from /workspaces/recomart-recommendation-pipeline/airflow_venv/lib/python3.12/site-packages/airflow/example_dags/example_skip_dag.py
[2026-07-20T06:41:38.441+0000] {logging_mixin.py:188} INFO - [2026-07-20T06:41:38.441+0000] {dag.py:3089} INFO - Sync 1 DAGs
[2026-07-20T06:41:38.455+0000] {logging_mixin.py:188} INFO - [2026-07-20T06:41:38.455+0000] {dag.py:3947} INFO - Setting next_dagrun for example_skip_dag to 2026-07-19 00:00:00+00:00, run_after=2026-07-20 00:00:00+00:00
[2026-07-20T06:41:38.472+0000] {processor.py:183} INFO - Processing /workspaces/recomart-recommendation-pipeline/airflow_venv/lib/python3.12/site-packages/airflow/example_dags/example_skip_dag.py took 0.055 seconds
[2026-07-20T06:42:26.650+0000] {processor.py:161} INFO - Started process (PID=81570) to work on /workspaces/recomart-recommendation-pipeline/airflow_venv/lib/python3.12/site-packages/airflow/example_dags/example_skip_dag.py
[2026-07-20T06:42:26.651+0000] {processor.py:830} INFO - Processing file /workspaces/recomart-recommendation-pipeline/airflow_venv/lib/python3.12/site-packages/airflow/example_dags/example_skip_dag.py for tasks to queue
[2026-07-20T06:42:26.654+0000] {logging_mixin.py:188} INFO - [2026-07-20T06:42:26.653+0000] {dagbag.py:545} INFO - Filling up the DagBag from /workspaces/recomart-recommendation-pipeline/airflow_venv/lib/python3.12/site-packages/airflow/example_dags/example_skip_dag.py
[2026-07-20T06:42:26.663+0000] {processor.py:840} INFO - DAG(s) 'example_skip_dag' retrieved from /workspaces/recomart-recommendation-pipeline/airflow_venv/lib/python3.12/site-packages/airflow/example_dags/example_skip_dag.py
[2026-07-20T06:42:26.687+0000] {logging_mixin.py:188} INFO - [2026-07-20T06:42:26.687+0000] {dag.py:3089} INFO - Sync 1 DAGs
[2026-07-20T06:42:26.710+0000] {logging_mixin.py:188} INFO - [2026-07-20T06:42:26.709+0000] {dag.py:3947} INFO - Setting next_dagrun for example_skip_dag to 2026-07-19 00:00:00+00:00, run_after=2026-07-20 00:00:00+00:00
[2026-07-20T06:42:26.734+0000] {processor.py:183} INFO - Processing /workspaces/recomart-recommendation-pipeline/airflow_venv/lib/python3.12/site-packages/airflow/example_dags/example_skip_dag.py took 0.093 seconds
[2026-07-20T06:43:12.951+0000] {processor.py:161} INFO - Started process (PID=81947) to work on /workspaces/recomart-recommendation-pipeline/airflow_venv/lib/python3.12/site-packages/airflow/example_dags/example_skip_dag.py
[2026-07-20T06:43:12.952+0000] {processor.py:830} INFO - Processing file /workspaces/recomart-recommendation-pipeline/airflow_venv/lib/python3.12/site-packages/airflow/example_dags/example_skip_dag.py for tasks to queue
[2026-07-20T06:43:12.954+0000] {logging_mixin.py:188} INFO - [2026-07-20T06:43:12.953+0000] {dagbag.py:545} INFO - Filling up the DagBag from /workspaces/recomart-recommendation-pipeline/airflow_venv/lib/python3.12/site-packages/airflow/example_dags/example_skip_dag.py
[2026-07-20T06:43:12.962+0000] {processor.py:840} INFO - DAG(s) 'example_skip_dag' retrieved from /workspaces/recomart-recommendation-pipeline/airflow_venv/lib/python3.12/site-packages/airflow/example_dags/example_skip_dag.py
[2026-07-20T06:43:12.981+0000] {logging_mixin.py:188} INFO - [2026-07-20T06:43:12.981+0000] {dag.py:3089} INFO - Sync 1 DAGs
[2026-07-20T06:43:13.005+0000] {logging_mixin.py:188} INFO - [2026-07-20T06:43:13.004+0000] {dag.py:3947} INFO - Setting next_dagrun for example_skip_dag to 2026-07-19 00:00:00+00:00, run_after=2026-07-20 00:00:00+00:00
[2026-07-20T06:43:13.040+0000] {processor.py:183} INFO - Processing /workspaces/recomart-recommendation-pipeline/airflow_venv/lib/python3.12/site-packages/airflow/example_dags/example_skip_dag.py took 0.096 seconds
[2026-07-20T06:44:02.978+0000] {processor.py:161} INFO - Started process (PID=82377) to work on /workspaces/recomart-recommendation-pipeline/airflow_venv/lib/python3.12/site-packages/airflow/example_dags/example_skip_dag.py
[2026-07-20T06:44:02.979+0000] {processor.py:830} INFO - Processing file /workspaces/recomart-recommendation-pipeline/airflow_venv/lib/python3.12/site-packages/airflow/example_dags/example_skip_dag.py for tasks to queue
[2026-07-20T06:44:02.981+0000] {logging_mixin.py:188} INFO - [2026-07-20T06:44:02.981+0000] {dagbag.py:545} INFO - Filling up the DagBag from /workspaces/recomart-recommendation-pipeline/airflow_venv/lib/python3.12/site-packages/airflow/example_dags/example_skip_dag.py
[2026-07-20T06:44:02.988+0000] {processor.py:840} INFO - DAG(s) 'example_skip_dag' retrieved from /workspaces/recomart-recommendation-pipeline/airflow_venv/lib/python3.12/site-packages/airflow/example_dags/example_skip_dag.py
[2026-07-20T06:44:03.002+0000] {logging_mixin.py:188} INFO - [2026-07-20T06:44:03.002+0000] {dag.py:3089} INFO - Sync 1 DAGs
[2026-07-20T06:44:03.016+0000] {logging_mixin.py:188} INFO - [2026-07-20T06:44:03.016+0000] {dag.py:3947} INFO - Setting next_dagrun for example_skip_dag to 2026-07-19 00:00:00+00:00, run_after=2026-07-20 00:00:00+00:00
[2026-07-20T06:44:03.034+0000] {processor.py:183} INFO - Processing /workspaces/recomart-recommendation-pipeline/airflow_venv/lib/python3.12/site-packages/airflow/example_dags/example_skip_dag.py took 0.062 seconds
[2026-07-20T06:44:47.664+0000] {processor.py:161} INFO - Started process (PID=82779) to work on /workspaces/recomart-recommendation-pipeline/airflow_venv/lib/python3.12/site-packages/airflow/example_dags/example_skip_dag.py
[2026-07-20T06:44:47.665+0000] {processor.py:830} INFO - Processing file /workspaces/recomart-recommendation-pipeline/airflow_venv/lib/python3.12/site-packages/airflow/example_dags/example_skip_dag.py for tasks to queue
[2026-07-20T06:44:47.666+0000] {logging_mixin.py:188} INFO - [2026-07-20T06:44:47.666+0000] {dagbag.py:545} INFO - Filling up the DagBag from /workspaces/recomart-recommendation-pipeline/airflow_venv/lib/python3.12/site-packages/airflow/example_dags/example_skip_dag.py
[2026-07-20T06:44:47.673+0000] {processor.py:840} INFO - DAG(s) 'example_skip_dag' retrieved from /workspaces/recomart-recommendation-pipeline/airflow_venv/lib/python3.12/site-packages/airflow/example_dags/example_skip_dag.py
[2026-07-20T06:44:47.690+0000] {logging_mixin.py:188} INFO - [2026-07-20T06:44:47.689+0000] {dag.py:3089} INFO - Sync 1 DAGs
[2026-07-20T06:44:47.706+0000] {logging_mixin.py:188} INFO - [2026-07-20T06:44:47.706+0000] {dag.py:3947} INFO - Setting next_dagrun for example_skip_dag to 2026-07-19 00:00:00+00:00, run_after=2026-07-20 00:00:00+00:00
[2026-07-20T06:44:47.727+0000] {processor.py:183} INFO - Processing /workspaces/recomart-recommendation-pipeline/airflow_venv/lib/python3.12/site-packages/airflow/example_dags/example_skip_dag.py took 0.068 seconds
[2026-07-20T06:45:31.311+0000] {processor.py:161} INFO - Started process (PID=83089) to work on /workspaces/recomart-recommendation-pipeline/airflow_venv/lib/python3.12/site-packages/airflow/example_dags/example_skip_dag.py
[2026-07-20T06:45:31.314+0000] {processor.py:830} INFO - Processing file /workspaces/recomart-recommendation-pipeline/airflow_venv/lib/python3.12/site-packages/airflow/example_dags/example_skip_dag.py for tasks to queue
[2026-07-20T06:45:31.317+0000] {logging_mixin.py:188} INFO - [2026-07-20T06:45:31.317+0000] {dagbag.py:545} INFO - Filling up the DagBag from /workspaces/recomart-recommendation-pipeline/airflow_venv/lib/python3.12/site-packages/airflow/example_dags/example_skip_dag.py
[2026-07-20T06:45:31.323+0000] {processor.py:840} INFO - DAG(s) 'example_skip_dag' retrieved from /workspaces/recomart-recommendation-pipeline/airflow_venv/lib/python3.12/site-packages/airflow/example_dags/example_skip_dag.py
[2026-07-20T06:45:31.341+0000] {logging_mixin.py:188} INFO - [2026-07-20T06:45:31.341+0000] {dag.py:3089} INFO - Sync 1 DAGs
[2026-07-20T06:45:31.361+0000] {logging_mixin.py:188} INFO - [2026-07-20T06:45:31.361+0000] {dag.py:3947} INFO - Setting next_dagrun for example_skip_dag to 2026-07-19 00:00:00+00:00, run_after=2026-07-20 00:00:00+00:00
[2026-07-20T06:45:31.481+0000] {processor.py:183} INFO - Processing /workspaces/recomart-recommendation-pipeline/airflow_venv/lib/python3.12/site-packages/airflow/example_dags/example_skip_dag.py took 0.175 seconds
[2026-07-20T06:46:17.733+0000] {processor.py:161} INFO - Started process (PID=83543) to work on /workspaces/recomart-recommendation-pipeline/airflow_venv/lib/python3.12/site-packages/airflow/example_dags/example_skip_dag.py
[2026-07-20T06:46:17.736+0000] {processor.py:830} INFO - Processing file /workspaces/recomart-recommendation-pipeline/airflow_venv/lib/python3.12/site-packages/airflow/example_dags/example_skip_dag.py for tasks to queue
[2026-07-20T06:46:17.738+0000] {logging_mixin.py:188} INFO - [2026-07-20T06:46:17.737+0000] {dagbag.py:545} INFO - Filling up the DagBag from /workspaces/recomart-recommendation-pipeline/airflow_venv/lib/python3.12/site-packages/airflow/example_dags/example_skip_dag.py
[2026-07-20T06:46:17.749+0000] {processor.py:840} INFO - DAG(s) 'example_skip_dag' retrieved from /workspaces/recomart-recommendation-pipeline/airflow_venv/lib/python3.12/site-packages/airflow/example_dags/example_skip_dag.py
[2026-07-20T06:46:17.856+0000] {logging_mixin.py:188} INFO - [2026-07-20T06:46:17.855+0000] {dag.py:3089} INFO - Sync 1 DAGs
[2026-07-20T06:46:17.885+0000] {logging_mixin.py:188} INFO - [2026-07-20T06:46:17.883+0000] {dag.py:3947} INFO - Setting next_dagrun for example_skip_dag to 2026-07-19 00:00:00+00:00, run_after=2026-07-20 00:00:00+00:00
[2026-07-20T06:46:17.936+0000] {processor.py:183} INFO - Processing /workspaces/recomart-recommendation-pipeline/airflow_venv/lib/python3.12/site-packages/airflow/example_dags/example_skip_dag.py took 0.218 seconds
[2026-07-20T06:47:01.224+0000] {processor.py:161} INFO - Started process (PID=83932) to work on /workspaces/recomart-recommendation-pipeline/airflow_venv/lib/python3.12/site-packages/airflow/example_dags/example_skip_dag.py
[2026-07-20T06:47:01.225+0000] {processor.py:830} INFO - Processing file /workspaces/recomart-recommendation-pipeline/airflow_venv/lib/python3.12/site-packages/airflow/example_dags/example_skip_dag.py for tasks to queue
[2026-07-20T06:47:01.226+0000] {logging_mixin.py:188} INFO - [2026-07-20T06:47:01.226+0000] {dagbag.py:545} INFO - Filling up the DagBag from /workspaces/recomart-recommendation-pipeline/airflow_venv/lib/python3.12/site-packages/airflow/example_dags/example_skip_dag.py
[2026-07-20T06:47:01.231+0000] {processor.py:840} INFO - DAG(s) 'example_skip_dag' retrieved from /workspaces/recomart-recommendation-pipeline/airflow_venv/lib/python3.12/site-packages/airflow/example_dags/example_skip_dag.py
[2026-07-20T06:47:01.244+0000] {logging_mixin.py:188} INFO - [2026-07-20T06:47:01.244+0000] {dag.py:3089} INFO - Sync 1 DAGs
[2026-07-20T06:47:01.258+0000] {logging_mixin.py:188} INFO - [2026-07-20T06:47:01.258+0000] {dag.py:3947} INFO - Setting next_dagrun for example_skip_dag to 2026-07-19 00:00:00+00:00, run_after=2026-07-20 00:00:00+00:00
[2026-07-20T06:47:01.282+0000] {processor.py:183} INFO - Processing /workspaces/recomart-recommendation-pipeline/airflow_venv/lib/python3.12/site-packages/airflow/example_dags/example_skip_dag.py took 0.063 seconds
[2026-07-20T06:47:43.149+0000] {processor.py:161} INFO - Started process (PID=84294) to work on /workspaces/recomart-recommendation-pipeline/airflow_venv/lib/python3.12/site-packages/airflow/example_dags/example_skip_dag.py
[2026-07-20T06:47:43.149+0000] {processor.py:830} INFO - Processing file /workspaces/recomart-recommendation-pipeline/airflow_venv/lib/python3.12/site-packages/airflow/example_dags/example_skip_dag.py for tasks to queue
[2026-07-20T06:47:43.151+0000] {logging_mixin.py:188} INFO - [2026-07-20T06:47:43.151+0000] {dagbag.py:545} INFO - Filling up the DagBag from /workspaces/recomart-recommendation-pipeline/airflow_venv/lib/python3.12/site-packages/airflow/example_dags/example_skip_dag.py
[2026-07-20T06:47:43.156+0000] {processor.py:840} INFO - DAG(s) 'example_skip_dag' retrieved from /workspaces/recomart-recommendation-pipeline/airflow_venv/lib/python3.12/site-packages/airflow/example_dags/example_skip_dag.py
[2026-07-20T06:47:43.168+0000] {logging_mixin.py:188} INFO - [2026-07-20T06:47:43.168+0000] {dag.py:3089} INFO - Sync 1 DAGs
[2026-07-20T06:47:43.186+0000] {logging_mixin.py:188} INFO - [2026-07-20T06:47:43.186+0000] {dag.py:3947} INFO - Setting next_dagrun for example_skip_dag to 2026-07-19 00:00:00+00:00, run_after=2026-07-20 00:00:00+00:00
[2026-07-20T06:47:43.204+0000] {processor.py:183} INFO - Processing /workspaces/recomart-recommendation-pipeline/airflow_venv/lib/python3.12/site-packages/airflow/example_dags/example_skip_dag.py took 0.059 seconds
[2026-07-20T06:48:26.417+0000] {processor.py:161} INFO - Started process (PID=84602) to work on /workspaces/recomart-recommendation-pipeline/airflow_venv/lib/python3.12/site-packages/airflow/example_dags/example_skip_dag.py
[2026-07-20T06:48:26.418+0000] {processor.py:830} INFO - Processing file /workspaces/recomart-recommendation-pipeline/airflow_venv/lib/python3.12/site-packages/airflow/example_dags/example_skip_dag.py for tasks to queue
[2026-07-20T06:48:26.422+0000] {logging_mixin.py:188} INFO - [2026-07-20T06:48:26.420+0000] {dagbag.py:545} INFO - Filling up the DagBag from /workspaces/recomart-recommendation-pipeline/airflow_venv/lib/python3.12/site-packages/airflow/example_dags/example_skip_dag.py
[2026-07-20T06:48:26.431+0000] {processor.py:840} INFO - DAG(s) 'example_skip_dag' retrieved from /workspaces/recomart-recommendation-pipeline/airflow_venv/lib/python3.12/site-packages/airflow/example_dags/example_skip_dag.py
[2026-07-20T06:48:26.457+0000] {logging_mixin.py:188} INFO - [2026-07-20T06:48:26.457+0000] {dag.py:3089} INFO - Sync 1 DAGs
[2026-07-20T06:48:26.488+0000] {logging_mixin.py:188} INFO - [2026-07-20T06:48:26.488+0000] {dag.py:3947} INFO - Setting next_dagrun for example_skip_dag to 2026-07-19 00:00:00+00:00, run_after=2026-07-20 00:00:00+00:00
[2026-07-20T06:48:26.597+0000] {processor.py:183} INFO - Processing /workspaces/recomart-recommendation-pipeline/airflow_venv/lib/python3.12/site-packages/airflow/example_dags/example_skip_dag.py took 0.194 seconds
[2026-07-20T06:49:08.091+0000] {processor.py:161} INFO - Started process (PID=85089) to work on /workspaces/recomart-recommendation-pipeline/airflow_venv/lib/python3.12/site-packages/airflow/example_dags/example_skip_dag.py
[2026-07-20T06:49:08.091+0000] {processor.py:830} INFO - Processing file /workspaces/recomart-recommendation-pipeline/airflow_venv/lib/python3.12/site-packages/airflow/example_dags/example_skip_dag.py for tasks to queue
[2026-07-20T06:49:08.093+0000] {logging_mixin.py:188} INFO - [2026-07-20T06:49:08.092+0000] {dagbag.py:545} INFO - Filling up the DagBag from /workspaces/recomart-recommendation-pipeline/airflow_venv/lib/python3.12/site-packages/airflow/example_dags/example_skip_dag.py
[2026-07-20T06:49:08.098+0000] {processor.py:840} INFO - DAG(s) 'example_skip_dag' retrieved from /workspaces/recomart-recommendation-pipeline/airflow_venv/lib/python3.12/site-packages/airflow/example_dags/example_skip_dag.py
[2026-07-20T06:49:08.111+0000] {logging_mixin.py:188} INFO - [2026-07-20T06:49:08.110+0000] {dag.py:3089} INFO - Sync 1 DAGs
[2026-07-20T06:49:08.125+0000] {logging_mixin.py:188} INFO - [2026-07-20T06:49:08.125+0000] {dag.py:3947} INFO - Setting next_dagrun for example_skip_dag to 2026-07-19 00:00:00+00:00, run_after=2026-07-20 00:00:00+00:00
[2026-07-20T06:49:08.146+0000] {processor.py:183} INFO - Processing /workspaces/recomart-recommendation-pipeline/airflow_venv/lib/python3.12/site-packages/airflow/example_dags/example_skip_dag.py took 0.060 seconds
[2026-07-20T06:50:09.017+0000] {processor.py:161} INFO - Started process (PID=85717) to work on /workspaces/recomart-recommendation-pipeline/airflow_venv/lib/python3.12/site-packages/airflow/example_dags/example_skip_dag.py
[2026-07-20T06:50:09.018+0000] {processor.py:830} INFO - Processing file /workspaces/recomart-recommendation-pipeline/airflow_venv/lib/python3.12/site-packages/airflow/example_dags/example_skip_dag.py for tasks to queue
[2026-07-20T06:50:09.019+0000] {logging_mixin.py:188} INFO - [2026-07-20T06:50:09.019+0000] {dagbag.py:545} INFO - Filling up the DagBag from /workspaces/recomart-recommendation-pipeline/airflow_venv/lib/python3.12/site-packages/airflow/example_dags/example_skip_dag.py
[2026-07-20T06:50:09.025+0000] {processor.py:840} INFO - DAG(s) 'example_skip_dag' retrieved from /workspaces/recomart-recommendation-pipeline/airflow_venv/lib/python3.12/site-packages/airflow/example_dags/example_skip_dag.py
[2026-07-20T06:50:09.038+0000] {logging_mixin.py:188} INFO - [2026-07-20T06:50:09.038+0000] {dag.py:3089} INFO - Sync 1 DAGs
[2026-07-20T06:50:09.053+0000] {logging_mixin.py:188} INFO - [2026-07-20T06:50:09.052+0000] {dag.py:3947} INFO - Setting next_dagrun for example_skip_dag to 2026-07-19 00:00:00+00:00, run_after=2026-07-20 00:00:00+00:00
[2026-07-20T06:50:09.071+0000] {processor.py:183} INFO - Processing /workspaces/recomart-recommendation-pipeline/airflow_venv/lib/python3.12/site-packages/airflow/example_dags/example_skip_dag.py took 0.058 seconds
[2026-07-20T06:50:53.248+0000] {processor.py:161} INFO - Started process (PID=86182) to work on /workspaces/recomart-recommendation-pipeline/airflow_venv/lib/python3.12/site-packages/airflow/example_dags/example_skip_dag.py
[2026-07-20T06:50:53.249+0000] {processor.py:830} INFO - Processing file /workspaces/recomart-recommendation-pipeline/airflow_venv/lib/python3.12/site-packages/airflow/example_dags/example_skip_dag.py for tasks to queue
[2026-07-20T06:50:53.250+0000] {logging_mixin.py:188} INFO - [2026-07-20T06:50:53.250+0000] {dagbag.py:545} INFO - Filling up the DagBag from /workspaces/recomart-recommendation-pipeline/airflow_venv/lib/python3.12/site-packages/airflow/example_dags/example_skip_dag.py
[2026-07-20T06:50:53.256+0000] {processor.py:840} INFO - DAG(s) 'example_skip_dag' retrieved from /workspaces/recomart-recommendation-pipeline/airflow_venv/lib/python3.12/site-packages/airflow/example_dags/example_skip_dag.py
[2026-07-20T06:50:53.269+0000] {logging_mixin.py:188} INFO - [2026-07-20T06:50:53.269+0000] {dag.py:3089} INFO - Sync 1 DAGs
[2026-07-20T06:50:53.289+0000] {logging_mixin.py:188} INFO - [2026-07-20T06:50:53.289+0000] {dag.py:3947} INFO - Setting next_dagrun for example_skip_dag to 2026-07-19 00:00:00+00:00, run_after=2026-07-20 00:00:00+00:00
[2026-07-20T06:50:53.308+0000] {processor.py:183} INFO - Processing /workspaces/recomart-recommendation-pipeline/airflow_venv/lib/python3.12/site-packages/airflow/example_dags/example_skip_dag.py took 0.065 seconds
[2026-07-20T06:51:40.918+0000] {processor.py:161} INFO - Started process (PID=86589) to work on /workspaces/recomart-recommendation-pipeline/airflow_venv/lib/python3.12/site-packages/airflow/example_dags/example_skip_dag.py
[2026-07-20T06:51:40.919+0000] {processor.py:830} INFO - Processing file /workspaces/recomart-recommendation-pipeline/airflow_venv/lib/python3.12/site-packages/airflow/example_dags/example_skip_dag.py for tasks to queue
[2026-07-20T06:51:40.920+0000] {logging_mixin.py:188} INFO - [2026-07-20T06:51:40.920+0000] {dagbag.py:545} INFO - Filling up the DagBag from /workspaces/recomart-recommendation-pipeline/airflow_venv/lib/python3.12/site-packages/airflow/example_dags/example_skip_dag.py
[2026-07-20T06:51:40.926+0000] {processor.py:840} INFO - DAG(s) 'example_skip_dag' retrieved from /workspaces/recomart-recommendation-pipeline/airflow_venv/lib/python3.12/site-packages/airflow/example_dags/example_skip_dag.py
[2026-07-20T06:51:40.939+0000] {logging_mixin.py:188} INFO - [2026-07-20T06:51:40.939+0000] {dag.py:3089} INFO - Sync 1 DAGs
[2026-07-20T06:51:40.955+0000] {logging_mixin.py:188} INFO - [2026-07-20T06:51:40.955+0000] {dag.py:3947} INFO - Setting next_dagrun for example_skip_dag to 2026-07-19 00:00:00+00:00, run_after=2026-07-20 00:00:00+00:00
[2026-07-20T06:51:40.977+0000] {processor.py:183} INFO - Processing /workspaces/recomart-recommendation-pipeline/airflow_venv/lib/python3.12/site-packages/airflow/example_dags/example_skip_dag.py took 0.065 seconds
[2026-07-20T06:58:04.433+0000] {processor.py:161} INFO - Started process (PID=89705) to work on /workspaces/recomart-recommendation-pipeline/airflow_venv/lib/python3.12/site-packages/airflow/example_dags/example_skip_dag.py
[2026-07-20T06:58:04.434+0000] {processor.py:830} INFO - Processing file /workspaces/recomart-recommendation-pipeline/airflow_venv/lib/python3.12/site-packages/airflow/example_dags/example_skip_dag.py for tasks to queue
[2026-07-20T06:58:04.436+0000] {logging_mixin.py:188} INFO - [2026-07-20T06:58:04.435+0000] {dagbag.py:545} INFO - Filling up the DagBag from /workspaces/recomart-recommendation-pipeline/airflow_venv/lib/python3.12/site-packages/airflow/example_dags/example_skip_dag.py
[2026-07-20T06:58:04.440+0000] {processor.py:840} INFO - DAG(s) 'example_skip_dag' retrieved from /workspaces/recomart-recommendation-pipeline/airflow_venv/lib/python3.12/site-packages/airflow/example_dags/example_skip_dag.py
[2026-07-20T06:58:04.529+0000] {logging_mixin.py:188} INFO - [2026-07-20T06:58:04.529+0000] {dag.py:3089} INFO - Sync 1 DAGs
[2026-07-20T06:58:04.542+0000] {logging_mixin.py:188} INFO - [2026-07-20T06:58:04.542+0000] {dag.py:3947} INFO - Setting next_dagrun for example_skip_dag to 2026-07-19 00:00:00+00:00, run_after=2026-07-20 00:00:00+00:00
[2026-07-20T06:58:04.559+0000] {processor.py:183} INFO - Processing /workspaces/recomart-recommendation-pipeline/airflow_venv/lib/python3.12/site-packages/airflow/example_dags/example_skip_dag.py took 0.130 seconds
[2026-07-20T06:59:02.144+0000] {processor.py:161} INFO - Started process (PID=90283) to work on /workspaces/recomart-recommendation-pipeline/airflow_venv/lib/python3.12/site-packages/airflow/example_dags/example_skip_dag.py
[2026-07-20T06:59:02.147+0000] {processor.py:830} INFO - Processing file /workspaces/recomart-recommendation-pipeline/airflow_venv/lib/python3.12/site-packages/airflow/example_dags/example_skip_dag.py for tasks to queue
[2026-07-20T06:59:02.155+0000] {logging_mixin.py:188} INFO - [2026-07-20T06:59:02.154+0000] {dagbag.py:545} INFO - Filling up the DagBag from /workspaces/recomart-recommendation-pipeline/airflow_venv/lib/python3.12/site-packages/airflow/example_dags/example_skip_dag.py
[2026-07-20T06:59:02.170+0000] {processor.py:840} INFO - DAG(s) 'example_skip_dag' retrieved from /workspaces/recomart-recommendation-pipeline/airflow_venv/lib/python3.12/site-packages/airflow/example_dags/example_skip_dag.py
[2026-07-20T06:59:02.243+0000] {logging_mixin.py:188} INFO - [2026-07-20T06:59:02.243+0000] {dag.py:3089} INFO - Sync 1 DAGs
[2026-07-20T06:59:02.270+0000] {logging_mixin.py:188} INFO - [2026-07-20T06:59:02.269+0000] {dag.py:3947} INFO - Setting next_dagrun for example_skip_dag to 2026-07-19 00:00:00+00:00, run_after=2026-07-20 00:00:00+00:00
[2026-07-20T06:59:02.293+0000] {processor.py:183} INFO - Processing /workspaces/recomart-recommendation-pipeline/airflow_venv/lib/python3.12/site-packages/airflow/example_dags/example_skip_dag.py took 0.160 seconds
[2026-07-20T07:00:32.182+0000] {processor.py:161} INFO - Started process (PID=91788) to work on /workspaces/recomart-recommendation-pipeline/airflow_venv/lib/python3.12/site-packages/airflow/example_dags/example_skip_dag.py
[2026-07-20T07:00:32.183+0000] {processor.py:830} INFO - Processing file /workspaces/recomart-recommendation-pipeline/airflow_venv/lib/python3.12/site-packages/airflow/example_dags/example_skip_dag.py for tasks to queue
[2026-07-20T07:00:32.187+0000] {logging_mixin.py:188} INFO - [2026-07-20T07:00:32.187+0000] {dagbag.py:545} INFO - Filling up the DagBag from /workspaces/recomart-recommendation-pipeline/airflow_venv/lib/python3.12/site-packages/airflow/example_dags/example_skip_dag.py
[2026-07-20T07:00:32.193+0000] {processor.py:840} INFO - DAG(s) 'example_skip_dag' retrieved from /workspaces/recomart-recommendation-pipeline/airflow_venv/lib/python3.12/site-packages/airflow/example_dags/example_skip_dag.py
[2026-07-20T07:00:32.228+0000] {logging_mixin.py:188} INFO - [2026-07-20T07:00:32.228+0000] {dag.py:3089} INFO - Sync 1 DAGs
[2026-07-20T07:00:32.245+0000] {logging_mixin.py:188} INFO - [2026-07-20T07:00:32.245+0000] {dag.py:3947} INFO - Setting next_dagrun for example_skip_dag to 2026-07-19 00:00:00+00:00, run_after=2026-07-20 00:00:00+00:00
[2026-07-20T07:00:32.262+0000] {processor.py:183} INFO - Processing /workspaces/recomart-recommendation-pipeline/airflow_venv/lib/python3.12/site-packages/airflow/example_dags/example_skip_dag.py took 0.088 seconds
[2026-07-20T07:01:25.105+0000] {processor.py:161} INFO - Started process (PID=92228) to work on /workspaces/recomart-recommendation-pipeline/airflow_venv/lib/python3.12/site-packages/airflow/example_dags/example_skip_dag.py
[2026-07-20T07:01:25.106+0000] {processor.py:830} INFO - Processing file /workspaces/recomart-recommendation-pipeline/airflow_venv/lib/python3.12/site-packages/airflow/example_dags/example_skip_dag.py for tasks to queue
[2026-07-20T07:01:25.108+0000] {logging_mixin.py:188} INFO - [2026-07-20T07:01:25.108+0000] {dagbag.py:545} INFO - Filling up the DagBag from /workspaces/recomart-recommendation-pipeline/airflow_venv/lib/python3.12/site-packages/airflow/example_dags/example_skip_dag.py
[2026-07-20T07:01:25.113+0000] {processor.py:840} INFO - DAG(s) 'example_skip_dag' retrieved from /workspaces/recomart-recommendation-pipeline/airflow_venv/lib/python3.12/site-packages/airflow/example_dags/example_skip_dag.py
[2026-07-20T07:01:25.125+0000] {logging_mixin.py:188} INFO - [2026-07-20T07:01:25.125+0000] {dag.py:3089} INFO - Sync 1 DAGs
[2026-07-20T07:01:25.140+0000] {logging_mixin.py:188} INFO - [2026-07-20T07:01:25.140+0000] {dag.py:3947} INFO - Setting next_dagrun for example_skip_dag to 2026-07-19 00:00:00+00:00, run_after=2026-07-20 00:00:00+00:00
[2026-07-20T07:01:25.165+0000] {processor.py:183} INFO - Processing /workspaces/recomart-recommendation-pipeline/airflow_venv/lib/python3.12/site-packages/airflow/example_dags/example_skip_dag.py took 0.067 seconds
