[2026-07-20T05:59:13.684+0000] {processor.py:161} INFO - Started process (PID=58254) to work on /workspaces/recomart-recommendation-pipeline/airflow_venv/lib/python3.12/site-packages/airflow/example_dags/example_params_trigger_ui.py
[2026-07-20T05:59:13.685+0000] {processor.py:830} INFO - Processing file /workspaces/recomart-recommendation-pipeline/airflow_venv/lib/python3.12/site-packages/airflow/example_dags/example_params_trigger_ui.py for tasks to queue
[2026-07-20T05:59:13.687+0000] {logging_mixin.py:188} INFO - [2026-07-20T05:59:13.687+0000] {dagbag.py:545} INFO - Filling up the DagBag from /workspaces/recomart-recommendation-pipeline/airflow_venv/lib/python3.12/site-packages/airflow/example_dags/example_params_trigger_ui.py
[2026-07-20T05:59:13.700+0000] {processor.py:840} INFO - DAG(s) 'example_params_trigger_ui' retrieved from /workspaces/recomart-recommendation-pipeline/airflow_venv/lib/python3.12/site-packages/airflow/example_dags/example_params_trigger_ui.py
[2026-07-20T05:59:13.938+0000] {logging_mixin.py:188} INFO - [2026-07-20T05:59:13.937+0000] {override.py:1858} INFO - Created Permission View: can read on DAG:example_params_trigger_ui
[2026-07-20T05:59:13.948+0000] {logging_mixin.py:188} INFO - [2026-07-20T05:59:13.948+0000] {override.py:1858} INFO - Created Permission View: can edit on DAG:example_params_trigger_ui
[2026-07-20T05:59:13.955+0000] {logging_mixin.py:188} INFO - [2026-07-20T05:59:13.955+0000] {override.py:1858} INFO - Created Permission View: can delete on DAG:example_params_trigger_ui
[2026-07-20T05:59:13.956+0000] {logging_mixin.py:188} INFO - [2026-07-20T05:59:13.956+0000] {dag.py:3089} INFO - Sync 1 DAGs
[2026-07-20T05:59:13.966+0000] {logging_mixin.py:188} INFO - [2026-07-20T05:59:13.966+0000] {dag.py:3111} INFO - Creating ORM DAG for example_params_trigger_ui
[2026-07-20T05:59:13.967+0000] {logging_mixin.py:188} INFO - [2026-07-20T05:59:13.967+0000] {dag.py:3947} INFO - Setting next_dagrun for example_params_trigger_ui to None, run_after=None
[2026-07-20T05:59:13.986+0000] {processor.py:183} INFO - Processing /workspaces/recomart-recommendation-pipeline/airflow_venv/lib/python3.12/site-packages/airflow/example_dags/example_params_trigger_ui.py took 0.308 seconds
[2026-07-20T06:00:08.713+0000] {processor.py:161} INFO - Started process (PID=58713) to work on /workspaces/recomart-recommendation-pipeline/airflow_venv/lib/python3.12/site-packages/airflow/example_dags/example_params_trigger_ui.py
[2026-07-20T06:00:08.713+0000] {processor.py:830} INFO - Processing file /workspaces/recomart-recommendation-pipeline/airflow_venv/lib/python3.12/site-packages/airflow/example_dags/example_params_trigger_ui.py for tasks to queue
[2026-07-20T06:00:08.715+0000] {logging_mixin.py:188} INFO - [2026-07-20T06:00:08.715+0000] {dagbag.py:545} INFO - Filling up the DagBag from /workspaces/recomart-recommendation-pipeline/airflow_venv/lib/python3.12/site-packages/airflow/example_dags/example_params_trigger_ui.py
[2026-07-20T06:00:08.722+0000] {processor.py:840} INFO - DAG(s) 'example_params_trigger_ui' retrieved from /workspaces/recomart-recommendation-pipeline/airflow_venv/lib/python3.12/site-packages/airflow/example_dags/example_params_trigger_ui.py
[2026-07-20T06:00:08.761+0000] {logging_mixin.py:188} INFO - [2026-07-20T06:00:08.761+0000] {dag.py:3089} INFO - Sync 1 DAGs
[2026-07-20T06:00:08.771+0000] {logging_mixin.py:188} INFO - [2026-07-20T06:00:08.771+0000] {dag.py:3947} INFO - Setting next_dagrun for example_params_trigger_ui to None, run_after=None
[2026-07-20T06:00:08.791+0000] {processor.py:183} INFO - Processing /workspaces/recomart-recommendation-pipeline/airflow_venv/lib/python3.12/site-packages/airflow/example_dags/example_params_trigger_ui.py took 0.083 seconds
[2026-07-20T06:00:59.930+0000] {processor.py:161} INFO - Started process (PID=59265) to work on /workspaces/recomart-recommendation-pipeline/airflow_venv/lib/python3.12/site-packages/airflow/example_dags/example_params_trigger_ui.py
[2026-07-20T06:00:59.931+0000] {processor.py:830} INFO - Processing file /workspaces/recomart-recommendation-pipeline/airflow_venv/lib/python3.12/site-packages/airflow/example_dags/example_params_trigger_ui.py for tasks to queue
[2026-07-20T06:00:59.932+0000] {logging_mixin.py:188} INFO - [2026-07-20T06:00:59.932+0000] {dagbag.py:545} INFO - Filling up the DagBag from /workspaces/recomart-recommendation-pipeline/airflow_venv/lib/python3.12/site-packages/airflow/example_dags/example_params_trigger_ui.py
[2026-07-20T06:00:59.940+0000] {processor.py:840} INFO - DAG(s) 'example_params_trigger_ui' retrieved from /workspaces/recomart-recommendation-pipeline/airflow_venv/lib/python3.12/site-packages/airflow/example_dags/example_params_trigger_ui.py
[2026-07-20T06:00:59.970+0000] {logging_mixin.py:188} INFO - [2026-07-20T06:00:59.969+0000] {dag.py:3089} INFO - Sync 1 DAGs
[2026-07-20T06:00:59.981+0000] {logging_mixin.py:188} INFO - [2026-07-20T06:00:59.981+0000] {dag.py:3947} INFO - Setting next_dagrun for example_params_trigger_ui to None, run_after=None
[2026-07-20T06:00:59.999+0000] {processor.py:183} INFO - Processing /workspaces/recomart-recommendation-pipeline/airflow_venv/lib/python3.12/site-packages/airflow/example_dags/example_params_trigger_ui.py took 0.073 seconds
[2026-07-20T06:01:49.431+0000] {processor.py:161} INFO - Started process (PID=59862) to work on /workspaces/recomart-recommendation-pipeline/airflow_venv/lib/python3.12/site-packages/airflow/example_dags/example_params_trigger_ui.py
[2026-07-20T06:01:49.432+0000] {processor.py:830} INFO - Processing file /workspaces/recomart-recommendation-pipeline/airflow_venv/lib/python3.12/site-packages/airflow/example_dags/example_params_trigger_ui.py for tasks to queue
[2026-07-20T06:01:49.433+0000] {logging_mixin.py:188} INFO - [2026-07-20T06:01:49.433+0000] {dagbag.py:545} INFO - Filling up the DagBag from /workspaces/recomart-recommendation-pipeline/airflow_venv/lib/python3.12/site-packages/airflow/example_dags/example_params_trigger_ui.py
[2026-07-20T06:01:49.441+0000] {processor.py:840} INFO - DAG(s) 'example_params_trigger_ui' retrieved from /workspaces/recomart-recommendation-pipeline/airflow_venv/lib/python3.12/site-packages/airflow/example_dags/example_params_trigger_ui.py
[2026-07-20T06:01:49.487+0000] {logging_mixin.py:188} INFO - [2026-07-20T06:01:49.487+0000] {dag.py:3089} INFO - Sync 1 DAGs
[2026-07-20T06:01:49.505+0000] {logging_mixin.py:188} INFO - [2026-07-20T06:01:49.505+0000] {dag.py:3947} INFO - Setting next_dagrun for example_params_trigger_ui to None, run_after=None
[2026-07-20T06:01:49.535+0000] {processor.py:183} INFO - Processing /workspaces/recomart-recommendation-pipeline/airflow_venv/lib/python3.12/site-packages/airflow/example_dags/example_params_trigger_ui.py took 0.108 seconds
[2026-07-20T06:02:54.659+0000] {processor.py:161} INFO - Started process (PID=60387) to work on /workspaces/recomart-recommendation-pipeline/airflow_venv/lib/python3.12/site-packages/airflow/example_dags/example_params_trigger_ui.py
[2026-07-20T06:02:54.659+0000] {processor.py:830} INFO - Processing file /workspaces/recomart-recommendation-pipeline/airflow_venv/lib/python3.12/site-packages/airflow/example_dags/example_params_trigger_ui.py for tasks to queue
[2026-07-20T06:02:54.661+0000] {logging_mixin.py:188} INFO - [2026-07-20T06:02:54.661+0000] {dagbag.py:545} INFO - Filling up the DagBag from /workspaces/recomart-recommendation-pipeline/airflow_venv/lib/python3.12/site-packages/airflow/example_dags/example_params_trigger_ui.py
[2026-07-20T06:02:54.668+0000] {processor.py:840} INFO - DAG(s) 'example_params_trigger_ui' retrieved from /workspaces/recomart-recommendation-pipeline/airflow_venv/lib/python3.12/site-packages/airflow/example_dags/example_params_trigger_ui.py
[2026-07-20T06:02:54.703+0000] {logging_mixin.py:188} INFO - [2026-07-20T06:02:54.703+0000] {dag.py:3089} INFO - Sync 1 DAGs
[2026-07-20T06:02:54.712+0000] {logging_mixin.py:188} INFO - [2026-07-20T06:02:54.711+0000] {dag.py:3947} INFO - Setting next_dagrun for example_params_trigger_ui to None, run_after=None
[2026-07-20T06:02:54.736+0000] {processor.py:183} INFO - Processing /workspaces/recomart-recommendation-pipeline/airflow_venv/lib/python3.12/site-packages/airflow/example_dags/example_params_trigger_ui.py took 0.081 seconds
[2026-07-20T06:03:55.941+0000] {processor.py:161} INFO - Started process (PID=60949) to work on /workspaces/recomart-recommendation-pipeline/airflow_venv/lib/python3.12/site-packages/airflow/example_dags/example_params_trigger_ui.py
[2026-07-20T06:03:55.943+0000] {processor.py:830} INFO - Processing file /workspaces/recomart-recommendation-pipeline/airflow_venv/lib/python3.12/site-packages/airflow/example_dags/example_params_trigger_ui.py for tasks to queue
[2026-07-20T06:03:55.945+0000] {logging_mixin.py:188} INFO - [2026-07-20T06:03:55.944+0000] {dagbag.py:545} INFO - Filling up the DagBag from /workspaces/recomart-recommendation-pipeline/airflow_venv/lib/python3.12/site-packages/airflow/example_dags/example_params_trigger_ui.py
[2026-07-20T06:03:55.952+0000] {processor.py:840} INFO - DAG(s) 'example_params_trigger_ui' retrieved from /workspaces/recomart-recommendation-pipeline/airflow_venv/lib/python3.12/site-packages/airflow/example_dags/example_params_trigger_ui.py
[2026-07-20T06:03:55.988+0000] {logging_mixin.py:188} INFO - [2026-07-20T06:03:55.988+0000] {dag.py:3089} INFO - Sync 1 DAGs
[2026-07-20T06:03:55.998+0000] {logging_mixin.py:188} INFO - [2026-07-20T06:03:55.998+0000] {dag.py:3947} INFO - Setting next_dagrun for example_params_trigger_ui to None, run_after=None
[2026-07-20T06:03:56.026+0000] {processor.py:183} INFO - Processing /workspaces/recomart-recommendation-pipeline/airflow_venv/lib/python3.12/site-packages/airflow/example_dags/example_params_trigger_ui.py took 0.092 seconds
[2026-07-20T06:04:40.868+0000] {processor.py:161} INFO - Started process (PID=61331) to work on /workspaces/recomart-recommendation-pipeline/airflow_venv/lib/python3.12/site-packages/airflow/example_dags/example_params_trigger_ui.py
[2026-07-20T06:04:40.868+0000] {processor.py:830} INFO - Processing file /workspaces/recomart-recommendation-pipeline/airflow_venv/lib/python3.12/site-packages/airflow/example_dags/example_params_trigger_ui.py for tasks to queue
[2026-07-20T06:04:40.870+0000] {logging_mixin.py:188} INFO - [2026-07-20T06:04:40.870+0000] {dagbag.py:545} INFO - Filling up the DagBag from /workspaces/recomart-recommendation-pipeline/airflow_venv/lib/python3.12/site-packages/airflow/example_dags/example_params_trigger_ui.py
[2026-07-20T06:04:40.880+0000] {processor.py:840} INFO - DAG(s) 'example_params_trigger_ui' retrieved from /workspaces/recomart-recommendation-pipeline/airflow_venv/lib/python3.12/site-packages/airflow/example_dags/example_params_trigger_ui.py
[2026-07-20T06:04:40.913+0000] {logging_mixin.py:188} INFO - [2026-07-20T06:04:40.912+0000] {dag.py:3089} INFO - Sync 1 DAGs
[2026-07-20T06:04:40.921+0000] {logging_mixin.py:188} INFO - [2026-07-20T06:04:40.921+0000] {dag.py:3947} INFO - Setting next_dagrun for example_params_trigger_ui to None, run_after=None
[2026-07-20T06:04:40.939+0000] {processor.py:183} INFO - Processing /workspaces/recomart-recommendation-pipeline/airflow_venv/lib/python3.12/site-packages/airflow/example_dags/example_params_trigger_ui.py took 0.076 seconds
[2026-07-20T06:05:48.775+0000] {processor.py:161} INFO - Started process (PID=61886) to work on /workspaces/recomart-recommendation-pipeline/airflow_venv/lib/python3.12/site-packages/airflow/example_dags/example_params_trigger_ui.py
[2026-07-20T06:05:48.778+0000] {processor.py:830} INFO - Processing file /workspaces/recomart-recommendation-pipeline/airflow_venv/lib/python3.12/site-packages/airflow/example_dags/example_params_trigger_ui.py for tasks to queue
[2026-07-20T06:05:48.780+0000] {logging_mixin.py:188} INFO - [2026-07-20T06:05:48.780+0000] {dagbag.py:545} INFO - Filling up the DagBag from /workspaces/recomart-recommendation-pipeline/airflow_venv/lib/python3.12/site-packages/airflow/example_dags/example_params_trigger_ui.py
[2026-07-20T06:05:48.790+0000] {processor.py:840} INFO - DAG(s) 'example_params_trigger_ui' retrieved from /workspaces/recomart-recommendation-pipeline/airflow_venv/lib/python3.12/site-packages/airflow/example_dags/example_params_trigger_ui.py
[2026-07-20T06:05:48.864+0000] {logging_mixin.py:188} INFO - [2026-07-20T06:05:48.864+0000] {dag.py:3089} INFO - Sync 1 DAGs
[2026-07-20T06:05:48.882+0000] {logging_mixin.py:188} INFO - [2026-07-20T06:05:48.882+0000] {dag.py:3947} INFO - Setting next_dagrun for example_params_trigger_ui to None, run_after=None
[2026-07-20T06:05:48.944+0000] {processor.py:183} INFO - Processing /workspaces/recomart-recommendation-pipeline/airflow_venv/lib/python3.12/site-packages/airflow/example_dags/example_params_trigger_ui.py took 0.177 seconds
[2026-07-20T06:06:34.763+0000] {processor.py:161} INFO - Started process (PID=62207) to work on /workspaces/recomart-recommendation-pipeline/airflow_venv/lib/python3.12/site-packages/airflow/example_dags/example_params_trigger_ui.py
[2026-07-20T06:06:34.764+0000] {processor.py:830} INFO - Processing file /workspaces/recomart-recommendation-pipeline/airflow_venv/lib/python3.12/site-packages/airflow/example_dags/example_params_trigger_ui.py for tasks to queue
[2026-07-20T06:06:34.767+0000] {logging_mixin.py:188} INFO - [2026-07-20T06:06:34.765+0000] {dagbag.py:545} INFO - Filling up the DagBag from /workspaces/recomart-recommendation-pipeline/airflow_venv/lib/python3.12/site-packages/airflow/example_dags/example_params_trigger_ui.py
[2026-07-20T06:06:34.784+0000] {processor.py:840} INFO - DAG(s) 'example_params_trigger_ui' retrieved from /workspaces/recomart-recommendation-pipeline/airflow_venv/lib/python3.12/site-packages/airflow/example_dags/example_params_trigger_ui.py
[2026-07-20T06:06:34.836+0000] {logging_mixin.py:188} INFO - [2026-07-20T06:06:34.835+0000] {dag.py:3089} INFO - Sync 1 DAGs
[2026-07-20T06:06:34.849+0000] {logging_mixin.py:188} INFO - [2026-07-20T06:06:34.849+0000] {dag.py:3947} INFO - Setting next_dagrun for example_params_trigger_ui to None, run_after=None
[2026-07-20T06:06:35.144+0000] {processor.py:183} INFO - Processing /workspaces/recomart-recommendation-pipeline/airflow_venv/lib/python3.12/site-packages/airflow/example_dags/example_params_trigger_ui.py took 0.391 seconds
[2026-07-20T06:07:23.531+0000] {processor.py:161} INFO - Started process (PID=62622) to work on /workspaces/recomart-recommendation-pipeline/airflow_venv/lib/python3.12/site-packages/airflow/example_dags/example_params_trigger_ui.py
[2026-07-20T06:07:23.532+0000] {processor.py:830} INFO - Processing file /workspaces/recomart-recommendation-pipeline/airflow_venv/lib/python3.12/site-packages/airflow/example_dags/example_params_trigger_ui.py for tasks to queue
[2026-07-20T06:07:23.533+0000] {logging_mixin.py:188} INFO - [2026-07-20T06:07:23.533+0000] {dagbag.py:545} INFO - Filling up the DagBag from /workspaces/recomart-recommendation-pipeline/airflow_venv/lib/python3.12/site-packages/airflow/example_dags/example_params_trigger_ui.py
[2026-07-20T06:07:23.541+0000] {processor.py:840} INFO - DAG(s) 'example_params_trigger_ui' retrieved from /workspaces/recomart-recommendation-pipeline/airflow_venv/lib/python3.12/site-packages/airflow/example_dags/example_params_trigger_ui.py
[2026-07-20T06:07:23.573+0000] {logging_mixin.py:188} INFO - [2026-07-20T06:07:23.573+0000] {dag.py:3089} INFO - Sync 1 DAGs
[2026-07-20T06:07:23.586+0000] {logging_mixin.py:188} INFO - [2026-07-20T06:07:23.585+0000] {dag.py:3947} INFO - Setting next_dagrun for example_params_trigger_ui to None, run_after=None
[2026-07-20T06:07:23.605+0000] {processor.py:183} INFO - Processing /workspaces/recomart-recommendation-pipeline/airflow_venv/lib/python3.12/site-packages/airflow/example_dags/example_params_trigger_ui.py took 0.079 seconds
[2026-07-20T06:09:09.249+0000] {processor.py:161} INFO - Started process (PID=63697) to work on /workspaces/recomart-recommendation-pipeline/airflow_venv/lib/python3.12/site-packages/airflow/example_dags/example_params_trigger_ui.py
[2026-07-20T06:09:09.251+0000] {processor.py:830} INFO - Processing file /workspaces/recomart-recommendation-pipeline/airflow_venv/lib/python3.12/site-packages/airflow/example_dags/example_params_trigger_ui.py for tasks to queue
[2026-07-20T06:09:09.253+0000] {logging_mixin.py:188} INFO - [2026-07-20T06:09:09.252+0000] {dagbag.py:545} INFO - Filling up the DagBag from /workspaces/recomart-recommendation-pipeline/airflow_venv/lib/python3.12/site-packages/airflow/example_dags/example_params_trigger_ui.py
[2026-07-20T06:09:09.272+0000] {processor.py:840} INFO - DAG(s) 'example_params_trigger_ui' retrieved from /workspaces/recomart-recommendation-pipeline/airflow_venv/lib/python3.12/site-packages/airflow/example_dags/example_params_trigger_ui.py
[2026-07-20T06:09:09.450+0000] {logging_mixin.py:188} INFO - [2026-07-20T06:09:09.449+0000] {dag.py:3089} INFO - Sync 1 DAGs
[2026-07-20T06:09:09.460+0000] {logging_mixin.py:188} INFO - [2026-07-20T06:09:09.460+0000] {dag.py:3947} INFO - Setting next_dagrun for example_params_trigger_ui to None, run_after=None
[2026-07-20T06:09:09.491+0000] {processor.py:183} INFO - Processing /workspaces/recomart-recommendation-pipeline/airflow_venv/lib/python3.12/site-packages/airflow/example_dags/example_params_trigger_ui.py took 0.250 seconds
[2026-07-20T06:10:06.536+0000] {processor.py:161} INFO - Started process (PID=64162) to work on /workspaces/recomart-recommendation-pipeline/airflow_venv/lib/python3.12/site-packages/airflow/example_dags/example_params_trigger_ui.py
[2026-07-20T06:10:06.537+0000] {processor.py:830} INFO - Processing file /workspaces/recomart-recommendation-pipeline/airflow_venv/lib/python3.12/site-packages/airflow/example_dags/example_params_trigger_ui.py for tasks to queue
[2026-07-20T06:10:06.538+0000] {logging_mixin.py:188} INFO - [2026-07-20T06:10:06.538+0000] {dagbag.py:545} INFO - Filling up the DagBag from /workspaces/recomart-recommendation-pipeline/airflow_venv/lib/python3.12/site-packages/airflow/example_dags/example_params_trigger_ui.py
[2026-07-20T06:10:06.545+0000] {processor.py:840} INFO - DAG(s) 'example_params_trigger_ui' retrieved from /workspaces/recomart-recommendation-pipeline/airflow_venv/lib/python3.12/site-packages/airflow/example_dags/example_params_trigger_ui.py
[2026-07-20T06:10:06.579+0000] {logging_mixin.py:188} INFO - [2026-07-20T06:10:06.579+0000] {dag.py:3089} INFO - Sync 1 DAGs
[2026-07-20T06:10:06.591+0000] {logging_mixin.py:188} INFO - [2026-07-20T06:10:06.591+0000] {dag.py:3947} INFO - Setting next_dagrun for example_params_trigger_ui to None, run_after=None
[2026-07-20T06:10:06.608+0000] {processor.py:183} INFO - Processing /workspaces/recomart-recommendation-pipeline/airflow_venv/lib/python3.12/site-packages/airflow/example_dags/example_params_trigger_ui.py took 0.076 seconds
[2026-07-20T06:10:57.025+0000] {processor.py:161} INFO - Started process (PID=64579) to work on /workspaces/recomart-recommendation-pipeline/airflow_venv/lib/python3.12/site-packages/airflow/example_dags/example_params_trigger_ui.py
[2026-07-20T06:10:57.026+0000] {processor.py:830} INFO - Processing file /workspaces/recomart-recommendation-pipeline/airflow_venv/lib/python3.12/site-packages/airflow/example_dags/example_params_trigger_ui.py for tasks to queue
[2026-07-20T06:10:57.027+0000] {logging_mixin.py:188} INFO - [2026-07-20T06:10:57.027+0000] {dagbag.py:545} INFO - Filling up the DagBag from /workspaces/recomart-recommendation-pipeline/airflow_venv/lib/python3.12/site-packages/airflow/example_dags/example_params_trigger_ui.py
[2026-07-20T06:10:57.034+0000] {processor.py:840} INFO - DAG(s) 'example_params_trigger_ui' retrieved from /workspaces/recomart-recommendation-pipeline/airflow_venv/lib/python3.12/site-packages/airflow/example_dags/example_params_trigger_ui.py
[2026-07-20T06:10:57.065+0000] {logging_mixin.py:188} INFO - [2026-07-20T06:10:57.065+0000] {dag.py:3089} INFO - Sync 1 DAGs
[2026-07-20T06:10:57.076+0000] {logging_mixin.py:188} INFO - [2026-07-20T06:10:57.076+0000] {dag.py:3947} INFO - Setting next_dagrun for example_params_trigger_ui to None, run_after=None
[2026-07-20T06:10:57.098+0000] {processor.py:183} INFO - Processing /workspaces/recomart-recommendation-pipeline/airflow_venv/lib/python3.12/site-packages/airflow/example_dags/example_params_trigger_ui.py took 0.077 seconds
[2026-07-20T06:11:45.526+0000] {processor.py:161} INFO - Started process (PID=65175) to work on /workspaces/recomart-recommendation-pipeline/airflow_venv/lib/python3.12/site-packages/airflow/example_dags/example_params_trigger_ui.py
[2026-07-20T06:11:45.527+0000] {processor.py:830} INFO - Processing file /workspaces/recomart-recommendation-pipeline/airflow_venv/lib/python3.12/site-packages/airflow/example_dags/example_params_trigger_ui.py for tasks to queue
[2026-07-20T06:11:45.528+0000] {logging_mixin.py:188} INFO - [2026-07-20T06:11:45.528+0000] {dagbag.py:545} INFO - Filling up the DagBag from /workspaces/recomart-recommendation-pipeline/airflow_venv/lib/python3.12/site-packages/airflow/example_dags/example_params_trigger_ui.py
[2026-07-20T06:11:45.535+0000] {processor.py:840} INFO - DAG(s) 'example_params_trigger_ui' retrieved from /workspaces/recomart-recommendation-pipeline/airflow_venv/lib/python3.12/site-packages/airflow/example_dags/example_params_trigger_ui.py
[2026-07-20T06:11:45.566+0000] {logging_mixin.py:188} INFO - [2026-07-20T06:11:45.566+0000] {dag.py:3089} INFO - Sync 1 DAGs
[2026-07-20T06:11:45.577+0000] {logging_mixin.py:188} INFO - [2026-07-20T06:11:45.577+0000] {dag.py:3947} INFO - Setting next_dagrun for example_params_trigger_ui to None, run_after=None
[2026-07-20T06:11:45.595+0000] {processor.py:183} INFO - Processing /workspaces/recomart-recommendation-pipeline/airflow_venv/lib/python3.12/site-packages/airflow/example_dags/example_params_trigger_ui.py took 0.074 seconds
[2026-07-20T06:12:48.890+0000] {processor.py:161} INFO - Started process (PID=65695) to work on /workspaces/recomart-recommendation-pipeline/airflow_venv/lib/python3.12/site-packages/airflow/example_dags/example_params_trigger_ui.py
[2026-07-20T06:12:48.891+0000] {processor.py:830} INFO - Processing file /workspaces/recomart-recommendation-pipeline/airflow_venv/lib/python3.12/site-packages/airflow/example_dags/example_params_trigger_ui.py for tasks to queue
[2026-07-20T06:12:48.892+0000] {logging_mixin.py:188} INFO - [2026-07-20T06:12:48.892+0000] {dagbag.py:545} INFO - Filling up the DagBag from /workspaces/recomart-recommendation-pipeline/airflow_venv/lib/python3.12/site-packages/airflow/example_dags/example_params_trigger_ui.py
[2026-07-20T06:12:48.900+0000] {processor.py:840} INFO - DAG(s) 'example_params_trigger_ui' retrieved from /workspaces/recomart-recommendation-pipeline/airflow_venv/lib/python3.12/site-packages/airflow/example_dags/example_params_trigger_ui.py
[2026-07-20T06:12:48.935+0000] {logging_mixin.py:188} INFO - [2026-07-20T06:12:48.935+0000] {dag.py:3089} INFO - Sync 1 DAGs
[2026-07-20T06:12:48.944+0000] {logging_mixin.py:188} INFO - [2026-07-20T06:12:48.944+0000] {dag.py:3947} INFO - Setting next_dagrun for example_params_trigger_ui to None, run_after=None
[2026-07-20T06:12:48.962+0000] {processor.py:183} INFO - Processing /workspaces/recomart-recommendation-pipeline/airflow_venv/lib/python3.12/site-packages/airflow/example_dags/example_params_trigger_ui.py took 0.076 seconds
[2026-07-20T06:13:53.824+0000] {processor.py:161} INFO - Started process (PID=66327) to work on /workspaces/recomart-recommendation-pipeline/airflow_venv/lib/python3.12/site-packages/airflow/example_dags/example_params_trigger_ui.py
[2026-07-20T06:13:53.825+0000] {processor.py:830} INFO - Processing file /workspaces/recomart-recommendation-pipeline/airflow_venv/lib/python3.12/site-packages/airflow/example_dags/example_params_trigger_ui.py for tasks to queue
[2026-07-20T06:13:53.826+0000] {logging_mixin.py:188} INFO - [2026-07-20T06:13:53.826+0000] {dagbag.py:545} INFO - Filling up the DagBag from /workspaces/recomart-recommendation-pipeline/airflow_venv/lib/python3.12/site-packages/airflow/example_dags/example_params_trigger_ui.py
[2026-07-20T06:13:53.834+0000] {processor.py:840} INFO - DAG(s) 'example_params_trigger_ui' retrieved from /workspaces/recomart-recommendation-pipeline/airflow_venv/lib/python3.12/site-packages/airflow/example_dags/example_params_trigger_ui.py
[2026-07-20T06:13:53.865+0000] {logging_mixin.py:188} INFO - [2026-07-20T06:13:53.864+0000] {dag.py:3089} INFO - Sync 1 DAGs
[2026-07-20T06:13:53.875+0000] {logging_mixin.py:188} INFO - [2026-07-20T06:13:53.875+0000] {dag.py:3947} INFO - Setting next_dagrun for example_params_trigger_ui to None, run_after=None
[2026-07-20T06:13:53.895+0000] {processor.py:183} INFO - Processing /workspaces/recomart-recommendation-pipeline/airflow_venv/lib/python3.12/site-packages/airflow/example_dags/example_params_trigger_ui.py took 0.075 seconds
[2026-07-20T06:14:39.918+0000] {processor.py:161} INFO - Started process (PID=66877) to work on /workspaces/recomart-recommendation-pipeline/airflow_venv/lib/python3.12/site-packages/airflow/example_dags/example_params_trigger_ui.py
[2026-07-20T06:14:39.918+0000] {processor.py:830} INFO - Processing file /workspaces/recomart-recommendation-pipeline/airflow_venv/lib/python3.12/site-packages/airflow/example_dags/example_params_trigger_ui.py for tasks to queue
[2026-07-20T06:14:39.920+0000] {logging_mixin.py:188} INFO - [2026-07-20T06:14:39.919+0000] {dagbag.py:545} INFO - Filling up the DagBag from /workspaces/recomart-recommendation-pipeline/airflow_venv/lib/python3.12/site-packages/airflow/example_dags/example_params_trigger_ui.py
[2026-07-20T06:14:39.929+0000] {processor.py:840} INFO - DAG(s) 'example_params_trigger_ui' retrieved from /workspaces/recomart-recommendation-pipeline/airflow_venv/lib/python3.12/site-packages/airflow/example_dags/example_params_trigger_ui.py
[2026-07-20T06:14:39.978+0000] {logging_mixin.py:188} INFO - [2026-07-20T06:14:39.977+0000] {dag.py:3089} INFO - Sync 1 DAGs
[2026-07-20T06:14:39.992+0000] {logging_mixin.py:188} INFO - [2026-07-20T06:14:39.992+0000] {dag.py:3947} INFO - Setting next_dagrun for example_params_trigger_ui to None, run_after=None
[2026-07-20T06:14:40.013+0000] {processor.py:183} INFO - Processing /workspaces/recomart-recommendation-pipeline/airflow_venv/lib/python3.12/site-packages/airflow/example_dags/example_params_trigger_ui.py took 0.100 seconds
[2026-07-20T06:31:12.197+0000] {processor.py:161} INFO - Started process (PID=73754) to work on /workspaces/recomart-recommendation-pipeline/airflow_venv/lib/python3.12/site-packages/airflow/example_dags/example_params_trigger_ui.py
[2026-07-20T06:31:12.198+0000] {processor.py:830} INFO - Processing file /workspaces/recomart-recommendation-pipeline/airflow_venv/lib/python3.12/site-packages/airflow/example_dags/example_params_trigger_ui.py for tasks to queue
[2026-07-20T06:31:12.199+0000] {logging_mixin.py:188} INFO - [2026-07-20T06:31:12.199+0000] {dagbag.py:545} INFO - Filling up the DagBag from /workspaces/recomart-recommendation-pipeline/airflow_venv/lib/python3.12/site-packages/airflow/example_dags/example_params_trigger_ui.py
[2026-07-20T06:31:12.206+0000] {processor.py:840} INFO - DAG(s) 'example_params_trigger_ui' retrieved from /workspaces/recomart-recommendation-pipeline/airflow_venv/lib/python3.12/site-packages/airflow/example_dags/example_params_trigger_ui.py
[2026-07-20T06:31:12.315+0000] {logging_mixin.py:188} INFO - [2026-07-20T06:31:12.315+0000] {dag.py:3089} INFO - Sync 1 DAGs
[2026-07-20T06:31:12.323+0000] {logging_mixin.py:188} INFO - [2026-07-20T06:31:12.322+0000] {dag.py:3947} INFO - Setting next_dagrun for example_params_trigger_ui to None, run_after=None
[2026-07-20T06:31:12.343+0000] {processor.py:183} INFO - Processing /workspaces/recomart-recommendation-pipeline/airflow_venv/lib/python3.12/site-packages/airflow/example_dags/example_params_trigger_ui.py took 0.151 seconds
[2026-07-20T06:32:08.051+0000] {processor.py:161} INFO - Started process (PID=74401) to work on /workspaces/recomart-recommendation-pipeline/airflow_venv/lib/python3.12/site-packages/airflow/example_dags/example_params_trigger_ui.py
[2026-07-20T06:32:08.052+0000] {processor.py:830} INFO - Processing file /workspaces/recomart-recommendation-pipeline/airflow_venv/lib/python3.12/site-packages/airflow/example_dags/example_params_trigger_ui.py for tasks to queue
[2026-07-20T06:32:08.054+0000] {logging_mixin.py:188} INFO - [2026-07-20T06:32:08.053+0000] {dagbag.py:545} INFO - Filling up the DagBag from /workspaces/recomart-recommendation-pipeline/airflow_venv/lib/python3.12/site-packages/airflow/example_dags/example_params_trigger_ui.py
[2026-07-20T06:32:08.070+0000] {processor.py:840} INFO - DAG(s) 'example_params_trigger_ui' retrieved from /workspaces/recomart-recommendation-pipeline/airflow_venv/lib/python3.12/site-packages/airflow/example_dags/example_params_trigger_ui.py
[2026-07-20T06:32:08.146+0000] {logging_mixin.py:188} INFO - [2026-07-20T06:32:08.146+0000] {dag.py:3089} INFO - Sync 1 DAGs
[2026-07-20T06:32:08.166+0000] {logging_mixin.py:188} INFO - [2026-07-20T06:32:08.166+0000] {dag.py:3947} INFO - Setting next_dagrun for example_params_trigger_ui to None, run_after=None
[2026-07-20T06:32:08.189+0000] {processor.py:183} INFO - Processing /workspaces/recomart-recommendation-pipeline/airflow_venv/lib/python3.12/site-packages/airflow/example_dags/example_params_trigger_ui.py took 0.144 seconds
[2026-07-20T06:32:58.485+0000] {processor.py:161} INFO - Started process (PID=74939) to work on /workspaces/recomart-recommendation-pipeline/airflow_venv/lib/python3.12/site-packages/airflow/example_dags/example_params_trigger_ui.py
[2026-07-20T06:32:58.486+0000] {processor.py:830} INFO - Processing file /workspaces/recomart-recommendation-pipeline/airflow_venv/lib/python3.12/site-packages/airflow/example_dags/example_params_trigger_ui.py for tasks to queue
[2026-07-20T06:32:58.487+0000] {logging_mixin.py:188} INFO - [2026-07-20T06:32:58.487+0000] {dagbag.py:545} INFO - Filling up the DagBag from /workspaces/recomart-recommendation-pipeline/airflow_venv/lib/python3.12/site-packages/airflow/example_dags/example_params_trigger_ui.py
[2026-07-20T06:32:58.495+0000] {processor.py:840} INFO - DAG(s) 'example_params_trigger_ui' retrieved from /workspaces/recomart-recommendation-pipeline/airflow_venv/lib/python3.12/site-packages/airflow/example_dags/example_params_trigger_ui.py
[2026-07-20T06:32:58.525+0000] {logging_mixin.py:188} INFO - [2026-07-20T06:32:58.525+0000] {dag.py:3089} INFO - Sync 1 DAGs
[2026-07-20T06:32:58.534+0000] {logging_mixin.py:188} INFO - [2026-07-20T06:32:58.534+0000] {dag.py:3947} INFO - Setting next_dagrun for example_params_trigger_ui to None, run_after=None
[2026-07-20T06:32:58.553+0000] {processor.py:183} INFO - Processing /workspaces/recomart-recommendation-pipeline/airflow_venv/lib/python3.12/site-packages/airflow/example_dags/example_params_trigger_ui.py took 0.074 seconds
[2026-07-20T06:34:21.175+0000] {processor.py:161} INFO - Started process (PID=76104) to work on /workspaces/recomart-recommendation-pipeline/airflow_venv/lib/python3.12/site-packages/airflow/example_dags/example_params_trigger_ui.py
[2026-07-20T06:34:21.178+0000] {processor.py:830} INFO - Processing file /workspaces/recomart-recommendation-pipeline/airflow_venv/lib/python3.12/site-packages/airflow/example_dags/example_params_trigger_ui.py for tasks to queue
[2026-07-20T06:34:21.182+0000] {logging_mixin.py:188} INFO - [2026-07-20T06:34:21.180+0000] {dagbag.py:545} INFO - Filling up the DagBag from /workspaces/recomart-recommendation-pipeline/airflow_venv/lib/python3.12/site-packages/airflow/example_dags/example_params_trigger_ui.py
[2026-07-20T06:34:21.193+0000] {processor.py:840} INFO - DAG(s) 'example_params_trigger_ui' retrieved from /workspaces/recomart-recommendation-pipeline/airflow_venv/lib/python3.12/site-packages/airflow/example_dags/example_params_trigger_ui.py
[2026-07-20T06:34:21.241+0000] {logging_mixin.py:188} INFO - [2026-07-20T06:34:21.240+0000] {dag.py:3089} INFO - Sync 1 DAGs
[2026-07-20T06:34:21.250+0000] {logging_mixin.py:188} INFO - [2026-07-20T06:34:21.250+0000] {dag.py:3947} INFO - Setting next_dagrun for example_params_trigger_ui to None, run_after=None
[2026-07-20T06:34:21.272+0000] {processor.py:183} INFO - Processing /workspaces/recomart-recommendation-pipeline/airflow_venv/lib/python3.12/site-packages/airflow/example_dags/example_params_trigger_ui.py took 0.103 seconds
[2026-07-20T06:35:19.084+0000] {processor.py:161} INFO - Started process (PID=77186) to work on /workspaces/recomart-recommendation-pipeline/airflow_venv/lib/python3.12/site-packages/airflow/example_dags/example_params_trigger_ui.py
[2026-07-20T06:35:19.085+0000] {processor.py:830} INFO - Processing file /workspaces/recomart-recommendation-pipeline/airflow_venv/lib/python3.12/site-packages/airflow/example_dags/example_params_trigger_ui.py for tasks to queue
[2026-07-20T06:35:19.086+0000] {logging_mixin.py:188} INFO - [2026-07-20T06:35:19.086+0000] {dagbag.py:545} INFO - Filling up the DagBag from /workspaces/recomart-recommendation-pipeline/airflow_venv/lib/python3.12/site-packages/airflow/example_dags/example_params_trigger_ui.py
[2026-07-20T06:35:19.093+0000] {processor.py:840} INFO - DAG(s) 'example_params_trigger_ui' retrieved from /workspaces/recomart-recommendation-pipeline/airflow_venv/lib/python3.12/site-packages/airflow/example_dags/example_params_trigger_ui.py
[2026-07-20T06:35:19.207+0000] {logging_mixin.py:188} INFO - [2026-07-20T06:35:19.206+0000] {dag.py:3089} INFO - Sync 1 DAGs
[2026-07-20T06:35:19.236+0000] {logging_mixin.py:188} INFO - [2026-07-20T06:35:19.233+0000] {dag.py:3947} INFO - Setting next_dagrun for example_params_trigger_ui to None, run_after=None
[2026-07-20T06:35:19.260+0000] {processor.py:183} INFO - Processing /workspaces/recomart-recommendation-pipeline/airflow_venv/lib/python3.12/site-packages/airflow/example_dags/example_params_trigger_ui.py took 0.182 seconds
[2026-07-20T06:36:06.135+0000] {processor.py:161} INFO - Started process (PID=78143) to work on /workspaces/recomart-recommendation-pipeline/airflow_venv/lib/python3.12/site-packages/airflow/example_dags/example_params_trigger_ui.py
[2026-07-20T06:36:06.136+0000] {processor.py:830} INFO - Processing file /workspaces/recomart-recommendation-pipeline/airflow_venv/lib/python3.12/site-packages/airflow/example_dags/example_params_trigger_ui.py for tasks to queue
[2026-07-20T06:36:06.137+0000] {logging_mixin.py:188} INFO - [2026-07-20T06:36:06.137+0000] {dagbag.py:545} INFO - Filling up the DagBag from /workspaces/recomart-recommendation-pipeline/airflow_venv/lib/python3.12/site-packages/airflow/example_dags/example_params_trigger_ui.py
[2026-07-20T06:36:06.144+0000] {processor.py:840} INFO - DAG(s) 'example_params_trigger_ui' retrieved from /workspaces/recomart-recommendation-pipeline/airflow_venv/lib/python3.12/site-packages/airflow/example_dags/example_params_trigger_ui.py
[2026-07-20T06:36:06.176+0000] {logging_mixin.py:188} INFO - [2026-07-20T06:36:06.176+0000] {dag.py:3089} INFO - Sync 1 DAGs
[2026-07-20T06:36:06.185+0000] {logging_mixin.py:188} INFO - [2026-07-20T06:36:06.185+0000] {dag.py:3947} INFO - Setting next_dagrun for example_params_trigger_ui to None, run_after=None
[2026-07-20T06:36:06.202+0000] {processor.py:183} INFO - Processing /workspaces/recomart-recommendation-pipeline/airflow_venv/lib/python3.12/site-packages/airflow/example_dags/example_params_trigger_ui.py took 0.071 seconds
[2026-07-20T06:37:01.691+0000] {processor.py:161} INFO - Started process (PID=78846) to work on /workspaces/recomart-recommendation-pipeline/airflow_venv/lib/python3.12/site-packages/airflow/example_dags/example_params_trigger_ui.py
[2026-07-20T06:37:01.692+0000] {processor.py:830} INFO - Processing file /workspaces/recomart-recommendation-pipeline/airflow_venv/lib/python3.12/site-packages/airflow/example_dags/example_params_trigger_ui.py for tasks to queue
[2026-07-20T06:37:01.693+0000] {logging_mixin.py:188} INFO - [2026-07-20T06:37:01.693+0000] {dagbag.py:545} INFO - Filling up the DagBag from /workspaces/recomart-recommendation-pipeline/airflow_venv/lib/python3.12/site-packages/airflow/example_dags/example_params_trigger_ui.py
[2026-07-20T06:37:01.700+0000] {processor.py:840} INFO - DAG(s) 'example_params_trigger_ui' retrieved from /workspaces/recomart-recommendation-pipeline/airflow_venv/lib/python3.12/site-packages/airflow/example_dags/example_params_trigger_ui.py
[2026-07-20T06:37:01.731+0000] {logging_mixin.py:188} INFO - [2026-07-20T06:37:01.730+0000] {dag.py:3089} INFO - Sync 1 DAGs
[2026-07-20T06:37:01.836+0000] {logging_mixin.py:188} INFO - [2026-07-20T06:37:01.836+0000] {dag.py:3947} INFO - Setting next_dagrun for example_params_trigger_ui to None, run_after=None
[2026-07-20T06:37:01.852+0000] {processor.py:183} INFO - Processing /workspaces/recomart-recommendation-pipeline/airflow_venv/lib/python3.12/site-packages/airflow/example_dags/example_params_trigger_ui.py took 0.165 seconds
[2026-07-20T06:37:47.008+0000] {processor.py:161} INFO - Started process (PID=79243) to work on /workspaces/recomart-recommendation-pipeline/airflow_venv/lib/python3.12/site-packages/airflow/example_dags/example_params_trigger_ui.py
[2026-07-20T06:37:47.010+0000] {processor.py:830} INFO - Processing file /workspaces/recomart-recommendation-pipeline/airflow_venv/lib/python3.12/site-packages/airflow/example_dags/example_params_trigger_ui.py for tasks to queue
[2026-07-20T06:37:47.012+0000] {logging_mixin.py:188} INFO - [2026-07-20T06:37:47.011+0000] {dagbag.py:545} INFO - Filling up the DagBag from /workspaces/recomart-recommendation-pipeline/airflow_venv/lib/python3.12/site-packages/airflow/example_dags/example_params_trigger_ui.py
[2026-07-20T06:37:47.026+0000] {processor.py:840} INFO - DAG(s) 'example_params_trigger_ui' retrieved from /workspaces/recomart-recommendation-pipeline/airflow_venv/lib/python3.12/site-packages/airflow/example_dags/example_params_trigger_ui.py
[2026-07-20T06:37:47.086+0000] {logging_mixin.py:188} INFO - [2026-07-20T06:37:47.086+0000] {dag.py:3089} INFO - Sync 1 DAGs
[2026-07-20T06:37:47.100+0000] {logging_mixin.py:188} INFO - [2026-07-20T06:37:47.100+0000] {dag.py:3947} INFO - Setting next_dagrun for example_params_trigger_ui to None, run_after=None
[2026-07-20T06:37:47.144+0000] {processor.py:183} INFO - Processing /workspaces/recomart-recommendation-pipeline/airflow_venv/lib/python3.12/site-packages/airflow/example_dags/example_params_trigger_ui.py took 0.143 seconds
[2026-07-20T06:38:35.346+0000] {processor.py:161} INFO - Started process (PID=79585) to work on /workspaces/recomart-recommendation-pipeline/airflow_venv/lib/python3.12/site-packages/airflow/example_dags/example_params_trigger_ui.py
[2026-07-20T06:38:35.346+0000] {processor.py:830} INFO - Processing file /workspaces/recomart-recommendation-pipeline/airflow_venv/lib/python3.12/site-packages/airflow/example_dags/example_params_trigger_ui.py for tasks to queue
[2026-07-20T06:38:35.348+0000] {logging_mixin.py:188} INFO - [2026-07-20T06:38:35.347+0000] {dagbag.py:545} INFO - Filling up the DagBag from /workspaces/recomart-recommendation-pipeline/airflow_venv/lib/python3.12/site-packages/airflow/example_dags/example_params_trigger_ui.py
[2026-07-20T06:38:35.355+0000] {processor.py:840} INFO - DAG(s) 'example_params_trigger_ui' retrieved from /workspaces/recomart-recommendation-pipeline/airflow_venv/lib/python3.12/site-packages/airflow/example_dags/example_params_trigger_ui.py
[2026-07-20T06:38:35.532+0000] {logging_mixin.py:188} INFO - [2026-07-20T06:38:35.532+0000] {dag.py:3089} INFO - Sync 1 DAGs
[2026-07-20T06:38:35.540+0000] {logging_mixin.py:188} INFO - [2026-07-20T06:38:35.540+0000] {dag.py:3947} INFO - Setting next_dagrun for example_params_trigger_ui to None, run_after=None
[2026-07-20T06:38:35.558+0000] {processor.py:183} INFO - Processing /workspaces/recomart-recommendation-pipeline/airflow_venv/lib/python3.12/site-packages/airflow/example_dags/example_params_trigger_ui.py took 0.217 seconds
[2026-07-20T06:39:22.394+0000] {processor.py:161} INFO - Started process (PID=79995) to work on /workspaces/recomart-recommendation-pipeline/airflow_venv/lib/python3.12/site-packages/airflow/example_dags/example_params_trigger_ui.py
[2026-07-20T06:39:22.394+0000] {processor.py:830} INFO - Processing file /workspaces/recomart-recommendation-pipeline/airflow_venv/lib/python3.12/site-packages/airflow/example_dags/example_params_trigger_ui.py for tasks to queue
[2026-07-20T06:39:22.396+0000] {logging_mixin.py:188} INFO - [2026-07-20T06:39:22.395+0000] {dagbag.py:545} INFO - Filling up the DagBag from /workspaces/recomart-recommendation-pipeline/airflow_venv/lib/python3.12/site-packages/airflow/example_dags/example_params_trigger_ui.py
[2026-07-20T06:39:22.403+0000] {processor.py:840} INFO - DAG(s) 'example_params_trigger_ui' retrieved from /workspaces/recomart-recommendation-pipeline/airflow_venv/lib/python3.12/site-packages/airflow/example_dags/example_params_trigger_ui.py
[2026-07-20T06:39:22.433+0000] {logging_mixin.py:188} INFO - [2026-07-20T06:39:22.433+0000] {dag.py:3089} INFO - Sync 1 DAGs
[2026-07-20T06:39:22.442+0000] {logging_mixin.py:188} INFO - [2026-07-20T06:39:22.441+0000] {dag.py:3947} INFO - Setting next_dagrun for example_params_trigger_ui to None, run_after=None
[2026-07-20T06:39:22.459+0000] {processor.py:183} INFO - Processing /workspaces/recomart-recommendation-pipeline/airflow_venv/lib/python3.12/site-packages/airflow/example_dags/example_params_trigger_ui.py took 0.071 seconds
[2026-07-20T06:40:10.574+0000] {processor.py:161} INFO - Started process (PID=80405) to work on /workspaces/recomart-recommendation-pipeline/airflow_venv/lib/python3.12/site-packages/airflow/example_dags/example_params_trigger_ui.py
[2026-07-20T06:40:10.575+0000] {processor.py:830} INFO - Processing file /workspaces/recomart-recommendation-pipeline/airflow_venv/lib/python3.12/site-packages/airflow/example_dags/example_params_trigger_ui.py for tasks to queue
[2026-07-20T06:40:10.577+0000] {logging_mixin.py:188} INFO - [2026-07-20T06:40:10.576+0000] {dagbag.py:545} INFO - Filling up the DagBag from /workspaces/recomart-recommendation-pipeline/airflow_venv/lib/python3.12/site-packages/airflow/example_dags/example_params_trigger_ui.py
[2026-07-20T06:40:10.687+0000] {processor.py:840} INFO - DAG(s) 'example_params_trigger_ui' retrieved from /workspaces/recomart-recommendation-pipeline/airflow_venv/lib/python3.12/site-packages/airflow/example_dags/example_params_trigger_ui.py
[2026-07-20T06:40:10.715+0000] {logging_mixin.py:188} INFO - [2026-07-20T06:40:10.715+0000] {dag.py:3089} INFO - Sync 1 DAGs
[2026-07-20T06:40:10.722+0000] {logging_mixin.py:188} INFO - [2026-07-20T06:40:10.722+0000] {dag.py:3947} INFO - Setting next_dagrun for example_params_trigger_ui to None, run_after=None
[2026-07-20T06:40:10.742+0000] {processor.py:183} INFO - Processing /workspaces/recomart-recommendation-pipeline/airflow_venv/lib/python3.12/site-packages/airflow/example_dags/example_params_trigger_ui.py took 0.174 seconds
[2026-07-20T06:41:00.234+0000] {processor.py:161} INFO - Started process (PID=80868) to work on /workspaces/recomart-recommendation-pipeline/airflow_venv/lib/python3.12/site-packages/airflow/example_dags/example_params_trigger_ui.py
[2026-07-20T06:41:00.234+0000] {processor.py:830} INFO - Processing file /workspaces/recomart-recommendation-pipeline/airflow_venv/lib/python3.12/site-packages/airflow/example_dags/example_params_trigger_ui.py for tasks to queue
[2026-07-20T06:41:00.236+0000] {logging_mixin.py:188} INFO - [2026-07-20T06:41:00.236+0000] {dagbag.py:545} INFO - Filling up the DagBag from /workspaces/recomart-recommendation-pipeline/airflow_venv/lib/python3.12/site-packages/airflow/example_dags/example_params_trigger_ui.py
[2026-07-20T06:41:00.243+0000] {processor.py:840} INFO - DAG(s) 'example_params_trigger_ui' retrieved from /workspaces/recomart-recommendation-pipeline/airflow_venv/lib/python3.12/site-packages/airflow/example_dags/example_params_trigger_ui.py
[2026-07-20T06:41:00.281+0000] {logging_mixin.py:188} INFO - [2026-07-20T06:41:00.280+0000] {dag.py:3089} INFO - Sync 1 DAGs
[2026-07-20T06:41:00.293+0000] {logging_mixin.py:188} INFO - [2026-07-20T06:41:00.292+0000] {dag.py:3947} INFO - Setting next_dagrun for example_params_trigger_ui to None, run_after=None
[2026-07-20T06:41:00.310+0000] {processor.py:183} INFO - Processing /workspaces/recomart-recommendation-pipeline/airflow_venv/lib/python3.12/site-packages/airflow/example_dags/example_params_trigger_ui.py took 0.081 seconds
[2026-07-20T06:41:46.628+0000] {processor.py:161} INFO - Started process (PID=81276) to work on /workspaces/recomart-recommendation-pipeline/airflow_venv/lib/python3.12/site-packages/airflow/example_dags/example_params_trigger_ui.py
[2026-07-20T06:41:46.629+0000] {processor.py:830} INFO - Processing file /workspaces/recomart-recommendation-pipeline/airflow_venv/lib/python3.12/site-packages/airflow/example_dags/example_params_trigger_ui.py for tasks to queue
[2026-07-20T06:41:46.631+0000] {logging_mixin.py:188} INFO - [2026-07-20T06:41:46.630+0000] {dagbag.py:545} INFO - Filling up the DagBag from /workspaces/recomart-recommendation-pipeline/airflow_venv/lib/python3.12/site-packages/airflow/example_dags/example_params_trigger_ui.py
[2026-07-20T06:41:46.642+0000] {processor.py:840} INFO - DAG(s) 'example_params_trigger_ui' retrieved from /workspaces/recomart-recommendation-pipeline/airflow_venv/lib/python3.12/site-packages/airflow/example_dags/example_params_trigger_ui.py
[2026-07-20T06:41:46.688+0000] {logging_mixin.py:188} INFO - [2026-07-20T06:41:46.688+0000] {dag.py:3089} INFO - Sync 1 DAGs
[2026-07-20T06:41:46.697+0000] {logging_mixin.py:188} INFO - [2026-07-20T06:41:46.697+0000] {dag.py:3947} INFO - Setting next_dagrun for example_params_trigger_ui to None, run_after=None
[2026-07-20T06:41:46.713+0000] {processor.py:183} INFO - Processing /workspaces/recomart-recommendation-pipeline/airflow_venv/lib/python3.12/site-packages/airflow/example_dags/example_params_trigger_ui.py took 0.092 seconds
[2026-07-20T06:42:34.360+0000] {processor.py:161} INFO - Started process (PID=81629) to work on /workspaces/recomart-recommendation-pipeline/airflow_venv/lib/python3.12/site-packages/airflow/example_dags/example_params_trigger_ui.py
[2026-07-20T06:42:34.360+0000] {processor.py:830} INFO - Processing file /workspaces/recomart-recommendation-pipeline/airflow_venv/lib/python3.12/site-packages/airflow/example_dags/example_params_trigger_ui.py for tasks to queue
[2026-07-20T06:42:34.362+0000] {logging_mixin.py:188} INFO - [2026-07-20T06:42:34.361+0000] {dagbag.py:545} INFO - Filling up the DagBag from /workspaces/recomart-recommendation-pipeline/airflow_venv/lib/python3.12/site-packages/airflow/example_dags/example_params_trigger_ui.py
[2026-07-20T06:42:34.369+0000] {processor.py:840} INFO - DAG(s) 'example_params_trigger_ui' retrieved from /workspaces/recomart-recommendation-pipeline/airflow_venv/lib/python3.12/site-packages/airflow/example_dags/example_params_trigger_ui.py
[2026-07-20T06:42:34.404+0000] {logging_mixin.py:188} INFO - [2026-07-20T06:42:34.404+0000] {dag.py:3089} INFO - Sync 1 DAGs
[2026-07-20T06:42:34.413+0000] {logging_mixin.py:188} INFO - [2026-07-20T06:42:34.413+0000] {dag.py:3947} INFO - Setting next_dagrun for example_params_trigger_ui to None, run_after=None
[2026-07-20T06:42:34.430+0000] {processor.py:183} INFO - Processing /workspaces/recomart-recommendation-pipeline/airflow_venv/lib/python3.12/site-packages/airflow/example_dags/example_params_trigger_ui.py took 0.074 seconds
[2026-07-20T06:43:21.100+0000] {processor.py:161} INFO - Started process (PID=82017) to work on /workspaces/recomart-recommendation-pipeline/airflow_venv/lib/python3.12/site-packages/airflow/example_dags/example_params_trigger_ui.py
[2026-07-20T06:43:21.100+0000] {processor.py:830} INFO - Processing file /workspaces/recomart-recommendation-pipeline/airflow_venv/lib/python3.12/site-packages/airflow/example_dags/example_params_trigger_ui.py for tasks to queue
[2026-07-20T06:43:21.102+0000] {logging_mixin.py:188} INFO - [2026-07-20T06:43:21.101+0000] {dagbag.py:545} INFO - Filling up the DagBag from /workspaces/recomart-recommendation-pipeline/airflow_venv/lib/python3.12/site-packages/airflow/example_dags/example_params_trigger_ui.py
[2026-07-20T06:43:21.109+0000] {processor.py:840} INFO - DAG(s) 'example_params_trigger_ui' retrieved from /workspaces/recomart-recommendation-pipeline/airflow_venv/lib/python3.12/site-packages/airflow/example_dags/example_params_trigger_ui.py
[2026-07-20T06:43:21.145+0000] {logging_mixin.py:188} INFO - [2026-07-20T06:43:21.145+0000] {dag.py:3089} INFO - Sync 1 DAGs
[2026-07-20T06:43:21.154+0000] {logging_mixin.py:188} INFO - [2026-07-20T06:43:21.154+0000] {dag.py:3947} INFO - Setting next_dagrun for example_params_trigger_ui to None, run_after=None
[2026-07-20T06:43:21.175+0000] {processor.py:183} INFO - Processing /workspaces/recomart-recommendation-pipeline/airflow_venv/lib/python3.12/site-packages/airflow/example_dags/example_params_trigger_ui.py took 0.080 seconds
[2026-07-20T06:44:11.003+0000] {processor.py:161} INFO - Started process (PID=82441) to work on /workspaces/recomart-recommendation-pipeline/airflow_venv/lib/python3.12/site-packages/airflow/example_dags/example_params_trigger_ui.py
[2026-07-20T06:44:11.007+0000] {processor.py:830} INFO - Processing file /workspaces/recomart-recommendation-pipeline/airflow_venv/lib/python3.12/site-packages/airflow/example_dags/example_params_trigger_ui.py for tasks to queue
[2026-07-20T06:44:11.009+0000] {logging_mixin.py:188} INFO - [2026-07-20T06:44:11.009+0000] {dagbag.py:545} INFO - Filling up the DagBag from /workspaces/recomart-recommendation-pipeline/airflow_venv/lib/python3.12/site-packages/airflow/example_dags/example_params_trigger_ui.py
[2026-07-20T06:44:11.025+0000] {processor.py:840} INFO - DAG(s) 'example_params_trigger_ui' retrieved from /workspaces/recomart-recommendation-pipeline/airflow_venv/lib/python3.12/site-packages/airflow/example_dags/example_params_trigger_ui.py
[2026-07-20T06:44:11.086+0000] {logging_mixin.py:188} INFO - [2026-07-20T06:44:11.086+0000] {dag.py:3089} INFO - Sync 1 DAGs
[2026-07-20T06:44:11.100+0000] {logging_mixin.py:188} INFO - [2026-07-20T06:44:11.100+0000] {dag.py:3947} INFO - Setting next_dagrun for example_params_trigger_ui to None, run_after=None
[2026-07-20T06:44:11.173+0000] {processor.py:183} INFO - Processing /workspaces/recomart-recommendation-pipeline/airflow_venv/lib/python3.12/site-packages/airflow/example_dags/example_params_trigger_ui.py took 0.181 seconds
[2026-07-20T06:44:55.295+0000] {processor.py:161} INFO - Started process (PID=82823) to work on /workspaces/recomart-recommendation-pipeline/airflow_venv/lib/python3.12/site-packages/airflow/example_dags/example_params_trigger_ui.py
[2026-07-20T06:44:55.296+0000] {processor.py:830} INFO - Processing file /workspaces/recomart-recommendation-pipeline/airflow_venv/lib/python3.12/site-packages/airflow/example_dags/example_params_trigger_ui.py for tasks to queue
[2026-07-20T06:44:55.297+0000] {logging_mixin.py:188} INFO - [2026-07-20T06:44:55.297+0000] {dagbag.py:545} INFO - Filling up the DagBag from /workspaces/recomart-recommendation-pipeline/airflow_venv/lib/python3.12/site-packages/airflow/example_dags/example_params_trigger_ui.py
[2026-07-20T06:44:55.305+0000] {processor.py:840} INFO - DAG(s) 'example_params_trigger_ui' retrieved from /workspaces/recomart-recommendation-pipeline/airflow_venv/lib/python3.12/site-packages/airflow/example_dags/example_params_trigger_ui.py
[2026-07-20T06:44:55.335+0000] {logging_mixin.py:188} INFO - [2026-07-20T06:44:55.335+0000] {dag.py:3089} INFO - Sync 1 DAGs
[2026-07-20T06:44:55.344+0000] {logging_mixin.py:188} INFO - [2026-07-20T06:44:55.344+0000] {dag.py:3947} INFO - Setting next_dagrun for example_params_trigger_ui to None, run_after=None
[2026-07-20T06:44:55.360+0000] {processor.py:183} INFO - Processing /workspaces/recomart-recommendation-pipeline/airflow_venv/lib/python3.12/site-packages/airflow/example_dags/example_params_trigger_ui.py took 0.071 seconds
[2026-07-20T06:45:58.343+0000] {processor.py:161} INFO - Started process (PID=83412) to work on /workspaces/recomart-recommendation-pipeline/airflow_venv/lib/python3.12/site-packages/airflow/example_dags/example_params_trigger_ui.py
[2026-07-20T06:45:58.344+0000] {processor.py:830} INFO - Processing file /workspaces/recomart-recommendation-pipeline/airflow_venv/lib/python3.12/site-packages/airflow/example_dags/example_params_trigger_ui.py for tasks to queue
[2026-07-20T06:45:58.345+0000] {logging_mixin.py:188} INFO - [2026-07-20T06:45:58.345+0000] {dagbag.py:545} INFO - Filling up the DagBag from /workspaces/recomart-recommendation-pipeline/airflow_venv/lib/python3.12/site-packages/airflow/example_dags/example_params_trigger_ui.py
[2026-07-20T06:45:58.352+0000] {processor.py:840} INFO - DAG(s) 'example_params_trigger_ui' retrieved from /workspaces/recomart-recommendation-pipeline/airflow_venv/lib/python3.12/site-packages/airflow/example_dags/example_params_trigger_ui.py
[2026-07-20T06:45:58.388+0000] {logging_mixin.py:188} INFO - [2026-07-20T06:45:58.388+0000] {dag.py:3089} INFO - Sync 1 DAGs
[2026-07-20T06:45:58.398+0000] {logging_mixin.py:188} INFO - [2026-07-20T06:45:58.398+0000] {dag.py:3947} INFO - Setting next_dagrun for example_params_trigger_ui to None, run_after=None
[2026-07-20T06:45:58.415+0000] {processor.py:183} INFO - Processing /workspaces/recomart-recommendation-pipeline/airflow_venv/lib/python3.12/site-packages/airflow/example_dags/example_params_trigger_ui.py took 0.076 seconds
[2026-07-20T06:46:43.243+0000] {processor.py:161} INFO - Started process (PID=83793) to work on /workspaces/recomart-recommendation-pipeline/airflow_venv/lib/python3.12/site-packages/airflow/example_dags/example_params_trigger_ui.py
[2026-07-20T06:46:43.244+0000] {processor.py:830} INFO - Processing file /workspaces/recomart-recommendation-pipeline/airflow_venv/lib/python3.12/site-packages/airflow/example_dags/example_params_trigger_ui.py for tasks to queue
[2026-07-20T06:46:43.245+0000] {logging_mixin.py:188} INFO - [2026-07-20T06:46:43.245+0000] {dagbag.py:545} INFO - Filling up the DagBag from /workspaces/recomart-recommendation-pipeline/airflow_venv/lib/python3.12/site-packages/airflow/example_dags/example_params_trigger_ui.py
[2026-07-20T06:46:43.254+0000] {processor.py:840} INFO - DAG(s) 'example_params_trigger_ui' retrieved from /workspaces/recomart-recommendation-pipeline/airflow_venv/lib/python3.12/site-packages/airflow/example_dags/example_params_trigger_ui.py
[2026-07-20T06:46:43.291+0000] {logging_mixin.py:188} INFO - [2026-07-20T06:46:43.291+0000] {dag.py:3089} INFO - Sync 1 DAGs
[2026-07-20T06:46:43.300+0000] {logging_mixin.py:188} INFO - [2026-07-20T06:46:43.300+0000] {dag.py:3947} INFO - Setting next_dagrun for example_params_trigger_ui to None, run_after=None
[2026-07-20T06:46:43.316+0000] {processor.py:183} INFO - Processing /workspaces/recomart-recommendation-pipeline/airflow_venv/lib/python3.12/site-packages/airflow/example_dags/example_params_trigger_ui.py took 0.078 seconds
[2026-07-20T06:47:45.522+0000] {processor.py:161} INFO - Started process (PID=84310) to work on /workspaces/recomart-recommendation-pipeline/airflow_venv/lib/python3.12/site-packages/airflow/example_dags/example_params_trigger_ui.py
[2026-07-20T06:47:45.523+0000] {processor.py:830} INFO - Processing file /workspaces/recomart-recommendation-pipeline/airflow_venv/lib/python3.12/site-packages/airflow/example_dags/example_params_trigger_ui.py for tasks to queue
[2026-07-20T06:47:45.525+0000] {logging_mixin.py:188} INFO - [2026-07-20T06:47:45.524+0000] {dagbag.py:545} INFO - Filling up the DagBag from /workspaces/recomart-recommendation-pipeline/airflow_venv/lib/python3.12/site-packages/airflow/example_dags/example_params_trigger_ui.py
[2026-07-20T06:47:45.532+0000] {processor.py:840} INFO - DAG(s) 'example_params_trigger_ui' retrieved from /workspaces/recomart-recommendation-pipeline/airflow_venv/lib/python3.12/site-packages/airflow/example_dags/example_params_trigger_ui.py
[2026-07-20T06:47:45.564+0000] {logging_mixin.py:188} INFO - [2026-07-20T06:47:45.564+0000] {dag.py:3089} INFO - Sync 1 DAGs
[2026-07-20T06:47:45.576+0000] {logging_mixin.py:188} INFO - [2026-07-20T06:47:45.575+0000] {dag.py:3947} INFO - Setting next_dagrun for example_params_trigger_ui to None, run_after=None
[2026-07-20T06:47:45.595+0000] {processor.py:183} INFO - Processing /workspaces/recomart-recommendation-pipeline/airflow_venv/lib/python3.12/site-packages/airflow/example_dags/example_params_trigger_ui.py took 0.079 seconds
[2026-07-20T06:48:48.969+0000] {processor.py:161} INFO - Started process (PID=84824) to work on /workspaces/recomart-recommendation-pipeline/airflow_venv/lib/python3.12/site-packages/airflow/example_dags/example_params_trigger_ui.py
[2026-07-20T06:48:48.971+0000] {processor.py:830} INFO - Processing file /workspaces/recomart-recommendation-pipeline/airflow_venv/lib/python3.12/site-packages/airflow/example_dags/example_params_trigger_ui.py for tasks to queue
[2026-07-20T06:48:48.974+0000] {logging_mixin.py:188} INFO - [2026-07-20T06:48:48.973+0000] {dagbag.py:545} INFO - Filling up the DagBag from /workspaces/recomart-recommendation-pipeline/airflow_venv/lib/python3.12/site-packages/airflow/example_dags/example_params_trigger_ui.py
[2026-07-20T06:48:48.988+0000] {processor.py:840} INFO - DAG(s) 'example_params_trigger_ui' retrieved from /workspaces/recomart-recommendation-pipeline/airflow_venv/lib/python3.12/site-packages/airflow/example_dags/example_params_trigger_ui.py
[2026-07-20T06:48:49.041+0000] {logging_mixin.py:188} INFO - [2026-07-20T06:48:49.040+0000] {dag.py:3089} INFO - Sync 1 DAGs
[2026-07-20T06:48:49.055+0000] {logging_mixin.py:188} INFO - [2026-07-20T06:48:49.055+0000] {dag.py:3947} INFO - Setting next_dagrun for example_params_trigger_ui to None, run_after=None
[2026-07-20T06:48:49.100+0000] {processor.py:183} INFO - Processing /workspaces/recomart-recommendation-pipeline/airflow_venv/lib/python3.12/site-packages/airflow/example_dags/example_params_trigger_ui.py took 0.146 seconds
[2026-07-20T06:49:51.319+0000] {processor.py:161} INFO - Started process (PID=85459) to work on /workspaces/recomart-recommendation-pipeline/airflow_venv/lib/python3.12/site-packages/airflow/example_dags/example_params_trigger_ui.py
[2026-07-20T06:49:51.320+0000] {processor.py:830} INFO - Processing file /workspaces/recomart-recommendation-pipeline/airflow_venv/lib/python3.12/site-packages/airflow/example_dags/example_params_trigger_ui.py for tasks to queue
[2026-07-20T06:49:51.321+0000] {logging_mixin.py:188} INFO - [2026-07-20T06:49:51.321+0000] {dagbag.py:545} INFO - Filling up the DagBag from /workspaces/recomart-recommendation-pipeline/airflow_venv/lib/python3.12/site-packages/airflow/example_dags/example_params_trigger_ui.py
[2026-07-20T06:49:51.328+0000] {processor.py:840} INFO - DAG(s) 'example_params_trigger_ui' retrieved from /workspaces/recomart-recommendation-pipeline/airflow_venv/lib/python3.12/site-packages/airflow/example_dags/example_params_trigger_ui.py
[2026-07-20T06:49:51.362+0000] {logging_mixin.py:188} INFO - [2026-07-20T06:49:51.362+0000] {dag.py:3089} INFO - Sync 1 DAGs
[2026-07-20T06:49:51.371+0000] {logging_mixin.py:188} INFO - [2026-07-20T06:49:51.371+0000] {dag.py:3947} INFO - Setting next_dagrun for example_params_trigger_ui to None, run_after=None
[2026-07-20T06:49:51.391+0000] {processor.py:183} INFO - Processing /workspaces/recomart-recommendation-pipeline/airflow_venv/lib/python3.12/site-packages/airflow/example_dags/example_params_trigger_ui.py took 0.077 seconds
[2026-07-20T06:50:58.482+0000] {processor.py:161} INFO - Started process (PID=86263) to work on /workspaces/recomart-recommendation-pipeline/airflow_venv/lib/python3.12/site-packages/airflow/example_dags/example_params_trigger_ui.py
[2026-07-20T06:50:58.483+0000] {processor.py:830} INFO - Processing file /workspaces/recomart-recommendation-pipeline/airflow_venv/lib/python3.12/site-packages/airflow/example_dags/example_params_trigger_ui.py for tasks to queue
[2026-07-20T06:50:58.487+0000] {logging_mixin.py:188} INFO - [2026-07-20T06:50:58.485+0000] {dagbag.py:545} INFO - Filling up the DagBag from /workspaces/recomart-recommendation-pipeline/airflow_venv/lib/python3.12/site-packages/airflow/example_dags/example_params_trigger_ui.py
[2026-07-20T06:50:58.502+0000] {processor.py:840} INFO - DAG(s) 'example_params_trigger_ui' retrieved from /workspaces/recomart-recommendation-pipeline/airflow_venv/lib/python3.12/site-packages/airflow/example_dags/example_params_trigger_ui.py
[2026-07-20T06:50:58.561+0000] {logging_mixin.py:188} INFO - [2026-07-20T06:50:58.561+0000] {dag.py:3089} INFO - Sync 1 DAGs
[2026-07-20T06:50:58.588+0000] {logging_mixin.py:188} INFO - [2026-07-20T06:50:58.588+0000] {dag.py:3947} INFO - Setting next_dagrun for example_params_trigger_ui to None, run_after=None
[2026-07-20T06:50:58.621+0000] {processor.py:183} INFO - Processing /workspaces/recomart-recommendation-pipeline/airflow_venv/lib/python3.12/site-packages/airflow/example_dags/example_params_trigger_ui.py took 0.147 seconds
[2026-07-20T06:51:45.133+0000] {processor.py:161} INFO - Started process (PID=86645) to work on /workspaces/recomart-recommendation-pipeline/airflow_venv/lib/python3.12/site-packages/airflow/example_dags/example_params_trigger_ui.py
[2026-07-20T06:51:45.134+0000] {processor.py:830} INFO - Processing file /workspaces/recomart-recommendation-pipeline/airflow_venv/lib/python3.12/site-packages/airflow/example_dags/example_params_trigger_ui.py for tasks to queue
[2026-07-20T06:51:45.136+0000] {logging_mixin.py:188} INFO - [2026-07-20T06:51:45.136+0000] {dagbag.py:545} INFO - Filling up the DagBag from /workspaces/recomart-recommendation-pipeline/airflow_venv/lib/python3.12/site-packages/airflow/example_dags/example_params_trigger_ui.py
[2026-07-20T06:51:45.148+0000] {processor.py:840} INFO - DAG(s) 'example_params_trigger_ui' retrieved from /workspaces/recomart-recommendation-pipeline/airflow_venv/lib/python3.12/site-packages/airflow/example_dags/example_params_trigger_ui.py
[2026-07-20T06:51:45.204+0000] {logging_mixin.py:188} INFO - [2026-07-20T06:51:45.204+0000] {dag.py:3089} INFO - Sync 1 DAGs
[2026-07-20T06:51:45.219+0000] {logging_mixin.py:188} INFO - [2026-07-20T06:51:45.219+0000] {dag.py:3947} INFO - Setting next_dagrun for example_params_trigger_ui to None, run_after=None
[2026-07-20T06:51:45.286+0000] {processor.py:183} INFO - Processing /workspaces/recomart-recommendation-pipeline/airflow_venv/lib/python3.12/site-packages/airflow/example_dags/example_params_trigger_ui.py took 0.160 seconds
[2026-07-20T06:58:12.517+0000] {processor.py:161} INFO - Started process (PID=89751) to work on /workspaces/recomart-recommendation-pipeline/airflow_venv/lib/python3.12/site-packages/airflow/example_dags/example_params_trigger_ui.py
[2026-07-20T06:58:12.520+0000] {processor.py:830} INFO - Processing file /workspaces/recomart-recommendation-pipeline/airflow_venv/lib/python3.12/site-packages/airflow/example_dags/example_params_trigger_ui.py for tasks to queue
[2026-07-20T06:58:12.521+0000] {logging_mixin.py:188} INFO - [2026-07-20T06:58:12.521+0000] {dagbag.py:545} INFO - Filling up the DagBag from /workspaces/recomart-recommendation-pipeline/airflow_venv/lib/python3.12/site-packages/airflow/example_dags/example_params_trigger_ui.py
[2026-07-20T06:58:12.529+0000] {processor.py:840} INFO - DAG(s) 'example_params_trigger_ui' retrieved from /workspaces/recomart-recommendation-pipeline/airflow_venv/lib/python3.12/site-packages/airflow/example_dags/example_params_trigger_ui.py
[2026-07-20T06:58:12.639+0000] {logging_mixin.py:188} INFO - [2026-07-20T06:58:12.638+0000] {dag.py:3089} INFO - Sync 1 DAGs
[2026-07-20T06:58:12.646+0000] {logging_mixin.py:188} INFO - [2026-07-20T06:58:12.646+0000] {dag.py:3947} INFO - Setting next_dagrun for example_params_trigger_ui to None, run_after=None
[2026-07-20T06:58:12.665+0000] {processor.py:183} INFO - Processing /workspaces/recomart-recommendation-pipeline/airflow_venv/lib/python3.12/site-packages/airflow/example_dags/example_params_trigger_ui.py took 0.152 seconds
[2026-07-20T06:59:38.813+0000] {processor.py:161} INFO - Started process (PID=91080) to work on /workspaces/recomart-recommendation-pipeline/airflow_venv/lib/python3.12/site-packages/airflow/example_dags/example_params_trigger_ui.py
[2026-07-20T06:59:38.814+0000] {processor.py:830} INFO - Processing file /workspaces/recomart-recommendation-pipeline/airflow_venv/lib/python3.12/site-packages/airflow/example_dags/example_params_trigger_ui.py for tasks to queue
[2026-07-20T06:59:38.815+0000] {logging_mixin.py:188} INFO - [2026-07-20T06:59:38.815+0000] {dagbag.py:545} INFO - Filling up the DagBag from /workspaces/recomart-recommendation-pipeline/airflow_venv/lib/python3.12/site-packages/airflow/example_dags/example_params_trigger_ui.py
[2026-07-20T06:59:38.822+0000] {processor.py:840} INFO - DAG(s) 'example_params_trigger_ui' retrieved from /workspaces/recomart-recommendation-pipeline/airflow_venv/lib/python3.12/site-packages/airflow/example_dags/example_params_trigger_ui.py
[2026-07-20T06:59:38.855+0000] {logging_mixin.py:188} INFO - [2026-07-20T06:59:38.855+0000] {dag.py:3089} INFO - Sync 1 DAGs
[2026-07-20T06:59:38.863+0000] {logging_mixin.py:188} INFO - [2026-07-20T06:59:38.863+0000] {dag.py:3947} INFO - Setting next_dagrun for example_params_trigger_ui to None, run_after=None
[2026-07-20T06:59:38.881+0000] {processor.py:183} INFO - Processing /workspaces/recomart-recommendation-pipeline/airflow_venv/lib/python3.12/site-packages/airflow/example_dags/example_params_trigger_ui.py took 0.072 seconds
[2026-07-20T07:00:40.820+0000] {processor.py:161} INFO - Started process (PID=91875) to work on /workspaces/recomart-recommendation-pipeline/airflow_venv/lib/python3.12/site-packages/airflow/example_dags/example_params_trigger_ui.py
[2026-07-20T07:00:40.820+0000] {processor.py:830} INFO - Processing file /workspaces/recomart-recommendation-pipeline/airflow_venv/lib/python3.12/site-packages/airflow/example_dags/example_params_trigger_ui.py for tasks to queue
[2026-07-20T07:00:40.822+0000] {logging_mixin.py:188} INFO - [2026-07-20T07:00:40.822+0000] {dagbag.py:545} INFO - Filling up the DagBag from /workspaces/recomart-recommendation-pipeline/airflow_venv/lib/python3.12/site-packages/airflow/example_dags/example_params_trigger_ui.py
[2026-07-20T07:00:40.830+0000] {processor.py:840} INFO - DAG(s) 'example_params_trigger_ui' retrieved from /workspaces/recomart-recommendation-pipeline/airflow_venv/lib/python3.12/site-packages/airflow/example_dags/example_params_trigger_ui.py
[2026-07-20T07:00:40.863+0000] {logging_mixin.py:188} INFO - [2026-07-20T07:00:40.862+0000] {dag.py:3089} INFO - Sync 1 DAGs
[2026-07-20T07:00:40.873+0000] {logging_mixin.py:188} INFO - [2026-07-20T07:00:40.873+0000] {dag.py:3947} INFO - Setting next_dagrun for example_params_trigger_ui to None, run_after=None
[2026-07-20T07:00:40.894+0000] {processor.py:183} INFO - Processing /workspaces/recomart-recommendation-pipeline/airflow_venv/lib/python3.12/site-packages/airflow/example_dags/example_params_trigger_ui.py took 0.079 seconds
[2026-07-20T07:01:33.011+0000] {processor.py:161} INFO - Started process (PID=92292) to work on /workspaces/recomart-recommendation-pipeline/airflow_venv/lib/python3.12/site-packages/airflow/example_dags/example_params_trigger_ui.py
[2026-07-20T07:01:33.012+0000] {processor.py:830} INFO - Processing file /workspaces/recomart-recommendation-pipeline/airflow_venv/lib/python3.12/site-packages/airflow/example_dags/example_params_trigger_ui.py for tasks to queue
[2026-07-20T07:01:33.013+0000] {logging_mixin.py:188} INFO - [2026-07-20T07:01:33.013+0000] {dagbag.py:545} INFO - Filling up the DagBag from /workspaces/recomart-recommendation-pipeline/airflow_venv/lib/python3.12/site-packages/airflow/example_dags/example_params_trigger_ui.py
[2026-07-20T07:01:33.025+0000] {processor.py:840} INFO - DAG(s) 'example_params_trigger_ui' retrieved from /workspaces/recomart-recommendation-pipeline/airflow_venv/lib/python3.12/site-packages/airflow/example_dags/example_params_trigger_ui.py
[2026-07-20T07:01:33.077+0000] {logging_mixin.py:188} INFO - [2026-07-20T07:01:33.077+0000] {dag.py:3089} INFO - Sync 1 DAGs
[2026-07-20T07:01:33.091+0000] {logging_mixin.py:188} INFO - [2026-07-20T07:01:33.090+0000] {dag.py:3947} INFO - Setting next_dagrun for example_params_trigger_ui to None, run_after=None
[2026-07-20T07:01:33.134+0000] {processor.py:183} INFO - Processing /workspaces/recomart-recommendation-pipeline/airflow_venv/lib/python3.12/site-packages/airflow/example_dags/example_params_trigger_ui.py took 0.129 seconds
