[2026-07-20T05:59:16.311+0000] {processor.py:161} INFO - Started process (PID=58271) to work on /workspaces/recomart-recommendation-pipeline/airflow_venv/lib/python3.12/site-packages/airflow/example_dags/example_latest_only_with_trigger.py
[2026-07-20T05:59:16.312+0000] {processor.py:830} INFO - Processing file /workspaces/recomart-recommendation-pipeline/airflow_venv/lib/python3.12/site-packages/airflow/example_dags/example_latest_only_with_trigger.py for tasks to queue
[2026-07-20T05:59:16.313+0000] {logging_mixin.py:188} INFO - [2026-07-20T05:59:16.313+0000] {dagbag.py:545} INFO - Filling up the DagBag from /workspaces/recomart-recommendation-pipeline/airflow_venv/lib/python3.12/site-packages/airflow/example_dags/example_latest_only_with_trigger.py
[2026-07-20T05:59:16.317+0000] {processor.py:840} INFO - DAG(s) 'latest_only_with_trigger' retrieved from /workspaces/recomart-recommendation-pipeline/airflow_venv/lib/python3.12/site-packages/airflow/example_dags/example_latest_only_with_trigger.py
[2026-07-20T05:59:16.466+0000] {logging_mixin.py:188} INFO - [2026-07-20T05:59:16.465+0000] {override.py:1858} INFO - Created Permission View: can read on DAG:latest_only_with_trigger
[2026-07-20T05:59:16.481+0000] {logging_mixin.py:188} INFO - [2026-07-20T05:59:16.481+0000] {override.py:1858} INFO - Created Permission View: can edit on DAG:latest_only_with_trigger
[2026-07-20T05:59:16.493+0000] {logging_mixin.py:188} INFO - [2026-07-20T05:59:16.493+0000] {override.py:1858} INFO - Created Permission View: can delete on DAG:latest_only_with_trigger
[2026-07-20T05:59:16.494+0000] {logging_mixin.py:188} INFO - [2026-07-20T05:59:16.494+0000] {dag.py:3089} INFO - Sync 1 DAGs
[2026-07-20T05:59:16.512+0000] {logging_mixin.py:188} INFO - [2026-07-20T05:59:16.511+0000] {dag.py:3111} INFO - Creating ORM DAG for latest_only_with_trigger
[2026-07-20T05:59:16.544+0000] {logging_mixin.py:188} INFO - [2026-07-20T05:59:16.544+0000] {dag.py:3947} INFO - Setting next_dagrun for latest_only_with_trigger to 2026-07-20 00:00:00+00:00, run_after=2026-07-20 04:00:00+00:00
[2026-07-20T05:59:16.578+0000] {processor.py:183} INFO - Processing /workspaces/recomart-recommendation-pipeline/airflow_venv/lib/python3.12/site-packages/airflow/example_dags/example_latest_only_with_trigger.py took 0.271 seconds
[2026-07-20T06:00:11.218+0000] {processor.py:161} INFO - Started process (PID=58724) to work on /workspaces/recomart-recommendation-pipeline/airflow_venv/lib/python3.12/site-packages/airflow/example_dags/example_latest_only_with_trigger.py
[2026-07-20T06:00:11.219+0000] {processor.py:830} INFO - Processing file /workspaces/recomart-recommendation-pipeline/airflow_venv/lib/python3.12/site-packages/airflow/example_dags/example_latest_only_with_trigger.py for tasks to queue
[2026-07-20T06:00:11.220+0000] {logging_mixin.py:188} INFO - [2026-07-20T06:00:11.220+0000] {dagbag.py:545} INFO - Filling up the DagBag from /workspaces/recomart-recommendation-pipeline/airflow_venv/lib/python3.12/site-packages/airflow/example_dags/example_latest_only_with_trigger.py
[2026-07-20T06:00:11.225+0000] {processor.py:840} INFO - DAG(s) 'latest_only_with_trigger' retrieved from /workspaces/recomart-recommendation-pipeline/airflow_venv/lib/python3.12/site-packages/airflow/example_dags/example_latest_only_with_trigger.py
[2026-07-20T06:00:11.237+0000] {logging_mixin.py:188} INFO - [2026-07-20T06:00:11.237+0000] {dag.py:3089} INFO - Sync 1 DAGs
[2026-07-20T06:00:11.259+0000] {logging_mixin.py:188} INFO - [2026-07-20T06:00:11.259+0000] {dag.py:3947} INFO - Setting next_dagrun for latest_only_with_trigger to 2026-07-20 00:00:00+00:00, run_after=2026-07-20 04:00:00+00:00
[2026-07-20T06:00:11.277+0000] {processor.py:183} INFO - Processing /workspaces/recomart-recommendation-pipeline/airflow_venv/lib/python3.12/site-packages/airflow/example_dags/example_latest_only_with_trigger.py took 0.063 seconds
[2026-07-20T06:01:01.440+0000] {processor.py:161} INFO - Started process (PID=59275) to work on /workspaces/recomart-recommendation-pipeline/airflow_venv/lib/python3.12/site-packages/airflow/example_dags/example_latest_only_with_trigger.py
[2026-07-20T06:01:01.441+0000] {processor.py:830} INFO - Processing file /workspaces/recomart-recommendation-pipeline/airflow_venv/lib/python3.12/site-packages/airflow/example_dags/example_latest_only_with_trigger.py for tasks to queue
[2026-07-20T06:01:01.443+0000] {logging_mixin.py:188} INFO - [2026-07-20T06:01:01.442+0000] {dagbag.py:545} INFO - Filling up the DagBag from /workspaces/recomart-recommendation-pipeline/airflow_venv/lib/python3.12/site-packages/airflow/example_dags/example_latest_only_with_trigger.py
[2026-07-20T06:01:01.447+0000] {processor.py:840} INFO - DAG(s) 'latest_only_with_trigger' retrieved from /workspaces/recomart-recommendation-pipeline/airflow_venv/lib/python3.12/site-packages/airflow/example_dags/example_latest_only_with_trigger.py
[2026-07-20T06:01:01.459+0000] {logging_mixin.py:188} INFO - [2026-07-20T06:01:01.459+0000] {dag.py:3089} INFO - Sync 1 DAGs
[2026-07-20T06:01:01.475+0000] {logging_mixin.py:188} INFO - [2026-07-20T06:01:01.474+0000] {dag.py:3947} INFO - Setting next_dagrun for latest_only_with_trigger to 2026-07-20 00:00:00+00:00, run_after=2026-07-20 04:00:00+00:00
[2026-07-20T06:01:01.495+0000] {processor.py:183} INFO - Processing /workspaces/recomart-recommendation-pipeline/airflow_venv/lib/python3.12/site-packages/airflow/example_dags/example_latest_only_with_trigger.py took 0.059 seconds
[2026-07-20T06:01:51.538+0000] {processor.py:161} INFO - Started process (PID=59878) to work on /workspaces/recomart-recommendation-pipeline/airflow_venv/lib/python3.12/site-packages/airflow/example_dags/example_latest_only_with_trigger.py
[2026-07-20T06:01:51.539+0000] {processor.py:830} INFO - Processing file /workspaces/recomart-recommendation-pipeline/airflow_venv/lib/python3.12/site-packages/airflow/example_dags/example_latest_only_with_trigger.py for tasks to queue
[2026-07-20T06:01:51.541+0000] {logging_mixin.py:188} INFO - [2026-07-20T06:01:51.540+0000] {dagbag.py:545} INFO - Filling up the DagBag from /workspaces/recomart-recommendation-pipeline/airflow_venv/lib/python3.12/site-packages/airflow/example_dags/example_latest_only_with_trigger.py
[2026-07-20T06:01:51.545+0000] {processor.py:840} INFO - DAG(s) 'latest_only_with_trigger' retrieved from /workspaces/recomart-recommendation-pipeline/airflow_venv/lib/python3.12/site-packages/airflow/example_dags/example_latest_only_with_trigger.py
[2026-07-20T06:01:51.558+0000] {logging_mixin.py:188} INFO - [2026-07-20T06:01:51.558+0000] {dag.py:3089} INFO - Sync 1 DAGs
[2026-07-20T06:01:51.574+0000] {logging_mixin.py:188} INFO - [2026-07-20T06:01:51.574+0000] {dag.py:3947} INFO - Setting next_dagrun for latest_only_with_trigger to 2026-07-20 00:00:00+00:00, run_after=2026-07-20 04:00:00+00:00
[2026-07-20T06:01:51.593+0000] {processor.py:183} INFO - Processing /workspaces/recomart-recommendation-pipeline/airflow_venv/lib/python3.12/site-packages/airflow/example_dags/example_latest_only_with_trigger.py took 0.059 seconds
[2026-07-20T06:02:56.384+0000] {processor.py:161} INFO - Started process (PID=60396) to work on /workspaces/recomart-recommendation-pipeline/airflow_venv/lib/python3.12/site-packages/airflow/example_dags/example_latest_only_with_trigger.py
[2026-07-20T06:02:56.385+0000] {processor.py:830} INFO - Processing file /workspaces/recomart-recommendation-pipeline/airflow_venv/lib/python3.12/site-packages/airflow/example_dags/example_latest_only_with_trigger.py for tasks to queue
[2026-07-20T06:02:56.386+0000] {logging_mixin.py:188} INFO - [2026-07-20T06:02:56.386+0000] {dagbag.py:545} INFO - Filling up the DagBag from /workspaces/recomart-recommendation-pipeline/airflow_venv/lib/python3.12/site-packages/airflow/example_dags/example_latest_only_with_trigger.py
[2026-07-20T06:02:56.390+0000] {processor.py:840} INFO - DAG(s) 'latest_only_with_trigger' retrieved from /workspaces/recomart-recommendation-pipeline/airflow_venv/lib/python3.12/site-packages/airflow/example_dags/example_latest_only_with_trigger.py
[2026-07-20T06:02:56.404+0000] {logging_mixin.py:188} INFO - [2026-07-20T06:02:56.404+0000] {dag.py:3089} INFO - Sync 1 DAGs
[2026-07-20T06:02:56.419+0000] {logging_mixin.py:188} INFO - [2026-07-20T06:02:56.419+0000] {dag.py:3947} INFO - Setting next_dagrun for latest_only_with_trigger to 2026-07-20 00:00:00+00:00, run_after=2026-07-20 04:00:00+00:00
[2026-07-20T06:02:56.439+0000] {processor.py:183} INFO - Processing /workspaces/recomart-recommendation-pipeline/airflow_venv/lib/python3.12/site-packages/airflow/example_dags/example_latest_only_with_trigger.py took 0.060 seconds
[2026-07-20T06:03:57.667+0000] {processor.py:161} INFO - Started process (PID=60958) to work on /workspaces/recomart-recommendation-pipeline/airflow_venv/lib/python3.12/site-packages/airflow/example_dags/example_latest_only_with_trigger.py
[2026-07-20T06:03:57.668+0000] {processor.py:830} INFO - Processing file /workspaces/recomart-recommendation-pipeline/airflow_venv/lib/python3.12/site-packages/airflow/example_dags/example_latest_only_with_trigger.py for tasks to queue
[2026-07-20T06:03:57.670+0000] {logging_mixin.py:188} INFO - [2026-07-20T06:03:57.670+0000] {dagbag.py:545} INFO - Filling up the DagBag from /workspaces/recomart-recommendation-pipeline/airflow_venv/lib/python3.12/site-packages/airflow/example_dags/example_latest_only_with_trigger.py
[2026-07-20T06:03:57.676+0000] {processor.py:840} INFO - DAG(s) 'latest_only_with_trigger' retrieved from /workspaces/recomart-recommendation-pipeline/airflow_venv/lib/python3.12/site-packages/airflow/example_dags/example_latest_only_with_trigger.py
[2026-07-20T06:03:57.693+0000] {logging_mixin.py:188} INFO - [2026-07-20T06:03:57.693+0000] {dag.py:3089} INFO - Sync 1 DAGs
[2026-07-20T06:03:57.709+0000] {logging_mixin.py:188} INFO - [2026-07-20T06:03:57.708+0000] {dag.py:3947} INFO - Setting next_dagrun for latest_only_with_trigger to 2026-07-20 00:00:00+00:00, run_after=2026-07-20 04:00:00+00:00
[2026-07-20T06:03:57.726+0000] {processor.py:183} INFO - Processing /workspaces/recomart-recommendation-pipeline/airflow_venv/lib/python3.12/site-packages/airflow/example_dags/example_latest_only_with_trigger.py took 0.064 seconds
[2026-07-20T06:05:04.275+0000] {processor.py:161} INFO - Started process (PID=61515) to work on /workspaces/recomart-recommendation-pipeline/airflow_venv/lib/python3.12/site-packages/airflow/example_dags/example_latest_only_with_trigger.py
[2026-07-20T06:05:04.276+0000] {processor.py:830} INFO - Processing file /workspaces/recomart-recommendation-pipeline/airflow_venv/lib/python3.12/site-packages/airflow/example_dags/example_latest_only_with_trigger.py for tasks to queue
[2026-07-20T06:05:04.278+0000] {logging_mixin.py:188} INFO - [2026-07-20T06:05:04.278+0000] {dagbag.py:545} INFO - Filling up the DagBag from /workspaces/recomart-recommendation-pipeline/airflow_venv/lib/python3.12/site-packages/airflow/example_dags/example_latest_only_with_trigger.py
[2026-07-20T06:05:04.283+0000] {processor.py:840} INFO - DAG(s) 'latest_only_with_trigger' retrieved from /workspaces/recomart-recommendation-pipeline/airflow_venv/lib/python3.12/site-packages/airflow/example_dags/example_latest_only_with_trigger.py
[2026-07-20T06:05:04.298+0000] {logging_mixin.py:188} INFO - [2026-07-20T06:05:04.298+0000] {dag.py:3089} INFO - Sync 1 DAGs
[2026-07-20T06:05:04.322+0000] {logging_mixin.py:188} INFO - [2026-07-20T06:05:04.321+0000] {dag.py:3947} INFO - Setting next_dagrun for latest_only_with_trigger to 2026-07-20 00:00:00+00:00, run_after=2026-07-20 04:00:00+00:00
[2026-07-20T06:05:04.345+0000] {processor.py:183} INFO - Processing /workspaces/recomart-recommendation-pipeline/airflow_venv/lib/python3.12/site-packages/airflow/example_dags/example_latest_only_with_trigger.py took 0.075 seconds
[2026-07-20T06:06:11.595+0000] {processor.py:161} INFO - Started process (PID=62044) to work on /workspaces/recomart-recommendation-pipeline/airflow_venv/lib/python3.12/site-packages/airflow/example_dags/example_latest_only_with_trigger.py
[2026-07-20T06:06:11.596+0000] {processor.py:830} INFO - Processing file /workspaces/recomart-recommendation-pipeline/airflow_venv/lib/python3.12/site-packages/airflow/example_dags/example_latest_only_with_trigger.py for tasks to queue
[2026-07-20T06:06:11.600+0000] {logging_mixin.py:188} INFO - [2026-07-20T06:06:11.600+0000] {dagbag.py:545} INFO - Filling up the DagBag from /workspaces/recomart-recommendation-pipeline/airflow_venv/lib/python3.12/site-packages/airflow/example_dags/example_latest_only_with_trigger.py
[2026-07-20T06:06:11.607+0000] {processor.py:840} INFO - DAG(s) 'latest_only_with_trigger' retrieved from /workspaces/recomart-recommendation-pipeline/airflow_venv/lib/python3.12/site-packages/airflow/example_dags/example_latest_only_with_trigger.py
[2026-07-20T06:06:11.629+0000] {logging_mixin.py:188} INFO - [2026-07-20T06:06:11.629+0000] {dag.py:3089} INFO - Sync 1 DAGs
[2026-07-20T06:06:11.652+0000] {logging_mixin.py:188} INFO - [2026-07-20T06:06:11.651+0000] {dag.py:3947} INFO - Setting next_dagrun for latest_only_with_trigger to 2026-07-20 00:00:00+00:00, run_after=2026-07-20 04:00:00+00:00
[2026-07-20T06:06:11.782+0000] {processor.py:183} INFO - Processing /workspaces/recomart-recommendation-pipeline/airflow_venv/lib/python3.12/site-packages/airflow/example_dags/example_latest_only_with_trigger.py took 0.195 seconds
[2026-07-20T06:07:00.252+0000] {processor.py:161} INFO - Started process (PID=62460) to work on /workspaces/recomart-recommendation-pipeline/airflow_venv/lib/python3.12/site-packages/airflow/example_dags/example_latest_only_with_trigger.py
[2026-07-20T06:07:00.252+0000] {processor.py:830} INFO - Processing file /workspaces/recomart-recommendation-pipeline/airflow_venv/lib/python3.12/site-packages/airflow/example_dags/example_latest_only_with_trigger.py for tasks to queue
[2026-07-20T06:07:00.254+0000] {logging_mixin.py:188} INFO - [2026-07-20T06:07:00.253+0000] {dagbag.py:545} INFO - Filling up the DagBag from /workspaces/recomart-recommendation-pipeline/airflow_venv/lib/python3.12/site-packages/airflow/example_dags/example_latest_only_with_trigger.py
[2026-07-20T06:07:00.259+0000] {processor.py:840} INFO - DAG(s) 'latest_only_with_trigger' retrieved from /workspaces/recomart-recommendation-pipeline/airflow_venv/lib/python3.12/site-packages/airflow/example_dags/example_latest_only_with_trigger.py
[2026-07-20T06:07:00.398+0000] {logging_mixin.py:188} INFO - [2026-07-20T06:07:00.397+0000] {dag.py:3089} INFO - Sync 1 DAGs
[2026-07-20T06:07:00.411+0000] {logging_mixin.py:188} INFO - [2026-07-20T06:07:00.411+0000] {dag.py:3947} INFO - Setting next_dagrun for latest_only_with_trigger to 2026-07-20 00:00:00+00:00, run_after=2026-07-20 04:00:00+00:00
[2026-07-20T06:07:00.427+0000] {processor.py:183} INFO - Processing /workspaces/recomart-recommendation-pipeline/airflow_venv/lib/python3.12/site-packages/airflow/example_dags/example_latest_only_with_trigger.py took 0.180 seconds
[2026-07-20T06:07:51.008+0000] {processor.py:161} INFO - Started process (PID=62878) to work on /workspaces/recomart-recommendation-pipeline/airflow_venv/lib/python3.12/site-packages/airflow/example_dags/example_latest_only_with_trigger.py
[2026-07-20T06:07:51.009+0000] {processor.py:830} INFO - Processing file /workspaces/recomart-recommendation-pipeline/airflow_venv/lib/python3.12/site-packages/airflow/example_dags/example_latest_only_with_trigger.py for tasks to queue
[2026-07-20T06:07:51.010+0000] {logging_mixin.py:188} INFO - [2026-07-20T06:07:51.010+0000] {dagbag.py:545} INFO - Filling up the DagBag from /workspaces/recomart-recommendation-pipeline/airflow_venv/lib/python3.12/site-packages/airflow/example_dags/example_latest_only_with_trigger.py
[2026-07-20T06:07:51.014+0000] {processor.py:840} INFO - DAG(s) 'latest_only_with_trigger' retrieved from /workspaces/recomart-recommendation-pipeline/airflow_venv/lib/python3.12/site-packages/airflow/example_dags/example_latest_only_with_trigger.py
[2026-07-20T06:07:51.027+0000] {logging_mixin.py:188} INFO - [2026-07-20T06:07:51.027+0000] {dag.py:3089} INFO - Sync 1 DAGs
[2026-07-20T06:07:51.042+0000] {logging_mixin.py:188} INFO - [2026-07-20T06:07:51.042+0000] {dag.py:3947} INFO - Setting next_dagrun for latest_only_with_trigger to 2026-07-20 00:00:00+00:00, run_after=2026-07-20 04:00:00+00:00
[2026-07-20T06:07:51.064+0000] {processor.py:183} INFO - Processing /workspaces/recomart-recommendation-pipeline/airflow_venv/lib/python3.12/site-packages/airflow/example_dags/example_latest_only_with_trigger.py took 0.061 seconds
[2026-07-20T06:09:11.935+0000] {processor.py:161} INFO - Started process (PID=63708) to work on /workspaces/recomart-recommendation-pipeline/airflow_venv/lib/python3.12/site-packages/airflow/example_dags/example_latest_only_with_trigger.py
[2026-07-20T06:09:11.936+0000] {processor.py:830} INFO - Processing file /workspaces/recomart-recommendation-pipeline/airflow_venv/lib/python3.12/site-packages/airflow/example_dags/example_latest_only_with_trigger.py for tasks to queue
[2026-07-20T06:09:11.937+0000] {logging_mixin.py:188} INFO - [2026-07-20T06:09:11.937+0000] {dagbag.py:545} INFO - Filling up the DagBag from /workspaces/recomart-recommendation-pipeline/airflow_venv/lib/python3.12/site-packages/airflow/example_dags/example_latest_only_with_trigger.py
[2026-07-20T06:09:11.941+0000] {processor.py:840} INFO - DAG(s) 'latest_only_with_trigger' retrieved from /workspaces/recomart-recommendation-pipeline/airflow_venv/lib/python3.12/site-packages/airflow/example_dags/example_latest_only_with_trigger.py
[2026-07-20T06:09:12.029+0000] {logging_mixin.py:188} INFO - [2026-07-20T06:09:12.029+0000] {dag.py:3089} INFO - Sync 1 DAGs
[2026-07-20T06:09:12.043+0000] {logging_mixin.py:188} INFO - [2026-07-20T06:09:12.043+0000] {dag.py:3947} INFO - Setting next_dagrun for latest_only_with_trigger to 2026-07-20 00:00:00+00:00, run_after=2026-07-20 04:00:00+00:00
[2026-07-20T06:09:12.060+0000] {processor.py:183} INFO - Processing /workspaces/recomart-recommendation-pipeline/airflow_venv/lib/python3.12/site-packages/airflow/example_dags/example_latest_only_with_trigger.py took 0.128 seconds
[2026-07-20T06:10:08.442+0000] {processor.py:161} INFO - Started process (PID=64172) to work on /workspaces/recomart-recommendation-pipeline/airflow_venv/lib/python3.12/site-packages/airflow/example_dags/example_latest_only_with_trigger.py
[2026-07-20T06:10:08.442+0000] {processor.py:830} INFO - Processing file /workspaces/recomart-recommendation-pipeline/airflow_venv/lib/python3.12/site-packages/airflow/example_dags/example_latest_only_with_trigger.py for tasks to queue
[2026-07-20T06:10:08.444+0000] {logging_mixin.py:188} INFO - [2026-07-20T06:10:08.443+0000] {dagbag.py:545} INFO - Filling up the DagBag from /workspaces/recomart-recommendation-pipeline/airflow_venv/lib/python3.12/site-packages/airflow/example_dags/example_latest_only_with_trigger.py
[2026-07-20T06:10:08.448+0000] {processor.py:840} INFO - DAG(s) 'latest_only_with_trigger' retrieved from /workspaces/recomart-recommendation-pipeline/airflow_venv/lib/python3.12/site-packages/airflow/example_dags/example_latest_only_with_trigger.py
[2026-07-20T06:10:08.460+0000] {logging_mixin.py:188} INFO - [2026-07-20T06:10:08.460+0000] {dag.py:3089} INFO - Sync 1 DAGs
[2026-07-20T06:10:08.478+0000] {logging_mixin.py:188} INFO - [2026-07-20T06:10:08.477+0000] {dag.py:3947} INFO - Setting next_dagrun for latest_only_with_trigger to 2026-07-20 00:00:00+00:00, run_after=2026-07-20 04:00:00+00:00
[2026-07-20T06:10:08.500+0000] {processor.py:183} INFO - Processing /workspaces/recomart-recommendation-pipeline/airflow_venv/lib/python3.12/site-packages/airflow/example_dags/example_latest_only_with_trigger.py took 0.062 seconds
[2026-07-20T06:10:59.051+0000] {processor.py:161} INFO - Started process (PID=64595) to work on /workspaces/recomart-recommendation-pipeline/airflow_venv/lib/python3.12/site-packages/airflow/example_dags/example_latest_only_with_trigger.py
[2026-07-20T06:10:59.052+0000] {processor.py:830} INFO - Processing file /workspaces/recomart-recommendation-pipeline/airflow_venv/lib/python3.12/site-packages/airflow/example_dags/example_latest_only_with_trigger.py for tasks to queue
[2026-07-20T06:10:59.053+0000] {logging_mixin.py:188} INFO - [2026-07-20T06:10:59.053+0000] {dagbag.py:545} INFO - Filling up the DagBag from /workspaces/recomart-recommendation-pipeline/airflow_venv/lib/python3.12/site-packages/airflow/example_dags/example_latest_only_with_trigger.py
[2026-07-20T06:10:59.057+0000] {processor.py:840} INFO - DAG(s) 'latest_only_with_trigger' retrieved from /workspaces/recomart-recommendation-pipeline/airflow_venv/lib/python3.12/site-packages/airflow/example_dags/example_latest_only_with_trigger.py
[2026-07-20T06:10:59.069+0000] {logging_mixin.py:188} INFO - [2026-07-20T06:10:59.069+0000] {dag.py:3089} INFO - Sync 1 DAGs
[2026-07-20T06:10:59.087+0000] {logging_mixin.py:188} INFO - [2026-07-20T06:10:59.087+0000] {dag.py:3947} INFO - Setting next_dagrun for latest_only_with_trigger to 2026-07-20 00:00:00+00:00, run_after=2026-07-20 04:00:00+00:00
[2026-07-20T06:10:59.105+0000] {processor.py:183} INFO - Processing /workspaces/recomart-recommendation-pipeline/airflow_venv/lib/python3.12/site-packages/airflow/example_dags/example_latest_only_with_trigger.py took 0.058 seconds
[2026-07-20T06:11:47.159+0000] {processor.py:161} INFO - Started process (PID=65185) to work on /workspaces/recomart-recommendation-pipeline/airflow_venv/lib/python3.12/site-packages/airflow/example_dags/example_latest_only_with_trigger.py
[2026-07-20T06:11:47.160+0000] {processor.py:830} INFO - Processing file /workspaces/recomart-recommendation-pipeline/airflow_venv/lib/python3.12/site-packages/airflow/example_dags/example_latest_only_with_trigger.py for tasks to queue
[2026-07-20T06:11:47.162+0000] {logging_mixin.py:188} INFO - [2026-07-20T06:11:47.161+0000] {dagbag.py:545} INFO - Filling up the DagBag from /workspaces/recomart-recommendation-pipeline/airflow_venv/lib/python3.12/site-packages/airflow/example_dags/example_latest_only_with_trigger.py
[2026-07-20T06:11:47.168+0000] {processor.py:840} INFO - DAG(s) 'latest_only_with_trigger' retrieved from /workspaces/recomart-recommendation-pipeline/airflow_venv/lib/python3.12/site-packages/airflow/example_dags/example_latest_only_with_trigger.py
[2026-07-20T06:11:47.187+0000] {logging_mixin.py:188} INFO - [2026-07-20T06:11:47.187+0000] {dag.py:3089} INFO - Sync 1 DAGs
[2026-07-20T06:11:47.205+0000] {logging_mixin.py:188} INFO - [2026-07-20T06:11:47.204+0000] {dag.py:3947} INFO - Setting next_dagrun for latest_only_with_trigger to 2026-07-20 00:00:00+00:00, run_after=2026-07-20 04:00:00+00:00
[2026-07-20T06:11:47.222+0000] {processor.py:183} INFO - Processing /workspaces/recomart-recommendation-pipeline/airflow_venv/lib/python3.12/site-packages/airflow/example_dags/example_latest_only_with_trigger.py took 0.070 seconds
[2026-07-20T06:12:50.556+0000] {processor.py:161} INFO - Started process (PID=65699) to work on /workspaces/recomart-recommendation-pipeline/airflow_venv/lib/python3.12/site-packages/airflow/example_dags/example_latest_only_with_trigger.py
[2026-07-20T06:12:50.557+0000] {processor.py:830} INFO - Processing file /workspaces/recomart-recommendation-pipeline/airflow_venv/lib/python3.12/site-packages/airflow/example_dags/example_latest_only_with_trigger.py for tasks to queue
[2026-07-20T06:12:50.560+0000] {logging_mixin.py:188} INFO - [2026-07-20T06:12:50.560+0000] {dagbag.py:545} INFO - Filling up the DagBag from /workspaces/recomart-recommendation-pipeline/airflow_venv/lib/python3.12/site-packages/airflow/example_dags/example_latest_only_with_trigger.py
[2026-07-20T06:12:50.569+0000] {processor.py:840} INFO - DAG(s) 'latest_only_with_trigger' retrieved from /workspaces/recomart-recommendation-pipeline/airflow_venv/lib/python3.12/site-packages/airflow/example_dags/example_latest_only_with_trigger.py
[2026-07-20T06:12:50.601+0000] {logging_mixin.py:188} INFO - [2026-07-20T06:12:50.601+0000] {dag.py:3089} INFO - Sync 1 DAGs
[2026-07-20T06:12:50.640+0000] {logging_mixin.py:188} INFO - [2026-07-20T06:12:50.640+0000] {dag.py:3947} INFO - Setting next_dagrun for latest_only_with_trigger to 2026-07-20 00:00:00+00:00, run_after=2026-07-20 04:00:00+00:00
[2026-07-20T06:12:50.738+0000] {processor.py:183} INFO - Processing /workspaces/recomart-recommendation-pipeline/airflow_venv/lib/python3.12/site-packages/airflow/example_dags/example_latest_only_with_trigger.py took 0.193 seconds
[2026-07-20T06:13:56.097+0000] {processor.py:161} INFO - Started process (PID=66386) to work on /workspaces/recomart-recommendation-pipeline/airflow_venv/lib/python3.12/site-packages/airflow/example_dags/example_latest_only_with_trigger.py
[2026-07-20T06:13:56.098+0000] {processor.py:830} INFO - Processing file /workspaces/recomart-recommendation-pipeline/airflow_venv/lib/python3.12/site-packages/airflow/example_dags/example_latest_only_with_trigger.py for tasks to queue
[2026-07-20T06:13:56.099+0000] {logging_mixin.py:188} INFO - [2026-07-20T06:13:56.099+0000] {dagbag.py:545} INFO - Filling up the DagBag from /workspaces/recomart-recommendation-pipeline/airflow_venv/lib/python3.12/site-packages/airflow/example_dags/example_latest_only_with_trigger.py
[2026-07-20T06:13:56.104+0000] {processor.py:840} INFO - DAG(s) 'latest_only_with_trigger' retrieved from /workspaces/recomart-recommendation-pipeline/airflow_venv/lib/python3.12/site-packages/airflow/example_dags/example_latest_only_with_trigger.py
[2026-07-20T06:13:56.116+0000] {logging_mixin.py:188} INFO - [2026-07-20T06:13:56.116+0000] {dag.py:3089} INFO - Sync 1 DAGs
[2026-07-20T06:13:56.131+0000] {logging_mixin.py:188} INFO - [2026-07-20T06:13:56.131+0000] {dag.py:3947} INFO - Setting next_dagrun for latest_only_with_trigger to 2026-07-20 00:00:00+00:00, run_after=2026-07-20 04:00:00+00:00
[2026-07-20T06:13:56.263+0000] {processor.py:183} INFO - Processing /workspaces/recomart-recommendation-pipeline/airflow_venv/lib/python3.12/site-packages/airflow/example_dags/example_latest_only_with_trigger.py took 0.170 seconds
[2026-07-20T06:15:02.990+0000] {processor.py:161} INFO - Started process (PID=67135) to work on /workspaces/recomart-recommendation-pipeline/airflow_venv/lib/python3.12/site-packages/airflow/example_dags/example_latest_only_with_trigger.py
[2026-07-20T06:15:02.991+0000] {processor.py:830} INFO - Processing file /workspaces/recomart-recommendation-pipeline/airflow_venv/lib/python3.12/site-packages/airflow/example_dags/example_latest_only_with_trigger.py for tasks to queue
[2026-07-20T06:15:02.992+0000] {logging_mixin.py:188} INFO - [2026-07-20T06:15:02.992+0000] {dagbag.py:545} INFO - Filling up the DagBag from /workspaces/recomart-recommendation-pipeline/airflow_venv/lib/python3.12/site-packages/airflow/example_dags/example_latest_only_with_trigger.py
[2026-07-20T06:15:02.996+0000] {processor.py:840} INFO - DAG(s) 'latest_only_with_trigger' retrieved from /workspaces/recomart-recommendation-pipeline/airflow_venv/lib/python3.12/site-packages/airflow/example_dags/example_latest_only_with_trigger.py
[2026-07-20T06:15:03.008+0000] {logging_mixin.py:188} INFO - [2026-07-20T06:15:03.008+0000] {dag.py:3089} INFO - Sync 1 DAGs
[2026-07-20T06:15:03.022+0000] {logging_mixin.py:188} INFO - [2026-07-20T06:15:03.022+0000] {dag.py:3947} INFO - Setting next_dagrun for latest_only_with_trigger to 2026-07-20 00:00:00+00:00, run_after=2026-07-20 04:00:00+00:00
[2026-07-20T06:15:03.149+0000] {processor.py:183} INFO - Processing /workspaces/recomart-recommendation-pipeline/airflow_venv/lib/python3.12/site-packages/airflow/example_dags/example_latest_only_with_trigger.py took 0.164 seconds
[2026-07-20T06:31:14.665+0000] {processor.py:161} INFO - Started process (PID=73765) to work on /workspaces/recomart-recommendation-pipeline/airflow_venv/lib/python3.12/site-packages/airflow/example_dags/example_latest_only_with_trigger.py
[2026-07-20T06:31:14.665+0000] {processor.py:830} INFO - Processing file /workspaces/recomart-recommendation-pipeline/airflow_venv/lib/python3.12/site-packages/airflow/example_dags/example_latest_only_with_trigger.py for tasks to queue
[2026-07-20T06:31:14.667+0000] {logging_mixin.py:188} INFO - [2026-07-20T06:31:14.666+0000] {dagbag.py:545} INFO - Filling up the DagBag from /workspaces/recomart-recommendation-pipeline/airflow_venv/lib/python3.12/site-packages/airflow/example_dags/example_latest_only_with_trigger.py
[2026-07-20T06:31:14.672+0000] {processor.py:840} INFO - DAG(s) 'latest_only_with_trigger' retrieved from /workspaces/recomart-recommendation-pipeline/airflow_venv/lib/python3.12/site-packages/airflow/example_dags/example_latest_only_with_trigger.py
[2026-07-20T06:31:14.766+0000] {logging_mixin.py:188} INFO - [2026-07-20T06:31:14.766+0000] {dag.py:3089} INFO - Sync 1 DAGs
[2026-07-20T06:31:14.785+0000] {logging_mixin.py:188} INFO - [2026-07-20T06:31:14.785+0000] {dag.py:3947} INFO - Setting next_dagrun for latest_only_with_trigger to 2026-07-20 00:00:00+00:00, run_after=2026-07-20 04:00:00+00:00
[2026-07-20T06:31:14.804+0000] {processor.py:183} INFO - Processing /workspaces/recomart-recommendation-pipeline/airflow_venv/lib/python3.12/site-packages/airflow/example_dags/example_latest_only_with_trigger.py took 0.143 seconds
[2026-07-20T06:32:09.640+0000] {processor.py:161} INFO - Started process (PID=74410) to work on /workspaces/recomart-recommendation-pipeline/airflow_venv/lib/python3.12/site-packages/airflow/example_dags/example_latest_only_with_trigger.py
[2026-07-20T06:32:09.640+0000] {processor.py:830} INFO - Processing file /workspaces/recomart-recommendation-pipeline/airflow_venv/lib/python3.12/site-packages/airflow/example_dags/example_latest_only_with_trigger.py for tasks to queue
[2026-07-20T06:32:09.642+0000] {logging_mixin.py:188} INFO - [2026-07-20T06:32:09.641+0000] {dagbag.py:545} INFO - Filling up the DagBag from /workspaces/recomart-recommendation-pipeline/airflow_venv/lib/python3.12/site-packages/airflow/example_dags/example_latest_only_with_trigger.py
[2026-07-20T06:32:09.646+0000] {processor.py:840} INFO - DAG(s) 'latest_only_with_trigger' retrieved from /workspaces/recomart-recommendation-pipeline/airflow_venv/lib/python3.12/site-packages/airflow/example_dags/example_latest_only_with_trigger.py
[2026-07-20T06:32:09.658+0000] {logging_mixin.py:188} INFO - [2026-07-20T06:32:09.658+0000] {dag.py:3089} INFO - Sync 1 DAGs
[2026-07-20T06:32:09.673+0000] {logging_mixin.py:188} INFO - [2026-07-20T06:32:09.673+0000] {dag.py:3947} INFO - Setting next_dagrun for latest_only_with_trigger to 2026-07-20 00:00:00+00:00, run_after=2026-07-20 04:00:00+00:00
[2026-07-20T06:32:09.692+0000] {processor.py:183} INFO - Processing /workspaces/recomart-recommendation-pipeline/airflow_venv/lib/python3.12/site-packages/airflow/example_dags/example_latest_only_with_trigger.py took 0.057 seconds
[2026-07-20T06:33:00.871+0000] {processor.py:161} INFO - Started process (PID=74966) to work on /workspaces/recomart-recommendation-pipeline/airflow_venv/lib/python3.12/site-packages/airflow/example_dags/example_latest_only_with_trigger.py
[2026-07-20T06:33:00.872+0000] {processor.py:830} INFO - Processing file /workspaces/recomart-recommendation-pipeline/airflow_venv/lib/python3.12/site-packages/airflow/example_dags/example_latest_only_with_trigger.py for tasks to queue
[2026-07-20T06:33:00.873+0000] {logging_mixin.py:188} INFO - [2026-07-20T06:33:00.873+0000] {dagbag.py:545} INFO - Filling up the DagBag from /workspaces/recomart-recommendation-pipeline/airflow_venv/lib/python3.12/site-packages/airflow/example_dags/example_latest_only_with_trigger.py
[2026-07-20T06:33:00.878+0000] {processor.py:840} INFO - DAG(s) 'latest_only_with_trigger' retrieved from /workspaces/recomart-recommendation-pipeline/airflow_venv/lib/python3.12/site-packages/airflow/example_dags/example_latest_only_with_trigger.py
[2026-07-20T06:33:00.894+0000] {logging_mixin.py:188} INFO - [2026-07-20T06:33:00.893+0000] {dag.py:3089} INFO - Sync 1 DAGs
[2026-07-20T06:33:00.908+0000] {logging_mixin.py:188} INFO - [2026-07-20T06:33:00.908+0000] {dag.py:3947} INFO - Setting next_dagrun for latest_only_with_trigger to 2026-07-20 00:00:00+00:00, run_after=2026-07-20 04:00:00+00:00
[2026-07-20T06:33:00.925+0000] {processor.py:183} INFO - Processing /workspaces/recomart-recommendation-pipeline/airflow_venv/lib/python3.12/site-packages/airflow/example_dags/example_latest_only_with_trigger.py took 0.058 seconds
[2026-07-20T06:34:22.870+0000] {processor.py:161} INFO - Started process (PID=76126) to work on /workspaces/recomart-recommendation-pipeline/airflow_venv/lib/python3.12/site-packages/airflow/example_dags/example_latest_only_with_trigger.py
[2026-07-20T06:34:22.873+0000] {processor.py:830} INFO - Processing file /workspaces/recomart-recommendation-pipeline/airflow_venv/lib/python3.12/site-packages/airflow/example_dags/example_latest_only_with_trigger.py for tasks to queue
[2026-07-20T06:34:22.874+0000] {logging_mixin.py:188} INFO - [2026-07-20T06:34:22.874+0000] {dagbag.py:545} INFO - Filling up the DagBag from /workspaces/recomart-recommendation-pipeline/airflow_venv/lib/python3.12/site-packages/airflow/example_dags/example_latest_only_with_trigger.py
[2026-07-20T06:34:22.880+0000] {processor.py:840} INFO - DAG(s) 'latest_only_with_trigger' retrieved from /workspaces/recomart-recommendation-pipeline/airflow_venv/lib/python3.12/site-packages/airflow/example_dags/example_latest_only_with_trigger.py
[2026-07-20T06:34:22.894+0000] {logging_mixin.py:188} INFO - [2026-07-20T06:34:22.894+0000] {dag.py:3089} INFO - Sync 1 DAGs
[2026-07-20T06:34:22.909+0000] {logging_mixin.py:188} INFO - [2026-07-20T06:34:22.908+0000] {dag.py:3947} INFO - Setting next_dagrun for latest_only_with_trigger to 2026-07-20 00:00:00+00:00, run_after=2026-07-20 04:00:00+00:00
[2026-07-20T06:34:22.925+0000] {processor.py:183} INFO - Processing /workspaces/recomart-recommendation-pipeline/airflow_venv/lib/python3.12/site-packages/airflow/example_dags/example_latest_only_with_trigger.py took 0.059 seconds
[2026-07-20T06:35:20.791+0000] {processor.py:161} INFO - Started process (PID=77264) to work on /workspaces/recomart-recommendation-pipeline/airflow_venv/lib/python3.12/site-packages/airflow/example_dags/example_latest_only_with_trigger.py
[2026-07-20T06:35:20.792+0000] {processor.py:830} INFO - Processing file /workspaces/recomart-recommendation-pipeline/airflow_venv/lib/python3.12/site-packages/airflow/example_dags/example_latest_only_with_trigger.py for tasks to queue
[2026-07-20T06:35:20.793+0000] {logging_mixin.py:188} INFO - [2026-07-20T06:35:20.793+0000] {dagbag.py:545} INFO - Filling up the DagBag from /workspaces/recomart-recommendation-pipeline/airflow_venv/lib/python3.12/site-packages/airflow/example_dags/example_latest_only_with_trigger.py
[2026-07-20T06:35:20.797+0000] {processor.py:840} INFO - DAG(s) 'latest_only_with_trigger' retrieved from /workspaces/recomart-recommendation-pipeline/airflow_venv/lib/python3.12/site-packages/airflow/example_dags/example_latest_only_with_trigger.py
[2026-07-20T06:35:20.810+0000] {logging_mixin.py:188} INFO - [2026-07-20T06:35:20.810+0000] {dag.py:3089} INFO - Sync 1 DAGs
[2026-07-20T06:35:20.831+0000] {logging_mixin.py:188} INFO - [2026-07-20T06:35:20.831+0000] {dag.py:3947} INFO - Setting next_dagrun for latest_only_with_trigger to 2026-07-20 00:00:00+00:00, run_after=2026-07-20 04:00:00+00:00
[2026-07-20T06:35:20.869+0000] {processor.py:183} INFO - Processing /workspaces/recomart-recommendation-pipeline/airflow_venv/lib/python3.12/site-packages/airflow/example_dags/example_latest_only_with_trigger.py took 0.082 seconds
[2026-07-20T06:36:08.421+0000] {processor.py:161} INFO - Started process (PID=78153) to work on /workspaces/recomart-recommendation-pipeline/airflow_venv/lib/python3.12/site-packages/airflow/example_dags/example_latest_only_with_trigger.py
[2026-07-20T06:36:08.422+0000] {processor.py:830} INFO - Processing file /workspaces/recomart-recommendation-pipeline/airflow_venv/lib/python3.12/site-packages/airflow/example_dags/example_latest_only_with_trigger.py for tasks to queue
[2026-07-20T06:36:08.424+0000] {logging_mixin.py:188} INFO - [2026-07-20T06:36:08.423+0000] {dagbag.py:545} INFO - Filling up the DagBag from /workspaces/recomart-recommendation-pipeline/airflow_venv/lib/python3.12/site-packages/airflow/example_dags/example_latest_only_with_trigger.py
[2026-07-20T06:36:08.427+0000] {processor.py:840} INFO - DAG(s) 'latest_only_with_trigger' retrieved from /workspaces/recomart-recommendation-pipeline/airflow_venv/lib/python3.12/site-packages/airflow/example_dags/example_latest_only_with_trigger.py
[2026-07-20T06:36:08.439+0000] {logging_mixin.py:188} INFO - [2026-07-20T06:36:08.439+0000] {dag.py:3089} INFO - Sync 1 DAGs
[2026-07-20T06:36:08.453+0000] {logging_mixin.py:188} INFO - [2026-07-20T06:36:08.453+0000] {dag.py:3947} INFO - Setting next_dagrun for latest_only_with_trigger to 2026-07-20 00:00:00+00:00, run_after=2026-07-20 04:00:00+00:00
[2026-07-20T06:36:08.470+0000] {processor.py:183} INFO - Processing /workspaces/recomart-recommendation-pipeline/airflow_venv/lib/python3.12/site-packages/airflow/example_dags/example_latest_only_with_trigger.py took 0.052 seconds
[2026-07-20T06:37:03.788+0000] {processor.py:161} INFO - Started process (PID=78856) to work on /workspaces/recomart-recommendation-pipeline/airflow_venv/lib/python3.12/site-packages/airflow/example_dags/example_latest_only_with_trigger.py
[2026-07-20T06:37:03.788+0000] {processor.py:830} INFO - Processing file /workspaces/recomart-recommendation-pipeline/airflow_venv/lib/python3.12/site-packages/airflow/example_dags/example_latest_only_with_trigger.py for tasks to queue
[2026-07-20T06:37:03.790+0000] {logging_mixin.py:188} INFO - [2026-07-20T06:37:03.789+0000] {dagbag.py:545} INFO - Filling up the DagBag from /workspaces/recomart-recommendation-pipeline/airflow_venv/lib/python3.12/site-packages/airflow/example_dags/example_latest_only_with_trigger.py
[2026-07-20T06:37:03.795+0000] {processor.py:840} INFO - DAG(s) 'latest_only_with_trigger' retrieved from /workspaces/recomart-recommendation-pipeline/airflow_venv/lib/python3.12/site-packages/airflow/example_dags/example_latest_only_with_trigger.py
[2026-07-20T06:37:03.809+0000] {logging_mixin.py:188} INFO - [2026-07-20T06:37:03.809+0000] {dag.py:3089} INFO - Sync 1 DAGs
[2026-07-20T06:37:03.824+0000] {logging_mixin.py:188} INFO - [2026-07-20T06:37:03.824+0000] {dag.py:3947} INFO - Setting next_dagrun for latest_only_with_trigger to 2026-07-20 00:00:00+00:00, run_after=2026-07-20 04:00:00+00:00
[2026-07-20T06:37:03.842+0000] {processor.py:183} INFO - Processing /workspaces/recomart-recommendation-pipeline/airflow_venv/lib/python3.12/site-packages/airflow/example_dags/example_latest_only_with_trigger.py took 0.059 seconds
[2026-07-20T06:38:11.668+0000] {processor.py:161} INFO - Started process (PID=79419) to work on /workspaces/recomart-recommendation-pipeline/airflow_venv/lib/python3.12/site-packages/airflow/example_dags/example_latest_only_with_trigger.py
[2026-07-20T06:38:11.669+0000] {processor.py:830} INFO - Processing file /workspaces/recomart-recommendation-pipeline/airflow_venv/lib/python3.12/site-packages/airflow/example_dags/example_latest_only_with_trigger.py for tasks to queue
[2026-07-20T06:38:11.671+0000] {logging_mixin.py:188} INFO - [2026-07-20T06:38:11.670+0000] {dagbag.py:545} INFO - Filling up the DagBag from /workspaces/recomart-recommendation-pipeline/airflow_venv/lib/python3.12/site-packages/airflow/example_dags/example_latest_only_with_trigger.py
[2026-07-20T06:38:11.676+0000] {processor.py:840} INFO - DAG(s) 'latest_only_with_trigger' retrieved from /workspaces/recomart-recommendation-pipeline/airflow_venv/lib/python3.12/site-packages/airflow/example_dags/example_latest_only_with_trigger.py
[2026-07-20T06:38:11.691+0000] {logging_mixin.py:188} INFO - [2026-07-20T06:38:11.691+0000] {dag.py:3089} INFO - Sync 1 DAGs
[2026-07-20T06:38:11.705+0000] {logging_mixin.py:188} INFO - [2026-07-20T06:38:11.705+0000] {dag.py:3947} INFO - Setting next_dagrun for latest_only_with_trigger to 2026-07-20 00:00:00+00:00, run_after=2026-07-20 04:00:00+00:00
[2026-07-20T06:38:11.826+0000] {processor.py:183} INFO - Processing /workspaces/recomart-recommendation-pipeline/airflow_venv/lib/python3.12/site-packages/airflow/example_dags/example_latest_only_with_trigger.py took 0.162 seconds
[2026-07-20T06:39:00.364+0000] {processor.py:161} INFO - Started process (PID=79833) to work on /workspaces/recomart-recommendation-pipeline/airflow_venv/lib/python3.12/site-packages/airflow/example_dags/example_latest_only_with_trigger.py
[2026-07-20T06:39:00.365+0000] {processor.py:830} INFO - Processing file /workspaces/recomart-recommendation-pipeline/airflow_venv/lib/python3.12/site-packages/airflow/example_dags/example_latest_only_with_trigger.py for tasks to queue
[2026-07-20T06:39:00.366+0000] {logging_mixin.py:188} INFO - [2026-07-20T06:39:00.366+0000] {dagbag.py:545} INFO - Filling up the DagBag from /workspaces/recomart-recommendation-pipeline/airflow_venv/lib/python3.12/site-packages/airflow/example_dags/example_latest_only_with_trigger.py
[2026-07-20T06:39:00.371+0000] {processor.py:840} INFO - DAG(s) 'latest_only_with_trigger' retrieved from /workspaces/recomart-recommendation-pipeline/airflow_venv/lib/python3.12/site-packages/airflow/example_dags/example_latest_only_with_trigger.py
[2026-07-20T06:39:00.387+0000] {logging_mixin.py:188} INFO - [2026-07-20T06:39:00.387+0000] {dag.py:3089} INFO - Sync 1 DAGs
[2026-07-20T06:39:00.402+0000] {logging_mixin.py:188} INFO - [2026-07-20T06:39:00.402+0000] {dag.py:3947} INFO - Setting next_dagrun for latest_only_with_trigger to 2026-07-20 00:00:00+00:00, run_after=2026-07-20 04:00:00+00:00
[2026-07-20T06:39:00.419+0000] {processor.py:183} INFO - Processing /workspaces/recomart-recommendation-pipeline/airflow_venv/lib/python3.12/site-packages/airflow/example_dags/example_latest_only_with_trigger.py took 0.059 seconds
[2026-07-20T06:40:11.093+0000] {processor.py:161} INFO - Started process (PID=80406) to work on /workspaces/recomart-recommendation-pipeline/airflow_venv/lib/python3.12/site-packages/airflow/example_dags/example_latest_only_with_trigger.py
[2026-07-20T06:40:11.093+0000] {processor.py:830} INFO - Processing file /workspaces/recomart-recommendation-pipeline/airflow_venv/lib/python3.12/site-packages/airflow/example_dags/example_latest_only_with_trigger.py for tasks to queue
[2026-07-20T06:40:11.095+0000] {logging_mixin.py:188} INFO - [2026-07-20T06:40:11.094+0000] {dagbag.py:545} INFO - Filling up the DagBag from /workspaces/recomart-recommendation-pipeline/airflow_venv/lib/python3.12/site-packages/airflow/example_dags/example_latest_only_with_trigger.py
[2026-07-20T06:40:11.099+0000] {processor.py:840} INFO - DAG(s) 'latest_only_with_trigger' retrieved from /workspaces/recomart-recommendation-pipeline/airflow_venv/lib/python3.12/site-packages/airflow/example_dags/example_latest_only_with_trigger.py
[2026-07-20T06:40:11.217+0000] {logging_mixin.py:188} INFO - [2026-07-20T06:40:11.216+0000] {dag.py:3089} INFO - Sync 1 DAGs
[2026-07-20T06:40:11.230+0000] {logging_mixin.py:188} INFO - [2026-07-20T06:40:11.230+0000] {dag.py:3947} INFO - Setting next_dagrun for latest_only_with_trigger to 2026-07-20 00:00:00+00:00, run_after=2026-07-20 04:00:00+00:00
[2026-07-20T06:40:11.247+0000] {processor.py:183} INFO - Processing /workspaces/recomart-recommendation-pipeline/airflow_venv/lib/python3.12/site-packages/airflow/example_dags/example_latest_only_with_trigger.py took 0.159 seconds
[2026-07-20T06:41:01.372+0000] {processor.py:161} INFO - Started process (PID=80887) to work on /workspaces/recomart-recommendation-pipeline/airflow_venv/lib/python3.12/site-packages/airflow/example_dags/example_latest_only_with_trigger.py
[2026-07-20T06:41:01.373+0000] {processor.py:830} INFO - Processing file /workspaces/recomart-recommendation-pipeline/airflow_venv/lib/python3.12/site-packages/airflow/example_dags/example_latest_only_with_trigger.py for tasks to queue
[2026-07-20T06:41:01.375+0000] {logging_mixin.py:188} INFO - [2026-07-20T06:41:01.374+0000] {dagbag.py:545} INFO - Filling up the DagBag from /workspaces/recomart-recommendation-pipeline/airflow_venv/lib/python3.12/site-packages/airflow/example_dags/example_latest_only_with_trigger.py
[2026-07-20T06:41:01.380+0000] {processor.py:840} INFO - DAG(s) 'latest_only_with_trigger' retrieved from /workspaces/recomart-recommendation-pipeline/airflow_venv/lib/python3.12/site-packages/airflow/example_dags/example_latest_only_with_trigger.py
[2026-07-20T06:41:01.400+0000] {logging_mixin.py:188} INFO - [2026-07-20T06:41:01.399+0000] {dag.py:3089} INFO - Sync 1 DAGs
[2026-07-20T06:41:01.438+0000] {logging_mixin.py:188} INFO - [2026-07-20T06:41:01.438+0000] {dag.py:3947} INFO - Setting next_dagrun for latest_only_with_trigger to 2026-07-20 00:00:00+00:00, run_after=2026-07-20 04:00:00+00:00
[2026-07-20T06:41:01.481+0000] {processor.py:183} INFO - Processing /workspaces/recomart-recommendation-pipeline/airflow_venv/lib/python3.12/site-packages/airflow/example_dags/example_latest_only_with_trigger.py took 0.115 seconds
[2026-07-20T06:41:47.756+0000] {processor.py:161} INFO - Started process (PID=81278) to work on /workspaces/recomart-recommendation-pipeline/airflow_venv/lib/python3.12/site-packages/airflow/example_dags/example_latest_only_with_trigger.py
[2026-07-20T06:41:47.757+0000] {processor.py:830} INFO - Processing file /workspaces/recomart-recommendation-pipeline/airflow_venv/lib/python3.12/site-packages/airflow/example_dags/example_latest_only_with_trigger.py for tasks to queue
[2026-07-20T06:41:47.758+0000] {logging_mixin.py:188} INFO - [2026-07-20T06:41:47.758+0000] {dagbag.py:545} INFO - Filling up the DagBag from /workspaces/recomart-recommendation-pipeline/airflow_venv/lib/python3.12/site-packages/airflow/example_dags/example_latest_only_with_trigger.py
[2026-07-20T06:41:47.762+0000] {processor.py:840} INFO - DAG(s) 'latest_only_with_trigger' retrieved from /workspaces/recomart-recommendation-pipeline/airflow_venv/lib/python3.12/site-packages/airflow/example_dags/example_latest_only_with_trigger.py
[2026-07-20T06:41:47.778+0000] {logging_mixin.py:188} INFO - [2026-07-20T06:41:47.777+0000] {dag.py:3089} INFO - Sync 1 DAGs
[2026-07-20T06:41:47.795+0000] {logging_mixin.py:188} INFO - [2026-07-20T06:41:47.795+0000] {dag.py:3947} INFO - Setting next_dagrun for latest_only_with_trigger to 2026-07-20 00:00:00+00:00, run_after=2026-07-20 04:00:00+00:00
[2026-07-20T06:41:47.813+0000] {processor.py:183} INFO - Processing /workspaces/recomart-recommendation-pipeline/airflow_venv/lib/python3.12/site-packages/airflow/example_dags/example_latest_only_with_trigger.py took 0.062 seconds
[2026-07-20T06:42:35.494+0000] {processor.py:161} INFO - Started process (PID=81631) to work on /workspaces/recomart-recommendation-pipeline/airflow_venv/lib/python3.12/site-packages/airflow/example_dags/example_latest_only_with_trigger.py
[2026-07-20T06:42:35.495+0000] {processor.py:830} INFO - Processing file /workspaces/recomart-recommendation-pipeline/airflow_venv/lib/python3.12/site-packages/airflow/example_dags/example_latest_only_with_trigger.py for tasks to queue
[2026-07-20T06:42:35.496+0000] {logging_mixin.py:188} INFO - [2026-07-20T06:42:35.496+0000] {dagbag.py:545} INFO - Filling up the DagBag from /workspaces/recomart-recommendation-pipeline/airflow_venv/lib/python3.12/site-packages/airflow/example_dags/example_latest_only_with_trigger.py
[2026-07-20T06:42:35.500+0000] {processor.py:840} INFO - DAG(s) 'latest_only_with_trigger' retrieved from /workspaces/recomart-recommendation-pipeline/airflow_venv/lib/python3.12/site-packages/airflow/example_dags/example_latest_only_with_trigger.py
[2026-07-20T06:42:35.513+0000] {logging_mixin.py:188} INFO - [2026-07-20T06:42:35.513+0000] {dag.py:3089} INFO - Sync 1 DAGs
[2026-07-20T06:42:35.527+0000] {logging_mixin.py:188} INFO - [2026-07-20T06:42:35.527+0000] {dag.py:3947} INFO - Setting next_dagrun for latest_only_with_trigger to 2026-07-20 00:00:00+00:00, run_after=2026-07-20 04:00:00+00:00
[2026-07-20T06:42:35.543+0000] {processor.py:183} INFO - Processing /workspaces/recomart-recommendation-pipeline/airflow_venv/lib/python3.12/site-packages/airflow/example_dags/example_latest_only_with_trigger.py took 0.054 seconds
[2026-07-20T06:43:22.085+0000] {processor.py:161} INFO - Started process (PID=82019) to work on /workspaces/recomart-recommendation-pipeline/airflow_venv/lib/python3.12/site-packages/airflow/example_dags/example_latest_only_with_trigger.py
[2026-07-20T06:43:22.086+0000] {processor.py:830} INFO - Processing file /workspaces/recomart-recommendation-pipeline/airflow_venv/lib/python3.12/site-packages/airflow/example_dags/example_latest_only_with_trigger.py for tasks to queue
[2026-07-20T06:43:22.088+0000] {logging_mixin.py:188} INFO - [2026-07-20T06:43:22.087+0000] {dagbag.py:545} INFO - Filling up the DagBag from /workspaces/recomart-recommendation-pipeline/airflow_venv/lib/python3.12/site-packages/airflow/example_dags/example_latest_only_with_trigger.py
[2026-07-20T06:43:22.092+0000] {processor.py:840} INFO - DAG(s) 'latest_only_with_trigger' retrieved from /workspaces/recomart-recommendation-pipeline/airflow_venv/lib/python3.12/site-packages/airflow/example_dags/example_latest_only_with_trigger.py
[2026-07-20T06:43:22.105+0000] {logging_mixin.py:188} INFO - [2026-07-20T06:43:22.105+0000] {dag.py:3089} INFO - Sync 1 DAGs
[2026-07-20T06:43:22.119+0000] {logging_mixin.py:188} INFO - [2026-07-20T06:43:22.119+0000] {dag.py:3947} INFO - Setting next_dagrun for latest_only_with_trigger to 2026-07-20 00:00:00+00:00, run_after=2026-07-20 04:00:00+00:00
[2026-07-20T06:43:22.138+0000] {processor.py:183} INFO - Processing /workspaces/recomart-recommendation-pipeline/airflow_venv/lib/python3.12/site-packages/airflow/example_dags/example_latest_only_with_trigger.py took 0.059 seconds
[2026-07-20T06:44:12.236+0000] {processor.py:161} INFO - Started process (PID=82443) to work on /workspaces/recomart-recommendation-pipeline/airflow_venv/lib/python3.12/site-packages/airflow/example_dags/example_latest_only_with_trigger.py
[2026-07-20T06:44:12.236+0000] {processor.py:830} INFO - Processing file /workspaces/recomart-recommendation-pipeline/airflow_venv/lib/python3.12/site-packages/airflow/example_dags/example_latest_only_with_trigger.py for tasks to queue
[2026-07-20T06:44:12.238+0000] {logging_mixin.py:188} INFO - [2026-07-20T06:44:12.238+0000] {dagbag.py:545} INFO - Filling up the DagBag from /workspaces/recomart-recommendation-pipeline/airflow_venv/lib/python3.12/site-packages/airflow/example_dags/example_latest_only_with_trigger.py
[2026-07-20T06:44:12.243+0000] {processor.py:840} INFO - DAG(s) 'latest_only_with_trigger' retrieved from /workspaces/recomart-recommendation-pipeline/airflow_venv/lib/python3.12/site-packages/airflow/example_dags/example_latest_only_with_trigger.py
[2026-07-20T06:44:12.256+0000] {logging_mixin.py:188} INFO - [2026-07-20T06:44:12.256+0000] {dag.py:3089} INFO - Sync 1 DAGs
[2026-07-20T06:44:12.271+0000] {logging_mixin.py:188} INFO - [2026-07-20T06:44:12.271+0000] {dag.py:3947} INFO - Setting next_dagrun for latest_only_with_trigger to 2026-07-20 00:00:00+00:00, run_after=2026-07-20 04:00:00+00:00
[2026-07-20T06:44:12.291+0000] {processor.py:183} INFO - Processing /workspaces/recomart-recommendation-pipeline/airflow_venv/lib/python3.12/site-packages/airflow/example_dags/example_latest_only_with_trigger.py took 0.060 seconds
[2026-07-20T06:45:12.992+0000] {processor.py:161} INFO - Started process (PID=82954) to work on /workspaces/recomart-recommendation-pipeline/airflow_venv/lib/python3.12/site-packages/airflow/example_dags/example_latest_only_with_trigger.py
[2026-07-20T06:45:12.993+0000] {processor.py:830} INFO - Processing file /workspaces/recomart-recommendation-pipeline/airflow_venv/lib/python3.12/site-packages/airflow/example_dags/example_latest_only_with_trigger.py for tasks to queue
[2026-07-20T06:45:12.994+0000] {logging_mixin.py:188} INFO - [2026-07-20T06:45:12.994+0000] {dagbag.py:545} INFO - Filling up the DagBag from /workspaces/recomart-recommendation-pipeline/airflow_venv/lib/python3.12/site-packages/airflow/example_dags/example_latest_only_with_trigger.py
[2026-07-20T06:45:13.000+0000] {processor.py:840} INFO - DAG(s) 'latest_only_with_trigger' retrieved from /workspaces/recomart-recommendation-pipeline/airflow_venv/lib/python3.12/site-packages/airflow/example_dags/example_latest_only_with_trigger.py
[2026-07-20T06:45:13.012+0000] {logging_mixin.py:188} INFO - [2026-07-20T06:45:13.012+0000] {dag.py:3089} INFO - Sync 1 DAGs
[2026-07-20T06:45:13.027+0000] {logging_mixin.py:188} INFO - [2026-07-20T06:45:13.027+0000] {dag.py:3947} INFO - Setting next_dagrun for latest_only_with_trigger to 2026-07-20 00:00:00+00:00, run_after=2026-07-20 04:00:00+00:00
[2026-07-20T06:45:13.043+0000] {processor.py:183} INFO - Processing /workspaces/recomart-recommendation-pipeline/airflow_venv/lib/python3.12/site-packages/airflow/example_dags/example_latest_only_with_trigger.py took 0.056 seconds
[2026-07-20T06:46:21.895+0000] {processor.py:161} INFO - Started process (PID=83575) to work on /workspaces/recomart-recommendation-pipeline/airflow_venv/lib/python3.12/site-packages/airflow/example_dags/example_latest_only_with_trigger.py
[2026-07-20T06:46:21.897+0000] {processor.py:830} INFO - Processing file /workspaces/recomart-recommendation-pipeline/airflow_venv/lib/python3.12/site-packages/airflow/example_dags/example_latest_only_with_trigger.py for tasks to queue
[2026-07-20T06:46:21.898+0000] {logging_mixin.py:188} INFO - [2026-07-20T06:46:21.898+0000] {dagbag.py:545} INFO - Filling up the DagBag from /workspaces/recomart-recommendation-pipeline/airflow_venv/lib/python3.12/site-packages/airflow/example_dags/example_latest_only_with_trigger.py
[2026-07-20T06:46:21.906+0000] {processor.py:840} INFO - DAG(s) 'latest_only_with_trigger' retrieved from /workspaces/recomart-recommendation-pipeline/airflow_venv/lib/python3.12/site-packages/airflow/example_dags/example_latest_only_with_trigger.py
[2026-07-20T06:46:21.927+0000] {logging_mixin.py:188} INFO - [2026-07-20T06:46:21.927+0000] {dag.py:3089} INFO - Sync 1 DAGs
[2026-07-20T06:46:21.944+0000] {logging_mixin.py:188} INFO - [2026-07-20T06:46:21.944+0000] {dag.py:3947} INFO - Setting next_dagrun for latest_only_with_trigger to 2026-07-20 00:00:00+00:00, run_after=2026-07-20 04:00:00+00:00
[2026-07-20T06:46:21.962+0000] {processor.py:183} INFO - Processing /workspaces/recomart-recommendation-pipeline/airflow_venv/lib/python3.12/site-packages/airflow/example_dags/example_latest_only_with_trigger.py took 0.076 seconds
[2026-07-20T06:47:24.480+0000] {processor.py:161} INFO - Started process (PID=84097) to work on /workspaces/recomart-recommendation-pipeline/airflow_venv/lib/python3.12/site-packages/airflow/example_dags/example_latest_only_with_trigger.py
[2026-07-20T06:47:24.481+0000] {processor.py:830} INFO - Processing file /workspaces/recomart-recommendation-pipeline/airflow_venv/lib/python3.12/site-packages/airflow/example_dags/example_latest_only_with_trigger.py for tasks to queue
[2026-07-20T06:47:24.482+0000] {logging_mixin.py:188} INFO - [2026-07-20T06:47:24.482+0000] {dagbag.py:545} INFO - Filling up the DagBag from /workspaces/recomart-recommendation-pipeline/airflow_venv/lib/python3.12/site-packages/airflow/example_dags/example_latest_only_with_trigger.py
[2026-07-20T06:47:24.487+0000] {processor.py:840} INFO - DAG(s) 'latest_only_with_trigger' retrieved from /workspaces/recomart-recommendation-pipeline/airflow_venv/lib/python3.12/site-packages/airflow/example_dags/example_latest_only_with_trigger.py
[2026-07-20T06:47:24.501+0000] {logging_mixin.py:188} INFO - [2026-07-20T06:47:24.501+0000] {dag.py:3089} INFO - Sync 1 DAGs
[2026-07-20T06:47:24.516+0000] {logging_mixin.py:188} INFO - [2026-07-20T06:47:24.515+0000] {dag.py:3947} INFO - Setting next_dagrun for latest_only_with_trigger to 2026-07-20 00:00:00+00:00, run_after=2026-07-20 04:00:00+00:00
[2026-07-20T06:47:24.533+0000] {processor.py:183} INFO - Processing /workspaces/recomart-recommendation-pipeline/airflow_venv/lib/python3.12/site-packages/airflow/example_dags/example_latest_only_with_trigger.py took 0.060 seconds
[2026-07-20T06:48:28.362+0000] {processor.py:161} INFO - Started process (PID=84612) to work on /workspaces/recomart-recommendation-pipeline/airflow_venv/lib/python3.12/site-packages/airflow/example_dags/example_latest_only_with_trigger.py
[2026-07-20T06:48:28.362+0000] {processor.py:830} INFO - Processing file /workspaces/recomart-recommendation-pipeline/airflow_venv/lib/python3.12/site-packages/airflow/example_dags/example_latest_only_with_trigger.py for tasks to queue
[2026-07-20T06:48:28.364+0000] {logging_mixin.py:188} INFO - [2026-07-20T06:48:28.363+0000] {dagbag.py:545} INFO - Filling up the DagBag from /workspaces/recomart-recommendation-pipeline/airflow_venv/lib/python3.12/site-packages/airflow/example_dags/example_latest_only_with_trigger.py
[2026-07-20T06:48:28.368+0000] {processor.py:840} INFO - DAG(s) 'latest_only_with_trigger' retrieved from /workspaces/recomart-recommendation-pipeline/airflow_venv/lib/python3.12/site-packages/airflow/example_dags/example_latest_only_with_trigger.py
[2026-07-20T06:48:28.383+0000] {logging_mixin.py:188} INFO - [2026-07-20T06:48:28.383+0000] {dag.py:3089} INFO - Sync 1 DAGs
[2026-07-20T06:48:28.399+0000] {logging_mixin.py:188} INFO - [2026-07-20T06:48:28.399+0000] {dag.py:3947} INFO - Setting next_dagrun for latest_only_with_trigger to 2026-07-20 00:00:00+00:00, run_after=2026-07-20 04:00:00+00:00
[2026-07-20T06:48:28.416+0000] {processor.py:183} INFO - Processing /workspaces/recomart-recommendation-pipeline/airflow_venv/lib/python3.12/site-packages/airflow/example_dags/example_latest_only_with_trigger.py took 0.059 seconds
[2026-07-20T06:49:29.607+0000] {processor.py:161} INFO - Started process (PID=85240) to work on /workspaces/recomart-recommendation-pipeline/airflow_venv/lib/python3.12/site-packages/airflow/example_dags/example_latest_only_with_trigger.py
[2026-07-20T06:49:29.607+0000] {processor.py:830} INFO - Processing file /workspaces/recomart-recommendation-pipeline/airflow_venv/lib/python3.12/site-packages/airflow/example_dags/example_latest_only_with_trigger.py for tasks to queue
[2026-07-20T06:49:29.609+0000] {logging_mixin.py:188} INFO - [2026-07-20T06:49:29.608+0000] {dagbag.py:545} INFO - Filling up the DagBag from /workspaces/recomart-recommendation-pipeline/airflow_venv/lib/python3.12/site-packages/airflow/example_dags/example_latest_only_with_trigger.py
[2026-07-20T06:49:29.613+0000] {processor.py:840} INFO - DAG(s) 'latest_only_with_trigger' retrieved from /workspaces/recomart-recommendation-pipeline/airflow_venv/lib/python3.12/site-packages/airflow/example_dags/example_latest_only_with_trigger.py
[2026-07-20T06:49:29.625+0000] {logging_mixin.py:188} INFO - [2026-07-20T06:49:29.625+0000] {dag.py:3089} INFO - Sync 1 DAGs
[2026-07-20T06:49:29.640+0000] {logging_mixin.py:188} INFO - [2026-07-20T06:49:29.640+0000] {dag.py:3947} INFO - Setting next_dagrun for latest_only_with_trigger to 2026-07-20 00:00:00+00:00, run_after=2026-07-20 04:00:00+00:00
[2026-07-20T06:49:29.658+0000] {processor.py:183} INFO - Processing /workspaces/recomart-recommendation-pipeline/airflow_venv/lib/python3.12/site-packages/airflow/example_dags/example_latest_only_with_trigger.py took 0.056 seconds
[2026-07-20T06:50:36.248+0000] {processor.py:161} INFO - Started process (PID=85922) to work on /workspaces/recomart-recommendation-pipeline/airflow_venv/lib/python3.12/site-packages/airflow/example_dags/example_latest_only_with_trigger.py
[2026-07-20T06:50:36.249+0000] {processor.py:830} INFO - Processing file /workspaces/recomart-recommendation-pipeline/airflow_venv/lib/python3.12/site-packages/airflow/example_dags/example_latest_only_with_trigger.py for tasks to queue
[2026-07-20T06:50:36.251+0000] {logging_mixin.py:188} INFO - [2026-07-20T06:50:36.250+0000] {dagbag.py:545} INFO - Filling up the DagBag from /workspaces/recomart-recommendation-pipeline/airflow_venv/lib/python3.12/site-packages/airflow/example_dags/example_latest_only_with_trigger.py
[2026-07-20T06:50:36.255+0000] {processor.py:840} INFO - DAG(s) 'latest_only_with_trigger' retrieved from /workspaces/recomart-recommendation-pipeline/airflow_venv/lib/python3.12/site-packages/airflow/example_dags/example_latest_only_with_trigger.py
[2026-07-20T06:50:36.267+0000] {logging_mixin.py:188} INFO - [2026-07-20T06:50:36.267+0000] {dag.py:3089} INFO - Sync 1 DAGs
[2026-07-20T06:50:36.286+0000] {logging_mixin.py:188} INFO - [2026-07-20T06:50:36.286+0000] {dag.py:3947} INFO - Setting next_dagrun for latest_only_with_trigger to 2026-07-20 00:00:00+00:00, run_after=2026-07-20 04:00:00+00:00
[2026-07-20T06:50:36.306+0000] {processor.py:183} INFO - Processing /workspaces/recomart-recommendation-pipeline/airflow_venv/lib/python3.12/site-packages/airflow/example_dags/example_latest_only_with_trigger.py took 0.062 seconds
[2026-07-20T06:51:21.036+0000] {processor.py:161} INFO - Started process (PID=86423) to work on /workspaces/recomart-recommendation-pipeline/airflow_venv/lib/python3.12/site-packages/airflow/example_dags/example_latest_only_with_trigger.py
[2026-07-20T06:51:21.037+0000] {processor.py:830} INFO - Processing file /workspaces/recomart-recommendation-pipeline/airflow_venv/lib/python3.12/site-packages/airflow/example_dags/example_latest_only_with_trigger.py for tasks to queue
[2026-07-20T06:51:21.039+0000] {logging_mixin.py:188} INFO - [2026-07-20T06:51:21.039+0000] {dagbag.py:545} INFO - Filling up the DagBag from /workspaces/recomart-recommendation-pipeline/airflow_venv/lib/python3.12/site-packages/airflow/example_dags/example_latest_only_with_trigger.py
[2026-07-20T06:51:21.045+0000] {processor.py:840} INFO - DAG(s) 'latest_only_with_trigger' retrieved from /workspaces/recomart-recommendation-pipeline/airflow_venv/lib/python3.12/site-packages/airflow/example_dags/example_latest_only_with_trigger.py
[2026-07-20T06:51:21.063+0000] {logging_mixin.py:188} INFO - [2026-07-20T06:51:21.063+0000] {dag.py:3089} INFO - Sync 1 DAGs
[2026-07-20T06:51:21.087+0000] {logging_mixin.py:188} INFO - [2026-07-20T06:51:21.087+0000] {dag.py:3947} INFO - Setting next_dagrun for latest_only_with_trigger to 2026-07-20 00:00:00+00:00, run_after=2026-07-20 04:00:00+00:00
[2026-07-20T06:51:21.129+0000] {processor.py:183} INFO - Processing /workspaces/recomart-recommendation-pipeline/airflow_venv/lib/python3.12/site-packages/airflow/example_dags/example_latest_only_with_trigger.py took 0.100 seconds
[2026-07-20T06:52:08.974+0000] {processor.py:161} INFO - Started process (PID=86833) to work on /workspaces/recomart-recommendation-pipeline/airflow_venv/lib/python3.12/site-packages/airflow/example_dags/example_latest_only_with_trigger.py
[2026-07-20T06:52:08.975+0000] {processor.py:830} INFO - Processing file /workspaces/recomart-recommendation-pipeline/airflow_venv/lib/python3.12/site-packages/airflow/example_dags/example_latest_only_with_trigger.py for tasks to queue
[2026-07-20T06:52:08.977+0000] {logging_mixin.py:188} INFO - [2026-07-20T06:52:08.976+0000] {dagbag.py:545} INFO - Filling up the DagBag from /workspaces/recomart-recommendation-pipeline/airflow_venv/lib/python3.12/site-packages/airflow/example_dags/example_latest_only_with_trigger.py
[2026-07-20T06:52:08.982+0000] {processor.py:840} INFO - DAG(s) 'latest_only_with_trigger' retrieved from /workspaces/recomart-recommendation-pipeline/airflow_venv/lib/python3.12/site-packages/airflow/example_dags/example_latest_only_with_trigger.py
[2026-07-20T06:52:08.998+0000] {logging_mixin.py:188} INFO - [2026-07-20T06:52:08.998+0000] {dag.py:3089} INFO - Sync 1 DAGs
[2026-07-20T06:52:09.013+0000] {logging_mixin.py:188} INFO - [2026-07-20T06:52:09.013+0000] {dag.py:3947} INFO - Setting next_dagrun for latest_only_with_trigger to 2026-07-20 00:00:00+00:00, run_after=2026-07-20 04:00:00+00:00
[2026-07-20T06:52:09.030+0000] {processor.py:183} INFO - Processing /workspaces/recomart-recommendation-pipeline/airflow_venv/lib/python3.12/site-packages/airflow/example_dags/example_latest_only_with_trigger.py took 0.062 seconds
[2026-07-20T06:58:14.998+0000] {processor.py:161} INFO - Started process (PID=89779) to work on /workspaces/recomart-recommendation-pipeline/airflow_venv/lib/python3.12/site-packages/airflow/example_dags/example_latest_only_with_trigger.py
[2026-07-20T06:58:14.999+0000] {processor.py:830} INFO - Processing file /workspaces/recomart-recommendation-pipeline/airflow_venv/lib/python3.12/site-packages/airflow/example_dags/example_latest_only_with_trigger.py for tasks to queue
[2026-07-20T06:58:15.000+0000] {logging_mixin.py:188} INFO - [2026-07-20T06:58:15.000+0000] {dagbag.py:545} INFO - Filling up the DagBag from /workspaces/recomart-recommendation-pipeline/airflow_venv/lib/python3.12/site-packages/airflow/example_dags/example_latest_only_with_trigger.py
[2026-07-20T06:58:15.004+0000] {processor.py:840} INFO - DAG(s) 'latest_only_with_trigger' retrieved from /workspaces/recomart-recommendation-pipeline/airflow_venv/lib/python3.12/site-packages/airflow/example_dags/example_latest_only_with_trigger.py
[2026-07-20T06:58:15.130+0000] {logging_mixin.py:188} INFO - [2026-07-20T06:58:15.129+0000] {dag.py:3089} INFO - Sync 1 DAGs
[2026-07-20T06:58:15.147+0000] {logging_mixin.py:188} INFO - [2026-07-20T06:58:15.147+0000] {dag.py:3947} INFO - Setting next_dagrun for latest_only_with_trigger to 2026-07-20 00:00:00+00:00, run_after=2026-07-20 04:00:00+00:00
[2026-07-20T06:58:15.164+0000] {processor.py:183} INFO - Processing /workspaces/recomart-recommendation-pipeline/airflow_venv/lib/python3.12/site-packages/airflow/example_dags/example_latest_only_with_trigger.py took 0.170 seconds
[2026-07-20T06:59:51.421+0000] {processor.py:161} INFO - Started process (PID=91305) to work on /workspaces/recomart-recommendation-pipeline/airflow_venv/lib/python3.12/site-packages/airflow/example_dags/example_latest_only_with_trigger.py
[2026-07-20T06:59:51.422+0000] {processor.py:830} INFO - Processing file /workspaces/recomart-recommendation-pipeline/airflow_venv/lib/python3.12/site-packages/airflow/example_dags/example_latest_only_with_trigger.py for tasks to queue
[2026-07-20T06:59:51.424+0000] {logging_mixin.py:188} INFO - [2026-07-20T06:59:51.423+0000] {dagbag.py:545} INFO - Filling up the DagBag from /workspaces/recomart-recommendation-pipeline/airflow_venv/lib/python3.12/site-packages/airflow/example_dags/example_latest_only_with_trigger.py
[2026-07-20T06:59:51.428+0000] {processor.py:840} INFO - DAG(s) 'latest_only_with_trigger' retrieved from /workspaces/recomart-recommendation-pipeline/airflow_venv/lib/python3.12/site-packages/airflow/example_dags/example_latest_only_with_trigger.py
[2026-07-20T06:59:51.441+0000] {logging_mixin.py:188} INFO - [2026-07-20T06:59:51.441+0000] {dag.py:3089} INFO - Sync 1 DAGs
[2026-07-20T06:59:51.456+0000] {logging_mixin.py:188} INFO - [2026-07-20T06:59:51.456+0000] {dag.py:3947} INFO - Setting next_dagrun for latest_only_with_trigger to 2026-07-20 00:00:00+00:00, run_after=2026-07-20 04:00:00+00:00
[2026-07-20T06:59:51.474+0000] {processor.py:183} INFO - Processing /workspaces/recomart-recommendation-pipeline/airflow_venv/lib/python3.12/site-packages/airflow/example_dags/example_latest_only_with_trigger.py took 0.058 seconds
[2026-07-20T07:00:43.591+0000] {processor.py:161} INFO - Started process (PID=91929) to work on /workspaces/recomart-recommendation-pipeline/airflow_venv/lib/python3.12/site-packages/airflow/example_dags/example_latest_only_with_trigger.py
[2026-07-20T07:00:43.591+0000] {processor.py:830} INFO - Processing file /workspaces/recomart-recommendation-pipeline/airflow_venv/lib/python3.12/site-packages/airflow/example_dags/example_latest_only_with_trigger.py for tasks to queue
[2026-07-20T07:00:43.593+0000] {logging_mixin.py:188} INFO - [2026-07-20T07:00:43.592+0000] {dagbag.py:545} INFO - Filling up the DagBag from /workspaces/recomart-recommendation-pipeline/airflow_venv/lib/python3.12/site-packages/airflow/example_dags/example_latest_only_with_trigger.py
[2026-07-20T07:00:43.597+0000] {processor.py:840} INFO - DAG(s) 'latest_only_with_trigger' retrieved from /workspaces/recomart-recommendation-pipeline/airflow_venv/lib/python3.12/site-packages/airflow/example_dags/example_latest_only_with_trigger.py
[2026-07-20T07:00:43.609+0000] {logging_mixin.py:188} INFO - [2026-07-20T07:00:43.609+0000] {dag.py:3089} INFO - Sync 1 DAGs
[2026-07-20T07:00:43.626+0000] {logging_mixin.py:188} INFO - [2026-07-20T07:00:43.626+0000] {dag.py:3947} INFO - Setting next_dagrun for latest_only_with_trigger to 2026-07-20 00:00:00+00:00, run_after=2026-07-20 04:00:00+00:00
[2026-07-20T07:00:43.644+0000] {processor.py:183} INFO - Processing /workspaces/recomart-recommendation-pipeline/airflow_venv/lib/python3.12/site-packages/airflow/example_dags/example_latest_only_with_trigger.py took 0.059 seconds
[2026-07-20T07:01:35.498+0000] {processor.py:161} INFO - Started process (PID=92327) to work on /workspaces/recomart-recommendation-pipeline/airflow_venv/lib/python3.12/site-packages/airflow/example_dags/example_latest_only_with_trigger.py
[2026-07-20T07:01:35.499+0000] {processor.py:830} INFO - Processing file /workspaces/recomart-recommendation-pipeline/airflow_venv/lib/python3.12/site-packages/airflow/example_dags/example_latest_only_with_trigger.py for tasks to queue
[2026-07-20T07:01:35.500+0000] {logging_mixin.py:188} INFO - [2026-07-20T07:01:35.500+0000] {dagbag.py:545} INFO - Filling up the DagBag from /workspaces/recomart-recommendation-pipeline/airflow_venv/lib/python3.12/site-packages/airflow/example_dags/example_latest_only_with_trigger.py
[2026-07-20T07:01:35.505+0000] {processor.py:840} INFO - DAG(s) 'latest_only_with_trigger' retrieved from /workspaces/recomart-recommendation-pipeline/airflow_venv/lib/python3.12/site-packages/airflow/example_dags/example_latest_only_with_trigger.py
[2026-07-20T07:01:35.517+0000] {logging_mixin.py:188} INFO - [2026-07-20T07:01:35.517+0000] {dag.py:3089} INFO - Sync 1 DAGs
[2026-07-20T07:01:35.533+0000] {logging_mixin.py:188} INFO - [2026-07-20T07:01:35.533+0000] {dag.py:3947} INFO - Setting next_dagrun for latest_only_with_trigger to 2026-07-20 00:00:00+00:00, run_after=2026-07-20 04:00:00+00:00
[2026-07-20T07:01:35.549+0000] {processor.py:183} INFO - Processing /workspaces/recomart-recommendation-pipeline/airflow_venv/lib/python3.12/site-packages/airflow/example_dags/example_latest_only_with_trigger.py took 0.056 seconds
