[2026-07-20T05:59:38.859+0000] {processor.py:161} INFO - Started process (PID=58493) to work on /workspaces/recomart-recommendation-pipeline/airflow_venv/lib/python3.12/site-packages/airflow/example_dags/example_bash_decorator.py
[2026-07-20T05:59:38.860+0000] {processor.py:830} INFO - Processing file /workspaces/recomart-recommendation-pipeline/airflow_venv/lib/python3.12/site-packages/airflow/example_dags/example_bash_decorator.py for tasks to queue
[2026-07-20T05:59:38.861+0000] {logging_mixin.py:188} INFO - [2026-07-20T05:59:38.861+0000] {dagbag.py:545} INFO - Filling up the DagBag from /workspaces/recomart-recommendation-pipeline/airflow_venv/lib/python3.12/site-packages/airflow/example_dags/example_bash_decorator.py
[2026-07-20T05:59:38.876+0000] {processor.py:840} INFO - DAG(s) 'example_bash_decorator' retrieved from /workspaces/recomart-recommendation-pipeline/airflow_venv/lib/python3.12/site-packages/airflow/example_dags/example_bash_decorator.py
[2026-07-20T05:59:39.016+0000] {logging_mixin.py:188} INFO - [2026-07-20T05:59:39.015+0000] {override.py:1858} INFO - Created Permission View: can read on DAG:example_bash_decorator
[2026-07-20T05:59:39.025+0000] {logging_mixin.py:188} INFO - [2026-07-20T05:59:39.025+0000] {override.py:1858} INFO - Created Permission View: can edit on DAG:example_bash_decorator
[2026-07-20T05:59:39.031+0000] {logging_mixin.py:188} INFO - [2026-07-20T05:59:39.031+0000] {override.py:1858} INFO - Created Permission View: can delete on DAG:example_bash_decorator
[2026-07-20T05:59:39.032+0000] {logging_mixin.py:188} INFO - [2026-07-20T05:59:39.032+0000] {dag.py:3089} INFO - Sync 1 DAGs
[2026-07-20T05:59:39.040+0000] {logging_mixin.py:188} INFO - [2026-07-20T05:59:39.039+0000] {dag.py:3111} INFO - Creating ORM DAG for example_bash_decorator
[2026-07-20T05:59:39.040+0000] {logging_mixin.py:188} INFO - [2026-07-20T05:59:39.040+0000] {dag.py:3947} INFO - Setting next_dagrun for example_bash_decorator to None, run_after=None
[2026-07-20T05:59:39.056+0000] {processor.py:183} INFO - Processing /workspaces/recomart-recommendation-pipeline/airflow_venv/lib/python3.12/site-packages/airflow/example_dags/example_bash_decorator.py took 0.201 seconds
[2026-07-20T06:00:48.736+0000] {processor.py:161} INFO - Started process (PID=59181) to work on /workspaces/recomart-recommendation-pipeline/airflow_venv/lib/python3.12/site-packages/airflow/example_dags/example_bash_decorator.py
[2026-07-20T06:00:48.737+0000] {processor.py:830} INFO - Processing file /workspaces/recomart-recommendation-pipeline/airflow_venv/lib/python3.12/site-packages/airflow/example_dags/example_bash_decorator.py for tasks to queue
[2026-07-20T06:00:48.738+0000] {logging_mixin.py:188} INFO - [2026-07-20T06:00:48.738+0000] {dagbag.py:545} INFO - Filling up the DagBag from /workspaces/recomart-recommendation-pipeline/airflow_venv/lib/python3.12/site-packages/airflow/example_dags/example_bash_decorator.py
[2026-07-20T06:00:48.748+0000] {processor.py:840} INFO - DAG(s) 'example_bash_decorator' retrieved from /workspaces/recomart-recommendation-pipeline/airflow_venv/lib/python3.12/site-packages/airflow/example_dags/example_bash_decorator.py
[2026-07-20T06:00:48.763+0000] {logging_mixin.py:188} INFO - [2026-07-20T06:00:48.763+0000] {dag.py:3089} INFO - Sync 1 DAGs
[2026-07-20T06:00:48.778+0000] {logging_mixin.py:188} INFO - [2026-07-20T06:00:48.777+0000] {dag.py:3947} INFO - Setting next_dagrun for example_bash_decorator to None, run_after=None
[2026-07-20T06:00:48.797+0000] {processor.py:183} INFO - Processing /workspaces/recomart-recommendation-pipeline/airflow_venv/lib/python3.12/site-packages/airflow/example_dags/example_bash_decorator.py took 0.066 seconds
[2026-07-20T06:01:56.860+0000] {processor.py:161} INFO - Started process (PID=59906) to work on /workspaces/recomart-recommendation-pipeline/airflow_venv/lib/python3.12/site-packages/airflow/example_dags/example_bash_decorator.py
[2026-07-20T06:01:56.860+0000] {processor.py:830} INFO - Processing file /workspaces/recomart-recommendation-pipeline/airflow_venv/lib/python3.12/site-packages/airflow/example_dags/example_bash_decorator.py for tasks to queue
[2026-07-20T06:01:56.862+0000] {logging_mixin.py:188} INFO - [2026-07-20T06:01:56.861+0000] {dagbag.py:545} INFO - Filling up the DagBag from /workspaces/recomart-recommendation-pipeline/airflow_venv/lib/python3.12/site-packages/airflow/example_dags/example_bash_decorator.py
[2026-07-20T06:01:56.873+0000] {processor.py:840} INFO - DAG(s) 'example_bash_decorator' retrieved from /workspaces/recomart-recommendation-pipeline/airflow_venv/lib/python3.12/site-packages/airflow/example_dags/example_bash_decorator.py
[2026-07-20T06:01:56.892+0000] {logging_mixin.py:188} INFO - [2026-07-20T06:01:56.892+0000] {dag.py:3089} INFO - Sync 1 DAGs
[2026-07-20T06:01:56.901+0000] {logging_mixin.py:188} INFO - [2026-07-20T06:01:56.901+0000] {dag.py:3947} INFO - Setting next_dagrun for example_bash_decorator to None, run_after=None
[2026-07-20T06:01:56.917+0000] {processor.py:183} INFO - Processing /workspaces/recomart-recommendation-pipeline/airflow_venv/lib/python3.12/site-packages/airflow/example_dags/example_bash_decorator.py took 0.062 seconds
[2026-07-20T06:03:01.630+0000] {processor.py:161} INFO - Started process (PID=60443) to work on /workspaces/recomart-recommendation-pipeline/airflow_venv/lib/python3.12/site-packages/airflow/example_dags/example_bash_decorator.py
[2026-07-20T06:03:01.631+0000] {processor.py:830} INFO - Processing file /workspaces/recomart-recommendation-pipeline/airflow_venv/lib/python3.12/site-packages/airflow/example_dags/example_bash_decorator.py for tasks to queue
[2026-07-20T06:03:01.632+0000] {logging_mixin.py:188} INFO - [2026-07-20T06:03:01.632+0000] {dagbag.py:545} INFO - Filling up the DagBag from /workspaces/recomart-recommendation-pipeline/airflow_venv/lib/python3.12/site-packages/airflow/example_dags/example_bash_decorator.py
[2026-07-20T06:03:01.643+0000] {processor.py:840} INFO - DAG(s) 'example_bash_decorator' retrieved from /workspaces/recomart-recommendation-pipeline/airflow_venv/lib/python3.12/site-packages/airflow/example_dags/example_bash_decorator.py
[2026-07-20T06:03:01.657+0000] {logging_mixin.py:188} INFO - [2026-07-20T06:03:01.657+0000] {dag.py:3089} INFO - Sync 1 DAGs
[2026-07-20T06:03:01.666+0000] {logging_mixin.py:188} INFO - [2026-07-20T06:03:01.666+0000] {dag.py:3947} INFO - Setting next_dagrun for example_bash_decorator to None, run_after=None
[2026-07-20T06:03:01.684+0000] {processor.py:183} INFO - Processing /workspaces/recomart-recommendation-pipeline/airflow_venv/lib/python3.12/site-packages/airflow/example_dags/example_bash_decorator.py took 0.058 seconds
[2026-07-20T06:04:02.809+0000] {processor.py:161} INFO - Started process (PID=61008) to work on /workspaces/recomart-recommendation-pipeline/airflow_venv/lib/python3.12/site-packages/airflow/example_dags/example_bash_decorator.py
[2026-07-20T06:04:02.810+0000] {processor.py:830} INFO - Processing file /workspaces/recomart-recommendation-pipeline/airflow_venv/lib/python3.12/site-packages/airflow/example_dags/example_bash_decorator.py for tasks to queue
[2026-07-20T06:04:02.812+0000] {logging_mixin.py:188} INFO - [2026-07-20T06:04:02.811+0000] {dagbag.py:545} INFO - Filling up the DagBag from /workspaces/recomart-recommendation-pipeline/airflow_venv/lib/python3.12/site-packages/airflow/example_dags/example_bash_decorator.py
[2026-07-20T06:04:02.822+0000] {processor.py:840} INFO - DAG(s) 'example_bash_decorator' retrieved from /workspaces/recomart-recommendation-pipeline/airflow_venv/lib/python3.12/site-packages/airflow/example_dags/example_bash_decorator.py
[2026-07-20T06:04:02.837+0000] {logging_mixin.py:188} INFO - [2026-07-20T06:04:02.837+0000] {dag.py:3089} INFO - Sync 1 DAGs
[2026-07-20T06:04:02.846+0000] {logging_mixin.py:188} INFO - [2026-07-20T06:04:02.846+0000] {dag.py:3947} INFO - Setting next_dagrun for example_bash_decorator to None, run_after=None
[2026-07-20T06:04:02.863+0000] {processor.py:183} INFO - Processing /workspaces/recomart-recommendation-pipeline/airflow_venv/lib/python3.12/site-packages/airflow/example_dags/example_bash_decorator.py took 0.058 seconds
[2026-07-20T06:05:10.027+0000] {processor.py:161} INFO - Started process (PID=61546) to work on /workspaces/recomart-recommendation-pipeline/airflow_venv/lib/python3.12/site-packages/airflow/example_dags/example_bash_decorator.py
[2026-07-20T06:05:10.028+0000] {processor.py:830} INFO - Processing file /workspaces/recomart-recommendation-pipeline/airflow_venv/lib/python3.12/site-packages/airflow/example_dags/example_bash_decorator.py for tasks to queue
[2026-07-20T06:05:10.029+0000] {logging_mixin.py:188} INFO - [2026-07-20T06:05:10.029+0000] {dagbag.py:545} INFO - Filling up the DagBag from /workspaces/recomart-recommendation-pipeline/airflow_venv/lib/python3.12/site-packages/airflow/example_dags/example_bash_decorator.py
[2026-07-20T06:05:10.043+0000] {processor.py:840} INFO - DAG(s) 'example_bash_decorator' retrieved from /workspaces/recomart-recommendation-pipeline/airflow_venv/lib/python3.12/site-packages/airflow/example_dags/example_bash_decorator.py
[2026-07-20T06:05:10.059+0000] {logging_mixin.py:188} INFO - [2026-07-20T06:05:10.058+0000] {dag.py:3089} INFO - Sync 1 DAGs
[2026-07-20T06:05:10.067+0000] {logging_mixin.py:188} INFO - [2026-07-20T06:05:10.067+0000] {dag.py:3947} INFO - Setting next_dagrun for example_bash_decorator to None, run_after=None
[2026-07-20T06:05:10.094+0000] {processor.py:183} INFO - Processing /workspaces/recomart-recommendation-pipeline/airflow_venv/lib/python3.12/site-packages/airflow/example_dags/example_bash_decorator.py took 0.072 seconds
[2026-07-20T06:06:19.662+0000] {processor.py:161} INFO - Started process (PID=62103) to work on /workspaces/recomart-recommendation-pipeline/airflow_venv/lib/python3.12/site-packages/airflow/example_dags/example_bash_decorator.py
[2026-07-20T06:06:19.663+0000] {processor.py:830} INFO - Processing file /workspaces/recomart-recommendation-pipeline/airflow_venv/lib/python3.12/site-packages/airflow/example_dags/example_bash_decorator.py for tasks to queue
[2026-07-20T06:06:19.664+0000] {logging_mixin.py:188} INFO - [2026-07-20T06:06:19.664+0000] {dagbag.py:545} INFO - Filling up the DagBag from /workspaces/recomart-recommendation-pipeline/airflow_venv/lib/python3.12/site-packages/airflow/example_dags/example_bash_decorator.py
[2026-07-20T06:06:19.676+0000] {processor.py:840} INFO - DAG(s) 'example_bash_decorator' retrieved from /workspaces/recomart-recommendation-pipeline/airflow_venv/lib/python3.12/site-packages/airflow/example_dags/example_bash_decorator.py
[2026-07-20T06:06:19.693+0000] {logging_mixin.py:188} INFO - [2026-07-20T06:06:19.693+0000] {dag.py:3089} INFO - Sync 1 DAGs
[2026-07-20T06:06:19.702+0000] {logging_mixin.py:188} INFO - [2026-07-20T06:06:19.702+0000] {dag.py:3947} INFO - Setting next_dagrun for example_bash_decorator to None, run_after=None
[2026-07-20T06:06:19.718+0000] {processor.py:183} INFO - Processing /workspaces/recomart-recommendation-pipeline/airflow_venv/lib/python3.12/site-packages/airflow/example_dags/example_bash_decorator.py took 0.061 seconds
[2026-07-20T06:07:33.339+0000] {processor.py:161} INFO - Started process (PID=62690) to work on /workspaces/recomart-recommendation-pipeline/airflow_venv/lib/python3.12/site-packages/airflow/example_dags/example_bash_decorator.py
[2026-07-20T06:07:33.340+0000] {processor.py:830} INFO - Processing file /workspaces/recomart-recommendation-pipeline/airflow_venv/lib/python3.12/site-packages/airflow/example_dags/example_bash_decorator.py for tasks to queue
[2026-07-20T06:07:33.342+0000] {logging_mixin.py:188} INFO - [2026-07-20T06:07:33.341+0000] {dagbag.py:545} INFO - Filling up the DagBag from /workspaces/recomart-recommendation-pipeline/airflow_venv/lib/python3.12/site-packages/airflow/example_dags/example_bash_decorator.py
[2026-07-20T06:07:33.358+0000] {processor.py:840} INFO - DAG(s) 'example_bash_decorator' retrieved from /workspaces/recomart-recommendation-pipeline/airflow_venv/lib/python3.12/site-packages/airflow/example_dags/example_bash_decorator.py
[2026-07-20T06:07:33.404+0000] {logging_mixin.py:188} INFO - [2026-07-20T06:07:33.403+0000] {dag.py:3089} INFO - Sync 1 DAGs
[2026-07-20T06:07:33.478+0000] {logging_mixin.py:188} INFO - [2026-07-20T06:07:33.477+0000] {dag.py:3947} INFO - Setting next_dagrun for example_bash_decorator to None, run_after=None
[2026-07-20T06:07:33.578+0000] {processor.py:183} INFO - Processing /workspaces/recomart-recommendation-pipeline/airflow_venv/lib/python3.12/site-packages/airflow/example_dags/example_bash_decorator.py took 0.248 seconds
[2026-07-20T06:09:31.934+0000] {processor.py:161} INFO - Started process (PID=63859) to work on /workspaces/recomart-recommendation-pipeline/airflow_venv/lib/python3.12/site-packages/airflow/example_dags/example_bash_decorator.py
[2026-07-20T06:09:31.935+0000] {processor.py:830} INFO - Processing file /workspaces/recomart-recommendation-pipeline/airflow_venv/lib/python3.12/site-packages/airflow/example_dags/example_bash_decorator.py for tasks to queue
[2026-07-20T06:09:31.937+0000] {logging_mixin.py:188} INFO - [2026-07-20T06:09:31.936+0000] {dagbag.py:545} INFO - Filling up the DagBag from /workspaces/recomart-recommendation-pipeline/airflow_venv/lib/python3.12/site-packages/airflow/example_dags/example_bash_decorator.py
[2026-07-20T06:09:31.952+0000] {processor.py:840} INFO - DAG(s) 'example_bash_decorator' retrieved from /workspaces/recomart-recommendation-pipeline/airflow_venv/lib/python3.12/site-packages/airflow/example_dags/example_bash_decorator.py
[2026-07-20T06:09:32.094+0000] {logging_mixin.py:188} INFO - [2026-07-20T06:09:32.093+0000] {dag.py:3089} INFO - Sync 1 DAGs
[2026-07-20T06:09:32.105+0000] {logging_mixin.py:188} INFO - [2026-07-20T06:09:32.104+0000] {dag.py:3947} INFO - Setting next_dagrun for example_bash_decorator to None, run_after=None
[2026-07-20T06:09:32.156+0000] {processor.py:183} INFO - Processing /workspaces/recomart-recommendation-pipeline/airflow_venv/lib/python3.12/site-packages/airflow/example_dags/example_bash_decorator.py took 0.231 seconds
[2026-07-20T06:10:45.984+0000] {processor.py:161} INFO - Started process (PID=64503) to work on /workspaces/recomart-recommendation-pipeline/airflow_venv/lib/python3.12/site-packages/airflow/example_dags/example_bash_decorator.py
[2026-07-20T06:10:45.985+0000] {processor.py:830} INFO - Processing file /workspaces/recomart-recommendation-pipeline/airflow_venv/lib/python3.12/site-packages/airflow/example_dags/example_bash_decorator.py for tasks to queue
[2026-07-20T06:10:45.987+0000] {logging_mixin.py:188} INFO - [2026-07-20T06:10:45.986+0000] {dagbag.py:545} INFO - Filling up the DagBag from /workspaces/recomart-recommendation-pipeline/airflow_venv/lib/python3.12/site-packages/airflow/example_dags/example_bash_decorator.py
[2026-07-20T06:10:45.998+0000] {processor.py:840} INFO - DAG(s) 'example_bash_decorator' retrieved from /workspaces/recomart-recommendation-pipeline/airflow_venv/lib/python3.12/site-packages/airflow/example_dags/example_bash_decorator.py
[2026-07-20T06:10:46.012+0000] {logging_mixin.py:188} INFO - [2026-07-20T06:10:46.012+0000] {dag.py:3089} INFO - Sync 1 DAGs
[2026-07-20T06:10:46.021+0000] {logging_mixin.py:188} INFO - [2026-07-20T06:10:46.021+0000] {dag.py:3947} INFO - Setting next_dagrun for example_bash_decorator to None, run_after=None
[2026-07-20T06:10:46.037+0000] {processor.py:183} INFO - Processing /workspaces/recomart-recommendation-pipeline/airflow_venv/lib/python3.12/site-packages/airflow/example_dags/example_bash_decorator.py took 0.058 seconds
[2026-07-20T06:11:50.569+0000] {processor.py:161} INFO - Started process (PID=65203) to work on /workspaces/recomart-recommendation-pipeline/airflow_venv/lib/python3.12/site-packages/airflow/example_dags/example_bash_decorator.py
[2026-07-20T06:11:50.570+0000] {processor.py:830} INFO - Processing file /workspaces/recomart-recommendation-pipeline/airflow_venv/lib/python3.12/site-packages/airflow/example_dags/example_bash_decorator.py for tasks to queue
[2026-07-20T06:11:50.571+0000] {logging_mixin.py:188} INFO - [2026-07-20T06:11:50.571+0000] {dagbag.py:545} INFO - Filling up the DagBag from /workspaces/recomart-recommendation-pipeline/airflow_venv/lib/python3.12/site-packages/airflow/example_dags/example_bash_decorator.py
[2026-07-20T06:11:50.586+0000] {processor.py:840} INFO - DAG(s) 'example_bash_decorator' retrieved from /workspaces/recomart-recommendation-pipeline/airflow_venv/lib/python3.12/site-packages/airflow/example_dags/example_bash_decorator.py
[2026-07-20T06:11:50.602+0000] {logging_mixin.py:188} INFO - [2026-07-20T06:11:50.601+0000] {dag.py:3089} INFO - Sync 1 DAGs
[2026-07-20T06:11:50.611+0000] {logging_mixin.py:188} INFO - [2026-07-20T06:11:50.611+0000] {dag.py:3947} INFO - Setting next_dagrun for example_bash_decorator to None, run_after=None
[2026-07-20T06:11:50.629+0000] {processor.py:183} INFO - Processing /workspaces/recomart-recommendation-pipeline/airflow_venv/lib/python3.12/site-packages/airflow/example_dags/example_bash_decorator.py took 0.066 seconds
[2026-07-20T06:12:54.066+0000] {processor.py:161} INFO - Started process (PID=65741) to work on /workspaces/recomart-recommendation-pipeline/airflow_venv/lib/python3.12/site-packages/airflow/example_dags/example_bash_decorator.py
[2026-07-20T06:12:54.067+0000] {processor.py:830} INFO - Processing file /workspaces/recomart-recommendation-pipeline/airflow_venv/lib/python3.12/site-packages/airflow/example_dags/example_bash_decorator.py for tasks to queue
[2026-07-20T06:12:54.068+0000] {logging_mixin.py:188} INFO - [2026-07-20T06:12:54.068+0000] {dagbag.py:545} INFO - Filling up the DagBag from /workspaces/recomart-recommendation-pipeline/airflow_venv/lib/python3.12/site-packages/airflow/example_dags/example_bash_decorator.py
[2026-07-20T06:12:54.085+0000] {processor.py:840} INFO - DAG(s) 'example_bash_decorator' retrieved from /workspaces/recomart-recommendation-pipeline/airflow_venv/lib/python3.12/site-packages/airflow/example_dags/example_bash_decorator.py
[2026-07-20T06:12:54.102+0000] {logging_mixin.py:188} INFO - [2026-07-20T06:12:54.101+0000] {dag.py:3089} INFO - Sync 1 DAGs
[2026-07-20T06:12:54.111+0000] {logging_mixin.py:188} INFO - [2026-07-20T06:12:54.111+0000] {dag.py:3947} INFO - Setting next_dagrun for example_bash_decorator to None, run_after=None
[2026-07-20T06:12:54.128+0000] {processor.py:183} INFO - Processing /workspaces/recomart-recommendation-pipeline/airflow_venv/lib/python3.12/site-packages/airflow/example_dags/example_bash_decorator.py took 0.067 seconds
[2026-07-20T06:14:00.407+0000] {processor.py:161} INFO - Started process (PID=66443) to work on /workspaces/recomart-recommendation-pipeline/airflow_venv/lib/python3.12/site-packages/airflow/example_dags/example_bash_decorator.py
[2026-07-20T06:14:00.411+0000] {processor.py:830} INFO - Processing file /workspaces/recomart-recommendation-pipeline/airflow_venv/lib/python3.12/site-packages/airflow/example_dags/example_bash_decorator.py for tasks to queue
[2026-07-20T06:14:00.415+0000] {logging_mixin.py:188} INFO - [2026-07-20T06:14:00.414+0000] {dagbag.py:545} INFO - Filling up the DagBag from /workspaces/recomart-recommendation-pipeline/airflow_venv/lib/python3.12/site-packages/airflow/example_dags/example_bash_decorator.py
[2026-07-20T06:14:00.474+0000] {processor.py:840} INFO - DAG(s) 'example_bash_decorator' retrieved from /workspaces/recomart-recommendation-pipeline/airflow_venv/lib/python3.12/site-packages/airflow/example_dags/example_bash_decorator.py
[2026-07-20T06:14:00.510+0000] {logging_mixin.py:188} INFO - [2026-07-20T06:14:00.510+0000] {dag.py:3089} INFO - Sync 1 DAGs
[2026-07-20T06:14:00.525+0000] {logging_mixin.py:188} INFO - [2026-07-20T06:14:00.525+0000] {dag.py:3947} INFO - Setting next_dagrun for example_bash_decorator to None, run_after=None
[2026-07-20T06:14:00.746+0000] {processor.py:183} INFO - Processing /workspaces/recomart-recommendation-pipeline/airflow_venv/lib/python3.12/site-packages/airflow/example_dags/example_bash_decorator.py took 0.353 seconds
[2026-07-20T06:15:08.229+0000] {processor.py:161} INFO - Started process (PID=67181) to work on /workspaces/recomart-recommendation-pipeline/airflow_venv/lib/python3.12/site-packages/airflow/example_dags/example_bash_decorator.py
[2026-07-20T06:15:08.230+0000] {processor.py:830} INFO - Processing file /workspaces/recomart-recommendation-pipeline/airflow_venv/lib/python3.12/site-packages/airflow/example_dags/example_bash_decorator.py for tasks to queue
[2026-07-20T06:15:08.231+0000] {logging_mixin.py:188} INFO - [2026-07-20T06:15:08.231+0000] {dagbag.py:545} INFO - Filling up the DagBag from /workspaces/recomart-recommendation-pipeline/airflow_venv/lib/python3.12/site-packages/airflow/example_dags/example_bash_decorator.py
[2026-07-20T06:15:08.242+0000] {processor.py:840} INFO - DAG(s) 'example_bash_decorator' retrieved from /workspaces/recomart-recommendation-pipeline/airflow_venv/lib/python3.12/site-packages/airflow/example_dags/example_bash_decorator.py
[2026-07-20T06:15:08.255+0000] {logging_mixin.py:188} INFO - [2026-07-20T06:15:08.255+0000] {dag.py:3089} INFO - Sync 1 DAGs
[2026-07-20T06:15:08.264+0000] {logging_mixin.py:188} INFO - [2026-07-20T06:15:08.264+0000] {dag.py:3947} INFO - Setting next_dagrun for example_bash_decorator to None, run_after=None
[2026-07-20T06:15:08.380+0000] {processor.py:183} INFO - Processing /workspaces/recomart-recommendation-pipeline/airflow_venv/lib/python3.12/site-packages/airflow/example_dags/example_bash_decorator.py took 0.155 seconds
[2026-07-20T06:31:35.703+0000] {processor.py:161} INFO - Started process (PID=73915) to work on /workspaces/recomart-recommendation-pipeline/airflow_venv/lib/python3.12/site-packages/airflow/example_dags/example_bash_decorator.py
[2026-07-20T06:31:35.704+0000] {processor.py:830} INFO - Processing file /workspaces/recomart-recommendation-pipeline/airflow_venv/lib/python3.12/site-packages/airflow/example_dags/example_bash_decorator.py for tasks to queue
[2026-07-20T06:31:35.706+0000] {logging_mixin.py:188} INFO - [2026-07-20T06:31:35.706+0000] {dagbag.py:545} INFO - Filling up the DagBag from /workspaces/recomart-recommendation-pipeline/airflow_venv/lib/python3.12/site-packages/airflow/example_dags/example_bash_decorator.py
[2026-07-20T06:31:35.722+0000] {processor.py:840} INFO - DAG(s) 'example_bash_decorator' retrieved from /workspaces/recomart-recommendation-pipeline/airflow_venv/lib/python3.12/site-packages/airflow/example_dags/example_bash_decorator.py
[2026-07-20T06:31:35.839+0000] {logging_mixin.py:188} INFO - [2026-07-20T06:31:35.839+0000] {dag.py:3089} INFO - Sync 1 DAGs
[2026-07-20T06:31:35.846+0000] {logging_mixin.py:188} INFO - [2026-07-20T06:31:35.846+0000] {dag.py:3947} INFO - Setting next_dagrun for example_bash_decorator to None, run_after=None
[2026-07-20T06:31:35.863+0000] {processor.py:183} INFO - Processing /workspaces/recomart-recommendation-pipeline/airflow_venv/lib/python3.12/site-packages/airflow/example_dags/example_bash_decorator.py took 0.169 seconds
[2026-07-20T06:32:48.168+0000] {processor.py:161} INFO - Started process (PID=74864) to work on /workspaces/recomart-recommendation-pipeline/airflow_venv/lib/python3.12/site-packages/airflow/example_dags/example_bash_decorator.py
[2026-07-20T06:32:48.169+0000] {processor.py:830} INFO - Processing file /workspaces/recomart-recommendation-pipeline/airflow_venv/lib/python3.12/site-packages/airflow/example_dags/example_bash_decorator.py for tasks to queue
[2026-07-20T06:32:48.170+0000] {logging_mixin.py:188} INFO - [2026-07-20T06:32:48.170+0000] {dagbag.py:545} INFO - Filling up the DagBag from /workspaces/recomart-recommendation-pipeline/airflow_venv/lib/python3.12/site-packages/airflow/example_dags/example_bash_decorator.py
[2026-07-20T06:32:48.185+0000] {processor.py:840} INFO - DAG(s) 'example_bash_decorator' retrieved from /workspaces/recomart-recommendation-pipeline/airflow_venv/lib/python3.12/site-packages/airflow/example_dags/example_bash_decorator.py
[2026-07-20T06:32:48.206+0000] {logging_mixin.py:188} INFO - [2026-07-20T06:32:48.206+0000] {dag.py:3089} INFO - Sync 1 DAGs
[2026-07-20T06:32:48.216+0000] {logging_mixin.py:188} INFO - [2026-07-20T06:32:48.215+0000] {dag.py:3947} INFO - Setting next_dagrun for example_bash_decorator to None, run_after=None
[2026-07-20T06:32:48.231+0000] {processor.py:183} INFO - Processing /workspaces/recomart-recommendation-pipeline/airflow_venv/lib/python3.12/site-packages/airflow/example_dags/example_bash_decorator.py took 0.068 seconds
[2026-07-20T06:34:28.092+0000] {processor.py:161} INFO - Started process (PID=76222) to work on /workspaces/recomart-recommendation-pipeline/airflow_venv/lib/python3.12/site-packages/airflow/example_dags/example_bash_decorator.py
[2026-07-20T06:34:28.097+0000] {processor.py:830} INFO - Processing file /workspaces/recomart-recommendation-pipeline/airflow_venv/lib/python3.12/site-packages/airflow/example_dags/example_bash_decorator.py for tasks to queue
[2026-07-20T06:34:28.100+0000] {logging_mixin.py:188} INFO - [2026-07-20T06:34:28.099+0000] {dagbag.py:545} INFO - Filling up the DagBag from /workspaces/recomart-recommendation-pipeline/airflow_venv/lib/python3.12/site-packages/airflow/example_dags/example_bash_decorator.py
[2026-07-20T06:34:28.121+0000] {processor.py:840} INFO - DAG(s) 'example_bash_decorator' retrieved from /workspaces/recomart-recommendation-pipeline/airflow_venv/lib/python3.12/site-packages/airflow/example_dags/example_bash_decorator.py
[2026-07-20T06:34:28.139+0000] {logging_mixin.py:188} INFO - [2026-07-20T06:34:28.139+0000] {dag.py:3089} INFO - Sync 1 DAGs
[2026-07-20T06:34:28.148+0000] {logging_mixin.py:188} INFO - [2026-07-20T06:34:28.148+0000] {dag.py:3947} INFO - Setting next_dagrun for example_bash_decorator to None, run_after=None
[2026-07-20T06:34:28.165+0000] {processor.py:183} INFO - Processing /workspaces/recomart-recommendation-pipeline/airflow_venv/lib/python3.12/site-packages/airflow/example_dags/example_bash_decorator.py took 0.079 seconds
[2026-07-20T06:35:26.003+0000] {processor.py:161} INFO - Started process (PID=77370) to work on /workspaces/recomart-recommendation-pipeline/airflow_venv/lib/python3.12/site-packages/airflow/example_dags/example_bash_decorator.py
[2026-07-20T06:35:26.004+0000] {processor.py:830} INFO - Processing file /workspaces/recomart-recommendation-pipeline/airflow_venv/lib/python3.12/site-packages/airflow/example_dags/example_bash_decorator.py for tasks to queue
[2026-07-20T06:35:26.006+0000] {logging_mixin.py:188} INFO - [2026-07-20T06:35:26.005+0000] {dagbag.py:545} INFO - Filling up the DagBag from /workspaces/recomart-recommendation-pipeline/airflow_venv/lib/python3.12/site-packages/airflow/example_dags/example_bash_decorator.py
[2026-07-20T06:35:26.026+0000] {processor.py:840} INFO - DAG(s) 'example_bash_decorator' retrieved from /workspaces/recomart-recommendation-pipeline/airflow_venv/lib/python3.12/site-packages/airflow/example_dags/example_bash_decorator.py
[2026-07-20T06:35:26.051+0000] {logging_mixin.py:188} INFO - [2026-07-20T06:35:26.051+0000] {dag.py:3089} INFO - Sync 1 DAGs
[2026-07-20T06:35:26.065+0000] {logging_mixin.py:188} INFO - [2026-07-20T06:35:26.065+0000] {dag.py:3947} INFO - Setting next_dagrun for example_bash_decorator to None, run_after=None
[2026-07-20T06:35:26.090+0000] {processor.py:183} INFO - Processing /workspaces/recomart-recommendation-pipeline/airflow_venv/lib/python3.12/site-packages/airflow/example_dags/example_bash_decorator.py took 0.094 seconds
[2026-07-20T06:36:46.554+0000] {processor.py:161} INFO - Started process (PID=78740) to work on /workspaces/recomart-recommendation-pipeline/airflow_venv/lib/python3.12/site-packages/airflow/example_dags/example_bash_decorator.py
[2026-07-20T06:36:46.555+0000] {processor.py:830} INFO - Processing file /workspaces/recomart-recommendation-pipeline/airflow_venv/lib/python3.12/site-packages/airflow/example_dags/example_bash_decorator.py for tasks to queue
[2026-07-20T06:36:46.557+0000] {logging_mixin.py:188} INFO - [2026-07-20T06:36:46.556+0000] {dagbag.py:545} INFO - Filling up the DagBag from /workspaces/recomart-recommendation-pipeline/airflow_venv/lib/python3.12/site-packages/airflow/example_dags/example_bash_decorator.py
[2026-07-20T06:36:46.569+0000] {processor.py:840} INFO - DAG(s) 'example_bash_decorator' retrieved from /workspaces/recomart-recommendation-pipeline/airflow_venv/lib/python3.12/site-packages/airflow/example_dags/example_bash_decorator.py
[2026-07-20T06:36:46.583+0000] {logging_mixin.py:188} INFO - [2026-07-20T06:36:46.583+0000] {dag.py:3089} INFO - Sync 1 DAGs
[2026-07-20T06:36:46.592+0000] {logging_mixin.py:188} INFO - [2026-07-20T06:36:46.592+0000] {dag.py:3947} INFO - Setting next_dagrun for example_bash_decorator to None, run_after=None
[2026-07-20T06:36:46.608+0000] {processor.py:183} INFO - Processing /workspaces/recomart-recommendation-pipeline/airflow_venv/lib/python3.12/site-packages/airflow/example_dags/example_bash_decorator.py took 0.060 seconds
[2026-07-20T06:37:54.466+0000] {processor.py:161} INFO - Started process (PID=79282) to work on /workspaces/recomart-recommendation-pipeline/airflow_venv/lib/python3.12/site-packages/airflow/example_dags/example_bash_decorator.py
[2026-07-20T06:37:54.467+0000] {processor.py:830} INFO - Processing file /workspaces/recomart-recommendation-pipeline/airflow_venv/lib/python3.12/site-packages/airflow/example_dags/example_bash_decorator.py for tasks to queue
[2026-07-20T06:37:54.468+0000] {logging_mixin.py:188} INFO - [2026-07-20T06:37:54.468+0000] {dagbag.py:545} INFO - Filling up the DagBag from /workspaces/recomart-recommendation-pipeline/airflow_venv/lib/python3.12/site-packages/airflow/example_dags/example_bash_decorator.py
[2026-07-20T06:37:54.481+0000] {processor.py:840} INFO - DAG(s) 'example_bash_decorator' retrieved from /workspaces/recomart-recommendation-pipeline/airflow_venv/lib/python3.12/site-packages/airflow/example_dags/example_bash_decorator.py
[2026-07-20T06:37:54.497+0000] {logging_mixin.py:188} INFO - [2026-07-20T06:37:54.497+0000] {dag.py:3089} INFO - Sync 1 DAGs
[2026-07-20T06:37:54.506+0000] {logging_mixin.py:188} INFO - [2026-07-20T06:37:54.505+0000] {dag.py:3947} INFO - Setting next_dagrun for example_bash_decorator to None, run_after=None
[2026-07-20T06:37:54.523+0000] {processor.py:183} INFO - Processing /workspaces/recomart-recommendation-pipeline/airflow_venv/lib/python3.12/site-packages/airflow/example_dags/example_bash_decorator.py took 0.061 seconds
[2026-07-20T06:39:06.725+0000] {processor.py:161} INFO - Started process (PID=79870) to work on /workspaces/recomart-recommendation-pipeline/airflow_venv/lib/python3.12/site-packages/airflow/example_dags/example_bash_decorator.py
[2026-07-20T06:39:06.726+0000] {processor.py:830} INFO - Processing file /workspaces/recomart-recommendation-pipeline/airflow_venv/lib/python3.12/site-packages/airflow/example_dags/example_bash_decorator.py for tasks to queue
[2026-07-20T06:39:06.727+0000] {logging_mixin.py:188} INFO - [2026-07-20T06:39:06.727+0000] {dagbag.py:545} INFO - Filling up the DagBag from /workspaces/recomart-recommendation-pipeline/airflow_venv/lib/python3.12/site-packages/airflow/example_dags/example_bash_decorator.py
[2026-07-20T06:39:06.738+0000] {processor.py:840} INFO - DAG(s) 'example_bash_decorator' retrieved from /workspaces/recomart-recommendation-pipeline/airflow_venv/lib/python3.12/site-packages/airflow/example_dags/example_bash_decorator.py
[2026-07-20T06:39:06.751+0000] {logging_mixin.py:188} INFO - [2026-07-20T06:39:06.751+0000] {dag.py:3089} INFO - Sync 1 DAGs
[2026-07-20T06:39:06.761+0000] {logging_mixin.py:188} INFO - [2026-07-20T06:39:06.761+0000] {dag.py:3947} INFO - Setting next_dagrun for example_bash_decorator to None, run_after=None
[2026-07-20T06:39:06.789+0000] {processor.py:183} INFO - Processing /workspaces/recomart-recommendation-pipeline/airflow_venv/lib/python3.12/site-packages/airflow/example_dags/example_bash_decorator.py took 0.068 seconds
[2026-07-20T06:40:21.057+0000] {processor.py:161} INFO - Started process (PID=80479) to work on /workspaces/recomart-recommendation-pipeline/airflow_venv/lib/python3.12/site-packages/airflow/example_dags/example_bash_decorator.py
[2026-07-20T06:40:21.058+0000] {processor.py:830} INFO - Processing file /workspaces/recomart-recommendation-pipeline/airflow_venv/lib/python3.12/site-packages/airflow/example_dags/example_bash_decorator.py for tasks to queue
[2026-07-20T06:40:21.059+0000] {logging_mixin.py:188} INFO - [2026-07-20T06:40:21.059+0000] {dagbag.py:545} INFO - Filling up the DagBag from /workspaces/recomart-recommendation-pipeline/airflow_venv/lib/python3.12/site-packages/airflow/example_dags/example_bash_decorator.py
[2026-07-20T06:40:21.069+0000] {processor.py:840} INFO - DAG(s) 'example_bash_decorator' retrieved from /workspaces/recomart-recommendation-pipeline/airflow_venv/lib/python3.12/site-packages/airflow/example_dags/example_bash_decorator.py
[2026-07-20T06:40:21.089+0000] {logging_mixin.py:188} INFO - [2026-07-20T06:40:21.089+0000] {dag.py:3089} INFO - Sync 1 DAGs
[2026-07-20T06:40:21.098+0000] {logging_mixin.py:188} INFO - [2026-07-20T06:40:21.098+0000] {dag.py:3947} INFO - Setting next_dagrun for example_bash_decorator to None, run_after=None
[2026-07-20T06:40:21.115+0000] {processor.py:183} INFO - Processing /workspaces/recomart-recommendation-pipeline/airflow_venv/lib/python3.12/site-packages/airflow/example_dags/example_bash_decorator.py took 0.062 seconds
[2026-07-20T06:41:30.519+0000] {processor.py:161} INFO - Started process (PID=81089) to work on /workspaces/recomart-recommendation-pipeline/airflow_venv/lib/python3.12/site-packages/airflow/example_dags/example_bash_decorator.py
[2026-07-20T06:41:30.520+0000] {processor.py:830} INFO - Processing file /workspaces/recomart-recommendation-pipeline/airflow_venv/lib/python3.12/site-packages/airflow/example_dags/example_bash_decorator.py for tasks to queue
[2026-07-20T06:41:30.521+0000] {logging_mixin.py:188} INFO - [2026-07-20T06:41:30.521+0000] {dagbag.py:545} INFO - Filling up the DagBag from /workspaces/recomart-recommendation-pipeline/airflow_venv/lib/python3.12/site-packages/airflow/example_dags/example_bash_decorator.py
[2026-07-20T06:41:30.532+0000] {processor.py:840} INFO - DAG(s) 'example_bash_decorator' retrieved from /workspaces/recomart-recommendation-pipeline/airflow_venv/lib/python3.12/site-packages/airflow/example_dags/example_bash_decorator.py
[2026-07-20T06:41:30.546+0000] {logging_mixin.py:188} INFO - [2026-07-20T06:41:30.545+0000] {dag.py:3089} INFO - Sync 1 DAGs
[2026-07-20T06:41:30.554+0000] {logging_mixin.py:188} INFO - [2026-07-20T06:41:30.554+0000] {dag.py:3947} INFO - Setting next_dagrun for example_bash_decorator to None, run_after=None
[2026-07-20T06:41:30.573+0000] {processor.py:183} INFO - Processing /workspaces/recomart-recommendation-pipeline/airflow_venv/lib/python3.12/site-packages/airflow/example_dags/example_bash_decorator.py took 0.058 seconds
[2026-07-20T06:42:42.044+0000] {processor.py:161} INFO - Started process (PID=81734) to work on /workspaces/recomart-recommendation-pipeline/airflow_venv/lib/python3.12/site-packages/airflow/example_dags/example_bash_decorator.py
[2026-07-20T06:42:42.045+0000] {processor.py:830} INFO - Processing file /workspaces/recomart-recommendation-pipeline/airflow_venv/lib/python3.12/site-packages/airflow/example_dags/example_bash_decorator.py for tasks to queue
[2026-07-20T06:42:42.046+0000] {logging_mixin.py:188} INFO - [2026-07-20T06:42:42.046+0000] {dagbag.py:545} INFO - Filling up the DagBag from /workspaces/recomart-recommendation-pipeline/airflow_venv/lib/python3.12/site-packages/airflow/example_dags/example_bash_decorator.py
[2026-07-20T06:42:42.060+0000] {processor.py:840} INFO - DAG(s) 'example_bash_decorator' retrieved from /workspaces/recomart-recommendation-pipeline/airflow_venv/lib/python3.12/site-packages/airflow/example_dags/example_bash_decorator.py
[2026-07-20T06:42:42.077+0000] {logging_mixin.py:188} INFO - [2026-07-20T06:42:42.077+0000] {dag.py:3089} INFO - Sync 1 DAGs
[2026-07-20T06:42:42.089+0000] {logging_mixin.py:188} INFO - [2026-07-20T06:42:42.089+0000] {dag.py:3947} INFO - Setting next_dagrun for example_bash_decorator to None, run_after=None
[2026-07-20T06:42:42.107+0000] {processor.py:183} INFO - Processing /workspaces/recomart-recommendation-pipeline/airflow_venv/lib/python3.12/site-packages/airflow/example_dags/example_bash_decorator.py took 0.067 seconds
[2026-07-20T06:43:54.574+0000] {processor.py:161} INFO - Started process (PID=82312) to work on /workspaces/recomart-recommendation-pipeline/airflow_venv/lib/python3.12/site-packages/airflow/example_dags/example_bash_decorator.py
[2026-07-20T06:43:54.575+0000] {processor.py:830} INFO - Processing file /workspaces/recomart-recommendation-pipeline/airflow_venv/lib/python3.12/site-packages/airflow/example_dags/example_bash_decorator.py for tasks to queue
[2026-07-20T06:43:54.577+0000] {logging_mixin.py:188} INFO - [2026-07-20T06:43:54.576+0000] {dagbag.py:545} INFO - Filling up the DagBag from /workspaces/recomart-recommendation-pipeline/airflow_venv/lib/python3.12/site-packages/airflow/example_dags/example_bash_decorator.py
[2026-07-20T06:43:54.591+0000] {processor.py:840} INFO - DAG(s) 'example_bash_decorator' retrieved from /workspaces/recomart-recommendation-pipeline/airflow_venv/lib/python3.12/site-packages/airflow/example_dags/example_bash_decorator.py
[2026-07-20T06:43:54.605+0000] {logging_mixin.py:188} INFO - [2026-07-20T06:43:54.605+0000] {dag.py:3089} INFO - Sync 1 DAGs
[2026-07-20T06:43:54.614+0000] {logging_mixin.py:188} INFO - [2026-07-20T06:43:54.614+0000] {dag.py:3947} INFO - Setting next_dagrun for example_bash_decorator to None, run_after=None
[2026-07-20T06:43:54.630+0000] {processor.py:183} INFO - Processing /workspaces/recomart-recommendation-pipeline/airflow_venv/lib/python3.12/site-packages/airflow/example_dags/example_bash_decorator.py took 0.062 seconds
[2026-07-20T06:45:00.433+0000] {processor.py:161} INFO - Started process (PID=82869) to work on /workspaces/recomart-recommendation-pipeline/airflow_venv/lib/python3.12/site-packages/airflow/example_dags/example_bash_decorator.py
[2026-07-20T06:45:00.434+0000] {processor.py:830} INFO - Processing file /workspaces/recomart-recommendation-pipeline/airflow_venv/lib/python3.12/site-packages/airflow/example_dags/example_bash_decorator.py for tasks to queue
[2026-07-20T06:45:00.435+0000] {logging_mixin.py:188} INFO - [2026-07-20T06:45:00.435+0000] {dagbag.py:545} INFO - Filling up the DagBag from /workspaces/recomart-recommendation-pipeline/airflow_venv/lib/python3.12/site-packages/airflow/example_dags/example_bash_decorator.py
[2026-07-20T06:45:00.447+0000] {processor.py:840} INFO - DAG(s) 'example_bash_decorator' retrieved from /workspaces/recomart-recommendation-pipeline/airflow_venv/lib/python3.12/site-packages/airflow/example_dags/example_bash_decorator.py
[2026-07-20T06:45:00.468+0000] {logging_mixin.py:188} INFO - [2026-07-20T06:45:00.468+0000] {dag.py:3089} INFO - Sync 1 DAGs
[2026-07-20T06:45:00.481+0000] {logging_mixin.py:188} INFO - [2026-07-20T06:45:00.481+0000] {dag.py:3947} INFO - Setting next_dagrun for example_bash_decorator to None, run_after=None
[2026-07-20T06:45:00.501+0000] {processor.py:183} INFO - Processing /workspaces/recomart-recommendation-pipeline/airflow_venv/lib/python3.12/site-packages/airflow/example_dags/example_bash_decorator.py took 0.072 seconds
[2026-07-20T06:46:04.640+0000] {processor.py:161} INFO - Started process (PID=83444) to work on /workspaces/recomart-recommendation-pipeline/airflow_venv/lib/python3.12/site-packages/airflow/example_dags/example_bash_decorator.py
[2026-07-20T06:46:04.640+0000] {processor.py:830} INFO - Processing file /workspaces/recomart-recommendation-pipeline/airflow_venv/lib/python3.12/site-packages/airflow/example_dags/example_bash_decorator.py for tasks to queue
[2026-07-20T06:46:04.642+0000] {logging_mixin.py:188} INFO - [2026-07-20T06:46:04.641+0000] {dagbag.py:545} INFO - Filling up the DagBag from /workspaces/recomart-recommendation-pipeline/airflow_venv/lib/python3.12/site-packages/airflow/example_dags/example_bash_decorator.py
[2026-07-20T06:46:04.652+0000] {processor.py:840} INFO - DAG(s) 'example_bash_decorator' retrieved from /workspaces/recomart-recommendation-pipeline/airflow_venv/lib/python3.12/site-packages/airflow/example_dags/example_bash_decorator.py
[2026-07-20T06:46:04.667+0000] {logging_mixin.py:188} INFO - [2026-07-20T06:46:04.667+0000] {dag.py:3089} INFO - Sync 1 DAGs
[2026-07-20T06:46:04.679+0000] {logging_mixin.py:188} INFO - [2026-07-20T06:46:04.679+0000] {dag.py:3947} INFO - Setting next_dagrun for example_bash_decorator to None, run_after=None
[2026-07-20T06:46:04.730+0000] {processor.py:183} INFO - Processing /workspaces/recomart-recommendation-pipeline/airflow_venv/lib/python3.12/site-packages/airflow/example_dags/example_bash_decorator.py took 0.094 seconds
[2026-07-20T06:47:09.889+0000] {processor.py:161} INFO - Started process (PID=83998) to work on /workspaces/recomart-recommendation-pipeline/airflow_venv/lib/python3.12/site-packages/airflow/example_dags/example_bash_decorator.py
[2026-07-20T06:47:09.890+0000] {processor.py:830} INFO - Processing file /workspaces/recomart-recommendation-pipeline/airflow_venv/lib/python3.12/site-packages/airflow/example_dags/example_bash_decorator.py for tasks to queue
[2026-07-20T06:47:09.892+0000] {logging_mixin.py:188} INFO - [2026-07-20T06:47:09.892+0000] {dagbag.py:545} INFO - Filling up the DagBag from /workspaces/recomart-recommendation-pipeline/airflow_venv/lib/python3.12/site-packages/airflow/example_dags/example_bash_decorator.py
[2026-07-20T06:47:09.902+0000] {processor.py:840} INFO - DAG(s) 'example_bash_decorator' retrieved from /workspaces/recomart-recommendation-pipeline/airflow_venv/lib/python3.12/site-packages/airflow/example_dags/example_bash_decorator.py
[2026-07-20T06:47:09.916+0000] {logging_mixin.py:188} INFO - [2026-07-20T06:47:09.916+0000] {dag.py:3089} INFO - Sync 1 DAGs
[2026-07-20T06:47:09.925+0000] {logging_mixin.py:188} INFO - [2026-07-20T06:47:09.925+0000] {dag.py:3947} INFO - Setting next_dagrun for example_bash_decorator to None, run_after=None
[2026-07-20T06:47:09.941+0000] {processor.py:183} INFO - Processing /workspaces/recomart-recommendation-pipeline/airflow_venv/lib/python3.12/site-packages/airflow/example_dags/example_bash_decorator.py took 0.057 seconds
[2026-07-20T06:48:13.006+0000] {processor.py:161} INFO - Started process (PID=84516) to work on /workspaces/recomart-recommendation-pipeline/airflow_venv/lib/python3.12/site-packages/airflow/example_dags/example_bash_decorator.py
[2026-07-20T06:48:13.007+0000] {processor.py:830} INFO - Processing file /workspaces/recomart-recommendation-pipeline/airflow_venv/lib/python3.12/site-packages/airflow/example_dags/example_bash_decorator.py for tasks to queue
[2026-07-20T06:48:13.008+0000] {logging_mixin.py:188} INFO - [2026-07-20T06:48:13.008+0000] {dagbag.py:545} INFO - Filling up the DagBag from /workspaces/recomart-recommendation-pipeline/airflow_venv/lib/python3.12/site-packages/airflow/example_dags/example_bash_decorator.py
[2026-07-20T06:48:13.019+0000] {processor.py:840} INFO - DAG(s) 'example_bash_decorator' retrieved from /workspaces/recomart-recommendation-pipeline/airflow_venv/lib/python3.12/site-packages/airflow/example_dags/example_bash_decorator.py
[2026-07-20T06:48:13.034+0000] {logging_mixin.py:188} INFO - [2026-07-20T06:48:13.033+0000] {dag.py:3089} INFO - Sync 1 DAGs
[2026-07-20T06:48:13.044+0000] {logging_mixin.py:188} INFO - [2026-07-20T06:48:13.043+0000] {dag.py:3947} INFO - Setting next_dagrun for example_bash_decorator to None, run_after=None
[2026-07-20T06:48:13.066+0000] {processor.py:183} INFO - Processing /workspaces/recomart-recommendation-pipeline/airflow_venv/lib/python3.12/site-packages/airflow/example_dags/example_bash_decorator.py took 0.064 seconds
[2026-07-20T06:49:16.220+0000] {processor.py:161} INFO - Started process (PID=85147) to work on /workspaces/recomart-recommendation-pipeline/airflow_venv/lib/python3.12/site-packages/airflow/example_dags/example_bash_decorator.py
[2026-07-20T06:49:16.220+0000] {processor.py:830} INFO - Processing file /workspaces/recomart-recommendation-pipeline/airflow_venv/lib/python3.12/site-packages/airflow/example_dags/example_bash_decorator.py for tasks to queue
[2026-07-20T06:49:16.222+0000] {logging_mixin.py:188} INFO - [2026-07-20T06:49:16.221+0000] {dagbag.py:545} INFO - Filling up the DagBag from /workspaces/recomart-recommendation-pipeline/airflow_venv/lib/python3.12/site-packages/airflow/example_dags/example_bash_decorator.py
[2026-07-20T06:49:16.234+0000] {processor.py:840} INFO - DAG(s) 'example_bash_decorator' retrieved from /workspaces/recomart-recommendation-pipeline/airflow_venv/lib/python3.12/site-packages/airflow/example_dags/example_bash_decorator.py
[2026-07-20T06:49:16.249+0000] {logging_mixin.py:188} INFO - [2026-07-20T06:49:16.249+0000] {dag.py:3089} INFO - Sync 1 DAGs
[2026-07-20T06:49:16.262+0000] {logging_mixin.py:188} INFO - [2026-07-20T06:49:16.262+0000] {dag.py:3947} INFO - Setting next_dagrun for example_bash_decorator to None, run_after=None
[2026-07-20T06:49:16.280+0000] {processor.py:183} INFO - Processing /workspaces/recomart-recommendation-pipeline/airflow_venv/lib/python3.12/site-packages/airflow/example_dags/example_bash_decorator.py took 0.065 seconds
[2026-07-20T06:50:20.287+0000] {processor.py:161} INFO - Started process (PID=85792) to work on /workspaces/recomart-recommendation-pipeline/airflow_venv/lib/python3.12/site-packages/airflow/example_dags/example_bash_decorator.py
[2026-07-20T06:50:20.288+0000] {processor.py:830} INFO - Processing file /workspaces/recomart-recommendation-pipeline/airflow_venv/lib/python3.12/site-packages/airflow/example_dags/example_bash_decorator.py for tasks to queue
[2026-07-20T06:50:20.290+0000] {logging_mixin.py:188} INFO - [2026-07-20T06:50:20.289+0000] {dagbag.py:545} INFO - Filling up the DagBag from /workspaces/recomart-recommendation-pipeline/airflow_venv/lib/python3.12/site-packages/airflow/example_dags/example_bash_decorator.py
[2026-07-20T06:50:20.300+0000] {processor.py:840} INFO - DAG(s) 'example_bash_decorator' retrieved from /workspaces/recomart-recommendation-pipeline/airflow_venv/lib/python3.12/site-packages/airflow/example_dags/example_bash_decorator.py
[2026-07-20T06:50:20.316+0000] {logging_mixin.py:188} INFO - [2026-07-20T06:50:20.316+0000] {dag.py:3089} INFO - Sync 1 DAGs
[2026-07-20T06:50:20.325+0000] {logging_mixin.py:188} INFO - [2026-07-20T06:50:20.325+0000] {dag.py:3947} INFO - Setting next_dagrun for example_bash_decorator to None, run_after=None
[2026-07-20T06:50:20.341+0000] {processor.py:183} INFO - Processing /workspaces/recomart-recommendation-pipeline/airflow_venv/lib/python3.12/site-packages/airflow/example_dags/example_bash_decorator.py took 0.060 seconds
[2026-07-20T06:51:28.171+0000] {processor.py:161} INFO - Started process (PID=86478) to work on /workspaces/recomart-recommendation-pipeline/airflow_venv/lib/python3.12/site-packages/airflow/example_dags/example_bash_decorator.py
[2026-07-20T06:51:28.171+0000] {processor.py:830} INFO - Processing file /workspaces/recomart-recommendation-pipeline/airflow_venv/lib/python3.12/site-packages/airflow/example_dags/example_bash_decorator.py for tasks to queue
[2026-07-20T06:51:28.173+0000] {logging_mixin.py:188} INFO - [2026-07-20T06:51:28.173+0000] {dagbag.py:545} INFO - Filling up the DagBag from /workspaces/recomart-recommendation-pipeline/airflow_venv/lib/python3.12/site-packages/airflow/example_dags/example_bash_decorator.py
[2026-07-20T06:51:28.187+0000] {processor.py:840} INFO - DAG(s) 'example_bash_decorator' retrieved from /workspaces/recomart-recommendation-pipeline/airflow_venv/lib/python3.12/site-packages/airflow/example_dags/example_bash_decorator.py
[2026-07-20T06:51:28.202+0000] {logging_mixin.py:188} INFO - [2026-07-20T06:51:28.202+0000] {dag.py:3089} INFO - Sync 1 DAGs
[2026-07-20T06:51:28.210+0000] {logging_mixin.py:188} INFO - [2026-07-20T06:51:28.210+0000] {dag.py:3947} INFO - Setting next_dagrun for example_bash_decorator to None, run_after=None
[2026-07-20T06:51:28.227+0000] {processor.py:183} INFO - Processing /workspaces/recomart-recommendation-pipeline/airflow_venv/lib/python3.12/site-packages/airflow/example_dags/example_bash_decorator.py took 0.061 seconds
[2026-07-20T06:58:36.050+0000] {processor.py:161} INFO - Started process (PID=89933) to work on /workspaces/recomart-recommendation-pipeline/airflow_venv/lib/python3.12/site-packages/airflow/example_dags/example_bash_decorator.py
[2026-07-20T06:58:36.051+0000] {processor.py:830} INFO - Processing file /workspaces/recomart-recommendation-pipeline/airflow_venv/lib/python3.12/site-packages/airflow/example_dags/example_bash_decorator.py for tasks to queue
[2026-07-20T06:58:36.052+0000] {logging_mixin.py:188} INFO - [2026-07-20T06:58:36.052+0000] {dagbag.py:545} INFO - Filling up the DagBag from /workspaces/recomart-recommendation-pipeline/airflow_venv/lib/python3.12/site-packages/airflow/example_dags/example_bash_decorator.py
[2026-07-20T06:58:36.063+0000] {processor.py:840} INFO - DAG(s) 'example_bash_decorator' retrieved from /workspaces/recomart-recommendation-pipeline/airflow_venv/lib/python3.12/site-packages/airflow/example_dags/example_bash_decorator.py
[2026-07-20T06:58:36.159+0000] {logging_mixin.py:188} INFO - [2026-07-20T06:58:36.158+0000] {dag.py:3089} INFO - Sync 1 DAGs
[2026-07-20T06:58:36.169+0000] {logging_mixin.py:188} INFO - [2026-07-20T06:58:36.168+0000] {dag.py:3947} INFO - Setting next_dagrun for example_bash_decorator to None, run_after=None
[2026-07-20T06:58:36.210+0000] {processor.py:183} INFO - Processing /workspaces/recomart-recommendation-pipeline/airflow_venv/lib/python3.12/site-packages/airflow/example_dags/example_bash_decorator.py took 0.165 seconds
[2026-07-20T07:00:41.004+0000] {processor.py:161} INFO - Started process (PID=91876) to work on /workspaces/recomart-recommendation-pipeline/airflow_venv/lib/python3.12/site-packages/airflow/example_dags/example_bash_decorator.py
[2026-07-20T07:00:41.005+0000] {processor.py:830} INFO - Processing file /workspaces/recomart-recommendation-pipeline/airflow_venv/lib/python3.12/site-packages/airflow/example_dags/example_bash_decorator.py for tasks to queue
[2026-07-20T07:00:41.006+0000] {logging_mixin.py:188} INFO - [2026-07-20T07:00:41.006+0000] {dagbag.py:545} INFO - Filling up the DagBag from /workspaces/recomart-recommendation-pipeline/airflow_venv/lib/python3.12/site-packages/airflow/example_dags/example_bash_decorator.py
[2026-07-20T07:00:41.016+0000] {processor.py:840} INFO - DAG(s) 'example_bash_decorator' retrieved from /workspaces/recomart-recommendation-pipeline/airflow_venv/lib/python3.12/site-packages/airflow/example_dags/example_bash_decorator.py
[2026-07-20T07:00:41.036+0000] {logging_mixin.py:188} INFO - [2026-07-20T07:00:41.036+0000] {dag.py:3089} INFO - Sync 1 DAGs
[2026-07-20T07:00:41.045+0000] {logging_mixin.py:188} INFO - [2026-07-20T07:00:41.045+0000] {dag.py:3947} INFO - Setting next_dagrun for example_bash_decorator to None, run_after=None
[2026-07-20T07:00:41.062+0000] {processor.py:183} INFO - Processing /workspaces/recomart-recommendation-pipeline/airflow_venv/lib/python3.12/site-packages/airflow/example_dags/example_bash_decorator.py took 0.062 seconds
[2026-07-20T07:01:46.410+0000] {processor.py:161} INFO - Started process (PID=92504) to work on /workspaces/recomart-recommendation-pipeline/airflow_venv/lib/python3.12/site-packages/airflow/example_dags/example_bash_decorator.py
[2026-07-20T07:01:46.411+0000] {processor.py:830} INFO - Processing file /workspaces/recomart-recommendation-pipeline/airflow_venv/lib/python3.12/site-packages/airflow/example_dags/example_bash_decorator.py for tasks to queue
[2026-07-20T07:01:46.412+0000] {logging_mixin.py:188} INFO - [2026-07-20T07:01:46.412+0000] {dagbag.py:545} INFO - Filling up the DagBag from /workspaces/recomart-recommendation-pipeline/airflow_venv/lib/python3.12/site-packages/airflow/example_dags/example_bash_decorator.py
[2026-07-20T07:01:46.422+0000] {processor.py:840} INFO - DAG(s) 'example_bash_decorator' retrieved from /workspaces/recomart-recommendation-pipeline/airflow_venv/lib/python3.12/site-packages/airflow/example_dags/example_bash_decorator.py
[2026-07-20T07:01:46.439+0000] {logging_mixin.py:188} INFO - [2026-07-20T07:01:46.439+0000] {dag.py:3089} INFO - Sync 1 DAGs
[2026-07-20T07:01:46.450+0000] {logging_mixin.py:188} INFO - [2026-07-20T07:01:46.450+0000] {dag.py:3947} INFO - Setting next_dagrun for example_bash_decorator to None, run_after=None
[2026-07-20T07:01:46.468+0000] {processor.py:183} INFO - Processing /workspaces/recomart-recommendation-pipeline/airflow_venv/lib/python3.12/site-packages/airflow/example_dags/example_bash_decorator.py took 0.062 seconds
