[2026-07-20T05:59:24.061+0000] {processor.py:161} INFO - Started process (PID=58322) to work on /workspaces/recomart-recommendation-pipeline/airflow_venv/lib/python3.12/site-packages/airflow/example_dags/example_dynamic_task_mapping.py
[2026-07-20T05:59:24.064+0000] {processor.py:830} INFO - Processing file /workspaces/recomart-recommendation-pipeline/airflow_venv/lib/python3.12/site-packages/airflow/example_dags/example_dynamic_task_mapping.py for tasks to queue
[2026-07-20T05:59:24.068+0000] {logging_mixin.py:188} INFO - [2026-07-20T05:59:24.067+0000] {dagbag.py:545} INFO - Filling up the DagBag from /workspaces/recomart-recommendation-pipeline/airflow_venv/lib/python3.12/site-packages/airflow/example_dags/example_dynamic_task_mapping.py
[2026-07-20T05:59:24.084+0000] {processor.py:840} INFO - DAG(s) 'example_dynamic_task_mapping' retrieved from /workspaces/recomart-recommendation-pipeline/airflow_venv/lib/python3.12/site-packages/airflow/example_dags/example_dynamic_task_mapping.py
[2026-07-20T05:59:24.389+0000] {logging_mixin.py:188} INFO - [2026-07-20T05:59:24.388+0000] {override.py:1858} INFO - Created Permission View: can read on DAG:example_dynamic_task_mapping
[2026-07-20T05:59:24.398+0000] {logging_mixin.py:188} INFO - [2026-07-20T05:59:24.398+0000] {override.py:1858} INFO - Created Permission View: can edit on DAG:example_dynamic_task_mapping
[2026-07-20T05:59:24.406+0000] {logging_mixin.py:188} INFO - [2026-07-20T05:59:24.405+0000] {override.py:1858} INFO - Created Permission View: can delete on DAG:example_dynamic_task_mapping
[2026-07-20T05:59:24.406+0000] {logging_mixin.py:188} INFO - [2026-07-20T05:59:24.406+0000] {dag.py:3089} INFO - Sync 1 DAGs
[2026-07-20T05:59:24.415+0000] {logging_mixin.py:188} INFO - [2026-07-20T05:59:24.415+0000] {dag.py:3111} INFO - Creating ORM DAG for example_dynamic_task_mapping
[2026-07-20T05:59:24.422+0000] {logging_mixin.py:188} INFO - [2026-07-20T05:59:24.422+0000] {dag.py:3947} INFO - Setting next_dagrun for example_dynamic_task_mapping to 2022-03-04 00:00:00+00:00, run_after=2022-03-05 00:00:00+00:00
[2026-07-20T05:59:24.439+0000] {processor.py:183} INFO - Processing /workspaces/recomart-recommendation-pipeline/airflow_venv/lib/python3.12/site-packages/airflow/example_dags/example_dynamic_task_mapping.py took 0.389 seconds
[2026-07-20T06:00:18.092+0000] {processor.py:161} INFO - Started process (PID=58780) to work on /workspaces/recomart-recommendation-pipeline/airflow_venv/lib/python3.12/site-packages/airflow/example_dags/example_dynamic_task_mapping.py
[2026-07-20T06:00:18.093+0000] {processor.py:830} INFO - Processing file /workspaces/recomart-recommendation-pipeline/airflow_venv/lib/python3.12/site-packages/airflow/example_dags/example_dynamic_task_mapping.py for tasks to queue
[2026-07-20T06:00:18.094+0000] {logging_mixin.py:188} INFO - [2026-07-20T06:00:18.094+0000] {dagbag.py:545} INFO - Filling up the DagBag from /workspaces/recomart-recommendation-pipeline/airflow_venv/lib/python3.12/site-packages/airflow/example_dags/example_dynamic_task_mapping.py
[2026-07-20T06:00:18.101+0000] {processor.py:840} INFO - DAG(s) 'example_dynamic_task_mapping' retrieved from /workspaces/recomart-recommendation-pipeline/airflow_venv/lib/python3.12/site-packages/airflow/example_dags/example_dynamic_task_mapping.py
[2026-07-20T06:00:18.115+0000] {logging_mixin.py:188} INFO - [2026-07-20T06:00:18.115+0000] {dag.py:3089} INFO - Sync 1 DAGs
[2026-07-20T06:00:18.129+0000] {logging_mixin.py:188} INFO - [2026-07-20T06:00:18.129+0000] {dag.py:3947} INFO - Setting next_dagrun for example_dynamic_task_mapping to 2022-03-04 00:00:00+00:00, run_after=2022-03-05 00:00:00+00:00
[2026-07-20T06:00:18.146+0000] {processor.py:183} INFO - Processing /workspaces/recomart-recommendation-pipeline/airflow_venv/lib/python3.12/site-packages/airflow/example_dags/example_dynamic_task_mapping.py took 0.059 seconds
[2026-07-20T06:01:08.855+0000] {processor.py:161} INFO - Started process (PID=59332) to work on /workspaces/recomart-recommendation-pipeline/airflow_venv/lib/python3.12/site-packages/airflow/example_dags/example_dynamic_task_mapping.py
[2026-07-20T06:01:08.857+0000] {processor.py:830} INFO - Processing file /workspaces/recomart-recommendation-pipeline/airflow_venv/lib/python3.12/site-packages/airflow/example_dags/example_dynamic_task_mapping.py for tasks to queue
[2026-07-20T06:01:08.859+0000] {logging_mixin.py:188} INFO - [2026-07-20T06:01:08.859+0000] {dagbag.py:545} INFO - Filling up the DagBag from /workspaces/recomart-recommendation-pipeline/airflow_venv/lib/python3.12/site-packages/airflow/example_dags/example_dynamic_task_mapping.py
[2026-07-20T06:01:08.875+0000] {processor.py:840} INFO - DAG(s) 'example_dynamic_task_mapping' retrieved from /workspaces/recomart-recommendation-pipeline/airflow_venv/lib/python3.12/site-packages/airflow/example_dags/example_dynamic_task_mapping.py
[2026-07-20T06:01:08.900+0000] {logging_mixin.py:188} INFO - [2026-07-20T06:01:08.899+0000] {dag.py:3089} INFO - Sync 1 DAGs
[2026-07-20T06:01:08.937+0000] {logging_mixin.py:188} INFO - [2026-07-20T06:01:08.937+0000] {dag.py:3947} INFO - Setting next_dagrun for example_dynamic_task_mapping to 2022-03-04 00:00:00+00:00, run_after=2022-03-05 00:00:00+00:00
[2026-07-20T06:01:09.003+0000] {processor.py:183} INFO - Processing /workspaces/recomart-recommendation-pipeline/airflow_venv/lib/python3.12/site-packages/airflow/example_dags/example_dynamic_task_mapping.py took 0.155 seconds
[2026-07-20T06:02:12.818+0000] {processor.py:161} INFO - Started process (PID=60030) to work on /workspaces/recomart-recommendation-pipeline/airflow_venv/lib/python3.12/site-packages/airflow/example_dags/example_dynamic_task_mapping.py
[2026-07-20T06:02:12.818+0000] {processor.py:830} INFO - Processing file /workspaces/recomart-recommendation-pipeline/airflow_venv/lib/python3.12/site-packages/airflow/example_dags/example_dynamic_task_mapping.py for tasks to queue
[2026-07-20T06:02:12.820+0000] {logging_mixin.py:188} INFO - [2026-07-20T06:02:12.820+0000] {dagbag.py:545} INFO - Filling up the DagBag from /workspaces/recomart-recommendation-pipeline/airflow_venv/lib/python3.12/site-packages/airflow/example_dags/example_dynamic_task_mapping.py
[2026-07-20T06:02:12.825+0000] {processor.py:840} INFO - DAG(s) 'example_dynamic_task_mapping' retrieved from /workspaces/recomart-recommendation-pipeline/airflow_venv/lib/python3.12/site-packages/airflow/example_dags/example_dynamic_task_mapping.py
[2026-07-20T06:02:12.836+0000] {logging_mixin.py:188} INFO - [2026-07-20T06:02:12.836+0000] {dag.py:3089} INFO - Sync 1 DAGs
[2026-07-20T06:02:12.852+0000] {logging_mixin.py:188} INFO - [2026-07-20T06:02:12.851+0000] {dag.py:3947} INFO - Setting next_dagrun for example_dynamic_task_mapping to 2022-03-04 00:00:00+00:00, run_after=2022-03-05 00:00:00+00:00
[2026-07-20T06:02:12.868+0000] {processor.py:183} INFO - Processing /workspaces/recomart-recommendation-pipeline/airflow_venv/lib/python3.12/site-packages/airflow/example_dags/example_dynamic_task_mapping.py took 0.055 seconds
[2026-07-20T06:03:17.142+0000] {processor.py:161} INFO - Started process (PID=60547) to work on /workspaces/recomart-recommendation-pipeline/airflow_venv/lib/python3.12/site-packages/airflow/example_dags/example_dynamic_task_mapping.py
[2026-07-20T06:03:17.143+0000] {processor.py:830} INFO - Processing file /workspaces/recomart-recommendation-pipeline/airflow_venv/lib/python3.12/site-packages/airflow/example_dags/example_dynamic_task_mapping.py for tasks to queue
[2026-07-20T06:03:17.145+0000] {logging_mixin.py:188} INFO - [2026-07-20T06:03:17.144+0000] {dagbag.py:545} INFO - Filling up the DagBag from /workspaces/recomart-recommendation-pipeline/airflow_venv/lib/python3.12/site-packages/airflow/example_dags/example_dynamic_task_mapping.py
[2026-07-20T06:03:17.150+0000] {processor.py:840} INFO - DAG(s) 'example_dynamic_task_mapping' retrieved from /workspaces/recomart-recommendation-pipeline/airflow_venv/lib/python3.12/site-packages/airflow/example_dags/example_dynamic_task_mapping.py
[2026-07-20T06:03:17.161+0000] {logging_mixin.py:188} INFO - [2026-07-20T06:03:17.161+0000] {dag.py:3089} INFO - Sync 1 DAGs
[2026-07-20T06:03:17.178+0000] {logging_mixin.py:188} INFO - [2026-07-20T06:03:17.178+0000] {dag.py:3947} INFO - Setting next_dagrun for example_dynamic_task_mapping to 2022-03-04 00:00:00+00:00, run_after=2022-03-05 00:00:00+00:00
[2026-07-20T06:03:17.200+0000] {processor.py:183} INFO - Processing /workspaces/recomart-recommendation-pipeline/airflow_venv/lib/python3.12/site-packages/airflow/example_dags/example_dynamic_task_mapping.py took 0.067 seconds
[2026-07-20T06:04:21.510+0000] {processor.py:161} INFO - Started process (PID=61128) to work on /workspaces/recomart-recommendation-pipeline/airflow_venv/lib/python3.12/site-packages/airflow/example_dags/example_dynamic_task_mapping.py
[2026-07-20T06:04:21.511+0000] {processor.py:830} INFO - Processing file /workspaces/recomart-recommendation-pipeline/airflow_venv/lib/python3.12/site-packages/airflow/example_dags/example_dynamic_task_mapping.py for tasks to queue
[2026-07-20T06:04:21.512+0000] {logging_mixin.py:188} INFO - [2026-07-20T06:04:21.512+0000] {dagbag.py:545} INFO - Filling up the DagBag from /workspaces/recomart-recommendation-pipeline/airflow_venv/lib/python3.12/site-packages/airflow/example_dags/example_dynamic_task_mapping.py
[2026-07-20T06:04:21.518+0000] {processor.py:840} INFO - DAG(s) 'example_dynamic_task_mapping' retrieved from /workspaces/recomart-recommendation-pipeline/airflow_venv/lib/python3.12/site-packages/airflow/example_dags/example_dynamic_task_mapping.py
[2026-07-20T06:04:21.529+0000] {logging_mixin.py:188} INFO - [2026-07-20T06:04:21.529+0000] {dag.py:3089} INFO - Sync 1 DAGs
[2026-07-20T06:04:21.646+0000] {logging_mixin.py:188} INFO - [2026-07-20T06:04:21.646+0000] {dag.py:3947} INFO - Setting next_dagrun for example_dynamic_task_mapping to 2022-03-04 00:00:00+00:00, run_after=2022-03-05 00:00:00+00:00
[2026-07-20T06:04:21.662+0000] {processor.py:183} INFO - Processing /workspaces/recomart-recommendation-pipeline/airflow_venv/lib/python3.12/site-packages/airflow/example_dags/example_dynamic_task_mapping.py took 0.158 seconds
[2026-07-20T06:05:27.083+0000] {processor.py:161} INFO - Started process (PID=61677) to work on /workspaces/recomart-recommendation-pipeline/airflow_venv/lib/python3.12/site-packages/airflow/example_dags/example_dynamic_task_mapping.py
[2026-07-20T06:05:27.085+0000] {processor.py:830} INFO - Processing file /workspaces/recomart-recommendation-pipeline/airflow_venv/lib/python3.12/site-packages/airflow/example_dags/example_dynamic_task_mapping.py for tasks to queue
[2026-07-20T06:05:27.088+0000] {logging_mixin.py:188} INFO - [2026-07-20T06:05:27.088+0000] {dagbag.py:545} INFO - Filling up the DagBag from /workspaces/recomart-recommendation-pipeline/airflow_venv/lib/python3.12/site-packages/airflow/example_dags/example_dynamic_task_mapping.py
[2026-07-20T06:05:27.098+0000] {processor.py:840} INFO - DAG(s) 'example_dynamic_task_mapping' retrieved from /workspaces/recomart-recommendation-pipeline/airflow_venv/lib/python3.12/site-packages/airflow/example_dags/example_dynamic_task_mapping.py
[2026-07-20T06:05:27.117+0000] {logging_mixin.py:188} INFO - [2026-07-20T06:05:27.117+0000] {dag.py:3089} INFO - Sync 1 DAGs
[2026-07-20T06:05:27.228+0000] {logging_mixin.py:188} INFO - [2026-07-20T06:05:27.228+0000] {dag.py:3947} INFO - Setting next_dagrun for example_dynamic_task_mapping to 2022-03-04 00:00:00+00:00, run_after=2022-03-05 00:00:00+00:00
[2026-07-20T06:05:27.244+0000] {processor.py:183} INFO - Processing /workspaces/recomart-recommendation-pipeline/airflow_venv/lib/python3.12/site-packages/airflow/example_dags/example_dynamic_task_mapping.py took 0.174 seconds
[2026-07-20T06:06:37.796+0000] {processor.py:161} INFO - Started process (PID=62297) to work on /workspaces/recomart-recommendation-pipeline/airflow_venv/lib/python3.12/site-packages/airflow/example_dags/example_dynamic_task_mapping.py
[2026-07-20T06:06:37.797+0000] {processor.py:830} INFO - Processing file /workspaces/recomart-recommendation-pipeline/airflow_venv/lib/python3.12/site-packages/airflow/example_dags/example_dynamic_task_mapping.py for tasks to queue
[2026-07-20T06:06:37.800+0000] {logging_mixin.py:188} INFO - [2026-07-20T06:06:37.800+0000] {dagbag.py:545} INFO - Filling up the DagBag from /workspaces/recomart-recommendation-pipeline/airflow_venv/lib/python3.12/site-packages/airflow/example_dags/example_dynamic_task_mapping.py
[2026-07-20T06:06:37.809+0000] {processor.py:840} INFO - DAG(s) 'example_dynamic_task_mapping' retrieved from /workspaces/recomart-recommendation-pipeline/airflow_venv/lib/python3.12/site-packages/airflow/example_dags/example_dynamic_task_mapping.py
[2026-07-20T06:06:37.832+0000] {logging_mixin.py:188} INFO - [2026-07-20T06:06:37.832+0000] {dag.py:3089} INFO - Sync 1 DAGs
[2026-07-20T06:06:37.981+0000] {logging_mixin.py:188} INFO - [2026-07-20T06:06:37.981+0000] {dag.py:3947} INFO - Setting next_dagrun for example_dynamic_task_mapping to 2022-03-04 00:00:00+00:00, run_after=2022-03-05 00:00:00+00:00
[2026-07-20T06:06:38.001+0000] {processor.py:183} INFO - Processing /workspaces/recomart-recommendation-pipeline/airflow_venv/lib/python3.12/site-packages/airflow/example_dags/example_dynamic_task_mapping.py took 0.213 seconds
[2026-07-20T06:07:30.556+0000] {processor.py:161} INFO - Started process (PID=62673) to work on /workspaces/recomart-recommendation-pipeline/airflow_venv/lib/python3.12/site-packages/airflow/example_dags/example_dynamic_task_mapping.py
[2026-07-20T06:07:30.557+0000] {processor.py:830} INFO - Processing file /workspaces/recomart-recommendation-pipeline/airflow_venv/lib/python3.12/site-packages/airflow/example_dags/example_dynamic_task_mapping.py for tasks to queue
[2026-07-20T06:07:30.558+0000] {logging_mixin.py:188} INFO - [2026-07-20T06:07:30.558+0000] {dagbag.py:545} INFO - Filling up the DagBag from /workspaces/recomart-recommendation-pipeline/airflow_venv/lib/python3.12/site-packages/airflow/example_dags/example_dynamic_task_mapping.py
[2026-07-20T06:07:30.564+0000] {processor.py:840} INFO - DAG(s) 'example_dynamic_task_mapping' retrieved from /workspaces/recomart-recommendation-pipeline/airflow_venv/lib/python3.12/site-packages/airflow/example_dags/example_dynamic_task_mapping.py
[2026-07-20T06:07:30.577+0000] {logging_mixin.py:188} INFO - [2026-07-20T06:07:30.577+0000] {dag.py:3089} INFO - Sync 1 DAGs
[2026-07-20T06:07:30.595+0000] {logging_mixin.py:188} INFO - [2026-07-20T06:07:30.595+0000] {dag.py:3947} INFO - Setting next_dagrun for example_dynamic_task_mapping to 2022-03-04 00:00:00+00:00, run_after=2022-03-05 00:00:00+00:00
[2026-07-20T06:07:30.611+0000] {processor.py:183} INFO - Processing /workspaces/recomart-recommendation-pipeline/airflow_venv/lib/python3.12/site-packages/airflow/example_dags/example_dynamic_task_mapping.py took 0.059 seconds
[2026-07-20T06:09:19.655+0000] {processor.py:161} INFO - Started process (PID=63771) to work on /workspaces/recomart-recommendation-pipeline/airflow_venv/lib/python3.12/site-packages/airflow/example_dags/example_dynamic_task_mapping.py
[2026-07-20T06:09:19.656+0000] {processor.py:830} INFO - Processing file /workspaces/recomart-recommendation-pipeline/airflow_venv/lib/python3.12/site-packages/airflow/example_dags/example_dynamic_task_mapping.py for tasks to queue
[2026-07-20T06:09:19.658+0000] {logging_mixin.py:188} INFO - [2026-07-20T06:09:19.657+0000] {dagbag.py:545} INFO - Filling up the DagBag from /workspaces/recomart-recommendation-pipeline/airflow_venv/lib/python3.12/site-packages/airflow/example_dags/example_dynamic_task_mapping.py
[2026-07-20T06:09:19.663+0000] {processor.py:840} INFO - DAG(s) 'example_dynamic_task_mapping' retrieved from /workspaces/recomart-recommendation-pipeline/airflow_venv/lib/python3.12/site-packages/airflow/example_dags/example_dynamic_task_mapping.py
[2026-07-20T06:09:19.750+0000] {logging_mixin.py:188} INFO - [2026-07-20T06:09:19.749+0000] {dag.py:3089} INFO - Sync 1 DAGs
[2026-07-20T06:09:19.764+0000] {logging_mixin.py:188} INFO - [2026-07-20T06:09:19.764+0000] {dag.py:3947} INFO - Setting next_dagrun for example_dynamic_task_mapping to 2022-03-04 00:00:00+00:00, run_after=2022-03-05 00:00:00+00:00
[2026-07-20T06:09:19.784+0000] {processor.py:183} INFO - Processing /workspaces/recomart-recommendation-pipeline/airflow_venv/lib/python3.12/site-packages/airflow/example_dags/example_dynamic_task_mapping.py took 0.133 seconds
[2026-07-20T06:10:14.715+0000] {processor.py:161} INFO - Started process (PID=64227) to work on /workspaces/recomart-recommendation-pipeline/airflow_venv/lib/python3.12/site-packages/airflow/example_dags/example_dynamic_task_mapping.py
[2026-07-20T06:10:14.716+0000] {processor.py:830} INFO - Processing file /workspaces/recomart-recommendation-pipeline/airflow_venv/lib/python3.12/site-packages/airflow/example_dags/example_dynamic_task_mapping.py for tasks to queue
[2026-07-20T06:10:14.717+0000] {logging_mixin.py:188} INFO - [2026-07-20T06:10:14.717+0000] {dagbag.py:545} INFO - Filling up the DagBag from /workspaces/recomart-recommendation-pipeline/airflow_venv/lib/python3.12/site-packages/airflow/example_dags/example_dynamic_task_mapping.py
[2026-07-20T06:10:14.722+0000] {processor.py:840} INFO - DAG(s) 'example_dynamic_task_mapping' retrieved from /workspaces/recomart-recommendation-pipeline/airflow_venv/lib/python3.12/site-packages/airflow/example_dags/example_dynamic_task_mapping.py
[2026-07-20T06:10:14.733+0000] {logging_mixin.py:188} INFO - [2026-07-20T06:10:14.733+0000] {dag.py:3089} INFO - Sync 1 DAGs
[2026-07-20T06:10:14.747+0000] {logging_mixin.py:188} INFO - [2026-07-20T06:10:14.747+0000] {dag.py:3947} INFO - Setting next_dagrun for example_dynamic_task_mapping to 2022-03-04 00:00:00+00:00, run_after=2022-03-05 00:00:00+00:00
[2026-07-20T06:10:14.768+0000] {processor.py:183} INFO - Processing /workspaces/recomart-recommendation-pipeline/airflow_venv/lib/python3.12/site-packages/airflow/example_dags/example_dynamic_task_mapping.py took 0.057 seconds
[2026-07-20T06:11:06.575+0000] {processor.py:161} INFO - Started process (PID=64677) to work on /workspaces/recomart-recommendation-pipeline/airflow_venv/lib/python3.12/site-packages/airflow/example_dags/example_dynamic_task_mapping.py
[2026-07-20T06:11:06.576+0000] {processor.py:830} INFO - Processing file /workspaces/recomart-recommendation-pipeline/airflow_venv/lib/python3.12/site-packages/airflow/example_dags/example_dynamic_task_mapping.py for tasks to queue
[2026-07-20T06:11:06.578+0000] {logging_mixin.py:188} INFO - [2026-07-20T06:11:06.577+0000] {dagbag.py:545} INFO - Filling up the DagBag from /workspaces/recomart-recommendation-pipeline/airflow_venv/lib/python3.12/site-packages/airflow/example_dags/example_dynamic_task_mapping.py
[2026-07-20T06:11:06.585+0000] {processor.py:840} INFO - DAG(s) 'example_dynamic_task_mapping' retrieved from /workspaces/recomart-recommendation-pipeline/airflow_venv/lib/python3.12/site-packages/airflow/example_dags/example_dynamic_task_mapping.py
[2026-07-20T06:11:06.602+0000] {logging_mixin.py:188} INFO - [2026-07-20T06:11:06.602+0000] {dag.py:3089} INFO - Sync 1 DAGs
[2026-07-20T06:11:06.624+0000] {logging_mixin.py:188} INFO - [2026-07-20T06:11:06.624+0000] {dag.py:3947} INFO - Setting next_dagrun for example_dynamic_task_mapping to 2022-03-04 00:00:00+00:00, run_after=2022-03-05 00:00:00+00:00
[2026-07-20T06:11:06.656+0000] {processor.py:183} INFO - Processing /workspaces/recomart-recommendation-pipeline/airflow_venv/lib/python3.12/site-packages/airflow/example_dags/example_dynamic_task_mapping.py took 0.087 seconds
[2026-07-20T06:12:09.509+0000] {processor.py:161} INFO - Started process (PID=65345) to work on /workspaces/recomart-recommendation-pipeline/airflow_venv/lib/python3.12/site-packages/airflow/example_dags/example_dynamic_task_mapping.py
[2026-07-20T06:12:09.510+0000] {processor.py:830} INFO - Processing file /workspaces/recomart-recommendation-pipeline/airflow_venv/lib/python3.12/site-packages/airflow/example_dags/example_dynamic_task_mapping.py for tasks to queue
[2026-07-20T06:12:09.511+0000] {logging_mixin.py:188} INFO - [2026-07-20T06:12:09.510+0000] {dagbag.py:545} INFO - Filling up the DagBag from /workspaces/recomart-recommendation-pipeline/airflow_venv/lib/python3.12/site-packages/airflow/example_dags/example_dynamic_task_mapping.py
[2026-07-20T06:12:09.519+0000] {processor.py:840} INFO - DAG(s) 'example_dynamic_task_mapping' retrieved from /workspaces/recomart-recommendation-pipeline/airflow_venv/lib/python3.12/site-packages/airflow/example_dags/example_dynamic_task_mapping.py
[2026-07-20T06:12:09.533+0000] {logging_mixin.py:188} INFO - [2026-07-20T06:12:09.533+0000] {dag.py:3089} INFO - Sync 1 DAGs
[2026-07-20T06:12:09.547+0000] {logging_mixin.py:188} INFO - [2026-07-20T06:12:09.547+0000] {dag.py:3947} INFO - Setting next_dagrun for example_dynamic_task_mapping to 2022-03-04 00:00:00+00:00, run_after=2022-03-05 00:00:00+00:00
[2026-07-20T06:12:09.568+0000] {processor.py:183} INFO - Processing /workspaces/recomart-recommendation-pipeline/airflow_venv/lib/python3.12/site-packages/airflow/example_dags/example_dynamic_task_mapping.py took 0.064 seconds
[2026-07-20T06:13:12.122+0000] {processor.py:161} INFO - Started process (PID=65855) to work on /workspaces/recomart-recommendation-pipeline/airflow_venv/lib/python3.12/site-packages/airflow/example_dags/example_dynamic_task_mapping.py
[2026-07-20T06:13:12.123+0000] {processor.py:830} INFO - Processing file /workspaces/recomart-recommendation-pipeline/airflow_venv/lib/python3.12/site-packages/airflow/example_dags/example_dynamic_task_mapping.py for tasks to queue
[2026-07-20T06:13:12.124+0000] {logging_mixin.py:188} INFO - [2026-07-20T06:13:12.124+0000] {dagbag.py:545} INFO - Filling up the DagBag from /workspaces/recomart-recommendation-pipeline/airflow_venv/lib/python3.12/site-packages/airflow/example_dags/example_dynamic_task_mapping.py
[2026-07-20T06:13:12.129+0000] {processor.py:840} INFO - DAG(s) 'example_dynamic_task_mapping' retrieved from /workspaces/recomart-recommendation-pipeline/airflow_venv/lib/python3.12/site-packages/airflow/example_dags/example_dynamic_task_mapping.py
[2026-07-20T06:13:12.140+0000] {logging_mixin.py:188} INFO - [2026-07-20T06:13:12.140+0000] {dag.py:3089} INFO - Sync 1 DAGs
[2026-07-20T06:13:12.154+0000] {logging_mixin.py:188} INFO - [2026-07-20T06:13:12.154+0000] {dag.py:3947} INFO - Setting next_dagrun for example_dynamic_task_mapping to 2022-03-04 00:00:00+00:00, run_after=2022-03-05 00:00:00+00:00
[2026-07-20T06:13:12.171+0000] {processor.py:183} INFO - Processing /workspaces/recomart-recommendation-pipeline/airflow_venv/lib/python3.12/site-packages/airflow/example_dags/example_dynamic_task_mapping.py took 0.053 seconds
[2026-07-20T06:14:22.001+0000] {processor.py:161} INFO - Started process (PID=66683) to work on /workspaces/recomart-recommendation-pipeline/airflow_venv/lib/python3.12/site-packages/airflow/example_dags/example_dynamic_task_mapping.py
[2026-07-20T06:14:22.002+0000] {processor.py:830} INFO - Processing file /workspaces/recomart-recommendation-pipeline/airflow_venv/lib/python3.12/site-packages/airflow/example_dags/example_dynamic_task_mapping.py for tasks to queue
[2026-07-20T06:14:22.004+0000] {logging_mixin.py:188} INFO - [2026-07-20T06:14:22.003+0000] {dagbag.py:545} INFO - Filling up the DagBag from /workspaces/recomart-recommendation-pipeline/airflow_venv/lib/python3.12/site-packages/airflow/example_dags/example_dynamic_task_mapping.py
[2026-07-20T06:14:22.011+0000] {processor.py:840} INFO - DAG(s) 'example_dynamic_task_mapping' retrieved from /workspaces/recomart-recommendation-pipeline/airflow_venv/lib/python3.12/site-packages/airflow/example_dags/example_dynamic_task_mapping.py
[2026-07-20T06:14:22.024+0000] {logging_mixin.py:188} INFO - [2026-07-20T06:14:22.024+0000] {dag.py:3089} INFO - Sync 1 DAGs
[2026-07-20T06:14:22.039+0000] {logging_mixin.py:188} INFO - [2026-07-20T06:14:22.039+0000] {dag.py:3947} INFO - Setting next_dagrun for example_dynamic_task_mapping to 2022-03-04 00:00:00+00:00, run_after=2022-03-05 00:00:00+00:00
[2026-07-20T06:14:22.057+0000] {processor.py:183} INFO - Processing /workspaces/recomart-recommendation-pipeline/airflow_venv/lib/python3.12/site-packages/airflow/example_dags/example_dynamic_task_mapping.py took 0.064 seconds
[2026-07-20T06:15:29.062+0000] {processor.py:161} INFO - Started process (PID=67328) to work on /workspaces/recomart-recommendation-pipeline/airflow_venv/lib/python3.12/site-packages/airflow/example_dags/example_dynamic_task_mapping.py
[2026-07-20T06:15:29.062+0000] {processor.py:830} INFO - Processing file /workspaces/recomart-recommendation-pipeline/airflow_venv/lib/python3.12/site-packages/airflow/example_dags/example_dynamic_task_mapping.py for tasks to queue
[2026-07-20T06:15:29.064+0000] {logging_mixin.py:188} INFO - [2026-07-20T06:15:29.063+0000] {dagbag.py:545} INFO - Filling up the DagBag from /workspaces/recomart-recommendation-pipeline/airflow_venv/lib/python3.12/site-packages/airflow/example_dags/example_dynamic_task_mapping.py
[2026-07-20T06:15:29.069+0000] {processor.py:840} INFO - DAG(s) 'example_dynamic_task_mapping' retrieved from /workspaces/recomart-recommendation-pipeline/airflow_venv/lib/python3.12/site-packages/airflow/example_dags/example_dynamic_task_mapping.py
[2026-07-20T06:15:29.083+0000] {logging_mixin.py:188} INFO - [2026-07-20T06:15:29.083+0000] {dag.py:3089} INFO - Sync 1 DAGs
[2026-07-20T06:15:29.190+0000] {logging_mixin.py:188} INFO - [2026-07-20T06:15:29.189+0000] {dag.py:3947} INFO - Setting next_dagrun for example_dynamic_task_mapping to 2022-03-04 00:00:00+00:00, run_after=2022-03-05 00:00:00+00:00
[2026-07-20T06:15:29.206+0000] {processor.py:183} INFO - Processing /workspaces/recomart-recommendation-pipeline/airflow_venv/lib/python3.12/site-packages/airflow/example_dags/example_dynamic_task_mapping.py took 0.150 seconds
[2026-07-20T06:31:21.244+0000] {processor.py:161} INFO - Started process (PID=73819) to work on /workspaces/recomart-recommendation-pipeline/airflow_venv/lib/python3.12/site-packages/airflow/example_dags/example_dynamic_task_mapping.py
[2026-07-20T06:31:21.245+0000] {processor.py:830} INFO - Processing file /workspaces/recomart-recommendation-pipeline/airflow_venv/lib/python3.12/site-packages/airflow/example_dags/example_dynamic_task_mapping.py for tasks to queue
[2026-07-20T06:31:21.246+0000] {logging_mixin.py:188} INFO - [2026-07-20T06:31:21.246+0000] {dagbag.py:545} INFO - Filling up the DagBag from /workspaces/recomart-recommendation-pipeline/airflow_venv/lib/python3.12/site-packages/airflow/example_dags/example_dynamic_task_mapping.py
[2026-07-20T06:31:21.252+0000] {processor.py:840} INFO - DAG(s) 'example_dynamic_task_mapping' retrieved from /workspaces/recomart-recommendation-pipeline/airflow_venv/lib/python3.12/site-packages/airflow/example_dags/example_dynamic_task_mapping.py
[2026-07-20T06:31:21.338+0000] {logging_mixin.py:188} INFO - [2026-07-20T06:31:21.338+0000] {dag.py:3089} INFO - Sync 1 DAGs
[2026-07-20T06:31:21.352+0000] {logging_mixin.py:188} INFO - [2026-07-20T06:31:21.351+0000] {dag.py:3947} INFO - Setting next_dagrun for example_dynamic_task_mapping to 2022-03-04 00:00:00+00:00, run_after=2022-03-05 00:00:00+00:00
[2026-07-20T06:31:21.368+0000] {processor.py:183} INFO - Processing /workspaces/recomart-recommendation-pipeline/airflow_venv/lib/python3.12/site-packages/airflow/example_dags/example_dynamic_task_mapping.py took 0.127 seconds
[2026-07-20T06:32:16.601+0000] {processor.py:161} INFO - Started process (PID=74508) to work on /workspaces/recomart-recommendation-pipeline/airflow_venv/lib/python3.12/site-packages/airflow/example_dags/example_dynamic_task_mapping.py
[2026-07-20T06:32:16.602+0000] {processor.py:830} INFO - Processing file /workspaces/recomart-recommendation-pipeline/airflow_venv/lib/python3.12/site-packages/airflow/example_dags/example_dynamic_task_mapping.py for tasks to queue
[2026-07-20T06:32:16.606+0000] {logging_mixin.py:188} INFO - [2026-07-20T06:32:16.604+0000] {dagbag.py:545} INFO - Filling up the DagBag from /workspaces/recomart-recommendation-pipeline/airflow_venv/lib/python3.12/site-packages/airflow/example_dags/example_dynamic_task_mapping.py
[2026-07-20T06:32:16.613+0000] {processor.py:840} INFO - DAG(s) 'example_dynamic_task_mapping' retrieved from /workspaces/recomart-recommendation-pipeline/airflow_venv/lib/python3.12/site-packages/airflow/example_dags/example_dynamic_task_mapping.py
[2026-07-20T06:32:16.629+0000] {logging_mixin.py:188} INFO - [2026-07-20T06:32:16.629+0000] {dag.py:3089} INFO - Sync 1 DAGs
[2026-07-20T06:32:16.660+0000] {logging_mixin.py:188} INFO - [2026-07-20T06:32:16.655+0000] {dag.py:3947} INFO - Setting next_dagrun for example_dynamic_task_mapping to 2022-03-04 00:00:00+00:00, run_after=2022-03-05 00:00:00+00:00
[2026-07-20T06:32:16.773+0000] {processor.py:183} INFO - Processing /workspaces/recomart-recommendation-pipeline/airflow_venv/lib/python3.12/site-packages/airflow/example_dags/example_dynamic_task_mapping.py took 0.177 seconds
[2026-07-20T06:33:08.206+0000] {processor.py:161} INFO - Started process (PID=75010) to work on /workspaces/recomart-recommendation-pipeline/airflow_venv/lib/python3.12/site-packages/airflow/example_dags/example_dynamic_task_mapping.py
[2026-07-20T06:33:08.207+0000] {processor.py:830} INFO - Processing file /workspaces/recomart-recommendation-pipeline/airflow_venv/lib/python3.12/site-packages/airflow/example_dags/example_dynamic_task_mapping.py for tasks to queue
[2026-07-20T06:33:08.209+0000] {logging_mixin.py:188} INFO - [2026-07-20T06:33:08.209+0000] {dagbag.py:545} INFO - Filling up the DagBag from /workspaces/recomart-recommendation-pipeline/airflow_venv/lib/python3.12/site-packages/airflow/example_dags/example_dynamic_task_mapping.py
[2026-07-20T06:33:08.216+0000] {processor.py:840} INFO - DAG(s) 'example_dynamic_task_mapping' retrieved from /workspaces/recomart-recommendation-pipeline/airflow_venv/lib/python3.12/site-packages/airflow/example_dags/example_dynamic_task_mapping.py
[2026-07-20T06:33:08.227+0000] {logging_mixin.py:188} INFO - [2026-07-20T06:33:08.227+0000] {dag.py:3089} INFO - Sync 1 DAGs
[2026-07-20T06:33:08.241+0000] {logging_mixin.py:188} INFO - [2026-07-20T06:33:08.241+0000] {dag.py:3947} INFO - Setting next_dagrun for example_dynamic_task_mapping to 2022-03-04 00:00:00+00:00, run_after=2022-03-05 00:00:00+00:00
[2026-07-20T06:33:08.258+0000] {processor.py:183} INFO - Processing /workspaces/recomart-recommendation-pipeline/airflow_venv/lib/python3.12/site-packages/airflow/example_dags/example_dynamic_task_mapping.py took 0.057 seconds
[2026-07-20T06:34:53.474+0000] {processor.py:161} INFO - Started process (PID=76715) to work on /workspaces/recomart-recommendation-pipeline/airflow_venv/lib/python3.12/site-packages/airflow/example_dags/example_dynamic_task_mapping.py
[2026-07-20T06:34:53.474+0000] {processor.py:830} INFO - Processing file /workspaces/recomart-recommendation-pipeline/airflow_venv/lib/python3.12/site-packages/airflow/example_dags/example_dynamic_task_mapping.py for tasks to queue
[2026-07-20T06:34:53.476+0000] {logging_mixin.py:188} INFO - [2026-07-20T06:34:53.476+0000] {dagbag.py:545} INFO - Filling up the DagBag from /workspaces/recomart-recommendation-pipeline/airflow_venv/lib/python3.12/site-packages/airflow/example_dags/example_dynamic_task_mapping.py
[2026-07-20T06:34:53.481+0000] {processor.py:840} INFO - DAG(s) 'example_dynamic_task_mapping' retrieved from /workspaces/recomart-recommendation-pipeline/airflow_venv/lib/python3.12/site-packages/airflow/example_dags/example_dynamic_task_mapping.py
[2026-07-20T06:34:53.493+0000] {logging_mixin.py:188} INFO - [2026-07-20T06:34:53.492+0000] {dag.py:3089} INFO - Sync 1 DAGs
[2026-07-20T06:34:53.510+0000] {logging_mixin.py:188} INFO - [2026-07-20T06:34:53.510+0000] {dag.py:3947} INFO - Setting next_dagrun for example_dynamic_task_mapping to 2022-03-04 00:00:00+00:00, run_after=2022-03-05 00:00:00+00:00
[2026-07-20T06:34:53.531+0000] {processor.py:183} INFO - Processing /workspaces/recomart-recommendation-pipeline/airflow_venv/lib/python3.12/site-packages/airflow/example_dags/example_dynamic_task_mapping.py took 0.062 seconds
[2026-07-20T06:35:46.647+0000] {processor.py:161} INFO - Started process (PID=77754) to work on /workspaces/recomart-recommendation-pipeline/airflow_venv/lib/python3.12/site-packages/airflow/example_dags/example_dynamic_task_mapping.py
[2026-07-20T06:35:46.648+0000] {processor.py:830} INFO - Processing file /workspaces/recomart-recommendation-pipeline/airflow_venv/lib/python3.12/site-packages/airflow/example_dags/example_dynamic_task_mapping.py for tasks to queue
[2026-07-20T06:35:46.649+0000] {logging_mixin.py:188} INFO - [2026-07-20T06:35:46.649+0000] {dagbag.py:545} INFO - Filling up the DagBag from /workspaces/recomart-recommendation-pipeline/airflow_venv/lib/python3.12/site-packages/airflow/example_dags/example_dynamic_task_mapping.py
[2026-07-20T06:35:46.654+0000] {processor.py:840} INFO - DAG(s) 'example_dynamic_task_mapping' retrieved from /workspaces/recomart-recommendation-pipeline/airflow_venv/lib/python3.12/site-packages/airflow/example_dags/example_dynamic_task_mapping.py
[2026-07-20T06:35:46.665+0000] {logging_mixin.py:188} INFO - [2026-07-20T06:35:46.665+0000] {dag.py:3089} INFO - Sync 1 DAGs
[2026-07-20T06:35:46.681+0000] {logging_mixin.py:188} INFO - [2026-07-20T06:35:46.681+0000] {dag.py:3947} INFO - Setting next_dagrun for example_dynamic_task_mapping to 2022-03-04 00:00:00+00:00, run_after=2022-03-05 00:00:00+00:00
[2026-07-20T06:35:46.701+0000] {processor.py:183} INFO - Processing /workspaces/recomart-recommendation-pipeline/airflow_venv/lib/python3.12/site-packages/airflow/example_dags/example_dynamic_task_mapping.py took 0.057 seconds
[2026-07-20T06:36:41.286+0000] {processor.py:161} INFO - Started process (PID=78695) to work on /workspaces/recomart-recommendation-pipeline/airflow_venv/lib/python3.12/site-packages/airflow/example_dags/example_dynamic_task_mapping.py
[2026-07-20T06:36:41.286+0000] {processor.py:830} INFO - Processing file /workspaces/recomart-recommendation-pipeline/airflow_venv/lib/python3.12/site-packages/airflow/example_dags/example_dynamic_task_mapping.py for tasks to queue
[2026-07-20T06:36:41.288+0000] {logging_mixin.py:188} INFO - [2026-07-20T06:36:41.287+0000] {dagbag.py:545} INFO - Filling up the DagBag from /workspaces/recomart-recommendation-pipeline/airflow_venv/lib/python3.12/site-packages/airflow/example_dags/example_dynamic_task_mapping.py
[2026-07-20T06:36:41.293+0000] {processor.py:840} INFO - DAG(s) 'example_dynamic_task_mapping' retrieved from /workspaces/recomart-recommendation-pipeline/airflow_venv/lib/python3.12/site-packages/airflow/example_dags/example_dynamic_task_mapping.py
[2026-07-20T06:36:41.304+0000] {logging_mixin.py:188} INFO - [2026-07-20T06:36:41.304+0000] {dag.py:3089} INFO - Sync 1 DAGs
[2026-07-20T06:36:41.321+0000] {logging_mixin.py:188} INFO - [2026-07-20T06:36:41.320+0000] {dag.py:3947} INFO - Setting next_dagrun for example_dynamic_task_mapping to 2022-03-04 00:00:00+00:00, run_after=2022-03-05 00:00:00+00:00
[2026-07-20T06:36:41.340+0000] {processor.py:183} INFO - Processing /workspaces/recomart-recommendation-pipeline/airflow_venv/lib/python3.12/site-packages/airflow/example_dags/example_dynamic_task_mapping.py took 0.059 seconds
[2026-07-20T06:37:49.003+0000] {processor.py:161} INFO - Started process (PID=79253) to work on /workspaces/recomart-recommendation-pipeline/airflow_venv/lib/python3.12/site-packages/airflow/example_dags/example_dynamic_task_mapping.py
[2026-07-20T06:37:49.004+0000] {processor.py:830} INFO - Processing file /workspaces/recomart-recommendation-pipeline/airflow_venv/lib/python3.12/site-packages/airflow/example_dags/example_dynamic_task_mapping.py for tasks to queue
[2026-07-20T06:37:49.005+0000] {logging_mixin.py:188} INFO - [2026-07-20T06:37:49.005+0000] {dagbag.py:545} INFO - Filling up the DagBag from /workspaces/recomart-recommendation-pipeline/airflow_venv/lib/python3.12/site-packages/airflow/example_dags/example_dynamic_task_mapping.py
[2026-07-20T06:37:49.010+0000] {processor.py:840} INFO - DAG(s) 'example_dynamic_task_mapping' retrieved from /workspaces/recomart-recommendation-pipeline/airflow_venv/lib/python3.12/site-packages/airflow/example_dags/example_dynamic_task_mapping.py
[2026-07-20T06:37:49.021+0000] {logging_mixin.py:188} INFO - [2026-07-20T06:37:49.021+0000] {dag.py:3089} INFO - Sync 1 DAGs
[2026-07-20T06:37:49.035+0000] {logging_mixin.py:188} INFO - [2026-07-20T06:37:49.035+0000] {dag.py:3947} INFO - Setting next_dagrun for example_dynamic_task_mapping to 2022-03-04 00:00:00+00:00, run_after=2022-03-05 00:00:00+00:00
[2026-07-20T06:37:49.053+0000] {processor.py:183} INFO - Processing /workspaces/recomart-recommendation-pipeline/airflow_venv/lib/python3.12/site-packages/airflow/example_dags/example_dynamic_task_mapping.py took 0.054 seconds
[2026-07-20T06:39:01.497+0000] {processor.py:161} INFO - Started process (PID=79841) to work on /workspaces/recomart-recommendation-pipeline/airflow_venv/lib/python3.12/site-packages/airflow/example_dags/example_dynamic_task_mapping.py
[2026-07-20T06:39:01.498+0000] {processor.py:830} INFO - Processing file /workspaces/recomart-recommendation-pipeline/airflow_venv/lib/python3.12/site-packages/airflow/example_dags/example_dynamic_task_mapping.py for tasks to queue
[2026-07-20T06:39:01.499+0000] {logging_mixin.py:188} INFO - [2026-07-20T06:39:01.499+0000] {dagbag.py:545} INFO - Filling up the DagBag from /workspaces/recomart-recommendation-pipeline/airflow_venv/lib/python3.12/site-packages/airflow/example_dags/example_dynamic_task_mapping.py
[2026-07-20T06:39:01.504+0000] {processor.py:840} INFO - DAG(s) 'example_dynamic_task_mapping' retrieved from /workspaces/recomart-recommendation-pipeline/airflow_venv/lib/python3.12/site-packages/airflow/example_dags/example_dynamic_task_mapping.py
[2026-07-20T06:39:01.516+0000] {logging_mixin.py:188} INFO - [2026-07-20T06:39:01.516+0000] {dag.py:3089} INFO - Sync 1 DAGs
[2026-07-20T06:39:01.530+0000] {logging_mixin.py:188} INFO - [2026-07-20T06:39:01.530+0000] {dag.py:3947} INFO - Setting next_dagrun for example_dynamic_task_mapping to 2022-03-04 00:00:00+00:00, run_after=2022-03-05 00:00:00+00:00
[2026-07-20T06:39:01.550+0000] {processor.py:183} INFO - Processing /workspaces/recomart-recommendation-pipeline/airflow_venv/lib/python3.12/site-packages/airflow/example_dags/example_dynamic_task_mapping.py took 0.057 seconds
[2026-07-20T06:40:14.696+0000] {processor.py:161} INFO - Started process (PID=80431) to work on /workspaces/recomart-recommendation-pipeline/airflow_venv/lib/python3.12/site-packages/airflow/example_dags/example_dynamic_task_mapping.py
[2026-07-20T06:40:14.696+0000] {processor.py:830} INFO - Processing file /workspaces/recomart-recommendation-pipeline/airflow_venv/lib/python3.12/site-packages/airflow/example_dags/example_dynamic_task_mapping.py for tasks to queue
[2026-07-20T06:40:14.698+0000] {logging_mixin.py:188} INFO - [2026-07-20T06:40:14.697+0000] {dagbag.py:545} INFO - Filling up the DagBag from /workspaces/recomart-recommendation-pipeline/airflow_venv/lib/python3.12/site-packages/airflow/example_dags/example_dynamic_task_mapping.py
[2026-07-20T06:40:14.818+0000] {processor.py:840} INFO - DAG(s) 'example_dynamic_task_mapping' retrieved from /workspaces/recomart-recommendation-pipeline/airflow_venv/lib/python3.12/site-packages/airflow/example_dags/example_dynamic_task_mapping.py
[2026-07-20T06:40:14.826+0000] {logging_mixin.py:188} INFO - [2026-07-20T06:40:14.826+0000] {dag.py:3089} INFO - Sync 1 DAGs
[2026-07-20T06:40:14.839+0000] {logging_mixin.py:188} INFO - [2026-07-20T06:40:14.839+0000] {dag.py:3947} INFO - Setting next_dagrun for example_dynamic_task_mapping to 2022-03-04 00:00:00+00:00, run_after=2022-03-05 00:00:00+00:00
[2026-07-20T06:40:14.855+0000] {processor.py:183} INFO - Processing /workspaces/recomart-recommendation-pipeline/airflow_venv/lib/python3.12/site-packages/airflow/example_dags/example_dynamic_task_mapping.py took 0.163 seconds
[2026-07-20T06:41:04.623+0000] {processor.py:161} INFO - Started process (PID=80911) to work on /workspaces/recomart-recommendation-pipeline/airflow_venv/lib/python3.12/site-packages/airflow/example_dags/example_dynamic_task_mapping.py
[2026-07-20T06:41:04.624+0000] {processor.py:830} INFO - Processing file /workspaces/recomart-recommendation-pipeline/airflow_venv/lib/python3.12/site-packages/airflow/example_dags/example_dynamic_task_mapping.py for tasks to queue
[2026-07-20T06:41:04.626+0000] {logging_mixin.py:188} INFO - [2026-07-20T06:41:04.625+0000] {dagbag.py:545} INFO - Filling up the DagBag from /workspaces/recomart-recommendation-pipeline/airflow_venv/lib/python3.12/site-packages/airflow/example_dags/example_dynamic_task_mapping.py
[2026-07-20T06:41:04.634+0000] {processor.py:840} INFO - DAG(s) 'example_dynamic_task_mapping' retrieved from /workspaces/recomart-recommendation-pipeline/airflow_venv/lib/python3.12/site-packages/airflow/example_dags/example_dynamic_task_mapping.py
[2026-07-20T06:41:04.651+0000] {logging_mixin.py:188} INFO - [2026-07-20T06:41:04.651+0000] {dag.py:3089} INFO - Sync 1 DAGs
[2026-07-20T06:41:04.673+0000] {logging_mixin.py:188} INFO - [2026-07-20T06:41:04.673+0000] {dag.py:3947} INFO - Setting next_dagrun for example_dynamic_task_mapping to 2022-03-04 00:00:00+00:00, run_after=2022-03-05 00:00:00+00:00
[2026-07-20T06:41:04.721+0000] {processor.py:183} INFO - Processing /workspaces/recomart-recommendation-pipeline/airflow_venv/lib/python3.12/site-packages/airflow/example_dags/example_dynamic_task_mapping.py took 0.105 seconds
[2026-07-20T06:42:16.231+0000] {processor.py:161} INFO - Started process (PID=81493) to work on /workspaces/recomart-recommendation-pipeline/airflow_venv/lib/python3.12/site-packages/airflow/example_dags/example_dynamic_task_mapping.py
[2026-07-20T06:42:16.232+0000] {processor.py:830} INFO - Processing file /workspaces/recomart-recommendation-pipeline/airflow_venv/lib/python3.12/site-packages/airflow/example_dags/example_dynamic_task_mapping.py for tasks to queue
[2026-07-20T06:42:16.233+0000] {logging_mixin.py:188} INFO - [2026-07-20T06:42:16.233+0000] {dagbag.py:545} INFO - Filling up the DagBag from /workspaces/recomart-recommendation-pipeline/airflow_venv/lib/python3.12/site-packages/airflow/example_dags/example_dynamic_task_mapping.py
[2026-07-20T06:42:16.238+0000] {processor.py:840} INFO - DAG(s) 'example_dynamic_task_mapping' retrieved from /workspaces/recomart-recommendation-pipeline/airflow_venv/lib/python3.12/site-packages/airflow/example_dags/example_dynamic_task_mapping.py
[2026-07-20T06:42:16.249+0000] {logging_mixin.py:188} INFO - [2026-07-20T06:42:16.249+0000] {dag.py:3089} INFO - Sync 1 DAGs
[2026-07-20T06:42:16.263+0000] {logging_mixin.py:188} INFO - [2026-07-20T06:42:16.263+0000] {dag.py:3947} INFO - Setting next_dagrun for example_dynamic_task_mapping to 2022-03-04 00:00:00+00:00, run_after=2022-03-05 00:00:00+00:00
[2026-07-20T06:42:16.283+0000] {processor.py:183} INFO - Processing /workspaces/recomart-recommendation-pipeline/airflow_venv/lib/python3.12/site-packages/airflow/example_dags/example_dynamic_task_mapping.py took 0.056 seconds
[2026-07-20T06:43:26.423+0000] {processor.py:161} INFO - Started process (PID=82063) to work on /workspaces/recomart-recommendation-pipeline/airflow_venv/lib/python3.12/site-packages/airflow/example_dags/example_dynamic_task_mapping.py
[2026-07-20T06:43:26.424+0000] {processor.py:830} INFO - Processing file /workspaces/recomart-recommendation-pipeline/airflow_venv/lib/python3.12/site-packages/airflow/example_dags/example_dynamic_task_mapping.py for tasks to queue
[2026-07-20T06:43:26.426+0000] {logging_mixin.py:188} INFO - [2026-07-20T06:43:26.425+0000] {dagbag.py:545} INFO - Filling up the DagBag from /workspaces/recomart-recommendation-pipeline/airflow_venv/lib/python3.12/site-packages/airflow/example_dags/example_dynamic_task_mapping.py
[2026-07-20T06:43:26.431+0000] {processor.py:840} INFO - DAG(s) 'example_dynamic_task_mapping' retrieved from /workspaces/recomart-recommendation-pipeline/airflow_venv/lib/python3.12/site-packages/airflow/example_dags/example_dynamic_task_mapping.py
[2026-07-20T06:43:26.442+0000] {logging_mixin.py:188} INFO - [2026-07-20T06:43:26.442+0000] {dag.py:3089} INFO - Sync 1 DAGs
[2026-07-20T06:43:26.457+0000] {logging_mixin.py:188} INFO - [2026-07-20T06:43:26.457+0000] {dag.py:3947} INFO - Setting next_dagrun for example_dynamic_task_mapping to 2022-03-04 00:00:00+00:00, run_after=2022-03-05 00:00:00+00:00
[2026-07-20T06:43:26.475+0000] {processor.py:183} INFO - Processing /workspaces/recomart-recommendation-pipeline/airflow_venv/lib/python3.12/site-packages/airflow/example_dags/example_dynamic_task_mapping.py took 0.056 seconds
[2026-07-20T06:44:39.206+0000] {processor.py:161} INFO - Started process (PID=82650) to work on /workspaces/recomart-recommendation-pipeline/airflow_venv/lib/python3.12/site-packages/airflow/example_dags/example_dynamic_task_mapping.py
[2026-07-20T06:44:39.207+0000] {processor.py:830} INFO - Processing file /workspaces/recomart-recommendation-pipeline/airflow_venv/lib/python3.12/site-packages/airflow/example_dags/example_dynamic_task_mapping.py for tasks to queue
[2026-07-20T06:44:39.208+0000] {logging_mixin.py:188} INFO - [2026-07-20T06:44:39.208+0000] {dagbag.py:545} INFO - Filling up the DagBag from /workspaces/recomart-recommendation-pipeline/airflow_venv/lib/python3.12/site-packages/airflow/example_dags/example_dynamic_task_mapping.py
[2026-07-20T06:44:39.213+0000] {processor.py:840} INFO - DAG(s) 'example_dynamic_task_mapping' retrieved from /workspaces/recomart-recommendation-pipeline/airflow_venv/lib/python3.12/site-packages/airflow/example_dags/example_dynamic_task_mapping.py
[2026-07-20T06:44:39.226+0000] {logging_mixin.py:188} INFO - [2026-07-20T06:44:39.225+0000] {dag.py:3089} INFO - Sync 1 DAGs
[2026-07-20T06:44:39.240+0000] {logging_mixin.py:188} INFO - [2026-07-20T06:44:39.240+0000] {dag.py:3947} INFO - Setting next_dagrun for example_dynamic_task_mapping to 2022-03-04 00:00:00+00:00, run_after=2022-03-05 00:00:00+00:00
[2026-07-20T06:44:39.260+0000] {processor.py:183} INFO - Processing /workspaces/recomart-recommendation-pipeline/airflow_venv/lib/python3.12/site-packages/airflow/example_dags/example_dynamic_task_mapping.py took 0.060 seconds
[2026-07-20T06:45:38.874+0000] {processor.py:161} INFO - Started process (PID=83152) to work on /workspaces/recomart-recommendation-pipeline/airflow_venv/lib/python3.12/site-packages/airflow/example_dags/example_dynamic_task_mapping.py
[2026-07-20T06:45:38.875+0000] {processor.py:830} INFO - Processing file /workspaces/recomart-recommendation-pipeline/airflow_venv/lib/python3.12/site-packages/airflow/example_dags/example_dynamic_task_mapping.py for tasks to queue
[2026-07-20T06:45:38.877+0000] {logging_mixin.py:188} INFO - [2026-07-20T06:45:38.876+0000] {dagbag.py:545} INFO - Filling up the DagBag from /workspaces/recomart-recommendation-pipeline/airflow_venv/lib/python3.12/site-packages/airflow/example_dags/example_dynamic_task_mapping.py
[2026-07-20T06:45:38.883+0000] {processor.py:840} INFO - DAG(s) 'example_dynamic_task_mapping' retrieved from /workspaces/recomart-recommendation-pipeline/airflow_venv/lib/python3.12/site-packages/airflow/example_dags/example_dynamic_task_mapping.py
[2026-07-20T06:45:38.897+0000] {logging_mixin.py:188} INFO - [2026-07-20T06:45:38.896+0000] {dag.py:3089} INFO - Sync 1 DAGs
[2026-07-20T06:45:38.911+0000] {logging_mixin.py:188} INFO - [2026-07-20T06:45:38.911+0000] {dag.py:3947} INFO - Setting next_dagrun for example_dynamic_task_mapping to 2022-03-04 00:00:00+00:00, run_after=2022-03-05 00:00:00+00:00
[2026-07-20T06:45:38.929+0000] {processor.py:183} INFO - Processing /workspaces/recomart-recommendation-pipeline/airflow_venv/lib/python3.12/site-packages/airflow/example_dags/example_dynamic_task_mapping.py took 0.061 seconds
[2026-07-20T06:46:47.072+0000] {processor.py:161} INFO - Started process (PID=83819) to work on /workspaces/recomart-recommendation-pipeline/airflow_venv/lib/python3.12/site-packages/airflow/example_dags/example_dynamic_task_mapping.py
[2026-07-20T06:46:47.073+0000] {processor.py:830} INFO - Processing file /workspaces/recomart-recommendation-pipeline/airflow_venv/lib/python3.12/site-packages/airflow/example_dags/example_dynamic_task_mapping.py for tasks to queue
[2026-07-20T06:46:47.074+0000] {logging_mixin.py:188} INFO - [2026-07-20T06:46:47.074+0000] {dagbag.py:545} INFO - Filling up the DagBag from /workspaces/recomart-recommendation-pipeline/airflow_venv/lib/python3.12/site-packages/airflow/example_dags/example_dynamic_task_mapping.py
[2026-07-20T06:46:47.081+0000] {processor.py:840} INFO - DAG(s) 'example_dynamic_task_mapping' retrieved from /workspaces/recomart-recommendation-pipeline/airflow_venv/lib/python3.12/site-packages/airflow/example_dags/example_dynamic_task_mapping.py
[2026-07-20T06:46:47.095+0000] {logging_mixin.py:188} INFO - [2026-07-20T06:46:47.095+0000] {dag.py:3089} INFO - Sync 1 DAGs
[2026-07-20T06:46:47.111+0000] {logging_mixin.py:188} INFO - [2026-07-20T06:46:47.110+0000] {dag.py:3947} INFO - Setting next_dagrun for example_dynamic_task_mapping to 2022-03-04 00:00:00+00:00, run_after=2022-03-05 00:00:00+00:00
[2026-07-20T06:46:47.129+0000] {processor.py:183} INFO - Processing /workspaces/recomart-recommendation-pipeline/airflow_venv/lib/python3.12/site-packages/airflow/example_dags/example_dynamic_task_mapping.py took 0.063 seconds
[2026-07-20T06:47:49.394+0000] {processor.py:161} INFO - Started process (PID=84330) to work on /workspaces/recomart-recommendation-pipeline/airflow_venv/lib/python3.12/site-packages/airflow/example_dags/example_dynamic_task_mapping.py
[2026-07-20T06:47:49.394+0000] {processor.py:830} INFO - Processing file /workspaces/recomart-recommendation-pipeline/airflow_venv/lib/python3.12/site-packages/airflow/example_dags/example_dynamic_task_mapping.py for tasks to queue
[2026-07-20T06:47:49.396+0000] {logging_mixin.py:188} INFO - [2026-07-20T06:47:49.395+0000] {dagbag.py:545} INFO - Filling up the DagBag from /workspaces/recomart-recommendation-pipeline/airflow_venv/lib/python3.12/site-packages/airflow/example_dags/example_dynamic_task_mapping.py
[2026-07-20T06:47:49.401+0000] {processor.py:840} INFO - DAG(s) 'example_dynamic_task_mapping' retrieved from /workspaces/recomart-recommendation-pipeline/airflow_venv/lib/python3.12/site-packages/airflow/example_dags/example_dynamic_task_mapping.py
[2026-07-20T06:47:49.413+0000] {logging_mixin.py:188} INFO - [2026-07-20T06:47:49.412+0000] {dag.py:3089} INFO - Sync 1 DAGs
[2026-07-20T06:47:49.427+0000] {logging_mixin.py:188} INFO - [2026-07-20T06:47:49.427+0000] {dag.py:3947} INFO - Setting next_dagrun for example_dynamic_task_mapping to 2022-03-04 00:00:00+00:00, run_after=2022-03-05 00:00:00+00:00
[2026-07-20T06:47:49.452+0000] {processor.py:183} INFO - Processing /workspaces/recomart-recommendation-pipeline/airflow_venv/lib/python3.12/site-packages/airflow/example_dags/example_dynamic_task_mapping.py took 0.064 seconds
[2026-07-20T06:48:52.951+0000] {processor.py:161} INFO - Started process (PID=84864) to work on /workspaces/recomart-recommendation-pipeline/airflow_venv/lib/python3.12/site-packages/airflow/example_dags/example_dynamic_task_mapping.py
[2026-07-20T06:48:52.952+0000] {processor.py:830} INFO - Processing file /workspaces/recomart-recommendation-pipeline/airflow_venv/lib/python3.12/site-packages/airflow/example_dags/example_dynamic_task_mapping.py for tasks to queue
[2026-07-20T06:48:52.953+0000] {logging_mixin.py:188} INFO - [2026-07-20T06:48:52.953+0000] {dagbag.py:545} INFO - Filling up the DagBag from /workspaces/recomart-recommendation-pipeline/airflow_venv/lib/python3.12/site-packages/airflow/example_dags/example_dynamic_task_mapping.py
[2026-07-20T06:48:52.959+0000] {processor.py:840} INFO - DAG(s) 'example_dynamic_task_mapping' retrieved from /workspaces/recomart-recommendation-pipeline/airflow_venv/lib/python3.12/site-packages/airflow/example_dags/example_dynamic_task_mapping.py
[2026-07-20T06:48:52.969+0000] {logging_mixin.py:188} INFO - [2026-07-20T06:48:52.969+0000] {dag.py:3089} INFO - Sync 1 DAGs
[2026-07-20T06:48:52.989+0000] {logging_mixin.py:188} INFO - [2026-07-20T06:48:52.988+0000] {dag.py:3947} INFO - Setting next_dagrun for example_dynamic_task_mapping to 2022-03-04 00:00:00+00:00, run_after=2022-03-05 00:00:00+00:00
[2026-07-20T06:48:53.005+0000] {processor.py:183} INFO - Processing /workspaces/recomart-recommendation-pipeline/airflow_venv/lib/python3.12/site-packages/airflow/example_dags/example_dynamic_task_mapping.py took 0.058 seconds
[2026-07-20T06:49:55.315+0000] {processor.py:161} INFO - Started process (PID=85497) to work on /workspaces/recomart-recommendation-pipeline/airflow_venv/lib/python3.12/site-packages/airflow/example_dags/example_dynamic_task_mapping.py
[2026-07-20T06:49:55.316+0000] {processor.py:830} INFO - Processing file /workspaces/recomart-recommendation-pipeline/airflow_venv/lib/python3.12/site-packages/airflow/example_dags/example_dynamic_task_mapping.py for tasks to queue
[2026-07-20T06:49:55.318+0000] {logging_mixin.py:188} INFO - [2026-07-20T06:49:55.317+0000] {dagbag.py:545} INFO - Filling up the DagBag from /workspaces/recomart-recommendation-pipeline/airflow_venv/lib/python3.12/site-packages/airflow/example_dags/example_dynamic_task_mapping.py
[2026-07-20T06:49:55.323+0000] {processor.py:840} INFO - DAG(s) 'example_dynamic_task_mapping' retrieved from /workspaces/recomart-recommendation-pipeline/airflow_venv/lib/python3.12/site-packages/airflow/example_dags/example_dynamic_task_mapping.py
[2026-07-20T06:49:55.335+0000] {logging_mixin.py:188} INFO - [2026-07-20T06:49:55.335+0000] {dag.py:3089} INFO - Sync 1 DAGs
[2026-07-20T06:49:55.357+0000] {logging_mixin.py:188} INFO - [2026-07-20T06:49:55.357+0000] {dag.py:3947} INFO - Setting next_dagrun for example_dynamic_task_mapping to 2022-03-04 00:00:00+00:00, run_after=2022-03-05 00:00:00+00:00
[2026-07-20T06:49:55.385+0000] {processor.py:183} INFO - Processing /workspaces/recomart-recommendation-pipeline/airflow_venv/lib/python3.12/site-packages/airflow/example_dags/example_dynamic_task_mapping.py took 0.074 seconds
[2026-07-20T06:51:02.466+0000] {processor.py:161} INFO - Started process (PID=86277) to work on /workspaces/recomart-recommendation-pipeline/airflow_venv/lib/python3.12/site-packages/airflow/example_dags/example_dynamic_task_mapping.py
[2026-07-20T06:51:02.467+0000] {processor.py:830} INFO - Processing file /workspaces/recomart-recommendation-pipeline/airflow_venv/lib/python3.12/site-packages/airflow/example_dags/example_dynamic_task_mapping.py for tasks to queue
[2026-07-20T06:51:02.469+0000] {logging_mixin.py:188} INFO - [2026-07-20T06:51:02.468+0000] {dagbag.py:545} INFO - Filling up the DagBag from /workspaces/recomart-recommendation-pipeline/airflow_venv/lib/python3.12/site-packages/airflow/example_dags/example_dynamic_task_mapping.py
[2026-07-20T06:51:02.476+0000] {processor.py:840} INFO - DAG(s) 'example_dynamic_task_mapping' retrieved from /workspaces/recomart-recommendation-pipeline/airflow_venv/lib/python3.12/site-packages/airflow/example_dags/example_dynamic_task_mapping.py
[2026-07-20T06:51:02.492+0000] {logging_mixin.py:188} INFO - [2026-07-20T06:51:02.492+0000] {dag.py:3089} INFO - Sync 1 DAGs
[2026-07-20T06:51:02.514+0000] {logging_mixin.py:188} INFO - [2026-07-20T06:51:02.514+0000] {dag.py:3947} INFO - Setting next_dagrun for example_dynamic_task_mapping to 2022-03-04 00:00:00+00:00, run_after=2022-03-05 00:00:00+00:00
[2026-07-20T06:51:02.539+0000] {processor.py:183} INFO - Processing /workspaces/recomart-recommendation-pipeline/airflow_venv/lib/python3.12/site-packages/airflow/example_dags/example_dynamic_task_mapping.py took 0.079 seconds
[2026-07-20T06:58:22.600+0000] {processor.py:161} INFO - Started process (PID=89817) to work on /workspaces/recomart-recommendation-pipeline/airflow_venv/lib/python3.12/site-packages/airflow/example_dags/example_dynamic_task_mapping.py
[2026-07-20T06:58:22.603+0000] {processor.py:830} INFO - Processing file /workspaces/recomart-recommendation-pipeline/airflow_venv/lib/python3.12/site-packages/airflow/example_dags/example_dynamic_task_mapping.py for tasks to queue
[2026-07-20T06:58:22.606+0000] {logging_mixin.py:188} INFO - [2026-07-20T06:58:22.604+0000] {dagbag.py:545} INFO - Filling up the DagBag from /workspaces/recomart-recommendation-pipeline/airflow_venv/lib/python3.12/site-packages/airflow/example_dags/example_dynamic_task_mapping.py
[2026-07-20T06:58:22.616+0000] {processor.py:840} INFO - DAG(s) 'example_dynamic_task_mapping' retrieved from /workspaces/recomart-recommendation-pipeline/airflow_venv/lib/python3.12/site-packages/airflow/example_dags/example_dynamic_task_mapping.py
[2026-07-20T06:58:22.748+0000] {logging_mixin.py:188} INFO - [2026-07-20T06:58:22.748+0000] {dag.py:3089} INFO - Sync 1 DAGs
[2026-07-20T06:58:22.771+0000] {logging_mixin.py:188} INFO - [2026-07-20T06:58:22.771+0000] {dag.py:3947} INFO - Setting next_dagrun for example_dynamic_task_mapping to 2022-03-04 00:00:00+00:00, run_after=2022-03-05 00:00:00+00:00
[2026-07-20T06:58:22.882+0000] {processor.py:183} INFO - Processing /workspaces/recomart-recommendation-pipeline/airflow_venv/lib/python3.12/site-packages/airflow/example_dags/example_dynamic_task_mapping.py took 0.293 seconds
[2026-07-20T06:59:58.589+0000] {processor.py:161} INFO - Started process (PID=91428) to work on /workspaces/recomart-recommendation-pipeline/airflow_venv/lib/python3.12/site-packages/airflow/example_dags/example_dynamic_task_mapping.py
[2026-07-20T06:59:58.590+0000] {processor.py:830} INFO - Processing file /workspaces/recomart-recommendation-pipeline/airflow_venv/lib/python3.12/site-packages/airflow/example_dags/example_dynamic_task_mapping.py for tasks to queue
[2026-07-20T06:59:58.591+0000] {logging_mixin.py:188} INFO - [2026-07-20T06:59:58.591+0000] {dagbag.py:545} INFO - Filling up the DagBag from /workspaces/recomart-recommendation-pipeline/airflow_venv/lib/python3.12/site-packages/airflow/example_dags/example_dynamic_task_mapping.py
[2026-07-20T06:59:58.596+0000] {processor.py:840} INFO - DAG(s) 'example_dynamic_task_mapping' retrieved from /workspaces/recomart-recommendation-pipeline/airflow_venv/lib/python3.12/site-packages/airflow/example_dags/example_dynamic_task_mapping.py
[2026-07-20T06:59:58.608+0000] {logging_mixin.py:188} INFO - [2026-07-20T06:59:58.607+0000] {dag.py:3089} INFO - Sync 1 DAGs
[2026-07-20T06:59:58.622+0000] {logging_mixin.py:188} INFO - [2026-07-20T06:59:58.622+0000] {dag.py:3947} INFO - Setting next_dagrun for example_dynamic_task_mapping to 2022-03-04 00:00:00+00:00, run_after=2022-03-05 00:00:00+00:00
[2026-07-20T06:59:58.639+0000] {processor.py:183} INFO - Processing /workspaces/recomart-recommendation-pipeline/airflow_venv/lib/python3.12/site-packages/airflow/example_dags/example_dynamic_task_mapping.py took 0.055 seconds
[2026-07-20T07:00:50.539+0000] {processor.py:161} INFO - Started process (PID=91986) to work on /workspaces/recomart-recommendation-pipeline/airflow_venv/lib/python3.12/site-packages/airflow/example_dags/example_dynamic_task_mapping.py
[2026-07-20T07:00:50.540+0000] {processor.py:830} INFO - Processing file /workspaces/recomart-recommendation-pipeline/airflow_venv/lib/python3.12/site-packages/airflow/example_dags/example_dynamic_task_mapping.py for tasks to queue
[2026-07-20T07:00:50.541+0000] {logging_mixin.py:188} INFO - [2026-07-20T07:00:50.541+0000] {dagbag.py:545} INFO - Filling up the DagBag from /workspaces/recomart-recommendation-pipeline/airflow_venv/lib/python3.12/site-packages/airflow/example_dags/example_dynamic_task_mapping.py
[2026-07-20T07:00:50.546+0000] {processor.py:840} INFO - DAG(s) 'example_dynamic_task_mapping' retrieved from /workspaces/recomart-recommendation-pipeline/airflow_venv/lib/python3.12/site-packages/airflow/example_dags/example_dynamic_task_mapping.py
[2026-07-20T07:00:50.558+0000] {logging_mixin.py:188} INFO - [2026-07-20T07:00:50.557+0000] {dag.py:3089} INFO - Sync 1 DAGs
[2026-07-20T07:00:50.576+0000] {logging_mixin.py:188} INFO - [2026-07-20T07:00:50.576+0000] {dag.py:3947} INFO - Setting next_dagrun for example_dynamic_task_mapping to 2022-03-04 00:00:00+00:00, run_after=2022-03-05 00:00:00+00:00
[2026-07-20T07:00:50.606+0000] {processor.py:183} INFO - Processing /workspaces/recomart-recommendation-pipeline/airflow_venv/lib/python3.12/site-packages/airflow/example_dags/example_dynamic_task_mapping.py took 0.072 seconds
[2026-07-20T07:01:42.000+0000] {processor.py:161} INFO - Started process (PID=92478) to work on /workspaces/recomart-recommendation-pipeline/airflow_venv/lib/python3.12/site-packages/airflow/example_dags/example_dynamic_task_mapping.py
[2026-07-20T07:01:42.001+0000] {processor.py:830} INFO - Processing file /workspaces/recomart-recommendation-pipeline/airflow_venv/lib/python3.12/site-packages/airflow/example_dags/example_dynamic_task_mapping.py for tasks to queue
[2026-07-20T07:01:42.002+0000] {logging_mixin.py:188} INFO - [2026-07-20T07:01:42.002+0000] {dagbag.py:545} INFO - Filling up the DagBag from /workspaces/recomart-recommendation-pipeline/airflow_venv/lib/python3.12/site-packages/airflow/example_dags/example_dynamic_task_mapping.py
[2026-07-20T07:01:42.007+0000] {processor.py:840} INFO - DAG(s) 'example_dynamic_task_mapping' retrieved from /workspaces/recomart-recommendation-pipeline/airflow_venv/lib/python3.12/site-packages/airflow/example_dags/example_dynamic_task_mapping.py
[2026-07-20T07:01:42.020+0000] {logging_mixin.py:188} INFO - [2026-07-20T07:01:42.020+0000] {dag.py:3089} INFO - Sync 1 DAGs
[2026-07-20T07:01:42.035+0000] {logging_mixin.py:188} INFO - [2026-07-20T07:01:42.035+0000] {dag.py:3947} INFO - Setting next_dagrun for example_dynamic_task_mapping to 2022-03-04 00:00:00+00:00, run_after=2022-03-05 00:00:00+00:00
[2026-07-20T07:01:42.053+0000] {processor.py:183} INFO - Processing /workspaces/recomart-recommendation-pipeline/airflow_venv/lib/python3.12/site-packages/airflow/example_dags/example_dynamic_task_mapping.py took 0.058 seconds
