[2026-07-20T05:58:49.633+0000] {processor.py:161} INFO - Started process (PID=57930) to work on /workspaces/recomart-recommendation-pipeline/airflow_venv/lib/python3.12/site-packages/airflow/example_dags/example_xcom.py
[2026-07-20T05:58:49.634+0000] {processor.py:830} INFO - Processing file /workspaces/recomart-recommendation-pipeline/airflow_venv/lib/python3.12/site-packages/airflow/example_dags/example_xcom.py for tasks to queue
[2026-07-20T05:58:49.635+0000] {logging_mixin.py:188} INFO - [2026-07-20T05:58:49.635+0000] {dagbag.py:545} INFO - Filling up the DagBag from /workspaces/recomart-recommendation-pipeline/airflow_venv/lib/python3.12/site-packages/airflow/example_dags/example_xcom.py
[2026-07-20T05:58:49.645+0000] {processor.py:840} INFO - DAG(s) 'example_xcom' retrieved from /workspaces/recomart-recommendation-pipeline/airflow_venv/lib/python3.12/site-packages/airflow/example_dags/example_xcom.py
[2026-07-20T05:58:49.797+0000] {logging_mixin.py:188} INFO - [2026-07-20T05:58:49.796+0000] {override.py:1858} INFO - Created Permission View: can read on DAG:example_xcom
[2026-07-20T05:58:49.810+0000] {logging_mixin.py:188} INFO - [2026-07-20T05:58:49.809+0000] {override.py:1858} INFO - Created Permission View: can edit on DAG:example_xcom
[2026-07-20T05:58:49.816+0000] {logging_mixin.py:188} INFO - [2026-07-20T05:58:49.816+0000] {override.py:1858} INFO - Created Permission View: can delete on DAG:example_xcom
[2026-07-20T05:58:49.817+0000] {logging_mixin.py:188} INFO - [2026-07-20T05:58:49.816+0000] {dag.py:3089} INFO - Sync 1 DAGs
[2026-07-20T05:58:49.826+0000] {logging_mixin.py:188} INFO - [2026-07-20T05:58:49.826+0000] {dag.py:3111} INFO - Creating ORM DAG for example_xcom
[2026-07-20T05:58:49.838+0000] {logging_mixin.py:188} INFO - [2026-07-20T05:58:49.838+0000] {dag.py:3947} INFO - Setting next_dagrun for example_xcom to 2021-01-01 00:00:00+00:00, run_after=2021-01-01 00:00:00+00:00
[2026-07-20T05:58:49.856+0000] {processor.py:183} INFO - Processing /workspaces/recomart-recommendation-pipeline/airflow_venv/lib/python3.12/site-packages/airflow/example_dags/example_xcom.py took 0.227 seconds
[2026-07-20T05:59:50.282+0000] {processor.py:161} INFO - Started process (PID=58570) to work on /workspaces/recomart-recommendation-pipeline/airflow_venv/lib/python3.12/site-packages/airflow/example_dags/example_xcom.py
[2026-07-20T05:59:50.283+0000] {processor.py:830} INFO - Processing file /workspaces/recomart-recommendation-pipeline/airflow_venv/lib/python3.12/site-packages/airflow/example_dags/example_xcom.py for tasks to queue
[2026-07-20T05:59:50.284+0000] {logging_mixin.py:188} INFO - [2026-07-20T05:59:50.284+0000] {dagbag.py:545} INFO - Filling up the DagBag from /workspaces/recomart-recommendation-pipeline/airflow_venv/lib/python3.12/site-packages/airflow/example_dags/example_xcom.py
[2026-07-20T05:59:50.293+0000] {processor.py:840} INFO - DAG(s) 'example_xcom' retrieved from /workspaces/recomart-recommendation-pipeline/airflow_venv/lib/python3.12/site-packages/airflow/example_dags/example_xcom.py
[2026-07-20T05:59:50.305+0000] {logging_mixin.py:188} INFO - [2026-07-20T05:59:50.305+0000] {dag.py:3089} INFO - Sync 1 DAGs
[2026-07-20T05:59:50.320+0000] {logging_mixin.py:188} INFO - [2026-07-20T05:59:50.319+0000] {dag.py:3947} INFO - Setting next_dagrun for example_xcom to 2021-01-01 00:00:00+00:00, run_after=2021-01-01 00:00:00+00:00
[2026-07-20T05:59:50.337+0000] {processor.py:183} INFO - Processing /workspaces/recomart-recommendation-pipeline/airflow_venv/lib/python3.12/site-packages/airflow/example_dags/example_xcom.py took 0.060 seconds
[2026-07-20T06:00:38.367+0000] {processor.py:161} INFO - Started process (PID=58985) to work on /workspaces/recomart-recommendation-pipeline/airflow_venv/lib/python3.12/site-packages/airflow/example_dags/example_xcom.py
[2026-07-20T06:00:38.367+0000] {processor.py:830} INFO - Processing file /workspaces/recomart-recommendation-pipeline/airflow_venv/lib/python3.12/site-packages/airflow/example_dags/example_xcom.py for tasks to queue
[2026-07-20T06:00:38.369+0000] {logging_mixin.py:188} INFO - [2026-07-20T06:00:38.368+0000] {dagbag.py:545} INFO - Filling up the DagBag from /workspaces/recomart-recommendation-pipeline/airflow_venv/lib/python3.12/site-packages/airflow/example_dags/example_xcom.py
[2026-07-20T06:00:38.376+0000] {processor.py:840} INFO - DAG(s) 'example_xcom' retrieved from /workspaces/recomart-recommendation-pipeline/airflow_venv/lib/python3.12/site-packages/airflow/example_dags/example_xcom.py
[2026-07-20T06:00:38.393+0000] {logging_mixin.py:188} INFO - [2026-07-20T06:00:38.393+0000] {dag.py:3089} INFO - Sync 1 DAGs
[2026-07-20T06:00:38.407+0000] {logging_mixin.py:188} INFO - [2026-07-20T06:00:38.407+0000] {dag.py:3947} INFO - Setting next_dagrun for example_xcom to 2021-01-01 00:00:00+00:00, run_after=2021-01-01 00:00:00+00:00
[2026-07-20T06:00:38.424+0000] {processor.py:183} INFO - Processing /workspaces/recomart-recommendation-pipeline/airflow_venv/lib/python3.12/site-packages/airflow/example_dags/example_xcom.py took 0.061 seconds
[2026-07-20T06:01:23.171+0000] {processor.py:161} INFO - Started process (PID=59486) to work on /workspaces/recomart-recommendation-pipeline/airflow_venv/lib/python3.12/site-packages/airflow/example_dags/example_xcom.py
[2026-07-20T06:01:23.172+0000] {processor.py:830} INFO - Processing file /workspaces/recomart-recommendation-pipeline/airflow_venv/lib/python3.12/site-packages/airflow/example_dags/example_xcom.py for tasks to queue
[2026-07-20T06:01:23.173+0000] {logging_mixin.py:188} INFO - [2026-07-20T06:01:23.173+0000] {dagbag.py:545} INFO - Filling up the DagBag from /workspaces/recomart-recommendation-pipeline/airflow_venv/lib/python3.12/site-packages/airflow/example_dags/example_xcom.py
[2026-07-20T06:01:23.182+0000] {processor.py:840} INFO - DAG(s) 'example_xcom' retrieved from /workspaces/recomart-recommendation-pipeline/airflow_venv/lib/python3.12/site-packages/airflow/example_dags/example_xcom.py
[2026-07-20T06:01:23.208+0000] {logging_mixin.py:188} INFO - [2026-07-20T06:01:23.208+0000] {dag.py:3089} INFO - Sync 1 DAGs
[2026-07-20T06:01:23.253+0000] {logging_mixin.py:188} INFO - [2026-07-20T06:01:23.252+0000] {dag.py:3947} INFO - Setting next_dagrun for example_xcom to 2021-01-01 00:00:00+00:00, run_after=2021-01-01 00:00:00+00:00
[2026-07-20T06:01:23.271+0000] {processor.py:183} INFO - Processing /workspaces/recomart-recommendation-pipeline/airflow_venv/lib/python3.12/site-packages/airflow/example_dags/example_xcom.py took 0.106 seconds
[2026-07-20T06:02:06.806+0000] {processor.py:161} INFO - Started process (PID=59977) to work on /workspaces/recomart-recommendation-pipeline/airflow_venv/lib/python3.12/site-packages/airflow/example_dags/example_xcom.py
[2026-07-20T06:02:06.807+0000] {processor.py:830} INFO - Processing file /workspaces/recomart-recommendation-pipeline/airflow_venv/lib/python3.12/site-packages/airflow/example_dags/example_xcom.py for tasks to queue
[2026-07-20T06:02:06.809+0000] {logging_mixin.py:188} INFO - [2026-07-20T06:02:06.808+0000] {dagbag.py:545} INFO - Filling up the DagBag from /workspaces/recomart-recommendation-pipeline/airflow_venv/lib/python3.12/site-packages/airflow/example_dags/example_xcom.py
[2026-07-20T06:02:06.819+0000] {processor.py:840} INFO - DAG(s) 'example_xcom' retrieved from /workspaces/recomart-recommendation-pipeline/airflow_venv/lib/python3.12/site-packages/airflow/example_dags/example_xcom.py
[2026-07-20T06:02:06.837+0000] {logging_mixin.py:188} INFO - [2026-07-20T06:02:06.837+0000] {dag.py:3089} INFO - Sync 1 DAGs
[2026-07-20T06:02:06.858+0000] {logging_mixin.py:188} INFO - [2026-07-20T06:02:06.858+0000] {dag.py:3947} INFO - Setting next_dagrun for example_xcom to 2021-01-01 00:00:00+00:00, run_after=2021-01-01 00:00:00+00:00
[2026-07-20T06:02:06.880+0000] {processor.py:183} INFO - Processing /workspaces/recomart-recommendation-pipeline/airflow_venv/lib/python3.12/site-packages/airflow/example_dags/example_xcom.py took 0.085 seconds
[2026-07-20T06:02:51.138+0000] {processor.py:161} INFO - Started process (PID=60368) to work on /workspaces/recomart-recommendation-pipeline/airflow_venv/lib/python3.12/site-packages/airflow/example_dags/example_xcom.py
[2026-07-20T06:02:51.138+0000] {processor.py:830} INFO - Processing file /workspaces/recomart-recommendation-pipeline/airflow_venv/lib/python3.12/site-packages/airflow/example_dags/example_xcom.py for tasks to queue
[2026-07-20T06:02:51.140+0000] {logging_mixin.py:188} INFO - [2026-07-20T06:02:51.139+0000] {dagbag.py:545} INFO - Filling up the DagBag from /workspaces/recomart-recommendation-pipeline/airflow_venv/lib/python3.12/site-packages/airflow/example_dags/example_xcom.py
[2026-07-20T06:02:51.145+0000] {processor.py:840} INFO - DAG(s) 'example_xcom' retrieved from /workspaces/recomart-recommendation-pipeline/airflow_venv/lib/python3.12/site-packages/airflow/example_dags/example_xcom.py
[2026-07-20T06:02:51.157+0000] {logging_mixin.py:188} INFO - [2026-07-20T06:02:51.157+0000] {dag.py:3089} INFO - Sync 1 DAGs
[2026-07-20T06:02:51.172+0000] {logging_mixin.py:188} INFO - [2026-07-20T06:02:51.171+0000] {dag.py:3947} INFO - Setting next_dagrun for example_xcom to 2021-01-01 00:00:00+00:00, run_after=2021-01-01 00:00:00+00:00
[2026-07-20T06:02:51.192+0000] {processor.py:183} INFO - Processing /workspaces/recomart-recommendation-pipeline/airflow_venv/lib/python3.12/site-packages/airflow/example_dags/example_xcom.py took 0.059 seconds
[2026-07-20T06:03:32.550+0000] {processor.py:161} INFO - Started process (PID=60668) to work on /workspaces/recomart-recommendation-pipeline/airflow_venv/lib/python3.12/site-packages/airflow/example_dags/example_xcom.py
[2026-07-20T06:03:32.551+0000] {processor.py:830} INFO - Processing file /workspaces/recomart-recommendation-pipeline/airflow_venv/lib/python3.12/site-packages/airflow/example_dags/example_xcom.py for tasks to queue
[2026-07-20T06:03:32.552+0000] {logging_mixin.py:188} INFO - [2026-07-20T06:03:32.552+0000] {dagbag.py:545} INFO - Filling up the DagBag from /workspaces/recomart-recommendation-pipeline/airflow_venv/lib/python3.12/site-packages/airflow/example_dags/example_xcom.py
[2026-07-20T06:03:32.558+0000] {processor.py:840} INFO - DAG(s) 'example_xcom' retrieved from /workspaces/recomart-recommendation-pipeline/airflow_venv/lib/python3.12/site-packages/airflow/example_dags/example_xcom.py
[2026-07-20T06:03:32.571+0000] {logging_mixin.py:188} INFO - [2026-07-20T06:03:32.571+0000] {dag.py:3089} INFO - Sync 1 DAGs
[2026-07-20T06:03:32.590+0000] {logging_mixin.py:188} INFO - [2026-07-20T06:03:32.590+0000] {dag.py:3947} INFO - Setting next_dagrun for example_xcom to 2021-01-01 00:00:00+00:00, run_after=2021-01-01 00:00:00+00:00
[2026-07-20T06:03:32.607+0000] {processor.py:183} INFO - Processing /workspaces/recomart-recommendation-pipeline/airflow_venv/lib/python3.12/site-packages/airflow/example_dags/example_xcom.py took 0.062 seconds
[2026-07-20T06:04:15.484+0000] {processor.py:161} INFO - Started process (PID=61098) to work on /workspaces/recomart-recommendation-pipeline/airflow_venv/lib/python3.12/site-packages/airflow/example_dags/example_xcom.py
[2026-07-20T06:04:15.485+0000] {processor.py:830} INFO - Processing file /workspaces/recomart-recommendation-pipeline/airflow_venv/lib/python3.12/site-packages/airflow/example_dags/example_xcom.py for tasks to queue
[2026-07-20T06:04:15.487+0000] {logging_mixin.py:188} INFO - [2026-07-20T06:04:15.487+0000] {dagbag.py:545} INFO - Filling up the DagBag from /workspaces/recomart-recommendation-pipeline/airflow_venv/lib/python3.12/site-packages/airflow/example_dags/example_xcom.py
[2026-07-20T06:04:15.495+0000] {processor.py:840} INFO - DAG(s) 'example_xcom' retrieved from /workspaces/recomart-recommendation-pipeline/airflow_venv/lib/python3.12/site-packages/airflow/example_dags/example_xcom.py
[2026-07-20T06:04:15.512+0000] {logging_mixin.py:188} INFO - [2026-07-20T06:04:15.512+0000] {dag.py:3089} INFO - Sync 1 DAGs
[2026-07-20T06:04:15.533+0000] {logging_mixin.py:188} INFO - [2026-07-20T06:04:15.533+0000] {dag.py:3947} INFO - Setting next_dagrun for example_xcom to 2021-01-01 00:00:00+00:00, run_after=2021-01-01 00:00:00+00:00
[2026-07-20T06:04:15.693+0000] {processor.py:183} INFO - Processing /workspaces/recomart-recommendation-pipeline/airflow_venv/lib/python3.12/site-packages/airflow/example_dags/example_xcom.py took 0.215 seconds
[2026-07-20T06:04:59.742+0000] {processor.py:161} INFO - Started process (PID=61470) to work on /workspaces/recomart-recommendation-pipeline/airflow_venv/lib/python3.12/site-packages/airflow/example_dags/example_xcom.py
[2026-07-20T06:04:59.743+0000] {processor.py:830} INFO - Processing file /workspaces/recomart-recommendation-pipeline/airflow_venv/lib/python3.12/site-packages/airflow/example_dags/example_xcom.py for tasks to queue
[2026-07-20T06:04:59.744+0000] {logging_mixin.py:188} INFO - [2026-07-20T06:04:59.744+0000] {dagbag.py:545} INFO - Filling up the DagBag from /workspaces/recomart-recommendation-pipeline/airflow_venv/lib/python3.12/site-packages/airflow/example_dags/example_xcom.py
[2026-07-20T06:04:59.750+0000] {processor.py:840} INFO - DAG(s) 'example_xcom' retrieved from /workspaces/recomart-recommendation-pipeline/airflow_venv/lib/python3.12/site-packages/airflow/example_dags/example_xcom.py
[2026-07-20T06:04:59.762+0000] {logging_mixin.py:188} INFO - [2026-07-20T06:04:59.762+0000] {dag.py:3089} INFO - Sync 1 DAGs
[2026-07-20T06:04:59.780+0000] {logging_mixin.py:188} INFO - [2026-07-20T06:04:59.780+0000] {dag.py:3947} INFO - Setting next_dagrun for example_xcom to 2021-01-01 00:00:00+00:00, run_after=2021-01-01 00:00:00+00:00
[2026-07-20T06:04:59.798+0000] {processor.py:183} INFO - Processing /workspaces/recomart-recommendation-pipeline/airflow_venv/lib/python3.12/site-packages/airflow/example_dags/example_xcom.py took 0.060 seconds
[2026-07-20T06:05:43.709+0000] {processor.py:161} INFO - Started process (PID=61842) to work on /workspaces/recomart-recommendation-pipeline/airflow_venv/lib/python3.12/site-packages/airflow/example_dags/example_xcom.py
[2026-07-20T06:05:43.710+0000] {processor.py:830} INFO - Processing file /workspaces/recomart-recommendation-pipeline/airflow_venv/lib/python3.12/site-packages/airflow/example_dags/example_xcom.py for tasks to queue
[2026-07-20T06:05:43.711+0000] {logging_mixin.py:188} INFO - [2026-07-20T06:05:43.711+0000] {dagbag.py:545} INFO - Filling up the DagBag from /workspaces/recomart-recommendation-pipeline/airflow_venv/lib/python3.12/site-packages/airflow/example_dags/example_xcom.py
[2026-07-20T06:05:43.717+0000] {processor.py:840} INFO - DAG(s) 'example_xcom' retrieved from /workspaces/recomart-recommendation-pipeline/airflow_venv/lib/python3.12/site-packages/airflow/example_dags/example_xcom.py
[2026-07-20T06:05:43.738+0000] {logging_mixin.py:188} INFO - [2026-07-20T06:05:43.737+0000] {dag.py:3089} INFO - Sync 1 DAGs
[2026-07-20T06:05:43.919+0000] {logging_mixin.py:188} INFO - [2026-07-20T06:05:43.919+0000] {dag.py:3947} INFO - Setting next_dagrun for example_xcom to 2021-01-01 00:00:00+00:00, run_after=2021-01-01 00:00:00+00:00
[2026-07-20T06:05:43.952+0000] {processor.py:183} INFO - Processing /workspaces/recomart-recommendation-pipeline/airflow_venv/lib/python3.12/site-packages/airflow/example_dags/example_xcom.py took 0.247 seconds
[2026-07-20T06:06:32.034+0000] {processor.py:161} INFO - Started process (PID=62188) to work on /workspaces/recomart-recommendation-pipeline/airflow_venv/lib/python3.12/site-packages/airflow/example_dags/example_xcom.py
[2026-07-20T06:06:32.034+0000] {processor.py:830} INFO - Processing file /workspaces/recomart-recommendation-pipeline/airflow_venv/lib/python3.12/site-packages/airflow/example_dags/example_xcom.py for tasks to queue
[2026-07-20T06:06:32.036+0000] {logging_mixin.py:188} INFO - [2026-07-20T06:06:32.035+0000] {dagbag.py:545} INFO - Filling up the DagBag from /workspaces/recomart-recommendation-pipeline/airflow_venv/lib/python3.12/site-packages/airflow/example_dags/example_xcom.py
[2026-07-20T06:06:32.042+0000] {processor.py:840} INFO - DAG(s) 'example_xcom' retrieved from /workspaces/recomart-recommendation-pipeline/airflow_venv/lib/python3.12/site-packages/airflow/example_dags/example_xcom.py
[2026-07-20T06:06:32.054+0000] {logging_mixin.py:188} INFO - [2026-07-20T06:06:32.054+0000] {dag.py:3089} INFO - Sync 1 DAGs
[2026-07-20T06:06:32.068+0000] {logging_mixin.py:188} INFO - [2026-07-20T06:06:32.068+0000] {dag.py:3947} INFO - Setting next_dagrun for example_xcom to 2021-01-01 00:00:00+00:00, run_after=2021-01-01 00:00:00+00:00
[2026-07-20T06:06:32.088+0000] {processor.py:183} INFO - Processing /workspaces/recomart-recommendation-pipeline/airflow_venv/lib/python3.12/site-packages/airflow/example_dags/example_xcom.py took 0.059 seconds
[2026-07-20T06:07:20.196+0000] {processor.py:161} INFO - Started process (PID=62596) to work on /workspaces/recomart-recommendation-pipeline/airflow_venv/lib/python3.12/site-packages/airflow/example_dags/example_xcom.py
[2026-07-20T06:07:20.197+0000] {processor.py:830} INFO - Processing file /workspaces/recomart-recommendation-pipeline/airflow_venv/lib/python3.12/site-packages/airflow/example_dags/example_xcom.py for tasks to queue
[2026-07-20T06:07:20.198+0000] {logging_mixin.py:188} INFO - [2026-07-20T06:07:20.198+0000] {dagbag.py:545} INFO - Filling up the DagBag from /workspaces/recomart-recommendation-pipeline/airflow_venv/lib/python3.12/site-packages/airflow/example_dags/example_xcom.py
[2026-07-20T06:07:20.205+0000] {processor.py:840} INFO - DAG(s) 'example_xcom' retrieved from /workspaces/recomart-recommendation-pipeline/airflow_venv/lib/python3.12/site-packages/airflow/example_dags/example_xcom.py
[2026-07-20T06:07:20.219+0000] {logging_mixin.py:188} INFO - [2026-07-20T06:07:20.219+0000] {dag.py:3089} INFO - Sync 1 DAGs
[2026-07-20T06:07:20.233+0000] {logging_mixin.py:188} INFO - [2026-07-20T06:07:20.233+0000] {dag.py:3947} INFO - Setting next_dagrun for example_xcom to 2021-01-01 00:00:00+00:00, run_after=2021-01-01 00:00:00+00:00
[2026-07-20T06:07:20.250+0000] {processor.py:183} INFO - Processing /workspaces/recomart-recommendation-pipeline/airflow_venv/lib/python3.12/site-packages/airflow/example_dags/example_xcom.py took 0.058 seconds
[2026-07-20T06:08:49.709+0000] {processor.py:161} INFO - Started process (PID=63556) to work on /workspaces/recomart-recommendation-pipeline/airflow_venv/lib/python3.12/site-packages/airflow/example_dags/example_xcom.py
[2026-07-20T06:08:49.709+0000] {processor.py:830} INFO - Processing file /workspaces/recomart-recommendation-pipeline/airflow_venv/lib/python3.12/site-packages/airflow/example_dags/example_xcom.py for tasks to queue
[2026-07-20T06:08:49.711+0000] {logging_mixin.py:188} INFO - [2026-07-20T06:08:49.710+0000] {dagbag.py:545} INFO - Filling up the DagBag from /workspaces/recomart-recommendation-pipeline/airflow_venv/lib/python3.12/site-packages/airflow/example_dags/example_xcom.py
[2026-07-20T06:08:49.721+0000] {processor.py:840} INFO - DAG(s) 'example_xcom' retrieved from /workspaces/recomart-recommendation-pipeline/airflow_venv/lib/python3.12/site-packages/airflow/example_dags/example_xcom.py
[2026-07-20T06:08:49.727+0000] {logging_mixin.py:188} INFO - [2026-07-20T06:08:49.726+0000] {dag.py:3089} INFO - Sync 1 DAGs
[2026-07-20T06:08:49.741+0000] {logging_mixin.py:188} INFO - [2026-07-20T06:08:49.741+0000] {dag.py:3947} INFO - Setting next_dagrun for example_xcom to 2021-01-01 00:00:00+00:00, run_after=2021-01-01 00:00:00+00:00
[2026-07-20T06:08:49.758+0000] {processor.py:183} INFO - Processing /workspaces/recomart-recommendation-pipeline/airflow_venv/lib/python3.12/site-packages/airflow/example_dags/example_xcom.py took 0.058 seconds
[2026-07-20T06:09:44.892+0000] {processor.py:161} INFO - Started process (PID=64007) to work on /workspaces/recomart-recommendation-pipeline/airflow_venv/lib/python3.12/site-packages/airflow/example_dags/example_xcom.py
[2026-07-20T06:09:44.893+0000] {processor.py:830} INFO - Processing file /workspaces/recomart-recommendation-pipeline/airflow_venv/lib/python3.12/site-packages/airflow/example_dags/example_xcom.py for tasks to queue
[2026-07-20T06:09:44.896+0000] {logging_mixin.py:188} INFO - [2026-07-20T06:09:44.896+0000] {dagbag.py:545} INFO - Filling up the DagBag from /workspaces/recomart-recommendation-pipeline/airflow_venv/lib/python3.12/site-packages/airflow/example_dags/example_xcom.py
[2026-07-20T06:09:44.913+0000] {processor.py:840} INFO - DAG(s) 'example_xcom' retrieved from /workspaces/recomart-recommendation-pipeline/airflow_venv/lib/python3.12/site-packages/airflow/example_dags/example_xcom.py
[2026-07-20T06:09:45.043+0000] {logging_mixin.py:188} INFO - [2026-07-20T06:09:45.043+0000] {dag.py:3089} INFO - Sync 1 DAGs
[2026-07-20T06:09:45.062+0000] {logging_mixin.py:188} INFO - [2026-07-20T06:09:45.062+0000] {dag.py:3947} INFO - Setting next_dagrun for example_xcom to 2021-01-01 00:00:00+00:00, run_after=2021-01-01 00:00:00+00:00
[2026-07-20T06:09:45.092+0000] {processor.py:183} INFO - Processing /workspaces/recomart-recommendation-pipeline/airflow_venv/lib/python3.12/site-packages/airflow/example_dags/example_xcom.py took 0.209 seconds
[2026-07-20T06:10:36.617+0000] {processor.py:161} INFO - Started process (PID=64378) to work on /workspaces/recomart-recommendation-pipeline/airflow_venv/lib/python3.12/site-packages/airflow/example_dags/example_xcom.py
[2026-07-20T06:10:36.618+0000] {processor.py:830} INFO - Processing file /workspaces/recomart-recommendation-pipeline/airflow_venv/lib/python3.12/site-packages/airflow/example_dags/example_xcom.py for tasks to queue
[2026-07-20T06:10:36.619+0000] {logging_mixin.py:188} INFO - [2026-07-20T06:10:36.619+0000] {dagbag.py:545} INFO - Filling up the DagBag from /workspaces/recomart-recommendation-pipeline/airflow_venv/lib/python3.12/site-packages/airflow/example_dags/example_xcom.py
[2026-07-20T06:10:36.625+0000] {processor.py:840} INFO - DAG(s) 'example_xcom' retrieved from /workspaces/recomart-recommendation-pipeline/airflow_venv/lib/python3.12/site-packages/airflow/example_dags/example_xcom.py
[2026-07-20T06:10:36.638+0000] {logging_mixin.py:188} INFO - [2026-07-20T06:10:36.638+0000] {dag.py:3089} INFO - Sync 1 DAGs
[2026-07-20T06:10:36.653+0000] {logging_mixin.py:188} INFO - [2026-07-20T06:10:36.653+0000] {dag.py:3947} INFO - Setting next_dagrun for example_xcom to 2021-01-01 00:00:00+00:00, run_after=2021-01-01 00:00:00+00:00
[2026-07-20T06:10:36.671+0000] {processor.py:183} INFO - Processing /workspaces/recomart-recommendation-pipeline/airflow_venv/lib/python3.12/site-packages/airflow/example_dags/example_xcom.py took 0.060 seconds
[2026-07-20T06:11:18.523+0000] {processor.py:161} INFO - Started process (PID=64917) to work on /workspaces/recomart-recommendation-pipeline/airflow_venv/lib/python3.12/site-packages/airflow/example_dags/example_xcom.py
[2026-07-20T06:11:18.525+0000] {processor.py:830} INFO - Processing file /workspaces/recomart-recommendation-pipeline/airflow_venv/lib/python3.12/site-packages/airflow/example_dags/example_xcom.py for tasks to queue
[2026-07-20T06:11:18.528+0000] {logging_mixin.py:188} INFO - [2026-07-20T06:11:18.527+0000] {dagbag.py:545} INFO - Filling up the DagBag from /workspaces/recomart-recommendation-pipeline/airflow_venv/lib/python3.12/site-packages/airflow/example_dags/example_xcom.py
[2026-07-20T06:11:18.538+0000] {processor.py:840} INFO - DAG(s) 'example_xcom' retrieved from /workspaces/recomart-recommendation-pipeline/airflow_venv/lib/python3.12/site-packages/airflow/example_dags/example_xcom.py
[2026-07-20T06:11:18.553+0000] {logging_mixin.py:188} INFO - [2026-07-20T06:11:18.553+0000] {dag.py:3089} INFO - Sync 1 DAGs
[2026-07-20T06:11:18.568+0000] {logging_mixin.py:188} INFO - [2026-07-20T06:11:18.567+0000] {dag.py:3947} INFO - Setting next_dagrun for example_xcom to 2021-01-01 00:00:00+00:00, run_after=2021-01-01 00:00:00+00:00
[2026-07-20T06:11:18.587+0000] {processor.py:183} INFO - Processing /workspaces/recomart-recommendation-pipeline/airflow_venv/lib/python3.12/site-packages/airflow/example_dags/example_xcom.py took 0.074 seconds
[2026-07-20T06:12:00.325+0000] {processor.py:161} INFO - Started process (PID=65278) to work on /workspaces/recomart-recommendation-pipeline/airflow_venv/lib/python3.12/site-packages/airflow/example_dags/example_xcom.py
[2026-07-20T06:12:00.325+0000] {processor.py:830} INFO - Processing file /workspaces/recomart-recommendation-pipeline/airflow_venv/lib/python3.12/site-packages/airflow/example_dags/example_xcom.py for tasks to queue
[2026-07-20T06:12:00.327+0000] {logging_mixin.py:188} INFO - [2026-07-20T06:12:00.326+0000] {dagbag.py:545} INFO - Filling up the DagBag from /workspaces/recomart-recommendation-pipeline/airflow_venv/lib/python3.12/site-packages/airflow/example_dags/example_xcom.py
[2026-07-20T06:12:00.333+0000] {processor.py:840} INFO - DAG(s) 'example_xcom' retrieved from /workspaces/recomart-recommendation-pipeline/airflow_venv/lib/python3.12/site-packages/airflow/example_dags/example_xcom.py
[2026-07-20T06:12:00.345+0000] {logging_mixin.py:188} INFO - [2026-07-20T06:12:00.345+0000] {dag.py:3089} INFO - Sync 1 DAGs
[2026-07-20T06:12:00.361+0000] {logging_mixin.py:188} INFO - [2026-07-20T06:12:00.360+0000] {dag.py:3947} INFO - Setting next_dagrun for example_xcom to 2021-01-01 00:00:00+00:00, run_after=2021-01-01 00:00:00+00:00
[2026-07-20T06:12:00.381+0000] {processor.py:183} INFO - Processing /workspaces/recomart-recommendation-pipeline/airflow_venv/lib/python3.12/site-packages/airflow/example_dags/example_xcom.py took 0.060 seconds
[2026-07-20T06:12:42.824+0000] {processor.py:161} INFO - Started process (PID=65642) to work on /workspaces/recomart-recommendation-pipeline/airflow_venv/lib/python3.12/site-packages/airflow/example_dags/example_xcom.py
[2026-07-20T06:12:42.825+0000] {processor.py:830} INFO - Processing file /workspaces/recomart-recommendation-pipeline/airflow_venv/lib/python3.12/site-packages/airflow/example_dags/example_xcom.py for tasks to queue
[2026-07-20T06:12:42.826+0000] {logging_mixin.py:188} INFO - [2026-07-20T06:12:42.826+0000] {dagbag.py:545} INFO - Filling up the DagBag from /workspaces/recomart-recommendation-pipeline/airflow_venv/lib/python3.12/site-packages/airflow/example_dags/example_xcom.py
[2026-07-20T06:12:42.832+0000] {processor.py:840} INFO - DAG(s) 'example_xcom' retrieved from /workspaces/recomart-recommendation-pipeline/airflow_venv/lib/python3.12/site-packages/airflow/example_dags/example_xcom.py
[2026-07-20T06:12:42.848+0000] {logging_mixin.py:188} INFO - [2026-07-20T06:12:42.847+0000] {dag.py:3089} INFO - Sync 1 DAGs
[2026-07-20T06:12:42.863+0000] {logging_mixin.py:188} INFO - [2026-07-20T06:12:42.862+0000] {dag.py:3947} INFO - Setting next_dagrun for example_xcom to 2021-01-01 00:00:00+00:00, run_after=2021-01-01 00:00:00+00:00
[2026-07-20T06:12:42.882+0000] {processor.py:183} INFO - Processing /workspaces/recomart-recommendation-pipeline/airflow_venv/lib/python3.12/site-packages/airflow/example_dags/example_xcom.py took 0.062 seconds
[2026-07-20T06:13:27.595+0000] {processor.py:161} INFO - Started process (PID=65977) to work on /workspaces/recomart-recommendation-pipeline/airflow_venv/lib/python3.12/site-packages/airflow/example_dags/example_xcom.py
[2026-07-20T06:13:27.596+0000] {processor.py:830} INFO - Processing file /workspaces/recomart-recommendation-pipeline/airflow_venv/lib/python3.12/site-packages/airflow/example_dags/example_xcom.py for tasks to queue
[2026-07-20T06:13:27.597+0000] {logging_mixin.py:188} INFO - [2026-07-20T06:13:27.597+0000] {dagbag.py:545} INFO - Filling up the DagBag from /workspaces/recomart-recommendation-pipeline/airflow_venv/lib/python3.12/site-packages/airflow/example_dags/example_xcom.py
[2026-07-20T06:13:27.603+0000] {processor.py:840} INFO - DAG(s) 'example_xcom' retrieved from /workspaces/recomart-recommendation-pipeline/airflow_venv/lib/python3.12/site-packages/airflow/example_dags/example_xcom.py
[2026-07-20T06:13:27.615+0000] {logging_mixin.py:188} INFO - [2026-07-20T06:13:27.615+0000] {dag.py:3089} INFO - Sync 1 DAGs
[2026-07-20T06:13:27.632+0000] {logging_mixin.py:188} INFO - [2026-07-20T06:13:27.632+0000] {dag.py:3947} INFO - Setting next_dagrun for example_xcom to 2021-01-01 00:00:00+00:00, run_after=2021-01-01 00:00:00+00:00
[2026-07-20T06:13:27.651+0000] {processor.py:183} INFO - Processing /workspaces/recomart-recommendation-pipeline/airflow_venv/lib/python3.12/site-packages/airflow/example_dags/example_xcom.py took 0.061 seconds
[2026-07-20T06:14:13.142+0000] {processor.py:161} INFO - Started process (PID=66526) to work on /workspaces/recomart-recommendation-pipeline/airflow_venv/lib/python3.12/site-packages/airflow/example_dags/example_xcom.py
[2026-07-20T06:14:13.143+0000] {processor.py:830} INFO - Processing file /workspaces/recomart-recommendation-pipeline/airflow_venv/lib/python3.12/site-packages/airflow/example_dags/example_xcom.py for tasks to queue
[2026-07-20T06:14:13.144+0000] {logging_mixin.py:188} INFO - [2026-07-20T06:14:13.144+0000] {dagbag.py:545} INFO - Filling up the DagBag from /workspaces/recomart-recommendation-pipeline/airflow_venv/lib/python3.12/site-packages/airflow/example_dags/example_xcom.py
[2026-07-20T06:14:13.150+0000] {processor.py:840} INFO - DAG(s) 'example_xcom' retrieved from /workspaces/recomart-recommendation-pipeline/airflow_venv/lib/python3.12/site-packages/airflow/example_dags/example_xcom.py
[2026-07-20T06:14:13.164+0000] {logging_mixin.py:188} INFO - [2026-07-20T06:14:13.164+0000] {dag.py:3089} INFO - Sync 1 DAGs
[2026-07-20T06:14:13.383+0000] {logging_mixin.py:188} INFO - [2026-07-20T06:14:13.382+0000] {dag.py:3947} INFO - Setting next_dagrun for example_xcom to 2021-01-01 00:00:00+00:00, run_after=2021-01-01 00:00:00+00:00
[2026-07-20T06:14:13.404+0000] {processor.py:183} INFO - Processing /workspaces/recomart-recommendation-pipeline/airflow_venv/lib/python3.12/site-packages/airflow/example_dags/example_xcom.py took 0.267 seconds
[2026-07-20T06:14:58.994+0000] {processor.py:161} INFO - Started process (PID=67109) to work on /workspaces/recomart-recommendation-pipeline/airflow_venv/lib/python3.12/site-packages/airflow/example_dags/example_xcom.py
[2026-07-20T06:14:58.997+0000] {processor.py:830} INFO - Processing file /workspaces/recomart-recommendation-pipeline/airflow_venv/lib/python3.12/site-packages/airflow/example_dags/example_xcom.py for tasks to queue
[2026-07-20T06:14:58.999+0000] {logging_mixin.py:188} INFO - [2026-07-20T06:14:58.998+0000] {dagbag.py:545} INFO - Filling up the DagBag from /workspaces/recomart-recommendation-pipeline/airflow_venv/lib/python3.12/site-packages/airflow/example_dags/example_xcom.py
[2026-07-20T06:14:59.014+0000] {processor.py:840} INFO - DAG(s) 'example_xcom' retrieved from /workspaces/recomart-recommendation-pipeline/airflow_venv/lib/python3.12/site-packages/airflow/example_dags/example_xcom.py
[2026-07-20T06:14:59.034+0000] {logging_mixin.py:188} INFO - [2026-07-20T06:14:59.034+0000] {dag.py:3089} INFO - Sync 1 DAGs
[2026-07-20T06:14:59.056+0000] {logging_mixin.py:188} INFO - [2026-07-20T06:14:59.056+0000] {dag.py:3947} INFO - Setting next_dagrun for example_xcom to 2021-01-01 00:00:00+00:00, run_after=2021-01-01 00:00:00+00:00
[2026-07-20T06:14:59.135+0000] {processor.py:183} INFO - Processing /workspaces/recomart-recommendation-pipeline/airflow_venv/lib/python3.12/site-packages/airflow/example_dags/example_xcom.py took 0.147 seconds
[2026-07-20T06:30:52.421+0000] {processor.py:161} INFO - Started process (PID=73490) to work on /workspaces/recomart-recommendation-pipeline/airflow_venv/lib/python3.12/site-packages/airflow/example_dags/example_xcom.py
[2026-07-20T06:30:52.422+0000] {processor.py:830} INFO - Processing file /workspaces/recomart-recommendation-pipeline/airflow_venv/lib/python3.12/site-packages/airflow/example_dags/example_xcom.py for tasks to queue
[2026-07-20T06:30:52.423+0000] {logging_mixin.py:188} INFO - [2026-07-20T06:30:52.423+0000] {dagbag.py:545} INFO - Filling up the DagBag from /workspaces/recomart-recommendation-pipeline/airflow_venv/lib/python3.12/site-packages/airflow/example_dags/example_xcom.py
[2026-07-20T06:30:52.433+0000] {processor.py:840} INFO - DAG(s) 'example_xcom' retrieved from /workspaces/recomart-recommendation-pipeline/airflow_venv/lib/python3.12/site-packages/airflow/example_dags/example_xcom.py
[2026-07-20T06:30:52.439+0000] {logging_mixin.py:188} INFO - [2026-07-20T06:30:52.438+0000] {dag.py:3089} INFO - Sync 1 DAGs
[2026-07-20T06:30:52.453+0000] {logging_mixin.py:188} INFO - [2026-07-20T06:30:52.453+0000] {dag.py:3947} INFO - Setting next_dagrun for example_xcom to 2021-01-01 00:00:00+00:00, run_after=2021-01-01 00:00:00+00:00
[2026-07-20T06:30:52.470+0000] {processor.py:183} INFO - Processing /workspaces/recomart-recommendation-pipeline/airflow_venv/lib/python3.12/site-packages/airflow/example_dags/example_xcom.py took 0.053 seconds
[2026-07-20T06:31:48.487+0000] {processor.py:161} INFO - Started process (PID=74081) to work on /workspaces/recomart-recommendation-pipeline/airflow_venv/lib/python3.12/site-packages/airflow/example_dags/example_xcom.py
[2026-07-20T06:31:48.488+0000] {processor.py:830} INFO - Processing file /workspaces/recomart-recommendation-pipeline/airflow_venv/lib/python3.12/site-packages/airflow/example_dags/example_xcom.py for tasks to queue
[2026-07-20T06:31:48.489+0000] {logging_mixin.py:188} INFO - [2026-07-20T06:31:48.489+0000] {dagbag.py:545} INFO - Filling up the DagBag from /workspaces/recomart-recommendation-pipeline/airflow_venv/lib/python3.12/site-packages/airflow/example_dags/example_xcom.py
[2026-07-20T06:31:48.495+0000] {processor.py:840} INFO - DAG(s) 'example_xcom' retrieved from /workspaces/recomart-recommendation-pipeline/airflow_venv/lib/python3.12/site-packages/airflow/example_dags/example_xcom.py
[2026-07-20T06:31:48.579+0000] {logging_mixin.py:188} INFO - [2026-07-20T06:31:48.579+0000] {dag.py:3089} INFO - Sync 1 DAGs
[2026-07-20T06:31:48.594+0000] {logging_mixin.py:188} INFO - [2026-07-20T06:31:48.594+0000] {dag.py:3947} INFO - Setting next_dagrun for example_xcom to 2021-01-01 00:00:00+00:00, run_after=2021-01-01 00:00:00+00:00
[2026-07-20T06:31:48.611+0000] {processor.py:183} INFO - Processing /workspaces/recomart-recommendation-pipeline/airflow_venv/lib/python3.12/site-packages/airflow/example_dags/example_xcom.py took 0.130 seconds
[2026-07-20T06:32:37.873+0000] {processor.py:161} INFO - Started process (PID=74721) to work on /workspaces/recomart-recommendation-pipeline/airflow_venv/lib/python3.12/site-packages/airflow/example_dags/example_xcom.py
[2026-07-20T06:32:37.873+0000] {processor.py:830} INFO - Processing file /workspaces/recomart-recommendation-pipeline/airflow_venv/lib/python3.12/site-packages/airflow/example_dags/example_xcom.py for tasks to queue
[2026-07-20T06:32:37.875+0000] {logging_mixin.py:188} INFO - [2026-07-20T06:32:37.875+0000] {dagbag.py:545} INFO - Filling up the DagBag from /workspaces/recomart-recommendation-pipeline/airflow_venv/lib/python3.12/site-packages/airflow/example_dags/example_xcom.py
[2026-07-20T06:32:37.883+0000] {processor.py:840} INFO - DAG(s) 'example_xcom' retrieved from /workspaces/recomart-recommendation-pipeline/airflow_venv/lib/python3.12/site-packages/airflow/example_dags/example_xcom.py
[2026-07-20T06:32:37.897+0000] {logging_mixin.py:188} INFO - [2026-07-20T06:32:37.897+0000] {dag.py:3089} INFO - Sync 1 DAGs
[2026-07-20T06:32:37.912+0000] {logging_mixin.py:188} INFO - [2026-07-20T06:32:37.912+0000] {dag.py:3947} INFO - Setting next_dagrun for example_xcom to 2021-01-01 00:00:00+00:00, run_after=2021-01-01 00:00:00+00:00
[2026-07-20T06:32:37.933+0000] {processor.py:183} INFO - Processing /workspaces/recomart-recommendation-pipeline/airflow_venv/lib/python3.12/site-packages/airflow/example_dags/example_xcom.py took 0.065 seconds
[2026-07-20T06:33:22.279+0000] {processor.py:161} INFO - Started process (PID=75117) to work on /workspaces/recomart-recommendation-pipeline/airflow_venv/lib/python3.12/site-packages/airflow/example_dags/example_xcom.py
[2026-07-20T06:33:22.280+0000] {processor.py:830} INFO - Processing file /workspaces/recomart-recommendation-pipeline/airflow_venv/lib/python3.12/site-packages/airflow/example_dags/example_xcom.py for tasks to queue
[2026-07-20T06:33:22.282+0000] {logging_mixin.py:188} INFO - [2026-07-20T06:33:22.281+0000] {dagbag.py:545} INFO - Filling up the DagBag from /workspaces/recomart-recommendation-pipeline/airflow_venv/lib/python3.12/site-packages/airflow/example_dags/example_xcom.py
[2026-07-20T06:33:22.288+0000] {processor.py:840} INFO - DAG(s) 'example_xcom' retrieved from /workspaces/recomart-recommendation-pipeline/airflow_venv/lib/python3.12/site-packages/airflow/example_dags/example_xcom.py
[2026-07-20T06:33:22.301+0000] {logging_mixin.py:188} INFO - [2026-07-20T06:33:22.301+0000] {dag.py:3089} INFO - Sync 1 DAGs
[2026-07-20T06:33:22.315+0000] {logging_mixin.py:188} INFO - [2026-07-20T06:33:22.315+0000] {dag.py:3947} INFO - Setting next_dagrun for example_xcom to 2021-01-01 00:00:00+00:00, run_after=2021-01-01 00:00:00+00:00
[2026-07-20T06:33:22.333+0000] {processor.py:183} INFO - Processing /workspaces/recomart-recommendation-pipeline/airflow_venv/lib/python3.12/site-packages/airflow/example_dags/example_xcom.py took 0.059 seconds
[2026-07-20T06:34:41.230+0000] {processor.py:161} INFO - Started process (PID=76489) to work on /workspaces/recomart-recommendation-pipeline/airflow_venv/lib/python3.12/site-packages/airflow/example_dags/example_xcom.py
[2026-07-20T06:34:41.233+0000] {processor.py:830} INFO - Processing file /workspaces/recomart-recommendation-pipeline/airflow_venv/lib/python3.12/site-packages/airflow/example_dags/example_xcom.py for tasks to queue
[2026-07-20T06:34:41.235+0000] {logging_mixin.py:188} INFO - [2026-07-20T06:34:41.234+0000] {dagbag.py:545} INFO - Filling up the DagBag from /workspaces/recomart-recommendation-pipeline/airflow_venv/lib/python3.12/site-packages/airflow/example_dags/example_xcom.py
[2026-07-20T06:34:41.242+0000] {processor.py:840} INFO - DAG(s) 'example_xcom' retrieved from /workspaces/recomart-recommendation-pipeline/airflow_venv/lib/python3.12/site-packages/airflow/example_dags/example_xcom.py
[2026-07-20T06:34:41.263+0000] {logging_mixin.py:188} INFO - [2026-07-20T06:34:41.262+0000] {dag.py:3089} INFO - Sync 1 DAGs
[2026-07-20T06:34:41.291+0000] {logging_mixin.py:188} INFO - [2026-07-20T06:34:41.291+0000] {dag.py:3947} INFO - Setting next_dagrun for example_xcom to 2021-01-01 00:00:00+00:00, run_after=2021-01-01 00:00:00+00:00
[2026-07-20T06:34:41.325+0000] {processor.py:183} INFO - Processing /workspaces/recomart-recommendation-pipeline/airflow_venv/lib/python3.12/site-packages/airflow/example_dags/example_xcom.py took 0.103 seconds
[2026-07-20T06:35:35.113+0000] {processor.py:161} INFO - Started process (PID=77515) to work on /workspaces/recomart-recommendation-pipeline/airflow_venv/lib/python3.12/site-packages/airflow/example_dags/example_xcom.py
[2026-07-20T06:35:35.114+0000] {processor.py:830} INFO - Processing file /workspaces/recomart-recommendation-pipeline/airflow_venv/lib/python3.12/site-packages/airflow/example_dags/example_xcom.py for tasks to queue
[2026-07-20T06:35:35.115+0000] {logging_mixin.py:188} INFO - [2026-07-20T06:35:35.115+0000] {dagbag.py:545} INFO - Filling up the DagBag from /workspaces/recomart-recommendation-pipeline/airflow_venv/lib/python3.12/site-packages/airflow/example_dags/example_xcom.py
[2026-07-20T06:35:35.121+0000] {processor.py:840} INFO - DAG(s) 'example_xcom' retrieved from /workspaces/recomart-recommendation-pipeline/airflow_venv/lib/python3.12/site-packages/airflow/example_dags/example_xcom.py
[2026-07-20T06:35:35.133+0000] {logging_mixin.py:188} INFO - [2026-07-20T06:35:35.133+0000] {dag.py:3089} INFO - Sync 1 DAGs
[2026-07-20T06:35:35.147+0000] {logging_mixin.py:188} INFO - [2026-07-20T06:35:35.147+0000] {dag.py:3947} INFO - Setting next_dagrun for example_xcom to 2021-01-01 00:00:00+00:00, run_after=2021-01-01 00:00:00+00:00
[2026-07-20T06:35:35.164+0000] {processor.py:183} INFO - Processing /workspaces/recomart-recommendation-pipeline/airflow_venv/lib/python3.12/site-packages/airflow/example_dags/example_xcom.py took 0.055 seconds
[2026-07-20T06:36:27.566+0000] {processor.py:161} INFO - Started process (PID=78540) to work on /workspaces/recomart-recommendation-pipeline/airflow_venv/lib/python3.12/site-packages/airflow/example_dags/example_xcom.py
[2026-07-20T06:36:27.567+0000] {processor.py:830} INFO - Processing file /workspaces/recomart-recommendation-pipeline/airflow_venv/lib/python3.12/site-packages/airflow/example_dags/example_xcom.py for tasks to queue
[2026-07-20T06:36:27.568+0000] {logging_mixin.py:188} INFO - [2026-07-20T06:36:27.568+0000] {dagbag.py:545} INFO - Filling up the DagBag from /workspaces/recomart-recommendation-pipeline/airflow_venv/lib/python3.12/site-packages/airflow/example_dags/example_xcom.py
[2026-07-20T06:36:27.574+0000] {processor.py:840} INFO - DAG(s) 'example_xcom' retrieved from /workspaces/recomart-recommendation-pipeline/airflow_venv/lib/python3.12/site-packages/airflow/example_dags/example_xcom.py
[2026-07-20T06:36:27.586+0000] {logging_mixin.py:188} INFO - [2026-07-20T06:36:27.586+0000] {dag.py:3089} INFO - Sync 1 DAGs
[2026-07-20T06:36:27.600+0000] {logging_mixin.py:188} INFO - [2026-07-20T06:36:27.599+0000] {dag.py:3947} INFO - Setting next_dagrun for example_xcom to 2021-01-01 00:00:00+00:00, run_after=2021-01-01 00:00:00+00:00
[2026-07-20T06:36:27.616+0000] {processor.py:183} INFO - Processing /workspaces/recomart-recommendation-pipeline/airflow_venv/lib/python3.12/site-packages/airflow/example_dags/example_xcom.py took 0.054 seconds
[2026-07-20T06:37:17.374+0000] {processor.py:161} INFO - Started process (PID=78965) to work on /workspaces/recomart-recommendation-pipeline/airflow_venv/lib/python3.12/site-packages/airflow/example_dags/example_xcom.py
[2026-07-20T06:37:17.375+0000] {processor.py:830} INFO - Processing file /workspaces/recomart-recommendation-pipeline/airflow_venv/lib/python3.12/site-packages/airflow/example_dags/example_xcom.py for tasks to queue
[2026-07-20T06:37:17.377+0000] {logging_mixin.py:188} INFO - [2026-07-20T06:37:17.376+0000] {dagbag.py:545} INFO - Filling up the DagBag from /workspaces/recomart-recommendation-pipeline/airflow_venv/lib/python3.12/site-packages/airflow/example_dags/example_xcom.py
[2026-07-20T06:37:17.385+0000] {processor.py:840} INFO - DAG(s) 'example_xcom' retrieved from /workspaces/recomart-recommendation-pipeline/airflow_venv/lib/python3.12/site-packages/airflow/example_dags/example_xcom.py
[2026-07-20T06:37:17.398+0000] {logging_mixin.py:188} INFO - [2026-07-20T06:37:17.398+0000] {dag.py:3089} INFO - Sync 1 DAGs
[2026-07-20T06:37:17.412+0000] {logging_mixin.py:188} INFO - [2026-07-20T06:37:17.412+0000] {dag.py:3947} INFO - Setting next_dagrun for example_xcom to 2021-01-01 00:00:00+00:00, run_after=2021-01-01 00:00:00+00:00
[2026-07-20T06:37:17.429+0000] {processor.py:183} INFO - Processing /workspaces/recomart-recommendation-pipeline/airflow_venv/lib/python3.12/site-packages/airflow/example_dags/example_xcom.py took 0.060 seconds
[2026-07-20T06:38:02.250+0000] {processor.py:161} INFO - Started process (PID=79347) to work on /workspaces/recomart-recommendation-pipeline/airflow_venv/lib/python3.12/site-packages/airflow/example_dags/example_xcom.py
[2026-07-20T06:38:02.250+0000] {processor.py:830} INFO - Processing file /workspaces/recomart-recommendation-pipeline/airflow_venv/lib/python3.12/site-packages/airflow/example_dags/example_xcom.py for tasks to queue
[2026-07-20T06:38:02.252+0000] {logging_mixin.py:188} INFO - [2026-07-20T06:38:02.251+0000] {dagbag.py:545} INFO - Filling up the DagBag from /workspaces/recomart-recommendation-pipeline/airflow_venv/lib/python3.12/site-packages/airflow/example_dags/example_xcom.py
[2026-07-20T06:38:02.257+0000] {processor.py:840} INFO - DAG(s) 'example_xcom' retrieved from /workspaces/recomart-recommendation-pipeline/airflow_venv/lib/python3.12/site-packages/airflow/example_dags/example_xcom.py
[2026-07-20T06:38:02.269+0000] {logging_mixin.py:188} INFO - [2026-07-20T06:38:02.269+0000] {dag.py:3089} INFO - Sync 1 DAGs
[2026-07-20T06:38:02.286+0000] {logging_mixin.py:188} INFO - [2026-07-20T06:38:02.286+0000] {dag.py:3947} INFO - Setting next_dagrun for example_xcom to 2021-01-01 00:00:00+00:00, run_after=2021-01-01 00:00:00+00:00
[2026-07-20T06:38:02.304+0000] {processor.py:183} INFO - Processing /workspaces/recomart-recommendation-pipeline/airflow_venv/lib/python3.12/site-packages/airflow/example_dags/example_xcom.py took 0.059 seconds
[2026-07-20T06:38:51.462+0000] {processor.py:161} INFO - Started process (PID=79767) to work on /workspaces/recomart-recommendation-pipeline/airflow_venv/lib/python3.12/site-packages/airflow/example_dags/example_xcom.py
[2026-07-20T06:38:51.462+0000] {processor.py:830} INFO - Processing file /workspaces/recomart-recommendation-pipeline/airflow_venv/lib/python3.12/site-packages/airflow/example_dags/example_xcom.py for tasks to queue
[2026-07-20T06:38:51.464+0000] {logging_mixin.py:188} INFO - [2026-07-20T06:38:51.463+0000] {dagbag.py:545} INFO - Filling up the DagBag from /workspaces/recomart-recommendation-pipeline/airflow_venv/lib/python3.12/site-packages/airflow/example_dags/example_xcom.py
[2026-07-20T06:38:51.470+0000] {processor.py:840} INFO - DAG(s) 'example_xcom' retrieved from /workspaces/recomart-recommendation-pipeline/airflow_venv/lib/python3.12/site-packages/airflow/example_dags/example_xcom.py
[2026-07-20T06:38:51.486+0000] {logging_mixin.py:188} INFO - [2026-07-20T06:38:51.486+0000] {dag.py:3089} INFO - Sync 1 DAGs
[2026-07-20T06:38:51.504+0000] {logging_mixin.py:188} INFO - [2026-07-20T06:38:51.504+0000] {dag.py:3947} INFO - Setting next_dagrun for example_xcom to 2021-01-01 00:00:00+00:00, run_after=2021-01-01 00:00:00+00:00
[2026-07-20T06:38:51.522+0000] {processor.py:183} INFO - Processing /workspaces/recomart-recommendation-pipeline/airflow_venv/lib/python3.12/site-packages/airflow/example_dags/example_xcom.py took 0.064 seconds
[2026-07-20T06:39:37.821+0000] {processor.py:161} INFO - Started process (PID=80096) to work on /workspaces/recomart-recommendation-pipeline/airflow_venv/lib/python3.12/site-packages/airflow/example_dags/example_xcom.py
[2026-07-20T06:39:37.822+0000] {processor.py:830} INFO - Processing file /workspaces/recomart-recommendation-pipeline/airflow_venv/lib/python3.12/site-packages/airflow/example_dags/example_xcom.py for tasks to queue
[2026-07-20T06:39:37.823+0000] {logging_mixin.py:188} INFO - [2026-07-20T06:39:37.823+0000] {dagbag.py:545} INFO - Filling up the DagBag from /workspaces/recomart-recommendation-pipeline/airflow_venv/lib/python3.12/site-packages/airflow/example_dags/example_xcom.py
[2026-07-20T06:39:37.829+0000] {processor.py:840} INFO - DAG(s) 'example_xcom' retrieved from /workspaces/recomart-recommendation-pipeline/airflow_venv/lib/python3.12/site-packages/airflow/example_dags/example_xcom.py
[2026-07-20T06:39:37.841+0000] {logging_mixin.py:188} INFO - [2026-07-20T06:39:37.841+0000] {dag.py:3089} INFO - Sync 1 DAGs
[2026-07-20T06:39:37.954+0000] {logging_mixin.py:188} INFO - [2026-07-20T06:39:37.954+0000] {dag.py:3947} INFO - Setting next_dagrun for example_xcom to 2021-01-01 00:00:00+00:00, run_after=2021-01-01 00:00:00+00:00
[2026-07-20T06:39:37.972+0000] {processor.py:183} INFO - Processing /workspaces/recomart-recommendation-pipeline/airflow_venv/lib/python3.12/site-packages/airflow/example_dags/example_xcom.py took 0.155 seconds
[2026-07-20T06:40:29.624+0000] {processor.py:161} INFO - Started process (PID=80533) to work on /workspaces/recomart-recommendation-pipeline/airflow_venv/lib/python3.12/site-packages/airflow/example_dags/example_xcom.py
[2026-07-20T06:40:29.625+0000] {processor.py:830} INFO - Processing file /workspaces/recomart-recommendation-pipeline/airflow_venv/lib/python3.12/site-packages/airflow/example_dags/example_xcom.py for tasks to queue
[2026-07-20T06:40:29.627+0000] {logging_mixin.py:188} INFO - [2026-07-20T06:40:29.626+0000] {dagbag.py:545} INFO - Filling up the DagBag from /workspaces/recomart-recommendation-pipeline/airflow_venv/lib/python3.12/site-packages/airflow/example_dags/example_xcom.py
[2026-07-20T06:40:29.638+0000] {processor.py:840} INFO - DAG(s) 'example_xcom' retrieved from /workspaces/recomart-recommendation-pipeline/airflow_venv/lib/python3.12/site-packages/airflow/example_dags/example_xcom.py
[2026-07-20T06:40:29.662+0000] {logging_mixin.py:188} INFO - [2026-07-20T06:40:29.662+0000] {dag.py:3089} INFO - Sync 1 DAGs
[2026-07-20T06:40:29.693+0000] {logging_mixin.py:188} INFO - [2026-07-20T06:40:29.693+0000] {dag.py:3947} INFO - Setting next_dagrun for example_xcom to 2021-01-01 00:00:00+00:00, run_after=2021-01-01 00:00:00+00:00
[2026-07-20T06:40:29.749+0000] {processor.py:183} INFO - Processing /workspaces/recomart-recommendation-pipeline/airflow_venv/lib/python3.12/site-packages/airflow/example_dags/example_xcom.py took 0.132 seconds
[2026-07-20T06:41:17.230+0000] {processor.py:161} INFO - Started process (PID=80997) to work on /workspaces/recomart-recommendation-pipeline/airflow_venv/lib/python3.12/site-packages/airflow/example_dags/example_xcom.py
[2026-07-20T06:41:17.231+0000] {processor.py:830} INFO - Processing file /workspaces/recomart-recommendation-pipeline/airflow_venv/lib/python3.12/site-packages/airflow/example_dags/example_xcom.py for tasks to queue
[2026-07-20T06:41:17.232+0000] {logging_mixin.py:188} INFO - [2026-07-20T06:41:17.232+0000] {dagbag.py:545} INFO - Filling up the DagBag from /workspaces/recomart-recommendation-pipeline/airflow_venv/lib/python3.12/site-packages/airflow/example_dags/example_xcom.py
[2026-07-20T06:41:17.238+0000] {processor.py:840} INFO - DAG(s) 'example_xcom' retrieved from /workspaces/recomart-recommendation-pipeline/airflow_venv/lib/python3.12/site-packages/airflow/example_dags/example_xcom.py
[2026-07-20T06:41:17.250+0000] {logging_mixin.py:188} INFO - [2026-07-20T06:41:17.250+0000] {dag.py:3089} INFO - Sync 1 DAGs
[2026-07-20T06:41:17.264+0000] {logging_mixin.py:188} INFO - [2026-07-20T06:41:17.264+0000] {dag.py:3947} INFO - Setting next_dagrun for example_xcom to 2021-01-01 00:00:00+00:00, run_after=2021-01-01 00:00:00+00:00
[2026-07-20T06:41:17.284+0000] {processor.py:183} INFO - Processing /workspaces/recomart-recommendation-pipeline/airflow_venv/lib/python3.12/site-packages/airflow/example_dags/example_xcom.py took 0.058 seconds
[2026-07-20T06:42:03.953+0000] {processor.py:161} INFO - Started process (PID=81408) to work on /workspaces/recomart-recommendation-pipeline/airflow_venv/lib/python3.12/site-packages/airflow/example_dags/example_xcom.py
[2026-07-20T06:42:03.954+0000] {processor.py:830} INFO - Processing file /workspaces/recomart-recommendation-pipeline/airflow_venv/lib/python3.12/site-packages/airflow/example_dags/example_xcom.py for tasks to queue
[2026-07-20T06:42:03.957+0000] {logging_mixin.py:188} INFO - [2026-07-20T06:42:03.956+0000] {dagbag.py:545} INFO - Filling up the DagBag from /workspaces/recomart-recommendation-pipeline/airflow_venv/lib/python3.12/site-packages/airflow/example_dags/example_xcom.py
[2026-07-20T06:42:03.970+0000] {processor.py:840} INFO - DAG(s) 'example_xcom' retrieved from /workspaces/recomart-recommendation-pipeline/airflow_venv/lib/python3.12/site-packages/airflow/example_dags/example_xcom.py
[2026-07-20T06:42:03.993+0000] {logging_mixin.py:188} INFO - [2026-07-20T06:42:03.992+0000] {dag.py:3089} INFO - Sync 1 DAGs
[2026-07-20T06:42:04.026+0000] {logging_mixin.py:188} INFO - [2026-07-20T06:42:04.025+0000] {dag.py:3947} INFO - Setting next_dagrun for example_xcom to 2021-01-01 00:00:00+00:00, run_after=2021-01-01 00:00:00+00:00
[2026-07-20T06:42:04.060+0000] {processor.py:183} INFO - Processing /workspaces/recomart-recommendation-pipeline/airflow_venv/lib/python3.12/site-packages/airflow/example_dags/example_xcom.py took 0.114 seconds
[2026-07-20T06:42:50.808+0000] {processor.py:161} INFO - Started process (PID=81792) to work on /workspaces/recomart-recommendation-pipeline/airflow_venv/lib/python3.12/site-packages/airflow/example_dags/example_xcom.py
[2026-07-20T06:42:50.808+0000] {processor.py:830} INFO - Processing file /workspaces/recomart-recommendation-pipeline/airflow_venv/lib/python3.12/site-packages/airflow/example_dags/example_xcom.py for tasks to queue
[2026-07-20T06:42:50.811+0000] {logging_mixin.py:188} INFO - [2026-07-20T06:42:50.810+0000] {dagbag.py:545} INFO - Filling up the DagBag from /workspaces/recomart-recommendation-pipeline/airflow_venv/lib/python3.12/site-packages/airflow/example_dags/example_xcom.py
[2026-07-20T06:42:50.825+0000] {processor.py:840} INFO - DAG(s) 'example_xcom' retrieved from /workspaces/recomart-recommendation-pipeline/airflow_venv/lib/python3.12/site-packages/airflow/example_dags/example_xcom.py
[2026-07-20T06:42:50.850+0000] {logging_mixin.py:188} INFO - [2026-07-20T06:42:50.850+0000] {dag.py:3089} INFO - Sync 1 DAGs
[2026-07-20T06:42:50.872+0000] {logging_mixin.py:188} INFO - [2026-07-20T06:42:50.872+0000] {dag.py:3947} INFO - Setting next_dagrun for example_xcom to 2021-01-01 00:00:00+00:00, run_after=2021-01-01 00:00:00+00:00
[2026-07-20T06:42:50.899+0000] {processor.py:183} INFO - Processing /workspaces/recomart-recommendation-pipeline/airflow_venv/lib/python3.12/site-packages/airflow/example_dags/example_xcom.py took 0.097 seconds
[2026-07-20T06:43:38.665+0000] {processor.py:161} INFO - Started process (PID=82147) to work on /workspaces/recomart-recommendation-pipeline/airflow_venv/lib/python3.12/site-packages/airflow/example_dags/example_xcom.py
[2026-07-20T06:43:38.666+0000] {processor.py:830} INFO - Processing file /workspaces/recomart-recommendation-pipeline/airflow_venv/lib/python3.12/site-packages/airflow/example_dags/example_xcom.py for tasks to queue
[2026-07-20T06:43:38.668+0000] {logging_mixin.py:188} INFO - [2026-07-20T06:43:38.667+0000] {dagbag.py:545} INFO - Filling up the DagBag from /workspaces/recomart-recommendation-pipeline/airflow_venv/lib/python3.12/site-packages/airflow/example_dags/example_xcom.py
[2026-07-20T06:43:38.675+0000] {processor.py:840} INFO - DAG(s) 'example_xcom' retrieved from /workspaces/recomart-recommendation-pipeline/airflow_venv/lib/python3.12/site-packages/airflow/example_dags/example_xcom.py
[2026-07-20T06:43:38.692+0000] {logging_mixin.py:188} INFO - [2026-07-20T06:43:38.692+0000] {dag.py:3089} INFO - Sync 1 DAGs
[2026-07-20T06:43:38.707+0000] {logging_mixin.py:188} INFO - [2026-07-20T06:43:38.707+0000] {dag.py:3947} INFO - Setting next_dagrun for example_xcom to 2021-01-01 00:00:00+00:00, run_after=2021-01-01 00:00:00+00:00
[2026-07-20T06:43:38.729+0000] {processor.py:183} INFO - Processing /workspaces/recomart-recommendation-pipeline/airflow_venv/lib/python3.12/site-packages/airflow/example_dags/example_xcom.py took 0.069 seconds
[2026-07-20T06:44:28.400+0000] {processor.py:161} INFO - Started process (PID=82575) to work on /workspaces/recomart-recommendation-pipeline/airflow_venv/lib/python3.12/site-packages/airflow/example_dags/example_xcom.py
[2026-07-20T06:44:28.401+0000] {processor.py:830} INFO - Processing file /workspaces/recomart-recommendation-pipeline/airflow_venv/lib/python3.12/site-packages/airflow/example_dags/example_xcom.py for tasks to queue
[2026-07-20T06:44:28.402+0000] {logging_mixin.py:188} INFO - [2026-07-20T06:44:28.402+0000] {dagbag.py:545} INFO - Filling up the DagBag from /workspaces/recomart-recommendation-pipeline/airflow_venv/lib/python3.12/site-packages/airflow/example_dags/example_xcom.py
[2026-07-20T06:44:28.408+0000] {processor.py:840} INFO - DAG(s) 'example_xcom' retrieved from /workspaces/recomart-recommendation-pipeline/airflow_venv/lib/python3.12/site-packages/airflow/example_dags/example_xcom.py
[2026-07-20T06:44:28.421+0000] {logging_mixin.py:188} INFO - [2026-07-20T06:44:28.420+0000] {dag.py:3089} INFO - Sync 1 DAGs
[2026-07-20T06:44:28.439+0000] {logging_mixin.py:188} INFO - [2026-07-20T06:44:28.439+0000] {dag.py:3947} INFO - Setting next_dagrun for example_xcom to 2021-01-01 00:00:00+00:00, run_after=2021-01-01 00:00:00+00:00
[2026-07-20T06:44:28.458+0000] {processor.py:183} INFO - Processing /workspaces/recomart-recommendation-pipeline/airflow_venv/lib/python3.12/site-packages/airflow/example_dags/example_xcom.py took 0.062 seconds
[2026-07-20T06:45:09.606+0000] {processor.py:161} INFO - Started process (PID=82930) to work on /workspaces/recomart-recommendation-pipeline/airflow_venv/lib/python3.12/site-packages/airflow/example_dags/example_xcom.py
[2026-07-20T06:45:09.609+0000] {processor.py:830} INFO - Processing file /workspaces/recomart-recommendation-pipeline/airflow_venv/lib/python3.12/site-packages/airflow/example_dags/example_xcom.py for tasks to queue
[2026-07-20T06:45:09.612+0000] {logging_mixin.py:188} INFO - [2026-07-20T06:45:09.611+0000] {dagbag.py:545} INFO - Filling up the DagBag from /workspaces/recomart-recommendation-pipeline/airflow_venv/lib/python3.12/site-packages/airflow/example_dags/example_xcom.py
[2026-07-20T06:45:09.625+0000] {processor.py:840} INFO - DAG(s) 'example_xcom' retrieved from /workspaces/recomart-recommendation-pipeline/airflow_venv/lib/python3.12/site-packages/airflow/example_dags/example_xcom.py
[2026-07-20T06:45:09.646+0000] {logging_mixin.py:188} INFO - [2026-07-20T06:45:09.646+0000] {dag.py:3089} INFO - Sync 1 DAGs
[2026-07-20T06:45:09.665+0000] {logging_mixin.py:188} INFO - [2026-07-20T06:45:09.665+0000] {dag.py:3947} INFO - Setting next_dagrun for example_xcom to 2021-01-01 00:00:00+00:00, run_after=2021-01-01 00:00:00+00:00
[2026-07-20T06:45:09.688+0000] {processor.py:183} INFO - Processing /workspaces/recomart-recommendation-pipeline/airflow_venv/lib/python3.12/site-packages/airflow/example_dags/example_xcom.py took 0.090 seconds
[2026-07-20T06:45:51.396+0000] {processor.py:161} INFO - Started process (PID=83357) to work on /workspaces/recomart-recommendation-pipeline/airflow_venv/lib/python3.12/site-packages/airflow/example_dags/example_xcom.py
[2026-07-20T06:45:51.396+0000] {processor.py:830} INFO - Processing file /workspaces/recomart-recommendation-pipeline/airflow_venv/lib/python3.12/site-packages/airflow/example_dags/example_xcom.py for tasks to queue
[2026-07-20T06:45:51.398+0000] {logging_mixin.py:188} INFO - [2026-07-20T06:45:51.398+0000] {dagbag.py:545} INFO - Filling up the DagBag from /workspaces/recomart-recommendation-pipeline/airflow_venv/lib/python3.12/site-packages/airflow/example_dags/example_xcom.py
[2026-07-20T06:45:51.404+0000] {processor.py:840} INFO - DAG(s) 'example_xcom' retrieved from /workspaces/recomart-recommendation-pipeline/airflow_venv/lib/python3.12/site-packages/airflow/example_dags/example_xcom.py
[2026-07-20T06:45:51.416+0000] {logging_mixin.py:188} INFO - [2026-07-20T06:45:51.416+0000] {dag.py:3089} INFO - Sync 1 DAGs
[2026-07-20T06:45:51.431+0000] {logging_mixin.py:188} INFO - [2026-07-20T06:45:51.431+0000] {dag.py:3947} INFO - Setting next_dagrun for example_xcom to 2021-01-01 00:00:00+00:00, run_after=2021-01-01 00:00:00+00:00
[2026-07-20T06:45:51.449+0000] {processor.py:183} INFO - Processing /workspaces/recomart-recommendation-pipeline/airflow_venv/lib/python3.12/site-packages/airflow/example_dags/example_xcom.py took 0.058 seconds
[2026-07-20T06:46:36.837+0000] {processor.py:161} INFO - Started process (PID=83678) to work on /workspaces/recomart-recommendation-pipeline/airflow_venv/lib/python3.12/site-packages/airflow/example_dags/example_xcom.py
[2026-07-20T06:46:36.838+0000] {processor.py:830} INFO - Processing file /workspaces/recomart-recommendation-pipeline/airflow_venv/lib/python3.12/site-packages/airflow/example_dags/example_xcom.py for tasks to queue
[2026-07-20T06:46:36.839+0000] {logging_mixin.py:188} INFO - [2026-07-20T06:46:36.839+0000] {dagbag.py:545} INFO - Filling up the DagBag from /workspaces/recomart-recommendation-pipeline/airflow_venv/lib/python3.12/site-packages/airflow/example_dags/example_xcom.py
[2026-07-20T06:46:36.847+0000] {processor.py:840} INFO - DAG(s) 'example_xcom' retrieved from /workspaces/recomart-recommendation-pipeline/airflow_venv/lib/python3.12/site-packages/airflow/example_dags/example_xcom.py
[2026-07-20T06:46:36.864+0000] {logging_mixin.py:188} INFO - [2026-07-20T06:46:36.863+0000] {dag.py:3089} INFO - Sync 1 DAGs
[2026-07-20T06:46:36.912+0000] {logging_mixin.py:188} INFO - [2026-07-20T06:46:36.912+0000] {dag.py:3947} INFO - Setting next_dagrun for example_xcom to 2021-01-01 00:00:00+00:00, run_after=2021-01-01 00:00:00+00:00
[2026-07-20T06:46:36.946+0000] {processor.py:183} INFO - Processing /workspaces/recomart-recommendation-pipeline/airflow_venv/lib/python3.12/site-packages/airflow/example_dags/example_xcom.py took 0.114 seconds
[2026-07-20T06:47:18.810+0000] {processor.py:161} INFO - Started process (PID=84044) to work on /workspaces/recomart-recommendation-pipeline/airflow_venv/lib/python3.12/site-packages/airflow/example_dags/example_xcom.py
[2026-07-20T06:47:18.811+0000] {processor.py:830} INFO - Processing file /workspaces/recomart-recommendation-pipeline/airflow_venv/lib/python3.12/site-packages/airflow/example_dags/example_xcom.py for tasks to queue
[2026-07-20T06:47:18.813+0000] {logging_mixin.py:188} INFO - [2026-07-20T06:47:18.812+0000] {dagbag.py:545} INFO - Filling up the DagBag from /workspaces/recomart-recommendation-pipeline/airflow_venv/lib/python3.12/site-packages/airflow/example_dags/example_xcom.py
[2026-07-20T06:47:18.819+0000] {processor.py:840} INFO - DAG(s) 'example_xcom' retrieved from /workspaces/recomart-recommendation-pipeline/airflow_venv/lib/python3.12/site-packages/airflow/example_dags/example_xcom.py
[2026-07-20T06:47:18.831+0000] {logging_mixin.py:188} INFO - [2026-07-20T06:47:18.831+0000] {dag.py:3089} INFO - Sync 1 DAGs
[2026-07-20T06:47:18.846+0000] {logging_mixin.py:188} INFO - [2026-07-20T06:47:18.845+0000] {dag.py:3947} INFO - Setting next_dagrun for example_xcom to 2021-01-01 00:00:00+00:00, run_after=2021-01-01 00:00:00+00:00
[2026-07-20T06:47:18.862+0000] {processor.py:183} INFO - Processing /workspaces/recomart-recommendation-pipeline/airflow_venv/lib/python3.12/site-packages/airflow/example_dags/example_xcom.py took 0.057 seconds
[2026-07-20T06:48:01.365+0000] {processor.py:161} INFO - Started process (PID=84426) to work on /workspaces/recomart-recommendation-pipeline/airflow_venv/lib/python3.12/site-packages/airflow/example_dags/example_xcom.py
[2026-07-20T06:48:01.366+0000] {processor.py:830} INFO - Processing file /workspaces/recomart-recommendation-pipeline/airflow_venv/lib/python3.12/site-packages/airflow/example_dags/example_xcom.py for tasks to queue
[2026-07-20T06:48:01.368+0000] {logging_mixin.py:188} INFO - [2026-07-20T06:48:01.367+0000] {dagbag.py:545} INFO - Filling up the DagBag from /workspaces/recomart-recommendation-pipeline/airflow_venv/lib/python3.12/site-packages/airflow/example_dags/example_xcom.py
[2026-07-20T06:48:01.375+0000] {processor.py:840} INFO - DAG(s) 'example_xcom' retrieved from /workspaces/recomart-recommendation-pipeline/airflow_venv/lib/python3.12/site-packages/airflow/example_dags/example_xcom.py
[2026-07-20T06:48:01.394+0000] {logging_mixin.py:188} INFO - [2026-07-20T06:48:01.394+0000] {dag.py:3089} INFO - Sync 1 DAGs
[2026-07-20T06:48:01.416+0000] {logging_mixin.py:188} INFO - [2026-07-20T06:48:01.416+0000] {dag.py:3947} INFO - Setting next_dagrun for example_xcom to 2021-01-01 00:00:00+00:00, run_after=2021-01-01 00:00:00+00:00
[2026-07-20T06:48:01.446+0000] {processor.py:183} INFO - Processing /workspaces/recomart-recommendation-pipeline/airflow_venv/lib/python3.12/site-packages/airflow/example_dags/example_xcom.py took 0.085 seconds
[2026-07-20T06:48:42.665+0000] {processor.py:161} INFO - Started process (PID=84790) to work on /workspaces/recomart-recommendation-pipeline/airflow_venv/lib/python3.12/site-packages/airflow/example_dags/example_xcom.py
[2026-07-20T06:48:42.666+0000] {processor.py:830} INFO - Processing file /workspaces/recomart-recommendation-pipeline/airflow_venv/lib/python3.12/site-packages/airflow/example_dags/example_xcom.py for tasks to queue
[2026-07-20T06:48:42.667+0000] {logging_mixin.py:188} INFO - [2026-07-20T06:48:42.667+0000] {dagbag.py:545} INFO - Filling up the DagBag from /workspaces/recomart-recommendation-pipeline/airflow_venv/lib/python3.12/site-packages/airflow/example_dags/example_xcom.py
[2026-07-20T06:48:42.674+0000] {processor.py:840} INFO - DAG(s) 'example_xcom' retrieved from /workspaces/recomart-recommendation-pipeline/airflow_venv/lib/python3.12/site-packages/airflow/example_dags/example_xcom.py
[2026-07-20T06:48:42.691+0000] {logging_mixin.py:188} INFO - [2026-07-20T06:48:42.690+0000] {dag.py:3089} INFO - Sync 1 DAGs
[2026-07-20T06:48:42.704+0000] {logging_mixin.py:188} INFO - [2026-07-20T06:48:42.704+0000] {dag.py:3947} INFO - Setting next_dagrun for example_xcom to 2021-01-01 00:00:00+00:00, run_after=2021-01-01 00:00:00+00:00
[2026-07-20T06:48:42.721+0000] {processor.py:183} INFO - Processing /workspaces/recomart-recommendation-pipeline/airflow_venv/lib/python3.12/site-packages/airflow/example_dags/example_xcom.py took 0.061 seconds
[2026-07-20T06:49:25.332+0000] {processor.py:161} INFO - Started process (PID=85219) to work on /workspaces/recomart-recommendation-pipeline/airflow_venv/lib/python3.12/site-packages/airflow/example_dags/example_xcom.py
[2026-07-20T06:49:25.333+0000] {processor.py:830} INFO - Processing file /workspaces/recomart-recommendation-pipeline/airflow_venv/lib/python3.12/site-packages/airflow/example_dags/example_xcom.py for tasks to queue
[2026-07-20T06:49:25.334+0000] {logging_mixin.py:188} INFO - [2026-07-20T06:49:25.334+0000] {dagbag.py:545} INFO - Filling up the DagBag from /workspaces/recomart-recommendation-pipeline/airflow_venv/lib/python3.12/site-packages/airflow/example_dags/example_xcom.py
[2026-07-20T06:49:25.344+0000] {processor.py:840} INFO - DAG(s) 'example_xcom' retrieved from /workspaces/recomart-recommendation-pipeline/airflow_venv/lib/python3.12/site-packages/airflow/example_dags/example_xcom.py
[2026-07-20T06:49:25.375+0000] {logging_mixin.py:188} INFO - [2026-07-20T06:49:25.375+0000] {dag.py:3089} INFO - Sync 1 DAGs
[2026-07-20T06:49:25.441+0000] {logging_mixin.py:188} INFO - [2026-07-20T06:49:25.440+0000] {dag.py:3947} INFO - Setting next_dagrun for example_xcom to 2021-01-01 00:00:00+00:00, run_after=2021-01-01 00:00:00+00:00
[2026-07-20T06:49:25.475+0000] {processor.py:183} INFO - Processing /workspaces/recomart-recommendation-pipeline/airflow_venv/lib/python3.12/site-packages/airflow/example_dags/example_xcom.py took 0.151 seconds
[2026-07-20T06:50:05.605+0000] {processor.py:161} INFO - Started process (PID=85693) to work on /workspaces/recomart-recommendation-pipeline/airflow_venv/lib/python3.12/site-packages/airflow/example_dags/example_xcom.py
[2026-07-20T06:50:05.606+0000] {processor.py:830} INFO - Processing file /workspaces/recomart-recommendation-pipeline/airflow_venv/lib/python3.12/site-packages/airflow/example_dags/example_xcom.py for tasks to queue
[2026-07-20T06:50:05.607+0000] {logging_mixin.py:188} INFO - [2026-07-20T06:50:05.607+0000] {dagbag.py:545} INFO - Filling up the DagBag from /workspaces/recomart-recommendation-pipeline/airflow_venv/lib/python3.12/site-packages/airflow/example_dags/example_xcom.py
[2026-07-20T06:50:05.613+0000] {processor.py:840} INFO - DAG(s) 'example_xcom' retrieved from /workspaces/recomart-recommendation-pipeline/airflow_venv/lib/python3.12/site-packages/airflow/example_dags/example_xcom.py
[2026-07-20T06:50:05.625+0000] {logging_mixin.py:188} INFO - [2026-07-20T06:50:05.625+0000] {dag.py:3089} INFO - Sync 1 DAGs
[2026-07-20T06:50:05.639+0000] {logging_mixin.py:188} INFO - [2026-07-20T06:50:05.639+0000] {dag.py:3947} INFO - Setting next_dagrun for example_xcom to 2021-01-01 00:00:00+00:00, run_after=2021-01-01 00:00:00+00:00
[2026-07-20T06:50:05.656+0000] {processor.py:183} INFO - Processing /workspaces/recomart-recommendation-pipeline/airflow_venv/lib/python3.12/site-packages/airflow/example_dags/example_xcom.py took 0.055 seconds
[2026-07-20T06:50:50.710+0000] {processor.py:161} INFO - Started process (PID=86138) to work on /workspaces/recomart-recommendation-pipeline/airflow_venv/lib/python3.12/site-packages/airflow/example_dags/example_xcom.py
[2026-07-20T06:50:50.715+0000] {processor.py:830} INFO - Processing file /workspaces/recomart-recommendation-pipeline/airflow_venv/lib/python3.12/site-packages/airflow/example_dags/example_xcom.py for tasks to queue
[2026-07-20T06:50:50.718+0000] {logging_mixin.py:188} INFO - [2026-07-20T06:50:50.717+0000] {dagbag.py:545} INFO - Filling up the DagBag from /workspaces/recomart-recommendation-pipeline/airflow_venv/lib/python3.12/site-packages/airflow/example_dags/example_xcom.py
[2026-07-20T06:50:50.724+0000] {processor.py:840} INFO - DAG(s) 'example_xcom' retrieved from /workspaces/recomart-recommendation-pipeline/airflow_venv/lib/python3.12/site-packages/airflow/example_dags/example_xcom.py
[2026-07-20T06:50:50.736+0000] {logging_mixin.py:188} INFO - [2026-07-20T06:50:50.736+0000] {dag.py:3089} INFO - Sync 1 DAGs
[2026-07-20T06:50:50.751+0000] {logging_mixin.py:188} INFO - [2026-07-20T06:50:50.751+0000] {dag.py:3947} INFO - Setting next_dagrun for example_xcom to 2021-01-01 00:00:00+00:00, run_after=2021-01-01 00:00:00+00:00
[2026-07-20T06:50:50.769+0000] {processor.py:183} INFO - Processing /workspaces/recomart-recommendation-pipeline/airflow_venv/lib/python3.12/site-packages/airflow/example_dags/example_xcom.py took 0.073 seconds
[2026-07-20T06:51:38.030+0000] {processor.py:161} INFO - Started process (PID=86552) to work on /workspaces/recomart-recommendation-pipeline/airflow_venv/lib/python3.12/site-packages/airflow/example_dags/example_xcom.py
[2026-07-20T06:51:38.031+0000] {processor.py:830} INFO - Processing file /workspaces/recomart-recommendation-pipeline/airflow_venv/lib/python3.12/site-packages/airflow/example_dags/example_xcom.py for tasks to queue
[2026-07-20T06:51:38.032+0000] {logging_mixin.py:188} INFO - [2026-07-20T06:51:38.032+0000] {dagbag.py:545} INFO - Filling up the DagBag from /workspaces/recomart-recommendation-pipeline/airflow_venv/lib/python3.12/site-packages/airflow/example_dags/example_xcom.py
[2026-07-20T06:51:38.038+0000] {processor.py:840} INFO - DAG(s) 'example_xcom' retrieved from /workspaces/recomart-recommendation-pipeline/airflow_venv/lib/python3.12/site-packages/airflow/example_dags/example_xcom.py
[2026-07-20T06:51:38.050+0000] {logging_mixin.py:188} INFO - [2026-07-20T06:51:38.050+0000] {dag.py:3089} INFO - Sync 1 DAGs
[2026-07-20T06:51:38.064+0000] {logging_mixin.py:188} INFO - [2026-07-20T06:51:38.064+0000] {dag.py:3947} INFO - Setting next_dagrun for example_xcom to 2021-01-01 00:00:00+00:00, run_after=2021-01-01 00:00:00+00:00
[2026-07-20T06:51:38.083+0000] {processor.py:183} INFO - Processing /workspaces/recomart-recommendation-pipeline/airflow_venv/lib/python3.12/site-packages/airflow/example_dags/example_xcom.py took 0.058 seconds
[2026-07-20T06:57:52.720+0000] {processor.py:161} INFO - Started process (PID=89543) to work on /workspaces/recomart-recommendation-pipeline/airflow_venv/lib/python3.12/site-packages/airflow/example_dags/example_xcom.py
[2026-07-20T06:57:52.722+0000] {processor.py:830} INFO - Processing file /workspaces/recomart-recommendation-pipeline/airflow_venv/lib/python3.12/site-packages/airflow/example_dags/example_xcom.py for tasks to queue
[2026-07-20T06:57:52.723+0000] {logging_mixin.py:188} INFO - [2026-07-20T06:57:52.723+0000] {dagbag.py:545} INFO - Filling up the DagBag from /workspaces/recomart-recommendation-pipeline/airflow_venv/lib/python3.12/site-packages/airflow/example_dags/example_xcom.py
[2026-07-20T06:57:52.734+0000] {processor.py:840} INFO - DAG(s) 'example_xcom' retrieved from /workspaces/recomart-recommendation-pipeline/airflow_venv/lib/python3.12/site-packages/airflow/example_dags/example_xcom.py
[2026-07-20T06:57:52.740+0000] {logging_mixin.py:188} INFO - [2026-07-20T06:57:52.740+0000] {dag.py:3089} INFO - Sync 1 DAGs
[2026-07-20T06:57:52.755+0000] {logging_mixin.py:188} INFO - [2026-07-20T06:57:52.755+0000] {dag.py:3947} INFO - Setting next_dagrun for example_xcom to 2021-01-01 00:00:00+00:00, run_after=2021-01-01 00:00:00+00:00
[2026-07-20T06:57:52.777+0000] {processor.py:183} INFO - Processing /workspaces/recomart-recommendation-pipeline/airflow_venv/lib/python3.12/site-packages/airflow/example_dags/example_xcom.py took 0.061 seconds
[2026-07-20T06:58:49.972+0000] {processor.py:161} INFO - Started process (PID=90080) to work on /workspaces/recomart-recommendation-pipeline/airflow_venv/lib/python3.12/site-packages/airflow/example_dags/example_xcom.py
[2026-07-20T06:58:49.973+0000] {processor.py:830} INFO - Processing file /workspaces/recomart-recommendation-pipeline/airflow_venv/lib/python3.12/site-packages/airflow/example_dags/example_xcom.py for tasks to queue
[2026-07-20T06:58:49.975+0000] {logging_mixin.py:188} INFO - [2026-07-20T06:58:49.974+0000] {dagbag.py:545} INFO - Filling up the DagBag from /workspaces/recomart-recommendation-pipeline/airflow_venv/lib/python3.12/site-packages/airflow/example_dags/example_xcom.py
[2026-07-20T06:58:49.983+0000] {processor.py:840} INFO - DAG(s) 'example_xcom' retrieved from /workspaces/recomart-recommendation-pipeline/airflow_venv/lib/python3.12/site-packages/airflow/example_dags/example_xcom.py
[2026-07-20T06:58:50.146+0000] {logging_mixin.py:188} INFO - [2026-07-20T06:58:50.146+0000] {dag.py:3089} INFO - Sync 1 DAGs
[2026-07-20T06:58:50.158+0000] {logging_mixin.py:188} INFO - [2026-07-20T06:58:50.158+0000] {dag.py:3947} INFO - Setting next_dagrun for example_xcom to 2021-01-01 00:00:00+00:00, run_after=2021-01-01 00:00:00+00:00
[2026-07-20T06:58:50.178+0000] {processor.py:183} INFO - Processing /workspaces/recomart-recommendation-pipeline/airflow_venv/lib/python3.12/site-packages/airflow/example_dags/example_xcom.py took 0.211 seconds
[2026-07-20T07:00:21.873+0000] {processor.py:161} INFO - Started process (PID=91710) to work on /workspaces/recomart-recommendation-pipeline/airflow_venv/lib/python3.12/site-packages/airflow/example_dags/example_xcom.py
[2026-07-20T07:00:21.873+0000] {processor.py:830} INFO - Processing file /workspaces/recomart-recommendation-pipeline/airflow_venv/lib/python3.12/site-packages/airflow/example_dags/example_xcom.py for tasks to queue
[2026-07-20T07:00:21.875+0000] {logging_mixin.py:188} INFO - [2026-07-20T07:00:21.875+0000] {dagbag.py:545} INFO - Filling up the DagBag from /workspaces/recomart-recommendation-pipeline/airflow_venv/lib/python3.12/site-packages/airflow/example_dags/example_xcom.py
[2026-07-20T07:00:21.883+0000] {processor.py:840} INFO - DAG(s) 'example_xcom' retrieved from /workspaces/recomart-recommendation-pipeline/airflow_venv/lib/python3.12/site-packages/airflow/example_dags/example_xcom.py
[2026-07-20T07:00:21.897+0000] {logging_mixin.py:188} INFO - [2026-07-20T07:00:21.897+0000] {dag.py:3089} INFO - Sync 1 DAGs
[2026-07-20T07:00:21.912+0000] {logging_mixin.py:188} INFO - [2026-07-20T07:00:21.912+0000] {dag.py:3947} INFO - Setting next_dagrun for example_xcom to 2021-01-01 00:00:00+00:00, run_after=2021-01-01 00:00:00+00:00
[2026-07-20T07:00:21.930+0000] {processor.py:183} INFO - Processing /workspaces/recomart-recommendation-pipeline/airflow_venv/lib/python3.12/site-packages/airflow/example_dags/example_xcom.py took 0.063 seconds
[2026-07-20T07:01:12.540+0000] {processor.py:161} INFO - Started process (PID=92143) to work on /workspaces/recomart-recommendation-pipeline/airflow_venv/lib/python3.12/site-packages/airflow/example_dags/example_xcom.py
[2026-07-20T07:01:12.540+0000] {processor.py:830} INFO - Processing file /workspaces/recomart-recommendation-pipeline/airflow_venv/lib/python3.12/site-packages/airflow/example_dags/example_xcom.py for tasks to queue
[2026-07-20T07:01:12.541+0000] {logging_mixin.py:188} INFO - [2026-07-20T07:01:12.541+0000] {dagbag.py:545} INFO - Filling up the DagBag from /workspaces/recomart-recommendation-pipeline/airflow_venv/lib/python3.12/site-packages/airflow/example_dags/example_xcom.py
[2026-07-20T07:01:12.547+0000] {processor.py:840} INFO - DAG(s) 'example_xcom' retrieved from /workspaces/recomart-recommendation-pipeline/airflow_venv/lib/python3.12/site-packages/airflow/example_dags/example_xcom.py
[2026-07-20T07:01:12.559+0000] {logging_mixin.py:188} INFO - [2026-07-20T07:01:12.559+0000] {dag.py:3089} INFO - Sync 1 DAGs
[2026-07-20T07:01:12.575+0000] {logging_mixin.py:188} INFO - [2026-07-20T07:01:12.575+0000] {dag.py:3947} INFO - Setting next_dagrun for example_xcom to 2021-01-01 00:00:00+00:00, run_after=2021-01-01 00:00:00+00:00
[2026-07-20T07:01:12.595+0000] {processor.py:183} INFO - Processing /workspaces/recomart-recommendation-pipeline/airflow_venv/lib/python3.12/site-packages/airflow/example_dags/example_xcom.py took 0.059 seconds
