[2026-07-20T05:59:20.019+0000] {processor.py:161} INFO - Started process (PID=58296) to work on /workspaces/recomart-recommendation-pipeline/airflow_venv/lib/python3.12/site-packages/airflow/example_dags/example_nested_branch_dag.py
[2026-07-20T05:59:20.020+0000] {processor.py:830} INFO - Processing file /workspaces/recomart-recommendation-pipeline/airflow_venv/lib/python3.12/site-packages/airflow/example_dags/example_nested_branch_dag.py for tasks to queue
[2026-07-20T05:59:20.021+0000] {logging_mixin.py:188} INFO - [2026-07-20T05:59:20.021+0000] {dagbag.py:545} INFO - Filling up the DagBag from /workspaces/recomart-recommendation-pipeline/airflow_venv/lib/python3.12/site-packages/airflow/example_dags/example_nested_branch_dag.py
[2026-07-20T05:59:20.030+0000] {processor.py:840} INFO - DAG(s) 'example_nested_branch_dag' retrieved from /workspaces/recomart-recommendation-pipeline/airflow_venv/lib/python3.12/site-packages/airflow/example_dags/example_nested_branch_dag.py
[2026-07-20T05:59:20.131+0000] {logging_mixin.py:188} INFO - [2026-07-20T05:59:20.130+0000] {override.py:1858} INFO - Created Permission View: can read on DAG:example_nested_branch_dag
[2026-07-20T05:59:20.140+0000] {logging_mixin.py:188} INFO - [2026-07-20T05:59:20.139+0000] {override.py:1858} INFO - Created Permission View: can edit on DAG:example_nested_branch_dag
[2026-07-20T05:59:20.146+0000] {logging_mixin.py:188} INFO - [2026-07-20T05:59:20.146+0000] {override.py:1858} INFO - Created Permission View: can delete on DAG:example_nested_branch_dag
[2026-07-20T05:59:20.147+0000] {logging_mixin.py:188} INFO - [2026-07-20T05:59:20.147+0000] {dag.py:3089} INFO - Sync 1 DAGs
[2026-07-20T05:59:20.154+0000] {logging_mixin.py:188} INFO - [2026-07-20T05:59:20.154+0000] {dag.py:3111} INFO - Creating ORM DAG for example_nested_branch_dag
[2026-07-20T05:59:20.164+0000] {logging_mixin.py:188} INFO - [2026-07-20T05:59:20.163+0000] {dag.py:3947} INFO - Setting next_dagrun for example_nested_branch_dag to 2026-07-19 00:00:00+00:00, run_after=2026-07-20 00:00:00+00:00
[2026-07-20T05:59:20.182+0000] {processor.py:183} INFO - Processing /workspaces/recomart-recommendation-pipeline/airflow_venv/lib/python3.12/site-packages/airflow/example_dags/example_nested_branch_dag.py took 0.168 seconds
[2026-07-20T06:00:13.852+0000] {processor.py:161} INFO - Started process (PID=58741) to work on /workspaces/recomart-recommendation-pipeline/airflow_venv/lib/python3.12/site-packages/airflow/example_dags/example_nested_branch_dag.py
[2026-07-20T06:00:13.853+0000] {processor.py:830} INFO - Processing file /workspaces/recomart-recommendation-pipeline/airflow_venv/lib/python3.12/site-packages/airflow/example_dags/example_nested_branch_dag.py for tasks to queue
[2026-07-20T06:00:13.855+0000] {logging_mixin.py:188} INFO - [2026-07-20T06:00:13.854+0000] {dagbag.py:545} INFO - Filling up the DagBag from /workspaces/recomart-recommendation-pipeline/airflow_venv/lib/python3.12/site-packages/airflow/example_dags/example_nested_branch_dag.py
[2026-07-20T06:00:13.863+0000] {processor.py:840} INFO - DAG(s) 'example_nested_branch_dag' retrieved from /workspaces/recomart-recommendation-pipeline/airflow_venv/lib/python3.12/site-packages/airflow/example_dags/example_nested_branch_dag.py
[2026-07-20T06:00:13.878+0000] {logging_mixin.py:188} INFO - [2026-07-20T06:00:13.878+0000] {dag.py:3089} INFO - Sync 1 DAGs
[2026-07-20T06:00:13.895+0000] {logging_mixin.py:188} INFO - [2026-07-20T06:00:13.895+0000] {dag.py:3947} INFO - Setting next_dagrun for example_nested_branch_dag to 2026-07-19 00:00:00+00:00, run_after=2026-07-20 00:00:00+00:00
[2026-07-20T06:00:13.917+0000] {processor.py:183} INFO - Processing /workspaces/recomart-recommendation-pipeline/airflow_venv/lib/python3.12/site-packages/airflow/example_dags/example_nested_branch_dag.py took 0.070 seconds
[2026-07-20T06:01:04.839+0000] {processor.py:161} INFO - Started process (PID=59287) to work on /workspaces/recomart-recommendation-pipeline/airflow_venv/lib/python3.12/site-packages/airflow/example_dags/example_nested_branch_dag.py
[2026-07-20T06:01:04.839+0000] {processor.py:830} INFO - Processing file /workspaces/recomart-recommendation-pipeline/airflow_venv/lib/python3.12/site-packages/airflow/example_dags/example_nested_branch_dag.py for tasks to queue
[2026-07-20T06:01:04.841+0000] {logging_mixin.py:188} INFO - [2026-07-20T06:01:04.840+0000] {dagbag.py:545} INFO - Filling up the DagBag from /workspaces/recomart-recommendation-pipeline/airflow_venv/lib/python3.12/site-packages/airflow/example_dags/example_nested_branch_dag.py
[2026-07-20T06:01:04.850+0000] {processor.py:840} INFO - DAG(s) 'example_nested_branch_dag' retrieved from /workspaces/recomart-recommendation-pipeline/airflow_venv/lib/python3.12/site-packages/airflow/example_dags/example_nested_branch_dag.py
[2026-07-20T06:01:04.863+0000] {logging_mixin.py:188} INFO - [2026-07-20T06:01:04.863+0000] {dag.py:3089} INFO - Sync 1 DAGs
[2026-07-20T06:01:04.882+0000] {logging_mixin.py:188} INFO - [2026-07-20T06:01:04.882+0000] {dag.py:3947} INFO - Setting next_dagrun for example_nested_branch_dag to 2026-07-19 00:00:00+00:00, run_after=2026-07-20 00:00:00+00:00
[2026-07-20T06:01:04.901+0000] {processor.py:183} INFO - Processing /workspaces/recomart-recommendation-pipeline/airflow_venv/lib/python3.12/site-packages/airflow/example_dags/example_nested_branch_dag.py took 0.066 seconds
[2026-07-20T06:01:54.494+0000] {processor.py:161} INFO - Started process (PID=59890) to work on /workspaces/recomart-recommendation-pipeline/airflow_venv/lib/python3.12/site-packages/airflow/example_dags/example_nested_branch_dag.py
[2026-07-20T06:01:54.496+0000] {processor.py:830} INFO - Processing file /workspaces/recomart-recommendation-pipeline/airflow_venv/lib/python3.12/site-packages/airflow/example_dags/example_nested_branch_dag.py for tasks to queue
[2026-07-20T06:01:54.498+0000] {logging_mixin.py:188} INFO - [2026-07-20T06:01:54.498+0000] {dagbag.py:545} INFO - Filling up the DagBag from /workspaces/recomart-recommendation-pipeline/airflow_venv/lib/python3.12/site-packages/airflow/example_dags/example_nested_branch_dag.py
[2026-07-20T06:01:54.515+0000] {processor.py:840} INFO - DAG(s) 'example_nested_branch_dag' retrieved from /workspaces/recomart-recommendation-pipeline/airflow_venv/lib/python3.12/site-packages/airflow/example_dags/example_nested_branch_dag.py
[2026-07-20T06:01:54.541+0000] {logging_mixin.py:188} INFO - [2026-07-20T06:01:54.541+0000] {dag.py:3089} INFO - Sync 1 DAGs
[2026-07-20T06:01:54.572+0000] {logging_mixin.py:188} INFO - [2026-07-20T06:01:54.572+0000] {dag.py:3947} INFO - Setting next_dagrun for example_nested_branch_dag to 2026-07-19 00:00:00+00:00, run_after=2026-07-20 00:00:00+00:00
[2026-07-20T06:01:54.612+0000] {processor.py:183} INFO - Processing /workspaces/recomart-recommendation-pipeline/airflow_venv/lib/python3.12/site-packages/airflow/example_dags/example_nested_branch_dag.py took 0.128 seconds
[2026-07-20T06:02:58.995+0000] {processor.py:161} INFO - Started process (PID=60414) to work on /workspaces/recomart-recommendation-pipeline/airflow_venv/lib/python3.12/site-packages/airflow/example_dags/example_nested_branch_dag.py
[2026-07-20T06:02:58.995+0000] {processor.py:830} INFO - Processing file /workspaces/recomart-recommendation-pipeline/airflow_venv/lib/python3.12/site-packages/airflow/example_dags/example_nested_branch_dag.py for tasks to queue
[2026-07-20T06:02:58.997+0000] {logging_mixin.py:188} INFO - [2026-07-20T06:02:58.997+0000] {dagbag.py:545} INFO - Filling up the DagBag from /workspaces/recomart-recommendation-pipeline/airflow_venv/lib/python3.12/site-packages/airflow/example_dags/example_nested_branch_dag.py
[2026-07-20T06:02:59.005+0000] {processor.py:840} INFO - DAG(s) 'example_nested_branch_dag' retrieved from /workspaces/recomart-recommendation-pipeline/airflow_venv/lib/python3.12/site-packages/airflow/example_dags/example_nested_branch_dag.py
[2026-07-20T06:02:59.018+0000] {logging_mixin.py:188} INFO - [2026-07-20T06:02:59.018+0000] {dag.py:3089} INFO - Sync 1 DAGs
[2026-07-20T06:02:59.034+0000] {logging_mixin.py:188} INFO - [2026-07-20T06:02:59.034+0000] {dag.py:3947} INFO - Setting next_dagrun for example_nested_branch_dag to 2026-07-19 00:00:00+00:00, run_after=2026-07-20 00:00:00+00:00
[2026-07-20T06:02:59.051+0000] {processor.py:183} INFO - Processing /workspaces/recomart-recommendation-pipeline/airflow_venv/lib/python3.12/site-packages/airflow/example_dags/example_nested_branch_dag.py took 0.060 seconds
[2026-07-20T06:04:00.199+0000] {processor.py:161} INFO - Started process (PID=60976) to work on /workspaces/recomart-recommendation-pipeline/airflow_venv/lib/python3.12/site-packages/airflow/example_dags/example_nested_branch_dag.py
[2026-07-20T06:04:00.200+0000] {processor.py:830} INFO - Processing file /workspaces/recomart-recommendation-pipeline/airflow_venv/lib/python3.12/site-packages/airflow/example_dags/example_nested_branch_dag.py for tasks to queue
[2026-07-20T06:04:00.201+0000] {logging_mixin.py:188} INFO - [2026-07-20T06:04:00.201+0000] {dagbag.py:545} INFO - Filling up the DagBag from /workspaces/recomart-recommendation-pipeline/airflow_venv/lib/python3.12/site-packages/airflow/example_dags/example_nested_branch_dag.py
[2026-07-20T06:04:00.212+0000] {processor.py:840} INFO - DAG(s) 'example_nested_branch_dag' retrieved from /workspaces/recomart-recommendation-pipeline/airflow_venv/lib/python3.12/site-packages/airflow/example_dags/example_nested_branch_dag.py
[2026-07-20T06:04:00.227+0000] {logging_mixin.py:188} INFO - [2026-07-20T06:04:00.227+0000] {dag.py:3089} INFO - Sync 1 DAGs
[2026-07-20T06:04:00.243+0000] {logging_mixin.py:188} INFO - [2026-07-20T06:04:00.243+0000] {dag.py:3947} INFO - Setting next_dagrun for example_nested_branch_dag to 2026-07-19 00:00:00+00:00, run_after=2026-07-20 00:00:00+00:00
[2026-07-20T06:04:00.260+0000] {processor.py:183} INFO - Processing /workspaces/recomart-recommendation-pipeline/airflow_venv/lib/python3.12/site-packages/airflow/example_dags/example_nested_branch_dag.py took 0.065 seconds
[2026-07-20T06:05:07.171+0000] {processor.py:161} INFO - Started process (PID=61527) to work on /workspaces/recomart-recommendation-pipeline/airflow_venv/lib/python3.12/site-packages/airflow/example_dags/example_nested_branch_dag.py
[2026-07-20T06:05:07.172+0000] {processor.py:830} INFO - Processing file /workspaces/recomart-recommendation-pipeline/airflow_venv/lib/python3.12/site-packages/airflow/example_dags/example_nested_branch_dag.py for tasks to queue
[2026-07-20T06:05:07.174+0000] {logging_mixin.py:188} INFO - [2026-07-20T06:05:07.173+0000] {dagbag.py:545} INFO - Filling up the DagBag from /workspaces/recomart-recommendation-pipeline/airflow_venv/lib/python3.12/site-packages/airflow/example_dags/example_nested_branch_dag.py
[2026-07-20T06:05:07.194+0000] {processor.py:840} INFO - DAG(s) 'example_nested_branch_dag' retrieved from /workspaces/recomart-recommendation-pipeline/airflow_venv/lib/python3.12/site-packages/airflow/example_dags/example_nested_branch_dag.py
[2026-07-20T06:05:07.219+0000] {logging_mixin.py:188} INFO - [2026-07-20T06:05:07.219+0000] {dag.py:3089} INFO - Sync 1 DAGs
[2026-07-20T06:05:07.243+0000] {logging_mixin.py:188} INFO - [2026-07-20T06:05:07.243+0000] {dag.py:3947} INFO - Setting next_dagrun for example_nested_branch_dag to 2026-07-19 00:00:00+00:00, run_after=2026-07-20 00:00:00+00:00
[2026-07-20T06:05:07.265+0000] {processor.py:183} INFO - Processing /workspaces/recomart-recommendation-pipeline/airflow_venv/lib/python3.12/site-packages/airflow/example_dags/example_nested_branch_dag.py took 0.103 seconds
[2026-07-20T06:06:14.424+0000] {processor.py:161} INFO - Started process (PID=62056) to work on /workspaces/recomart-recommendation-pipeline/airflow_venv/lib/python3.12/site-packages/airflow/example_dags/example_nested_branch_dag.py
[2026-07-20T06:06:14.425+0000] {processor.py:830} INFO - Processing file /workspaces/recomart-recommendation-pipeline/airflow_venv/lib/python3.12/site-packages/airflow/example_dags/example_nested_branch_dag.py for tasks to queue
[2026-07-20T06:06:14.427+0000] {logging_mixin.py:188} INFO - [2026-07-20T06:06:14.426+0000] {dagbag.py:545} INFO - Filling up the DagBag from /workspaces/recomart-recommendation-pipeline/airflow_venv/lib/python3.12/site-packages/airflow/example_dags/example_nested_branch_dag.py
[2026-07-20T06:06:14.440+0000] {processor.py:840} INFO - DAG(s) 'example_nested_branch_dag' retrieved from /workspaces/recomart-recommendation-pipeline/airflow_venv/lib/python3.12/site-packages/airflow/example_dags/example_nested_branch_dag.py
[2026-07-20T06:06:14.469+0000] {logging_mixin.py:188} INFO - [2026-07-20T06:06:14.469+0000] {dag.py:3089} INFO - Sync 1 DAGs
[2026-07-20T06:06:14.503+0000] {logging_mixin.py:188} INFO - [2026-07-20T06:06:14.503+0000] {dag.py:3947} INFO - Setting next_dagrun for example_nested_branch_dag to 2026-07-19 00:00:00+00:00, run_after=2026-07-20 00:00:00+00:00
[2026-07-20T06:06:14.538+0000] {processor.py:183} INFO - Processing /workspaces/recomart-recommendation-pipeline/airflow_venv/lib/python3.12/site-packages/airflow/example_dags/example_nested_branch_dag.py took 0.120 seconds
[2026-07-20T06:07:25.917+0000] {processor.py:161} INFO - Started process (PID=62633) to work on /workspaces/recomart-recommendation-pipeline/airflow_venv/lib/python3.12/site-packages/airflow/example_dags/example_nested_branch_dag.py
[2026-07-20T06:07:25.917+0000] {processor.py:830} INFO - Processing file /workspaces/recomart-recommendation-pipeline/airflow_venv/lib/python3.12/site-packages/airflow/example_dags/example_nested_branch_dag.py for tasks to queue
[2026-07-20T06:07:25.919+0000] {logging_mixin.py:188} INFO - [2026-07-20T06:07:25.919+0000] {dagbag.py:545} INFO - Filling up the DagBag from /workspaces/recomart-recommendation-pipeline/airflow_venv/lib/python3.12/site-packages/airflow/example_dags/example_nested_branch_dag.py
[2026-07-20T06:07:25.927+0000] {processor.py:840} INFO - DAG(s) 'example_nested_branch_dag' retrieved from /workspaces/recomart-recommendation-pipeline/airflow_venv/lib/python3.12/site-packages/airflow/example_dags/example_nested_branch_dag.py
[2026-07-20T06:07:25.941+0000] {logging_mixin.py:188} INFO - [2026-07-20T06:07:25.941+0000] {dag.py:3089} INFO - Sync 1 DAGs
[2026-07-20T06:07:25.956+0000] {logging_mixin.py:188} INFO - [2026-07-20T06:07:25.956+0000] {dag.py:3947} INFO - Setting next_dagrun for example_nested_branch_dag to 2026-07-19 00:00:00+00:00, run_after=2026-07-20 00:00:00+00:00
[2026-07-20T06:07:25.975+0000] {processor.py:183} INFO - Processing /workspaces/recomart-recommendation-pipeline/airflow_venv/lib/python3.12/site-packages/airflow/example_dags/example_nested_branch_dag.py took 0.063 seconds
[2026-07-20T06:09:14.703+0000] {processor.py:161} INFO - Started process (PID=63725) to work on /workspaces/recomart-recommendation-pipeline/airflow_venv/lib/python3.12/site-packages/airflow/example_dags/example_nested_branch_dag.py
[2026-07-20T06:09:14.703+0000] {processor.py:830} INFO - Processing file /workspaces/recomart-recommendation-pipeline/airflow_venv/lib/python3.12/site-packages/airflow/example_dags/example_nested_branch_dag.py for tasks to queue
[2026-07-20T06:09:14.705+0000] {logging_mixin.py:188} INFO - [2026-07-20T06:09:14.704+0000] {dagbag.py:545} INFO - Filling up the DagBag from /workspaces/recomart-recommendation-pipeline/airflow_venv/lib/python3.12/site-packages/airflow/example_dags/example_nested_branch_dag.py
[2026-07-20T06:09:14.714+0000] {processor.py:840} INFO - DAG(s) 'example_nested_branch_dag' retrieved from /workspaces/recomart-recommendation-pipeline/airflow_venv/lib/python3.12/site-packages/airflow/example_dags/example_nested_branch_dag.py
[2026-07-20T06:09:14.877+0000] {logging_mixin.py:188} INFO - [2026-07-20T06:09:14.877+0000] {dag.py:3089} INFO - Sync 1 DAGs
[2026-07-20T06:09:14.900+0000] {logging_mixin.py:188} INFO - [2026-07-20T06:09:14.899+0000] {dag.py:3947} INFO - Setting next_dagrun for example_nested_branch_dag to 2026-07-19 00:00:00+00:00, run_after=2026-07-20 00:00:00+00:00
[2026-07-20T06:09:14.934+0000] {processor.py:183} INFO - Processing /workspaces/recomart-recommendation-pipeline/airflow_venv/lib/python3.12/site-packages/airflow/example_dags/example_nested_branch_dag.py took 0.236 seconds
[2026-07-20T06:10:10.491+0000] {processor.py:161} INFO - Started process (PID=64201) to work on /workspaces/recomart-recommendation-pipeline/airflow_venv/lib/python3.12/site-packages/airflow/example_dags/example_nested_branch_dag.py
[2026-07-20T06:10:10.491+0000] {processor.py:830} INFO - Processing file /workspaces/recomart-recommendation-pipeline/airflow_venv/lib/python3.12/site-packages/airflow/example_dags/example_nested_branch_dag.py for tasks to queue
[2026-07-20T06:10:10.493+0000] {logging_mixin.py:188} INFO - [2026-07-20T06:10:10.492+0000] {dagbag.py:545} INFO - Filling up the DagBag from /workspaces/recomart-recommendation-pipeline/airflow_venv/lib/python3.12/site-packages/airflow/example_dags/example_nested_branch_dag.py
[2026-07-20T06:10:10.503+0000] {processor.py:840} INFO - DAG(s) 'example_nested_branch_dag' retrieved from /workspaces/recomart-recommendation-pipeline/airflow_venv/lib/python3.12/site-packages/airflow/example_dags/example_nested_branch_dag.py
[2026-07-20T06:10:10.522+0000] {logging_mixin.py:188} INFO - [2026-07-20T06:10:10.521+0000] {dag.py:3089} INFO - Sync 1 DAGs
[2026-07-20T06:10:10.540+0000] {logging_mixin.py:188} INFO - [2026-07-20T06:10:10.539+0000] {dag.py:3947} INFO - Setting next_dagrun for example_nested_branch_dag to 2026-07-19 00:00:00+00:00, run_after=2026-07-20 00:00:00+00:00
[2026-07-20T06:10:10.558+0000] {processor.py:183} INFO - Processing /workspaces/recomart-recommendation-pipeline/airflow_venv/lib/python3.12/site-packages/airflow/example_dags/example_nested_branch_dag.py took 0.072 seconds
[2026-07-20T06:11:02.416+0000] {processor.py:161} INFO - Started process (PID=64626) to work on /workspaces/recomart-recommendation-pipeline/airflow_venv/lib/python3.12/site-packages/airflow/example_dags/example_nested_branch_dag.py
[2026-07-20T06:11:02.417+0000] {processor.py:830} INFO - Processing file /workspaces/recomart-recommendation-pipeline/airflow_venv/lib/python3.12/site-packages/airflow/example_dags/example_nested_branch_dag.py for tasks to queue
[2026-07-20T06:11:02.418+0000] {logging_mixin.py:188} INFO - [2026-07-20T06:11:02.418+0000] {dagbag.py:545} INFO - Filling up the DagBag from /workspaces/recomart-recommendation-pipeline/airflow_venv/lib/python3.12/site-packages/airflow/example_dags/example_nested_branch_dag.py
[2026-07-20T06:11:02.429+0000] {processor.py:840} INFO - DAG(s) 'example_nested_branch_dag' retrieved from /workspaces/recomart-recommendation-pipeline/airflow_venv/lib/python3.12/site-packages/airflow/example_dags/example_nested_branch_dag.py
[2026-07-20T06:11:02.447+0000] {logging_mixin.py:188} INFO - [2026-07-20T06:11:02.446+0000] {dag.py:3089} INFO - Sync 1 DAGs
[2026-07-20T06:11:02.468+0000] {logging_mixin.py:188} INFO - [2026-07-20T06:11:02.467+0000] {dag.py:3947} INFO - Setting next_dagrun for example_nested_branch_dag to 2026-07-19 00:00:00+00:00, run_after=2026-07-20 00:00:00+00:00
[2026-07-20T06:11:02.493+0000] {processor.py:183} INFO - Processing /workspaces/recomart-recommendation-pipeline/airflow_venv/lib/python3.12/site-packages/airflow/example_dags/example_nested_branch_dag.py took 0.084 seconds
[2026-07-20T06:12:05.493+0000] {processor.py:161} INFO - Started process (PID=65324) to work on /workspaces/recomart-recommendation-pipeline/airflow_venv/lib/python3.12/site-packages/airflow/example_dags/example_nested_branch_dag.py
[2026-07-20T06:12:05.494+0000] {processor.py:830} INFO - Processing file /workspaces/recomart-recommendation-pipeline/airflow_venv/lib/python3.12/site-packages/airflow/example_dags/example_nested_branch_dag.py for tasks to queue
[2026-07-20T06:12:05.495+0000] {logging_mixin.py:188} INFO - [2026-07-20T06:12:05.495+0000] {dagbag.py:545} INFO - Filling up the DagBag from /workspaces/recomart-recommendation-pipeline/airflow_venv/lib/python3.12/site-packages/airflow/example_dags/example_nested_branch_dag.py
[2026-07-20T06:12:05.505+0000] {processor.py:840} INFO - DAG(s) 'example_nested_branch_dag' retrieved from /workspaces/recomart-recommendation-pipeline/airflow_venv/lib/python3.12/site-packages/airflow/example_dags/example_nested_branch_dag.py
[2026-07-20T06:12:05.523+0000] {logging_mixin.py:188} INFO - [2026-07-20T06:12:05.523+0000] {dag.py:3089} INFO - Sync 1 DAGs
[2026-07-20T06:12:05.540+0000] {logging_mixin.py:188} INFO - [2026-07-20T06:12:05.540+0000] {dag.py:3947} INFO - Setting next_dagrun for example_nested_branch_dag to 2026-07-19 00:00:00+00:00, run_after=2026-07-20 00:00:00+00:00
[2026-07-20T06:12:05.558+0000] {processor.py:183} INFO - Processing /workspaces/recomart-recommendation-pipeline/airflow_venv/lib/python3.12/site-packages/airflow/example_dags/example_nested_branch_dag.py took 0.069 seconds
[2026-07-20T06:13:09.265+0000] {processor.py:161} INFO - Started process (PID=65837) to work on /workspaces/recomart-recommendation-pipeline/airflow_venv/lib/python3.12/site-packages/airflow/example_dags/example_nested_branch_dag.py
[2026-07-20T06:13:09.266+0000] {processor.py:830} INFO - Processing file /workspaces/recomart-recommendation-pipeline/airflow_venv/lib/python3.12/site-packages/airflow/example_dags/example_nested_branch_dag.py for tasks to queue
[2026-07-20T06:13:09.267+0000] {logging_mixin.py:188} INFO - [2026-07-20T06:13:09.267+0000] {dagbag.py:545} INFO - Filling up the DagBag from /workspaces/recomart-recommendation-pipeline/airflow_venv/lib/python3.12/site-packages/airflow/example_dags/example_nested_branch_dag.py
[2026-07-20T06:13:09.277+0000] {processor.py:840} INFO - DAG(s) 'example_nested_branch_dag' retrieved from /workspaces/recomart-recommendation-pipeline/airflow_venv/lib/python3.12/site-packages/airflow/example_dags/example_nested_branch_dag.py
[2026-07-20T06:13:09.294+0000] {logging_mixin.py:188} INFO - [2026-07-20T06:13:09.294+0000] {dag.py:3089} INFO - Sync 1 DAGs
[2026-07-20T06:13:09.310+0000] {logging_mixin.py:188} INFO - [2026-07-20T06:13:09.310+0000] {dag.py:3947} INFO - Setting next_dagrun for example_nested_branch_dag to 2026-07-19 00:00:00+00:00, run_after=2026-07-20 00:00:00+00:00
[2026-07-20T06:13:09.327+0000] {processor.py:183} INFO - Processing /workspaces/recomart-recommendation-pipeline/airflow_venv/lib/python3.12/site-packages/airflow/example_dags/example_nested_branch_dag.py took 0.066 seconds
[2026-07-20T06:14:17.987+0000] {processor.py:161} INFO - Started process (PID=66632) to work on /workspaces/recomart-recommendation-pipeline/airflow_venv/lib/python3.12/site-packages/airflow/example_dags/example_nested_branch_dag.py
[2026-07-20T06:14:17.988+0000] {processor.py:830} INFO - Processing file /workspaces/recomart-recommendation-pipeline/airflow_venv/lib/python3.12/site-packages/airflow/example_dags/example_nested_branch_dag.py for tasks to queue
[2026-07-20T06:14:17.989+0000] {logging_mixin.py:188} INFO - [2026-07-20T06:14:17.989+0000] {dagbag.py:545} INFO - Filling up the DagBag from /workspaces/recomart-recommendation-pipeline/airflow_venv/lib/python3.12/site-packages/airflow/example_dags/example_nested_branch_dag.py
[2026-07-20T06:14:17.997+0000] {processor.py:840} INFO - DAG(s) 'example_nested_branch_dag' retrieved from /workspaces/recomart-recommendation-pipeline/airflow_venv/lib/python3.12/site-packages/airflow/example_dags/example_nested_branch_dag.py
[2026-07-20T06:14:18.010+0000] {logging_mixin.py:188} INFO - [2026-07-20T06:14:18.010+0000] {dag.py:3089} INFO - Sync 1 DAGs
[2026-07-20T06:14:18.028+0000] {logging_mixin.py:188} INFO - [2026-07-20T06:14:18.027+0000] {dag.py:3947} INFO - Setting next_dagrun for example_nested_branch_dag to 2026-07-19 00:00:00+00:00, run_after=2026-07-20 00:00:00+00:00
[2026-07-20T06:14:18.044+0000] {processor.py:183} INFO - Processing /workspaces/recomart-recommendation-pipeline/airflow_venv/lib/python3.12/site-packages/airflow/example_dags/example_nested_branch_dag.py took 0.063 seconds
[2026-07-20T06:15:06.601+0000] {processor.py:161} INFO - Started process (PID=67153) to work on /workspaces/recomart-recommendation-pipeline/airflow_venv/lib/python3.12/site-packages/airflow/example_dags/example_nested_branch_dag.py
[2026-07-20T06:15:06.601+0000] {processor.py:830} INFO - Processing file /workspaces/recomart-recommendation-pipeline/airflow_venv/lib/python3.12/site-packages/airflow/example_dags/example_nested_branch_dag.py for tasks to queue
[2026-07-20T06:15:06.603+0000] {logging_mixin.py:188} INFO - [2026-07-20T06:15:06.602+0000] {dagbag.py:545} INFO - Filling up the DagBag from /workspaces/recomart-recommendation-pipeline/airflow_venv/lib/python3.12/site-packages/airflow/example_dags/example_nested_branch_dag.py
[2026-07-20T06:15:06.611+0000] {processor.py:840} INFO - DAG(s) 'example_nested_branch_dag' retrieved from /workspaces/recomart-recommendation-pipeline/airflow_venv/lib/python3.12/site-packages/airflow/example_dags/example_nested_branch_dag.py
[2026-07-20T06:15:06.624+0000] {logging_mixin.py:188} INFO - [2026-07-20T06:15:06.624+0000] {dag.py:3089} INFO - Sync 1 DAGs
[2026-07-20T06:15:06.640+0000] {logging_mixin.py:188} INFO - [2026-07-20T06:15:06.640+0000] {dag.py:3947} INFO - Setting next_dagrun for example_nested_branch_dag to 2026-07-19 00:00:00+00:00, run_after=2026-07-20 00:00:00+00:00
[2026-07-20T06:15:06.745+0000] {processor.py:183} INFO - Processing /workspaces/recomart-recommendation-pipeline/airflow_venv/lib/python3.12/site-packages/airflow/example_dags/example_nested_branch_dag.py took 0.149 seconds
[2026-07-20T06:31:17.336+0000] {processor.py:161} INFO - Started process (PID=73799) to work on /workspaces/recomart-recommendation-pipeline/airflow_venv/lib/python3.12/site-packages/airflow/example_dags/example_nested_branch_dag.py
[2026-07-20T06:31:17.336+0000] {processor.py:830} INFO - Processing file /workspaces/recomart-recommendation-pipeline/airflow_venv/lib/python3.12/site-packages/airflow/example_dags/example_nested_branch_dag.py for tasks to queue
[2026-07-20T06:31:17.338+0000] {logging_mixin.py:188} INFO - [2026-07-20T06:31:17.337+0000] {dagbag.py:545} INFO - Filling up the DagBag from /workspaces/recomart-recommendation-pipeline/airflow_venv/lib/python3.12/site-packages/airflow/example_dags/example_nested_branch_dag.py
[2026-07-20T06:31:17.346+0000] {processor.py:840} INFO - DAG(s) 'example_nested_branch_dag' retrieved from /workspaces/recomart-recommendation-pipeline/airflow_venv/lib/python3.12/site-packages/airflow/example_dags/example_nested_branch_dag.py
[2026-07-20T06:31:17.435+0000] {logging_mixin.py:188} INFO - [2026-07-20T06:31:17.434+0000] {dag.py:3089} INFO - Sync 1 DAGs
[2026-07-20T06:31:17.450+0000] {logging_mixin.py:188} INFO - [2026-07-20T06:31:17.450+0000] {dag.py:3947} INFO - Setting next_dagrun for example_nested_branch_dag to 2026-07-19 00:00:00+00:00, run_after=2026-07-20 00:00:00+00:00
[2026-07-20T06:31:17.469+0000] {processor.py:183} INFO - Processing /workspaces/recomart-recommendation-pipeline/airflow_venv/lib/python3.12/site-packages/airflow/example_dags/example_nested_branch_dag.py took 0.137 seconds
[2026-07-20T06:32:12.030+0000] {processor.py:161} INFO - Started process (PID=74453) to work on /workspaces/recomart-recommendation-pipeline/airflow_venv/lib/python3.12/site-packages/airflow/example_dags/example_nested_branch_dag.py
[2026-07-20T06:32:12.030+0000] {processor.py:830} INFO - Processing file /workspaces/recomart-recommendation-pipeline/airflow_venv/lib/python3.12/site-packages/airflow/example_dags/example_nested_branch_dag.py for tasks to queue
[2026-07-20T06:32:12.032+0000] {logging_mixin.py:188} INFO - [2026-07-20T06:32:12.031+0000] {dagbag.py:545} INFO - Filling up the DagBag from /workspaces/recomart-recommendation-pipeline/airflow_venv/lib/python3.12/site-packages/airflow/example_dags/example_nested_branch_dag.py
[2026-07-20T06:32:12.040+0000] {processor.py:840} INFO - DAG(s) 'example_nested_branch_dag' retrieved from /workspaces/recomart-recommendation-pipeline/airflow_venv/lib/python3.12/site-packages/airflow/example_dags/example_nested_branch_dag.py
[2026-07-20T06:32:12.053+0000] {logging_mixin.py:188} INFO - [2026-07-20T06:32:12.052+0000] {dag.py:3089} INFO - Sync 1 DAGs
[2026-07-20T06:32:12.071+0000] {logging_mixin.py:188} INFO - [2026-07-20T06:32:12.070+0000] {dag.py:3947} INFO - Setting next_dagrun for example_nested_branch_dag to 2026-07-19 00:00:00+00:00, run_after=2026-07-20 00:00:00+00:00
[2026-07-20T06:32:12.088+0000] {processor.py:183} INFO - Processing /workspaces/recomart-recommendation-pipeline/airflow_venv/lib/python3.12/site-packages/airflow/example_dags/example_nested_branch_dag.py took 0.063 seconds
[2026-07-20T06:33:03.629+0000] {processor.py:161} INFO - Started process (PID=74984) to work on /workspaces/recomart-recommendation-pipeline/airflow_venv/lib/python3.12/site-packages/airflow/example_dags/example_nested_branch_dag.py
[2026-07-20T06:33:03.630+0000] {processor.py:830} INFO - Processing file /workspaces/recomart-recommendation-pipeline/airflow_venv/lib/python3.12/site-packages/airflow/example_dags/example_nested_branch_dag.py for tasks to queue
[2026-07-20T06:33:03.631+0000] {logging_mixin.py:188} INFO - [2026-07-20T06:33:03.631+0000] {dagbag.py:545} INFO - Filling up the DagBag from /workspaces/recomart-recommendation-pipeline/airflow_venv/lib/python3.12/site-packages/airflow/example_dags/example_nested_branch_dag.py
[2026-07-20T06:33:03.640+0000] {processor.py:840} INFO - DAG(s) 'example_nested_branch_dag' retrieved from /workspaces/recomart-recommendation-pipeline/airflow_venv/lib/python3.12/site-packages/airflow/example_dags/example_nested_branch_dag.py
[2026-07-20T06:33:03.652+0000] {logging_mixin.py:188} INFO - [2026-07-20T06:33:03.652+0000] {dag.py:3089} INFO - Sync 1 DAGs
[2026-07-20T06:33:03.667+0000] {logging_mixin.py:188} INFO - [2026-07-20T06:33:03.667+0000] {dag.py:3947} INFO - Setting next_dagrun for example_nested_branch_dag to 2026-07-19 00:00:00+00:00, run_after=2026-07-20 00:00:00+00:00
[2026-07-20T06:33:03.686+0000] {processor.py:183} INFO - Processing /workspaces/recomart-recommendation-pipeline/airflow_venv/lib/python3.12/site-packages/airflow/example_dags/example_nested_branch_dag.py took 0.063 seconds
[2026-07-20T06:34:48.678+0000] {processor.py:161} INFO - Started process (PID=76612) to work on /workspaces/recomart-recommendation-pipeline/airflow_venv/lib/python3.12/site-packages/airflow/example_dags/example_nested_branch_dag.py
[2026-07-20T06:34:48.679+0000] {processor.py:830} INFO - Processing file /workspaces/recomart-recommendation-pipeline/airflow_venv/lib/python3.12/site-packages/airflow/example_dags/example_nested_branch_dag.py for tasks to queue
[2026-07-20T06:34:48.680+0000] {logging_mixin.py:188} INFO - [2026-07-20T06:34:48.680+0000] {dagbag.py:545} INFO - Filling up the DagBag from /workspaces/recomart-recommendation-pipeline/airflow_venv/lib/python3.12/site-packages/airflow/example_dags/example_nested_branch_dag.py
[2026-07-20T06:34:48.688+0000] {processor.py:840} INFO - DAG(s) 'example_nested_branch_dag' retrieved from /workspaces/recomart-recommendation-pipeline/airflow_venv/lib/python3.12/site-packages/airflow/example_dags/example_nested_branch_dag.py
[2026-07-20T06:34:48.700+0000] {logging_mixin.py:188} INFO - [2026-07-20T06:34:48.700+0000] {dag.py:3089} INFO - Sync 1 DAGs
[2026-07-20T06:34:48.715+0000] {logging_mixin.py:188} INFO - [2026-07-20T06:34:48.715+0000] {dag.py:3947} INFO - Setting next_dagrun for example_nested_branch_dag to 2026-07-19 00:00:00+00:00, run_after=2026-07-20 00:00:00+00:00
[2026-07-20T06:34:48.732+0000] {processor.py:183} INFO - Processing /workspaces/recomart-recommendation-pipeline/airflow_venv/lib/python3.12/site-packages/airflow/example_dags/example_nested_branch_dag.py took 0.059 seconds
[2026-07-20T06:35:43.328+0000] {processor.py:161} INFO - Started process (PID=77662) to work on /workspaces/recomart-recommendation-pipeline/airflow_venv/lib/python3.12/site-packages/airflow/example_dags/example_nested_branch_dag.py
[2026-07-20T06:35:43.328+0000] {processor.py:830} INFO - Processing file /workspaces/recomart-recommendation-pipeline/airflow_venv/lib/python3.12/site-packages/airflow/example_dags/example_nested_branch_dag.py for tasks to queue
[2026-07-20T06:35:43.330+0000] {logging_mixin.py:188} INFO - [2026-07-20T06:35:43.329+0000] {dagbag.py:545} INFO - Filling up the DagBag from /workspaces/recomart-recommendation-pipeline/airflow_venv/lib/python3.12/site-packages/airflow/example_dags/example_nested_branch_dag.py
[2026-07-20T06:35:43.338+0000] {processor.py:840} INFO - DAG(s) 'example_nested_branch_dag' retrieved from /workspaces/recomart-recommendation-pipeline/airflow_venv/lib/python3.12/site-packages/airflow/example_dags/example_nested_branch_dag.py
[2026-07-20T06:35:43.351+0000] {logging_mixin.py:188} INFO - [2026-07-20T06:35:43.350+0000] {dag.py:3089} INFO - Sync 1 DAGs
[2026-07-20T06:35:43.367+0000] {logging_mixin.py:188} INFO - [2026-07-20T06:35:43.366+0000] {dag.py:3947} INFO - Setting next_dagrun for example_nested_branch_dag to 2026-07-19 00:00:00+00:00, run_after=2026-07-20 00:00:00+00:00
[2026-07-20T06:35:43.383+0000] {processor.py:183} INFO - Processing /workspaces/recomart-recommendation-pipeline/airflow_venv/lib/python3.12/site-packages/airflow/example_dags/example_nested_branch_dag.py took 0.060 seconds
[2026-07-20T06:36:36.572+0000] {processor.py:161} INFO - Started process (PID=78608) to work on /workspaces/recomart-recommendation-pipeline/airflow_venv/lib/python3.12/site-packages/airflow/example_dags/example_nested_branch_dag.py
[2026-07-20T06:36:36.573+0000] {processor.py:830} INFO - Processing file /workspaces/recomart-recommendation-pipeline/airflow_venv/lib/python3.12/site-packages/airflow/example_dags/example_nested_branch_dag.py for tasks to queue
[2026-07-20T06:36:36.576+0000] {logging_mixin.py:188} INFO - [2026-07-20T06:36:36.575+0000] {dagbag.py:545} INFO - Filling up the DagBag from /workspaces/recomart-recommendation-pipeline/airflow_venv/lib/python3.12/site-packages/airflow/example_dags/example_nested_branch_dag.py
[2026-07-20T06:36:36.587+0000] {processor.py:840} INFO - DAG(s) 'example_nested_branch_dag' retrieved from /workspaces/recomart-recommendation-pipeline/airflow_venv/lib/python3.12/site-packages/airflow/example_dags/example_nested_branch_dag.py
[2026-07-20T06:36:36.606+0000] {logging_mixin.py:188} INFO - [2026-07-20T06:36:36.606+0000] {dag.py:3089} INFO - Sync 1 DAGs
[2026-07-20T06:36:36.630+0000] {logging_mixin.py:188} INFO - [2026-07-20T06:36:36.629+0000] {dag.py:3947} INFO - Setting next_dagrun for example_nested_branch_dag to 2026-07-19 00:00:00+00:00, run_after=2026-07-20 00:00:00+00:00
[2026-07-20T06:36:36.667+0000] {processor.py:183} INFO - Processing /workspaces/recomart-recommendation-pipeline/airflow_venv/lib/python3.12/site-packages/airflow/example_dags/example_nested_branch_dag.py took 0.101 seconds
[2026-07-20T06:37:27.573+0000] {processor.py:161} INFO - Started process (PID=79043) to work on /workspaces/recomart-recommendation-pipeline/airflow_venv/lib/python3.12/site-packages/airflow/example_dags/example_nested_branch_dag.py
[2026-07-20T06:37:27.576+0000] {processor.py:830} INFO - Processing file /workspaces/recomart-recommendation-pipeline/airflow_venv/lib/python3.12/site-packages/airflow/example_dags/example_nested_branch_dag.py for tasks to queue
[2026-07-20T06:37:27.582+0000] {logging_mixin.py:188} INFO - [2026-07-20T06:37:27.581+0000] {dagbag.py:545} INFO - Filling up the DagBag from /workspaces/recomart-recommendation-pipeline/airflow_venv/lib/python3.12/site-packages/airflow/example_dags/example_nested_branch_dag.py
[2026-07-20T06:37:27.614+0000] {processor.py:840} INFO - DAG(s) 'example_nested_branch_dag' retrieved from /workspaces/recomart-recommendation-pipeline/airflow_venv/lib/python3.12/site-packages/airflow/example_dags/example_nested_branch_dag.py
[2026-07-20T06:37:27.643+0000] {logging_mixin.py:188} INFO - [2026-07-20T06:37:27.643+0000] {dag.py:3089} INFO - Sync 1 DAGs
[2026-07-20T06:37:27.676+0000] {logging_mixin.py:188} INFO - [2026-07-20T06:37:27.676+0000] {dag.py:3947} INFO - Setting next_dagrun for example_nested_branch_dag to 2026-07-19 00:00:00+00:00, run_after=2026-07-20 00:00:00+00:00
[2026-07-20T06:37:27.696+0000] {processor.py:183} INFO - Processing /workspaces/recomart-recommendation-pipeline/airflow_venv/lib/python3.12/site-packages/airflow/example_dags/example_nested_branch_dag.py took 0.144 seconds
[2026-07-20T06:38:38.208+0000] {processor.py:161} INFO - Started process (PID=79614) to work on /workspaces/recomart-recommendation-pipeline/airflow_venv/lib/python3.12/site-packages/airflow/example_dags/example_nested_branch_dag.py
[2026-07-20T06:38:38.209+0000] {processor.py:830} INFO - Processing file /workspaces/recomart-recommendation-pipeline/airflow_venv/lib/python3.12/site-packages/airflow/example_dags/example_nested_branch_dag.py for tasks to queue
[2026-07-20T06:38:38.211+0000] {logging_mixin.py:188} INFO - [2026-07-20T06:38:38.210+0000] {dagbag.py:545} INFO - Filling up the DagBag from /workspaces/recomart-recommendation-pipeline/airflow_venv/lib/python3.12/site-packages/airflow/example_dags/example_nested_branch_dag.py
[2026-07-20T06:38:38.218+0000] {processor.py:840} INFO - DAG(s) 'example_nested_branch_dag' retrieved from /workspaces/recomart-recommendation-pipeline/airflow_venv/lib/python3.12/site-packages/airflow/example_dags/example_nested_branch_dag.py
[2026-07-20T06:38:38.234+0000] {logging_mixin.py:188} INFO - [2026-07-20T06:38:38.234+0000] {dag.py:3089} INFO - Sync 1 DAGs
[2026-07-20T06:38:38.345+0000] {logging_mixin.py:188} INFO - [2026-07-20T06:38:38.344+0000] {dag.py:3947} INFO - Setting next_dagrun for example_nested_branch_dag to 2026-07-19 00:00:00+00:00, run_after=2026-07-20 00:00:00+00:00
[2026-07-20T06:38:38.361+0000] {processor.py:183} INFO - Processing /workspaces/recomart-recommendation-pipeline/airflow_venv/lib/python3.12/site-packages/airflow/example_dags/example_nested_branch_dag.py took 0.159 seconds
[2026-07-20T06:39:48.850+0000] {processor.py:161} INFO - Started process (PID=80228) to work on /workspaces/recomart-recommendation-pipeline/airflow_venv/lib/python3.12/site-packages/airflow/example_dags/example_nested_branch_dag.py
[2026-07-20T06:39:48.851+0000] {processor.py:830} INFO - Processing file /workspaces/recomart-recommendation-pipeline/airflow_venv/lib/python3.12/site-packages/airflow/example_dags/example_nested_branch_dag.py for tasks to queue
[2026-07-20T06:39:48.852+0000] {logging_mixin.py:188} INFO - [2026-07-20T06:39:48.852+0000] {dagbag.py:545} INFO - Filling up the DagBag from /workspaces/recomart-recommendation-pipeline/airflow_venv/lib/python3.12/site-packages/airflow/example_dags/example_nested_branch_dag.py
[2026-07-20T06:39:48.860+0000] {processor.py:840} INFO - DAG(s) 'example_nested_branch_dag' retrieved from /workspaces/recomart-recommendation-pipeline/airflow_venv/lib/python3.12/site-packages/airflow/example_dags/example_nested_branch_dag.py
[2026-07-20T06:39:48.874+0000] {logging_mixin.py:188} INFO - [2026-07-20T06:39:48.873+0000] {dag.py:3089} INFO - Sync 1 DAGs
[2026-07-20T06:39:48.990+0000] {logging_mixin.py:188} INFO - [2026-07-20T06:39:48.989+0000] {dag.py:3947} INFO - Setting next_dagrun for example_nested_branch_dag to 2026-07-19 00:00:00+00:00, run_after=2026-07-20 00:00:00+00:00
[2026-07-20T06:39:49.008+0000] {processor.py:183} INFO - Processing /workspaces/recomart-recommendation-pipeline/airflow_venv/lib/python3.12/site-packages/airflow/example_dags/example_nested_branch_dag.py took 0.162 seconds
[2026-07-20T06:40:38.791+0000] {processor.py:161} INFO - Started process (PID=80592) to work on /workspaces/recomart-recommendation-pipeline/airflow_venv/lib/python3.12/site-packages/airflow/example_dags/example_nested_branch_dag.py
[2026-07-20T06:40:38.794+0000] {processor.py:830} INFO - Processing file /workspaces/recomart-recommendation-pipeline/airflow_venv/lib/python3.12/site-packages/airflow/example_dags/example_nested_branch_dag.py for tasks to queue
[2026-07-20T06:40:38.796+0000] {logging_mixin.py:188} INFO - [2026-07-20T06:40:38.795+0000] {dagbag.py:545} INFO - Filling up the DagBag from /workspaces/recomart-recommendation-pipeline/airflow_venv/lib/python3.12/site-packages/airflow/example_dags/example_nested_branch_dag.py
[2026-07-20T06:40:38.804+0000] {processor.py:840} INFO - DAG(s) 'example_nested_branch_dag' retrieved from /workspaces/recomart-recommendation-pipeline/airflow_venv/lib/python3.12/site-packages/airflow/example_dags/example_nested_branch_dag.py
[2026-07-20T06:40:38.817+0000] {logging_mixin.py:188} INFO - [2026-07-20T06:40:38.817+0000] {dag.py:3089} INFO - Sync 1 DAGs
[2026-07-20T06:40:38.832+0000] {logging_mixin.py:188} INFO - [2026-07-20T06:40:38.832+0000] {dag.py:3947} INFO - Setting next_dagrun for example_nested_branch_dag to 2026-07-19 00:00:00+00:00, run_after=2026-07-20 00:00:00+00:00
[2026-07-20T06:40:38.850+0000] {processor.py:183} INFO - Processing /workspaces/recomart-recommendation-pipeline/airflow_venv/lib/python3.12/site-packages/airflow/example_dags/example_nested_branch_dag.py took 0.064 seconds
[2026-07-20T06:41:48.893+0000] {processor.py:161} INFO - Started process (PID=81287) to work on /workspaces/recomart-recommendation-pipeline/airflow_venv/lib/python3.12/site-packages/airflow/example_dags/example_nested_branch_dag.py
[2026-07-20T06:41:48.894+0000] {processor.py:830} INFO - Processing file /workspaces/recomart-recommendation-pipeline/airflow_venv/lib/python3.12/site-packages/airflow/example_dags/example_nested_branch_dag.py for tasks to queue
[2026-07-20T06:41:48.896+0000] {logging_mixin.py:188} INFO - [2026-07-20T06:41:48.895+0000] {dagbag.py:545} INFO - Filling up the DagBag from /workspaces/recomart-recommendation-pipeline/airflow_venv/lib/python3.12/site-packages/airflow/example_dags/example_nested_branch_dag.py
[2026-07-20T06:41:48.905+0000] {processor.py:840} INFO - DAG(s) 'example_nested_branch_dag' retrieved from /workspaces/recomart-recommendation-pipeline/airflow_venv/lib/python3.12/site-packages/airflow/example_dags/example_nested_branch_dag.py
[2026-07-20T06:41:48.918+0000] {logging_mixin.py:188} INFO - [2026-07-20T06:41:48.918+0000] {dag.py:3089} INFO - Sync 1 DAGs
[2026-07-20T06:41:48.933+0000] {logging_mixin.py:188} INFO - [2026-07-20T06:41:48.933+0000] {dag.py:3947} INFO - Setting next_dagrun for example_nested_branch_dag to 2026-07-19 00:00:00+00:00, run_after=2026-07-20 00:00:00+00:00
[2026-07-20T06:41:48.950+0000] {processor.py:183} INFO - Processing /workspaces/recomart-recommendation-pipeline/airflow_venv/lib/python3.12/site-packages/airflow/example_dags/example_nested_branch_dag.py took 0.063 seconds
[2026-07-20T06:42:35.656+0000] {processor.py:161} INFO - Started process (PID=81632) to work on /workspaces/recomart-recommendation-pipeline/airflow_venv/lib/python3.12/site-packages/airflow/example_dags/example_nested_branch_dag.py
[2026-07-20T06:42:35.657+0000] {processor.py:830} INFO - Processing file /workspaces/recomart-recommendation-pipeline/airflow_venv/lib/python3.12/site-packages/airflow/example_dags/example_nested_branch_dag.py for tasks to queue
[2026-07-20T06:42:35.658+0000] {logging_mixin.py:188} INFO - [2026-07-20T06:42:35.658+0000] {dagbag.py:545} INFO - Filling up the DagBag from /workspaces/recomart-recommendation-pipeline/airflow_venv/lib/python3.12/site-packages/airflow/example_dags/example_nested_branch_dag.py
[2026-07-20T06:42:35.666+0000] {processor.py:840} INFO - DAG(s) 'example_nested_branch_dag' retrieved from /workspaces/recomart-recommendation-pipeline/airflow_venv/lib/python3.12/site-packages/airflow/example_dags/example_nested_branch_dag.py
[2026-07-20T06:42:35.683+0000] {logging_mixin.py:188} INFO - [2026-07-20T06:42:35.682+0000] {dag.py:3089} INFO - Sync 1 DAGs
[2026-07-20T06:42:35.699+0000] {logging_mixin.py:188} INFO - [2026-07-20T06:42:35.699+0000] {dag.py:3947} INFO - Setting next_dagrun for example_nested_branch_dag to 2026-07-19 00:00:00+00:00, run_after=2026-07-20 00:00:00+00:00
[2026-07-20T06:42:35.715+0000] {processor.py:183} INFO - Processing /workspaces/recomart-recommendation-pipeline/airflow_venv/lib/python3.12/site-packages/airflow/example_dags/example_nested_branch_dag.py took 0.063 seconds
[2026-07-20T06:43:24.018+0000] {processor.py:161} INFO - Started process (PID=82034) to work on /workspaces/recomart-recommendation-pipeline/airflow_venv/lib/python3.12/site-packages/airflow/example_dags/example_nested_branch_dag.py
[2026-07-20T06:43:24.019+0000] {processor.py:830} INFO - Processing file /workspaces/recomart-recommendation-pipeline/airflow_venv/lib/python3.12/site-packages/airflow/example_dags/example_nested_branch_dag.py for tasks to queue
[2026-07-20T06:43:24.023+0000] {logging_mixin.py:188} INFO - [2026-07-20T06:43:24.021+0000] {dagbag.py:545} INFO - Filling up the DagBag from /workspaces/recomart-recommendation-pipeline/airflow_venv/lib/python3.12/site-packages/airflow/example_dags/example_nested_branch_dag.py
[2026-07-20T06:43:24.041+0000] {processor.py:840} INFO - DAG(s) 'example_nested_branch_dag' retrieved from /workspaces/recomart-recommendation-pipeline/airflow_venv/lib/python3.12/site-packages/airflow/example_dags/example_nested_branch_dag.py
[2026-07-20T06:43:24.066+0000] {logging_mixin.py:188} INFO - [2026-07-20T06:43:24.065+0000] {dag.py:3089} INFO - Sync 1 DAGs
[2026-07-20T06:43:24.096+0000] {logging_mixin.py:188} INFO - [2026-07-20T06:43:24.096+0000] {dag.py:3947} INFO - Setting next_dagrun for example_nested_branch_dag to 2026-07-19 00:00:00+00:00, run_after=2026-07-20 00:00:00+00:00
[2026-07-20T06:43:24.140+0000] {processor.py:183} INFO - Processing /workspaces/recomart-recommendation-pipeline/airflow_venv/lib/python3.12/site-packages/airflow/example_dags/example_nested_branch_dag.py took 0.132 seconds
[2026-07-20T06:44:13.842+0000] {processor.py:161} INFO - Started process (PID=82453) to work on /workspaces/recomart-recommendation-pipeline/airflow_venv/lib/python3.12/site-packages/airflow/example_dags/example_nested_branch_dag.py
[2026-07-20T06:44:13.843+0000] {processor.py:830} INFO - Processing file /workspaces/recomart-recommendation-pipeline/airflow_venv/lib/python3.12/site-packages/airflow/example_dags/example_nested_branch_dag.py for tasks to queue
[2026-07-20T06:44:13.844+0000] {logging_mixin.py:188} INFO - [2026-07-20T06:44:13.844+0000] {dagbag.py:545} INFO - Filling up the DagBag from /workspaces/recomart-recommendation-pipeline/airflow_venv/lib/python3.12/site-packages/airflow/example_dags/example_nested_branch_dag.py
[2026-07-20T06:44:13.853+0000] {processor.py:840} INFO - DAG(s) 'example_nested_branch_dag' retrieved from /workspaces/recomart-recommendation-pipeline/airflow_venv/lib/python3.12/site-packages/airflow/example_dags/example_nested_branch_dag.py
[2026-07-20T06:44:13.866+0000] {logging_mixin.py:188} INFO - [2026-07-20T06:44:13.866+0000] {dag.py:3089} INFO - Sync 1 DAGs
[2026-07-20T06:44:13.885+0000] {logging_mixin.py:188} INFO - [2026-07-20T06:44:13.885+0000] {dag.py:3947} INFO - Setting next_dagrun for example_nested_branch_dag to 2026-07-19 00:00:00+00:00, run_after=2026-07-20 00:00:00+00:00
[2026-07-20T06:44:13.904+0000] {processor.py:183} INFO - Processing /workspaces/recomart-recommendation-pipeline/airflow_venv/lib/python3.12/site-packages/airflow/example_dags/example_nested_branch_dag.py took 0.067 seconds
[2026-07-20T06:45:15.256+0000] {processor.py:161} INFO - Started process (PID=82964) to work on /workspaces/recomart-recommendation-pipeline/airflow_venv/lib/python3.12/site-packages/airflow/example_dags/example_nested_branch_dag.py
[2026-07-20T06:45:15.257+0000] {processor.py:830} INFO - Processing file /workspaces/recomart-recommendation-pipeline/airflow_venv/lib/python3.12/site-packages/airflow/example_dags/example_nested_branch_dag.py for tasks to queue
[2026-07-20T06:45:15.258+0000] {logging_mixin.py:188} INFO - [2026-07-20T06:45:15.258+0000] {dagbag.py:545} INFO - Filling up the DagBag from /workspaces/recomart-recommendation-pipeline/airflow_venv/lib/python3.12/site-packages/airflow/example_dags/example_nested_branch_dag.py
[2026-07-20T06:45:15.266+0000] {processor.py:840} INFO - DAG(s) 'example_nested_branch_dag' retrieved from /workspaces/recomart-recommendation-pipeline/airflow_venv/lib/python3.12/site-packages/airflow/example_dags/example_nested_branch_dag.py
[2026-07-20T06:45:15.285+0000] {logging_mixin.py:188} INFO - [2026-07-20T06:45:15.285+0000] {dag.py:3089} INFO - Sync 1 DAGs
[2026-07-20T06:45:15.302+0000] {logging_mixin.py:188} INFO - [2026-07-20T06:45:15.302+0000] {dag.py:3947} INFO - Setting next_dagrun for example_nested_branch_dag to 2026-07-19 00:00:00+00:00, run_after=2026-07-20 00:00:00+00:00
[2026-07-20T06:45:15.319+0000] {processor.py:183} INFO - Processing /workspaces/recomart-recommendation-pipeline/airflow_venv/lib/python3.12/site-packages/airflow/example_dags/example_nested_branch_dag.py took 0.068 seconds
[2026-07-20T06:46:23.164+0000] {processor.py:161} INFO - Started process (PID=83590) to work on /workspaces/recomart-recommendation-pipeline/airflow_venv/lib/python3.12/site-packages/airflow/example_dags/example_nested_branch_dag.py
[2026-07-20T06:46:23.165+0000] {processor.py:830} INFO - Processing file /workspaces/recomart-recommendation-pipeline/airflow_venv/lib/python3.12/site-packages/airflow/example_dags/example_nested_branch_dag.py for tasks to queue
[2026-07-20T06:46:23.167+0000] {logging_mixin.py:188} INFO - [2026-07-20T06:46:23.167+0000] {dagbag.py:545} INFO - Filling up the DagBag from /workspaces/recomart-recommendation-pipeline/airflow_venv/lib/python3.12/site-packages/airflow/example_dags/example_nested_branch_dag.py
[2026-07-20T06:46:23.178+0000] {processor.py:840} INFO - DAG(s) 'example_nested_branch_dag' retrieved from /workspaces/recomart-recommendation-pipeline/airflow_venv/lib/python3.12/site-packages/airflow/example_dags/example_nested_branch_dag.py
[2026-07-20T06:46:23.197+0000] {logging_mixin.py:188} INFO - [2026-07-20T06:46:23.197+0000] {dag.py:3089} INFO - Sync 1 DAGs
[2026-07-20T06:46:23.212+0000] {logging_mixin.py:188} INFO - [2026-07-20T06:46:23.212+0000] {dag.py:3947} INFO - Setting next_dagrun for example_nested_branch_dag to 2026-07-19 00:00:00+00:00, run_after=2026-07-20 00:00:00+00:00
[2026-07-20T06:46:23.229+0000] {processor.py:183} INFO - Processing /workspaces/recomart-recommendation-pipeline/airflow_venv/lib/python3.12/site-packages/airflow/example_dags/example_nested_branch_dag.py took 0.071 seconds
[2026-07-20T06:47:26.450+0000] {processor.py:161} INFO - Started process (PID=84101) to work on /workspaces/recomart-recommendation-pipeline/airflow_venv/lib/python3.12/site-packages/airflow/example_dags/example_nested_branch_dag.py
[2026-07-20T06:47:26.451+0000] {processor.py:830} INFO - Processing file /workspaces/recomart-recommendation-pipeline/airflow_venv/lib/python3.12/site-packages/airflow/example_dags/example_nested_branch_dag.py for tasks to queue
[2026-07-20T06:47:26.452+0000] {logging_mixin.py:188} INFO - [2026-07-20T06:47:26.452+0000] {dagbag.py:545} INFO - Filling up the DagBag from /workspaces/recomart-recommendation-pipeline/airflow_venv/lib/python3.12/site-packages/airflow/example_dags/example_nested_branch_dag.py
[2026-07-20T06:47:26.460+0000] {processor.py:840} INFO - DAG(s) 'example_nested_branch_dag' retrieved from /workspaces/recomart-recommendation-pipeline/airflow_venv/lib/python3.12/site-packages/airflow/example_dags/example_nested_branch_dag.py
[2026-07-20T06:47:26.474+0000] {logging_mixin.py:188} INFO - [2026-07-20T06:47:26.474+0000] {dag.py:3089} INFO - Sync 1 DAGs
[2026-07-20T06:47:26.493+0000] {logging_mixin.py:188} INFO - [2026-07-20T06:47:26.493+0000] {dag.py:3947} INFO - Setting next_dagrun for example_nested_branch_dag to 2026-07-19 00:00:00+00:00, run_after=2026-07-20 00:00:00+00:00
[2026-07-20T06:47:26.510+0000] {processor.py:183} INFO - Processing /workspaces/recomart-recommendation-pipeline/airflow_venv/lib/python3.12/site-packages/airflow/example_dags/example_nested_branch_dag.py took 0.064 seconds
[2026-07-20T06:48:29.929+0000] {processor.py:161} INFO - Started process (PID=84627) to work on /workspaces/recomart-recommendation-pipeline/airflow_venv/lib/python3.12/site-packages/airflow/example_dags/example_nested_branch_dag.py
[2026-07-20T06:48:29.930+0000] {processor.py:830} INFO - Processing file /workspaces/recomart-recommendation-pipeline/airflow_venv/lib/python3.12/site-packages/airflow/example_dags/example_nested_branch_dag.py for tasks to queue
[2026-07-20T06:48:29.931+0000] {logging_mixin.py:188} INFO - [2026-07-20T06:48:29.931+0000] {dagbag.py:545} INFO - Filling up the DagBag from /workspaces/recomart-recommendation-pipeline/airflow_venv/lib/python3.12/site-packages/airflow/example_dags/example_nested_branch_dag.py
[2026-07-20T06:48:29.939+0000] {processor.py:840} INFO - DAG(s) 'example_nested_branch_dag' retrieved from /workspaces/recomart-recommendation-pipeline/airflow_venv/lib/python3.12/site-packages/airflow/example_dags/example_nested_branch_dag.py
[2026-07-20T06:48:29.951+0000] {logging_mixin.py:188} INFO - [2026-07-20T06:48:29.951+0000] {dag.py:3089} INFO - Sync 1 DAGs
[2026-07-20T06:48:29.967+0000] {logging_mixin.py:188} INFO - [2026-07-20T06:48:29.967+0000] {dag.py:3947} INFO - Setting next_dagrun for example_nested_branch_dag to 2026-07-19 00:00:00+00:00, run_after=2026-07-20 00:00:00+00:00
[2026-07-20T06:48:29.988+0000] {processor.py:183} INFO - Processing /workspaces/recomart-recommendation-pipeline/airflow_venv/lib/python3.12/site-packages/airflow/example_dags/example_nested_branch_dag.py took 0.063 seconds
[2026-07-20T06:49:31.894+0000] {processor.py:161} INFO - Started process (PID=85256) to work on /workspaces/recomart-recommendation-pipeline/airflow_venv/lib/python3.12/site-packages/airflow/example_dags/example_nested_branch_dag.py
[2026-07-20T06:49:31.895+0000] {processor.py:830} INFO - Processing file /workspaces/recomart-recommendation-pipeline/airflow_venv/lib/python3.12/site-packages/airflow/example_dags/example_nested_branch_dag.py for tasks to queue
[2026-07-20T06:49:31.897+0000] {logging_mixin.py:188} INFO - [2026-07-20T06:49:31.897+0000] {dagbag.py:545} INFO - Filling up the DagBag from /workspaces/recomart-recommendation-pipeline/airflow_venv/lib/python3.12/site-packages/airflow/example_dags/example_nested_branch_dag.py
[2026-07-20T06:49:31.905+0000] {processor.py:840} INFO - DAG(s) 'example_nested_branch_dag' retrieved from /workspaces/recomart-recommendation-pipeline/airflow_venv/lib/python3.12/site-packages/airflow/example_dags/example_nested_branch_dag.py
[2026-07-20T06:49:31.918+0000] {logging_mixin.py:188} INFO - [2026-07-20T06:49:31.918+0000] {dag.py:3089} INFO - Sync 1 DAGs
[2026-07-20T06:49:31.933+0000] {logging_mixin.py:188} INFO - [2026-07-20T06:49:31.933+0000] {dag.py:3947} INFO - Setting next_dagrun for example_nested_branch_dag to 2026-07-19 00:00:00+00:00, run_after=2026-07-20 00:00:00+00:00
[2026-07-20T06:49:31.950+0000] {processor.py:183} INFO - Processing /workspaces/recomart-recommendation-pipeline/airflow_venv/lib/python3.12/site-packages/airflow/example_dags/example_nested_branch_dag.py took 0.061 seconds
[2026-07-20T06:50:37.749+0000] {processor.py:161} INFO - Started process (PID=85926) to work on /workspaces/recomart-recommendation-pipeline/airflow_venv/lib/python3.12/site-packages/airflow/example_dags/example_nested_branch_dag.py
[2026-07-20T06:50:37.750+0000] {processor.py:830} INFO - Processing file /workspaces/recomart-recommendation-pipeline/airflow_venv/lib/python3.12/site-packages/airflow/example_dags/example_nested_branch_dag.py for tasks to queue
[2026-07-20T06:50:37.751+0000] {logging_mixin.py:188} INFO - [2026-07-20T06:50:37.751+0000] {dagbag.py:545} INFO - Filling up the DagBag from /workspaces/recomart-recommendation-pipeline/airflow_venv/lib/python3.12/site-packages/airflow/example_dags/example_nested_branch_dag.py
[2026-07-20T06:50:37.760+0000] {processor.py:840} INFO - DAG(s) 'example_nested_branch_dag' retrieved from /workspaces/recomart-recommendation-pipeline/airflow_venv/lib/python3.12/site-packages/airflow/example_dags/example_nested_branch_dag.py
[2026-07-20T06:50:37.775+0000] {logging_mixin.py:188} INFO - [2026-07-20T06:50:37.775+0000] {dag.py:3089} INFO - Sync 1 DAGs
[2026-07-20T06:50:37.793+0000] {logging_mixin.py:188} INFO - [2026-07-20T06:50:37.793+0000] {dag.py:3947} INFO - Setting next_dagrun for example_nested_branch_dag to 2026-07-19 00:00:00+00:00, run_after=2026-07-20 00:00:00+00:00
[2026-07-20T06:50:37.811+0000] {processor.py:183} INFO - Processing /workspaces/recomart-recommendation-pipeline/airflow_venv/lib/python3.12/site-packages/airflow/example_dags/example_nested_branch_dag.py took 0.066 seconds
[2026-07-20T06:51:46.441+0000] {processor.py:161} INFO - Started process (PID=86672) to work on /workspaces/recomart-recommendation-pipeline/airflow_venv/lib/python3.12/site-packages/airflow/example_dags/example_nested_branch_dag.py
[2026-07-20T06:51:46.441+0000] {processor.py:830} INFO - Processing file /workspaces/recomart-recommendation-pipeline/airflow_venv/lib/python3.12/site-packages/airflow/example_dags/example_nested_branch_dag.py for tasks to queue
[2026-07-20T06:51:46.443+0000] {logging_mixin.py:188} INFO - [2026-07-20T06:51:46.442+0000] {dagbag.py:545} INFO - Filling up the DagBag from /workspaces/recomart-recommendation-pipeline/airflow_venv/lib/python3.12/site-packages/airflow/example_dags/example_nested_branch_dag.py
[2026-07-20T06:51:46.451+0000] {processor.py:840} INFO - DAG(s) 'example_nested_branch_dag' retrieved from /workspaces/recomart-recommendation-pipeline/airflow_venv/lib/python3.12/site-packages/airflow/example_dags/example_nested_branch_dag.py
[2026-07-20T06:51:46.464+0000] {logging_mixin.py:188} INFO - [2026-07-20T06:51:46.463+0000] {dag.py:3089} INFO - Sync 1 DAGs
[2026-07-20T06:51:46.483+0000] {logging_mixin.py:188} INFO - [2026-07-20T06:51:46.483+0000] {dag.py:3947} INFO - Setting next_dagrun for example_nested_branch_dag to 2026-07-19 00:00:00+00:00, run_after=2026-07-20 00:00:00+00:00
[2026-07-20T06:51:46.501+0000] {processor.py:183} INFO - Processing /workspaces/recomart-recommendation-pipeline/airflow_venv/lib/python3.12/site-packages/airflow/example_dags/example_nested_branch_dag.py took 0.065 seconds
[2026-07-20T06:58:18.606+0000] {processor.py:161} INFO - Started process (PID=89803) to work on /workspaces/recomart-recommendation-pipeline/airflow_venv/lib/python3.12/site-packages/airflow/example_dags/example_nested_branch_dag.py
[2026-07-20T06:58:18.607+0000] {processor.py:830} INFO - Processing file /workspaces/recomart-recommendation-pipeline/airflow_venv/lib/python3.12/site-packages/airflow/example_dags/example_nested_branch_dag.py for tasks to queue
[2026-07-20T06:58:18.608+0000] {logging_mixin.py:188} INFO - [2026-07-20T06:58:18.608+0000] {dagbag.py:545} INFO - Filling up the DagBag from /workspaces/recomart-recommendation-pipeline/airflow_venv/lib/python3.12/site-packages/airflow/example_dags/example_nested_branch_dag.py
[2026-07-20T06:58:18.616+0000] {processor.py:840} INFO - DAG(s) 'example_nested_branch_dag' retrieved from /workspaces/recomart-recommendation-pipeline/airflow_venv/lib/python3.12/site-packages/airflow/example_dags/example_nested_branch_dag.py
[2026-07-20T06:58:18.705+0000] {logging_mixin.py:188} INFO - [2026-07-20T06:58:18.705+0000] {dag.py:3089} INFO - Sync 1 DAGs
[2026-07-20T06:58:18.720+0000] {logging_mixin.py:188} INFO - [2026-07-20T06:58:18.719+0000] {dag.py:3947} INFO - Setting next_dagrun for example_nested_branch_dag to 2026-07-19 00:00:00+00:00, run_after=2026-07-20 00:00:00+00:00
[2026-07-20T06:58:18.739+0000] {processor.py:183} INFO - Processing /workspaces/recomart-recommendation-pipeline/airflow_venv/lib/python3.12/site-packages/airflow/example_dags/example_nested_branch_dag.py took 0.137 seconds
[2026-07-20T06:59:54.824+0000] {processor.py:161} INFO - Started process (PID=91383) to work on /workspaces/recomart-recommendation-pipeline/airflow_venv/lib/python3.12/site-packages/airflow/example_dags/example_nested_branch_dag.py
[2026-07-20T06:59:54.827+0000] {processor.py:830} INFO - Processing file /workspaces/recomart-recommendation-pipeline/airflow_venv/lib/python3.12/site-packages/airflow/example_dags/example_nested_branch_dag.py for tasks to queue
[2026-07-20T06:59:54.828+0000] {logging_mixin.py:188} INFO - [2026-07-20T06:59:54.828+0000] {dagbag.py:545} INFO - Filling up the DagBag from /workspaces/recomart-recommendation-pipeline/airflow_venv/lib/python3.12/site-packages/airflow/example_dags/example_nested_branch_dag.py
[2026-07-20T06:59:54.836+0000] {processor.py:840} INFO - DAG(s) 'example_nested_branch_dag' retrieved from /workspaces/recomart-recommendation-pipeline/airflow_venv/lib/python3.12/site-packages/airflow/example_dags/example_nested_branch_dag.py
[2026-07-20T06:59:54.850+0000] {logging_mixin.py:188} INFO - [2026-07-20T06:59:54.849+0000] {dag.py:3089} INFO - Sync 1 DAGs
[2026-07-20T06:59:54.866+0000] {logging_mixin.py:188} INFO - [2026-07-20T06:59:54.866+0000] {dag.py:3947} INFO - Setting next_dagrun for example_nested_branch_dag to 2026-07-19 00:00:00+00:00, run_after=2026-07-20 00:00:00+00:00
[2026-07-20T06:59:54.891+0000] {processor.py:183} INFO - Processing /workspaces/recomart-recommendation-pipeline/airflow_venv/lib/python3.12/site-packages/airflow/example_dags/example_nested_branch_dag.py took 0.071 seconds
[2026-07-20T07:00:46.463+0000] {processor.py:161} INFO - Started process (PID=91940) to work on /workspaces/recomart-recommendation-pipeline/airflow_venv/lib/python3.12/site-packages/airflow/example_dags/example_nested_branch_dag.py
[2026-07-20T07:00:46.464+0000] {processor.py:830} INFO - Processing file /workspaces/recomart-recommendation-pipeline/airflow_venv/lib/python3.12/site-packages/airflow/example_dags/example_nested_branch_dag.py for tasks to queue
[2026-07-20T07:00:46.466+0000] {logging_mixin.py:188} INFO - [2026-07-20T07:00:46.465+0000] {dagbag.py:545} INFO - Filling up the DagBag from /workspaces/recomart-recommendation-pipeline/airflow_venv/lib/python3.12/site-packages/airflow/example_dags/example_nested_branch_dag.py
[2026-07-20T07:00:46.480+0000] {processor.py:840} INFO - DAG(s) 'example_nested_branch_dag' retrieved from /workspaces/recomart-recommendation-pipeline/airflow_venv/lib/python3.12/site-packages/airflow/example_dags/example_nested_branch_dag.py
[2026-07-20T07:00:46.500+0000] {logging_mixin.py:188} INFO - [2026-07-20T07:00:46.500+0000] {dag.py:3089} INFO - Sync 1 DAGs
[2026-07-20T07:00:46.524+0000] {logging_mixin.py:188} INFO - [2026-07-20T07:00:46.523+0000] {dag.py:3947} INFO - Setting next_dagrun for example_nested_branch_dag to 2026-07-19 00:00:00+00:00, run_after=2026-07-20 00:00:00+00:00
[2026-07-20T07:00:46.558+0000] {processor.py:183} INFO - Processing /workspaces/recomart-recommendation-pipeline/airflow_venv/lib/python3.12/site-packages/airflow/example_dags/example_nested_branch_dag.py took 0.104 seconds
[2026-07-20T07:01:38.347+0000] {processor.py:161} INFO - Started process (PID=92380) to work on /workspaces/recomart-recommendation-pipeline/airflow_venv/lib/python3.12/site-packages/airflow/example_dags/example_nested_branch_dag.py
[2026-07-20T07:01:38.347+0000] {processor.py:830} INFO - Processing file /workspaces/recomart-recommendation-pipeline/airflow_venv/lib/python3.12/site-packages/airflow/example_dags/example_nested_branch_dag.py for tasks to queue
[2026-07-20T07:01:38.349+0000] {logging_mixin.py:188} INFO - [2026-07-20T07:01:38.349+0000] {dagbag.py:545} INFO - Filling up the DagBag from /workspaces/recomart-recommendation-pipeline/airflow_venv/lib/python3.12/site-packages/airflow/example_dags/example_nested_branch_dag.py
[2026-07-20T07:01:38.357+0000] {processor.py:840} INFO - DAG(s) 'example_nested_branch_dag' retrieved from /workspaces/recomart-recommendation-pipeline/airflow_venv/lib/python3.12/site-packages/airflow/example_dags/example_nested_branch_dag.py
[2026-07-20T07:01:38.370+0000] {logging_mixin.py:188} INFO - [2026-07-20T07:01:38.370+0000] {dag.py:3089} INFO - Sync 1 DAGs
[2026-07-20T07:01:38.391+0000] {logging_mixin.py:188} INFO - [2026-07-20T07:01:38.391+0000] {dag.py:3947} INFO - Setting next_dagrun for example_nested_branch_dag to 2026-07-19 00:00:00+00:00, run_after=2026-07-20 00:00:00+00:00
[2026-07-20T07:01:38.411+0000] {processor.py:183} INFO - Processing /workspaces/recomart-recommendation-pipeline/airflow_venv/lib/python3.12/site-packages/airflow/example_dags/example_nested_branch_dag.py took 0.068 seconds
