[2026-07-20T05:59:33.323+0000] {processor.py:161} INFO - Started process (PID=58385) to work on /workspaces/recomart-recommendation-pipeline/airflow_venv/lib/python3.12/site-packages/airflow/example_dags/example_branch_datetime_operator.py
[2026-07-20T05:59:33.324+0000] {processor.py:830} INFO - Processing file /workspaces/recomart-recommendation-pipeline/airflow_venv/lib/python3.12/site-packages/airflow/example_dags/example_branch_datetime_operator.py for tasks to queue
[2026-07-20T05:59:33.325+0000] {logging_mixin.py:188} INFO - [2026-07-20T05:59:33.325+0000] {dagbag.py:545} INFO - Filling up the DagBag from /workspaces/recomart-recommendation-pipeline/airflow_venv/lib/python3.12/site-packages/airflow/example_dags/example_branch_datetime_operator.py
[2026-07-20T05:59:33.333+0000] {processor.py:840} INFO - DAG(s) 'example_branch_datetime_operator', 'example_branch_datetime_operator_2', 'example_branch_datetime_operator_3' retrieved from /workspaces/recomart-recommendation-pipeline/airflow_venv/lib/python3.12/site-packages/airflow/example_dags/example_branch_datetime_operator.py
[2026-07-20T05:59:33.432+0000] {logging_mixin.py:188} INFO - [2026-07-20T05:59:33.431+0000] {override.py:1858} INFO - Created Permission View: can read on DAG:example_branch_datetime_operator
[2026-07-20T05:59:33.445+0000] {logging_mixin.py:188} INFO - [2026-07-20T05:59:33.444+0000] {override.py:1858} INFO - Created Permission View: can edit on DAG:example_branch_datetime_operator
[2026-07-20T05:59:33.453+0000] {logging_mixin.py:188} INFO - [2026-07-20T05:59:33.452+0000] {override.py:1858} INFO - Created Permission View: can delete on DAG:example_branch_datetime_operator
[2026-07-20T05:59:33.479+0000] {logging_mixin.py:188} INFO - [2026-07-20T05:59:33.479+0000] {override.py:1858} INFO - Created Permission View: can read on DAG:example_branch_datetime_operator_2
[2026-07-20T05:59:33.486+0000] {logging_mixin.py:188} INFO - [2026-07-20T05:59:33.486+0000] {override.py:1858} INFO - Created Permission View: can edit on DAG:example_branch_datetime_operator_2
[2026-07-20T05:59:33.494+0000] {logging_mixin.py:188} INFO - [2026-07-20T05:59:33.493+0000] {override.py:1858} INFO - Created Permission View: can delete on DAG:example_branch_datetime_operator_2
[2026-07-20T05:59:33.510+0000] {logging_mixin.py:188} INFO - [2026-07-20T05:59:33.509+0000] {override.py:1858} INFO - Created Permission View: can read on DAG:example_branch_datetime_operator_3
[2026-07-20T05:59:33.517+0000] {logging_mixin.py:188} INFO - [2026-07-20T05:59:33.517+0000] {override.py:1858} INFO - Created Permission View: can edit on DAG:example_branch_datetime_operator_3
[2026-07-20T05:59:33.523+0000] {logging_mixin.py:188} INFO - [2026-07-20T05:59:33.523+0000] {override.py:1858} INFO - Created Permission View: can delete on DAG:example_branch_datetime_operator_3
[2026-07-20T05:59:33.524+0000] {logging_mixin.py:188} INFO - [2026-07-20T05:59:33.524+0000] {dag.py:3089} INFO - Sync 3 DAGs
[2026-07-20T05:59:33.532+0000] {logging_mixin.py:188} INFO - [2026-07-20T05:59:33.532+0000] {dag.py:3111} INFO - Creating ORM DAG for example_branch_datetime_operator
[2026-07-20T05:59:33.532+0000] {logging_mixin.py:188} INFO - [2026-07-20T05:59:33.532+0000] {dag.py:3111} INFO - Creating ORM DAG for example_branch_datetime_operator_3
[2026-07-20T05:59:33.533+0000] {logging_mixin.py:188} INFO - [2026-07-20T05:59:33.533+0000] {dag.py:3111} INFO - Creating ORM DAG for example_branch_datetime_operator_2
[2026-07-20T05:59:33.542+0000] {logging_mixin.py:188} INFO - [2026-07-20T05:59:33.541+0000] {dag.py:3947} INFO - Setting next_dagrun for example_branch_datetime_operator to 2026-07-19 00:00:00+00:00, run_after=2026-07-20 00:00:00+00:00
[2026-07-20T05:59:33.544+0000] {logging_mixin.py:188} INFO - [2026-07-20T05:59:33.544+0000] {dag.py:3947} INFO - Setting next_dagrun for example_branch_datetime_operator_2 to 2026-07-19 00:00:00+00:00, run_after=2026-07-20 00:00:00+00:00
[2026-07-20T05:59:33.545+0000] {logging_mixin.py:188} INFO - [2026-07-20T05:59:33.545+0000] {dag.py:3947} INFO - Setting next_dagrun for example_branch_datetime_operator_3 to 2026-07-19 00:00:00+00:00, run_after=2026-07-20 00:00:00+00:00
[2026-07-20T05:59:33.563+0000] {processor.py:183} INFO - Processing /workspaces/recomart-recommendation-pipeline/airflow_venv/lib/python3.12/site-packages/airflow/example_dags/example_branch_datetime_operator.py took 0.244 seconds
[2026-07-20T06:00:25.273+0000] {processor.py:161} INFO - Started process (PID=58818) to work on /workspaces/recomart-recommendation-pipeline/airflow_venv/lib/python3.12/site-packages/airflow/example_dags/example_branch_datetime_operator.py
[2026-07-20T06:00:25.274+0000] {processor.py:830} INFO - Processing file /workspaces/recomart-recommendation-pipeline/airflow_venv/lib/python3.12/site-packages/airflow/example_dags/example_branch_datetime_operator.py for tasks to queue
[2026-07-20T06:00:25.276+0000] {logging_mixin.py:188} INFO - [2026-07-20T06:00:25.275+0000] {dagbag.py:545} INFO - Filling up the DagBag from /workspaces/recomart-recommendation-pipeline/airflow_venv/lib/python3.12/site-packages/airflow/example_dags/example_branch_datetime_operator.py
[2026-07-20T06:00:25.287+0000] {processor.py:840} INFO - DAG(s) 'example_branch_datetime_operator', 'example_branch_datetime_operator_3', 'example_branch_datetime_operator_2' retrieved from /workspaces/recomart-recommendation-pipeline/airflow_venv/lib/python3.12/site-packages/airflow/example_dags/example_branch_datetime_operator.py
[2026-07-20T06:00:25.304+0000] {logging_mixin.py:188} INFO - [2026-07-20T06:00:25.304+0000] {dag.py:3089} INFO - Sync 3 DAGs
[2026-07-20T06:00:25.320+0000] {logging_mixin.py:188} INFO - [2026-07-20T06:00:25.320+0000] {dag.py:3947} INFO - Setting next_dagrun for example_branch_datetime_operator to 2026-07-19 00:00:00+00:00, run_after=2026-07-20 00:00:00+00:00
[2026-07-20T06:00:25.324+0000] {logging_mixin.py:188} INFO - [2026-07-20T06:00:25.324+0000] {dag.py:3947} INFO - Setting next_dagrun for example_branch_datetime_operator_2 to 2026-07-19 00:00:00+00:00, run_after=2026-07-20 00:00:00+00:00
[2026-07-20T06:00:25.326+0000] {logging_mixin.py:188} INFO - [2026-07-20T06:00:25.326+0000] {dag.py:3947} INFO - Setting next_dagrun for example_branch_datetime_operator_3 to 2026-07-19 00:00:00+00:00, run_after=2026-07-20 00:00:00+00:00
[2026-07-20T06:00:25.340+0000] {processor.py:183} INFO - Processing /workspaces/recomart-recommendation-pipeline/airflow_venv/lib/python3.12/site-packages/airflow/example_dags/example_branch_datetime_operator.py took 0.072 seconds
[2026-07-20T06:01:30.355+0000] {processor.py:161} INFO - Started process (PID=59602) to work on /workspaces/recomart-recommendation-pipeline/airflow_venv/lib/python3.12/site-packages/airflow/example_dags/example_branch_datetime_operator.py
[2026-07-20T06:01:30.356+0000] {processor.py:830} INFO - Processing file /workspaces/recomart-recommendation-pipeline/airflow_venv/lib/python3.12/site-packages/airflow/example_dags/example_branch_datetime_operator.py for tasks to queue
[2026-07-20T06:01:30.357+0000] {logging_mixin.py:188} INFO - [2026-07-20T06:01:30.357+0000] {dagbag.py:545} INFO - Filling up the DagBag from /workspaces/recomart-recommendation-pipeline/airflow_venv/lib/python3.12/site-packages/airflow/example_dags/example_branch_datetime_operator.py
[2026-07-20T06:01:30.366+0000] {processor.py:840} INFO - DAG(s) 'example_branch_datetime_operator_3', 'example_branch_datetime_operator', 'example_branch_datetime_operator_2' retrieved from /workspaces/recomart-recommendation-pipeline/airflow_venv/lib/python3.12/site-packages/airflow/example_dags/example_branch_datetime_operator.py
[2026-07-20T06:01:30.389+0000] {logging_mixin.py:188} INFO - [2026-07-20T06:01:30.389+0000] {dag.py:3089} INFO - Sync 3 DAGs
[2026-07-20T06:01:30.407+0000] {logging_mixin.py:188} INFO - [2026-07-20T06:01:30.406+0000] {dag.py:3947} INFO - Setting next_dagrun for example_branch_datetime_operator to 2026-07-19 00:00:00+00:00, run_after=2026-07-20 00:00:00+00:00
[2026-07-20T06:01:30.410+0000] {logging_mixin.py:188} INFO - [2026-07-20T06:01:30.410+0000] {dag.py:3947} INFO - Setting next_dagrun for example_branch_datetime_operator_2 to 2026-07-19 00:00:00+00:00, run_after=2026-07-20 00:00:00+00:00
[2026-07-20T06:01:30.412+0000] {logging_mixin.py:188} INFO - [2026-07-20T06:01:30.412+0000] {dag.py:3947} INFO - Setting next_dagrun for example_branch_datetime_operator_3 to 2026-07-19 00:00:00+00:00, run_after=2026-07-20 00:00:00+00:00
[2026-07-20T06:01:30.428+0000] {processor.py:183} INFO - Processing /workspaces/recomart-recommendation-pipeline/airflow_venv/lib/python3.12/site-packages/airflow/example_dags/example_branch_datetime_operator.py took 0.077 seconds
[2026-07-20T06:02:35.927+0000] {processor.py:161} INFO - Started process (PID=60216) to work on /workspaces/recomart-recommendation-pipeline/airflow_venv/lib/python3.12/site-packages/airflow/example_dags/example_branch_datetime_operator.py
[2026-07-20T06:02:35.928+0000] {processor.py:830} INFO - Processing file /workspaces/recomart-recommendation-pipeline/airflow_venv/lib/python3.12/site-packages/airflow/example_dags/example_branch_datetime_operator.py for tasks to queue
[2026-07-20T06:02:35.930+0000] {logging_mixin.py:188} INFO - [2026-07-20T06:02:35.930+0000] {dagbag.py:545} INFO - Filling up the DagBag from /workspaces/recomart-recommendation-pipeline/airflow_venv/lib/python3.12/site-packages/airflow/example_dags/example_branch_datetime_operator.py
[2026-07-20T06:02:35.946+0000] {processor.py:840} INFO - DAG(s) 'example_branch_datetime_operator_3', 'example_branch_datetime_operator', 'example_branch_datetime_operator_2' retrieved from /workspaces/recomart-recommendation-pipeline/airflow_venv/lib/python3.12/site-packages/airflow/example_dags/example_branch_datetime_operator.py
[2026-07-20T06:02:36.004+0000] {logging_mixin.py:188} INFO - [2026-07-20T06:02:36.004+0000] {dag.py:3089} INFO - Sync 3 DAGs
[2026-07-20T06:02:36.042+0000] {logging_mixin.py:188} INFO - [2026-07-20T06:02:36.041+0000] {dag.py:3947} INFO - Setting next_dagrun for example_branch_datetime_operator to 2026-07-19 00:00:00+00:00, run_after=2026-07-20 00:00:00+00:00
[2026-07-20T06:02:36.047+0000] {logging_mixin.py:188} INFO - [2026-07-20T06:02:36.047+0000] {dag.py:3947} INFO - Setting next_dagrun for example_branch_datetime_operator_2 to 2026-07-19 00:00:00+00:00, run_after=2026-07-20 00:00:00+00:00
[2026-07-20T06:02:36.049+0000] {logging_mixin.py:188} INFO - [2026-07-20T06:02:36.049+0000] {dag.py:3947} INFO - Setting next_dagrun for example_branch_datetime_operator_3 to 2026-07-19 00:00:00+00:00, run_after=2026-07-20 00:00:00+00:00
[2026-07-20T06:02:36.068+0000] {processor.py:183} INFO - Processing /workspaces/recomart-recommendation-pipeline/airflow_venv/lib/python3.12/site-packages/airflow/example_dags/example_branch_datetime_operator.py took 0.146 seconds
[2026-07-20T06:03:37.713+0000] {processor.py:161} INFO - Started process (PID=60762) to work on /workspaces/recomart-recommendation-pipeline/airflow_venv/lib/python3.12/site-packages/airflow/example_dags/example_branch_datetime_operator.py
[2026-07-20T06:03:37.715+0000] {processor.py:830} INFO - Processing file /workspaces/recomart-recommendation-pipeline/airflow_venv/lib/python3.12/site-packages/airflow/example_dags/example_branch_datetime_operator.py for tasks to queue
[2026-07-20T06:03:37.718+0000] {logging_mixin.py:188} INFO - [2026-07-20T06:03:37.718+0000] {dagbag.py:545} INFO - Filling up the DagBag from /workspaces/recomart-recommendation-pipeline/airflow_venv/lib/python3.12/site-packages/airflow/example_dags/example_branch_datetime_operator.py
[2026-07-20T06:03:37.747+0000] {processor.py:840} INFO - DAG(s) 'example_branch_datetime_operator', 'example_branch_datetime_operator_3', 'example_branch_datetime_operator_2' retrieved from /workspaces/recomart-recommendation-pipeline/airflow_venv/lib/python3.12/site-packages/airflow/example_dags/example_branch_datetime_operator.py
[2026-07-20T06:03:37.783+0000] {logging_mixin.py:188} INFO - [2026-07-20T06:03:37.783+0000] {dag.py:3089} INFO - Sync 3 DAGs
[2026-07-20T06:03:37.815+0000] {logging_mixin.py:188} INFO - [2026-07-20T06:03:37.814+0000] {dag.py:3947} INFO - Setting next_dagrun for example_branch_datetime_operator to 2026-07-19 00:00:00+00:00, run_after=2026-07-20 00:00:00+00:00
[2026-07-20T06:03:37.824+0000] {logging_mixin.py:188} INFO - [2026-07-20T06:03:37.824+0000] {dag.py:3947} INFO - Setting next_dagrun for example_branch_datetime_operator_2 to 2026-07-19 00:00:00+00:00, run_after=2026-07-20 00:00:00+00:00
[2026-07-20T06:03:37.827+0000] {logging_mixin.py:188} INFO - [2026-07-20T06:03:37.826+0000] {dag.py:3947} INFO - Setting next_dagrun for example_branch_datetime_operator_3 to 2026-07-19 00:00:00+00:00, run_after=2026-07-20 00:00:00+00:00
[2026-07-20T06:03:37.888+0000] {processor.py:183} INFO - Processing /workspaces/recomart-recommendation-pipeline/airflow_venv/lib/python3.12/site-packages/airflow/example_dags/example_branch_datetime_operator.py took 0.186 seconds
[2026-07-20T06:04:45.461+0000] {processor.py:161} INFO - Started process (PID=61369) to work on /workspaces/recomart-recommendation-pipeline/airflow_venv/lib/python3.12/site-packages/airflow/example_dags/example_branch_datetime_operator.py
[2026-07-20T06:04:45.462+0000] {processor.py:830} INFO - Processing file /workspaces/recomart-recommendation-pipeline/airflow_venv/lib/python3.12/site-packages/airflow/example_dags/example_branch_datetime_operator.py for tasks to queue
[2026-07-20T06:04:45.463+0000] {logging_mixin.py:188} INFO - [2026-07-20T06:04:45.463+0000] {dagbag.py:545} INFO - Filling up the DagBag from /workspaces/recomart-recommendation-pipeline/airflow_venv/lib/python3.12/site-packages/airflow/example_dags/example_branch_datetime_operator.py
[2026-07-20T06:04:45.472+0000] {processor.py:840} INFO - DAG(s) 'example_branch_datetime_operator_3', 'example_branch_datetime_operator_2', 'example_branch_datetime_operator' retrieved from /workspaces/recomart-recommendation-pipeline/airflow_venv/lib/python3.12/site-packages/airflow/example_dags/example_branch_datetime_operator.py
[2026-07-20T06:04:45.494+0000] {logging_mixin.py:188} INFO - [2026-07-20T06:04:45.494+0000] {dag.py:3089} INFO - Sync 3 DAGs
[2026-07-20T06:04:45.516+0000] {logging_mixin.py:188} INFO - [2026-07-20T06:04:45.516+0000] {dag.py:3947} INFO - Setting next_dagrun for example_branch_datetime_operator to 2026-07-19 00:00:00+00:00, run_after=2026-07-20 00:00:00+00:00
[2026-07-20T06:04:45.533+0000] {logging_mixin.py:188} INFO - [2026-07-20T06:04:45.533+0000] {dag.py:3947} INFO - Setting next_dagrun for example_branch_datetime_operator_2 to 2026-07-19 00:00:00+00:00, run_after=2026-07-20 00:00:00+00:00
[2026-07-20T06:04:45.544+0000] {logging_mixin.py:188} INFO - [2026-07-20T06:04:45.542+0000] {dag.py:3947} INFO - Setting next_dagrun for example_branch_datetime_operator_3 to 2026-07-19 00:00:00+00:00, run_after=2026-07-20 00:00:00+00:00
[2026-07-20T06:04:45.580+0000] {processor.py:183} INFO - Processing /workspaces/recomart-recommendation-pipeline/airflow_venv/lib/python3.12/site-packages/airflow/example_dags/example_branch_datetime_operator.py took 0.123 seconds
[2026-07-20T06:05:52.655+0000] {processor.py:161} INFO - Started process (PID=61900) to work on /workspaces/recomart-recommendation-pipeline/airflow_venv/lib/python3.12/site-packages/airflow/example_dags/example_branch_datetime_operator.py
[2026-07-20T06:05:52.656+0000] {processor.py:830} INFO - Processing file /workspaces/recomart-recommendation-pipeline/airflow_venv/lib/python3.12/site-packages/airflow/example_dags/example_branch_datetime_operator.py for tasks to queue
[2026-07-20T06:05:52.657+0000] {logging_mixin.py:188} INFO - [2026-07-20T06:05:52.657+0000] {dagbag.py:545} INFO - Filling up the DagBag from /workspaces/recomart-recommendation-pipeline/airflow_venv/lib/python3.12/site-packages/airflow/example_dags/example_branch_datetime_operator.py
[2026-07-20T06:05:52.666+0000] {processor.py:840} INFO - DAG(s) 'example_branch_datetime_operator_2', 'example_branch_datetime_operator', 'example_branch_datetime_operator_3' retrieved from /workspaces/recomart-recommendation-pipeline/airflow_venv/lib/python3.12/site-packages/airflow/example_dags/example_branch_datetime_operator.py
[2026-07-20T06:05:52.694+0000] {logging_mixin.py:188} INFO - [2026-07-20T06:05:52.694+0000] {dag.py:3089} INFO - Sync 3 DAGs
[2026-07-20T06:05:52.738+0000] {logging_mixin.py:188} INFO - [2026-07-20T06:05:52.738+0000] {dag.py:3947} INFO - Setting next_dagrun for example_branch_datetime_operator to 2026-07-19 00:00:00+00:00, run_after=2026-07-20 00:00:00+00:00
[2026-07-20T06:05:52.744+0000] {logging_mixin.py:188} INFO - [2026-07-20T06:05:52.744+0000] {dag.py:3947} INFO - Setting next_dagrun for example_branch_datetime_operator_2 to 2026-07-19 00:00:00+00:00, run_after=2026-07-20 00:00:00+00:00
[2026-07-20T06:05:52.747+0000] {logging_mixin.py:188} INFO - [2026-07-20T06:05:52.747+0000] {dag.py:3947} INFO - Setting next_dagrun for example_branch_datetime_operator_3 to 2026-07-19 00:00:00+00:00, run_after=2026-07-20 00:00:00+00:00
[2026-07-20T06:05:52.782+0000] {processor.py:183} INFO - Processing /workspaces/recomart-recommendation-pipeline/airflow_venv/lib/python3.12/site-packages/airflow/example_dags/example_branch_datetime_operator.py took 0.132 seconds
[2026-07-20T06:07:04.251+0000] {processor.py:161} INFO - Started process (PID=62474) to work on /workspaces/recomart-recommendation-pipeline/airflow_venv/lib/python3.12/site-packages/airflow/example_dags/example_branch_datetime_operator.py
[2026-07-20T06:07:04.252+0000] {processor.py:830} INFO - Processing file /workspaces/recomart-recommendation-pipeline/airflow_venv/lib/python3.12/site-packages/airflow/example_dags/example_branch_datetime_operator.py for tasks to queue
[2026-07-20T06:07:04.253+0000] {logging_mixin.py:188} INFO - [2026-07-20T06:07:04.253+0000] {dagbag.py:545} INFO - Filling up the DagBag from /workspaces/recomart-recommendation-pipeline/airflow_venv/lib/python3.12/site-packages/airflow/example_dags/example_branch_datetime_operator.py
[2026-07-20T06:07:04.261+0000] {processor.py:840} INFO - DAG(s) 'example_branch_datetime_operator', 'example_branch_datetime_operator_3', 'example_branch_datetime_operator_2' retrieved from /workspaces/recomart-recommendation-pipeline/airflow_venv/lib/python3.12/site-packages/airflow/example_dags/example_branch_datetime_operator.py
[2026-07-20T06:07:04.404+0000] {logging_mixin.py:188} INFO - [2026-07-20T06:07:04.404+0000] {dag.py:3089} INFO - Sync 3 DAGs
[2026-07-20T06:07:04.427+0000] {logging_mixin.py:188} INFO - [2026-07-20T06:07:04.427+0000] {dag.py:3947} INFO - Setting next_dagrun for example_branch_datetime_operator to 2026-07-19 00:00:00+00:00, run_after=2026-07-20 00:00:00+00:00
[2026-07-20T06:07:04.432+0000] {logging_mixin.py:188} INFO - [2026-07-20T06:07:04.432+0000] {dag.py:3947} INFO - Setting next_dagrun for example_branch_datetime_operator_2 to 2026-07-19 00:00:00+00:00, run_after=2026-07-20 00:00:00+00:00
[2026-07-20T06:07:04.434+0000] {logging_mixin.py:188} INFO - [2026-07-20T06:07:04.434+0000] {dag.py:3947} INFO - Setting next_dagrun for example_branch_datetime_operator_3 to 2026-07-19 00:00:00+00:00, run_after=2026-07-20 00:00:00+00:00
[2026-07-20T06:07:04.452+0000] {processor.py:183} INFO - Processing /workspaces/recomart-recommendation-pipeline/airflow_venv/lib/python3.12/site-packages/airflow/example_dags/example_branch_datetime_operator.py took 0.205 seconds
[2026-07-20T06:07:58.255+0000] {processor.py:161} INFO - Started process (PID=62934) to work on /workspaces/recomart-recommendation-pipeline/airflow_venv/lib/python3.12/site-packages/airflow/example_dags/example_branch_datetime_operator.py
[2026-07-20T06:07:58.256+0000] {processor.py:830} INFO - Processing file /workspaces/recomart-recommendation-pipeline/airflow_venv/lib/python3.12/site-packages/airflow/example_dags/example_branch_datetime_operator.py for tasks to queue
[2026-07-20T06:07:58.258+0000] {logging_mixin.py:188} INFO - [2026-07-20T06:07:58.258+0000] {dagbag.py:545} INFO - Filling up the DagBag from /workspaces/recomart-recommendation-pipeline/airflow_venv/lib/python3.12/site-packages/airflow/example_dags/example_branch_datetime_operator.py
[2026-07-20T06:07:58.271+0000] {processor.py:840} INFO - DAG(s) 'example_branch_datetime_operator_2', 'example_branch_datetime_operator', 'example_branch_datetime_operator_3' retrieved from /workspaces/recomart-recommendation-pipeline/airflow_venv/lib/python3.12/site-packages/airflow/example_dags/example_branch_datetime_operator.py
[2026-07-20T06:07:58.295+0000] {logging_mixin.py:188} INFO - [2026-07-20T06:07:58.295+0000] {dag.py:3089} INFO - Sync 3 DAGs
[2026-07-20T06:07:58.320+0000] {logging_mixin.py:188} INFO - [2026-07-20T06:07:58.320+0000] {dag.py:3947} INFO - Setting next_dagrun for example_branch_datetime_operator to 2026-07-19 00:00:00+00:00, run_after=2026-07-20 00:00:00+00:00
[2026-07-20T06:07:58.325+0000] {logging_mixin.py:188} INFO - [2026-07-20T06:07:58.325+0000] {dag.py:3947} INFO - Setting next_dagrun for example_branch_datetime_operator_2 to 2026-07-19 00:00:00+00:00, run_after=2026-07-20 00:00:00+00:00
[2026-07-20T06:07:58.328+0000] {logging_mixin.py:188} INFO - [2026-07-20T06:07:58.328+0000] {dag.py:3947} INFO - Setting next_dagrun for example_branch_datetime_operator_3 to 2026-07-19 00:00:00+00:00, run_after=2026-07-20 00:00:00+00:00
[2026-07-20T06:07:58.348+0000] {processor.py:183} INFO - Processing /workspaces/recomart-recommendation-pipeline/airflow_venv/lib/python3.12/site-packages/airflow/example_dags/example_branch_datetime_operator.py took 0.100 seconds
[2026-07-20T06:09:26.671+0000] {processor.py:161} INFO - Started process (PID=63809) to work on /workspaces/recomart-recommendation-pipeline/airflow_venv/lib/python3.12/site-packages/airflow/example_dags/example_branch_datetime_operator.py
[2026-07-20T06:09:26.672+0000] {processor.py:830} INFO - Processing file /workspaces/recomart-recommendation-pipeline/airflow_venv/lib/python3.12/site-packages/airflow/example_dags/example_branch_datetime_operator.py for tasks to queue
[2026-07-20T06:09:26.674+0000] {logging_mixin.py:188} INFO - [2026-07-20T06:09:26.673+0000] {dagbag.py:545} INFO - Filling up the DagBag from /workspaces/recomart-recommendation-pipeline/airflow_venv/lib/python3.12/site-packages/airflow/example_dags/example_branch_datetime_operator.py
[2026-07-20T06:09:26.685+0000] {processor.py:840} INFO - DAG(s) 'example_branch_datetime_operator_3', 'example_branch_datetime_operator', 'example_branch_datetime_operator_2' retrieved from /workspaces/recomart-recommendation-pipeline/airflow_venv/lib/python3.12/site-packages/airflow/example_dags/example_branch_datetime_operator.py
[2026-07-20T06:09:26.795+0000] {logging_mixin.py:188} INFO - [2026-07-20T06:09:26.795+0000] {dag.py:3089} INFO - Sync 3 DAGs
[2026-07-20T06:09:26.813+0000] {logging_mixin.py:188} INFO - [2026-07-20T06:09:26.813+0000] {dag.py:3947} INFO - Setting next_dagrun for example_branch_datetime_operator to 2026-07-19 00:00:00+00:00, run_after=2026-07-20 00:00:00+00:00
[2026-07-20T06:09:26.816+0000] {logging_mixin.py:188} INFO - [2026-07-20T06:09:26.816+0000] {dag.py:3947} INFO - Setting next_dagrun for example_branch_datetime_operator_2 to 2026-07-19 00:00:00+00:00, run_after=2026-07-20 00:00:00+00:00
[2026-07-20T06:09:26.818+0000] {logging_mixin.py:188} INFO - [2026-07-20T06:09:26.817+0000] {dag.py:3947} INFO - Setting next_dagrun for example_branch_datetime_operator_3 to 2026-07-19 00:00:00+00:00, run_after=2026-07-20 00:00:00+00:00
[2026-07-20T06:09:26.833+0000] {processor.py:183} INFO - Processing /workspaces/recomart-recommendation-pipeline/airflow_venv/lib/python3.12/site-packages/airflow/example_dags/example_branch_datetime_operator.py took 0.166 seconds
[2026-07-20T06:10:21.887+0000] {processor.py:161} INFO - Started process (PID=64281) to work on /workspaces/recomart-recommendation-pipeline/airflow_venv/lib/python3.12/site-packages/airflow/example_dags/example_branch_datetime_operator.py
[2026-07-20T06:10:21.888+0000] {processor.py:830} INFO - Processing file /workspaces/recomart-recommendation-pipeline/airflow_venv/lib/python3.12/site-packages/airflow/example_dags/example_branch_datetime_operator.py for tasks to queue
[2026-07-20T06:10:21.889+0000] {logging_mixin.py:188} INFO - [2026-07-20T06:10:21.889+0000] {dagbag.py:545} INFO - Filling up the DagBag from /workspaces/recomart-recommendation-pipeline/airflow_venv/lib/python3.12/site-packages/airflow/example_dags/example_branch_datetime_operator.py
[2026-07-20T06:10:21.897+0000] {processor.py:840} INFO - DAG(s) 'example_branch_datetime_operator_3', 'example_branch_datetime_operator_2', 'example_branch_datetime_operator' retrieved from /workspaces/recomart-recommendation-pipeline/airflow_venv/lib/python3.12/site-packages/airflow/example_dags/example_branch_datetime_operator.py
[2026-07-20T06:10:21.914+0000] {logging_mixin.py:188} INFO - [2026-07-20T06:10:21.913+0000] {dag.py:3089} INFO - Sync 3 DAGs
[2026-07-20T06:10:21.930+0000] {logging_mixin.py:188} INFO - [2026-07-20T06:10:21.930+0000] {dag.py:3947} INFO - Setting next_dagrun for example_branch_datetime_operator to 2026-07-19 00:00:00+00:00, run_after=2026-07-20 00:00:00+00:00
[2026-07-20T06:10:21.934+0000] {logging_mixin.py:188} INFO - [2026-07-20T06:10:21.934+0000] {dag.py:3947} INFO - Setting next_dagrun for example_branch_datetime_operator_2 to 2026-07-19 00:00:00+00:00, run_after=2026-07-20 00:00:00+00:00
[2026-07-20T06:10:21.936+0000] {logging_mixin.py:188} INFO - [2026-07-20T06:10:21.935+0000] {dag.py:3947} INFO - Setting next_dagrun for example_branch_datetime_operator_3 to 2026-07-19 00:00:00+00:00, run_after=2026-07-20 00:00:00+00:00
[2026-07-20T06:10:21.951+0000] {processor.py:183} INFO - Processing /workspaces/recomart-recommendation-pipeline/airflow_venv/lib/python3.12/site-packages/airflow/example_dags/example_branch_datetime_operator.py took 0.070 seconds
[2026-07-20T06:11:26.501+0000] {processor.py:161} INFO - Started process (PID=64982) to work on /workspaces/recomart-recommendation-pipeline/airflow_venv/lib/python3.12/site-packages/airflow/example_dags/example_branch_datetime_operator.py
[2026-07-20T06:11:26.502+0000] {processor.py:830} INFO - Processing file /workspaces/recomart-recommendation-pipeline/airflow_venv/lib/python3.12/site-packages/airflow/example_dags/example_branch_datetime_operator.py for tasks to queue
[2026-07-20T06:11:26.503+0000] {logging_mixin.py:188} INFO - [2026-07-20T06:11:26.503+0000] {dagbag.py:545} INFO - Filling up the DagBag from /workspaces/recomart-recommendation-pipeline/airflow_venv/lib/python3.12/site-packages/airflow/example_dags/example_branch_datetime_operator.py
[2026-07-20T06:11:26.513+0000] {processor.py:840} INFO - DAG(s) 'example_branch_datetime_operator_3', 'example_branch_datetime_operator_2', 'example_branch_datetime_operator' retrieved from /workspaces/recomart-recommendation-pipeline/airflow_venv/lib/python3.12/site-packages/airflow/example_dags/example_branch_datetime_operator.py
[2026-07-20T06:11:26.539+0000] {logging_mixin.py:188} INFO - [2026-07-20T06:11:26.539+0000] {dag.py:3089} INFO - Sync 3 DAGs
[2026-07-20T06:11:26.566+0000] {logging_mixin.py:188} INFO - [2026-07-20T06:11:26.565+0000] {dag.py:3947} INFO - Setting next_dagrun for example_branch_datetime_operator to 2026-07-19 00:00:00+00:00, run_after=2026-07-20 00:00:00+00:00
[2026-07-20T06:11:26.572+0000] {logging_mixin.py:188} INFO - [2026-07-20T06:11:26.571+0000] {dag.py:3947} INFO - Setting next_dagrun for example_branch_datetime_operator_2 to 2026-07-19 00:00:00+00:00, run_after=2026-07-20 00:00:00+00:00
[2026-07-20T06:11:26.574+0000] {logging_mixin.py:188} INFO - [2026-07-20T06:11:26.574+0000] {dag.py:3947} INFO - Setting next_dagrun for example_branch_datetime_operator_3 to 2026-07-19 00:00:00+00:00, run_after=2026-07-20 00:00:00+00:00
[2026-07-20T06:11:26.604+0000] {processor.py:183} INFO - Processing /workspaces/recomart-recommendation-pipeline/airflow_venv/lib/python3.12/site-packages/airflow/example_dags/example_branch_datetime_operator.py took 0.109 seconds
[2026-07-20T06:12:28.066+0000] {processor.py:161} INFO - Started process (PID=65486) to work on /workspaces/recomart-recommendation-pipeline/airflow_venv/lib/python3.12/site-packages/airflow/example_dags/example_branch_datetime_operator.py
[2026-07-20T06:12:28.068+0000] {processor.py:830} INFO - Processing file /workspaces/recomart-recommendation-pipeline/airflow_venv/lib/python3.12/site-packages/airflow/example_dags/example_branch_datetime_operator.py for tasks to queue
[2026-07-20T06:12:28.071+0000] {logging_mixin.py:188} INFO - [2026-07-20T06:12:28.070+0000] {dagbag.py:545} INFO - Filling up the DagBag from /workspaces/recomart-recommendation-pipeline/airflow_venv/lib/python3.12/site-packages/airflow/example_dags/example_branch_datetime_operator.py
[2026-07-20T06:12:28.090+0000] {processor.py:840} INFO - DAG(s) 'example_branch_datetime_operator', 'example_branch_datetime_operator_2', 'example_branch_datetime_operator_3' retrieved from /workspaces/recomart-recommendation-pipeline/airflow_venv/lib/python3.12/site-packages/airflow/example_dags/example_branch_datetime_operator.py
[2026-07-20T06:12:28.114+0000] {logging_mixin.py:188} INFO - [2026-07-20T06:12:28.114+0000] {dag.py:3089} INFO - Sync 3 DAGs
[2026-07-20T06:12:28.139+0000] {logging_mixin.py:188} INFO - [2026-07-20T06:12:28.139+0000] {dag.py:3947} INFO - Setting next_dagrun for example_branch_datetime_operator to 2026-07-19 00:00:00+00:00, run_after=2026-07-20 00:00:00+00:00
[2026-07-20T06:12:28.144+0000] {logging_mixin.py:188} INFO - [2026-07-20T06:12:28.144+0000] {dag.py:3947} INFO - Setting next_dagrun for example_branch_datetime_operator_2 to 2026-07-19 00:00:00+00:00, run_after=2026-07-20 00:00:00+00:00
[2026-07-20T06:12:28.147+0000] {logging_mixin.py:188} INFO - [2026-07-20T06:12:28.147+0000] {dag.py:3947} INFO - Setting next_dagrun for example_branch_datetime_operator_3 to 2026-07-19 00:00:00+00:00, run_after=2026-07-20 00:00:00+00:00
[2026-07-20T06:12:28.177+0000] {processor.py:183} INFO - Processing /workspaces/recomart-recommendation-pipeline/airflow_venv/lib/python3.12/site-packages/airflow/example_dags/example_branch_datetime_operator.py took 0.119 seconds
[2026-07-20T06:13:34.657+0000] {processor.py:161} INFO - Started process (PID=66014) to work on /workspaces/recomart-recommendation-pipeline/airflow_venv/lib/python3.12/site-packages/airflow/example_dags/example_branch_datetime_operator.py
[2026-07-20T06:13:34.658+0000] {processor.py:830} INFO - Processing file /workspaces/recomart-recommendation-pipeline/airflow_venv/lib/python3.12/site-packages/airflow/example_dags/example_branch_datetime_operator.py for tasks to queue
[2026-07-20T06:13:34.659+0000] {logging_mixin.py:188} INFO - [2026-07-20T06:13:34.659+0000] {dagbag.py:545} INFO - Filling up the DagBag from /workspaces/recomart-recommendation-pipeline/airflow_venv/lib/python3.12/site-packages/airflow/example_dags/example_branch_datetime_operator.py
[2026-07-20T06:13:34.667+0000] {processor.py:840} INFO - DAG(s) 'example_branch_datetime_operator_3', 'example_branch_datetime_operator_2', 'example_branch_datetime_operator' retrieved from /workspaces/recomart-recommendation-pipeline/airflow_venv/lib/python3.12/site-packages/airflow/example_dags/example_branch_datetime_operator.py
[2026-07-20T06:13:34.687+0000] {logging_mixin.py:188} INFO - [2026-07-20T06:13:34.687+0000] {dag.py:3089} INFO - Sync 3 DAGs
[2026-07-20T06:13:34.706+0000] {logging_mixin.py:188} INFO - [2026-07-20T06:13:34.705+0000] {dag.py:3947} INFO - Setting next_dagrun for example_branch_datetime_operator to 2026-07-19 00:00:00+00:00, run_after=2026-07-20 00:00:00+00:00
[2026-07-20T06:13:34.711+0000] {logging_mixin.py:188} INFO - [2026-07-20T06:13:34.711+0000] {dag.py:3947} INFO - Setting next_dagrun for example_branch_datetime_operator_2 to 2026-07-19 00:00:00+00:00, run_after=2026-07-20 00:00:00+00:00
[2026-07-20T06:13:34.713+0000] {logging_mixin.py:188} INFO - [2026-07-20T06:13:34.713+0000] {dag.py:3947} INFO - Setting next_dagrun for example_branch_datetime_operator_3 to 2026-07-19 00:00:00+00:00, run_after=2026-07-20 00:00:00+00:00
[2026-07-20T06:13:34.729+0000] {processor.py:183} INFO - Processing /workspaces/recomart-recommendation-pipeline/airflow_venv/lib/python3.12/site-packages/airflow/example_dags/example_branch_datetime_operator.py took 0.077 seconds
[2026-07-20T06:14:43.992+0000] {processor.py:161} INFO - Started process (PID=66933) to work on /workspaces/recomart-recommendation-pipeline/airflow_venv/lib/python3.12/site-packages/airflow/example_dags/example_branch_datetime_operator.py
[2026-07-20T06:14:43.992+0000] {processor.py:830} INFO - Processing file /workspaces/recomart-recommendation-pipeline/airflow_venv/lib/python3.12/site-packages/airflow/example_dags/example_branch_datetime_operator.py for tasks to queue
[2026-07-20T06:14:43.994+0000] {logging_mixin.py:188} INFO - [2026-07-20T06:14:43.993+0000] {dagbag.py:545} INFO - Filling up the DagBag from /workspaces/recomart-recommendation-pipeline/airflow_venv/lib/python3.12/site-packages/airflow/example_dags/example_branch_datetime_operator.py
[2026-07-20T06:14:44.001+0000] {processor.py:840} INFO - DAG(s) 'example_branch_datetime_operator_2', 'example_branch_datetime_operator', 'example_branch_datetime_operator_3' retrieved from /workspaces/recomart-recommendation-pipeline/airflow_venv/lib/python3.12/site-packages/airflow/example_dags/example_branch_datetime_operator.py
[2026-07-20T06:14:44.025+0000] {logging_mixin.py:188} INFO - [2026-07-20T06:14:44.024+0000] {dag.py:3089} INFO - Sync 3 DAGs
[2026-07-20T06:14:44.060+0000] {logging_mixin.py:188} INFO - [2026-07-20T06:14:44.060+0000] {dag.py:3947} INFO - Setting next_dagrun for example_branch_datetime_operator to 2026-07-19 00:00:00+00:00, run_after=2026-07-20 00:00:00+00:00
[2026-07-20T06:14:44.071+0000] {logging_mixin.py:188} INFO - [2026-07-20T06:14:44.070+0000] {dag.py:3947} INFO - Setting next_dagrun for example_branch_datetime_operator_2 to 2026-07-19 00:00:00+00:00, run_after=2026-07-20 00:00:00+00:00
[2026-07-20T06:14:44.073+0000] {logging_mixin.py:188} INFO - [2026-07-20T06:14:44.073+0000] {dag.py:3947} INFO - Setting next_dagrun for example_branch_datetime_operator_3 to 2026-07-19 00:00:00+00:00, run_after=2026-07-20 00:00:00+00:00
[2026-07-20T06:14:44.107+0000] {processor.py:183} INFO - Processing /workspaces/recomart-recommendation-pipeline/airflow_venv/lib/python3.12/site-packages/airflow/example_dags/example_branch_datetime_operator.py took 0.120 seconds
[2026-07-20T06:31:29.301+0000] {processor.py:161} INFO - Started process (PID=73883) to work on /workspaces/recomart-recommendation-pipeline/airflow_venv/lib/python3.12/site-packages/airflow/example_dags/example_branch_datetime_operator.py
[2026-07-20T06:31:29.301+0000] {processor.py:830} INFO - Processing file /workspaces/recomart-recommendation-pipeline/airflow_venv/lib/python3.12/site-packages/airflow/example_dags/example_branch_datetime_operator.py for tasks to queue
[2026-07-20T06:31:29.303+0000] {logging_mixin.py:188} INFO - [2026-07-20T06:31:29.302+0000] {dagbag.py:545} INFO - Filling up the DagBag from /workspaces/recomart-recommendation-pipeline/airflow_venv/lib/python3.12/site-packages/airflow/example_dags/example_branch_datetime_operator.py
[2026-07-20T06:31:29.310+0000] {processor.py:840} INFO - DAG(s) 'example_branch_datetime_operator_2', 'example_branch_datetime_operator', 'example_branch_datetime_operator_3' retrieved from /workspaces/recomart-recommendation-pipeline/airflow_venv/lib/python3.12/site-packages/airflow/example_dags/example_branch_datetime_operator.py
[2026-07-20T06:31:29.410+0000] {logging_mixin.py:188} INFO - [2026-07-20T06:31:29.409+0000] {dag.py:3089} INFO - Sync 3 DAGs
[2026-07-20T06:31:29.423+0000] {logging_mixin.py:188} INFO - [2026-07-20T06:31:29.423+0000] {dag.py:3947} INFO - Setting next_dagrun for example_branch_datetime_operator to 2026-07-19 00:00:00+00:00, run_after=2026-07-20 00:00:00+00:00
[2026-07-20T06:31:29.426+0000] {logging_mixin.py:188} INFO - [2026-07-20T06:31:29.426+0000] {dag.py:3947} INFO - Setting next_dagrun for example_branch_datetime_operator_2 to 2026-07-19 00:00:00+00:00, run_after=2026-07-20 00:00:00+00:00
[2026-07-20T06:31:29.428+0000] {logging_mixin.py:188} INFO - [2026-07-20T06:31:29.427+0000] {dag.py:3947} INFO - Setting next_dagrun for example_branch_datetime_operator_3 to 2026-07-19 00:00:00+00:00, run_after=2026-07-20 00:00:00+00:00
[2026-07-20T06:31:29.444+0000] {processor.py:183} INFO - Processing /workspaces/recomart-recommendation-pipeline/airflow_venv/lib/python3.12/site-packages/airflow/example_dags/example_branch_datetime_operator.py took 0.147 seconds
[2026-07-20T06:32:23.604+0000] {processor.py:161} INFO - Started process (PID=74632) to work on /workspaces/recomart-recommendation-pipeline/airflow_venv/lib/python3.12/site-packages/airflow/example_dags/example_branch_datetime_operator.py
[2026-07-20T06:32:23.605+0000] {processor.py:830} INFO - Processing file /workspaces/recomart-recommendation-pipeline/airflow_venv/lib/python3.12/site-packages/airflow/example_dags/example_branch_datetime_operator.py for tasks to queue
[2026-07-20T06:32:23.607+0000] {logging_mixin.py:188} INFO - [2026-07-20T06:32:23.607+0000] {dagbag.py:545} INFO - Filling up the DagBag from /workspaces/recomart-recommendation-pipeline/airflow_venv/lib/python3.12/site-packages/airflow/example_dags/example_branch_datetime_operator.py
[2026-07-20T06:32:23.616+0000] {processor.py:840} INFO - DAG(s) 'example_branch_datetime_operator_2', 'example_branch_datetime_operator', 'example_branch_datetime_operator_3' retrieved from /workspaces/recomart-recommendation-pipeline/airflow_venv/lib/python3.12/site-packages/airflow/example_dags/example_branch_datetime_operator.py
[2026-07-20T06:32:23.634+0000] {logging_mixin.py:188} INFO - [2026-07-20T06:32:23.633+0000] {dag.py:3089} INFO - Sync 3 DAGs
[2026-07-20T06:32:23.653+0000] {logging_mixin.py:188} INFO - [2026-07-20T06:32:23.653+0000] {dag.py:3947} INFO - Setting next_dagrun for example_branch_datetime_operator to 2026-07-19 00:00:00+00:00, run_after=2026-07-20 00:00:00+00:00
[2026-07-20T06:32:23.660+0000] {logging_mixin.py:188} INFO - [2026-07-20T06:32:23.660+0000] {dag.py:3947} INFO - Setting next_dagrun for example_branch_datetime_operator_2 to 2026-07-19 00:00:00+00:00, run_after=2026-07-20 00:00:00+00:00
[2026-07-20T06:32:23.662+0000] {logging_mixin.py:188} INFO - [2026-07-20T06:32:23.662+0000] {dag.py:3947} INFO - Setting next_dagrun for example_branch_datetime_operator_3 to 2026-07-19 00:00:00+00:00, run_after=2026-07-20 00:00:00+00:00
[2026-07-20T06:32:23.682+0000] {processor.py:183} INFO - Processing /workspaces/recomart-recommendation-pipeline/airflow_venv/lib/python3.12/site-packages/airflow/example_dags/example_branch_datetime_operator.py took 0.084 seconds
[2026-07-20T06:33:30.517+0000] {processor.py:161} INFO - Started process (PID=75187) to work on /workspaces/recomart-recommendation-pipeline/airflow_venv/lib/python3.12/site-packages/airflow/example_dags/example_branch_datetime_operator.py
[2026-07-20T06:33:30.518+0000] {processor.py:830} INFO - Processing file /workspaces/recomart-recommendation-pipeline/airflow_venv/lib/python3.12/site-packages/airflow/example_dags/example_branch_datetime_operator.py for tasks to queue
[2026-07-20T06:33:30.519+0000] {logging_mixin.py:188} INFO - [2026-07-20T06:33:30.519+0000] {dagbag.py:545} INFO - Filling up the DagBag from /workspaces/recomart-recommendation-pipeline/airflow_venv/lib/python3.12/site-packages/airflow/example_dags/example_branch_datetime_operator.py
[2026-07-20T06:33:30.527+0000] {processor.py:840} INFO - DAG(s) 'example_branch_datetime_operator_3', 'example_branch_datetime_operator', 'example_branch_datetime_operator_2' retrieved from /workspaces/recomart-recommendation-pipeline/airflow_venv/lib/python3.12/site-packages/airflow/example_dags/example_branch_datetime_operator.py
[2026-07-20T06:33:30.543+0000] {logging_mixin.py:188} INFO - [2026-07-20T06:33:30.543+0000] {dag.py:3089} INFO - Sync 3 DAGs
[2026-07-20T06:33:30.559+0000] {logging_mixin.py:188} INFO - [2026-07-20T06:33:30.559+0000] {dag.py:3947} INFO - Setting next_dagrun for example_branch_datetime_operator to 2026-07-19 00:00:00+00:00, run_after=2026-07-20 00:00:00+00:00
[2026-07-20T06:33:30.563+0000] {logging_mixin.py:188} INFO - [2026-07-20T06:33:30.562+0000] {dag.py:3947} INFO - Setting next_dagrun for example_branch_datetime_operator_2 to 2026-07-19 00:00:00+00:00, run_after=2026-07-20 00:00:00+00:00
[2026-07-20T06:33:30.564+0000] {logging_mixin.py:188} INFO - [2026-07-20T06:33:30.564+0000] {dag.py:3947} INFO - Setting next_dagrun for example_branch_datetime_operator_3 to 2026-07-19 00:00:00+00:00, run_after=2026-07-20 00:00:00+00:00
[2026-07-20T06:33:30.581+0000] {processor.py:183} INFO - Processing /workspaces/recomart-recommendation-pipeline/airflow_venv/lib/python3.12/site-packages/airflow/example_dags/example_branch_datetime_operator.py took 0.068 seconds
[2026-07-20T06:34:58.974+0000] {processor.py:161} INFO - Started process (PID=76806) to work on /workspaces/recomart-recommendation-pipeline/airflow_venv/lib/python3.12/site-packages/airflow/example_dags/example_branch_datetime_operator.py
[2026-07-20T06:34:58.975+0000] {processor.py:830} INFO - Processing file /workspaces/recomart-recommendation-pipeline/airflow_venv/lib/python3.12/site-packages/airflow/example_dags/example_branch_datetime_operator.py for tasks to queue
[2026-07-20T06:34:58.976+0000] {logging_mixin.py:188} INFO - [2026-07-20T06:34:58.976+0000] {dagbag.py:545} INFO - Filling up the DagBag from /workspaces/recomart-recommendation-pipeline/airflow_venv/lib/python3.12/site-packages/airflow/example_dags/example_branch_datetime_operator.py
[2026-07-20T06:34:58.984+0000] {processor.py:840} INFO - DAG(s) 'example_branch_datetime_operator_2', 'example_branch_datetime_operator', 'example_branch_datetime_operator_3' retrieved from /workspaces/recomart-recommendation-pipeline/airflow_venv/lib/python3.12/site-packages/airflow/example_dags/example_branch_datetime_operator.py
[2026-07-20T06:34:59.003+0000] {logging_mixin.py:188} INFO - [2026-07-20T06:34:59.003+0000] {dag.py:3089} INFO - Sync 3 DAGs
[2026-07-20T06:34:59.019+0000] {logging_mixin.py:188} INFO - [2026-07-20T06:34:59.019+0000] {dag.py:3947} INFO - Setting next_dagrun for example_branch_datetime_operator to 2026-07-19 00:00:00+00:00, run_after=2026-07-20 00:00:00+00:00
[2026-07-20T06:34:59.023+0000] {logging_mixin.py:188} INFO - [2026-07-20T06:34:59.023+0000] {dag.py:3947} INFO - Setting next_dagrun for example_branch_datetime_operator_2 to 2026-07-19 00:00:00+00:00, run_after=2026-07-20 00:00:00+00:00
[2026-07-20T06:34:59.024+0000] {logging_mixin.py:188} INFO - [2026-07-20T06:34:59.024+0000] {dag.py:3947} INFO - Setting next_dagrun for example_branch_datetime_operator_3 to 2026-07-19 00:00:00+00:00, run_after=2026-07-20 00:00:00+00:00
[2026-07-20T06:34:59.040+0000] {processor.py:183} INFO - Processing /workspaces/recomart-recommendation-pipeline/airflow_venv/lib/python3.12/site-packages/airflow/example_dags/example_branch_datetime_operator.py took 0.070 seconds
[2026-07-20T06:36:16.418+0000] {processor.py:161} INFO - Started process (PID=78344) to work on /workspaces/recomart-recommendation-pipeline/airflow_venv/lib/python3.12/site-packages/airflow/example_dags/example_branch_datetime_operator.py
[2026-07-20T06:36:16.418+0000] {processor.py:830} INFO - Processing file /workspaces/recomart-recommendation-pipeline/airflow_venv/lib/python3.12/site-packages/airflow/example_dags/example_branch_datetime_operator.py for tasks to queue
[2026-07-20T06:36:16.420+0000] {logging_mixin.py:188} INFO - [2026-07-20T06:36:16.419+0000] {dagbag.py:545} INFO - Filling up the DagBag from /workspaces/recomart-recommendation-pipeline/airflow_venv/lib/python3.12/site-packages/airflow/example_dags/example_branch_datetime_operator.py
[2026-07-20T06:36:16.428+0000] {processor.py:840} INFO - DAG(s) 'example_branch_datetime_operator_3', 'example_branch_datetime_operator_2', 'example_branch_datetime_operator' retrieved from /workspaces/recomart-recommendation-pipeline/airflow_venv/lib/python3.12/site-packages/airflow/example_dags/example_branch_datetime_operator.py
[2026-07-20T06:36:16.445+0000] {logging_mixin.py:188} INFO - [2026-07-20T06:36:16.445+0000] {dag.py:3089} INFO - Sync 3 DAGs
[2026-07-20T06:36:16.461+0000] {logging_mixin.py:188} INFO - [2026-07-20T06:36:16.461+0000] {dag.py:3947} INFO - Setting next_dagrun for example_branch_datetime_operator to 2026-07-19 00:00:00+00:00, run_after=2026-07-20 00:00:00+00:00
[2026-07-20T06:36:16.465+0000] {logging_mixin.py:188} INFO - [2026-07-20T06:36:16.465+0000] {dag.py:3947} INFO - Setting next_dagrun for example_branch_datetime_operator_2 to 2026-07-19 00:00:00+00:00, run_after=2026-07-20 00:00:00+00:00
[2026-07-20T06:36:16.467+0000] {logging_mixin.py:188} INFO - [2026-07-20T06:36:16.467+0000] {dag.py:3947} INFO - Setting next_dagrun for example_branch_datetime_operator_3 to 2026-07-19 00:00:00+00:00, run_after=2026-07-20 00:00:00+00:00
[2026-07-20T06:36:16.483+0000] {processor.py:183} INFO - Processing /workspaces/recomart-recommendation-pipeline/airflow_venv/lib/python3.12/site-packages/airflow/example_dags/example_branch_datetime_operator.py took 0.069 seconds
[2026-07-20T06:37:08.935+0000] {processor.py:161} INFO - Started process (PID=78901) to work on /workspaces/recomart-recommendation-pipeline/airflow_venv/lib/python3.12/site-packages/airflow/example_dags/example_branch_datetime_operator.py
[2026-07-20T06:37:08.935+0000] {processor.py:830} INFO - Processing file /workspaces/recomart-recommendation-pipeline/airflow_venv/lib/python3.12/site-packages/airflow/example_dags/example_branch_datetime_operator.py for tasks to queue
[2026-07-20T06:37:08.937+0000] {logging_mixin.py:188} INFO - [2026-07-20T06:37:08.936+0000] {dagbag.py:545} INFO - Filling up the DagBag from /workspaces/recomart-recommendation-pipeline/airflow_venv/lib/python3.12/site-packages/airflow/example_dags/example_branch_datetime_operator.py
[2026-07-20T06:37:08.944+0000] {processor.py:840} INFO - DAG(s) 'example_branch_datetime_operator_3', 'example_branch_datetime_operator', 'example_branch_datetime_operator_2' retrieved from /workspaces/recomart-recommendation-pipeline/airflow_venv/lib/python3.12/site-packages/airflow/example_dags/example_branch_datetime_operator.py
[2026-07-20T06:37:08.960+0000] {logging_mixin.py:188} INFO - [2026-07-20T06:37:08.960+0000] {dag.py:3089} INFO - Sync 3 DAGs
[2026-07-20T06:37:08.979+0000] {logging_mixin.py:188} INFO - [2026-07-20T06:37:08.979+0000] {dag.py:3947} INFO - Setting next_dagrun for example_branch_datetime_operator to 2026-07-19 00:00:00+00:00, run_after=2026-07-20 00:00:00+00:00
[2026-07-20T06:37:08.984+0000] {logging_mixin.py:188} INFO - [2026-07-20T06:37:08.984+0000] {dag.py:3947} INFO - Setting next_dagrun for example_branch_datetime_operator_2 to 2026-07-19 00:00:00+00:00, run_after=2026-07-20 00:00:00+00:00
[2026-07-20T06:37:08.986+0000] {logging_mixin.py:188} INFO - [2026-07-20T06:37:08.986+0000] {dag.py:3947} INFO - Setting next_dagrun for example_branch_datetime_operator_3 to 2026-07-19 00:00:00+00:00, run_after=2026-07-20 00:00:00+00:00
[2026-07-20T06:37:09.004+0000] {processor.py:183} INFO - Processing /workspaces/recomart-recommendation-pipeline/airflow_venv/lib/python3.12/site-packages/airflow/example_dags/example_branch_datetime_operator.py took 0.073 seconds
[2026-07-20T06:38:17.403+0000] {processor.py:161} INFO - Started process (PID=79469) to work on /workspaces/recomart-recommendation-pipeline/airflow_venv/lib/python3.12/site-packages/airflow/example_dags/example_branch_datetime_operator.py
[2026-07-20T06:38:17.409+0000] {processor.py:830} INFO - Processing file /workspaces/recomart-recommendation-pipeline/airflow_venv/lib/python3.12/site-packages/airflow/example_dags/example_branch_datetime_operator.py for tasks to queue
[2026-07-20T06:38:17.413+0000] {logging_mixin.py:188} INFO - [2026-07-20T06:38:17.412+0000] {dagbag.py:545} INFO - Filling up the DagBag from /workspaces/recomart-recommendation-pipeline/airflow_venv/lib/python3.12/site-packages/airflow/example_dags/example_branch_datetime_operator.py
[2026-07-20T06:38:17.430+0000] {processor.py:840} INFO - DAG(s) 'example_branch_datetime_operator_2', 'example_branch_datetime_operator_3', 'example_branch_datetime_operator' retrieved from /workspaces/recomart-recommendation-pipeline/airflow_venv/lib/python3.12/site-packages/airflow/example_dags/example_branch_datetime_operator.py
[2026-07-20T06:38:17.447+0000] {logging_mixin.py:188} INFO - [2026-07-20T06:38:17.447+0000] {dag.py:3089} INFO - Sync 3 DAGs
[2026-07-20T06:38:17.464+0000] {logging_mixin.py:188} INFO - [2026-07-20T06:38:17.464+0000] {dag.py:3947} INFO - Setting next_dagrun for example_branch_datetime_operator to 2026-07-19 00:00:00+00:00, run_after=2026-07-20 00:00:00+00:00
[2026-07-20T06:38:17.568+0000] {logging_mixin.py:188} INFO - [2026-07-20T06:38:17.568+0000] {dag.py:3947} INFO - Setting next_dagrun for example_branch_datetime_operator_2 to 2026-07-19 00:00:00+00:00, run_after=2026-07-20 00:00:00+00:00
[2026-07-20T06:38:17.571+0000] {logging_mixin.py:188} INFO - [2026-07-20T06:38:17.570+0000] {dag.py:3947} INFO - Setting next_dagrun for example_branch_datetime_operator_3 to 2026-07-19 00:00:00+00:00, run_after=2026-07-20 00:00:00+00:00
[2026-07-20T06:38:17.588+0000] {processor.py:183} INFO - Processing /workspaces/recomart-recommendation-pipeline/airflow_venv/lib/python3.12/site-packages/airflow/example_dags/example_branch_datetime_operator.py took 0.191 seconds
[2026-07-20T06:39:28.663+0000] {processor.py:161} INFO - Started process (PID=80031) to work on /workspaces/recomart-recommendation-pipeline/airflow_venv/lib/python3.12/site-packages/airflow/example_dags/example_branch_datetime_operator.py
[2026-07-20T06:39:28.664+0000] {processor.py:830} INFO - Processing file /workspaces/recomart-recommendation-pipeline/airflow_venv/lib/python3.12/site-packages/airflow/example_dags/example_branch_datetime_operator.py for tasks to queue
[2026-07-20T06:39:28.665+0000] {logging_mixin.py:188} INFO - [2026-07-20T06:39:28.665+0000] {dagbag.py:545} INFO - Filling up the DagBag from /workspaces/recomart-recommendation-pipeline/airflow_venv/lib/python3.12/site-packages/airflow/example_dags/example_branch_datetime_operator.py
[2026-07-20T06:39:28.675+0000] {processor.py:840} INFO - DAG(s) 'example_branch_datetime_operator_3', 'example_branch_datetime_operator_2', 'example_branch_datetime_operator' retrieved from /workspaces/recomart-recommendation-pipeline/airflow_venv/lib/python3.12/site-packages/airflow/example_dags/example_branch_datetime_operator.py
[2026-07-20T06:39:28.696+0000] {logging_mixin.py:188} INFO - [2026-07-20T06:39:28.695+0000] {dag.py:3089} INFO - Sync 3 DAGs
[2026-07-20T06:39:28.722+0000] {logging_mixin.py:188} INFO - [2026-07-20T06:39:28.722+0000] {dag.py:3947} INFO - Setting next_dagrun for example_branch_datetime_operator to 2026-07-19 00:00:00+00:00, run_after=2026-07-20 00:00:00+00:00
[2026-07-20T06:39:28.731+0000] {logging_mixin.py:188} INFO - [2026-07-20T06:39:28.731+0000] {dag.py:3947} INFO - Setting next_dagrun for example_branch_datetime_operator_2 to 2026-07-19 00:00:00+00:00, run_after=2026-07-20 00:00:00+00:00
[2026-07-20T06:39:28.734+0000] {logging_mixin.py:188} INFO - [2026-07-20T06:39:28.734+0000] {dag.py:3947} INFO - Setting next_dagrun for example_branch_datetime_operator_3 to 2026-07-19 00:00:00+00:00, run_after=2026-07-20 00:00:00+00:00
[2026-07-20T06:39:29.020+0000] {processor.py:183} INFO - Processing /workspaces/recomart-recommendation-pipeline/airflow_venv/lib/python3.12/site-packages/airflow/example_dags/example_branch_datetime_operator.py took 0.362 seconds
[2026-07-20T06:40:45.194+0000] {processor.py:161} INFO - Started process (PID=80731) to work on /workspaces/recomart-recommendation-pipeline/airflow_venv/lib/python3.12/site-packages/airflow/example_dags/example_branch_datetime_operator.py
[2026-07-20T06:40:45.194+0000] {processor.py:830} INFO - Processing file /workspaces/recomart-recommendation-pipeline/airflow_venv/lib/python3.12/site-packages/airflow/example_dags/example_branch_datetime_operator.py for tasks to queue
[2026-07-20T06:40:45.196+0000] {logging_mixin.py:188} INFO - [2026-07-20T06:40:45.195+0000] {dagbag.py:545} INFO - Filling up the DagBag from /workspaces/recomart-recommendation-pipeline/airflow_venv/lib/python3.12/site-packages/airflow/example_dags/example_branch_datetime_operator.py
[2026-07-20T06:40:45.204+0000] {processor.py:840} INFO - DAG(s) 'example_branch_datetime_operator_3', 'example_branch_datetime_operator', 'example_branch_datetime_operator_2' retrieved from /workspaces/recomart-recommendation-pipeline/airflow_venv/lib/python3.12/site-packages/airflow/example_dags/example_branch_datetime_operator.py
[2026-07-20T06:40:45.226+0000] {logging_mixin.py:188} INFO - [2026-07-20T06:40:45.226+0000] {dag.py:3089} INFO - Sync 3 DAGs
[2026-07-20T06:40:45.244+0000] {logging_mixin.py:188} INFO - [2026-07-20T06:40:45.244+0000] {dag.py:3947} INFO - Setting next_dagrun for example_branch_datetime_operator to 2026-07-19 00:00:00+00:00, run_after=2026-07-20 00:00:00+00:00
[2026-07-20T06:40:45.248+0000] {logging_mixin.py:188} INFO - [2026-07-20T06:40:45.248+0000] {dag.py:3947} INFO - Setting next_dagrun for example_branch_datetime_operator_2 to 2026-07-19 00:00:00+00:00, run_after=2026-07-20 00:00:00+00:00
[2026-07-20T06:40:45.250+0000] {logging_mixin.py:188} INFO - [2026-07-20T06:40:45.249+0000] {dag.py:3947} INFO - Setting next_dagrun for example_branch_datetime_operator_3 to 2026-07-19 00:00:00+00:00, run_after=2026-07-20 00:00:00+00:00
[2026-07-20T06:40:45.265+0000] {processor.py:183} INFO - Processing /workspaces/recomart-recommendation-pipeline/airflow_venv/lib/python3.12/site-packages/airflow/example_dags/example_branch_datetime_operator.py took 0.077 seconds
[2026-07-20T06:41:54.628+0000] {processor.py:161} INFO - Started process (PID=81336) to work on /workspaces/recomart-recommendation-pipeline/airflow_venv/lib/python3.12/site-packages/airflow/example_dags/example_branch_datetime_operator.py
[2026-07-20T06:41:54.629+0000] {processor.py:830} INFO - Processing file /workspaces/recomart-recommendation-pipeline/airflow_venv/lib/python3.12/site-packages/airflow/example_dags/example_branch_datetime_operator.py for tasks to queue
[2026-07-20T06:41:54.630+0000] {logging_mixin.py:188} INFO - [2026-07-20T06:41:54.630+0000] {dagbag.py:545} INFO - Filling up the DagBag from /workspaces/recomart-recommendation-pipeline/airflow_venv/lib/python3.12/site-packages/airflow/example_dags/example_branch_datetime_operator.py
[2026-07-20T06:41:54.638+0000] {processor.py:840} INFO - DAG(s) 'example_branch_datetime_operator_3', 'example_branch_datetime_operator', 'example_branch_datetime_operator_2' retrieved from /workspaces/recomart-recommendation-pipeline/airflow_venv/lib/python3.12/site-packages/airflow/example_dags/example_branch_datetime_operator.py
[2026-07-20T06:41:54.654+0000] {logging_mixin.py:188} INFO - [2026-07-20T06:41:54.653+0000] {dag.py:3089} INFO - Sync 3 DAGs
[2026-07-20T06:41:54.670+0000] {logging_mixin.py:188} INFO - [2026-07-20T06:41:54.669+0000] {dag.py:3947} INFO - Setting next_dagrun for example_branch_datetime_operator to 2026-07-19 00:00:00+00:00, run_after=2026-07-20 00:00:00+00:00
[2026-07-20T06:41:54.674+0000] {logging_mixin.py:188} INFO - [2026-07-20T06:41:54.674+0000] {dag.py:3947} INFO - Setting next_dagrun for example_branch_datetime_operator_2 to 2026-07-19 00:00:00+00:00, run_after=2026-07-20 00:00:00+00:00
[2026-07-20T06:41:54.676+0000] {logging_mixin.py:188} INFO - [2026-07-20T06:41:54.676+0000] {dag.py:3947} INFO - Setting next_dagrun for example_branch_datetime_operator_3 to 2026-07-19 00:00:00+00:00, run_after=2026-07-20 00:00:00+00:00
[2026-07-20T06:41:54.695+0000] {processor.py:183} INFO - Processing /workspaces/recomart-recommendation-pipeline/airflow_venv/lib/python3.12/site-packages/airflow/example_dags/example_branch_datetime_operator.py took 0.071 seconds
[2026-07-20T06:43:04.853+0000] {processor.py:161} INFO - Started process (PID=81907) to work on /workspaces/recomart-recommendation-pipeline/airflow_venv/lib/python3.12/site-packages/airflow/example_dags/example_branch_datetime_operator.py
[2026-07-20T06:43:04.854+0000] {processor.py:830} INFO - Processing file /workspaces/recomart-recommendation-pipeline/airflow_venv/lib/python3.12/site-packages/airflow/example_dags/example_branch_datetime_operator.py for tasks to queue
[2026-07-20T06:43:04.855+0000] {logging_mixin.py:188} INFO - [2026-07-20T06:43:04.855+0000] {dagbag.py:545} INFO - Filling up the DagBag from /workspaces/recomart-recommendation-pipeline/airflow_venv/lib/python3.12/site-packages/airflow/example_dags/example_branch_datetime_operator.py
[2026-07-20T06:43:04.863+0000] {processor.py:840} INFO - DAG(s) 'example_branch_datetime_operator_3', 'example_branch_datetime_operator_2', 'example_branch_datetime_operator' retrieved from /workspaces/recomart-recommendation-pipeline/airflow_venv/lib/python3.12/site-packages/airflow/example_dags/example_branch_datetime_operator.py
[2026-07-20T06:43:04.884+0000] {logging_mixin.py:188} INFO - [2026-07-20T06:43:04.884+0000] {dag.py:3089} INFO - Sync 3 DAGs
[2026-07-20T06:43:04.902+0000] {logging_mixin.py:188} INFO - [2026-07-20T06:43:04.901+0000] {dag.py:3947} INFO - Setting next_dagrun for example_branch_datetime_operator to 2026-07-19 00:00:00+00:00, run_after=2026-07-20 00:00:00+00:00
[2026-07-20T06:43:04.905+0000] {logging_mixin.py:188} INFO - [2026-07-20T06:43:04.905+0000] {dag.py:3947} INFO - Setting next_dagrun for example_branch_datetime_operator_2 to 2026-07-19 00:00:00+00:00, run_after=2026-07-20 00:00:00+00:00
[2026-07-20T06:43:04.907+0000] {logging_mixin.py:188} INFO - [2026-07-20T06:43:04.906+0000] {dag.py:3947} INFO - Setting next_dagrun for example_branch_datetime_operator_3 to 2026-07-19 00:00:00+00:00, run_after=2026-07-20 00:00:00+00:00
[2026-07-20T06:43:04.924+0000] {processor.py:183} INFO - Processing /workspaces/recomart-recommendation-pipeline/airflow_venv/lib/python3.12/site-packages/airflow/example_dags/example_branch_datetime_operator.py took 0.075 seconds
[2026-07-20T06:44:18.993+0000] {processor.py:161} INFO - Started process (PID=82500) to work on /workspaces/recomart-recommendation-pipeline/airflow_venv/lib/python3.12/site-packages/airflow/example_dags/example_branch_datetime_operator.py
[2026-07-20T06:44:18.994+0000] {processor.py:830} INFO - Processing file /workspaces/recomart-recommendation-pipeline/airflow_venv/lib/python3.12/site-packages/airflow/example_dags/example_branch_datetime_operator.py for tasks to queue
[2026-07-20T06:44:18.996+0000] {logging_mixin.py:188} INFO - [2026-07-20T06:44:18.996+0000] {dagbag.py:545} INFO - Filling up the DagBag from /workspaces/recomart-recommendation-pipeline/airflow_venv/lib/python3.12/site-packages/airflow/example_dags/example_branch_datetime_operator.py
[2026-07-20T06:44:19.004+0000] {processor.py:840} INFO - DAG(s) 'example_branch_datetime_operator_2', 'example_branch_datetime_operator', 'example_branch_datetime_operator_3' retrieved from /workspaces/recomart-recommendation-pipeline/airflow_venv/lib/python3.12/site-packages/airflow/example_dags/example_branch_datetime_operator.py
[2026-07-20T06:44:19.024+0000] {logging_mixin.py:188} INFO - [2026-07-20T06:44:19.024+0000] {dag.py:3089} INFO - Sync 3 DAGs
[2026-07-20T06:44:19.041+0000] {logging_mixin.py:188} INFO - [2026-07-20T06:44:19.040+0000] {dag.py:3947} INFO - Setting next_dagrun for example_branch_datetime_operator to 2026-07-19 00:00:00+00:00, run_after=2026-07-20 00:00:00+00:00
[2026-07-20T06:44:19.045+0000] {logging_mixin.py:188} INFO - [2026-07-20T06:44:19.045+0000] {dag.py:3947} INFO - Setting next_dagrun for example_branch_datetime_operator_2 to 2026-07-19 00:00:00+00:00, run_after=2026-07-20 00:00:00+00:00
[2026-07-20T06:44:19.046+0000] {logging_mixin.py:188} INFO - [2026-07-20T06:44:19.046+0000] {dag.py:3947} INFO - Setting next_dagrun for example_branch_datetime_operator_3 to 2026-07-19 00:00:00+00:00, run_after=2026-07-20 00:00:00+00:00
[2026-07-20T06:44:19.063+0000] {processor.py:183} INFO - Processing /workspaces/recomart-recommendation-pipeline/airflow_venv/lib/python3.12/site-packages/airflow/example_dags/example_branch_datetime_operator.py took 0.077 seconds
[2026-07-20T06:45:19.266+0000] {processor.py:161} INFO - Started process (PID=83003) to work on /workspaces/recomart-recommendation-pipeline/airflow_venv/lib/python3.12/site-packages/airflow/example_dags/example_branch_datetime_operator.py
[2026-07-20T06:45:19.266+0000] {processor.py:830} INFO - Processing file /workspaces/recomart-recommendation-pipeline/airflow_venv/lib/python3.12/site-packages/airflow/example_dags/example_branch_datetime_operator.py for tasks to queue
[2026-07-20T06:45:19.268+0000] {logging_mixin.py:188} INFO - [2026-07-20T06:45:19.267+0000] {dagbag.py:545} INFO - Filling up the DagBag from /workspaces/recomart-recommendation-pipeline/airflow_venv/lib/python3.12/site-packages/airflow/example_dags/example_branch_datetime_operator.py
[2026-07-20T06:45:19.279+0000] {processor.py:840} INFO - DAG(s) 'example_branch_datetime_operator_2', 'example_branch_datetime_operator_3', 'example_branch_datetime_operator' retrieved from /workspaces/recomart-recommendation-pipeline/airflow_venv/lib/python3.12/site-packages/airflow/example_dags/example_branch_datetime_operator.py
[2026-07-20T06:45:19.300+0000] {logging_mixin.py:188} INFO - [2026-07-20T06:45:19.299+0000] {dag.py:3089} INFO - Sync 3 DAGs
[2026-07-20T06:45:19.316+0000] {logging_mixin.py:188} INFO - [2026-07-20T06:45:19.316+0000] {dag.py:3947} INFO - Setting next_dagrun for example_branch_datetime_operator to 2026-07-19 00:00:00+00:00, run_after=2026-07-20 00:00:00+00:00
[2026-07-20T06:45:19.320+0000] {logging_mixin.py:188} INFO - [2026-07-20T06:45:19.320+0000] {dag.py:3947} INFO - Setting next_dagrun for example_branch_datetime_operator_2 to 2026-07-19 00:00:00+00:00, run_after=2026-07-20 00:00:00+00:00
[2026-07-20T06:45:19.322+0000] {logging_mixin.py:188} INFO - [2026-07-20T06:45:19.321+0000] {dag.py:3947} INFO - Setting next_dagrun for example_branch_datetime_operator_3 to 2026-07-19 00:00:00+00:00, run_after=2026-07-20 00:00:00+00:00
[2026-07-20T06:45:19.337+0000] {processor.py:183} INFO - Processing /workspaces/recomart-recommendation-pipeline/airflow_venv/lib/python3.12/site-packages/airflow/example_dags/example_branch_datetime_operator.py took 0.076 seconds
[2026-07-20T06:46:27.845+0000] {processor.py:161} INFO - Started process (PID=83617) to work on /workspaces/recomart-recommendation-pipeline/airflow_venv/lib/python3.12/site-packages/airflow/example_dags/example_branch_datetime_operator.py
[2026-07-20T06:46:27.845+0000] {processor.py:830} INFO - Processing file /workspaces/recomart-recommendation-pipeline/airflow_venv/lib/python3.12/site-packages/airflow/example_dags/example_branch_datetime_operator.py for tasks to queue
[2026-07-20T06:46:27.847+0000] {logging_mixin.py:188} INFO - [2026-07-20T06:46:27.847+0000] {dagbag.py:545} INFO - Filling up the DagBag from /workspaces/recomart-recommendation-pipeline/airflow_venv/lib/python3.12/site-packages/airflow/example_dags/example_branch_datetime_operator.py
[2026-07-20T06:46:27.855+0000] {processor.py:840} INFO - DAG(s) 'example_branch_datetime_operator_3', 'example_branch_datetime_operator_2', 'example_branch_datetime_operator' retrieved from /workspaces/recomart-recommendation-pipeline/airflow_venv/lib/python3.12/site-packages/airflow/example_dags/example_branch_datetime_operator.py
[2026-07-20T06:46:27.871+0000] {logging_mixin.py:188} INFO - [2026-07-20T06:46:27.871+0000] {dag.py:3089} INFO - Sync 3 DAGs
[2026-07-20T06:46:27.892+0000] {logging_mixin.py:188} INFO - [2026-07-20T06:46:27.892+0000] {dag.py:3947} INFO - Setting next_dagrun for example_branch_datetime_operator to 2026-07-19 00:00:00+00:00, run_after=2026-07-20 00:00:00+00:00
[2026-07-20T06:46:27.896+0000] {logging_mixin.py:188} INFO - [2026-07-20T06:46:27.896+0000] {dag.py:3947} INFO - Setting next_dagrun for example_branch_datetime_operator_2 to 2026-07-19 00:00:00+00:00, run_after=2026-07-20 00:00:00+00:00
[2026-07-20T06:46:27.897+0000] {logging_mixin.py:188} INFO - [2026-07-20T06:46:27.897+0000] {dag.py:3947} INFO - Setting next_dagrun for example_branch_datetime_operator_3 to 2026-07-19 00:00:00+00:00, run_after=2026-07-20 00:00:00+00:00
[2026-07-20T06:46:27.913+0000] {processor.py:183} INFO - Processing /workspaces/recomart-recommendation-pipeline/airflow_venv/lib/python3.12/site-packages/airflow/example_dags/example_branch_datetime_operator.py took 0.073 seconds
[2026-07-20T06:47:30.451+0000] {processor.py:161} INFO - Started process (PID=84146) to work on /workspaces/recomart-recommendation-pipeline/airflow_venv/lib/python3.12/site-packages/airflow/example_dags/example_branch_datetime_operator.py
[2026-07-20T06:47:30.452+0000] {processor.py:830} INFO - Processing file /workspaces/recomart-recommendation-pipeline/airflow_venv/lib/python3.12/site-packages/airflow/example_dags/example_branch_datetime_operator.py for tasks to queue
[2026-07-20T06:47:30.453+0000] {logging_mixin.py:188} INFO - [2026-07-20T06:47:30.453+0000] {dagbag.py:545} INFO - Filling up the DagBag from /workspaces/recomart-recommendation-pipeline/airflow_venv/lib/python3.12/site-packages/airflow/example_dags/example_branch_datetime_operator.py
[2026-07-20T06:47:30.461+0000] {processor.py:840} INFO - DAG(s) 'example_branch_datetime_operator_3', 'example_branch_datetime_operator', 'example_branch_datetime_operator_2' retrieved from /workspaces/recomart-recommendation-pipeline/airflow_venv/lib/python3.12/site-packages/airflow/example_dags/example_branch_datetime_operator.py
[2026-07-20T06:47:30.481+0000] {logging_mixin.py:188} INFO - [2026-07-20T06:47:30.481+0000] {dag.py:3089} INFO - Sync 3 DAGs
[2026-07-20T06:47:30.499+0000] {logging_mixin.py:188} INFO - [2026-07-20T06:47:30.499+0000] {dag.py:3947} INFO - Setting next_dagrun for example_branch_datetime_operator to 2026-07-19 00:00:00+00:00, run_after=2026-07-20 00:00:00+00:00
[2026-07-20T06:47:30.503+0000] {logging_mixin.py:188} INFO - [2026-07-20T06:47:30.502+0000] {dag.py:3947} INFO - Setting next_dagrun for example_branch_datetime_operator_2 to 2026-07-19 00:00:00+00:00, run_after=2026-07-20 00:00:00+00:00
[2026-07-20T06:47:30.504+0000] {logging_mixin.py:188} INFO - [2026-07-20T06:47:30.504+0000] {dag.py:3947} INFO - Setting next_dagrun for example_branch_datetime_operator_3 to 2026-07-19 00:00:00+00:00, run_after=2026-07-20 00:00:00+00:00
[2026-07-20T06:47:30.519+0000] {processor.py:183} INFO - Processing /workspaces/recomart-recommendation-pipeline/airflow_venv/lib/python3.12/site-packages/airflow/example_dags/example_branch_datetime_operator.py took 0.074 seconds
[2026-07-20T06:48:34.637+0000] {processor.py:161} INFO - Started process (PID=84672) to work on /workspaces/recomart-recommendation-pipeline/airflow_venv/lib/python3.12/site-packages/airflow/example_dags/example_branch_datetime_operator.py
[2026-07-20T06:48:34.638+0000] {processor.py:830} INFO - Processing file /workspaces/recomart-recommendation-pipeline/airflow_venv/lib/python3.12/site-packages/airflow/example_dags/example_branch_datetime_operator.py for tasks to queue
[2026-07-20T06:48:34.639+0000] {logging_mixin.py:188} INFO - [2026-07-20T06:48:34.639+0000] {dagbag.py:545} INFO - Filling up the DagBag from /workspaces/recomart-recommendation-pipeline/airflow_venv/lib/python3.12/site-packages/airflow/example_dags/example_branch_datetime_operator.py
[2026-07-20T06:48:34.647+0000] {processor.py:840} INFO - DAG(s) 'example_branch_datetime_operator_3', 'example_branch_datetime_operator', 'example_branch_datetime_operator_2' retrieved from /workspaces/recomart-recommendation-pipeline/airflow_venv/lib/python3.12/site-packages/airflow/example_dags/example_branch_datetime_operator.py
[2026-07-20T06:48:34.679+0000] {logging_mixin.py:188} INFO - [2026-07-20T06:48:34.679+0000] {dag.py:3089} INFO - Sync 3 DAGs
[2026-07-20T06:48:34.698+0000] {logging_mixin.py:188} INFO - [2026-07-20T06:48:34.698+0000] {dag.py:3947} INFO - Setting next_dagrun for example_branch_datetime_operator to 2026-07-19 00:00:00+00:00, run_after=2026-07-20 00:00:00+00:00
[2026-07-20T06:48:34.701+0000] {logging_mixin.py:188} INFO - [2026-07-20T06:48:34.701+0000] {dag.py:3947} INFO - Setting next_dagrun for example_branch_datetime_operator_2 to 2026-07-19 00:00:00+00:00, run_after=2026-07-20 00:00:00+00:00
[2026-07-20T06:48:34.703+0000] {logging_mixin.py:188} INFO - [2026-07-20T06:48:34.703+0000] {dag.py:3947} INFO - Setting next_dagrun for example_branch_datetime_operator_3 to 2026-07-19 00:00:00+00:00, run_after=2026-07-20 00:00:00+00:00
[2026-07-20T06:48:34.718+0000] {processor.py:183} INFO - Processing /workspaces/recomart-recommendation-pipeline/airflow_venv/lib/python3.12/site-packages/airflow/example_dags/example_branch_datetime_operator.py took 0.085 seconds
[2026-07-20T06:49:36.626+0000] {processor.py:161} INFO - Started process (PID=85302) to work on /workspaces/recomart-recommendation-pipeline/airflow_venv/lib/python3.12/site-packages/airflow/example_dags/example_branch_datetime_operator.py
[2026-07-20T06:49:36.626+0000] {processor.py:830} INFO - Processing file /workspaces/recomart-recommendation-pipeline/airflow_venv/lib/python3.12/site-packages/airflow/example_dags/example_branch_datetime_operator.py for tasks to queue
[2026-07-20T06:49:36.628+0000] {logging_mixin.py:188} INFO - [2026-07-20T06:49:36.628+0000] {dagbag.py:545} INFO - Filling up the DagBag from /workspaces/recomart-recommendation-pipeline/airflow_venv/lib/python3.12/site-packages/airflow/example_dags/example_branch_datetime_operator.py
[2026-07-20T06:49:36.641+0000] {processor.py:840} INFO - DAG(s) 'example_branch_datetime_operator_2', 'example_branch_datetime_operator', 'example_branch_datetime_operator_3' retrieved from /workspaces/recomart-recommendation-pipeline/airflow_venv/lib/python3.12/site-packages/airflow/example_dags/example_branch_datetime_operator.py
[2026-07-20T06:49:36.665+0000] {logging_mixin.py:188} INFO - [2026-07-20T06:49:36.665+0000] {dag.py:3089} INFO - Sync 3 DAGs
[2026-07-20T06:49:36.691+0000] {logging_mixin.py:188} INFO - [2026-07-20T06:49:36.690+0000] {dag.py:3947} INFO - Setting next_dagrun for example_branch_datetime_operator to 2026-07-19 00:00:00+00:00, run_after=2026-07-20 00:00:00+00:00
[2026-07-20T06:49:36.696+0000] {logging_mixin.py:188} INFO - [2026-07-20T06:49:36.696+0000] {dag.py:3947} INFO - Setting next_dagrun for example_branch_datetime_operator_2 to 2026-07-19 00:00:00+00:00, run_after=2026-07-20 00:00:00+00:00
[2026-07-20T06:49:36.699+0000] {logging_mixin.py:188} INFO - [2026-07-20T06:49:36.699+0000] {dag.py:3947} INFO - Setting next_dagrun for example_branch_datetime_operator_3 to 2026-07-19 00:00:00+00:00, run_after=2026-07-20 00:00:00+00:00
[2026-07-20T06:49:36.721+0000] {processor.py:183} INFO - Processing /workspaces/recomart-recommendation-pipeline/airflow_venv/lib/python3.12/site-packages/airflow/example_dags/example_branch_datetime_operator.py took 0.102 seconds
[2026-07-20T06:50:41.750+0000] {processor.py:161} INFO - Started process (PID=86013) to work on /workspaces/recomart-recommendation-pipeline/airflow_venv/lib/python3.12/site-packages/airflow/example_dags/example_branch_datetime_operator.py
[2026-07-20T06:50:41.751+0000] {processor.py:830} INFO - Processing file /workspaces/recomart-recommendation-pipeline/airflow_venv/lib/python3.12/site-packages/airflow/example_dags/example_branch_datetime_operator.py for tasks to queue
[2026-07-20T06:50:41.752+0000] {logging_mixin.py:188} INFO - [2026-07-20T06:50:41.752+0000] {dagbag.py:545} INFO - Filling up the DagBag from /workspaces/recomart-recommendation-pipeline/airflow_venv/lib/python3.12/site-packages/airflow/example_dags/example_branch_datetime_operator.py
[2026-07-20T06:50:41.760+0000] {processor.py:840} INFO - DAG(s) 'example_branch_datetime_operator_3', 'example_branch_datetime_operator_2', 'example_branch_datetime_operator' retrieved from /workspaces/recomart-recommendation-pipeline/airflow_venv/lib/python3.12/site-packages/airflow/example_dags/example_branch_datetime_operator.py
[2026-07-20T06:50:41.781+0000] {logging_mixin.py:188} INFO - [2026-07-20T06:50:41.781+0000] {dag.py:3089} INFO - Sync 3 DAGs
[2026-07-20T06:50:41.799+0000] {logging_mixin.py:188} INFO - [2026-07-20T06:50:41.799+0000] {dag.py:3947} INFO - Setting next_dagrun for example_branch_datetime_operator to 2026-07-19 00:00:00+00:00, run_after=2026-07-20 00:00:00+00:00
[2026-07-20T06:50:41.802+0000] {logging_mixin.py:188} INFO - [2026-07-20T06:50:41.802+0000] {dag.py:3947} INFO - Setting next_dagrun for example_branch_datetime_operator_2 to 2026-07-19 00:00:00+00:00, run_after=2026-07-20 00:00:00+00:00
[2026-07-20T06:50:41.804+0000] {logging_mixin.py:188} INFO - [2026-07-20T06:50:41.804+0000] {dag.py:3947} INFO - Setting next_dagrun for example_branch_datetime_operator_3 to 2026-07-19 00:00:00+00:00, run_after=2026-07-20 00:00:00+00:00
[2026-07-20T06:50:41.819+0000] {processor.py:183} INFO - Processing /workspaces/recomart-recommendation-pipeline/airflow_venv/lib/python3.12/site-packages/airflow/example_dags/example_branch_datetime_operator.py took 0.074 seconds
[2026-07-20T06:51:51.557+0000] {processor.py:161} INFO - Started process (PID=86700) to work on /workspaces/recomart-recommendation-pipeline/airflow_venv/lib/python3.12/site-packages/airflow/example_dags/example_branch_datetime_operator.py
[2026-07-20T06:51:51.558+0000] {processor.py:830} INFO - Processing file /workspaces/recomart-recommendation-pipeline/airflow_venv/lib/python3.12/site-packages/airflow/example_dags/example_branch_datetime_operator.py for tasks to queue
[2026-07-20T06:51:51.559+0000] {logging_mixin.py:188} INFO - [2026-07-20T06:51:51.559+0000] {dagbag.py:545} INFO - Filling up the DagBag from /workspaces/recomart-recommendation-pipeline/airflow_venv/lib/python3.12/site-packages/airflow/example_dags/example_branch_datetime_operator.py
[2026-07-20T06:51:51.567+0000] {processor.py:840} INFO - DAG(s) 'example_branch_datetime_operator_3', 'example_branch_datetime_operator_2', 'example_branch_datetime_operator' retrieved from /workspaces/recomart-recommendation-pipeline/airflow_venv/lib/python3.12/site-packages/airflow/example_dags/example_branch_datetime_operator.py
[2026-07-20T06:51:51.589+0000] {logging_mixin.py:188} INFO - [2026-07-20T06:51:51.589+0000] {dag.py:3089} INFO - Sync 3 DAGs
[2026-07-20T06:51:51.605+0000] {logging_mixin.py:188} INFO - [2026-07-20T06:51:51.605+0000] {dag.py:3947} INFO - Setting next_dagrun for example_branch_datetime_operator to 2026-07-19 00:00:00+00:00, run_after=2026-07-20 00:00:00+00:00
[2026-07-20T06:51:51.609+0000] {logging_mixin.py:188} INFO - [2026-07-20T06:51:51.608+0000] {dag.py:3947} INFO - Setting next_dagrun for example_branch_datetime_operator_2 to 2026-07-19 00:00:00+00:00, run_after=2026-07-20 00:00:00+00:00
[2026-07-20T06:51:51.610+0000] {logging_mixin.py:188} INFO - [2026-07-20T06:51:51.610+0000] {dag.py:3947} INFO - Setting next_dagrun for example_branch_datetime_operator_3 to 2026-07-19 00:00:00+00:00, run_after=2026-07-20 00:00:00+00:00
[2026-07-20T06:51:51.626+0000] {processor.py:183} INFO - Processing /workspaces/recomart-recommendation-pipeline/airflow_venv/lib/python3.12/site-packages/airflow/example_dags/example_branch_datetime_operator.py took 0.073 seconds
[2026-07-20T06:58:30.444+0000] {processor.py:161} INFO - Started process (PID=89886) to work on /workspaces/recomart-recommendation-pipeline/airflow_venv/lib/python3.12/site-packages/airflow/example_dags/example_branch_datetime_operator.py
[2026-07-20T06:58:30.445+0000] {processor.py:830} INFO - Processing file /workspaces/recomart-recommendation-pipeline/airflow_venv/lib/python3.12/site-packages/airflow/example_dags/example_branch_datetime_operator.py for tasks to queue
[2026-07-20T06:58:30.447+0000] {logging_mixin.py:188} INFO - [2026-07-20T06:58:30.446+0000] {dagbag.py:545} INFO - Filling up the DagBag from /workspaces/recomart-recommendation-pipeline/airflow_venv/lib/python3.12/site-packages/airflow/example_dags/example_branch_datetime_operator.py
[2026-07-20T06:58:30.455+0000] {processor.py:840} INFO - DAG(s) 'example_branch_datetime_operator', 'example_branch_datetime_operator_3', 'example_branch_datetime_operator_2' retrieved from /workspaces/recomart-recommendation-pipeline/airflow_venv/lib/python3.12/site-packages/airflow/example_dags/example_branch_datetime_operator.py
[2026-07-20T06:58:30.559+0000] {logging_mixin.py:188} INFO - [2026-07-20T06:58:30.559+0000] {dag.py:3089} INFO - Sync 3 DAGs
[2026-07-20T06:58:30.576+0000] {logging_mixin.py:188} INFO - [2026-07-20T06:58:30.576+0000] {dag.py:3947} INFO - Setting next_dagrun for example_branch_datetime_operator to 2026-07-19 00:00:00+00:00, run_after=2026-07-20 00:00:00+00:00
[2026-07-20T06:58:30.580+0000] {logging_mixin.py:188} INFO - [2026-07-20T06:58:30.580+0000] {dag.py:3947} INFO - Setting next_dagrun for example_branch_datetime_operator_2 to 2026-07-19 00:00:00+00:00, run_after=2026-07-20 00:00:00+00:00
[2026-07-20T06:58:30.583+0000] {logging_mixin.py:188} INFO - [2026-07-20T06:58:30.582+0000] {dag.py:3947} INFO - Setting next_dagrun for example_branch_datetime_operator_3 to 2026-07-19 00:00:00+00:00, run_after=2026-07-20 00:00:00+00:00
[2026-07-20T06:58:30.600+0000] {processor.py:183} INFO - Processing /workspaces/recomart-recommendation-pipeline/airflow_venv/lib/python3.12/site-packages/airflow/example_dags/example_branch_datetime_operator.py took 0.160 seconds
[2026-07-20T07:00:05.512+0000] {processor.py:161} INFO - Started process (PID=91526) to work on /workspaces/recomart-recommendation-pipeline/airflow_venv/lib/python3.12/site-packages/airflow/example_dags/example_branch_datetime_operator.py
[2026-07-20T07:00:05.512+0000] {processor.py:830} INFO - Processing file /workspaces/recomart-recommendation-pipeline/airflow_venv/lib/python3.12/site-packages/airflow/example_dags/example_branch_datetime_operator.py for tasks to queue
[2026-07-20T07:00:05.514+0000] {logging_mixin.py:188} INFO - [2026-07-20T07:00:05.513+0000] {dagbag.py:545} INFO - Filling up the DagBag from /workspaces/recomart-recommendation-pipeline/airflow_venv/lib/python3.12/site-packages/airflow/example_dags/example_branch_datetime_operator.py
[2026-07-20T07:00:05.522+0000] {processor.py:840} INFO - DAG(s) 'example_branch_datetime_operator', 'example_branch_datetime_operator_3', 'example_branch_datetime_operator_2' retrieved from /workspaces/recomart-recommendation-pipeline/airflow_venv/lib/python3.12/site-packages/airflow/example_dags/example_branch_datetime_operator.py
[2026-07-20T07:00:05.540+0000] {logging_mixin.py:188} INFO - [2026-07-20T07:00:05.540+0000] {dag.py:3089} INFO - Sync 3 DAGs
[2026-07-20T07:00:05.556+0000] {logging_mixin.py:188} INFO - [2026-07-20T07:00:05.556+0000] {dag.py:3947} INFO - Setting next_dagrun for example_branch_datetime_operator to 2026-07-19 00:00:00+00:00, run_after=2026-07-20 00:00:00+00:00
[2026-07-20T07:00:05.561+0000] {logging_mixin.py:188} INFO - [2026-07-20T07:00:05.561+0000] {dag.py:3947} INFO - Setting next_dagrun for example_branch_datetime_operator_2 to 2026-07-19 00:00:00+00:00, run_after=2026-07-20 00:00:00+00:00
[2026-07-20T07:00:05.562+0000] {logging_mixin.py:188} INFO - [2026-07-20T07:00:05.562+0000] {dag.py:3947} INFO - Setting next_dagrun for example_branch_datetime_operator_3 to 2026-07-19 00:00:00+00:00, run_after=2026-07-20 00:00:00+00:00
[2026-07-20T07:00:05.583+0000] {processor.py:183} INFO - Processing /workspaces/recomart-recommendation-pipeline/airflow_venv/lib/python3.12/site-packages/airflow/example_dags/example_branch_datetime_operator.py took 0.076 seconds
[2026-07-20T07:00:57.025+0000] {processor.py:161} INFO - Started process (PID=92024) to work on /workspaces/recomart-recommendation-pipeline/airflow_venv/lib/python3.12/site-packages/airflow/example_dags/example_branch_datetime_operator.py
[2026-07-20T07:00:57.026+0000] {processor.py:830} INFO - Processing file /workspaces/recomart-recommendation-pipeline/airflow_venv/lib/python3.12/site-packages/airflow/example_dags/example_branch_datetime_operator.py for tasks to queue
[2026-07-20T07:00:57.027+0000] {logging_mixin.py:188} INFO - [2026-07-20T07:00:57.027+0000] {dagbag.py:545} INFO - Filling up the DagBag from /workspaces/recomart-recommendation-pipeline/airflow_venv/lib/python3.12/site-packages/airflow/example_dags/example_branch_datetime_operator.py
[2026-07-20T07:00:57.039+0000] {processor.py:840} INFO - DAG(s) 'example_branch_datetime_operator_2', 'example_branch_datetime_operator_3', 'example_branch_datetime_operator' retrieved from /workspaces/recomart-recommendation-pipeline/airflow_venv/lib/python3.12/site-packages/airflow/example_dags/example_branch_datetime_operator.py
[2026-07-20T07:00:57.062+0000] {logging_mixin.py:188} INFO - [2026-07-20T07:00:57.062+0000] {dag.py:3089} INFO - Sync 3 DAGs
[2026-07-20T07:00:57.086+0000] {logging_mixin.py:188} INFO - [2026-07-20T07:00:57.085+0000] {dag.py:3947} INFO - Setting next_dagrun for example_branch_datetime_operator to 2026-07-19 00:00:00+00:00, run_after=2026-07-20 00:00:00+00:00
[2026-07-20T07:00:57.091+0000] {logging_mixin.py:188} INFO - [2026-07-20T07:00:57.091+0000] {dag.py:3947} INFO - Setting next_dagrun for example_branch_datetime_operator_2 to 2026-07-19 00:00:00+00:00, run_after=2026-07-20 00:00:00+00:00
[2026-07-20T07:00:57.093+0000] {logging_mixin.py:188} INFO - [2026-07-20T07:00:57.093+0000] {dag.py:3947} INFO - Setting next_dagrun for example_branch_datetime_operator_3 to 2026-07-19 00:00:00+00:00, run_after=2026-07-20 00:00:00+00:00
[2026-07-20T07:00:57.121+0000] {processor.py:183} INFO - Processing /workspaces/recomart-recommendation-pipeline/airflow_venv/lib/python3.12/site-packages/airflow/example_dags/example_branch_datetime_operator.py took 0.102 seconds
