[2026-07-20T05:58:48.317+0000] {processor.py:161} INFO - Started process (PID=57896) to work on /workspaces/recomart-recommendation-pipeline/airflow_venv/lib/python3.12/site-packages/airflow/example_dags/tutorial.py
[2026-07-20T05:58:48.318+0000] {processor.py:830} INFO - Processing file /workspaces/recomart-recommendation-pipeline/airflow_venv/lib/python3.12/site-packages/airflow/example_dags/tutorial.py for tasks to queue
[2026-07-20T05:58:48.320+0000] {logging_mixin.py:188} INFO - [2026-07-20T05:58:48.319+0000] {dagbag.py:545} INFO - Filling up the DagBag from /workspaces/recomart-recommendation-pipeline/airflow_venv/lib/python3.12/site-packages/airflow/example_dags/tutorial.py
[2026-07-20T05:58:48.332+0000] {processor.py:840} INFO - DAG(s) 'tutorial' retrieved from /workspaces/recomart-recommendation-pipeline/airflow_venv/lib/python3.12/site-packages/airflow/example_dags/tutorial.py
[2026-07-20T05:58:48.554+0000] {logging_mixin.py:188} INFO - [2026-07-20T05:58:48.554+0000] {override.py:1858} INFO - Created Permission View: can read on DAG:tutorial
[2026-07-20T05:58:48.568+0000] {logging_mixin.py:188} INFO - [2026-07-20T05:58:48.567+0000] {override.py:1858} INFO - Created Permission View: can edit on DAG:tutorial
[2026-07-20T05:58:48.589+0000] {logging_mixin.py:188} INFO - [2026-07-20T05:58:48.588+0000] {override.py:1858} INFO - Created Permission View: can delete on DAG:tutorial
[2026-07-20T05:58:48.589+0000] {logging_mixin.py:188} INFO - [2026-07-20T05:58:48.589+0000] {dag.py:3089} INFO - Sync 1 DAGs
[2026-07-20T05:58:48.602+0000] {logging_mixin.py:188} INFO - [2026-07-20T05:58:48.601+0000] {dag.py:3111} INFO - Creating ORM DAG for tutorial
[2026-07-20T05:58:48.617+0000] {logging_mixin.py:188} INFO - [2026-07-20T05:58:48.616+0000] {dag.py:3947} INFO - Setting next_dagrun for tutorial to 2026-07-19 00:00:00+00:00, run_after=2026-07-20 00:00:00+00:00
[2026-07-20T05:58:48.734+0000] {processor.py:183} INFO - Processing /workspaces/recomart-recommendation-pipeline/airflow_venv/lib/python3.12/site-packages/airflow/example_dags/tutorial.py took 0.426 seconds
[2026-07-20T05:59:49.145+0000] {processor.py:161} INFO - Started process (PID=58562) to work on /workspaces/recomart-recommendation-pipeline/airflow_venv/lib/python3.12/site-packages/airflow/example_dags/tutorial.py
[2026-07-20T05:59:49.146+0000] {processor.py:830} INFO - Processing file /workspaces/recomart-recommendation-pipeline/airflow_venv/lib/python3.12/site-packages/airflow/example_dags/tutorial.py for tasks to queue
[2026-07-20T05:59:49.147+0000] {logging_mixin.py:188} INFO - [2026-07-20T05:59:49.147+0000] {dagbag.py:545} INFO - Filling up the DagBag from /workspaces/recomart-recommendation-pipeline/airflow_venv/lib/python3.12/site-packages/airflow/example_dags/tutorial.py
[2026-07-20T05:59:49.153+0000] {processor.py:840} INFO - DAG(s) 'tutorial' retrieved from /workspaces/recomart-recommendation-pipeline/airflow_venv/lib/python3.12/site-packages/airflow/example_dags/tutorial.py
[2026-07-20T05:59:49.165+0000] {logging_mixin.py:188} INFO - [2026-07-20T05:59:49.165+0000] {dag.py:3089} INFO - Sync 1 DAGs
[2026-07-20T05:59:49.181+0000] {logging_mixin.py:188} INFO - [2026-07-20T05:59:49.181+0000] {dag.py:3947} INFO - Setting next_dagrun for tutorial to 2026-07-19 00:00:00+00:00, run_after=2026-07-20 00:00:00+00:00
[2026-07-20T05:59:49.197+0000] {processor.py:183} INFO - Processing /workspaces/recomart-recommendation-pipeline/airflow_venv/lib/python3.12/site-packages/airflow/example_dags/tutorial.py took 0.056 seconds
[2026-07-20T06:00:37.236+0000] {processor.py:161} INFO - Started process (PID=58983) to work on /workspaces/recomart-recommendation-pipeline/airflow_venv/lib/python3.12/site-packages/airflow/example_dags/tutorial.py
[2026-07-20T06:00:37.237+0000] {processor.py:830} INFO - Processing file /workspaces/recomart-recommendation-pipeline/airflow_venv/lib/python3.12/site-packages/airflow/example_dags/tutorial.py for tasks to queue
[2026-07-20T06:00:37.238+0000] {logging_mixin.py:188} INFO - [2026-07-20T06:00:37.238+0000] {dagbag.py:545} INFO - Filling up the DagBag from /workspaces/recomart-recommendation-pipeline/airflow_venv/lib/python3.12/site-packages/airflow/example_dags/tutorial.py
[2026-07-20T06:00:37.242+0000] {processor.py:840} INFO - DAG(s) 'tutorial' retrieved from /workspaces/recomart-recommendation-pipeline/airflow_venv/lib/python3.12/site-packages/airflow/example_dags/tutorial.py
[2026-07-20T06:00:37.254+0000] {logging_mixin.py:188} INFO - [2026-07-20T06:00:37.254+0000] {dag.py:3089} INFO - Sync 1 DAGs
[2026-07-20T06:00:37.269+0000] {logging_mixin.py:188} INFO - [2026-07-20T06:00:37.269+0000] {dag.py:3947} INFO - Setting next_dagrun for tutorial to 2026-07-19 00:00:00+00:00, run_after=2026-07-20 00:00:00+00:00
[2026-07-20T06:00:37.289+0000] {processor.py:183} INFO - Processing /workspaces/recomart-recommendation-pipeline/airflow_venv/lib/python3.12/site-packages/airflow/example_dags/tutorial.py took 0.058 seconds
[2026-07-20T06:01:22.014+0000] {processor.py:161} INFO - Started process (PID=59442) to work on /workspaces/recomart-recommendation-pipeline/airflow_venv/lib/python3.12/site-packages/airflow/example_dags/tutorial.py
[2026-07-20T06:01:22.014+0000] {processor.py:830} INFO - Processing file /workspaces/recomart-recommendation-pipeline/airflow_venv/lib/python3.12/site-packages/airflow/example_dags/tutorial.py for tasks to queue
[2026-07-20T06:01:22.016+0000] {logging_mixin.py:188} INFO - [2026-07-20T06:01:22.015+0000] {dagbag.py:545} INFO - Filling up the DagBag from /workspaces/recomart-recommendation-pipeline/airflow_venv/lib/python3.12/site-packages/airflow/example_dags/tutorial.py
[2026-07-20T06:01:22.020+0000] {processor.py:840} INFO - DAG(s) 'tutorial' retrieved from /workspaces/recomart-recommendation-pipeline/airflow_venv/lib/python3.12/site-packages/airflow/example_dags/tutorial.py
[2026-07-20T06:01:22.031+0000] {logging_mixin.py:188} INFO - [2026-07-20T06:01:22.031+0000] {dag.py:3089} INFO - Sync 1 DAGs
[2026-07-20T06:01:22.046+0000] {logging_mixin.py:188} INFO - [2026-07-20T06:01:22.046+0000] {dag.py:3947} INFO - Setting next_dagrun for tutorial to 2026-07-19 00:00:00+00:00, run_after=2026-07-20 00:00:00+00:00
[2026-07-20T06:01:22.063+0000] {processor.py:183} INFO - Processing /workspaces/recomart-recommendation-pipeline/airflow_venv/lib/python3.12/site-packages/airflow/example_dags/tutorial.py took 0.054 seconds
[2026-07-20T06:02:05.549+0000] {processor.py:161} INFO - Started process (PID=59969) to work on /workspaces/recomart-recommendation-pipeline/airflow_venv/lib/python3.12/site-packages/airflow/example_dags/tutorial.py
[2026-07-20T06:02:05.550+0000] {processor.py:830} INFO - Processing file /workspaces/recomart-recommendation-pipeline/airflow_venv/lib/python3.12/site-packages/airflow/example_dags/tutorial.py for tasks to queue
[2026-07-20T06:02:05.552+0000] {logging_mixin.py:188} INFO - [2026-07-20T06:02:05.551+0000] {dagbag.py:545} INFO - Filling up the DagBag from /workspaces/recomart-recommendation-pipeline/airflow_venv/lib/python3.12/site-packages/airflow/example_dags/tutorial.py
[2026-07-20T06:02:05.560+0000] {processor.py:840} INFO - DAG(s) 'tutorial' retrieved from /workspaces/recomart-recommendation-pipeline/airflow_venv/lib/python3.12/site-packages/airflow/example_dags/tutorial.py
[2026-07-20T06:02:05.581+0000] {logging_mixin.py:188} INFO - [2026-07-20T06:02:05.581+0000] {dag.py:3089} INFO - Sync 1 DAGs
[2026-07-20T06:02:05.605+0000] {logging_mixin.py:188} INFO - [2026-07-20T06:02:05.605+0000] {dag.py:3947} INFO - Setting next_dagrun for tutorial to 2026-07-19 00:00:00+00:00, run_after=2026-07-20 00:00:00+00:00
[2026-07-20T06:02:05.701+0000] {processor.py:183} INFO - Processing /workspaces/recomart-recommendation-pipeline/airflow_venv/lib/python3.12/site-packages/airflow/example_dags/tutorial.py took 0.160 seconds
[2026-07-20T06:02:49.958+0000] {processor.py:161} INFO - Started process (PID=60360) to work on /workspaces/recomart-recommendation-pipeline/airflow_venv/lib/python3.12/site-packages/airflow/example_dags/tutorial.py
[2026-07-20T06:02:49.958+0000] {processor.py:830} INFO - Processing file /workspaces/recomart-recommendation-pipeline/airflow_venv/lib/python3.12/site-packages/airflow/example_dags/tutorial.py for tasks to queue
[2026-07-20T06:02:49.960+0000] {logging_mixin.py:188} INFO - [2026-07-20T06:02:49.960+0000] {dagbag.py:545} INFO - Filling up the DagBag from /workspaces/recomart-recommendation-pipeline/airflow_venv/lib/python3.12/site-packages/airflow/example_dags/tutorial.py
[2026-07-20T06:02:49.965+0000] {processor.py:840} INFO - DAG(s) 'tutorial' retrieved from /workspaces/recomart-recommendation-pipeline/airflow_venv/lib/python3.12/site-packages/airflow/example_dags/tutorial.py
[2026-07-20T06:02:49.978+0000] {logging_mixin.py:188} INFO - [2026-07-20T06:02:49.978+0000] {dag.py:3089} INFO - Sync 1 DAGs
[2026-07-20T06:02:49.997+0000] {logging_mixin.py:188} INFO - [2026-07-20T06:02:49.997+0000] {dag.py:3947} INFO - Setting next_dagrun for tutorial to 2026-07-19 00:00:00+00:00, run_after=2026-07-20 00:00:00+00:00
[2026-07-20T06:02:50.013+0000] {processor.py:183} INFO - Processing /workspaces/recomart-recommendation-pipeline/airflow_venv/lib/python3.12/site-packages/airflow/example_dags/tutorial.py took 0.060 seconds
[2026-07-20T06:03:31.404+0000] {processor.py:161} INFO - Started process (PID=60665) to work on /workspaces/recomart-recommendation-pipeline/airflow_venv/lib/python3.12/site-packages/airflow/example_dags/tutorial.py
[2026-07-20T06:03:31.405+0000] {processor.py:830} INFO - Processing file /workspaces/recomart-recommendation-pipeline/airflow_venv/lib/python3.12/site-packages/airflow/example_dags/tutorial.py for tasks to queue
[2026-07-20T06:03:31.407+0000] {logging_mixin.py:188} INFO - [2026-07-20T06:03:31.406+0000] {dagbag.py:545} INFO - Filling up the DagBag from /workspaces/recomart-recommendation-pipeline/airflow_venv/lib/python3.12/site-packages/airflow/example_dags/tutorial.py
[2026-07-20T06:03:31.419+0000] {processor.py:840} INFO - DAG(s) 'tutorial' retrieved from /workspaces/recomart-recommendation-pipeline/airflow_venv/lib/python3.12/site-packages/airflow/example_dags/tutorial.py
[2026-07-20T06:03:31.434+0000] {logging_mixin.py:188} INFO - [2026-07-20T06:03:31.434+0000] {dag.py:3089} INFO - Sync 1 DAGs
[2026-07-20T06:03:31.449+0000] {logging_mixin.py:188} INFO - [2026-07-20T06:03:31.449+0000] {dag.py:3947} INFO - Setting next_dagrun for tutorial to 2026-07-19 00:00:00+00:00, run_after=2026-07-20 00:00:00+00:00
[2026-07-20T06:03:31.468+0000] {processor.py:183} INFO - Processing /workspaces/recomart-recommendation-pipeline/airflow_venv/lib/python3.12/site-packages/airflow/example_dags/tutorial.py took 0.068 seconds
[2026-07-20T06:04:14.246+0000] {processor.py:161} INFO - Started process (PID=61084) to work on /workspaces/recomart-recommendation-pipeline/airflow_venv/lib/python3.12/site-packages/airflow/example_dags/tutorial.py
[2026-07-20T06:04:14.247+0000] {processor.py:830} INFO - Processing file /workspaces/recomart-recommendation-pipeline/airflow_venv/lib/python3.12/site-packages/airflow/example_dags/tutorial.py for tasks to queue
[2026-07-20T06:04:14.248+0000] {logging_mixin.py:188} INFO - [2026-07-20T06:04:14.248+0000] {dagbag.py:545} INFO - Filling up the DagBag from /workspaces/recomart-recommendation-pipeline/airflow_venv/lib/python3.12/site-packages/airflow/example_dags/tutorial.py
[2026-07-20T06:04:14.253+0000] {processor.py:840} INFO - DAG(s) 'tutorial' retrieved from /workspaces/recomart-recommendation-pipeline/airflow_venv/lib/python3.12/site-packages/airflow/example_dags/tutorial.py
[2026-07-20T06:04:14.265+0000] {logging_mixin.py:188} INFO - [2026-07-20T06:04:14.264+0000] {dag.py:3089} INFO - Sync 1 DAGs
[2026-07-20T06:04:14.285+0000] {logging_mixin.py:188} INFO - [2026-07-20T06:04:14.284+0000] {dag.py:3947} INFO - Setting next_dagrun for tutorial to 2026-07-19 00:00:00+00:00, run_after=2026-07-20 00:00:00+00:00
[2026-07-20T06:04:14.404+0000] {processor.py:183} INFO - Processing /workspaces/recomart-recommendation-pipeline/airflow_venv/lib/python3.12/site-packages/airflow/example_dags/tutorial.py took 0.162 seconds
[2026-07-20T06:04:59.202+0000] {processor.py:161} INFO - Started process (PID=61469) to work on /workspaces/recomart-recommendation-pipeline/airflow_venv/lib/python3.12/site-packages/airflow/example_dags/tutorial.py
[2026-07-20T06:04:59.203+0000] {processor.py:830} INFO - Processing file /workspaces/recomart-recommendation-pipeline/airflow_venv/lib/python3.12/site-packages/airflow/example_dags/tutorial.py for tasks to queue
[2026-07-20T06:04:59.204+0000] {logging_mixin.py:188} INFO - [2026-07-20T06:04:59.204+0000] {dagbag.py:545} INFO - Filling up the DagBag from /workspaces/recomart-recommendation-pipeline/airflow_venv/lib/python3.12/site-packages/airflow/example_dags/tutorial.py
[2026-07-20T06:04:59.208+0000] {processor.py:840} INFO - DAG(s) 'tutorial' retrieved from /workspaces/recomart-recommendation-pipeline/airflow_venv/lib/python3.12/site-packages/airflow/example_dags/tutorial.py
[2026-07-20T06:04:59.220+0000] {logging_mixin.py:188} INFO - [2026-07-20T06:04:59.220+0000] {dag.py:3089} INFO - Sync 1 DAGs
[2026-07-20T06:04:59.235+0000] {logging_mixin.py:188} INFO - [2026-07-20T06:04:59.234+0000] {dag.py:3947} INFO - Setting next_dagrun for tutorial to 2026-07-19 00:00:00+00:00, run_after=2026-07-20 00:00:00+00:00
[2026-07-20T06:04:59.251+0000] {processor.py:183} INFO - Processing /workspaces/recomart-recommendation-pipeline/airflow_venv/lib/python3.12/site-packages/airflow/example_dags/tutorial.py took 0.054 seconds
[2026-07-20T06:05:42.478+0000] {processor.py:161} INFO - Started process (PID=61834) to work on /workspaces/recomart-recommendation-pipeline/airflow_venv/lib/python3.12/site-packages/airflow/example_dags/tutorial.py
[2026-07-20T06:05:42.479+0000] {processor.py:830} INFO - Processing file /workspaces/recomart-recommendation-pipeline/airflow_venv/lib/python3.12/site-packages/airflow/example_dags/tutorial.py for tasks to queue
[2026-07-20T06:05:42.481+0000] {logging_mixin.py:188} INFO - [2026-07-20T06:05:42.481+0000] {dagbag.py:545} INFO - Filling up the DagBag from /workspaces/recomart-recommendation-pipeline/airflow_venv/lib/python3.12/site-packages/airflow/example_dags/tutorial.py
[2026-07-20T06:05:42.486+0000] {processor.py:840} INFO - DAG(s) 'tutorial' retrieved from /workspaces/recomart-recommendation-pipeline/airflow_venv/lib/python3.12/site-packages/airflow/example_dags/tutorial.py
[2026-07-20T06:05:42.497+0000] {logging_mixin.py:188} INFO - [2026-07-20T06:05:42.497+0000] {dag.py:3089} INFO - Sync 1 DAGs
[2026-07-20T06:05:42.597+0000] {logging_mixin.py:188} INFO - [2026-07-20T06:05:42.597+0000] {dag.py:3947} INFO - Setting next_dagrun for tutorial to 2026-07-19 00:00:00+00:00, run_after=2026-07-20 00:00:00+00:00
[2026-07-20T06:05:42.612+0000] {processor.py:183} INFO - Processing /workspaces/recomart-recommendation-pipeline/airflow_venv/lib/python3.12/site-packages/airflow/example_dags/tutorial.py took 0.141 seconds
[2026-07-20T06:06:30.903+0000] {processor.py:161} INFO - Started process (PID=62180) to work on /workspaces/recomart-recommendation-pipeline/airflow_venv/lib/python3.12/site-packages/airflow/example_dags/tutorial.py
[2026-07-20T06:06:30.903+0000] {processor.py:830} INFO - Processing file /workspaces/recomart-recommendation-pipeline/airflow_venv/lib/python3.12/site-packages/airflow/example_dags/tutorial.py for tasks to queue
[2026-07-20T06:06:30.905+0000] {logging_mixin.py:188} INFO - [2026-07-20T06:06:30.904+0000] {dagbag.py:545} INFO - Filling up the DagBag from /workspaces/recomart-recommendation-pipeline/airflow_venv/lib/python3.12/site-packages/airflow/example_dags/tutorial.py
[2026-07-20T06:06:30.909+0000] {processor.py:840} INFO - DAG(s) 'tutorial' retrieved from /workspaces/recomart-recommendation-pipeline/airflow_venv/lib/python3.12/site-packages/airflow/example_dags/tutorial.py
[2026-07-20T06:06:30.920+0000] {logging_mixin.py:188} INFO - [2026-07-20T06:06:30.920+0000] {dag.py:3089} INFO - Sync 1 DAGs
[2026-07-20T06:06:30.935+0000] {logging_mixin.py:188} INFO - [2026-07-20T06:06:30.935+0000] {dag.py:3947} INFO - Setting next_dagrun for tutorial to 2026-07-19 00:00:00+00:00, run_after=2026-07-20 00:00:00+00:00
[2026-07-20T06:06:30.952+0000] {processor.py:183} INFO - Processing /workspaces/recomart-recommendation-pipeline/airflow_venv/lib/python3.12/site-packages/airflow/example_dags/tutorial.py took 0.053 seconds
[2026-07-20T06:07:19.065+0000] {processor.py:161} INFO - Started process (PID=62594) to work on /workspaces/recomart-recommendation-pipeline/airflow_venv/lib/python3.12/site-packages/airflow/example_dags/tutorial.py
[2026-07-20T06:07:19.066+0000] {processor.py:830} INFO - Processing file /workspaces/recomart-recommendation-pipeline/airflow_venv/lib/python3.12/site-packages/airflow/example_dags/tutorial.py for tasks to queue
[2026-07-20T06:07:19.068+0000] {logging_mixin.py:188} INFO - [2026-07-20T06:07:19.067+0000] {dagbag.py:545} INFO - Filling up the DagBag from /workspaces/recomart-recommendation-pipeline/airflow_venv/lib/python3.12/site-packages/airflow/example_dags/tutorial.py
[2026-07-20T06:07:19.073+0000] {processor.py:840} INFO - DAG(s) 'tutorial' retrieved from /workspaces/recomart-recommendation-pipeline/airflow_venv/lib/python3.12/site-packages/airflow/example_dags/tutorial.py
[2026-07-20T06:07:19.085+0000] {logging_mixin.py:188} INFO - [2026-07-20T06:07:19.085+0000] {dag.py:3089} INFO - Sync 1 DAGs
[2026-07-20T06:07:19.100+0000] {logging_mixin.py:188} INFO - [2026-07-20T06:07:19.100+0000] {dag.py:3947} INFO - Setting next_dagrun for tutorial to 2026-07-19 00:00:00+00:00, run_after=2026-07-20 00:00:00+00:00
[2026-07-20T06:07:19.117+0000] {processor.py:183} INFO - Processing /workspaces/recomart-recommendation-pipeline/airflow_venv/lib/python3.12/site-packages/airflow/example_dags/tutorial.py took 0.056 seconds
[2026-07-20T06:08:48.371+0000] {processor.py:161} INFO - Started process (PID=63477) to work on /workspaces/recomart-recommendation-pipeline/airflow_venv/lib/python3.12/site-packages/airflow/example_dags/tutorial.py
[2026-07-20T06:08:48.376+0000] {processor.py:830} INFO - Processing file /workspaces/recomart-recommendation-pipeline/airflow_venv/lib/python3.12/site-packages/airflow/example_dags/tutorial.py for tasks to queue
[2026-07-20T06:08:48.381+0000] {logging_mixin.py:188} INFO - [2026-07-20T06:08:48.380+0000] {dagbag.py:545} INFO - Filling up the DagBag from /workspaces/recomart-recommendation-pipeline/airflow_venv/lib/python3.12/site-packages/airflow/example_dags/tutorial.py
[2026-07-20T06:08:48.441+0000] {processor.py:840} INFO - DAG(s) 'tutorial' retrieved from /workspaces/recomart-recommendation-pipeline/airflow_venv/lib/python3.12/site-packages/airflow/example_dags/tutorial.py
[2026-07-20T06:08:48.488+0000] {logging_mixin.py:188} INFO - [2026-07-20T06:08:48.487+0000] {dag.py:3089} INFO - Sync 1 DAGs
[2026-07-20T06:08:48.533+0000] {logging_mixin.py:188} INFO - [2026-07-20T06:08:48.532+0000] {dag.py:3947} INFO - Setting next_dagrun for tutorial to 2026-07-19 00:00:00+00:00, run_after=2026-07-20 00:00:00+00:00
[2026-07-20T06:08:48.565+0000] {processor.py:183} INFO - Processing /workspaces/recomart-recommendation-pipeline/airflow_venv/lib/python3.12/site-packages/airflow/example_dags/tutorial.py took 0.213 seconds
[2026-07-20T06:09:43.540+0000] {processor.py:161} INFO - Started process (PID=64004) to work on /workspaces/recomart-recommendation-pipeline/airflow_venv/lib/python3.12/site-packages/airflow/example_dags/tutorial.py
[2026-07-20T06:09:43.542+0000] {processor.py:830} INFO - Processing file /workspaces/recomart-recommendation-pipeline/airflow_venv/lib/python3.12/site-packages/airflow/example_dags/tutorial.py for tasks to queue
[2026-07-20T06:09:43.544+0000] {logging_mixin.py:188} INFO - [2026-07-20T06:09:43.544+0000] {dagbag.py:545} INFO - Filling up the DagBag from /workspaces/recomart-recommendation-pipeline/airflow_venv/lib/python3.12/site-packages/airflow/example_dags/tutorial.py
[2026-07-20T06:09:43.553+0000] {processor.py:840} INFO - DAG(s) 'tutorial' retrieved from /workspaces/recomart-recommendation-pipeline/airflow_venv/lib/python3.12/site-packages/airflow/example_dags/tutorial.py
[2026-07-20T06:09:43.696+0000] {logging_mixin.py:188} INFO - [2026-07-20T06:09:43.696+0000] {dag.py:3089} INFO - Sync 1 DAGs
[2026-07-20T06:09:43.715+0000] {logging_mixin.py:188} INFO - [2026-07-20T06:09:43.715+0000] {dag.py:3947} INFO - Setting next_dagrun for tutorial to 2026-07-19 00:00:00+00:00, run_after=2026-07-20 00:00:00+00:00
[2026-07-20T06:09:43.746+0000] {processor.py:183} INFO - Processing /workspaces/recomart-recommendation-pipeline/airflow_venv/lib/python3.12/site-packages/airflow/example_dags/tutorial.py took 0.213 seconds
[2026-07-20T06:10:35.483+0000] {processor.py:161} INFO - Started process (PID=64370) to work on /workspaces/recomart-recommendation-pipeline/airflow_venv/lib/python3.12/site-packages/airflow/example_dags/tutorial.py
[2026-07-20T06:10:35.484+0000] {processor.py:830} INFO - Processing file /workspaces/recomart-recommendation-pipeline/airflow_venv/lib/python3.12/site-packages/airflow/example_dags/tutorial.py for tasks to queue
[2026-07-20T06:10:35.486+0000] {logging_mixin.py:188} INFO - [2026-07-20T06:10:35.485+0000] {dagbag.py:545} INFO - Filling up the DagBag from /workspaces/recomart-recommendation-pipeline/airflow_venv/lib/python3.12/site-packages/airflow/example_dags/tutorial.py
[2026-07-20T06:10:35.492+0000] {processor.py:840} INFO - DAG(s) 'tutorial' retrieved from /workspaces/recomart-recommendation-pipeline/airflow_venv/lib/python3.12/site-packages/airflow/example_dags/tutorial.py
[2026-07-20T06:10:35.510+0000] {logging_mixin.py:188} INFO - [2026-07-20T06:10:35.509+0000] {dag.py:3089} INFO - Sync 1 DAGs
[2026-07-20T06:10:35.536+0000] {logging_mixin.py:188} INFO - [2026-07-20T06:10:35.535+0000] {dag.py:3947} INFO - Setting next_dagrun for tutorial to 2026-07-19 00:00:00+00:00, run_after=2026-07-20 00:00:00+00:00
[2026-07-20T06:10:35.562+0000] {processor.py:183} INFO - Processing /workspaces/recomart-recommendation-pipeline/airflow_venv/lib/python3.12/site-packages/airflow/example_dags/tutorial.py took 0.084 seconds
[2026-07-20T06:11:17.260+0000] {processor.py:161} INFO - Started process (PID=64909) to work on /workspaces/recomart-recommendation-pipeline/airflow_venv/lib/python3.12/site-packages/airflow/example_dags/tutorial.py
[2026-07-20T06:11:17.261+0000] {processor.py:830} INFO - Processing file /workspaces/recomart-recommendation-pipeline/airflow_venv/lib/python3.12/site-packages/airflow/example_dags/tutorial.py for tasks to queue
[2026-07-20T06:11:17.263+0000] {logging_mixin.py:188} INFO - [2026-07-20T06:11:17.262+0000] {dagbag.py:545} INFO - Filling up the DagBag from /workspaces/recomart-recommendation-pipeline/airflow_venv/lib/python3.12/site-packages/airflow/example_dags/tutorial.py
[2026-07-20T06:11:17.269+0000] {processor.py:840} INFO - DAG(s) 'tutorial' retrieved from /workspaces/recomart-recommendation-pipeline/airflow_venv/lib/python3.12/site-packages/airflow/example_dags/tutorial.py
[2026-07-20T06:11:17.290+0000] {logging_mixin.py:188} INFO - [2026-07-20T06:11:17.289+0000] {dag.py:3089} INFO - Sync 1 DAGs
[2026-07-20T06:11:17.311+0000] {logging_mixin.py:188} INFO - [2026-07-20T06:11:17.311+0000] {dag.py:3947} INFO - Setting next_dagrun for tutorial to 2026-07-19 00:00:00+00:00, run_after=2026-07-20 00:00:00+00:00
[2026-07-20T06:11:17.353+0000] {processor.py:183} INFO - Processing /workspaces/recomart-recommendation-pipeline/airflow_venv/lib/python3.12/site-packages/airflow/example_dags/tutorial.py took 0.099 seconds
[2026-07-20T06:11:59.192+0000] {processor.py:161} INFO - Started process (PID=65269) to work on /workspaces/recomart-recommendation-pipeline/airflow_venv/lib/python3.12/site-packages/airflow/example_dags/tutorial.py
[2026-07-20T06:11:59.192+0000] {processor.py:830} INFO - Processing file /workspaces/recomart-recommendation-pipeline/airflow_venv/lib/python3.12/site-packages/airflow/example_dags/tutorial.py for tasks to queue
[2026-07-20T06:11:59.194+0000] {logging_mixin.py:188} INFO - [2026-07-20T06:11:59.193+0000] {dagbag.py:545} INFO - Filling up the DagBag from /workspaces/recomart-recommendation-pipeline/airflow_venv/lib/python3.12/site-packages/airflow/example_dags/tutorial.py
[2026-07-20T06:11:59.199+0000] {processor.py:840} INFO - DAG(s) 'tutorial' retrieved from /workspaces/recomart-recommendation-pipeline/airflow_venv/lib/python3.12/site-packages/airflow/example_dags/tutorial.py
[2026-07-20T06:11:59.211+0000] {logging_mixin.py:188} INFO - [2026-07-20T06:11:59.211+0000] {dag.py:3089} INFO - Sync 1 DAGs
[2026-07-20T06:11:59.227+0000] {logging_mixin.py:188} INFO - [2026-07-20T06:11:59.226+0000] {dag.py:3947} INFO - Setting next_dagrun for tutorial to 2026-07-19 00:00:00+00:00, run_after=2026-07-20 00:00:00+00:00
[2026-07-20T06:11:59.243+0000] {processor.py:183} INFO - Processing /workspaces/recomart-recommendation-pipeline/airflow_venv/lib/python3.12/site-packages/airflow/example_dags/tutorial.py took 0.056 seconds
[2026-07-20T06:12:41.690+0000] {processor.py:161} INFO - Started process (PID=65634) to work on /workspaces/recomart-recommendation-pipeline/airflow_venv/lib/python3.12/site-packages/airflow/example_dags/tutorial.py
[2026-07-20T06:12:41.691+0000] {processor.py:830} INFO - Processing file /workspaces/recomart-recommendation-pipeline/airflow_venv/lib/python3.12/site-packages/airflow/example_dags/tutorial.py for tasks to queue
[2026-07-20T06:12:41.692+0000] {logging_mixin.py:188} INFO - [2026-07-20T06:12:41.692+0000] {dagbag.py:545} INFO - Filling up the DagBag from /workspaces/recomart-recommendation-pipeline/airflow_venv/lib/python3.12/site-packages/airflow/example_dags/tutorial.py
[2026-07-20T06:12:41.697+0000] {processor.py:840} INFO - DAG(s) 'tutorial' retrieved from /workspaces/recomart-recommendation-pipeline/airflow_venv/lib/python3.12/site-packages/airflow/example_dags/tutorial.py
[2026-07-20T06:12:41.711+0000] {logging_mixin.py:188} INFO - [2026-07-20T06:12:41.711+0000] {dag.py:3089} INFO - Sync 1 DAGs
[2026-07-20T06:12:41.726+0000] {logging_mixin.py:188} INFO - [2026-07-20T06:12:41.726+0000] {dag.py:3947} INFO - Setting next_dagrun for tutorial to 2026-07-19 00:00:00+00:00, run_after=2026-07-20 00:00:00+00:00
[2026-07-20T06:12:41.742+0000] {processor.py:183} INFO - Processing /workspaces/recomart-recommendation-pipeline/airflow_venv/lib/python3.12/site-packages/airflow/example_dags/tutorial.py took 0.056 seconds
[2026-07-20T06:13:26.456+0000] {processor.py:161} INFO - Started process (PID=65968) to work on /workspaces/recomart-recommendation-pipeline/airflow_venv/lib/python3.12/site-packages/airflow/example_dags/tutorial.py
[2026-07-20T06:13:26.459+0000] {processor.py:830} INFO - Processing file /workspaces/recomart-recommendation-pipeline/airflow_venv/lib/python3.12/site-packages/airflow/example_dags/tutorial.py for tasks to queue
[2026-07-20T06:13:26.461+0000] {logging_mixin.py:188} INFO - [2026-07-20T06:13:26.460+0000] {dagbag.py:545} INFO - Filling up the DagBag from /workspaces/recomart-recommendation-pipeline/airflow_venv/lib/python3.12/site-packages/airflow/example_dags/tutorial.py
[2026-07-20T06:13:26.468+0000] {processor.py:840} INFO - DAG(s) 'tutorial' retrieved from /workspaces/recomart-recommendation-pipeline/airflow_venv/lib/python3.12/site-packages/airflow/example_dags/tutorial.py
[2026-07-20T06:13:26.484+0000] {logging_mixin.py:188} INFO - [2026-07-20T06:13:26.484+0000] {dag.py:3089} INFO - Sync 1 DAGs
[2026-07-20T06:13:26.500+0000] {logging_mixin.py:188} INFO - [2026-07-20T06:13:26.499+0000] {dag.py:3947} INFO - Setting next_dagrun for tutorial to 2026-07-19 00:00:00+00:00, run_after=2026-07-20 00:00:00+00:00
[2026-07-20T06:13:26.517+0000] {processor.py:183} INFO - Processing /workspaces/recomart-recommendation-pipeline/airflow_venv/lib/python3.12/site-packages/airflow/example_dags/tutorial.py took 0.067 seconds
[2026-07-20T06:14:11.884+0000] {processor.py:161} INFO - Started process (PID=66524) to work on /workspaces/recomart-recommendation-pipeline/airflow_venv/lib/python3.12/site-packages/airflow/example_dags/tutorial.py
[2026-07-20T06:14:11.885+0000] {processor.py:830} INFO - Processing file /workspaces/recomart-recommendation-pipeline/airflow_venv/lib/python3.12/site-packages/airflow/example_dags/tutorial.py for tasks to queue
[2026-07-20T06:14:11.890+0000] {logging_mixin.py:188} INFO - [2026-07-20T06:14:11.887+0000] {dagbag.py:545} INFO - Filling up the DagBag from /workspaces/recomart-recommendation-pipeline/airflow_venv/lib/python3.12/site-packages/airflow/example_dags/tutorial.py
[2026-07-20T06:14:11.899+0000] {processor.py:840} INFO - DAG(s) 'tutorial' retrieved from /workspaces/recomart-recommendation-pipeline/airflow_venv/lib/python3.12/site-packages/airflow/example_dags/tutorial.py
[2026-07-20T06:14:11.924+0000] {logging_mixin.py:188} INFO - [2026-07-20T06:14:11.923+0000] {dag.py:3089} INFO - Sync 1 DAGs
[2026-07-20T06:14:12.098+0000] {logging_mixin.py:188} INFO - [2026-07-20T06:14:12.096+0000] {dag.py:3947} INFO - Setting next_dagrun for tutorial to 2026-07-19 00:00:00+00:00, run_after=2026-07-20 00:00:00+00:00
[2026-07-20T06:14:12.164+0000] {processor.py:183} INFO - Processing /workspaces/recomart-recommendation-pipeline/airflow_venv/lib/python3.12/site-packages/airflow/example_dags/tutorial.py took 0.291 seconds
[2026-07-20T06:14:57.846+0000] {processor.py:161} INFO - Started process (PID=67106) to work on /workspaces/recomart-recommendation-pipeline/airflow_venv/lib/python3.12/site-packages/airflow/example_dags/tutorial.py
[2026-07-20T06:14:57.847+0000] {processor.py:830} INFO - Processing file /workspaces/recomart-recommendation-pipeline/airflow_venv/lib/python3.12/site-packages/airflow/example_dags/tutorial.py for tasks to queue
[2026-07-20T06:14:57.848+0000] {logging_mixin.py:188} INFO - [2026-07-20T06:14:57.848+0000] {dagbag.py:545} INFO - Filling up the DagBag from /workspaces/recomart-recommendation-pipeline/airflow_venv/lib/python3.12/site-packages/airflow/example_dags/tutorial.py
[2026-07-20T06:14:57.853+0000] {processor.py:840} INFO - DAG(s) 'tutorial' retrieved from /workspaces/recomart-recommendation-pipeline/airflow_venv/lib/python3.12/site-packages/airflow/example_dags/tutorial.py
[2026-07-20T06:14:57.867+0000] {logging_mixin.py:188} INFO - [2026-07-20T06:14:57.867+0000] {dag.py:3089} INFO - Sync 1 DAGs
[2026-07-20T06:14:57.886+0000] {logging_mixin.py:188} INFO - [2026-07-20T06:14:57.886+0000] {dag.py:3947} INFO - Setting next_dagrun for tutorial to 2026-07-19 00:00:00+00:00, run_after=2026-07-20 00:00:00+00:00
[2026-07-20T06:14:57.904+0000] {processor.py:183} INFO - Processing /workspaces/recomart-recommendation-pipeline/airflow_venv/lib/python3.12/site-packages/airflow/example_dags/tutorial.py took 0.062 seconds
[2026-07-20T06:30:51.289+0000] {processor.py:161} INFO - Started process (PID=73488) to work on /workspaces/recomart-recommendation-pipeline/airflow_venv/lib/python3.12/site-packages/airflow/example_dags/tutorial.py
[2026-07-20T06:30:51.290+0000] {processor.py:830} INFO - Processing file /workspaces/recomart-recommendation-pipeline/airflow_venv/lib/python3.12/site-packages/airflow/example_dags/tutorial.py for tasks to queue
[2026-07-20T06:30:51.292+0000] {logging_mixin.py:188} INFO - [2026-07-20T06:30:51.291+0000] {dagbag.py:545} INFO - Filling up the DagBag from /workspaces/recomart-recommendation-pipeline/airflow_venv/lib/python3.12/site-packages/airflow/example_dags/tutorial.py
[2026-07-20T06:30:51.300+0000] {processor.py:840} INFO - DAG(s) 'tutorial' retrieved from /workspaces/recomart-recommendation-pipeline/airflow_venv/lib/python3.12/site-packages/airflow/example_dags/tutorial.py
[2026-07-20T06:30:51.306+0000] {logging_mixin.py:188} INFO - [2026-07-20T06:30:51.305+0000] {dag.py:3089} INFO - Sync 1 DAGs
[2026-07-20T06:30:51.321+0000] {logging_mixin.py:188} INFO - [2026-07-20T06:30:51.321+0000] {dag.py:3947} INFO - Setting next_dagrun for tutorial to 2026-07-19 00:00:00+00:00, run_after=2026-07-20 00:00:00+00:00
[2026-07-20T06:30:51.339+0000] {processor.py:183} INFO - Processing /workspaces/recomart-recommendation-pipeline/airflow_venv/lib/python3.12/site-packages/airflow/example_dags/tutorial.py took 0.055 seconds
[2026-07-20T06:31:47.152+0000] {processor.py:161} INFO - Started process (PID=74062) to work on /workspaces/recomart-recommendation-pipeline/airflow_venv/lib/python3.12/site-packages/airflow/example_dags/tutorial.py
[2026-07-20T06:31:47.154+0000] {processor.py:830} INFO - Processing file /workspaces/recomart-recommendation-pipeline/airflow_venv/lib/python3.12/site-packages/airflow/example_dags/tutorial.py for tasks to queue
[2026-07-20T06:31:47.156+0000] {logging_mixin.py:188} INFO - [2026-07-20T06:31:47.155+0000] {dagbag.py:545} INFO - Filling up the DagBag from /workspaces/recomart-recommendation-pipeline/airflow_venv/lib/python3.12/site-packages/airflow/example_dags/tutorial.py
[2026-07-20T06:31:47.165+0000] {processor.py:840} INFO - DAG(s) 'tutorial' retrieved from /workspaces/recomart-recommendation-pipeline/airflow_venv/lib/python3.12/site-packages/airflow/example_dags/tutorial.py
[2026-07-20T06:31:47.317+0000] {logging_mixin.py:188} INFO - [2026-07-20T06:31:47.317+0000] {dag.py:3089} INFO - Sync 1 DAGs
[2026-07-20T06:31:47.338+0000] {logging_mixin.py:188} INFO - [2026-07-20T06:31:47.338+0000] {dag.py:3947} INFO - Setting next_dagrun for tutorial to 2026-07-19 00:00:00+00:00, run_after=2026-07-20 00:00:00+00:00
[2026-07-20T06:31:47.370+0000] {processor.py:183} INFO - Processing /workspaces/recomart-recommendation-pipeline/airflow_venv/lib/python3.12/site-packages/airflow/example_dags/tutorial.py took 0.225 seconds
[2026-07-20T06:32:37.398+0000] {processor.py:161} INFO - Started process (PID=74720) to work on /workspaces/recomart-recommendation-pipeline/airflow_venv/lib/python3.12/site-packages/airflow/example_dags/tutorial.py
[2026-07-20T06:32:37.399+0000] {processor.py:830} INFO - Processing file /workspaces/recomart-recommendation-pipeline/airflow_venv/lib/python3.12/site-packages/airflow/example_dags/tutorial.py for tasks to queue
[2026-07-20T06:32:37.400+0000] {logging_mixin.py:188} INFO - [2026-07-20T06:32:37.400+0000] {dagbag.py:545} INFO - Filling up the DagBag from /workspaces/recomart-recommendation-pipeline/airflow_venv/lib/python3.12/site-packages/airflow/example_dags/tutorial.py
[2026-07-20T06:32:37.405+0000] {processor.py:840} INFO - DAG(s) 'tutorial' retrieved from /workspaces/recomart-recommendation-pipeline/airflow_venv/lib/python3.12/site-packages/airflow/example_dags/tutorial.py
[2026-07-20T06:32:37.416+0000] {logging_mixin.py:188} INFO - [2026-07-20T06:32:37.416+0000] {dag.py:3089} INFO - Sync 1 DAGs
[2026-07-20T06:32:37.431+0000] {logging_mixin.py:188} INFO - [2026-07-20T06:32:37.431+0000] {dag.py:3947} INFO - Setting next_dagrun for tutorial to 2026-07-19 00:00:00+00:00, run_after=2026-07-20 00:00:00+00:00
[2026-07-20T06:32:37.451+0000] {processor.py:183} INFO - Processing /workspaces/recomart-recommendation-pipeline/airflow_venv/lib/python3.12/site-packages/airflow/example_dags/tutorial.py took 0.057 seconds
[2026-07-20T06:33:21.142+0000] {processor.py:161} INFO - Started process (PID=75115) to work on /workspaces/recomart-recommendation-pipeline/airflow_venv/lib/python3.12/site-packages/airflow/example_dags/tutorial.py
[2026-07-20T06:33:21.142+0000] {processor.py:830} INFO - Processing file /workspaces/recomart-recommendation-pipeline/airflow_venv/lib/python3.12/site-packages/airflow/example_dags/tutorial.py for tasks to queue
[2026-07-20T06:33:21.144+0000] {logging_mixin.py:188} INFO - [2026-07-20T06:33:21.143+0000] {dagbag.py:545} INFO - Filling up the DagBag from /workspaces/recomart-recommendation-pipeline/airflow_venv/lib/python3.12/site-packages/airflow/example_dags/tutorial.py
[2026-07-20T06:33:21.148+0000] {processor.py:840} INFO - DAG(s) 'tutorial' retrieved from /workspaces/recomart-recommendation-pipeline/airflow_venv/lib/python3.12/site-packages/airflow/example_dags/tutorial.py
[2026-07-20T06:33:21.161+0000] {logging_mixin.py:188} INFO - [2026-07-20T06:33:21.160+0000] {dag.py:3089} INFO - Sync 1 DAGs
[2026-07-20T06:33:21.179+0000] {logging_mixin.py:188} INFO - [2026-07-20T06:33:21.179+0000] {dag.py:3947} INFO - Setting next_dagrun for tutorial to 2026-07-19 00:00:00+00:00, run_after=2026-07-20 00:00:00+00:00
[2026-07-20T06:33:21.199+0000] {processor.py:183} INFO - Processing /workspaces/recomart-recommendation-pipeline/airflow_venv/lib/python3.12/site-packages/airflow/example_dags/tutorial.py took 0.062 seconds
[2026-07-20T06:34:40.085+0000] {processor.py:161} INFO - Started process (PID=76446) to work on /workspaces/recomart-recommendation-pipeline/airflow_venv/lib/python3.12/site-packages/airflow/example_dags/tutorial.py
[2026-07-20T06:34:40.086+0000] {processor.py:830} INFO - Processing file /workspaces/recomart-recommendation-pipeline/airflow_venv/lib/python3.12/site-packages/airflow/example_dags/tutorial.py for tasks to queue
[2026-07-20T06:34:40.088+0000] {logging_mixin.py:188} INFO - [2026-07-20T06:34:40.088+0000] {dagbag.py:545} INFO - Filling up the DagBag from /workspaces/recomart-recommendation-pipeline/airflow_venv/lib/python3.12/site-packages/airflow/example_dags/tutorial.py
[2026-07-20T06:34:40.093+0000] {processor.py:840} INFO - DAG(s) 'tutorial' retrieved from /workspaces/recomart-recommendation-pipeline/airflow_venv/lib/python3.12/site-packages/airflow/example_dags/tutorial.py
[2026-07-20T06:34:40.105+0000] {logging_mixin.py:188} INFO - [2026-07-20T06:34:40.105+0000] {dag.py:3089} INFO - Sync 1 DAGs
[2026-07-20T06:34:40.123+0000] {logging_mixin.py:188} INFO - [2026-07-20T06:34:40.122+0000] {dag.py:3947} INFO - Setting next_dagrun for tutorial to 2026-07-19 00:00:00+00:00, run_after=2026-07-20 00:00:00+00:00
[2026-07-20T06:34:40.139+0000] {processor.py:183} INFO - Processing /workspaces/recomart-recommendation-pipeline/airflow_venv/lib/python3.12/site-packages/airflow/example_dags/tutorial.py took 0.060 seconds
[2026-07-20T06:35:34.328+0000] {processor.py:161} INFO - Started process (PID=77513) to work on /workspaces/recomart-recommendation-pipeline/airflow_venv/lib/python3.12/site-packages/airflow/example_dags/tutorial.py
[2026-07-20T06:35:34.329+0000] {processor.py:830} INFO - Processing file /workspaces/recomart-recommendation-pipeline/airflow_venv/lib/python3.12/site-packages/airflow/example_dags/tutorial.py for tasks to queue
[2026-07-20T06:35:34.330+0000] {logging_mixin.py:188} INFO - [2026-07-20T06:35:34.330+0000] {dagbag.py:545} INFO - Filling up the DagBag from /workspaces/recomart-recommendation-pipeline/airflow_venv/lib/python3.12/site-packages/airflow/example_dags/tutorial.py
[2026-07-20T06:35:34.335+0000] {processor.py:840} INFO - DAG(s) 'tutorial' retrieved from /workspaces/recomart-recommendation-pipeline/airflow_venv/lib/python3.12/site-packages/airflow/example_dags/tutorial.py
[2026-07-20T06:35:34.347+0000] {logging_mixin.py:188} INFO - [2026-07-20T06:35:34.347+0000] {dag.py:3089} INFO - Sync 1 DAGs
[2026-07-20T06:35:34.362+0000] {logging_mixin.py:188} INFO - [2026-07-20T06:35:34.362+0000] {dag.py:3947} INFO - Setting next_dagrun for tutorial to 2026-07-19 00:00:00+00:00, run_after=2026-07-20 00:00:00+00:00
[2026-07-20T06:35:34.378+0000] {processor.py:183} INFO - Processing /workspaces/recomart-recommendation-pipeline/airflow_venv/lib/python3.12/site-packages/airflow/example_dags/tutorial.py took 0.055 seconds
[2026-07-20T06:36:26.428+0000] {processor.py:161} INFO - Started process (PID=78538) to work on /workspaces/recomart-recommendation-pipeline/airflow_venv/lib/python3.12/site-packages/airflow/example_dags/tutorial.py
[2026-07-20T06:36:26.429+0000] {processor.py:830} INFO - Processing file /workspaces/recomart-recommendation-pipeline/airflow_venv/lib/python3.12/site-packages/airflow/example_dags/tutorial.py for tasks to queue
[2026-07-20T06:36:26.431+0000] {logging_mixin.py:188} INFO - [2026-07-20T06:36:26.430+0000] {dagbag.py:545} INFO - Filling up the DagBag from /workspaces/recomart-recommendation-pipeline/airflow_venv/lib/python3.12/site-packages/airflow/example_dags/tutorial.py
[2026-07-20T06:36:26.437+0000] {processor.py:840} INFO - DAG(s) 'tutorial' retrieved from /workspaces/recomart-recommendation-pipeline/airflow_venv/lib/python3.12/site-packages/airflow/example_dags/tutorial.py
[2026-07-20T06:36:26.449+0000] {logging_mixin.py:188} INFO - [2026-07-20T06:36:26.449+0000] {dag.py:3089} INFO - Sync 1 DAGs
[2026-07-20T06:36:26.463+0000] {logging_mixin.py:188} INFO - [2026-07-20T06:36:26.463+0000] {dag.py:3947} INFO - Setting next_dagrun for tutorial to 2026-07-19 00:00:00+00:00, run_after=2026-07-20 00:00:00+00:00
[2026-07-20T06:36:26.481+0000] {processor.py:183} INFO - Processing /workspaces/recomart-recommendation-pipeline/airflow_venv/lib/python3.12/site-packages/airflow/example_dags/tutorial.py took 0.060 seconds
[2026-07-20T06:37:16.923+0000] {processor.py:161} INFO - Started process (PID=78963) to work on /workspaces/recomart-recommendation-pipeline/airflow_venv/lib/python3.12/site-packages/airflow/example_dags/tutorial.py
[2026-07-20T06:37:16.924+0000] {processor.py:830} INFO - Processing file /workspaces/recomart-recommendation-pipeline/airflow_venv/lib/python3.12/site-packages/airflow/example_dags/tutorial.py for tasks to queue
[2026-07-20T06:37:16.925+0000] {logging_mixin.py:188} INFO - [2026-07-20T06:37:16.925+0000] {dagbag.py:545} INFO - Filling up the DagBag from /workspaces/recomart-recommendation-pipeline/airflow_venv/lib/python3.12/site-packages/airflow/example_dags/tutorial.py
[2026-07-20T06:37:16.930+0000] {processor.py:840} INFO - DAG(s) 'tutorial' retrieved from /workspaces/recomart-recommendation-pipeline/airflow_venv/lib/python3.12/site-packages/airflow/example_dags/tutorial.py
[2026-07-20T06:37:16.943+0000] {logging_mixin.py:188} INFO - [2026-07-20T06:37:16.943+0000] {dag.py:3089} INFO - Sync 1 DAGs
[2026-07-20T06:37:16.963+0000] {logging_mixin.py:188} INFO - [2026-07-20T06:37:16.963+0000] {dag.py:3947} INFO - Setting next_dagrun for tutorial to 2026-07-19 00:00:00+00:00, run_after=2026-07-20 00:00:00+00:00
[2026-07-20T06:37:16.980+0000] {processor.py:183} INFO - Processing /workspaces/recomart-recommendation-pipeline/airflow_venv/lib/python3.12/site-packages/airflow/example_dags/tutorial.py took 0.061 seconds
[2026-07-20T06:38:01.199+0000] {processor.py:161} INFO - Started process (PID=79345) to work on /workspaces/recomart-recommendation-pipeline/airflow_venv/lib/python3.12/site-packages/airflow/example_dags/tutorial.py
[2026-07-20T06:38:01.200+0000] {processor.py:830} INFO - Processing file /workspaces/recomart-recommendation-pipeline/airflow_venv/lib/python3.12/site-packages/airflow/example_dags/tutorial.py for tasks to queue
[2026-07-20T06:38:01.202+0000] {logging_mixin.py:188} INFO - [2026-07-20T06:38:01.201+0000] {dagbag.py:545} INFO - Filling up the DagBag from /workspaces/recomart-recommendation-pipeline/airflow_venv/lib/python3.12/site-packages/airflow/example_dags/tutorial.py
[2026-07-20T06:38:01.209+0000] {processor.py:840} INFO - DAG(s) 'tutorial' retrieved from /workspaces/recomart-recommendation-pipeline/airflow_venv/lib/python3.12/site-packages/airflow/example_dags/tutorial.py
[2026-07-20T06:38:01.222+0000] {logging_mixin.py:188} INFO - [2026-07-20T06:38:01.222+0000] {dag.py:3089} INFO - Sync 1 DAGs
[2026-07-20T06:38:01.236+0000] {logging_mixin.py:188} INFO - [2026-07-20T06:38:01.236+0000] {dag.py:3947} INFO - Setting next_dagrun for tutorial to 2026-07-19 00:00:00+00:00, run_after=2026-07-20 00:00:00+00:00
[2026-07-20T06:38:01.254+0000] {processor.py:183} INFO - Processing /workspaces/recomart-recommendation-pipeline/airflow_venv/lib/python3.12/site-packages/airflow/example_dags/tutorial.py took 0.060 seconds
[2026-07-20T06:38:50.230+0000] {processor.py:161} INFO - Started process (PID=79764) to work on /workspaces/recomart-recommendation-pipeline/airflow_venv/lib/python3.12/site-packages/airflow/example_dags/tutorial.py
[2026-07-20T06:38:50.231+0000] {processor.py:830} INFO - Processing file /workspaces/recomart-recommendation-pipeline/airflow_venv/lib/python3.12/site-packages/airflow/example_dags/tutorial.py for tasks to queue
[2026-07-20T06:38:50.232+0000] {logging_mixin.py:188} INFO - [2026-07-20T06:38:50.232+0000] {dagbag.py:545} INFO - Filling up the DagBag from /workspaces/recomart-recommendation-pipeline/airflow_venv/lib/python3.12/site-packages/airflow/example_dags/tutorial.py
[2026-07-20T06:38:50.237+0000] {processor.py:840} INFO - DAG(s) 'tutorial' retrieved from /workspaces/recomart-recommendation-pipeline/airflow_venv/lib/python3.12/site-packages/airflow/example_dags/tutorial.py
[2026-07-20T06:38:50.257+0000] {logging_mixin.py:188} INFO - [2026-07-20T06:38:50.257+0000] {dag.py:3089} INFO - Sync 1 DAGs
[2026-07-20T06:38:50.305+0000] {logging_mixin.py:188} INFO - [2026-07-20T06:38:50.304+0000] {dag.py:3947} INFO - Setting next_dagrun for tutorial to 2026-07-19 00:00:00+00:00, run_after=2026-07-20 00:00:00+00:00
[2026-07-20T06:38:50.333+0000] {processor.py:183} INFO - Processing /workspaces/recomart-recommendation-pipeline/airflow_venv/lib/python3.12/site-packages/airflow/example_dags/tutorial.py took 0.107 seconds
[2026-07-20T06:39:36.588+0000] {processor.py:161} INFO - Started process (PID=80088) to work on /workspaces/recomart-recommendation-pipeline/airflow_venv/lib/python3.12/site-packages/airflow/example_dags/tutorial.py
[2026-07-20T06:39:36.589+0000] {processor.py:830} INFO - Processing file /workspaces/recomart-recommendation-pipeline/airflow_venv/lib/python3.12/site-packages/airflow/example_dags/tutorial.py for tasks to queue
[2026-07-20T06:39:36.590+0000] {logging_mixin.py:188} INFO - [2026-07-20T06:39:36.590+0000] {dagbag.py:545} INFO - Filling up the DagBag from /workspaces/recomart-recommendation-pipeline/airflow_venv/lib/python3.12/site-packages/airflow/example_dags/tutorial.py
[2026-07-20T06:39:36.595+0000] {processor.py:840} INFO - DAG(s) 'tutorial' retrieved from /workspaces/recomart-recommendation-pipeline/airflow_venv/lib/python3.12/site-packages/airflow/example_dags/tutorial.py
[2026-07-20T06:39:36.610+0000] {logging_mixin.py:188} INFO - [2026-07-20T06:39:36.610+0000] {dag.py:3089} INFO - Sync 1 DAGs
[2026-07-20T06:39:36.733+0000] {logging_mixin.py:188} INFO - [2026-07-20T06:39:36.733+0000] {dag.py:3947} INFO - Setting next_dagrun for tutorial to 2026-07-19 00:00:00+00:00, run_after=2026-07-20 00:00:00+00:00
[2026-07-20T06:39:36.750+0000] {processor.py:183} INFO - Processing /workspaces/recomart-recommendation-pipeline/airflow_venv/lib/python3.12/site-packages/airflow/example_dags/tutorial.py took 0.166 seconds
[2026-07-20T06:40:28.482+0000] {processor.py:161} INFO - Started process (PID=80518) to work on /workspaces/recomart-recommendation-pipeline/airflow_venv/lib/python3.12/site-packages/airflow/example_dags/tutorial.py
[2026-07-20T06:40:28.483+0000] {processor.py:830} INFO - Processing file /workspaces/recomart-recommendation-pipeline/airflow_venv/lib/python3.12/site-packages/airflow/example_dags/tutorial.py for tasks to queue
[2026-07-20T06:40:28.484+0000] {logging_mixin.py:188} INFO - [2026-07-20T06:40:28.484+0000] {dagbag.py:545} INFO - Filling up the DagBag from /workspaces/recomart-recommendation-pipeline/airflow_venv/lib/python3.12/site-packages/airflow/example_dags/tutorial.py
[2026-07-20T06:40:28.490+0000] {processor.py:840} INFO - DAG(s) 'tutorial' retrieved from /workspaces/recomart-recommendation-pipeline/airflow_venv/lib/python3.12/site-packages/airflow/example_dags/tutorial.py
[2026-07-20T06:40:28.504+0000] {logging_mixin.py:188} INFO - [2026-07-20T06:40:28.503+0000] {dag.py:3089} INFO - Sync 1 DAGs
[2026-07-20T06:40:28.518+0000] {logging_mixin.py:188} INFO - [2026-07-20T06:40:28.518+0000] {dag.py:3947} INFO - Setting next_dagrun for tutorial to 2026-07-19 00:00:00+00:00, run_after=2026-07-20 00:00:00+00:00
[2026-07-20T06:40:28.535+0000] {processor.py:183} INFO - Processing /workspaces/recomart-recommendation-pipeline/airflow_venv/lib/python3.12/site-packages/airflow/example_dags/tutorial.py took 0.058 seconds
[2026-07-20T06:41:16.088+0000] {processor.py:161} INFO - Started process (PID=80989) to work on /workspaces/recomart-recommendation-pipeline/airflow_venv/lib/python3.12/site-packages/airflow/example_dags/tutorial.py
[2026-07-20T06:41:16.090+0000] {processor.py:830} INFO - Processing file /workspaces/recomart-recommendation-pipeline/airflow_venv/lib/python3.12/site-packages/airflow/example_dags/tutorial.py for tasks to queue
[2026-07-20T06:41:16.094+0000] {logging_mixin.py:188} INFO - [2026-07-20T06:41:16.092+0000] {dagbag.py:545} INFO - Filling up the DagBag from /workspaces/recomart-recommendation-pipeline/airflow_venv/lib/python3.12/site-packages/airflow/example_dags/tutorial.py
[2026-07-20T06:41:16.103+0000] {processor.py:840} INFO - DAG(s) 'tutorial' retrieved from /workspaces/recomart-recommendation-pipeline/airflow_venv/lib/python3.12/site-packages/airflow/example_dags/tutorial.py
[2026-07-20T06:41:16.122+0000] {logging_mixin.py:188} INFO - [2026-07-20T06:41:16.121+0000] {dag.py:3089} INFO - Sync 1 DAGs
[2026-07-20T06:41:16.144+0000] {logging_mixin.py:188} INFO - [2026-07-20T06:41:16.144+0000] {dag.py:3947} INFO - Setting next_dagrun for tutorial to 2026-07-19 00:00:00+00:00, run_after=2026-07-20 00:00:00+00:00
[2026-07-20T06:41:16.168+0000] {processor.py:183} INFO - Processing /workspaces/recomart-recommendation-pipeline/airflow_venv/lib/python3.12/site-packages/airflow/example_dags/tutorial.py took 0.090 seconds
[2026-07-20T06:42:02.699+0000] {processor.py:161} INFO - Started process (PID=81393) to work on /workspaces/recomart-recommendation-pipeline/airflow_venv/lib/python3.12/site-packages/airflow/example_dags/tutorial.py
[2026-07-20T06:42:02.701+0000] {processor.py:830} INFO - Processing file /workspaces/recomart-recommendation-pipeline/airflow_venv/lib/python3.12/site-packages/airflow/example_dags/tutorial.py for tasks to queue
[2026-07-20T06:42:02.703+0000] {logging_mixin.py:188} INFO - [2026-07-20T06:42:02.702+0000] {dagbag.py:545} INFO - Filling up the DagBag from /workspaces/recomart-recommendation-pipeline/airflow_venv/lib/python3.12/site-packages/airflow/example_dags/tutorial.py
[2026-07-20T06:42:02.710+0000] {processor.py:840} INFO - DAG(s) 'tutorial' retrieved from /workspaces/recomart-recommendation-pipeline/airflow_venv/lib/python3.12/site-packages/airflow/example_dags/tutorial.py
[2026-07-20T06:42:02.729+0000] {logging_mixin.py:188} INFO - [2026-07-20T06:42:02.729+0000] {dag.py:3089} INFO - Sync 1 DAGs
[2026-07-20T06:42:02.754+0000] {logging_mixin.py:188} INFO - [2026-07-20T06:42:02.754+0000] {dag.py:3947} INFO - Setting next_dagrun for tutorial to 2026-07-19 00:00:00+00:00, run_after=2026-07-20 00:00:00+00:00
[2026-07-20T06:42:02.818+0000] {processor.py:183} INFO - Processing /workspaces/recomart-recommendation-pipeline/airflow_venv/lib/python3.12/site-packages/airflow/example_dags/tutorial.py took 0.127 seconds
[2026-07-20T06:42:49.579+0000] {processor.py:161} INFO - Started process (PID=81790) to work on /workspaces/recomart-recommendation-pipeline/airflow_venv/lib/python3.12/site-packages/airflow/example_dags/tutorial.py
[2026-07-20T06:42:49.580+0000] {processor.py:830} INFO - Processing file /workspaces/recomart-recommendation-pipeline/airflow_venv/lib/python3.12/site-packages/airflow/example_dags/tutorial.py for tasks to queue
[2026-07-20T06:42:49.582+0000] {logging_mixin.py:188} INFO - [2026-07-20T06:42:49.582+0000] {dagbag.py:545} INFO - Filling up the DagBag from /workspaces/recomart-recommendation-pipeline/airflow_venv/lib/python3.12/site-packages/airflow/example_dags/tutorial.py
[2026-07-20T06:42:49.589+0000] {processor.py:840} INFO - DAG(s) 'tutorial' retrieved from /workspaces/recomart-recommendation-pipeline/airflow_venv/lib/python3.12/site-packages/airflow/example_dags/tutorial.py
[2026-07-20T06:42:49.608+0000] {logging_mixin.py:188} INFO - [2026-07-20T06:42:49.608+0000] {dag.py:3089} INFO - Sync 1 DAGs
[2026-07-20T06:42:49.631+0000] {logging_mixin.py:188} INFO - [2026-07-20T06:42:49.631+0000] {dag.py:3947} INFO - Setting next_dagrun for tutorial to 2026-07-19 00:00:00+00:00, run_after=2026-07-20 00:00:00+00:00
[2026-07-20T06:42:49.701+0000] {processor.py:183} INFO - Processing /workspaces/recomart-recommendation-pipeline/airflow_venv/lib/python3.12/site-packages/airflow/example_dags/tutorial.py took 0.128 seconds
[2026-07-20T06:43:37.524+0000] {processor.py:161} INFO - Started process (PID=82139) to work on /workspaces/recomart-recommendation-pipeline/airflow_venv/lib/python3.12/site-packages/airflow/example_dags/tutorial.py
[2026-07-20T06:43:37.525+0000] {processor.py:830} INFO - Processing file /workspaces/recomart-recommendation-pipeline/airflow_venv/lib/python3.12/site-packages/airflow/example_dags/tutorial.py for tasks to queue
[2026-07-20T06:43:37.526+0000] {logging_mixin.py:188} INFO - [2026-07-20T06:43:37.526+0000] {dagbag.py:545} INFO - Filling up the DagBag from /workspaces/recomart-recommendation-pipeline/airflow_venv/lib/python3.12/site-packages/airflow/example_dags/tutorial.py
[2026-07-20T06:43:37.531+0000] {processor.py:840} INFO - DAG(s) 'tutorial' retrieved from /workspaces/recomart-recommendation-pipeline/airflow_venv/lib/python3.12/site-packages/airflow/example_dags/tutorial.py
[2026-07-20T06:43:37.543+0000] {logging_mixin.py:188} INFO - [2026-07-20T06:43:37.542+0000] {dag.py:3089} INFO - Sync 1 DAGs
[2026-07-20T06:43:37.558+0000] {logging_mixin.py:188} INFO - [2026-07-20T06:43:37.558+0000] {dag.py:3947} INFO - Setting next_dagrun for tutorial to 2026-07-19 00:00:00+00:00, run_after=2026-07-20 00:00:00+00:00
[2026-07-20T06:43:37.579+0000] {processor.py:183} INFO - Processing /workspaces/recomart-recommendation-pipeline/airflow_venv/lib/python3.12/site-packages/airflow/example_dags/tutorial.py took 0.060 seconds
[2026-07-20T06:44:27.263+0000] {processor.py:161} INFO - Started process (PID=82566) to work on /workspaces/recomart-recommendation-pipeline/airflow_venv/lib/python3.12/site-packages/airflow/example_dags/tutorial.py
[2026-07-20T06:44:27.263+0000] {processor.py:830} INFO - Processing file /workspaces/recomart-recommendation-pipeline/airflow_venv/lib/python3.12/site-packages/airflow/example_dags/tutorial.py for tasks to queue
[2026-07-20T06:44:27.265+0000] {logging_mixin.py:188} INFO - [2026-07-20T06:44:27.264+0000] {dagbag.py:545} INFO - Filling up the DagBag from /workspaces/recomart-recommendation-pipeline/airflow_venv/lib/python3.12/site-packages/airflow/example_dags/tutorial.py
[2026-07-20T06:44:27.270+0000] {processor.py:840} INFO - DAG(s) 'tutorial' retrieved from /workspaces/recomart-recommendation-pipeline/airflow_venv/lib/python3.12/site-packages/airflow/example_dags/tutorial.py
[2026-07-20T06:44:27.286+0000] {logging_mixin.py:188} INFO - [2026-07-20T06:44:27.285+0000] {dag.py:3089} INFO - Sync 1 DAGs
[2026-07-20T06:44:27.303+0000] {logging_mixin.py:188} INFO - [2026-07-20T06:44:27.303+0000] {dag.py:3947} INFO - Setting next_dagrun for tutorial to 2026-07-19 00:00:00+00:00, run_after=2026-07-20 00:00:00+00:00
[2026-07-20T06:44:27.321+0000] {processor.py:183} INFO - Processing /workspaces/recomart-recommendation-pipeline/airflow_venv/lib/python3.12/site-packages/airflow/example_dags/tutorial.py took 0.063 seconds
[2026-07-20T06:45:08.356+0000] {processor.py:161} INFO - Started process (PID=82927) to work on /workspaces/recomart-recommendation-pipeline/airflow_venv/lib/python3.12/site-packages/airflow/example_dags/tutorial.py
[2026-07-20T06:45:08.357+0000] {processor.py:830} INFO - Processing file /workspaces/recomart-recommendation-pipeline/airflow_venv/lib/python3.12/site-packages/airflow/example_dags/tutorial.py for tasks to queue
[2026-07-20T06:45:08.358+0000] {logging_mixin.py:188} INFO - [2026-07-20T06:45:08.358+0000] {dagbag.py:545} INFO - Filling up the DagBag from /workspaces/recomart-recommendation-pipeline/airflow_venv/lib/python3.12/site-packages/airflow/example_dags/tutorial.py
[2026-07-20T06:45:08.365+0000] {processor.py:840} INFO - DAG(s) 'tutorial' retrieved from /workspaces/recomart-recommendation-pipeline/airflow_venv/lib/python3.12/site-packages/airflow/example_dags/tutorial.py
[2026-07-20T06:45:08.383+0000] {logging_mixin.py:188} INFO - [2026-07-20T06:45:08.382+0000] {dag.py:3089} INFO - Sync 1 DAGs
[2026-07-20T06:45:08.406+0000] {logging_mixin.py:188} INFO - [2026-07-20T06:45:08.406+0000] {dag.py:3947} INFO - Setting next_dagrun for tutorial to 2026-07-19 00:00:00+00:00, run_after=2026-07-20 00:00:00+00:00
[2026-07-20T06:45:08.456+0000] {processor.py:183} INFO - Processing /workspaces/recomart-recommendation-pipeline/airflow_venv/lib/python3.12/site-packages/airflow/example_dags/tutorial.py took 0.107 seconds
[2026-07-20T06:45:50.259+0000] {processor.py:161} INFO - Started process (PID=83355) to work on /workspaces/recomart-recommendation-pipeline/airflow_venv/lib/python3.12/site-packages/airflow/example_dags/tutorial.py
[2026-07-20T06:45:50.260+0000] {processor.py:830} INFO - Processing file /workspaces/recomart-recommendation-pipeline/airflow_venv/lib/python3.12/site-packages/airflow/example_dags/tutorial.py for tasks to queue
[2026-07-20T06:45:50.261+0000] {logging_mixin.py:188} INFO - [2026-07-20T06:45:50.261+0000] {dagbag.py:545} INFO - Filling up the DagBag from /workspaces/recomart-recommendation-pipeline/airflow_venv/lib/python3.12/site-packages/airflow/example_dags/tutorial.py
[2026-07-20T06:45:50.266+0000] {processor.py:840} INFO - DAG(s) 'tutorial' retrieved from /workspaces/recomart-recommendation-pipeline/airflow_venv/lib/python3.12/site-packages/airflow/example_dags/tutorial.py
[2026-07-20T06:45:50.280+0000] {logging_mixin.py:188} INFO - [2026-07-20T06:45:50.279+0000] {dag.py:3089} INFO - Sync 1 DAGs
[2026-07-20T06:45:50.297+0000] {logging_mixin.py:188} INFO - [2026-07-20T06:45:50.297+0000] {dag.py:3947} INFO - Setting next_dagrun for tutorial to 2026-07-19 00:00:00+00:00, run_after=2026-07-20 00:00:00+00:00
[2026-07-20T06:45:50.316+0000] {processor.py:183} INFO - Processing /workspaces/recomart-recommendation-pipeline/airflow_venv/lib/python3.12/site-packages/airflow/example_dags/tutorial.py took 0.061 seconds
[2026-07-20T06:46:36.145+0000] {processor.py:161} INFO - Started process (PID=83676) to work on /workspaces/recomart-recommendation-pipeline/airflow_venv/lib/python3.12/site-packages/airflow/example_dags/tutorial.py
[2026-07-20T06:46:36.145+0000] {processor.py:830} INFO - Processing file /workspaces/recomart-recommendation-pipeline/airflow_venv/lib/python3.12/site-packages/airflow/example_dags/tutorial.py for tasks to queue
[2026-07-20T06:46:36.147+0000] {logging_mixin.py:188} INFO - [2026-07-20T06:46:36.147+0000] {dagbag.py:545} INFO - Filling up the DagBag from /workspaces/recomart-recommendation-pipeline/airflow_venv/lib/python3.12/site-packages/airflow/example_dags/tutorial.py
[2026-07-20T06:46:36.151+0000] {processor.py:840} INFO - DAG(s) 'tutorial' retrieved from /workspaces/recomart-recommendation-pipeline/airflow_venv/lib/python3.12/site-packages/airflow/example_dags/tutorial.py
[2026-07-20T06:46:36.162+0000] {logging_mixin.py:188} INFO - [2026-07-20T06:46:36.162+0000] {dag.py:3089} INFO - Sync 1 DAGs
[2026-07-20T06:46:36.182+0000] {logging_mixin.py:188} INFO - [2026-07-20T06:46:36.182+0000] {dag.py:3947} INFO - Setting next_dagrun for tutorial to 2026-07-19 00:00:00+00:00, run_after=2026-07-20 00:00:00+00:00
[2026-07-20T06:46:36.200+0000] {processor.py:183} INFO - Processing /workspaces/recomart-recommendation-pipeline/airflow_venv/lib/python3.12/site-packages/airflow/example_dags/tutorial.py took 0.060 seconds
[2026-07-20T06:47:17.674+0000] {processor.py:161} INFO - Started process (PID=84042) to work on /workspaces/recomart-recommendation-pipeline/airflow_venv/lib/python3.12/site-packages/airflow/example_dags/tutorial.py
[2026-07-20T06:47:17.675+0000] {processor.py:830} INFO - Processing file /workspaces/recomart-recommendation-pipeline/airflow_venv/lib/python3.12/site-packages/airflow/example_dags/tutorial.py for tasks to queue
[2026-07-20T06:47:17.676+0000] {logging_mixin.py:188} INFO - [2026-07-20T06:47:17.676+0000] {dagbag.py:545} INFO - Filling up the DagBag from /workspaces/recomart-recommendation-pipeline/airflow_venv/lib/python3.12/site-packages/airflow/example_dags/tutorial.py
[2026-07-20T06:47:17.683+0000] {processor.py:840} INFO - DAG(s) 'tutorial' retrieved from /workspaces/recomart-recommendation-pipeline/airflow_venv/lib/python3.12/site-packages/airflow/example_dags/tutorial.py
[2026-07-20T06:47:17.696+0000] {logging_mixin.py:188} INFO - [2026-07-20T06:47:17.695+0000] {dag.py:3089} INFO - Sync 1 DAGs
[2026-07-20T06:47:17.712+0000] {logging_mixin.py:188} INFO - [2026-07-20T06:47:17.712+0000] {dag.py:3947} INFO - Setting next_dagrun for tutorial to 2026-07-19 00:00:00+00:00, run_after=2026-07-20 00:00:00+00:00
[2026-07-20T06:47:17.729+0000] {processor.py:183} INFO - Processing /workspaces/recomart-recommendation-pipeline/airflow_venv/lib/python3.12/site-packages/airflow/example_dags/tutorial.py took 0.061 seconds
[2026-07-20T06:48:00.221+0000] {processor.py:161} INFO - Started process (PID=84407) to work on /workspaces/recomart-recommendation-pipeline/airflow_venv/lib/python3.12/site-packages/airflow/example_dags/tutorial.py
[2026-07-20T06:48:00.222+0000] {processor.py:830} INFO - Processing file /workspaces/recomart-recommendation-pipeline/airflow_venv/lib/python3.12/site-packages/airflow/example_dags/tutorial.py for tasks to queue
[2026-07-20T06:48:00.223+0000] {logging_mixin.py:188} INFO - [2026-07-20T06:48:00.223+0000] {dagbag.py:545} INFO - Filling up the DagBag from /workspaces/recomart-recommendation-pipeline/airflow_venv/lib/python3.12/site-packages/airflow/example_dags/tutorial.py
[2026-07-20T06:48:00.228+0000] {processor.py:840} INFO - DAG(s) 'tutorial' retrieved from /workspaces/recomart-recommendation-pipeline/airflow_venv/lib/python3.12/site-packages/airflow/example_dags/tutorial.py
[2026-07-20T06:48:00.239+0000] {logging_mixin.py:188} INFO - [2026-07-20T06:48:00.239+0000] {dag.py:3089} INFO - Sync 1 DAGs
[2026-07-20T06:48:00.253+0000] {logging_mixin.py:188} INFO - [2026-07-20T06:48:00.253+0000] {dag.py:3947} INFO - Setting next_dagrun for tutorial to 2026-07-19 00:00:00+00:00, run_after=2026-07-20 00:00:00+00:00
[2026-07-20T06:48:00.270+0000] {processor.py:183} INFO - Processing /workspaces/recomart-recommendation-pipeline/airflow_venv/lib/python3.12/site-packages/airflow/example_dags/tutorial.py took 0.053 seconds
[2026-07-20T06:48:41.534+0000] {processor.py:161} INFO - Started process (PID=84753) to work on /workspaces/recomart-recommendation-pipeline/airflow_venv/lib/python3.12/site-packages/airflow/example_dags/tutorial.py
[2026-07-20T06:48:41.535+0000] {processor.py:830} INFO - Processing file /workspaces/recomart-recommendation-pipeline/airflow_venv/lib/python3.12/site-packages/airflow/example_dags/tutorial.py for tasks to queue
[2026-07-20T06:48:41.536+0000] {logging_mixin.py:188} INFO - [2026-07-20T06:48:41.536+0000] {dagbag.py:545} INFO - Filling up the DagBag from /workspaces/recomart-recommendation-pipeline/airflow_venv/lib/python3.12/site-packages/airflow/example_dags/tutorial.py
[2026-07-20T06:48:41.541+0000] {processor.py:840} INFO - DAG(s) 'tutorial' retrieved from /workspaces/recomart-recommendation-pipeline/airflow_venv/lib/python3.12/site-packages/airflow/example_dags/tutorial.py
[2026-07-20T06:48:41.552+0000] {logging_mixin.py:188} INFO - [2026-07-20T06:48:41.552+0000] {dag.py:3089} INFO - Sync 1 DAGs
[2026-07-20T06:48:41.566+0000] {logging_mixin.py:188} INFO - [2026-07-20T06:48:41.566+0000] {dag.py:3947} INFO - Setting next_dagrun for tutorial to 2026-07-19 00:00:00+00:00, run_after=2026-07-20 00:00:00+00:00
[2026-07-20T06:48:41.585+0000] {processor.py:183} INFO - Processing /workspaces/recomart-recommendation-pipeline/airflow_venv/lib/python3.12/site-packages/airflow/example_dags/tutorial.py took 0.056 seconds
[2026-07-20T06:49:24.045+0000] {processor.py:161} INFO - Started process (PID=85209) to work on /workspaces/recomart-recommendation-pipeline/airflow_venv/lib/python3.12/site-packages/airflow/example_dags/tutorial.py
[2026-07-20T06:49:24.046+0000] {processor.py:830} INFO - Processing file /workspaces/recomart-recommendation-pipeline/airflow_venv/lib/python3.12/site-packages/airflow/example_dags/tutorial.py for tasks to queue
[2026-07-20T06:49:24.048+0000] {logging_mixin.py:188} INFO - [2026-07-20T06:49:24.047+0000] {dagbag.py:545} INFO - Filling up the DagBag from /workspaces/recomart-recommendation-pipeline/airflow_venv/lib/python3.12/site-packages/airflow/example_dags/tutorial.py
[2026-07-20T06:49:24.055+0000] {processor.py:840} INFO - DAG(s) 'tutorial' retrieved from /workspaces/recomart-recommendation-pipeline/airflow_venv/lib/python3.12/site-packages/airflow/example_dags/tutorial.py
[2026-07-20T06:49:24.075+0000] {logging_mixin.py:188} INFO - [2026-07-20T06:49:24.075+0000] {dag.py:3089} INFO - Sync 1 DAGs
[2026-07-20T06:49:24.096+0000] {logging_mixin.py:188} INFO - [2026-07-20T06:49:24.096+0000] {dag.py:3947} INFO - Setting next_dagrun for tutorial to 2026-07-19 00:00:00+00:00, run_after=2026-07-20 00:00:00+00:00
[2026-07-20T06:49:24.202+0000] {processor.py:183} INFO - Processing /workspaces/recomart-recommendation-pipeline/airflow_venv/lib/python3.12/site-packages/airflow/example_dags/tutorial.py took 0.168 seconds
[2026-07-20T06:50:05.158+0000] {processor.py:161} INFO - Started process (PID=85691) to work on /workspaces/recomart-recommendation-pipeline/airflow_venv/lib/python3.12/site-packages/airflow/example_dags/tutorial.py
[2026-07-20T06:50:05.159+0000] {processor.py:830} INFO - Processing file /workspaces/recomart-recommendation-pipeline/airflow_venv/lib/python3.12/site-packages/airflow/example_dags/tutorial.py for tasks to queue
[2026-07-20T06:50:05.160+0000] {logging_mixin.py:188} INFO - [2026-07-20T06:50:05.160+0000] {dagbag.py:545} INFO - Filling up the DagBag from /workspaces/recomart-recommendation-pipeline/airflow_venv/lib/python3.12/site-packages/airflow/example_dags/tutorial.py
[2026-07-20T06:50:05.165+0000] {processor.py:840} INFO - DAG(s) 'tutorial' retrieved from /workspaces/recomart-recommendation-pipeline/airflow_venv/lib/python3.12/site-packages/airflow/example_dags/tutorial.py
[2026-07-20T06:50:05.181+0000] {logging_mixin.py:188} INFO - [2026-07-20T06:50:05.181+0000] {dag.py:3089} INFO - Sync 1 DAGs
[2026-07-20T06:50:05.198+0000] {logging_mixin.py:188} INFO - [2026-07-20T06:50:05.198+0000] {dag.py:3947} INFO - Setting next_dagrun for tutorial to 2026-07-19 00:00:00+00:00, run_after=2026-07-20 00:00:00+00:00
[2026-07-20T06:50:05.215+0000] {processor.py:183} INFO - Processing /workspaces/recomart-recommendation-pipeline/airflow_venv/lib/python3.12/site-packages/airflow/example_dags/tutorial.py took 0.061 seconds
[2026-07-20T06:50:50.336+0000] {processor.py:161} INFO - Started process (PID=86132) to work on /workspaces/recomart-recommendation-pipeline/airflow_venv/lib/python3.12/site-packages/airflow/example_dags/tutorial.py
[2026-07-20T06:50:50.337+0000] {processor.py:830} INFO - Processing file /workspaces/recomart-recommendation-pipeline/airflow_venv/lib/python3.12/site-packages/airflow/example_dags/tutorial.py for tasks to queue
[2026-07-20T06:50:50.338+0000] {logging_mixin.py:188} INFO - [2026-07-20T06:50:50.338+0000] {dagbag.py:545} INFO - Filling up the DagBag from /workspaces/recomart-recommendation-pipeline/airflow_venv/lib/python3.12/site-packages/airflow/example_dags/tutorial.py
[2026-07-20T06:50:50.343+0000] {processor.py:840} INFO - DAG(s) 'tutorial' retrieved from /workspaces/recomart-recommendation-pipeline/airflow_venv/lib/python3.12/site-packages/airflow/example_dags/tutorial.py
[2026-07-20T06:50:50.355+0000] {logging_mixin.py:188} INFO - [2026-07-20T06:50:50.354+0000] {dag.py:3089} INFO - Sync 1 DAGs
[2026-07-20T06:50:50.370+0000] {logging_mixin.py:188} INFO - [2026-07-20T06:50:50.370+0000] {dag.py:3947} INFO - Setting next_dagrun for tutorial to 2026-07-19 00:00:00+00:00, run_after=2026-07-20 00:00:00+00:00
[2026-07-20T06:50:50.394+0000] {processor.py:183} INFO - Processing /workspaces/recomart-recommendation-pipeline/airflow_venv/lib/python3.12/site-packages/airflow/example_dags/tutorial.py took 0.062 seconds
[2026-07-20T06:51:36.902+0000] {processor.py:161} INFO - Started process (PID=86544) to work on /workspaces/recomart-recommendation-pipeline/airflow_venv/lib/python3.12/site-packages/airflow/example_dags/tutorial.py
[2026-07-20T06:51:36.904+0000] {processor.py:830} INFO - Processing file /workspaces/recomart-recommendation-pipeline/airflow_venv/lib/python3.12/site-packages/airflow/example_dags/tutorial.py for tasks to queue
[2026-07-20T06:51:36.908+0000] {logging_mixin.py:188} INFO - [2026-07-20T06:51:36.906+0000] {dagbag.py:545} INFO - Filling up the DagBag from /workspaces/recomart-recommendation-pipeline/airflow_venv/lib/python3.12/site-packages/airflow/example_dags/tutorial.py
[2026-07-20T06:51:36.925+0000] {processor.py:840} INFO - DAG(s) 'tutorial' retrieved from /workspaces/recomart-recommendation-pipeline/airflow_venv/lib/python3.12/site-packages/airflow/example_dags/tutorial.py
[2026-07-20T06:51:36.942+0000] {logging_mixin.py:188} INFO - [2026-07-20T06:51:36.942+0000] {dag.py:3089} INFO - Sync 1 DAGs
[2026-07-20T06:51:36.957+0000] {logging_mixin.py:188} INFO - [2026-07-20T06:51:36.957+0000] {dag.py:3947} INFO - Setting next_dagrun for tutorial to 2026-07-19 00:00:00+00:00, run_after=2026-07-20 00:00:00+00:00
[2026-07-20T06:51:36.975+0000] {processor.py:183} INFO - Processing /workspaces/recomart-recommendation-pipeline/airflow_venv/lib/python3.12/site-packages/airflow/example_dags/tutorial.py took 0.080 seconds
[2026-07-20T06:57:51.588+0000] {processor.py:161} INFO - Started process (PID=89541) to work on /workspaces/recomart-recommendation-pipeline/airflow_venv/lib/python3.12/site-packages/airflow/example_dags/tutorial.py
[2026-07-20T06:57:51.589+0000] {processor.py:830} INFO - Processing file /workspaces/recomart-recommendation-pipeline/airflow_venv/lib/python3.12/site-packages/airflow/example_dags/tutorial.py for tasks to queue
[2026-07-20T06:57:51.590+0000] {logging_mixin.py:188} INFO - [2026-07-20T06:57:51.590+0000] {dagbag.py:545} INFO - Filling up the DagBag from /workspaces/recomart-recommendation-pipeline/airflow_venv/lib/python3.12/site-packages/airflow/example_dags/tutorial.py
[2026-07-20T06:57:51.599+0000] {processor.py:840} INFO - DAG(s) 'tutorial' retrieved from /workspaces/recomart-recommendation-pipeline/airflow_venv/lib/python3.12/site-packages/airflow/example_dags/tutorial.py
[2026-07-20T06:57:51.605+0000] {logging_mixin.py:188} INFO - [2026-07-20T06:57:51.605+0000] {dag.py:3089} INFO - Sync 1 DAGs
[2026-07-20T06:57:51.623+0000] {logging_mixin.py:188} INFO - [2026-07-20T06:57:51.623+0000] {dag.py:3947} INFO - Setting next_dagrun for tutorial to 2026-07-19 00:00:00+00:00, run_after=2026-07-20 00:00:00+00:00
[2026-07-20T06:57:51.640+0000] {processor.py:183} INFO - Processing /workspaces/recomart-recommendation-pipeline/airflow_venv/lib/python3.12/site-packages/airflow/example_dags/tutorial.py took 0.058 seconds
[2026-07-20T06:58:48.737+0000] {processor.py:161} INFO - Started process (PID=90078) to work on /workspaces/recomart-recommendation-pipeline/airflow_venv/lib/python3.12/site-packages/airflow/example_dags/tutorial.py
[2026-07-20T06:58:48.738+0000] {processor.py:830} INFO - Processing file /workspaces/recomart-recommendation-pipeline/airflow_venv/lib/python3.12/site-packages/airflow/example_dags/tutorial.py for tasks to queue
[2026-07-20T06:58:48.739+0000] {logging_mixin.py:188} INFO - [2026-07-20T06:58:48.739+0000] {dagbag.py:545} INFO - Filling up the DagBag from /workspaces/recomart-recommendation-pipeline/airflow_venv/lib/python3.12/site-packages/airflow/example_dags/tutorial.py
[2026-07-20T06:58:48.744+0000] {processor.py:840} INFO - DAG(s) 'tutorial' retrieved from /workspaces/recomart-recommendation-pipeline/airflow_venv/lib/python3.12/site-packages/airflow/example_dags/tutorial.py
[2026-07-20T06:58:48.833+0000] {logging_mixin.py:188} INFO - [2026-07-20T06:58:48.832+0000] {dag.py:3089} INFO - Sync 1 DAGs
[2026-07-20T06:58:48.845+0000] {logging_mixin.py:188} INFO - [2026-07-20T06:58:48.845+0000] {dag.py:3947} INFO - Setting next_dagrun for tutorial to 2026-07-19 00:00:00+00:00, run_after=2026-07-20 00:00:00+00:00
[2026-07-20T06:58:48.865+0000] {processor.py:183} INFO - Processing /workspaces/recomart-recommendation-pipeline/airflow_venv/lib/python3.12/site-packages/airflow/example_dags/tutorial.py took 0.132 seconds
[2026-07-20T07:00:20.730+0000] {processor.py:161} INFO - Started process (PID=91708) to work on /workspaces/recomart-recommendation-pipeline/airflow_venv/lib/python3.12/site-packages/airflow/example_dags/tutorial.py
[2026-07-20T07:00:20.731+0000] {processor.py:830} INFO - Processing file /workspaces/recomart-recommendation-pipeline/airflow_venv/lib/python3.12/site-packages/airflow/example_dags/tutorial.py for tasks to queue
[2026-07-20T07:00:20.732+0000] {logging_mixin.py:188} INFO - [2026-07-20T07:00:20.732+0000] {dagbag.py:545} INFO - Filling up the DagBag from /workspaces/recomart-recommendation-pipeline/airflow_venv/lib/python3.12/site-packages/airflow/example_dags/tutorial.py
[2026-07-20T07:00:20.737+0000] {processor.py:840} INFO - DAG(s) 'tutorial' retrieved from /workspaces/recomart-recommendation-pipeline/airflow_venv/lib/python3.12/site-packages/airflow/example_dags/tutorial.py
[2026-07-20T07:00:20.749+0000] {logging_mixin.py:188} INFO - [2026-07-20T07:00:20.749+0000] {dag.py:3089} INFO - Sync 1 DAGs
[2026-07-20T07:00:20.766+0000] {logging_mixin.py:188} INFO - [2026-07-20T07:00:20.766+0000] {dag.py:3947} INFO - Setting next_dagrun for tutorial to 2026-07-19 00:00:00+00:00, run_after=2026-07-20 00:00:00+00:00
[2026-07-20T07:00:20.786+0000] {processor.py:183} INFO - Processing /workspaces/recomart-recommendation-pipeline/airflow_venv/lib/python3.12/site-packages/airflow/example_dags/tutorial.py took 0.060 seconds
[2026-07-20T07:01:11.407+0000] {processor.py:161} INFO - Started process (PID=92135) to work on /workspaces/recomart-recommendation-pipeline/airflow_venv/lib/python3.12/site-packages/airflow/example_dags/tutorial.py
[2026-07-20T07:01:11.407+0000] {processor.py:830} INFO - Processing file /workspaces/recomart-recommendation-pipeline/airflow_venv/lib/python3.12/site-packages/airflow/example_dags/tutorial.py for tasks to queue
[2026-07-20T07:01:11.409+0000] {logging_mixin.py:188} INFO - [2026-07-20T07:01:11.408+0000] {dagbag.py:545} INFO - Filling up the DagBag from /workspaces/recomart-recommendation-pipeline/airflow_venv/lib/python3.12/site-packages/airflow/example_dags/tutorial.py
[2026-07-20T07:01:11.413+0000] {processor.py:840} INFO - DAG(s) 'tutorial' retrieved from /workspaces/recomart-recommendation-pipeline/airflow_venv/lib/python3.12/site-packages/airflow/example_dags/tutorial.py
[2026-07-20T07:01:11.425+0000] {logging_mixin.py:188} INFO - [2026-07-20T07:01:11.424+0000] {dag.py:3089} INFO - Sync 1 DAGs
[2026-07-20T07:01:11.439+0000] {logging_mixin.py:188} INFO - [2026-07-20T07:01:11.439+0000] {dag.py:3947} INFO - Setting next_dagrun for tutorial to 2026-07-19 00:00:00+00:00, run_after=2026-07-20 00:00:00+00:00
[2026-07-20T07:01:11.456+0000] {processor.py:183} INFO - Processing /workspaces/recomart-recommendation-pipeline/airflow_venv/lib/python3.12/site-packages/airflow/example_dags/tutorial.py took 0.053 seconds
