[2026-07-20T05:58:45.631+0000] {processor.py:161} INFO - Started process (PID=57886) to work on /workspaces/recomart-recommendation-pipeline/airflow_venv/lib/python3.12/site-packages/airflow/example_dags/tutorial_taskflow_api_virtualenv.py
[2026-07-20T05:58:45.632+0000] {processor.py:830} INFO - Processing file /workspaces/recomart-recommendation-pipeline/airflow_venv/lib/python3.12/site-packages/airflow/example_dags/tutorial_taskflow_api_virtualenv.py for tasks to queue
[2026-07-20T05:58:45.633+0000] {logging_mixin.py:188} INFO - [2026-07-20T05:58:45.633+0000] {dagbag.py:545} INFO - Filling up the DagBag from /workspaces/recomart-recommendation-pipeline/airflow_venv/lib/python3.12/site-packages/airflow/example_dags/tutorial_taskflow_api_virtualenv.py
[2026-07-20T05:58:45.645+0000] {processor.py:840} INFO - DAG(s) 'tutorial_taskflow_api_virtualenv' retrieved from /workspaces/recomart-recommendation-pipeline/airflow_venv/lib/python3.12/site-packages/airflow/example_dags/tutorial_taskflow_api_virtualenv.py
[2026-07-20T05:58:45.760+0000] {logging_mixin.py:188} INFO - [2026-07-20T05:58:45.760+0000] {override.py:1858} INFO - Created Permission View: can read on DAG:tutorial_taskflow_api_virtualenv
[2026-07-20T05:58:45.771+0000] {logging_mixin.py:188} INFO - [2026-07-20T05:58:45.771+0000] {override.py:1858} INFO - Created Permission View: can edit on DAG:tutorial_taskflow_api_virtualenv
[2026-07-20T05:58:45.781+0000] {logging_mixin.py:188} INFO - [2026-07-20T05:58:45.780+0000] {override.py:1858} INFO - Created Permission View: can delete on DAG:tutorial_taskflow_api_virtualenv
[2026-07-20T05:58:45.781+0000] {logging_mixin.py:188} INFO - [2026-07-20T05:58:45.781+0000] {dag.py:3089} INFO - Sync 1 DAGs
[2026-07-20T05:58:45.789+0000] {logging_mixin.py:188} INFO - [2026-07-20T05:58:45.789+0000] {dag.py:3111} INFO - Creating ORM DAG for tutorial_taskflow_api_virtualenv
[2026-07-20T05:58:45.790+0000] {logging_mixin.py:188} INFO - [2026-07-20T05:58:45.789+0000] {dag.py:3947} INFO - Setting next_dagrun for tutorial_taskflow_api_virtualenv to None, run_after=None
[2026-07-20T05:58:45.807+0000] {processor.py:183} INFO - Processing /workspaces/recomart-recommendation-pipeline/airflow_venv/lib/python3.12/site-packages/airflow/example_dags/tutorial_taskflow_api_virtualenv.py took 0.181 seconds
[2026-07-20T05:59:47.659+0000] {processor.py:161} INFO - Started process (PID=58552) to work on /workspaces/recomart-recommendation-pipeline/airflow_venv/lib/python3.12/site-packages/airflow/example_dags/tutorial_taskflow_api_virtualenv.py
[2026-07-20T05:59:47.661+0000] {processor.py:830} INFO - Processing file /workspaces/recomart-recommendation-pipeline/airflow_venv/lib/python3.12/site-packages/airflow/example_dags/tutorial_taskflow_api_virtualenv.py for tasks to queue
[2026-07-20T05:59:47.664+0000] {logging_mixin.py:188} INFO - [2026-07-20T05:59:47.663+0000] {dagbag.py:545} INFO - Filling up the DagBag from /workspaces/recomart-recommendation-pipeline/airflow_venv/lib/python3.12/site-packages/airflow/example_dags/tutorial_taskflow_api_virtualenv.py
[2026-07-20T05:59:47.681+0000] {processor.py:840} INFO - DAG(s) 'tutorial_taskflow_api_virtualenv' retrieved from /workspaces/recomart-recommendation-pipeline/airflow_venv/lib/python3.12/site-packages/airflow/example_dags/tutorial_taskflow_api_virtualenv.py
[2026-07-20T05:59:47.699+0000] {logging_mixin.py:188} INFO - [2026-07-20T05:59:47.698+0000] {dag.py:3089} INFO - Sync 1 DAGs
[2026-07-20T05:59:47.710+0000] {logging_mixin.py:188} INFO - [2026-07-20T05:59:47.710+0000] {dag.py:3947} INFO - Setting next_dagrun for tutorial_taskflow_api_virtualenv to None, run_after=None
[2026-07-20T05:59:47.726+0000] {processor.py:183} INFO - Processing /workspaces/recomart-recommendation-pipeline/airflow_venv/lib/python3.12/site-packages/airflow/example_dags/tutorial_taskflow_api_virtualenv.py took 0.075 seconds
[2026-07-20T06:00:35.853+0000] {processor.py:161} INFO - Started process (PID=58925) to work on /workspaces/recomart-recommendation-pipeline/airflow_venv/lib/python3.12/site-packages/airflow/example_dags/tutorial_taskflow_api_virtualenv.py
[2026-07-20T06:00:35.857+0000] {processor.py:830} INFO - Processing file /workspaces/recomart-recommendation-pipeline/airflow_venv/lib/python3.12/site-packages/airflow/example_dags/tutorial_taskflow_api_virtualenv.py for tasks to queue
[2026-07-20T06:00:35.860+0000] {logging_mixin.py:188} INFO - [2026-07-20T06:00:35.859+0000] {dagbag.py:545} INFO - Filling up the DagBag from /workspaces/recomart-recommendation-pipeline/airflow_venv/lib/python3.12/site-packages/airflow/example_dags/tutorial_taskflow_api_virtualenv.py
[2026-07-20T06:00:35.897+0000] {processor.py:840} INFO - DAG(s) 'tutorial_taskflow_api_virtualenv' retrieved from /workspaces/recomart-recommendation-pipeline/airflow_venv/lib/python3.12/site-packages/airflow/example_dags/tutorial_taskflow_api_virtualenv.py
[2026-07-20T06:00:35.959+0000] {logging_mixin.py:188} INFO - [2026-07-20T06:00:35.959+0000] {dag.py:3089} INFO - Sync 1 DAGs
[2026-07-20T06:00:35.988+0000] {logging_mixin.py:188} INFO - [2026-07-20T06:00:35.987+0000] {dag.py:3947} INFO - Setting next_dagrun for tutorial_taskflow_api_virtualenv to None, run_after=None
[2026-07-20T06:00:36.025+0000] {processor.py:183} INFO - Processing /workspaces/recomart-recommendation-pipeline/airflow_venv/lib/python3.12/site-packages/airflow/example_dags/tutorial_taskflow_api_virtualenv.py took 0.193 seconds
[2026-07-20T06:01:20.023+0000] {processor.py:161} INFO - Started process (PID=59407) to work on /workspaces/recomart-recommendation-pipeline/airflow_venv/lib/python3.12/site-packages/airflow/example_dags/tutorial_taskflow_api_virtualenv.py
[2026-07-20T06:01:20.024+0000] {processor.py:830} INFO - Processing file /workspaces/recomart-recommendation-pipeline/airflow_venv/lib/python3.12/site-packages/airflow/example_dags/tutorial_taskflow_api_virtualenv.py for tasks to queue
[2026-07-20T06:01:20.026+0000] {logging_mixin.py:188} INFO - [2026-07-20T06:01:20.025+0000] {dagbag.py:545} INFO - Filling up the DagBag from /workspaces/recomart-recommendation-pipeline/airflow_venv/lib/python3.12/site-packages/airflow/example_dags/tutorial_taskflow_api_virtualenv.py
[2026-07-20T06:01:20.039+0000] {processor.py:840} INFO - DAG(s) 'tutorial_taskflow_api_virtualenv' retrieved from /workspaces/recomart-recommendation-pipeline/airflow_venv/lib/python3.12/site-packages/airflow/example_dags/tutorial_taskflow_api_virtualenv.py
[2026-07-20T06:01:20.060+0000] {logging_mixin.py:188} INFO - [2026-07-20T06:01:20.060+0000] {dag.py:3089} INFO - Sync 1 DAGs
[2026-07-20T06:01:20.075+0000] {logging_mixin.py:188} INFO - [2026-07-20T06:01:20.075+0000] {dag.py:3947} INFO - Setting next_dagrun for tutorial_taskflow_api_virtualenv to None, run_after=None
[2026-07-20T06:01:20.121+0000] {processor.py:183} INFO - Processing /workspaces/recomart-recommendation-pipeline/airflow_venv/lib/python3.12/site-packages/airflow/example_dags/tutorial_taskflow_api_virtualenv.py took 0.105 seconds
[2026-07-20T06:02:04.164+0000] {processor.py:161} INFO - Started process (PID=59965) to work on /workspaces/recomart-recommendation-pipeline/airflow_venv/lib/python3.12/site-packages/airflow/example_dags/tutorial_taskflow_api_virtualenv.py
[2026-07-20T06:02:04.165+0000] {processor.py:830} INFO - Processing file /workspaces/recomart-recommendation-pipeline/airflow_venv/lib/python3.12/site-packages/airflow/example_dags/tutorial_taskflow_api_virtualenv.py for tasks to queue
[2026-07-20T06:02:04.167+0000] {logging_mixin.py:188} INFO - [2026-07-20T06:02:04.166+0000] {dagbag.py:545} INFO - Filling up the DagBag from /workspaces/recomart-recommendation-pipeline/airflow_venv/lib/python3.12/site-packages/airflow/example_dags/tutorial_taskflow_api_virtualenv.py
[2026-07-20T06:02:04.177+0000] {processor.py:840} INFO - DAG(s) 'tutorial_taskflow_api_virtualenv' retrieved from /workspaces/recomart-recommendation-pipeline/airflow_venv/lib/python3.12/site-packages/airflow/example_dags/tutorial_taskflow_api_virtualenv.py
[2026-07-20T06:02:04.189+0000] {logging_mixin.py:188} INFO - [2026-07-20T06:02:04.189+0000] {dag.py:3089} INFO - Sync 1 DAGs
[2026-07-20T06:02:04.198+0000] {logging_mixin.py:188} INFO - [2026-07-20T06:02:04.198+0000] {dag.py:3947} INFO - Setting next_dagrun for tutorial_taskflow_api_virtualenv to None, run_after=None
[2026-07-20T06:02:04.218+0000] {processor.py:183} INFO - Processing /workspaces/recomart-recommendation-pipeline/airflow_venv/lib/python3.12/site-packages/airflow/example_dags/tutorial_taskflow_api_virtualenv.py took 0.058 seconds
[2026-07-20T06:02:47.694+0000] {processor.py:161} INFO - Started process (PID=60337) to work on /workspaces/recomart-recommendation-pipeline/airflow_venv/lib/python3.12/site-packages/airflow/example_dags/tutorial_taskflow_api_virtualenv.py
[2026-07-20T06:02:47.694+0000] {processor.py:830} INFO - Processing file /workspaces/recomart-recommendation-pipeline/airflow_venv/lib/python3.12/site-packages/airflow/example_dags/tutorial_taskflow_api_virtualenv.py for tasks to queue
[2026-07-20T06:02:47.696+0000] {logging_mixin.py:188} INFO - [2026-07-20T06:02:47.695+0000] {dagbag.py:545} INFO - Filling up the DagBag from /workspaces/recomart-recommendation-pipeline/airflow_venv/lib/python3.12/site-packages/airflow/example_dags/tutorial_taskflow_api_virtualenv.py
[2026-07-20T06:02:47.705+0000] {processor.py:840} INFO - DAG(s) 'tutorial_taskflow_api_virtualenv' retrieved from /workspaces/recomart-recommendation-pipeline/airflow_venv/lib/python3.12/site-packages/airflow/example_dags/tutorial_taskflow_api_virtualenv.py
[2026-07-20T06:02:47.719+0000] {logging_mixin.py:188} INFO - [2026-07-20T06:02:47.719+0000] {dag.py:3089} INFO - Sync 1 DAGs
[2026-07-20T06:02:47.729+0000] {logging_mixin.py:188} INFO - [2026-07-20T06:02:47.728+0000] {dag.py:3947} INFO - Setting next_dagrun for tutorial_taskflow_api_virtualenv to None, run_after=None
[2026-07-20T06:02:47.746+0000] {processor.py:183} INFO - Processing /workspaces/recomart-recommendation-pipeline/airflow_venv/lib/python3.12/site-packages/airflow/example_dags/tutorial_taskflow_api_virtualenv.py took 0.056 seconds
[2026-07-20T06:03:29.535+0000] {processor.py:161} INFO - Started process (PID=60632) to work on /workspaces/recomart-recommendation-pipeline/airflow_venv/lib/python3.12/site-packages/airflow/example_dags/tutorial_taskflow_api_virtualenv.py
[2026-07-20T06:03:29.536+0000] {processor.py:830} INFO - Processing file /workspaces/recomart-recommendation-pipeline/airflow_venv/lib/python3.12/site-packages/airflow/example_dags/tutorial_taskflow_api_virtualenv.py for tasks to queue
[2026-07-20T06:03:29.537+0000] {logging_mixin.py:188} INFO - [2026-07-20T06:03:29.537+0000] {dagbag.py:545} INFO - Filling up the DagBag from /workspaces/recomart-recommendation-pipeline/airflow_venv/lib/python3.12/site-packages/airflow/example_dags/tutorial_taskflow_api_virtualenv.py
[2026-07-20T06:03:29.545+0000] {processor.py:840} INFO - DAG(s) 'tutorial_taskflow_api_virtualenv' retrieved from /workspaces/recomart-recommendation-pipeline/airflow_venv/lib/python3.12/site-packages/airflow/example_dags/tutorial_taskflow_api_virtualenv.py
[2026-07-20T06:03:29.557+0000] {logging_mixin.py:188} INFO - [2026-07-20T06:03:29.557+0000] {dag.py:3089} INFO - Sync 1 DAGs
[2026-07-20T06:03:29.566+0000] {logging_mixin.py:188} INFO - [2026-07-20T06:03:29.565+0000] {dag.py:3947} INFO - Setting next_dagrun for tutorial_taskflow_api_virtualenv to None, run_after=None
[2026-07-20T06:03:29.585+0000] {processor.py:183} INFO - Processing /workspaces/recomart-recommendation-pipeline/airflow_venv/lib/python3.12/site-packages/airflow/example_dags/tutorial_taskflow_api_virtualenv.py took 0.056 seconds
[2026-07-20T06:04:12.607+0000] {processor.py:161} INFO - Started process (PID=61080) to work on /workspaces/recomart-recommendation-pipeline/airflow_venv/lib/python3.12/site-packages/airflow/example_dags/tutorial_taskflow_api_virtualenv.py
[2026-07-20T06:04:12.607+0000] {processor.py:830} INFO - Processing file /workspaces/recomart-recommendation-pipeline/airflow_venv/lib/python3.12/site-packages/airflow/example_dags/tutorial_taskflow_api_virtualenv.py for tasks to queue
[2026-07-20T06:04:12.609+0000] {logging_mixin.py:188} INFO - [2026-07-20T06:04:12.608+0000] {dagbag.py:545} INFO - Filling up the DagBag from /workspaces/recomart-recommendation-pipeline/airflow_venv/lib/python3.12/site-packages/airflow/example_dags/tutorial_taskflow_api_virtualenv.py
[2026-07-20T06:04:12.617+0000] {processor.py:840} INFO - DAG(s) 'tutorial_taskflow_api_virtualenv' retrieved from /workspaces/recomart-recommendation-pipeline/airflow_venv/lib/python3.12/site-packages/airflow/example_dags/tutorial_taskflow_api_virtualenv.py
[2026-07-20T06:04:12.629+0000] {logging_mixin.py:188} INFO - [2026-07-20T06:04:12.628+0000] {dag.py:3089} INFO - Sync 1 DAGs
[2026-07-20T06:04:12.637+0000] {logging_mixin.py:188} INFO - [2026-07-20T06:04:12.637+0000] {dag.py:3947} INFO - Setting next_dagrun for tutorial_taskflow_api_virtualenv to None, run_after=None
[2026-07-20T06:04:12.656+0000] {processor.py:183} INFO - Processing /workspaces/recomart-recommendation-pipeline/airflow_venv/lib/python3.12/site-packages/airflow/example_dags/tutorial_taskflow_api_virtualenv.py took 0.054 seconds
[2026-07-20T06:04:56.937+0000] {processor.py:161} INFO - Started process (PID=61453) to work on /workspaces/recomart-recommendation-pipeline/airflow_venv/lib/python3.12/site-packages/airflow/example_dags/tutorial_taskflow_api_virtualenv.py
[2026-07-20T06:04:56.938+0000] {processor.py:830} INFO - Processing file /workspaces/recomart-recommendation-pipeline/airflow_venv/lib/python3.12/site-packages/airflow/example_dags/tutorial_taskflow_api_virtualenv.py for tasks to queue
[2026-07-20T06:04:56.939+0000] {logging_mixin.py:188} INFO - [2026-07-20T06:04:56.939+0000] {dagbag.py:545} INFO - Filling up the DagBag from /workspaces/recomart-recommendation-pipeline/airflow_venv/lib/python3.12/site-packages/airflow/example_dags/tutorial_taskflow_api_virtualenv.py
[2026-07-20T06:04:56.948+0000] {processor.py:840} INFO - DAG(s) 'tutorial_taskflow_api_virtualenv' retrieved from /workspaces/recomart-recommendation-pipeline/airflow_venv/lib/python3.12/site-packages/airflow/example_dags/tutorial_taskflow_api_virtualenv.py
[2026-07-20T06:04:56.959+0000] {logging_mixin.py:188} INFO - [2026-07-20T06:04:56.959+0000] {dag.py:3089} INFO - Sync 1 DAGs
[2026-07-20T06:04:56.968+0000] {logging_mixin.py:188} INFO - [2026-07-20T06:04:56.968+0000] {dag.py:3947} INFO - Setting next_dagrun for tutorial_taskflow_api_virtualenv to None, run_after=None
[2026-07-20T06:04:56.988+0000] {processor.py:183} INFO - Processing /workspaces/recomart-recommendation-pipeline/airflow_venv/lib/python3.12/site-packages/airflow/example_dags/tutorial_taskflow_api_virtualenv.py took 0.055 seconds
[2026-07-20T06:05:40.552+0000] {processor.py:161} INFO - Started process (PID=61824) to work on /workspaces/recomart-recommendation-pipeline/airflow_venv/lib/python3.12/site-packages/airflow/example_dags/tutorial_taskflow_api_virtualenv.py
[2026-07-20T06:05:40.552+0000] {processor.py:830} INFO - Processing file /workspaces/recomart-recommendation-pipeline/airflow_venv/lib/python3.12/site-packages/airflow/example_dags/tutorial_taskflow_api_virtualenv.py for tasks to queue
[2026-07-20T06:05:40.554+0000] {logging_mixin.py:188} INFO - [2026-07-20T06:05:40.553+0000] {dagbag.py:545} INFO - Filling up the DagBag from /workspaces/recomart-recommendation-pipeline/airflow_venv/lib/python3.12/site-packages/airflow/example_dags/tutorial_taskflow_api_virtualenv.py
[2026-07-20T06:05:40.562+0000] {processor.py:840} INFO - DAG(s) 'tutorial_taskflow_api_virtualenv' retrieved from /workspaces/recomart-recommendation-pipeline/airflow_venv/lib/python3.12/site-packages/airflow/example_dags/tutorial_taskflow_api_virtualenv.py
[2026-07-20T06:05:40.576+0000] {logging_mixin.py:188} INFO - [2026-07-20T06:05:40.576+0000] {dag.py:3089} INFO - Sync 1 DAGs
[2026-07-20T06:05:40.683+0000] {logging_mixin.py:188} INFO - [2026-07-20T06:05:40.682+0000] {dag.py:3947} INFO - Setting next_dagrun for tutorial_taskflow_api_virtualenv to None, run_after=None
[2026-07-20T06:05:40.707+0000] {processor.py:183} INFO - Processing /workspaces/recomart-recommendation-pipeline/airflow_venv/lib/python3.12/site-packages/airflow/example_dags/tutorial_taskflow_api_virtualenv.py took 0.159 seconds
[2026-07-20T06:06:28.628+0000] {processor.py:161} INFO - Started process (PID=62170) to work on /workspaces/recomart-recommendation-pipeline/airflow_venv/lib/python3.12/site-packages/airflow/example_dags/tutorial_taskflow_api_virtualenv.py
[2026-07-20T06:06:28.629+0000] {processor.py:830} INFO - Processing file /workspaces/recomart-recommendation-pipeline/airflow_venv/lib/python3.12/site-packages/airflow/example_dags/tutorial_taskflow_api_virtualenv.py for tasks to queue
[2026-07-20T06:06:28.630+0000] {logging_mixin.py:188} INFO - [2026-07-20T06:06:28.630+0000] {dagbag.py:545} INFO - Filling up the DagBag from /workspaces/recomart-recommendation-pipeline/airflow_venv/lib/python3.12/site-packages/airflow/example_dags/tutorial_taskflow_api_virtualenv.py
[2026-07-20T06:06:28.644+0000] {processor.py:840} INFO - DAG(s) 'tutorial_taskflow_api_virtualenv' retrieved from /workspaces/recomart-recommendation-pipeline/airflow_venv/lib/python3.12/site-packages/airflow/example_dags/tutorial_taskflow_api_virtualenv.py
[2026-07-20T06:06:28.663+0000] {logging_mixin.py:188} INFO - [2026-07-20T06:06:28.663+0000] {dag.py:3089} INFO - Sync 1 DAGs
[2026-07-20T06:06:28.679+0000] {logging_mixin.py:188} INFO - [2026-07-20T06:06:28.679+0000] {dag.py:3947} INFO - Setting next_dagrun for tutorial_taskflow_api_virtualenv to None, run_after=None
[2026-07-20T06:06:28.720+0000] {processor.py:183} INFO - Processing /workspaces/recomart-recommendation-pipeline/airflow_venv/lib/python3.12/site-packages/airflow/example_dags/tutorial_taskflow_api_virtualenv.py took 0.096 seconds
[2026-07-20T06:07:16.790+0000] {processor.py:161} INFO - Started process (PID=62584) to work on /workspaces/recomart-recommendation-pipeline/airflow_venv/lib/python3.12/site-packages/airflow/example_dags/tutorial_taskflow_api_virtualenv.py
[2026-07-20T06:07:16.792+0000] {processor.py:830} INFO - Processing file /workspaces/recomart-recommendation-pipeline/airflow_venv/lib/python3.12/site-packages/airflow/example_dags/tutorial_taskflow_api_virtualenv.py for tasks to queue
[2026-07-20T06:07:16.794+0000] {logging_mixin.py:188} INFO - [2026-07-20T06:07:16.794+0000] {dagbag.py:545} INFO - Filling up the DagBag from /workspaces/recomart-recommendation-pipeline/airflow_venv/lib/python3.12/site-packages/airflow/example_dags/tutorial_taskflow_api_virtualenv.py
[2026-07-20T06:07:16.805+0000] {processor.py:840} INFO - DAG(s) 'tutorial_taskflow_api_virtualenv' retrieved from /workspaces/recomart-recommendation-pipeline/airflow_venv/lib/python3.12/site-packages/airflow/example_dags/tutorial_taskflow_api_virtualenv.py
[2026-07-20T06:07:16.817+0000] {logging_mixin.py:188} INFO - [2026-07-20T06:07:16.817+0000] {dag.py:3089} INFO - Sync 1 DAGs
[2026-07-20T06:07:16.827+0000] {logging_mixin.py:188} INFO - [2026-07-20T06:07:16.826+0000] {dag.py:3947} INFO - Setting next_dagrun for tutorial_taskflow_api_virtualenv to None, run_after=None
[2026-07-20T06:07:16.846+0000] {processor.py:183} INFO - Processing /workspaces/recomart-recommendation-pipeline/airflow_venv/lib/python3.12/site-packages/airflow/example_dags/tutorial_taskflow_api_virtualenv.py took 0.063 seconds
[2026-07-20T06:08:07.347+0000] {processor.py:161} INFO - Started process (PID=62995) to work on /workspaces/recomart-recommendation-pipeline/airflow_venv/lib/python3.12/site-packages/airflow/example_dags/tutorial_taskflow_api_virtualenv.py
[2026-07-20T06:08:07.348+0000] {processor.py:830} INFO - Processing file /workspaces/recomart-recommendation-pipeline/airflow_venv/lib/python3.12/site-packages/airflow/example_dags/tutorial_taskflow_api_virtualenv.py for tasks to queue
[2026-07-20T06:08:07.353+0000] {logging_mixin.py:188} INFO - [2026-07-20T06:08:07.353+0000] {dagbag.py:545} INFO - Filling up the DagBag from /workspaces/recomart-recommendation-pipeline/airflow_venv/lib/python3.12/site-packages/airflow/example_dags/tutorial_taskflow_api_virtualenv.py
[2026-07-20T06:08:07.368+0000] {processor.py:840} INFO - DAG(s) 'tutorial_taskflow_api_virtualenv' retrieved from /workspaces/recomart-recommendation-pipeline/airflow_venv/lib/python3.12/site-packages/airflow/example_dags/tutorial_taskflow_api_virtualenv.py
[2026-07-20T06:08:07.401+0000] {logging_mixin.py:188} INFO - [2026-07-20T06:08:07.401+0000] {dag.py:3089} INFO - Sync 1 DAGs
[2026-07-20T06:08:07.418+0000] {logging_mixin.py:188} INFO - [2026-07-20T06:08:07.418+0000] {dag.py:3947} INFO - Setting next_dagrun for tutorial_taskflow_api_virtualenv to None, run_after=None
[2026-07-20T06:08:07.445+0000] {processor.py:183} INFO - Processing /workspaces/recomart-recommendation-pipeline/airflow_venv/lib/python3.12/site-packages/airflow/example_dags/tutorial_taskflow_api_virtualenv.py took 0.106 seconds
[2026-07-20T06:08:46.966+0000] {processor.py:161} INFO - Started process (PID=63467) to work on /workspaces/recomart-recommendation-pipeline/airflow_venv/lib/python3.12/site-packages/airflow/example_dags/tutorial_taskflow_api_virtualenv.py
[2026-07-20T06:08:46.967+0000] {processor.py:830} INFO - Processing file /workspaces/recomart-recommendation-pipeline/airflow_venv/lib/python3.12/site-packages/airflow/example_dags/tutorial_taskflow_api_virtualenv.py for tasks to queue
[2026-07-20T06:08:46.968+0000] {logging_mixin.py:188} INFO - [2026-07-20T06:08:46.968+0000] {dagbag.py:545} INFO - Filling up the DagBag from /workspaces/recomart-recommendation-pipeline/airflow_venv/lib/python3.12/site-packages/airflow/example_dags/tutorial_taskflow_api_virtualenv.py
[2026-07-20T06:08:46.983+0000] {processor.py:840} INFO - DAG(s) 'tutorial_taskflow_api_virtualenv' retrieved from /workspaces/recomart-recommendation-pipeline/airflow_venv/lib/python3.12/site-packages/airflow/example_dags/tutorial_taskflow_api_virtualenv.py
[2026-07-20T06:08:46.991+0000] {logging_mixin.py:188} INFO - [2026-07-20T06:08:46.991+0000] {dag.py:3089} INFO - Sync 1 DAGs
[2026-07-20T06:08:47.002+0000] {logging_mixin.py:188} INFO - [2026-07-20T06:08:47.001+0000] {dag.py:3947} INFO - Setting next_dagrun for tutorial_taskflow_api_virtualenv to None, run_after=None
[2026-07-20T06:08:47.019+0000] {processor.py:183} INFO - Processing /workspaces/recomart-recommendation-pipeline/airflow_venv/lib/python3.12/site-packages/airflow/example_dags/tutorial_taskflow_api_virtualenv.py took 0.057 seconds
[2026-07-20T06:09:41.052+0000] {processor.py:161} INFO - Started process (PID=63994) to work on /workspaces/recomart-recommendation-pipeline/airflow_venv/lib/python3.12/site-packages/airflow/example_dags/tutorial_taskflow_api_virtualenv.py
[2026-07-20T06:09:41.053+0000] {processor.py:830} INFO - Processing file /workspaces/recomart-recommendation-pipeline/airflow_venv/lib/python3.12/site-packages/airflow/example_dags/tutorial_taskflow_api_virtualenv.py for tasks to queue
[2026-07-20T06:09:41.054+0000] {logging_mixin.py:188} INFO - [2026-07-20T06:09:41.054+0000] {dagbag.py:545} INFO - Filling up the DagBag from /workspaces/recomart-recommendation-pipeline/airflow_venv/lib/python3.12/site-packages/airflow/example_dags/tutorial_taskflow_api_virtualenv.py
[2026-07-20T06:09:41.063+0000] {processor.py:840} INFO - DAG(s) 'tutorial_taskflow_api_virtualenv' retrieved from /workspaces/recomart-recommendation-pipeline/airflow_venv/lib/python3.12/site-packages/airflow/example_dags/tutorial_taskflow_api_virtualenv.py
[2026-07-20T06:09:41.147+0000] {logging_mixin.py:188} INFO - [2026-07-20T06:09:41.147+0000] {dag.py:3089} INFO - Sync 1 DAGs
[2026-07-20T06:09:41.154+0000] {logging_mixin.py:188} INFO - [2026-07-20T06:09:41.154+0000] {dag.py:3947} INFO - Setting next_dagrun for tutorial_taskflow_api_virtualenv to None, run_after=None
[2026-07-20T06:09:41.173+0000] {processor.py:183} INFO - Processing /workspaces/recomart-recommendation-pipeline/airflow_venv/lib/python3.12/site-packages/airflow/example_dags/tutorial_taskflow_api_virtualenv.py took 0.125 seconds
[2026-07-20T06:10:33.207+0000] {processor.py:161} INFO - Started process (PID=64360) to work on /workspaces/recomart-recommendation-pipeline/airflow_venv/lib/python3.12/site-packages/airflow/example_dags/tutorial_taskflow_api_virtualenv.py
[2026-07-20T06:10:33.208+0000] {processor.py:830} INFO - Processing file /workspaces/recomart-recommendation-pipeline/airflow_venv/lib/python3.12/site-packages/airflow/example_dags/tutorial_taskflow_api_virtualenv.py for tasks to queue
[2026-07-20T06:10:33.209+0000] {logging_mixin.py:188} INFO - [2026-07-20T06:10:33.209+0000] {dagbag.py:545} INFO - Filling up the DagBag from /workspaces/recomart-recommendation-pipeline/airflow_venv/lib/python3.12/site-packages/airflow/example_dags/tutorial_taskflow_api_virtualenv.py
[2026-07-20T06:10:33.218+0000] {processor.py:840} INFO - DAG(s) 'tutorial_taskflow_api_virtualenv' retrieved from /workspaces/recomart-recommendation-pipeline/airflow_venv/lib/python3.12/site-packages/airflow/example_dags/tutorial_taskflow_api_virtualenv.py
[2026-07-20T06:10:33.230+0000] {logging_mixin.py:188} INFO - [2026-07-20T06:10:33.230+0000] {dag.py:3089} INFO - Sync 1 DAGs
[2026-07-20T06:10:33.239+0000] {logging_mixin.py:188} INFO - [2026-07-20T06:10:33.239+0000] {dag.py:3947} INFO - Setting next_dagrun for tutorial_taskflow_api_virtualenv to None, run_after=None
[2026-07-20T06:10:33.255+0000] {processor.py:183} INFO - Processing /workspaces/recomart-recommendation-pipeline/airflow_venv/lib/python3.12/site-packages/airflow/example_dags/tutorial_taskflow_api_virtualenv.py took 0.053 seconds
[2026-07-20T06:11:14.981+0000] {processor.py:161} INFO - Started process (PID=64898) to work on /workspaces/recomart-recommendation-pipeline/airflow_venv/lib/python3.12/site-packages/airflow/example_dags/tutorial_taskflow_api_virtualenv.py
[2026-07-20T06:11:14.982+0000] {processor.py:830} INFO - Processing file /workspaces/recomart-recommendation-pipeline/airflow_venv/lib/python3.12/site-packages/airflow/example_dags/tutorial_taskflow_api_virtualenv.py for tasks to queue
[2026-07-20T06:11:14.985+0000] {logging_mixin.py:188} INFO - [2026-07-20T06:11:14.984+0000] {dagbag.py:545} INFO - Filling up the DagBag from /workspaces/recomart-recommendation-pipeline/airflow_venv/lib/python3.12/site-packages/airflow/example_dags/tutorial_taskflow_api_virtualenv.py
[2026-07-20T06:11:14.997+0000] {processor.py:840} INFO - DAG(s) 'tutorial_taskflow_api_virtualenv' retrieved from /workspaces/recomart-recommendation-pipeline/airflow_venv/lib/python3.12/site-packages/airflow/example_dags/tutorial_taskflow_api_virtualenv.py
[2026-07-20T06:11:15.010+0000] {logging_mixin.py:188} INFO - [2026-07-20T06:11:15.010+0000] {dag.py:3089} INFO - Sync 1 DAGs
[2026-07-20T06:11:15.020+0000] {logging_mixin.py:188} INFO - [2026-07-20T06:11:15.019+0000] {dag.py:3947} INFO - Setting next_dagrun for tutorial_taskflow_api_virtualenv to None, run_after=None
[2026-07-20T06:11:15.041+0000] {processor.py:183} INFO - Processing /workspaces/recomart-recommendation-pipeline/airflow_venv/lib/python3.12/site-packages/airflow/example_dags/tutorial_taskflow_api_virtualenv.py took 0.067 seconds
[2026-07-20T06:11:56.817+0000] {processor.py:161} INFO - Started process (PID=65253) to work on /workspaces/recomart-recommendation-pipeline/airflow_venv/lib/python3.12/site-packages/airflow/example_dags/tutorial_taskflow_api_virtualenv.py
[2026-07-20T06:11:56.818+0000] {processor.py:830} INFO - Processing file /workspaces/recomart-recommendation-pipeline/airflow_venv/lib/python3.12/site-packages/airflow/example_dags/tutorial_taskflow_api_virtualenv.py for tasks to queue
[2026-07-20T06:11:56.820+0000] {logging_mixin.py:188} INFO - [2026-07-20T06:11:56.819+0000] {dagbag.py:545} INFO - Filling up the DagBag from /workspaces/recomart-recommendation-pipeline/airflow_venv/lib/python3.12/site-packages/airflow/example_dags/tutorial_taskflow_api_virtualenv.py
[2026-07-20T06:11:56.830+0000] {processor.py:840} INFO - DAG(s) 'tutorial_taskflow_api_virtualenv' retrieved from /workspaces/recomart-recommendation-pipeline/airflow_venv/lib/python3.12/site-packages/airflow/example_dags/tutorial_taskflow_api_virtualenv.py
[2026-07-20T06:11:56.855+0000] {logging_mixin.py:188} INFO - [2026-07-20T06:11:56.854+0000] {dag.py:3089} INFO - Sync 1 DAGs
[2026-07-20T06:11:56.893+0000] {logging_mixin.py:188} INFO - [2026-07-20T06:11:56.891+0000] {dag.py:3947} INFO - Setting next_dagrun for tutorial_taskflow_api_virtualenv to None, run_after=None
[2026-07-20T06:11:56.950+0000] {processor.py:183} INFO - Processing /workspaces/recomart-recommendation-pipeline/airflow_venv/lib/python3.12/site-packages/airflow/example_dags/tutorial_taskflow_api_virtualenv.py took 0.137 seconds
[2026-07-20T06:12:40.254+0000] {processor.py:161} INFO - Started process (PID=65589) to work on /workspaces/recomart-recommendation-pipeline/airflow_venv/lib/python3.12/site-packages/airflow/example_dags/tutorial_taskflow_api_virtualenv.py
[2026-07-20T06:12:40.255+0000] {processor.py:830} INFO - Processing file /workspaces/recomart-recommendation-pipeline/airflow_venv/lib/python3.12/site-packages/airflow/example_dags/tutorial_taskflow_api_virtualenv.py for tasks to queue
[2026-07-20T06:12:40.256+0000] {logging_mixin.py:188} INFO - [2026-07-20T06:12:40.256+0000] {dagbag.py:545} INFO - Filling up the DagBag from /workspaces/recomart-recommendation-pipeline/airflow_venv/lib/python3.12/site-packages/airflow/example_dags/tutorial_taskflow_api_virtualenv.py
[2026-07-20T06:12:40.264+0000] {processor.py:840} INFO - DAG(s) 'tutorial_taskflow_api_virtualenv' retrieved from /workspaces/recomart-recommendation-pipeline/airflow_venv/lib/python3.12/site-packages/airflow/example_dags/tutorial_taskflow_api_virtualenv.py
[2026-07-20T06:12:40.279+0000] {logging_mixin.py:188} INFO - [2026-07-20T06:12:40.279+0000] {dag.py:3089} INFO - Sync 1 DAGs
[2026-07-20T06:12:40.292+0000] {logging_mixin.py:188} INFO - [2026-07-20T06:12:40.292+0000] {dag.py:3947} INFO - Setting next_dagrun for tutorial_taskflow_api_virtualenv to None, run_after=None
[2026-07-20T06:12:40.311+0000] {processor.py:183} INFO - Processing /workspaces/recomart-recommendation-pipeline/airflow_venv/lib/python3.12/site-packages/airflow/example_dags/tutorial_taskflow_api_virtualenv.py took 0.061 seconds
[2026-07-20T06:13:24.522+0000] {processor.py:161} INFO - Started process (PID=65940) to work on /workspaces/recomart-recommendation-pipeline/airflow_venv/lib/python3.12/site-packages/airflow/example_dags/tutorial_taskflow_api_virtualenv.py
[2026-07-20T06:13:24.523+0000] {processor.py:830} INFO - Processing file /workspaces/recomart-recommendation-pipeline/airflow_venv/lib/python3.12/site-packages/airflow/example_dags/tutorial_taskflow_api_virtualenv.py for tasks to queue
[2026-07-20T06:13:24.524+0000] {logging_mixin.py:188} INFO - [2026-07-20T06:13:24.524+0000] {dagbag.py:545} INFO - Filling up the DagBag from /workspaces/recomart-recommendation-pipeline/airflow_venv/lib/python3.12/site-packages/airflow/example_dags/tutorial_taskflow_api_virtualenv.py
[2026-07-20T06:13:24.533+0000] {processor.py:840} INFO - DAG(s) 'tutorial_taskflow_api_virtualenv' retrieved from /workspaces/recomart-recommendation-pipeline/airflow_venv/lib/python3.12/site-packages/airflow/example_dags/tutorial_taskflow_api_virtualenv.py
[2026-07-20T06:13:24.547+0000] {logging_mixin.py:188} INFO - [2026-07-20T06:13:24.547+0000] {dag.py:3089} INFO - Sync 1 DAGs
[2026-07-20T06:13:24.556+0000] {logging_mixin.py:188} INFO - [2026-07-20T06:13:24.556+0000] {dag.py:3947} INFO - Setting next_dagrun for tutorial_taskflow_api_virtualenv to None, run_after=None
[2026-07-20T06:13:24.574+0000] {processor.py:183} INFO - Processing /workspaces/recomart-recommendation-pipeline/airflow_venv/lib/python3.12/site-packages/airflow/example_dags/tutorial_taskflow_api_virtualenv.py took 0.057 seconds
[2026-07-20T06:14:10.117+0000] {processor.py:161} INFO - Started process (PID=66508) to work on /workspaces/recomart-recommendation-pipeline/airflow_venv/lib/python3.12/site-packages/airflow/example_dags/tutorial_taskflow_api_virtualenv.py
[2026-07-20T06:14:10.118+0000] {processor.py:830} INFO - Processing file /workspaces/recomart-recommendation-pipeline/airflow_venv/lib/python3.12/site-packages/airflow/example_dags/tutorial_taskflow_api_virtualenv.py for tasks to queue
[2026-07-20T06:14:10.119+0000] {logging_mixin.py:188} INFO - [2026-07-20T06:14:10.119+0000] {dagbag.py:545} INFO - Filling up the DagBag from /workspaces/recomart-recommendation-pipeline/airflow_venv/lib/python3.12/site-packages/airflow/example_dags/tutorial_taskflow_api_virtualenv.py
[2026-07-20T06:14:10.127+0000] {processor.py:840} INFO - DAG(s) 'tutorial_taskflow_api_virtualenv' retrieved from /workspaces/recomart-recommendation-pipeline/airflow_venv/lib/python3.12/site-packages/airflow/example_dags/tutorial_taskflow_api_virtualenv.py
[2026-07-20T06:14:10.139+0000] {logging_mixin.py:188} INFO - [2026-07-20T06:14:10.139+0000] {dag.py:3089} INFO - Sync 1 DAGs
[2026-07-20T06:14:10.244+0000] {logging_mixin.py:188} INFO - [2026-07-20T06:14:10.243+0000] {dag.py:3947} INFO - Setting next_dagrun for tutorial_taskflow_api_virtualenv to None, run_after=None
[2026-07-20T06:14:10.259+0000] {processor.py:183} INFO - Processing /workspaces/recomart-recommendation-pipeline/airflow_venv/lib/python3.12/site-packages/airflow/example_dags/tutorial_taskflow_api_virtualenv.py took 0.148 seconds
[2026-07-20T06:14:56.493+0000] {processor.py:161} INFO - Started process (PID=67077) to work on /workspaces/recomart-recommendation-pipeline/airflow_venv/lib/python3.12/site-packages/airflow/example_dags/tutorial_taskflow_api_virtualenv.py
[2026-07-20T06:14:56.494+0000] {processor.py:830} INFO - Processing file /workspaces/recomart-recommendation-pipeline/airflow_venv/lib/python3.12/site-packages/airflow/example_dags/tutorial_taskflow_api_virtualenv.py for tasks to queue
[2026-07-20T06:14:56.495+0000] {logging_mixin.py:188} INFO - [2026-07-20T06:14:56.495+0000] {dagbag.py:545} INFO - Filling up the DagBag from /workspaces/recomart-recommendation-pipeline/airflow_venv/lib/python3.12/site-packages/airflow/example_dags/tutorial_taskflow_api_virtualenv.py
[2026-07-20T06:14:56.503+0000] {processor.py:840} INFO - DAG(s) 'tutorial_taskflow_api_virtualenv' retrieved from /workspaces/recomart-recommendation-pipeline/airflow_venv/lib/python3.12/site-packages/airflow/example_dags/tutorial_taskflow_api_virtualenv.py
[2026-07-20T06:14:56.514+0000] {logging_mixin.py:188} INFO - [2026-07-20T06:14:56.514+0000] {dag.py:3089} INFO - Sync 1 DAGs
[2026-07-20T06:14:56.523+0000] {logging_mixin.py:188} INFO - [2026-07-20T06:14:56.523+0000] {dag.py:3947} INFO - Setting next_dagrun for tutorial_taskflow_api_virtualenv to None, run_after=None
[2026-07-20T06:14:56.540+0000] {processor.py:183} INFO - Processing /workspaces/recomart-recommendation-pipeline/airflow_venv/lib/python3.12/site-packages/airflow/example_dags/tutorial_taskflow_api_virtualenv.py took 0.051 seconds
[2026-07-20T06:30:48.990+0000] {processor.py:161} INFO - Started process (PID=73418) to work on /workspaces/recomart-recommendation-pipeline/airflow_venv/lib/python3.12/site-packages/airflow/example_dags/tutorial_taskflow_api_virtualenv.py
[2026-07-20T06:30:48.991+0000] {processor.py:830} INFO - Processing file /workspaces/recomart-recommendation-pipeline/airflow_venv/lib/python3.12/site-packages/airflow/example_dags/tutorial_taskflow_api_virtualenv.py for tasks to queue
[2026-07-20T06:30:48.993+0000] {logging_mixin.py:188} INFO - [2026-07-20T06:30:48.993+0000] {dagbag.py:545} INFO - Filling up the DagBag from /workspaces/recomart-recommendation-pipeline/airflow_venv/lib/python3.12/site-packages/airflow/example_dags/tutorial_taskflow_api_virtualenv.py
[2026-07-20T06:30:49.006+0000] {processor.py:840} INFO - DAG(s) 'tutorial_taskflow_api_virtualenv' retrieved from /workspaces/recomart-recommendation-pipeline/airflow_venv/lib/python3.12/site-packages/airflow/example_dags/tutorial_taskflow_api_virtualenv.py
[2026-07-20T06:30:49.012+0000] {logging_mixin.py:188} INFO - [2026-07-20T06:30:49.012+0000] {dag.py:3089} INFO - Sync 1 DAGs
[2026-07-20T06:30:49.022+0000] {logging_mixin.py:188} INFO - [2026-07-20T06:30:49.022+0000] {dag.py:3947} INFO - Setting next_dagrun for tutorial_taskflow_api_virtualenv to None, run_after=None
[2026-07-20T06:30:49.040+0000] {processor.py:183} INFO - Processing /workspaces/recomart-recommendation-pipeline/airflow_venv/lib/python3.12/site-packages/airflow/example_dags/tutorial_taskflow_api_virtualenv.py took 0.056 seconds
[2026-07-20T06:31:44.667+0000] {processor.py:161} INFO - Started process (PID=74045) to work on /workspaces/recomart-recommendation-pipeline/airflow_venv/lib/python3.12/site-packages/airflow/example_dags/tutorial_taskflow_api_virtualenv.py
[2026-07-20T06:31:44.668+0000] {processor.py:830} INFO - Processing file /workspaces/recomart-recommendation-pipeline/airflow_venv/lib/python3.12/site-packages/airflow/example_dags/tutorial_taskflow_api_virtualenv.py for tasks to queue
[2026-07-20T06:31:44.670+0000] {logging_mixin.py:188} INFO - [2026-07-20T06:31:44.669+0000] {dagbag.py:545} INFO - Filling up the DagBag from /workspaces/recomart-recommendation-pipeline/airflow_venv/lib/python3.12/site-packages/airflow/example_dags/tutorial_taskflow_api_virtualenv.py
[2026-07-20T06:31:44.681+0000] {processor.py:840} INFO - DAG(s) 'tutorial_taskflow_api_virtualenv' retrieved from /workspaces/recomart-recommendation-pipeline/airflow_venv/lib/python3.12/site-packages/airflow/example_dags/tutorial_taskflow_api_virtualenv.py
[2026-07-20T06:31:44.770+0000] {logging_mixin.py:188} INFO - [2026-07-20T06:31:44.770+0000] {dag.py:3089} INFO - Sync 1 DAGs
[2026-07-20T06:31:44.784+0000] {logging_mixin.py:188} INFO - [2026-07-20T06:31:44.784+0000] {dag.py:3947} INFO - Setting next_dagrun for tutorial_taskflow_api_virtualenv to None, run_after=None
[2026-07-20T06:31:44.805+0000] {processor.py:183} INFO - Processing /workspaces/recomart-recommendation-pipeline/airflow_venv/lib/python3.12/site-packages/airflow/example_dags/tutorial_taskflow_api_virtualenv.py took 0.143 seconds
[2026-07-20T06:32:35.136+0000] {processor.py:161} INFO - Started process (PID=74710) to work on /workspaces/recomart-recommendation-pipeline/airflow_venv/lib/python3.12/site-packages/airflow/example_dags/tutorial_taskflow_api_virtualenv.py
[2026-07-20T06:32:35.136+0000] {processor.py:830} INFO - Processing file /workspaces/recomart-recommendation-pipeline/airflow_venv/lib/python3.12/site-packages/airflow/example_dags/tutorial_taskflow_api_virtualenv.py for tasks to queue
[2026-07-20T06:32:35.138+0000] {logging_mixin.py:188} INFO - [2026-07-20T06:32:35.137+0000] {dagbag.py:545} INFO - Filling up the DagBag from /workspaces/recomart-recommendation-pipeline/airflow_venv/lib/python3.12/site-packages/airflow/example_dags/tutorial_taskflow_api_virtualenv.py
[2026-07-20T06:32:35.146+0000] {processor.py:840} INFO - DAG(s) 'tutorial_taskflow_api_virtualenv' retrieved from /workspaces/recomart-recommendation-pipeline/airflow_venv/lib/python3.12/site-packages/airflow/example_dags/tutorial_taskflow_api_virtualenv.py
[2026-07-20T06:32:35.158+0000] {logging_mixin.py:188} INFO - [2026-07-20T06:32:35.158+0000] {dag.py:3089} INFO - Sync 1 DAGs
[2026-07-20T06:32:35.167+0000] {logging_mixin.py:188} INFO - [2026-07-20T06:32:35.167+0000] {dag.py:3947} INFO - Setting next_dagrun for tutorial_taskflow_api_virtualenv to None, run_after=None
[2026-07-20T06:32:35.186+0000] {processor.py:183} INFO - Processing /workspaces/recomart-recommendation-pipeline/airflow_venv/lib/python3.12/site-packages/airflow/example_dags/tutorial_taskflow_api_virtualenv.py took 0.055 seconds
[2026-07-20T06:33:18.960+0000] {processor.py:161} INFO - Started process (PID=75087) to work on /workspaces/recomart-recommendation-pipeline/airflow_venv/lib/python3.12/site-packages/airflow/example_dags/tutorial_taskflow_api_virtualenv.py
[2026-07-20T06:33:18.961+0000] {processor.py:830} INFO - Processing file /workspaces/recomart-recommendation-pipeline/airflow_venv/lib/python3.12/site-packages/airflow/example_dags/tutorial_taskflow_api_virtualenv.py for tasks to queue
[2026-07-20T06:33:18.963+0000] {logging_mixin.py:188} INFO - [2026-07-20T06:33:18.962+0000] {dagbag.py:545} INFO - Filling up the DagBag from /workspaces/recomart-recommendation-pipeline/airflow_venv/lib/python3.12/site-packages/airflow/example_dags/tutorial_taskflow_api_virtualenv.py
[2026-07-20T06:33:18.971+0000] {processor.py:840} INFO - DAG(s) 'tutorial_taskflow_api_virtualenv' retrieved from /workspaces/recomart-recommendation-pipeline/airflow_venv/lib/python3.12/site-packages/airflow/example_dags/tutorial_taskflow_api_virtualenv.py
[2026-07-20T06:33:18.987+0000] {logging_mixin.py:188} INFO - [2026-07-20T06:33:18.987+0000] {dag.py:3089} INFO - Sync 1 DAGs
[2026-07-20T06:33:18.997+0000] {logging_mixin.py:188} INFO - [2026-07-20T06:33:18.997+0000] {dag.py:3947} INFO - Setting next_dagrun for tutorial_taskflow_api_virtualenv to None, run_after=None
[2026-07-20T06:33:19.013+0000] {processor.py:183} INFO - Processing /workspaces/recomart-recommendation-pipeline/airflow_venv/lib/python3.12/site-packages/airflow/example_dags/tutorial_taskflow_api_virtualenv.py took 0.057 seconds
[2026-07-20T06:34:38.373+0000] {processor.py:161} INFO - Started process (PID=76417) to work on /workspaces/recomart-recommendation-pipeline/airflow_venv/lib/python3.12/site-packages/airflow/example_dags/tutorial_taskflow_api_virtualenv.py
[2026-07-20T06:34:38.374+0000] {processor.py:830} INFO - Processing file /workspaces/recomart-recommendation-pipeline/airflow_venv/lib/python3.12/site-packages/airflow/example_dags/tutorial_taskflow_api_virtualenv.py for tasks to queue
[2026-07-20T06:34:38.375+0000] {logging_mixin.py:188} INFO - [2026-07-20T06:34:38.375+0000] {dagbag.py:545} INFO - Filling up the DagBag from /workspaces/recomart-recommendation-pipeline/airflow_venv/lib/python3.12/site-packages/airflow/example_dags/tutorial_taskflow_api_virtualenv.py
[2026-07-20T06:34:38.386+0000] {processor.py:840} INFO - DAG(s) 'tutorial_taskflow_api_virtualenv' retrieved from /workspaces/recomart-recommendation-pipeline/airflow_venv/lib/python3.12/site-packages/airflow/example_dags/tutorial_taskflow_api_virtualenv.py
[2026-07-20T06:34:38.404+0000] {logging_mixin.py:188} INFO - [2026-07-20T06:34:38.403+0000] {dag.py:3089} INFO - Sync 1 DAGs
[2026-07-20T06:34:38.417+0000] {logging_mixin.py:188} INFO - [2026-07-20T06:34:38.416+0000] {dag.py:3947} INFO - Setting next_dagrun for tutorial_taskflow_api_virtualenv to None, run_after=None
[2026-07-20T06:34:38.439+0000] {processor.py:183} INFO - Processing /workspaces/recomart-recommendation-pipeline/airflow_venv/lib/python3.12/site-packages/airflow/example_dags/tutorial_taskflow_api_virtualenv.py took 0.072 seconds
[2026-07-20T06:35:32.256+0000] {processor.py:161} INFO - Started process (PID=77460) to work on /workspaces/recomart-recommendation-pipeline/airflow_venv/lib/python3.12/site-packages/airflow/example_dags/tutorial_taskflow_api_virtualenv.py
[2026-07-20T06:35:32.257+0000] {processor.py:830} INFO - Processing file /workspaces/recomart-recommendation-pipeline/airflow_venv/lib/python3.12/site-packages/airflow/example_dags/tutorial_taskflow_api_virtualenv.py for tasks to queue
[2026-07-20T06:35:32.259+0000] {logging_mixin.py:188} INFO - [2026-07-20T06:35:32.258+0000] {dagbag.py:545} INFO - Filling up the DagBag from /workspaces/recomart-recommendation-pipeline/airflow_venv/lib/python3.12/site-packages/airflow/example_dags/tutorial_taskflow_api_virtualenv.py
[2026-07-20T06:35:32.268+0000] {processor.py:840} INFO - DAG(s) 'tutorial_taskflow_api_virtualenv' retrieved from /workspaces/recomart-recommendation-pipeline/airflow_venv/lib/python3.12/site-packages/airflow/example_dags/tutorial_taskflow_api_virtualenv.py
[2026-07-20T06:35:32.282+0000] {logging_mixin.py:188} INFO - [2026-07-20T06:35:32.281+0000] {dag.py:3089} INFO - Sync 1 DAGs
[2026-07-20T06:35:32.291+0000] {logging_mixin.py:188} INFO - [2026-07-20T06:35:32.291+0000] {dag.py:3947} INFO - Setting next_dagrun for tutorial_taskflow_api_virtualenv to None, run_after=None
[2026-07-20T06:35:32.310+0000] {processor.py:183} INFO - Processing /workspaces/recomart-recommendation-pipeline/airflow_venv/lib/python3.12/site-packages/airflow/example_dags/tutorial_taskflow_api_virtualenv.py took 0.058 seconds
[2026-07-20T06:36:24.864+0000] {processor.py:161} INFO - Started process (PID=78476) to work on /workspaces/recomart-recommendation-pipeline/airflow_venv/lib/python3.12/site-packages/airflow/example_dags/tutorial_taskflow_api_virtualenv.py
[2026-07-20T06:36:24.865+0000] {processor.py:830} INFO - Processing file /workspaces/recomart-recommendation-pipeline/airflow_venv/lib/python3.12/site-packages/airflow/example_dags/tutorial_taskflow_api_virtualenv.py for tasks to queue
[2026-07-20T06:36:24.867+0000] {logging_mixin.py:188} INFO - [2026-07-20T06:36:24.866+0000] {dagbag.py:545} INFO - Filling up the DagBag from /workspaces/recomart-recommendation-pipeline/airflow_venv/lib/python3.12/site-packages/airflow/example_dags/tutorial_taskflow_api_virtualenv.py
[2026-07-20T06:36:24.881+0000] {processor.py:840} INFO - DAG(s) 'tutorial_taskflow_api_virtualenv' retrieved from /workspaces/recomart-recommendation-pipeline/airflow_venv/lib/python3.12/site-packages/airflow/example_dags/tutorial_taskflow_api_virtualenv.py
[2026-07-20T06:36:24.906+0000] {logging_mixin.py:188} INFO - [2026-07-20T06:36:24.904+0000] {dag.py:3089} INFO - Sync 1 DAGs
[2026-07-20T06:36:24.933+0000] {logging_mixin.py:188} INFO - [2026-07-20T06:36:24.932+0000] {dag.py:3947} INFO - Setting next_dagrun for tutorial_taskflow_api_virtualenv to None, run_after=None
[2026-07-20T06:36:24.993+0000] {processor.py:183} INFO - Processing /workspaces/recomart-recommendation-pipeline/airflow_venv/lib/python3.12/site-packages/airflow/example_dags/tutorial_taskflow_api_virtualenv.py took 0.142 seconds
[2026-07-20T06:37:15.207+0000] {processor.py:161} INFO - Started process (PID=78936) to work on /workspaces/recomart-recommendation-pipeline/airflow_venv/lib/python3.12/site-packages/airflow/example_dags/tutorial_taskflow_api_virtualenv.py
[2026-07-20T06:37:15.207+0000] {processor.py:830} INFO - Processing file /workspaces/recomart-recommendation-pipeline/airflow_venv/lib/python3.12/site-packages/airflow/example_dags/tutorial_taskflow_api_virtualenv.py for tasks to queue
[2026-07-20T06:37:15.209+0000] {logging_mixin.py:188} INFO - [2026-07-20T06:37:15.208+0000] {dagbag.py:545} INFO - Filling up the DagBag from /workspaces/recomart-recommendation-pipeline/airflow_venv/lib/python3.12/site-packages/airflow/example_dags/tutorial_taskflow_api_virtualenv.py
[2026-07-20T06:37:15.217+0000] {processor.py:840} INFO - DAG(s) 'tutorial_taskflow_api_virtualenv' retrieved from /workspaces/recomart-recommendation-pipeline/airflow_venv/lib/python3.12/site-packages/airflow/example_dags/tutorial_taskflow_api_virtualenv.py
[2026-07-20T06:37:15.228+0000] {logging_mixin.py:188} INFO - [2026-07-20T06:37:15.228+0000] {dag.py:3089} INFO - Sync 1 DAGs
[2026-07-20T06:37:15.237+0000] {logging_mixin.py:188} INFO - [2026-07-20T06:37:15.237+0000] {dag.py:3947} INFO - Setting next_dagrun for tutorial_taskflow_api_virtualenv to None, run_after=None
[2026-07-20T06:37:15.253+0000] {processor.py:183} INFO - Processing /workspaces/recomart-recommendation-pipeline/airflow_venv/lib/python3.12/site-packages/airflow/example_dags/tutorial_taskflow_api_virtualenv.py took 0.051 seconds
[2026-07-20T06:37:59.737+0000] {processor.py:161} INFO - Started process (PID=79329) to work on /workspaces/recomart-recommendation-pipeline/airflow_venv/lib/python3.12/site-packages/airflow/example_dags/tutorial_taskflow_api_virtualenv.py
[2026-07-20T06:37:59.738+0000] {processor.py:830} INFO - Processing file /workspaces/recomart-recommendation-pipeline/airflow_venv/lib/python3.12/site-packages/airflow/example_dags/tutorial_taskflow_api_virtualenv.py for tasks to queue
[2026-07-20T06:37:59.741+0000] {logging_mixin.py:188} INFO - [2026-07-20T06:37:59.740+0000] {dagbag.py:545} INFO - Filling up the DagBag from /workspaces/recomart-recommendation-pipeline/airflow_venv/lib/python3.12/site-packages/airflow/example_dags/tutorial_taskflow_api_virtualenv.py
[2026-07-20T06:37:59.756+0000] {processor.py:840} INFO - DAG(s) 'tutorial_taskflow_api_virtualenv' retrieved from /workspaces/recomart-recommendation-pipeline/airflow_venv/lib/python3.12/site-packages/airflow/example_dags/tutorial_taskflow_api_virtualenv.py
[2026-07-20T06:37:59.776+0000] {logging_mixin.py:188} INFO - [2026-07-20T06:37:59.776+0000] {dag.py:3089} INFO - Sync 1 DAGs
[2026-07-20T06:37:59.790+0000] {logging_mixin.py:188} INFO - [2026-07-20T06:37:59.790+0000] {dag.py:3947} INFO - Setting next_dagrun for tutorial_taskflow_api_virtualenv to None, run_after=None
[2026-07-20T06:37:59.839+0000] {processor.py:183} INFO - Processing /workspaces/recomart-recommendation-pipeline/airflow_venv/lib/python3.12/site-packages/airflow/example_dags/tutorial_taskflow_api_virtualenv.py took 0.108 seconds
[2026-07-20T06:38:47.993+0000] {processor.py:161} INFO - Started process (PID=79749) to work on /workspaces/recomart-recommendation-pipeline/airflow_venv/lib/python3.12/site-packages/airflow/example_dags/tutorial_taskflow_api_virtualenv.py
[2026-07-20T06:38:47.994+0000] {processor.py:830} INFO - Processing file /workspaces/recomart-recommendation-pipeline/airflow_venv/lib/python3.12/site-packages/airflow/example_dags/tutorial_taskflow_api_virtualenv.py for tasks to queue
[2026-07-20T06:38:47.995+0000] {logging_mixin.py:188} INFO - [2026-07-20T06:38:47.995+0000] {dagbag.py:545} INFO - Filling up the DagBag from /workspaces/recomart-recommendation-pipeline/airflow_venv/lib/python3.12/site-packages/airflow/example_dags/tutorial_taskflow_api_virtualenv.py
[2026-07-20T06:38:48.005+0000] {processor.py:840} INFO - DAG(s) 'tutorial_taskflow_api_virtualenv' retrieved from /workspaces/recomart-recommendation-pipeline/airflow_venv/lib/python3.12/site-packages/airflow/example_dags/tutorial_taskflow_api_virtualenv.py
[2026-07-20T06:38:48.018+0000] {logging_mixin.py:188} INFO - [2026-07-20T06:38:48.017+0000] {dag.py:3089} INFO - Sync 1 DAGs
[2026-07-20T06:38:48.027+0000] {logging_mixin.py:188} INFO - [2026-07-20T06:38:48.026+0000] {dag.py:3947} INFO - Setting next_dagrun for tutorial_taskflow_api_virtualenv to None, run_after=None
[2026-07-20T06:38:48.044+0000] {processor.py:183} INFO - Processing /workspaces/recomart-recommendation-pipeline/airflow_venv/lib/python3.12/site-packages/airflow/example_dags/tutorial_taskflow_api_virtualenv.py took 0.055 seconds
[2026-07-20T06:39:34.115+0000] {processor.py:161} INFO - Started process (PID=80077) to work on /workspaces/recomart-recommendation-pipeline/airflow_venv/lib/python3.12/site-packages/airflow/example_dags/tutorial_taskflow_api_virtualenv.py
[2026-07-20T06:39:34.116+0000] {processor.py:830} INFO - Processing file /workspaces/recomart-recommendation-pipeline/airflow_venv/lib/python3.12/site-packages/airflow/example_dags/tutorial_taskflow_api_virtualenv.py for tasks to queue
[2026-07-20T06:39:34.117+0000] {logging_mixin.py:188} INFO - [2026-07-20T06:39:34.117+0000] {dagbag.py:545} INFO - Filling up the DagBag from /workspaces/recomart-recommendation-pipeline/airflow_venv/lib/python3.12/site-packages/airflow/example_dags/tutorial_taskflow_api_virtualenv.py
[2026-07-20T06:39:34.125+0000] {processor.py:840} INFO - DAG(s) 'tutorial_taskflow_api_virtualenv' retrieved from /workspaces/recomart-recommendation-pipeline/airflow_venv/lib/python3.12/site-packages/airflow/example_dags/tutorial_taskflow_api_virtualenv.py
[2026-07-20T06:39:34.137+0000] {logging_mixin.py:188} INFO - [2026-07-20T06:39:34.137+0000] {dag.py:3089} INFO - Sync 1 DAGs
[2026-07-20T06:39:34.146+0000] {logging_mixin.py:188} INFO - [2026-07-20T06:39:34.146+0000] {dag.py:3947} INFO - Setting next_dagrun for tutorial_taskflow_api_virtualenv to None, run_after=None
[2026-07-20T06:39:34.275+0000] {processor.py:183} INFO - Processing /workspaces/recomart-recommendation-pipeline/airflow_venv/lib/python3.12/site-packages/airflow/example_dags/tutorial_taskflow_api_virtualenv.py took 0.165 seconds
[2026-07-20T06:40:26.200+0000] {processor.py:161} INFO - Started process (PID=80508) to work on /workspaces/recomart-recommendation-pipeline/airflow_venv/lib/python3.12/site-packages/airflow/example_dags/tutorial_taskflow_api_virtualenv.py
[2026-07-20T06:40:26.201+0000] {processor.py:830} INFO - Processing file /workspaces/recomart-recommendation-pipeline/airflow_venv/lib/python3.12/site-packages/airflow/example_dags/tutorial_taskflow_api_virtualenv.py for tasks to queue
[2026-07-20T06:40:26.202+0000] {logging_mixin.py:188} INFO - [2026-07-20T06:40:26.202+0000] {dagbag.py:545} INFO - Filling up the DagBag from /workspaces/recomart-recommendation-pipeline/airflow_venv/lib/python3.12/site-packages/airflow/example_dags/tutorial_taskflow_api_virtualenv.py
[2026-07-20T06:40:26.211+0000] {processor.py:840} INFO - DAG(s) 'tutorial_taskflow_api_virtualenv' retrieved from /workspaces/recomart-recommendation-pipeline/airflow_venv/lib/python3.12/site-packages/airflow/example_dags/tutorial_taskflow_api_virtualenv.py
[2026-07-20T06:40:26.223+0000] {logging_mixin.py:188} INFO - [2026-07-20T06:40:26.223+0000] {dag.py:3089} INFO - Sync 1 DAGs
[2026-07-20T06:40:26.233+0000] {logging_mixin.py:188} INFO - [2026-07-20T06:40:26.233+0000] {dag.py:3947} INFO - Setting next_dagrun for tutorial_taskflow_api_virtualenv to None, run_after=None
[2026-07-20T06:40:26.251+0000] {processor.py:183} INFO - Processing /workspaces/recomart-recommendation-pipeline/airflow_venv/lib/python3.12/site-packages/airflow/example_dags/tutorial_taskflow_api_virtualenv.py took 0.055 seconds
[2026-07-20T06:41:13.773+0000] {processor.py:161} INFO - Started process (PID=80979) to work on /workspaces/recomart-recommendation-pipeline/airflow_venv/lib/python3.12/site-packages/airflow/example_dags/tutorial_taskflow_api_virtualenv.py
[2026-07-20T06:41:13.774+0000] {processor.py:830} INFO - Processing file /workspaces/recomart-recommendation-pipeline/airflow_venv/lib/python3.12/site-packages/airflow/example_dags/tutorial_taskflow_api_virtualenv.py for tasks to queue
[2026-07-20T06:41:13.779+0000] {logging_mixin.py:188} INFO - [2026-07-20T06:41:13.778+0000] {dagbag.py:545} INFO - Filling up the DagBag from /workspaces/recomart-recommendation-pipeline/airflow_venv/lib/python3.12/site-packages/airflow/example_dags/tutorial_taskflow_api_virtualenv.py
[2026-07-20T06:41:13.793+0000] {processor.py:840} INFO - DAG(s) 'tutorial_taskflow_api_virtualenv' retrieved from /workspaces/recomart-recommendation-pipeline/airflow_venv/lib/python3.12/site-packages/airflow/example_dags/tutorial_taskflow_api_virtualenv.py
[2026-07-20T06:41:13.811+0000] {logging_mixin.py:188} INFO - [2026-07-20T06:41:13.810+0000] {dag.py:3089} INFO - Sync 1 DAGs
[2026-07-20T06:41:13.828+0000] {logging_mixin.py:188} INFO - [2026-07-20T06:41:13.828+0000] {dag.py:3947} INFO - Setting next_dagrun for tutorial_taskflow_api_virtualenv to None, run_after=None
[2026-07-20T06:41:13.862+0000] {processor.py:183} INFO - Processing /workspaces/recomart-recommendation-pipeline/airflow_venv/lib/python3.12/site-packages/airflow/example_dags/tutorial_taskflow_api_virtualenv.py took 0.094 seconds
[2026-07-20T06:42:00.908+0000] {processor.py:161} INFO - Started process (PID=81367) to work on /workspaces/recomart-recommendation-pipeline/airflow_venv/lib/python3.12/site-packages/airflow/example_dags/tutorial_taskflow_api_virtualenv.py
[2026-07-20T06:42:00.909+0000] {processor.py:830} INFO - Processing file /workspaces/recomart-recommendation-pipeline/airflow_venv/lib/python3.12/site-packages/airflow/example_dags/tutorial_taskflow_api_virtualenv.py for tasks to queue
[2026-07-20T06:42:00.911+0000] {logging_mixin.py:188} INFO - [2026-07-20T06:42:00.910+0000] {dagbag.py:545} INFO - Filling up the DagBag from /workspaces/recomart-recommendation-pipeline/airflow_venv/lib/python3.12/site-packages/airflow/example_dags/tutorial_taskflow_api_virtualenv.py
[2026-07-20T06:42:00.922+0000] {processor.py:840} INFO - DAG(s) 'tutorial_taskflow_api_virtualenv' retrieved from /workspaces/recomart-recommendation-pipeline/airflow_venv/lib/python3.12/site-packages/airflow/example_dags/tutorial_taskflow_api_virtualenv.py
[2026-07-20T06:42:00.933+0000] {logging_mixin.py:188} INFO - [2026-07-20T06:42:00.933+0000] {dag.py:3089} INFO - Sync 1 DAGs
[2026-07-20T06:42:00.942+0000] {logging_mixin.py:188} INFO - [2026-07-20T06:42:00.941+0000] {dag.py:3947} INFO - Setting next_dagrun for tutorial_taskflow_api_virtualenv to None, run_after=None
[2026-07-20T06:42:00.959+0000] {processor.py:183} INFO - Processing /workspaces/recomart-recommendation-pipeline/airflow_venv/lib/python3.12/site-packages/airflow/example_dags/tutorial_taskflow_api_virtualenv.py took 0.055 seconds
[2026-07-20T06:42:47.188+0000] {processor.py:161} INFO - Started process (PID=81780) to work on /workspaces/recomart-recommendation-pipeline/airflow_venv/lib/python3.12/site-packages/airflow/example_dags/tutorial_taskflow_api_virtualenv.py
[2026-07-20T06:42:47.189+0000] {processor.py:830} INFO - Processing file /workspaces/recomart-recommendation-pipeline/airflow_venv/lib/python3.12/site-packages/airflow/example_dags/tutorial_taskflow_api_virtualenv.py for tasks to queue
[2026-07-20T06:42:47.190+0000] {logging_mixin.py:188} INFO - [2026-07-20T06:42:47.190+0000] {dagbag.py:545} INFO - Filling up the DagBag from /workspaces/recomart-recommendation-pipeline/airflow_venv/lib/python3.12/site-packages/airflow/example_dags/tutorial_taskflow_api_virtualenv.py
[2026-07-20T06:42:47.199+0000] {processor.py:840} INFO - DAG(s) 'tutorial_taskflow_api_virtualenv' retrieved from /workspaces/recomart-recommendation-pipeline/airflow_venv/lib/python3.12/site-packages/airflow/example_dags/tutorial_taskflow_api_virtualenv.py
[2026-07-20T06:42:47.211+0000] {logging_mixin.py:188} INFO - [2026-07-20T06:42:47.211+0000] {dag.py:3089} INFO - Sync 1 DAGs
[2026-07-20T06:42:47.220+0000] {logging_mixin.py:188} INFO - [2026-07-20T06:42:47.220+0000] {dag.py:3947} INFO - Setting next_dagrun for tutorial_taskflow_api_virtualenv to None, run_after=None
[2026-07-20T06:42:47.237+0000] {processor.py:183} INFO - Processing /workspaces/recomart-recommendation-pipeline/airflow_venv/lib/python3.12/site-packages/airflow/example_dags/tutorial_taskflow_api_virtualenv.py took 0.055 seconds
[2026-07-20T06:43:35.460+0000] {processor.py:161} INFO - Started process (PID=82123) to work on /workspaces/recomart-recommendation-pipeline/airflow_venv/lib/python3.12/site-packages/airflow/example_dags/tutorial_taskflow_api_virtualenv.py
[2026-07-20T06:43:35.462+0000] {processor.py:830} INFO - Processing file /workspaces/recomart-recommendation-pipeline/airflow_venv/lib/python3.12/site-packages/airflow/example_dags/tutorial_taskflow_api_virtualenv.py for tasks to queue
[2026-07-20T06:43:35.463+0000] {logging_mixin.py:188} INFO - [2026-07-20T06:43:35.463+0000] {dagbag.py:545} INFO - Filling up the DagBag from /workspaces/recomart-recommendation-pipeline/airflow_venv/lib/python3.12/site-packages/airflow/example_dags/tutorial_taskflow_api_virtualenv.py
[2026-07-20T06:43:35.478+0000] {processor.py:840} INFO - DAG(s) 'tutorial_taskflow_api_virtualenv' retrieved from /workspaces/recomart-recommendation-pipeline/airflow_venv/lib/python3.12/site-packages/airflow/example_dags/tutorial_taskflow_api_virtualenv.py
[2026-07-20T06:43:35.504+0000] {logging_mixin.py:188} INFO - [2026-07-20T06:43:35.504+0000] {dag.py:3089} INFO - Sync 1 DAGs
[2026-07-20T06:43:35.529+0000] {logging_mixin.py:188} INFO - [2026-07-20T06:43:35.529+0000] {dag.py:3947} INFO - Setting next_dagrun for tutorial_taskflow_api_virtualenv to None, run_after=None
[2026-07-20T06:43:35.696+0000] {processor.py:183} INFO - Processing /workspaces/recomart-recommendation-pipeline/airflow_venv/lib/python3.12/site-packages/airflow/example_dags/tutorial_taskflow_api_virtualenv.py took 0.243 seconds
[2026-07-20T06:44:24.973+0000] {processor.py:161} INFO - Started process (PID=82530) to work on /workspaces/recomart-recommendation-pipeline/airflow_venv/lib/python3.12/site-packages/airflow/example_dags/tutorial_taskflow_api_virtualenv.py
[2026-07-20T06:44:24.974+0000] {processor.py:830} INFO - Processing file /workspaces/recomart-recommendation-pipeline/airflow_venv/lib/python3.12/site-packages/airflow/example_dags/tutorial_taskflow_api_virtualenv.py for tasks to queue
[2026-07-20T06:44:24.976+0000] {logging_mixin.py:188} INFO - [2026-07-20T06:44:24.976+0000] {dagbag.py:545} INFO - Filling up the DagBag from /workspaces/recomart-recommendation-pipeline/airflow_venv/lib/python3.12/site-packages/airflow/example_dags/tutorial_taskflow_api_virtualenv.py
[2026-07-20T06:44:24.987+0000] {processor.py:840} INFO - DAG(s) 'tutorial_taskflow_api_virtualenv' retrieved from /workspaces/recomart-recommendation-pipeline/airflow_venv/lib/python3.12/site-packages/airflow/example_dags/tutorial_taskflow_api_virtualenv.py
[2026-07-20T06:44:25.001+0000] {logging_mixin.py:188} INFO - [2026-07-20T06:44:25.001+0000] {dag.py:3089} INFO - Sync 1 DAGs
[2026-07-20T06:44:25.010+0000] {logging_mixin.py:188} INFO - [2026-07-20T06:44:25.010+0000] {dag.py:3947} INFO - Setting next_dagrun for tutorial_taskflow_api_virtualenv to None, run_after=None
[2026-07-20T06:44:25.027+0000] {processor.py:183} INFO - Processing /workspaces/recomart-recommendation-pipeline/airflow_venv/lib/python3.12/site-packages/airflow/example_dags/tutorial_taskflow_api_virtualenv.py took 0.059 seconds
[2026-07-20T06:45:06.718+0000] {processor.py:161} INFO - Started process (PID=82918) to work on /workspaces/recomart-recommendation-pipeline/airflow_venv/lib/python3.12/site-packages/airflow/example_dags/tutorial_taskflow_api_virtualenv.py
[2026-07-20T06:45:06.719+0000] {processor.py:830} INFO - Processing file /workspaces/recomart-recommendation-pipeline/airflow_venv/lib/python3.12/site-packages/airflow/example_dags/tutorial_taskflow_api_virtualenv.py for tasks to queue
[2026-07-20T06:45:06.720+0000] {logging_mixin.py:188} INFO - [2026-07-20T06:45:06.720+0000] {dagbag.py:545} INFO - Filling up the DagBag from /workspaces/recomart-recommendation-pipeline/airflow_venv/lib/python3.12/site-packages/airflow/example_dags/tutorial_taskflow_api_virtualenv.py
[2026-07-20T06:45:06.731+0000] {processor.py:840} INFO - DAG(s) 'tutorial_taskflow_api_virtualenv' retrieved from /workspaces/recomart-recommendation-pipeline/airflow_venv/lib/python3.12/site-packages/airflow/example_dags/tutorial_taskflow_api_virtualenv.py
[2026-07-20T06:45:06.753+0000] {logging_mixin.py:188} INFO - [2026-07-20T06:45:06.753+0000] {dag.py:3089} INFO - Sync 1 DAGs
[2026-07-20T06:45:06.762+0000] {logging_mixin.py:188} INFO - [2026-07-20T06:45:06.761+0000] {dag.py:3947} INFO - Setting next_dagrun for tutorial_taskflow_api_virtualenv to None, run_after=None
[2026-07-20T06:45:06.781+0000] {processor.py:183} INFO - Processing /workspaces/recomart-recommendation-pipeline/airflow_venv/lib/python3.12/site-packages/airflow/example_dags/tutorial_taskflow_api_virtualenv.py took 0.067 seconds
[2026-07-20T06:45:47.997+0000] {processor.py:161} INFO - Started process (PID=83339) to work on /workspaces/recomart-recommendation-pipeline/airflow_venv/lib/python3.12/site-packages/airflow/example_dags/tutorial_taskflow_api_virtualenv.py
[2026-07-20T06:45:47.998+0000] {processor.py:830} INFO - Processing file /workspaces/recomart-recommendation-pipeline/airflow_venv/lib/python3.12/site-packages/airflow/example_dags/tutorial_taskflow_api_virtualenv.py for tasks to queue
[2026-07-20T06:45:48.000+0000] {logging_mixin.py:188} INFO - [2026-07-20T06:45:48.000+0000] {dagbag.py:545} INFO - Filling up the DagBag from /workspaces/recomart-recommendation-pipeline/airflow_venv/lib/python3.12/site-packages/airflow/example_dags/tutorial_taskflow_api_virtualenv.py
[2026-07-20T06:45:48.011+0000] {processor.py:840} INFO - DAG(s) 'tutorial_taskflow_api_virtualenv' retrieved from /workspaces/recomart-recommendation-pipeline/airflow_venv/lib/python3.12/site-packages/airflow/example_dags/tutorial_taskflow_api_virtualenv.py
[2026-07-20T06:45:48.023+0000] {logging_mixin.py:188} INFO - [2026-07-20T06:45:48.023+0000] {dag.py:3089} INFO - Sync 1 DAGs
[2026-07-20T06:45:48.032+0000] {logging_mixin.py:188} INFO - [2026-07-20T06:45:48.032+0000] {dag.py:3947} INFO - Setting next_dagrun for tutorial_taskflow_api_virtualenv to None, run_after=None
[2026-07-20T06:45:48.048+0000] {processor.py:183} INFO - Processing /workspaces/recomart-recommendation-pipeline/airflow_venv/lib/python3.12/site-packages/airflow/example_dags/tutorial_taskflow_api_virtualenv.py took 0.058 seconds
[2026-07-20T06:46:33.870+0000] {processor.py:161} INFO - Started process (PID=83666) to work on /workspaces/recomart-recommendation-pipeline/airflow_venv/lib/python3.12/site-packages/airflow/example_dags/tutorial_taskflow_api_virtualenv.py
[2026-07-20T06:46:33.871+0000] {processor.py:830} INFO - Processing file /workspaces/recomart-recommendation-pipeline/airflow_venv/lib/python3.12/site-packages/airflow/example_dags/tutorial_taskflow_api_virtualenv.py for tasks to queue
[2026-07-20T06:46:33.873+0000] {logging_mixin.py:188} INFO - [2026-07-20T06:46:33.872+0000] {dagbag.py:545} INFO - Filling up the DagBag from /workspaces/recomart-recommendation-pipeline/airflow_venv/lib/python3.12/site-packages/airflow/example_dags/tutorial_taskflow_api_virtualenv.py
[2026-07-20T06:46:33.884+0000] {processor.py:840} INFO - DAG(s) 'tutorial_taskflow_api_virtualenv' retrieved from /workspaces/recomart-recommendation-pipeline/airflow_venv/lib/python3.12/site-packages/airflow/example_dags/tutorial_taskflow_api_virtualenv.py
[2026-07-20T06:46:33.897+0000] {logging_mixin.py:188} INFO - [2026-07-20T06:46:33.897+0000] {dag.py:3089} INFO - Sync 1 DAGs
[2026-07-20T06:46:33.906+0000] {logging_mixin.py:188} INFO - [2026-07-20T06:46:33.906+0000] {dag.py:3947} INFO - Setting next_dagrun for tutorial_taskflow_api_virtualenv to None, run_after=None
[2026-07-20T06:46:33.922+0000] {processor.py:183} INFO - Processing /workspaces/recomart-recommendation-pipeline/airflow_venv/lib/python3.12/site-packages/airflow/example_dags/tutorial_taskflow_api_virtualenv.py took 0.056 seconds
[2026-07-20T06:47:16.180+0000] {processor.py:161} INFO - Started process (PID=84027) to work on /workspaces/recomart-recommendation-pipeline/airflow_venv/lib/python3.12/site-packages/airflow/example_dags/tutorial_taskflow_api_virtualenv.py
[2026-07-20T06:47:16.181+0000] {processor.py:830} INFO - Processing file /workspaces/recomart-recommendation-pipeline/airflow_venv/lib/python3.12/site-packages/airflow/example_dags/tutorial_taskflow_api_virtualenv.py for tasks to queue
[2026-07-20T06:47:16.183+0000] {logging_mixin.py:188} INFO - [2026-07-20T06:47:16.183+0000] {dagbag.py:545} INFO - Filling up the DagBag from /workspaces/recomart-recommendation-pipeline/airflow_venv/lib/python3.12/site-packages/airflow/example_dags/tutorial_taskflow_api_virtualenv.py
[2026-07-20T06:47:16.195+0000] {processor.py:840} INFO - DAG(s) 'tutorial_taskflow_api_virtualenv' retrieved from /workspaces/recomart-recommendation-pipeline/airflow_venv/lib/python3.12/site-packages/airflow/example_dags/tutorial_taskflow_api_virtualenv.py
[2026-07-20T06:47:16.213+0000] {logging_mixin.py:188} INFO - [2026-07-20T06:47:16.213+0000] {dag.py:3089} INFO - Sync 1 DAGs
[2026-07-20T06:47:16.233+0000] {logging_mixin.py:188} INFO - [2026-07-20T06:47:16.233+0000] {dag.py:3947} INFO - Setting next_dagrun for tutorial_taskflow_api_virtualenv to None, run_after=None
[2026-07-20T06:47:16.275+0000] {processor.py:183} INFO - Processing /workspaces/recomart-recommendation-pipeline/airflow_venv/lib/python3.12/site-packages/airflow/example_dags/tutorial_taskflow_api_virtualenv.py took 0.103 seconds
[2026-07-20T06:47:58.393+0000] {processor.py:161} INFO - Started process (PID=84397) to work on /workspaces/recomart-recommendation-pipeline/airflow_venv/lib/python3.12/site-packages/airflow/example_dags/tutorial_taskflow_api_virtualenv.py
[2026-07-20T06:47:58.394+0000] {processor.py:830} INFO - Processing file /workspaces/recomart-recommendation-pipeline/airflow_venv/lib/python3.12/site-packages/airflow/example_dags/tutorial_taskflow_api_virtualenv.py for tasks to queue
[2026-07-20T06:47:58.395+0000] {logging_mixin.py:188} INFO - [2026-07-20T06:47:58.395+0000] {dagbag.py:545} INFO - Filling up the DagBag from /workspaces/recomart-recommendation-pipeline/airflow_venv/lib/python3.12/site-packages/airflow/example_dags/tutorial_taskflow_api_virtualenv.py
[2026-07-20T06:47:58.404+0000] {processor.py:840} INFO - DAG(s) 'tutorial_taskflow_api_virtualenv' retrieved from /workspaces/recomart-recommendation-pipeline/airflow_venv/lib/python3.12/site-packages/airflow/example_dags/tutorial_taskflow_api_virtualenv.py
[2026-07-20T06:47:58.415+0000] {logging_mixin.py:188} INFO - [2026-07-20T06:47:58.415+0000] {dag.py:3089} INFO - Sync 1 DAGs
[2026-07-20T06:47:58.424+0000] {logging_mixin.py:188} INFO - [2026-07-20T06:47:58.424+0000] {dag.py:3947} INFO - Setting next_dagrun for tutorial_taskflow_api_virtualenv to None, run_after=None
[2026-07-20T06:47:58.440+0000] {processor.py:183} INFO - Processing /workspaces/recomart-recommendation-pipeline/airflow_venv/lib/python3.12/site-packages/airflow/example_dags/tutorial_taskflow_api_virtualenv.py took 0.052 seconds
[2026-07-20T06:48:39.804+0000] {processor.py:161} INFO - Started process (PID=84695) to work on /workspaces/recomart-recommendation-pipeline/airflow_venv/lib/python3.12/site-packages/airflow/example_dags/tutorial_taskflow_api_virtualenv.py
[2026-07-20T06:48:39.805+0000] {processor.py:830} INFO - Processing file /workspaces/recomart-recommendation-pipeline/airflow_venv/lib/python3.12/site-packages/airflow/example_dags/tutorial_taskflow_api_virtualenv.py for tasks to queue
[2026-07-20T06:48:39.806+0000] {logging_mixin.py:188} INFO - [2026-07-20T06:48:39.806+0000] {dagbag.py:545} INFO - Filling up the DagBag from /workspaces/recomart-recommendation-pipeline/airflow_venv/lib/python3.12/site-packages/airflow/example_dags/tutorial_taskflow_api_virtualenv.py
[2026-07-20T06:48:39.815+0000] {processor.py:840} INFO - DAG(s) 'tutorial_taskflow_api_virtualenv' retrieved from /workspaces/recomart-recommendation-pipeline/airflow_venv/lib/python3.12/site-packages/airflow/example_dags/tutorial_taskflow_api_virtualenv.py
[2026-07-20T06:48:39.827+0000] {logging_mixin.py:188} INFO - [2026-07-20T06:48:39.827+0000] {dag.py:3089} INFO - Sync 1 DAGs
[2026-07-20T06:48:39.842+0000] {logging_mixin.py:188} INFO - [2026-07-20T06:48:39.842+0000] {dag.py:3947} INFO - Setting next_dagrun for tutorial_taskflow_api_virtualenv to None, run_after=None
[2026-07-20T06:48:39.868+0000] {processor.py:183} INFO - Processing /workspaces/recomart-recommendation-pipeline/airflow_venv/lib/python3.12/site-packages/airflow/example_dags/tutorial_taskflow_api_virtualenv.py took 0.070 seconds
[2026-07-20T06:49:21.750+0000] {processor.py:161} INFO - Started process (PID=85182) to work on /workspaces/recomart-recommendation-pipeline/airflow_venv/lib/python3.12/site-packages/airflow/example_dags/tutorial_taskflow_api_virtualenv.py
[2026-07-20T06:49:21.750+0000] {processor.py:830} INFO - Processing file /workspaces/recomart-recommendation-pipeline/airflow_venv/lib/python3.12/site-packages/airflow/example_dags/tutorial_taskflow_api_virtualenv.py for tasks to queue
[2026-07-20T06:49:21.752+0000] {logging_mixin.py:188} INFO - [2026-07-20T06:49:21.752+0000] {dagbag.py:545} INFO - Filling up the DagBag from /workspaces/recomart-recommendation-pipeline/airflow_venv/lib/python3.12/site-packages/airflow/example_dags/tutorial_taskflow_api_virtualenv.py
[2026-07-20T06:49:21.761+0000] {processor.py:840} INFO - DAG(s) 'tutorial_taskflow_api_virtualenv' retrieved from /workspaces/recomart-recommendation-pipeline/airflow_venv/lib/python3.12/site-packages/airflow/example_dags/tutorial_taskflow_api_virtualenv.py
[2026-07-20T06:49:21.774+0000] {logging_mixin.py:188} INFO - [2026-07-20T06:49:21.774+0000] {dag.py:3089} INFO - Sync 1 DAGs
[2026-07-20T06:49:21.786+0000] {logging_mixin.py:188} INFO - [2026-07-20T06:49:21.786+0000] {dag.py:3947} INFO - Setting next_dagrun for tutorial_taskflow_api_virtualenv to None, run_after=None
[2026-07-20T06:49:21.804+0000] {processor.py:183} INFO - Processing /workspaces/recomart-recommendation-pipeline/airflow_venv/lib/python3.12/site-packages/airflow/example_dags/tutorial_taskflow_api_virtualenv.py took 0.059 seconds
[2026-07-20T06:50:02.894+0000] {processor.py:161} INFO - Started process (PID=85604) to work on /workspaces/recomart-recommendation-pipeline/airflow_venv/lib/python3.12/site-packages/airflow/example_dags/tutorial_taskflow_api_virtualenv.py
[2026-07-20T06:50:02.895+0000] {processor.py:830} INFO - Processing file /workspaces/recomart-recommendation-pipeline/airflow_venv/lib/python3.12/site-packages/airflow/example_dags/tutorial_taskflow_api_virtualenv.py for tasks to queue
[2026-07-20T06:50:02.896+0000] {logging_mixin.py:188} INFO - [2026-07-20T06:50:02.896+0000] {dagbag.py:545} INFO - Filling up the DagBag from /workspaces/recomart-recommendation-pipeline/airflow_venv/lib/python3.12/site-packages/airflow/example_dags/tutorial_taskflow_api_virtualenv.py
[2026-07-20T06:50:02.905+0000] {processor.py:840} INFO - DAG(s) 'tutorial_taskflow_api_virtualenv' retrieved from /workspaces/recomart-recommendation-pipeline/airflow_venv/lib/python3.12/site-packages/airflow/example_dags/tutorial_taskflow_api_virtualenv.py
[2026-07-20T06:50:02.917+0000] {logging_mixin.py:188} INFO - [2026-07-20T06:50:02.917+0000] {dag.py:3089} INFO - Sync 1 DAGs
[2026-07-20T06:50:02.926+0000] {logging_mixin.py:188} INFO - [2026-07-20T06:50:02.926+0000] {dag.py:3947} INFO - Setting next_dagrun for tutorial_taskflow_api_virtualenv to None, run_after=None
[2026-07-20T06:50:02.942+0000] {processor.py:183} INFO - Processing /workspaces/recomart-recommendation-pipeline/airflow_venv/lib/python3.12/site-packages/airflow/example_dags/tutorial_taskflow_api_virtualenv.py took 0.053 seconds
[2026-07-20T06:50:48.064+0000] {processor.py:161} INFO - Started process (PID=86122) to work on /workspaces/recomart-recommendation-pipeline/airflow_venv/lib/python3.12/site-packages/airflow/example_dags/tutorial_taskflow_api_virtualenv.py
[2026-07-20T06:50:48.065+0000] {processor.py:830} INFO - Processing file /workspaces/recomart-recommendation-pipeline/airflow_venv/lib/python3.12/site-packages/airflow/example_dags/tutorial_taskflow_api_virtualenv.py for tasks to queue
[2026-07-20T06:50:48.067+0000] {logging_mixin.py:188} INFO - [2026-07-20T06:50:48.067+0000] {dagbag.py:545} INFO - Filling up the DagBag from /workspaces/recomart-recommendation-pipeline/airflow_venv/lib/python3.12/site-packages/airflow/example_dags/tutorial_taskflow_api_virtualenv.py
[2026-07-20T06:50:48.080+0000] {processor.py:840} INFO - DAG(s) 'tutorial_taskflow_api_virtualenv' retrieved from /workspaces/recomart-recommendation-pipeline/airflow_venv/lib/python3.12/site-packages/airflow/example_dags/tutorial_taskflow_api_virtualenv.py
[2026-07-20T06:50:48.097+0000] {logging_mixin.py:188} INFO - [2026-07-20T06:50:48.097+0000] {dag.py:3089} INFO - Sync 1 DAGs
[2026-07-20T06:50:48.110+0000] {logging_mixin.py:188} INFO - [2026-07-20T06:50:48.110+0000] {dag.py:3947} INFO - Setting next_dagrun for tutorial_taskflow_api_virtualenv to None, run_after=None
[2026-07-20T06:50:48.146+0000] {processor.py:183} INFO - Processing /workspaces/recomart-recommendation-pipeline/airflow_venv/lib/python3.12/site-packages/airflow/example_dags/tutorial_taskflow_api_virtualenv.py took 0.088 seconds
[2026-07-20T06:51:34.634+0000] {processor.py:161} INFO - Started process (PID=86508) to work on /workspaces/recomart-recommendation-pipeline/airflow_venv/lib/python3.12/site-packages/airflow/example_dags/tutorial_taskflow_api_virtualenv.py
[2026-07-20T06:51:34.635+0000] {processor.py:830} INFO - Processing file /workspaces/recomart-recommendation-pipeline/airflow_venv/lib/python3.12/site-packages/airflow/example_dags/tutorial_taskflow_api_virtualenv.py for tasks to queue
[2026-07-20T06:51:34.636+0000] {logging_mixin.py:188} INFO - [2026-07-20T06:51:34.636+0000] {dagbag.py:545} INFO - Filling up the DagBag from /workspaces/recomart-recommendation-pipeline/airflow_venv/lib/python3.12/site-packages/airflow/example_dags/tutorial_taskflow_api_virtualenv.py
[2026-07-20T06:51:34.645+0000] {processor.py:840} INFO - DAG(s) 'tutorial_taskflow_api_virtualenv' retrieved from /workspaces/recomart-recommendation-pipeline/airflow_venv/lib/python3.12/site-packages/airflow/example_dags/tutorial_taskflow_api_virtualenv.py
[2026-07-20T06:51:34.656+0000] {logging_mixin.py:188} INFO - [2026-07-20T06:51:34.656+0000] {dag.py:3089} INFO - Sync 1 DAGs
[2026-07-20T06:51:34.665+0000] {logging_mixin.py:188} INFO - [2026-07-20T06:51:34.665+0000] {dag.py:3947} INFO - Setting next_dagrun for tutorial_taskflow_api_virtualenv to None, run_after=None
[2026-07-20T06:51:34.687+0000] {processor.py:183} INFO - Processing /workspaces/recomart-recommendation-pipeline/airflow_venv/lib/python3.12/site-packages/airflow/example_dags/tutorial_taskflow_api_virtualenv.py took 0.057 seconds
[2026-07-20T06:57:49.299+0000] {processor.py:161} INFO - Started process (PID=89525) to work on /workspaces/recomart-recommendation-pipeline/airflow_venv/lib/python3.12/site-packages/airflow/example_dags/tutorial_taskflow_api_virtualenv.py
[2026-07-20T06:57:49.305+0000] {processor.py:830} INFO - Processing file /workspaces/recomart-recommendation-pipeline/airflow_venv/lib/python3.12/site-packages/airflow/example_dags/tutorial_taskflow_api_virtualenv.py for tasks to queue
[2026-07-20T06:57:49.306+0000] {logging_mixin.py:188} INFO - [2026-07-20T06:57:49.306+0000] {dagbag.py:545} INFO - Filling up the DagBag from /workspaces/recomart-recommendation-pipeline/airflow_venv/lib/python3.12/site-packages/airflow/example_dags/tutorial_taskflow_api_virtualenv.py
[2026-07-20T06:57:49.322+0000] {processor.py:840} INFO - DAG(s) 'tutorial_taskflow_api_virtualenv' retrieved from /workspaces/recomart-recommendation-pipeline/airflow_venv/lib/python3.12/site-packages/airflow/example_dags/tutorial_taskflow_api_virtualenv.py
[2026-07-20T06:57:49.328+0000] {logging_mixin.py:188} INFO - [2026-07-20T06:57:49.328+0000] {dag.py:3089} INFO - Sync 1 DAGs
[2026-07-20T06:57:49.341+0000] {logging_mixin.py:188} INFO - [2026-07-20T06:57:49.341+0000] {dag.py:3947} INFO - Setting next_dagrun for tutorial_taskflow_api_virtualenv to None, run_after=None
[2026-07-20T06:57:49.367+0000] {processor.py:183} INFO - Processing /workspaces/recomart-recommendation-pipeline/airflow_venv/lib/python3.12/site-packages/airflow/example_dags/tutorial_taskflow_api_virtualenv.py took 0.072 seconds
[2026-07-20T06:58:46.142+0000] {processor.py:161} INFO - Started process (PID=90068) to work on /workspaces/recomart-recommendation-pipeline/airflow_venv/lib/python3.12/site-packages/airflow/example_dags/tutorial_taskflow_api_virtualenv.py
[2026-07-20T06:58:46.143+0000] {processor.py:830} INFO - Processing file /workspaces/recomart-recommendation-pipeline/airflow_venv/lib/python3.12/site-packages/airflow/example_dags/tutorial_taskflow_api_virtualenv.py for tasks to queue
[2026-07-20T06:58:46.145+0000] {logging_mixin.py:188} INFO - [2026-07-20T06:58:46.145+0000] {dagbag.py:545} INFO - Filling up the DagBag from /workspaces/recomart-recommendation-pipeline/airflow_venv/lib/python3.12/site-packages/airflow/example_dags/tutorial_taskflow_api_virtualenv.py
[2026-07-20T06:58:46.159+0000] {processor.py:840} INFO - DAG(s) 'tutorial_taskflow_api_virtualenv' retrieved from /workspaces/recomart-recommendation-pipeline/airflow_venv/lib/python3.12/site-packages/airflow/example_dags/tutorial_taskflow_api_virtualenv.py
[2026-07-20T06:58:46.297+0000] {logging_mixin.py:188} INFO - [2026-07-20T06:58:46.297+0000] {dag.py:3089} INFO - Sync 1 DAGs
[2026-07-20T06:58:46.308+0000] {logging_mixin.py:188} INFO - [2026-07-20T06:58:46.308+0000] {dag.py:3947} INFO - Setting next_dagrun for tutorial_taskflow_api_virtualenv to None, run_after=None
[2026-07-20T06:58:46.354+0000] {processor.py:183} INFO - Processing /workspaces/recomart-recommendation-pipeline/airflow_venv/lib/python3.12/site-packages/airflow/example_dags/tutorial_taskflow_api_virtualenv.py took 0.221 seconds
[2026-07-20T07:00:19.137+0000] {processor.py:161} INFO - Started process (PID=91692) to work on /workspaces/recomart-recommendation-pipeline/airflow_venv/lib/python3.12/site-packages/airflow/example_dags/tutorial_taskflow_api_virtualenv.py
[2026-07-20T07:00:19.138+0000] {processor.py:830} INFO - Processing file /workspaces/recomart-recommendation-pipeline/airflow_venv/lib/python3.12/site-packages/airflow/example_dags/tutorial_taskflow_api_virtualenv.py for tasks to queue
[2026-07-20T07:00:19.139+0000] {logging_mixin.py:188} INFO - [2026-07-20T07:00:19.139+0000] {dagbag.py:545} INFO - Filling up the DagBag from /workspaces/recomart-recommendation-pipeline/airflow_venv/lib/python3.12/site-packages/airflow/example_dags/tutorial_taskflow_api_virtualenv.py
[2026-07-20T07:00:19.147+0000] {processor.py:840} INFO - DAG(s) 'tutorial_taskflow_api_virtualenv' retrieved from /workspaces/recomart-recommendation-pipeline/airflow_venv/lib/python3.12/site-packages/airflow/example_dags/tutorial_taskflow_api_virtualenv.py
[2026-07-20T07:00:19.160+0000] {logging_mixin.py:188} INFO - [2026-07-20T07:00:19.160+0000] {dag.py:3089} INFO - Sync 1 DAGs
[2026-07-20T07:00:19.170+0000] {logging_mixin.py:188} INFO - [2026-07-20T07:00:19.169+0000] {dag.py:3947} INFO - Setting next_dagrun for tutorial_taskflow_api_virtualenv to None, run_after=None
[2026-07-20T07:00:19.195+0000] {processor.py:183} INFO - Processing /workspaces/recomart-recommendation-pipeline/airflow_venv/lib/python3.12/site-packages/airflow/example_dags/tutorial_taskflow_api_virtualenv.py took 0.062 seconds
[2026-07-20T07:01:09.818+0000] {processor.py:161} INFO - Started process (PID=92132) to work on /workspaces/recomart-recommendation-pipeline/airflow_venv/lib/python3.12/site-packages/airflow/example_dags/tutorial_taskflow_api_virtualenv.py
[2026-07-20T07:01:09.820+0000] {processor.py:830} INFO - Processing file /workspaces/recomart-recommendation-pipeline/airflow_venv/lib/python3.12/site-packages/airflow/example_dags/tutorial_taskflow_api_virtualenv.py for tasks to queue
[2026-07-20T07:01:09.822+0000] {logging_mixin.py:188} INFO - [2026-07-20T07:01:09.821+0000] {dagbag.py:545} INFO - Filling up the DagBag from /workspaces/recomart-recommendation-pipeline/airflow_venv/lib/python3.12/site-packages/airflow/example_dags/tutorial_taskflow_api_virtualenv.py
[2026-07-20T07:01:09.834+0000] {processor.py:840} INFO - DAG(s) 'tutorial_taskflow_api_virtualenv' retrieved from /workspaces/recomart-recommendation-pipeline/airflow_venv/lib/python3.12/site-packages/airflow/example_dags/tutorial_taskflow_api_virtualenv.py
[2026-07-20T07:01:09.853+0000] {logging_mixin.py:188} INFO - [2026-07-20T07:01:09.852+0000] {dag.py:3089} INFO - Sync 1 DAGs
[2026-07-20T07:01:09.868+0000] {logging_mixin.py:188} INFO - [2026-07-20T07:01:09.867+0000] {dag.py:3947} INFO - Setting next_dagrun for tutorial_taskflow_api_virtualenv to None, run_after=None
[2026-07-20T07:01:09.917+0000] {processor.py:183} INFO - Processing /workspaces/recomart-recommendation-pipeline/airflow_venv/lib/python3.12/site-packages/airflow/example_dags/tutorial_taskflow_api_virtualenv.py took 0.109 seconds
