[2026-07-20T05:58:44.369+0000] {processor.py:161} INFO - Started process (PID=57842) to work on /workspaces/recomart-recommendation-pipeline/airflow_venv/lib/python3.12/site-packages/airflow/example_dags/tutorial_objectstorage.py
[2026-07-20T05:58:44.370+0000] {processor.py:830} INFO - Processing file /workspaces/recomart-recommendation-pipeline/airflow_venv/lib/python3.12/site-packages/airflow/example_dags/tutorial_objectstorage.py for tasks to queue
[2026-07-20T05:58:44.371+0000] {logging_mixin.py:188} INFO - [2026-07-20T05:58:44.371+0000] {dagbag.py:545} INFO - Filling up the DagBag from /workspaces/recomart-recommendation-pipeline/airflow_venv/lib/python3.12/site-packages/airflow/example_dags/tutorial_objectstorage.py
[2026-07-20T05:58:44.383+0000] {processor.py:840} INFO - DAG(s) 'tutorial_objectstorage' retrieved from /workspaces/recomart-recommendation-pipeline/airflow_venv/lib/python3.12/site-packages/airflow/example_dags/tutorial_objectstorage.py
[2026-07-20T05:58:44.482+0000] {logging_mixin.py:188} INFO - [2026-07-20T05:58:44.481+0000] {override.py:1858} INFO - Created Permission View: can read on DAG:tutorial_objectstorage
[2026-07-20T05:58:44.494+0000] {logging_mixin.py:188} INFO - [2026-07-20T05:58:44.493+0000] {override.py:1858} INFO - Created Permission View: can edit on DAG:tutorial_objectstorage
[2026-07-20T05:58:44.504+0000] {logging_mixin.py:188} INFO - [2026-07-20T05:58:44.504+0000] {override.py:1858} INFO - Created Permission View: can delete on DAG:tutorial_objectstorage
[2026-07-20T05:58:44.505+0000] {logging_mixin.py:188} INFO - [2026-07-20T05:58:44.505+0000] {dag.py:3089} INFO - Sync 1 DAGs
[2026-07-20T05:58:44.521+0000] {logging_mixin.py:188} INFO - [2026-07-20T05:58:44.521+0000] {dag.py:3111} INFO - Creating ORM DAG for tutorial_objectstorage
[2026-07-20T05:58:44.522+0000] {logging_mixin.py:188} INFO - [2026-07-20T05:58:44.522+0000] {dag.py:3947} INFO - Setting next_dagrun for tutorial_objectstorage to None, run_after=None
[2026-07-20T05:58:44.549+0000] {processor.py:183} INFO - Processing /workspaces/recomart-recommendation-pipeline/airflow_venv/lib/python3.12/site-packages/airflow/example_dags/tutorial_objectstorage.py took 0.185 seconds
[2026-07-20T05:59:46.513+0000] {processor.py:161} INFO - Started process (PID=58550) to work on /workspaces/recomart-recommendation-pipeline/airflow_venv/lib/python3.12/site-packages/airflow/example_dags/tutorial_objectstorage.py
[2026-07-20T05:59:46.514+0000] {processor.py:830} INFO - Processing file /workspaces/recomart-recommendation-pipeline/airflow_venv/lib/python3.12/site-packages/airflow/example_dags/tutorial_objectstorage.py for tasks to queue
[2026-07-20T05:59:46.516+0000] {logging_mixin.py:188} INFO - [2026-07-20T05:59:46.515+0000] {dagbag.py:545} INFO - Filling up the DagBag from /workspaces/recomart-recommendation-pipeline/airflow_venv/lib/python3.12/site-packages/airflow/example_dags/tutorial_objectstorage.py
[2026-07-20T05:59:46.525+0000] {processor.py:840} INFO - DAG(s) 'tutorial_objectstorage' retrieved from /workspaces/recomart-recommendation-pipeline/airflow_venv/lib/python3.12/site-packages/airflow/example_dags/tutorial_objectstorage.py
[2026-07-20T05:59:46.541+0000] {logging_mixin.py:188} INFO - [2026-07-20T05:59:46.541+0000] {dag.py:3089} INFO - Sync 1 DAGs
[2026-07-20T05:59:46.554+0000] {logging_mixin.py:188} INFO - [2026-07-20T05:59:46.554+0000] {dag.py:3947} INFO - Setting next_dagrun for tutorial_objectstorage to None, run_after=None
[2026-07-20T05:59:46.577+0000] {processor.py:183} INFO - Processing /workspaces/recomart-recommendation-pipeline/airflow_venv/lib/python3.12/site-packages/airflow/example_dags/tutorial_objectstorage.py took 0.069 seconds
[2026-07-20T06:00:34.660+0000] {processor.py:161} INFO - Started process (PID=58892) to work on /workspaces/recomart-recommendation-pipeline/airflow_venv/lib/python3.12/site-packages/airflow/example_dags/tutorial_objectstorage.py
[2026-07-20T06:00:34.661+0000] {processor.py:830} INFO - Processing file /workspaces/recomart-recommendation-pipeline/airflow_venv/lib/python3.12/site-packages/airflow/example_dags/tutorial_objectstorage.py for tasks to queue
[2026-07-20T06:00:34.662+0000] {logging_mixin.py:188} INFO - [2026-07-20T06:00:34.662+0000] {dagbag.py:545} INFO - Filling up the DagBag from /workspaces/recomart-recommendation-pipeline/airflow_venv/lib/python3.12/site-packages/airflow/example_dags/tutorial_objectstorage.py
[2026-07-20T06:00:34.670+0000] {processor.py:840} INFO - DAG(s) 'tutorial_objectstorage' retrieved from /workspaces/recomart-recommendation-pipeline/airflow_venv/lib/python3.12/site-packages/airflow/example_dags/tutorial_objectstorage.py
[2026-07-20T06:00:34.687+0000] {logging_mixin.py:188} INFO - [2026-07-20T06:00:34.687+0000] {dag.py:3089} INFO - Sync 1 DAGs
[2026-07-20T06:00:34.697+0000] {logging_mixin.py:188} INFO - [2026-07-20T06:00:34.697+0000] {dag.py:3947} INFO - Setting next_dagrun for tutorial_objectstorage to None, run_after=None
[2026-07-20T06:00:34.713+0000] {processor.py:183} INFO - Processing /workspaces/recomart-recommendation-pipeline/airflow_venv/lib/python3.12/site-packages/airflow/example_dags/tutorial_objectstorage.py took 0.057 seconds
[2026-07-20T06:01:18.975+0000] {processor.py:161} INFO - Started process (PID=59405) to work on /workspaces/recomart-recommendation-pipeline/airflow_venv/lib/python3.12/site-packages/airflow/example_dags/tutorial_objectstorage.py
[2026-07-20T06:01:18.976+0000] {processor.py:830} INFO - Processing file /workspaces/recomart-recommendation-pipeline/airflow_venv/lib/python3.12/site-packages/airflow/example_dags/tutorial_objectstorage.py for tasks to queue
[2026-07-20T06:01:18.978+0000] {logging_mixin.py:188} INFO - [2026-07-20T06:01:18.977+0000] {dagbag.py:545} INFO - Filling up the DagBag from /workspaces/recomart-recommendation-pipeline/airflow_venv/lib/python3.12/site-packages/airflow/example_dags/tutorial_objectstorage.py
[2026-07-20T06:01:18.985+0000] {processor.py:840} INFO - DAG(s) 'tutorial_objectstorage' retrieved from /workspaces/recomart-recommendation-pipeline/airflow_venv/lib/python3.12/site-packages/airflow/example_dags/tutorial_objectstorage.py
[2026-07-20T06:01:18.998+0000] {logging_mixin.py:188} INFO - [2026-07-20T06:01:18.998+0000] {dag.py:3089} INFO - Sync 1 DAGs
[2026-07-20T06:01:19.009+0000] {logging_mixin.py:188} INFO - [2026-07-20T06:01:19.008+0000] {dag.py:3947} INFO - Setting next_dagrun for tutorial_objectstorage to None, run_after=None
[2026-07-20T06:01:19.025+0000] {processor.py:183} INFO - Processing /workspaces/recomart-recommendation-pipeline/airflow_venv/lib/python3.12/site-packages/airflow/example_dags/tutorial_objectstorage.py took 0.056 seconds
[2026-07-20T06:02:03.026+0000] {processor.py:161} INFO - Started process (PID=59957) to work on /workspaces/recomart-recommendation-pipeline/airflow_venv/lib/python3.12/site-packages/airflow/example_dags/tutorial_objectstorage.py
[2026-07-20T06:02:03.027+0000] {processor.py:830} INFO - Processing file /workspaces/recomart-recommendation-pipeline/airflow_venv/lib/python3.12/site-packages/airflow/example_dags/tutorial_objectstorage.py for tasks to queue
[2026-07-20T06:02:03.029+0000] {logging_mixin.py:188} INFO - [2026-07-20T06:02:03.028+0000] {dagbag.py:545} INFO - Filling up the DagBag from /workspaces/recomart-recommendation-pipeline/airflow_venv/lib/python3.12/site-packages/airflow/example_dags/tutorial_objectstorage.py
[2026-07-20T06:02:03.035+0000] {processor.py:840} INFO - DAG(s) 'tutorial_objectstorage' retrieved from /workspaces/recomart-recommendation-pipeline/airflow_venv/lib/python3.12/site-packages/airflow/example_dags/tutorial_objectstorage.py
[2026-07-20T06:02:03.050+0000] {logging_mixin.py:188} INFO - [2026-07-20T06:02:03.050+0000] {dag.py:3089} INFO - Sync 1 DAGs
[2026-07-20T06:02:03.059+0000] {logging_mixin.py:188} INFO - [2026-07-20T06:02:03.059+0000] {dag.py:3947} INFO - Setting next_dagrun for tutorial_objectstorage to None, run_after=None
[2026-07-20T06:02:03.078+0000] {processor.py:183} INFO - Processing /workspaces/recomart-recommendation-pipeline/airflow_venv/lib/python3.12/site-packages/airflow/example_dags/tutorial_objectstorage.py took 0.057 seconds
[2026-07-20T06:02:47.187+0000] {processor.py:161} INFO - Started process (PID=60329) to work on /workspaces/recomart-recommendation-pipeline/airflow_venv/lib/python3.12/site-packages/airflow/example_dags/tutorial_objectstorage.py
[2026-07-20T06:02:47.188+0000] {processor.py:830} INFO - Processing file /workspaces/recomart-recommendation-pipeline/airflow_venv/lib/python3.12/site-packages/airflow/example_dags/tutorial_objectstorage.py for tasks to queue
[2026-07-20T06:02:47.190+0000] {logging_mixin.py:188} INFO - [2026-07-20T06:02:47.190+0000] {dagbag.py:545} INFO - Filling up the DagBag from /workspaces/recomart-recommendation-pipeline/airflow_venv/lib/python3.12/site-packages/airflow/example_dags/tutorial_objectstorage.py
[2026-07-20T06:02:47.196+0000] {processor.py:840} INFO - DAG(s) 'tutorial_objectstorage' retrieved from /workspaces/recomart-recommendation-pipeline/airflow_venv/lib/python3.12/site-packages/airflow/example_dags/tutorial_objectstorage.py
[2026-07-20T06:02:47.208+0000] {logging_mixin.py:188} INFO - [2026-07-20T06:02:47.208+0000] {dag.py:3089} INFO - Sync 1 DAGs
[2026-07-20T06:02:47.217+0000] {logging_mixin.py:188} INFO - [2026-07-20T06:02:47.217+0000] {dag.py:3947} INFO - Setting next_dagrun for tutorial_objectstorage to None, run_after=None
[2026-07-20T06:02:47.234+0000] {processor.py:183} INFO - Processing /workspaces/recomart-recommendation-pipeline/airflow_venv/lib/python3.12/site-packages/airflow/example_dags/tutorial_objectstorage.py took 0.053 seconds
[2026-07-20T06:03:28.280+0000] {processor.py:161} INFO - Started process (PID=60624) to work on /workspaces/recomart-recommendation-pipeline/airflow_venv/lib/python3.12/site-packages/airflow/example_dags/tutorial_objectstorage.py
[2026-07-20T06:03:28.281+0000] {processor.py:830} INFO - Processing file /workspaces/recomart-recommendation-pipeline/airflow_venv/lib/python3.12/site-packages/airflow/example_dags/tutorial_objectstorage.py for tasks to queue
[2026-07-20T06:03:28.283+0000] {logging_mixin.py:188} INFO - [2026-07-20T06:03:28.282+0000] {dagbag.py:545} INFO - Filling up the DagBag from /workspaces/recomart-recommendation-pipeline/airflow_venv/lib/python3.12/site-packages/airflow/example_dags/tutorial_objectstorage.py
[2026-07-20T06:03:28.291+0000] {processor.py:840} INFO - DAG(s) 'tutorial_objectstorage' retrieved from /workspaces/recomart-recommendation-pipeline/airflow_venv/lib/python3.12/site-packages/airflow/example_dags/tutorial_objectstorage.py
[2026-07-20T06:03:28.307+0000] {logging_mixin.py:188} INFO - [2026-07-20T06:03:28.307+0000] {dag.py:3089} INFO - Sync 1 DAGs
[2026-07-20T06:03:28.322+0000] {logging_mixin.py:188} INFO - [2026-07-20T06:03:28.322+0000] {dag.py:3947} INFO - Setting next_dagrun for tutorial_objectstorage to None, run_after=None
[2026-07-20T06:03:28.376+0000] {processor.py:183} INFO - Processing /workspaces/recomart-recommendation-pipeline/airflow_venv/lib/python3.12/site-packages/airflow/example_dags/tutorial_objectstorage.py took 0.103 seconds
[2026-07-20T06:04:11.375+0000] {processor.py:161} INFO - Started process (PID=61054) to work on /workspaces/recomart-recommendation-pipeline/airflow_venv/lib/python3.12/site-packages/airflow/example_dags/tutorial_objectstorage.py
[2026-07-20T06:04:11.375+0000] {processor.py:830} INFO - Processing file /workspaces/recomart-recommendation-pipeline/airflow_venv/lib/python3.12/site-packages/airflow/example_dags/tutorial_objectstorage.py for tasks to queue
[2026-07-20T06:04:11.377+0000] {logging_mixin.py:188} INFO - [2026-07-20T06:04:11.377+0000] {dagbag.py:545} INFO - Filling up the DagBag from /workspaces/recomart-recommendation-pipeline/airflow_venv/lib/python3.12/site-packages/airflow/example_dags/tutorial_objectstorage.py
[2026-07-20T06:04:11.385+0000] {processor.py:840} INFO - DAG(s) 'tutorial_objectstorage' retrieved from /workspaces/recomart-recommendation-pipeline/airflow_venv/lib/python3.12/site-packages/airflow/example_dags/tutorial_objectstorage.py
[2026-07-20T06:04:11.399+0000] {logging_mixin.py:188} INFO - [2026-07-20T06:04:11.399+0000] {dag.py:3089} INFO - Sync 1 DAGs
[2026-07-20T06:04:11.408+0000] {logging_mixin.py:188} INFO - [2026-07-20T06:04:11.408+0000] {dag.py:3947} INFO - Setting next_dagrun for tutorial_objectstorage to None, run_after=None
[2026-07-20T06:04:11.425+0000] {processor.py:183} INFO - Processing /workspaces/recomart-recommendation-pipeline/airflow_venv/lib/python3.12/site-packages/airflow/example_dags/tutorial_objectstorage.py took 0.056 seconds
[2026-07-20T06:04:55.742+0000] {processor.py:161} INFO - Started process (PID=61444) to work on /workspaces/recomart-recommendation-pipeline/airflow_venv/lib/python3.12/site-packages/airflow/example_dags/tutorial_objectstorage.py
[2026-07-20T06:04:55.743+0000] {processor.py:830} INFO - Processing file /workspaces/recomart-recommendation-pipeline/airflow_venv/lib/python3.12/site-packages/airflow/example_dags/tutorial_objectstorage.py for tasks to queue
[2026-07-20T06:04:55.744+0000] {logging_mixin.py:188} INFO - [2026-07-20T06:04:55.744+0000] {dagbag.py:545} INFO - Filling up the DagBag from /workspaces/recomart-recommendation-pipeline/airflow_venv/lib/python3.12/site-packages/airflow/example_dags/tutorial_objectstorage.py
[2026-07-20T06:04:55.752+0000] {processor.py:840} INFO - DAG(s) 'tutorial_objectstorage' retrieved from /workspaces/recomart-recommendation-pipeline/airflow_venv/lib/python3.12/site-packages/airflow/example_dags/tutorial_objectstorage.py
[2026-07-20T06:04:55.763+0000] {logging_mixin.py:188} INFO - [2026-07-20T06:04:55.763+0000] {dag.py:3089} INFO - Sync 1 DAGs
[2026-07-20T06:04:55.774+0000] {logging_mixin.py:188} INFO - [2026-07-20T06:04:55.774+0000] {dag.py:3947} INFO - Setting next_dagrun for tutorial_objectstorage to None, run_after=None
[2026-07-20T06:04:55.791+0000] {processor.py:183} INFO - Processing /workspaces/recomart-recommendation-pipeline/airflow_venv/lib/python3.12/site-packages/airflow/example_dags/tutorial_objectstorage.py took 0.053 seconds
[2026-07-20T06:05:39.318+0000] {processor.py:161} INFO - Started process (PID=61816) to work on /workspaces/recomart-recommendation-pipeline/airflow_venv/lib/python3.12/site-packages/airflow/example_dags/tutorial_objectstorage.py
[2026-07-20T06:05:39.318+0000] {processor.py:830} INFO - Processing file /workspaces/recomart-recommendation-pipeline/airflow_venv/lib/python3.12/site-packages/airflow/example_dags/tutorial_objectstorage.py for tasks to queue
[2026-07-20T06:05:39.320+0000] {logging_mixin.py:188} INFO - [2026-07-20T06:05:39.319+0000] {dagbag.py:545} INFO - Filling up the DagBag from /workspaces/recomart-recommendation-pipeline/airflow_venv/lib/python3.12/site-packages/airflow/example_dags/tutorial_objectstorage.py
[2026-07-20T06:05:39.325+0000] {processor.py:840} INFO - DAG(s) 'tutorial_objectstorage' retrieved from /workspaces/recomart-recommendation-pipeline/airflow_venv/lib/python3.12/site-packages/airflow/example_dags/tutorial_objectstorage.py
[2026-07-20T06:05:39.336+0000] {logging_mixin.py:188} INFO - [2026-07-20T06:05:39.336+0000] {dag.py:3089} INFO - Sync 1 DAGs
[2026-07-20T06:05:39.436+0000] {logging_mixin.py:188} INFO - [2026-07-20T06:05:39.436+0000] {dag.py:3947} INFO - Setting next_dagrun for tutorial_objectstorage to None, run_after=None
[2026-07-20T06:05:39.452+0000] {processor.py:183} INFO - Processing /workspaces/recomart-recommendation-pipeline/airflow_venv/lib/python3.12/site-packages/airflow/example_dags/tutorial_objectstorage.py took 0.139 seconds
[2026-07-20T06:06:27.485+0000] {processor.py:161} INFO - Started process (PID=62168) to work on /workspaces/recomart-recommendation-pipeline/airflow_venv/lib/python3.12/site-packages/airflow/example_dags/tutorial_objectstorage.py
[2026-07-20T06:06:27.486+0000] {processor.py:830} INFO - Processing file /workspaces/recomart-recommendation-pipeline/airflow_venv/lib/python3.12/site-packages/airflow/example_dags/tutorial_objectstorage.py for tasks to queue
[2026-07-20T06:06:27.488+0000] {logging_mixin.py:188} INFO - [2026-07-20T06:06:27.487+0000] {dagbag.py:545} INFO - Filling up the DagBag from /workspaces/recomart-recommendation-pipeline/airflow_venv/lib/python3.12/site-packages/airflow/example_dags/tutorial_objectstorage.py
[2026-07-20T06:06:27.494+0000] {processor.py:840} INFO - DAG(s) 'tutorial_objectstorage' retrieved from /workspaces/recomart-recommendation-pipeline/airflow_venv/lib/python3.12/site-packages/airflow/example_dags/tutorial_objectstorage.py
[2026-07-20T06:06:27.505+0000] {logging_mixin.py:188} INFO - [2026-07-20T06:06:27.505+0000] {dag.py:3089} INFO - Sync 1 DAGs
[2026-07-20T06:06:27.514+0000] {logging_mixin.py:188} INFO - [2026-07-20T06:06:27.514+0000] {dag.py:3947} INFO - Setting next_dagrun for tutorial_objectstorage to None, run_after=None
[2026-07-20T06:06:27.531+0000] {processor.py:183} INFO - Processing /workspaces/recomart-recommendation-pipeline/airflow_venv/lib/python3.12/site-packages/airflow/example_dags/tutorial_objectstorage.py took 0.052 seconds
[2026-07-20T06:07:15.636+0000] {processor.py:161} INFO - Started process (PID=62559) to work on /workspaces/recomart-recommendation-pipeline/airflow_venv/lib/python3.12/site-packages/airflow/example_dags/tutorial_objectstorage.py
[2026-07-20T06:07:15.636+0000] {processor.py:830} INFO - Processing file /workspaces/recomart-recommendation-pipeline/airflow_venv/lib/python3.12/site-packages/airflow/example_dags/tutorial_objectstorage.py for tasks to queue
[2026-07-20T06:07:15.638+0000] {logging_mixin.py:188} INFO - [2026-07-20T06:07:15.637+0000] {dagbag.py:545} INFO - Filling up the DagBag from /workspaces/recomart-recommendation-pipeline/airflow_venv/lib/python3.12/site-packages/airflow/example_dags/tutorial_objectstorage.py
[2026-07-20T06:07:15.644+0000] {processor.py:840} INFO - DAG(s) 'tutorial_objectstorage' retrieved from /workspaces/recomart-recommendation-pipeline/airflow_venv/lib/python3.12/site-packages/airflow/example_dags/tutorial_objectstorage.py
[2026-07-20T06:07:15.655+0000] {logging_mixin.py:188} INFO - [2026-07-20T06:07:15.655+0000] {dag.py:3089} INFO - Sync 1 DAGs
[2026-07-20T06:07:15.663+0000] {logging_mixin.py:188} INFO - [2026-07-20T06:07:15.663+0000] {dag.py:3947} INFO - Setting next_dagrun for tutorial_objectstorage to None, run_after=None
[2026-07-20T06:07:15.682+0000] {processor.py:183} INFO - Processing /workspaces/recomart-recommendation-pipeline/airflow_venv/lib/python3.12/site-packages/airflow/example_dags/tutorial_objectstorage.py took 0.053 seconds
[2026-07-20T06:08:06.576+0000] {processor.py:161} INFO - Started process (PID=62982) to work on /workspaces/recomart-recommendation-pipeline/airflow_venv/lib/python3.12/site-packages/airflow/example_dags/tutorial_objectstorage.py
[2026-07-20T06:08:06.577+0000] {processor.py:830} INFO - Processing file /workspaces/recomart-recommendation-pipeline/airflow_venv/lib/python3.12/site-packages/airflow/example_dags/tutorial_objectstorage.py for tasks to queue
[2026-07-20T06:08:06.579+0000] {logging_mixin.py:188} INFO - [2026-07-20T06:08:06.578+0000] {dagbag.py:545} INFO - Filling up the DagBag from /workspaces/recomart-recommendation-pipeline/airflow_venv/lib/python3.12/site-packages/airflow/example_dags/tutorial_objectstorage.py
[2026-07-20T06:08:06.586+0000] {processor.py:840} INFO - DAG(s) 'tutorial_objectstorage' retrieved from /workspaces/recomart-recommendation-pipeline/airflow_venv/lib/python3.12/site-packages/airflow/example_dags/tutorial_objectstorage.py
[2026-07-20T06:08:06.597+0000] {logging_mixin.py:188} INFO - [2026-07-20T06:08:06.597+0000] {dag.py:3089} INFO - Sync 1 DAGs
[2026-07-20T06:08:06.605+0000] {logging_mixin.py:188} INFO - [2026-07-20T06:08:06.605+0000] {dag.py:3947} INFO - Setting next_dagrun for tutorial_objectstorage to None, run_after=None
[2026-07-20T06:08:06.624+0000] {processor.py:183} INFO - Processing /workspaces/recomart-recommendation-pipeline/airflow_venv/lib/python3.12/site-packages/airflow/example_dags/tutorial_objectstorage.py took 0.054 seconds
[2026-07-20T06:08:45.848+0000] {processor.py:161} INFO - Started process (PID=63459) to work on /workspaces/recomart-recommendation-pipeline/airflow_venv/lib/python3.12/site-packages/airflow/example_dags/tutorial_objectstorage.py
[2026-07-20T06:08:45.850+0000] {processor.py:830} INFO - Processing file /workspaces/recomart-recommendation-pipeline/airflow_venv/lib/python3.12/site-packages/airflow/example_dags/tutorial_objectstorage.py for tasks to queue
[2026-07-20T06:08:45.852+0000] {logging_mixin.py:188} INFO - [2026-07-20T06:08:45.851+0000] {dagbag.py:545} INFO - Filling up the DagBag from /workspaces/recomart-recommendation-pipeline/airflow_venv/lib/python3.12/site-packages/airflow/example_dags/tutorial_objectstorage.py
[2026-07-20T06:08:45.865+0000] {processor.py:840} INFO - DAG(s) 'tutorial_objectstorage' retrieved from /workspaces/recomart-recommendation-pipeline/airflow_venv/lib/python3.12/site-packages/airflow/example_dags/tutorial_objectstorage.py
[2026-07-20T06:08:45.875+0000] {logging_mixin.py:188} INFO - [2026-07-20T06:08:45.875+0000] {dag.py:3089} INFO - Sync 1 DAGs
[2026-07-20T06:08:45.890+0000] {logging_mixin.py:188} INFO - [2026-07-20T06:08:45.889+0000] {dag.py:3947} INFO - Setting next_dagrun for tutorial_objectstorage to None, run_after=None
[2026-07-20T06:08:45.914+0000] {processor.py:183} INFO - Processing /workspaces/recomart-recommendation-pipeline/airflow_venv/lib/python3.12/site-packages/airflow/example_dags/tutorial_objectstorage.py took 0.076 seconds
[2026-07-20T06:09:40.096+0000] {processor.py:161} INFO - Started process (PID=63945) to work on /workspaces/recomart-recommendation-pipeline/airflow_venv/lib/python3.12/site-packages/airflow/example_dags/tutorial_objectstorage.py
[2026-07-20T06:09:40.097+0000] {processor.py:830} INFO - Processing file /workspaces/recomart-recommendation-pipeline/airflow_venv/lib/python3.12/site-packages/airflow/example_dags/tutorial_objectstorage.py for tasks to queue
[2026-07-20T06:09:40.098+0000] {logging_mixin.py:188} INFO - [2026-07-20T06:09:40.098+0000] {dagbag.py:545} INFO - Filling up the DagBag from /workspaces/recomart-recommendation-pipeline/airflow_venv/lib/python3.12/site-packages/airflow/example_dags/tutorial_objectstorage.py
[2026-07-20T06:09:40.104+0000] {processor.py:840} INFO - DAG(s) 'tutorial_objectstorage' retrieved from /workspaces/recomart-recommendation-pipeline/airflow_venv/lib/python3.12/site-packages/airflow/example_dags/tutorial_objectstorage.py
[2026-07-20T06:09:40.185+0000] {logging_mixin.py:188} INFO - [2026-07-20T06:09:40.185+0000] {dag.py:3089} INFO - Sync 1 DAGs
[2026-07-20T06:09:40.192+0000] {logging_mixin.py:188} INFO - [2026-07-20T06:09:40.192+0000] {dag.py:3947} INFO - Setting next_dagrun for tutorial_objectstorage to None, run_after=None
[2026-07-20T06:09:40.212+0000] {processor.py:183} INFO - Processing /workspaces/recomart-recommendation-pipeline/airflow_venv/lib/python3.12/site-packages/airflow/example_dags/tutorial_objectstorage.py took 0.121 seconds
[2026-07-20T06:10:32.149+0000] {processor.py:161} INFO - Started process (PID=64358) to work on /workspaces/recomart-recommendation-pipeline/airflow_venv/lib/python3.12/site-packages/airflow/example_dags/tutorial_objectstorage.py
[2026-07-20T06:10:32.150+0000] {processor.py:830} INFO - Processing file /workspaces/recomart-recommendation-pipeline/airflow_venv/lib/python3.12/site-packages/airflow/example_dags/tutorial_objectstorage.py for tasks to queue
[2026-07-20T06:10:32.151+0000] {logging_mixin.py:188} INFO - [2026-07-20T06:10:32.151+0000] {dagbag.py:545} INFO - Filling up the DagBag from /workspaces/recomart-recommendation-pipeline/airflow_venv/lib/python3.12/site-packages/airflow/example_dags/tutorial_objectstorage.py
[2026-07-20T06:10:32.157+0000] {processor.py:840} INFO - DAG(s) 'tutorial_objectstorage' retrieved from /workspaces/recomart-recommendation-pipeline/airflow_venv/lib/python3.12/site-packages/airflow/example_dags/tutorial_objectstorage.py
[2026-07-20T06:10:32.168+0000] {logging_mixin.py:188} INFO - [2026-07-20T06:10:32.167+0000] {dag.py:3089} INFO - Sync 1 DAGs
[2026-07-20T06:10:32.179+0000] {logging_mixin.py:188} INFO - [2026-07-20T06:10:32.179+0000] {dag.py:3947} INFO - Setting next_dagrun for tutorial_objectstorage to None, run_after=None
[2026-07-20T06:10:32.197+0000] {processor.py:183} INFO - Processing /workspaces/recomart-recommendation-pipeline/airflow_venv/lib/python3.12/site-packages/airflow/example_dags/tutorial_objectstorage.py took 0.052 seconds
[2026-07-20T06:11:14.823+0000] {processor.py:161} INFO - Started process (PID=64897) to work on /workspaces/recomart-recommendation-pipeline/airflow_venv/lib/python3.12/site-packages/airflow/example_dags/tutorial_objectstorage.py
[2026-07-20T06:11:14.823+0000] {processor.py:830} INFO - Processing file /workspaces/recomart-recommendation-pipeline/airflow_venv/lib/python3.12/site-packages/airflow/example_dags/tutorial_objectstorage.py for tasks to queue
[2026-07-20T06:11:14.825+0000] {logging_mixin.py:188} INFO - [2026-07-20T06:11:14.824+0000] {dagbag.py:545} INFO - Filling up the DagBag from /workspaces/recomart-recommendation-pipeline/airflow_venv/lib/python3.12/site-packages/airflow/example_dags/tutorial_objectstorage.py
[2026-07-20T06:11:14.830+0000] {processor.py:840} INFO - DAG(s) 'tutorial_objectstorage' retrieved from /workspaces/recomart-recommendation-pipeline/airflow_venv/lib/python3.12/site-packages/airflow/example_dags/tutorial_objectstorage.py
[2026-07-20T06:11:14.846+0000] {logging_mixin.py:188} INFO - [2026-07-20T06:11:14.846+0000] {dag.py:3089} INFO - Sync 1 DAGs
[2026-07-20T06:11:14.855+0000] {logging_mixin.py:188} INFO - [2026-07-20T06:11:14.855+0000] {dag.py:3947} INFO - Setting next_dagrun for tutorial_objectstorage to None, run_after=None
[2026-07-20T06:11:14.873+0000] {processor.py:183} INFO - Processing /workspaces/recomart-recommendation-pipeline/airflow_venv/lib/python3.12/site-packages/airflow/example_dags/tutorial_objectstorage.py took 0.054 seconds
[2026-07-20T06:11:56.532+0000] {processor.py:161} INFO - Started process (PID=65252) to work on /workspaces/recomart-recommendation-pipeline/airflow_venv/lib/python3.12/site-packages/airflow/example_dags/tutorial_objectstorage.py
[2026-07-20T06:11:56.533+0000] {processor.py:830} INFO - Processing file /workspaces/recomart-recommendation-pipeline/airflow_venv/lib/python3.12/site-packages/airflow/example_dags/tutorial_objectstorage.py for tasks to queue
[2026-07-20T06:11:56.534+0000] {logging_mixin.py:188} INFO - [2026-07-20T06:11:56.534+0000] {dagbag.py:545} INFO - Filling up the DagBag from /workspaces/recomart-recommendation-pipeline/airflow_venv/lib/python3.12/site-packages/airflow/example_dags/tutorial_objectstorage.py
[2026-07-20T06:11:56.541+0000] {processor.py:840} INFO - DAG(s) 'tutorial_objectstorage' retrieved from /workspaces/recomart-recommendation-pipeline/airflow_venv/lib/python3.12/site-packages/airflow/example_dags/tutorial_objectstorage.py
[2026-07-20T06:11:56.553+0000] {logging_mixin.py:188} INFO - [2026-07-20T06:11:56.552+0000] {dag.py:3089} INFO - Sync 1 DAGs
[2026-07-20T06:11:56.562+0000] {logging_mixin.py:188} INFO - [2026-07-20T06:11:56.561+0000] {dag.py:3947} INFO - Setting next_dagrun for tutorial_objectstorage to None, run_after=None
[2026-07-20T06:11:56.584+0000] {processor.py:183} INFO - Processing /workspaces/recomart-recommendation-pipeline/airflow_venv/lib/python3.12/site-packages/airflow/example_dags/tutorial_objectstorage.py took 0.056 seconds
[2026-07-20T06:12:39.070+0000] {processor.py:161} INFO - Started process (PID=65562) to work on /workspaces/recomart-recommendation-pipeline/airflow_venv/lib/python3.12/site-packages/airflow/example_dags/tutorial_objectstorage.py
[2026-07-20T06:12:39.071+0000] {processor.py:830} INFO - Processing file /workspaces/recomart-recommendation-pipeline/airflow_venv/lib/python3.12/site-packages/airflow/example_dags/tutorial_objectstorage.py for tasks to queue
[2026-07-20T06:12:39.073+0000] {logging_mixin.py:188} INFO - [2026-07-20T06:12:39.072+0000] {dagbag.py:545} INFO - Filling up the DagBag from /workspaces/recomart-recommendation-pipeline/airflow_venv/lib/python3.12/site-packages/airflow/example_dags/tutorial_objectstorage.py
[2026-07-20T06:12:39.081+0000] {processor.py:840} INFO - DAG(s) 'tutorial_objectstorage' retrieved from /workspaces/recomart-recommendation-pipeline/airflow_venv/lib/python3.12/site-packages/airflow/example_dags/tutorial_objectstorage.py
[2026-07-20T06:12:39.098+0000] {logging_mixin.py:188} INFO - [2026-07-20T06:12:39.098+0000] {dag.py:3089} INFO - Sync 1 DAGs
[2026-07-20T06:12:39.111+0000] {logging_mixin.py:188} INFO - [2026-07-20T06:12:39.111+0000] {dag.py:3947} INFO - Setting next_dagrun for tutorial_objectstorage to None, run_after=None
[2026-07-20T06:12:39.140+0000] {processor.py:183} INFO - Processing /workspaces/recomart-recommendation-pipeline/airflow_venv/lib/python3.12/site-packages/airflow/example_dags/tutorial_objectstorage.py took 0.080 seconds
[2026-07-20T06:13:23.391+0000] {processor.py:161} INFO - Started process (PID=65932) to work on /workspaces/recomart-recommendation-pipeline/airflow_venv/lib/python3.12/site-packages/airflow/example_dags/tutorial_objectstorage.py
[2026-07-20T06:13:23.391+0000] {processor.py:830} INFO - Processing file /workspaces/recomart-recommendation-pipeline/airflow_venv/lib/python3.12/site-packages/airflow/example_dags/tutorial_objectstorage.py for tasks to queue
[2026-07-20T06:13:23.393+0000] {logging_mixin.py:188} INFO - [2026-07-20T06:13:23.392+0000] {dagbag.py:545} INFO - Filling up the DagBag from /workspaces/recomart-recommendation-pipeline/airflow_venv/lib/python3.12/site-packages/airflow/example_dags/tutorial_objectstorage.py
[2026-07-20T06:13:23.399+0000] {processor.py:840} INFO - DAG(s) 'tutorial_objectstorage' retrieved from /workspaces/recomart-recommendation-pipeline/airflow_venv/lib/python3.12/site-packages/airflow/example_dags/tutorial_objectstorage.py
[2026-07-20T06:13:23.415+0000] {logging_mixin.py:188} INFO - [2026-07-20T06:13:23.414+0000] {dag.py:3089} INFO - Sync 1 DAGs
[2026-07-20T06:13:23.425+0000] {logging_mixin.py:188} INFO - [2026-07-20T06:13:23.424+0000] {dag.py:3947} INFO - Setting next_dagrun for tutorial_objectstorage to None, run_after=None
[2026-07-20T06:13:23.441+0000] {processor.py:183} INFO - Processing /workspaces/recomart-recommendation-pipeline/airflow_venv/lib/python3.12/site-packages/airflow/example_dags/tutorial_objectstorage.py took 0.055 seconds
[2026-07-20T06:14:08.782+0000] {processor.py:161} INFO - Started process (PID=66506) to work on /workspaces/recomart-recommendation-pipeline/airflow_venv/lib/python3.12/site-packages/airflow/example_dags/tutorial_objectstorage.py
[2026-07-20T06:14:08.783+0000] {processor.py:830} INFO - Processing file /workspaces/recomart-recommendation-pipeline/airflow_venv/lib/python3.12/site-packages/airflow/example_dags/tutorial_objectstorage.py for tasks to queue
[2026-07-20T06:14:08.784+0000] {logging_mixin.py:188} INFO - [2026-07-20T06:14:08.784+0000] {dagbag.py:545} INFO - Filling up the DagBag from /workspaces/recomart-recommendation-pipeline/airflow_venv/lib/python3.12/site-packages/airflow/example_dags/tutorial_objectstorage.py
[2026-07-20T06:14:08.790+0000] {processor.py:840} INFO - DAG(s) 'tutorial_objectstorage' retrieved from /workspaces/recomart-recommendation-pipeline/airflow_venv/lib/python3.12/site-packages/airflow/example_dags/tutorial_objectstorage.py
[2026-07-20T06:14:08.803+0000] {logging_mixin.py:188} INFO - [2026-07-20T06:14:08.803+0000] {dag.py:3089} INFO - Sync 1 DAGs
[2026-07-20T06:14:08.814+0000] {logging_mixin.py:188} INFO - [2026-07-20T06:14:08.814+0000] {dag.py:3947} INFO - Setting next_dagrun for tutorial_objectstorage to None, run_after=None
[2026-07-20T06:14:08.919+0000] {processor.py:183} INFO - Processing /workspaces/recomart-recommendation-pipeline/airflow_venv/lib/python3.12/site-packages/airflow/example_dags/tutorial_objectstorage.py took 0.141 seconds
[2026-07-20T06:14:55.358+0000] {processor.py:161} INFO - Started process (PID=67075) to work on /workspaces/recomart-recommendation-pipeline/airflow_venv/lib/python3.12/site-packages/airflow/example_dags/tutorial_objectstorage.py
[2026-07-20T06:14:55.359+0000] {processor.py:830} INFO - Processing file /workspaces/recomart-recommendation-pipeline/airflow_venv/lib/python3.12/site-packages/airflow/example_dags/tutorial_objectstorage.py for tasks to queue
[2026-07-20T06:14:55.360+0000] {logging_mixin.py:188} INFO - [2026-07-20T06:14:55.360+0000] {dagbag.py:545} INFO - Filling up the DagBag from /workspaces/recomart-recommendation-pipeline/airflow_venv/lib/python3.12/site-packages/airflow/example_dags/tutorial_objectstorage.py
[2026-07-20T06:14:55.367+0000] {processor.py:840} INFO - DAG(s) 'tutorial_objectstorage' retrieved from /workspaces/recomart-recommendation-pipeline/airflow_venv/lib/python3.12/site-packages/airflow/example_dags/tutorial_objectstorage.py
[2026-07-20T06:14:55.381+0000] {logging_mixin.py:188} INFO - [2026-07-20T06:14:55.381+0000] {dag.py:3089} INFO - Sync 1 DAGs
[2026-07-20T06:14:55.391+0000] {logging_mixin.py:188} INFO - [2026-07-20T06:14:55.390+0000] {dag.py:3947} INFO - Setting next_dagrun for tutorial_objectstorage to None, run_after=None
[2026-07-20T06:14:55.407+0000] {processor.py:183} INFO - Processing /workspaces/recomart-recommendation-pipeline/airflow_venv/lib/python3.12/site-packages/airflow/example_dags/tutorial_objectstorage.py took 0.053 seconds
[2026-07-20T06:30:48.525+0000] {processor.py:161} INFO - Started process (PID=73409) to work on /workspaces/recomart-recommendation-pipeline/airflow_venv/lib/python3.12/site-packages/airflow/example_dags/tutorial_objectstorage.py
[2026-07-20T06:30:48.526+0000] {processor.py:830} INFO - Processing file /workspaces/recomart-recommendation-pipeline/airflow_venv/lib/python3.12/site-packages/airflow/example_dags/tutorial_objectstorage.py for tasks to queue
[2026-07-20T06:30:48.528+0000] {logging_mixin.py:188} INFO - [2026-07-20T06:30:48.527+0000] {dagbag.py:545} INFO - Filling up the DagBag from /workspaces/recomart-recommendation-pipeline/airflow_venv/lib/python3.12/site-packages/airflow/example_dags/tutorial_objectstorage.py
[2026-07-20T06:30:48.537+0000] {processor.py:840} INFO - DAG(s) 'tutorial_objectstorage' retrieved from /workspaces/recomart-recommendation-pipeline/airflow_venv/lib/python3.12/site-packages/airflow/example_dags/tutorial_objectstorage.py
[2026-07-20T06:30:48.543+0000] {logging_mixin.py:188} INFO - [2026-07-20T06:30:48.543+0000] {dag.py:3089} INFO - Sync 1 DAGs
[2026-07-20T06:30:48.556+0000] {logging_mixin.py:188} INFO - [2026-07-20T06:30:48.556+0000] {dag.py:3947} INFO - Setting next_dagrun for tutorial_objectstorage to None, run_after=None
[2026-07-20T06:30:48.577+0000] {processor.py:183} INFO - Processing /workspaces/recomart-recommendation-pipeline/airflow_venv/lib/python3.12/site-packages/airflow/example_dags/tutorial_objectstorage.py took 0.056 seconds
[2026-07-20T06:31:43.436+0000] {processor.py:161} INFO - Started process (PID=74037) to work on /workspaces/recomart-recommendation-pipeline/airflow_venv/lib/python3.12/site-packages/airflow/example_dags/tutorial_objectstorage.py
[2026-07-20T06:31:43.437+0000] {processor.py:830} INFO - Processing file /workspaces/recomart-recommendation-pipeline/airflow_venv/lib/python3.12/site-packages/airflow/example_dags/tutorial_objectstorage.py for tasks to queue
[2026-07-20T06:31:43.438+0000] {logging_mixin.py:188} INFO - [2026-07-20T06:31:43.438+0000] {dagbag.py:545} INFO - Filling up the DagBag from /workspaces/recomart-recommendation-pipeline/airflow_venv/lib/python3.12/site-packages/airflow/example_dags/tutorial_objectstorage.py
[2026-07-20T06:31:43.444+0000] {processor.py:840} INFO - DAG(s) 'tutorial_objectstorage' retrieved from /workspaces/recomart-recommendation-pipeline/airflow_venv/lib/python3.12/site-packages/airflow/example_dags/tutorial_objectstorage.py
[2026-07-20T06:31:43.531+0000] {logging_mixin.py:188} INFO - [2026-07-20T06:31:43.531+0000] {dag.py:3089} INFO - Sync 1 DAGs
[2026-07-20T06:31:43.538+0000] {logging_mixin.py:188} INFO - [2026-07-20T06:31:43.538+0000] {dag.py:3947} INFO - Setting next_dagrun for tutorial_objectstorage to None, run_after=None
[2026-07-20T06:31:43.554+0000] {processor.py:183} INFO - Processing /workspaces/recomart-recommendation-pipeline/airflow_venv/lib/python3.12/site-packages/airflow/example_dags/tutorial_objectstorage.py took 0.123 seconds
[2026-07-20T06:32:33.883+0000] {processor.py:161} INFO - Started process (PID=74701) to work on /workspaces/recomart-recommendation-pipeline/airflow_venv/lib/python3.12/site-packages/airflow/example_dags/tutorial_objectstorage.py
[2026-07-20T06:32:33.884+0000] {processor.py:830} INFO - Processing file /workspaces/recomart-recommendation-pipeline/airflow_venv/lib/python3.12/site-packages/airflow/example_dags/tutorial_objectstorage.py for tasks to queue
[2026-07-20T06:32:33.886+0000] {logging_mixin.py:188} INFO - [2026-07-20T06:32:33.885+0000] {dagbag.py:545} INFO - Filling up the DagBag from /workspaces/recomart-recommendation-pipeline/airflow_venv/lib/python3.12/site-packages/airflow/example_dags/tutorial_objectstorage.py
[2026-07-20T06:32:33.894+0000] {processor.py:840} INFO - DAG(s) 'tutorial_objectstorage' retrieved from /workspaces/recomart-recommendation-pipeline/airflow_venv/lib/python3.12/site-packages/airflow/example_dags/tutorial_objectstorage.py
[2026-07-20T06:32:33.917+0000] {logging_mixin.py:188} INFO - [2026-07-20T06:32:33.916+0000] {dag.py:3089} INFO - Sync 1 DAGs
[2026-07-20T06:32:33.940+0000] {logging_mixin.py:188} INFO - [2026-07-20T06:32:33.940+0000] {dag.py:3947} INFO - Setting next_dagrun for tutorial_objectstorage to None, run_after=None
[2026-07-20T06:32:34.000+0000] {processor.py:183} INFO - Processing /workspaces/recomart-recommendation-pipeline/airflow_venv/lib/python3.12/site-packages/airflow/example_dags/tutorial_objectstorage.py took 0.123 seconds
[2026-07-20T06:33:18.381+0000] {processor.py:161} INFO - Started process (PID=75086) to work on /workspaces/recomart-recommendation-pipeline/airflow_venv/lib/python3.12/site-packages/airflow/example_dags/tutorial_objectstorage.py
[2026-07-20T06:33:18.382+0000] {processor.py:830} INFO - Processing file /workspaces/recomart-recommendation-pipeline/airflow_venv/lib/python3.12/site-packages/airflow/example_dags/tutorial_objectstorage.py for tasks to queue
[2026-07-20T06:33:18.383+0000] {logging_mixin.py:188} INFO - [2026-07-20T06:33:18.383+0000] {dagbag.py:545} INFO - Filling up the DagBag from /workspaces/recomart-recommendation-pipeline/airflow_venv/lib/python3.12/site-packages/airflow/example_dags/tutorial_objectstorage.py
[2026-07-20T06:33:18.389+0000] {processor.py:840} INFO - DAG(s) 'tutorial_objectstorage' retrieved from /workspaces/recomart-recommendation-pipeline/airflow_venv/lib/python3.12/site-packages/airflow/example_dags/tutorial_objectstorage.py
[2026-07-20T06:33:18.400+0000] {logging_mixin.py:188} INFO - [2026-07-20T06:33:18.399+0000] {dag.py:3089} INFO - Sync 1 DAGs
[2026-07-20T06:33:18.409+0000] {logging_mixin.py:188} INFO - [2026-07-20T06:33:18.408+0000] {dag.py:3947} INFO - Setting next_dagrun for tutorial_objectstorage to None, run_after=None
[2026-07-20T06:33:18.426+0000] {processor.py:183} INFO - Processing /workspaces/recomart-recommendation-pipeline/airflow_venv/lib/python3.12/site-packages/airflow/example_dags/tutorial_objectstorage.py took 0.049 seconds
[2026-07-20T06:34:37.808+0000] {processor.py:161} INFO - Started process (PID=76410) to work on /workspaces/recomart-recommendation-pipeline/airflow_venv/lib/python3.12/site-packages/airflow/example_dags/tutorial_objectstorage.py
[2026-07-20T06:34:37.809+0000] {processor.py:830} INFO - Processing file /workspaces/recomart-recommendation-pipeline/airflow_venv/lib/python3.12/site-packages/airflow/example_dags/tutorial_objectstorage.py for tasks to queue
[2026-07-20T06:34:37.811+0000] {logging_mixin.py:188} INFO - [2026-07-20T06:34:37.810+0000] {dagbag.py:545} INFO - Filling up the DagBag from /workspaces/recomart-recommendation-pipeline/airflow_venv/lib/python3.12/site-packages/airflow/example_dags/tutorial_objectstorage.py
[2026-07-20T06:34:37.817+0000] {processor.py:840} INFO - DAG(s) 'tutorial_objectstorage' retrieved from /workspaces/recomart-recommendation-pipeline/airflow_venv/lib/python3.12/site-packages/airflow/example_dags/tutorial_objectstorage.py
[2026-07-20T06:34:37.828+0000] {logging_mixin.py:188} INFO - [2026-07-20T06:34:37.828+0000] {dag.py:3089} INFO - Sync 1 DAGs
[2026-07-20T06:34:37.838+0000] {logging_mixin.py:188} INFO - [2026-07-20T06:34:37.838+0000] {dag.py:3947} INFO - Setting next_dagrun for tutorial_objectstorage to None, run_after=None
[2026-07-20T06:34:37.855+0000] {processor.py:183} INFO - Processing /workspaces/recomart-recommendation-pipeline/airflow_venv/lib/python3.12/site-packages/airflow/example_dags/tutorial_objectstorage.py took 0.051 seconds
[2026-07-20T06:35:31.115+0000] {processor.py:161} INFO - Started process (PID=77458) to work on /workspaces/recomart-recommendation-pipeline/airflow_venv/lib/python3.12/site-packages/airflow/example_dags/tutorial_objectstorage.py
[2026-07-20T06:35:31.115+0000] {processor.py:830} INFO - Processing file /workspaces/recomart-recommendation-pipeline/airflow_venv/lib/python3.12/site-packages/airflow/example_dags/tutorial_objectstorage.py for tasks to queue
[2026-07-20T06:35:31.117+0000] {logging_mixin.py:188} INFO - [2026-07-20T06:35:31.116+0000] {dagbag.py:545} INFO - Filling up the DagBag from /workspaces/recomart-recommendation-pipeline/airflow_venv/lib/python3.12/site-packages/airflow/example_dags/tutorial_objectstorage.py
[2026-07-20T06:35:31.122+0000] {processor.py:840} INFO - DAG(s) 'tutorial_objectstorage' retrieved from /workspaces/recomart-recommendation-pipeline/airflow_venv/lib/python3.12/site-packages/airflow/example_dags/tutorial_objectstorage.py
[2026-07-20T06:35:31.136+0000] {logging_mixin.py:188} INFO - [2026-07-20T06:35:31.136+0000] {dag.py:3089} INFO - Sync 1 DAGs
[2026-07-20T06:35:31.145+0000] {logging_mixin.py:188} INFO - [2026-07-20T06:35:31.145+0000] {dag.py:3947} INFO - Setting next_dagrun for tutorial_objectstorage to None, run_after=None
[2026-07-20T06:35:31.164+0000] {processor.py:183} INFO - Processing /workspaces/recomart-recommendation-pipeline/airflow_venv/lib/python3.12/site-packages/airflow/example_dags/tutorial_objectstorage.py took 0.053 seconds
[2026-07-20T06:36:23.684+0000] {processor.py:161} INFO - Started process (PID=78442) to work on /workspaces/recomart-recommendation-pipeline/airflow_venv/lib/python3.12/site-packages/airflow/example_dags/tutorial_objectstorage.py
[2026-07-20T06:36:23.684+0000] {processor.py:830} INFO - Processing file /workspaces/recomart-recommendation-pipeline/airflow_venv/lib/python3.12/site-packages/airflow/example_dags/tutorial_objectstorage.py for tasks to queue
[2026-07-20T06:36:23.686+0000] {logging_mixin.py:188} INFO - [2026-07-20T06:36:23.685+0000] {dagbag.py:545} INFO - Filling up the DagBag from /workspaces/recomart-recommendation-pipeline/airflow_venv/lib/python3.12/site-packages/airflow/example_dags/tutorial_objectstorage.py
[2026-07-20T06:36:23.691+0000] {processor.py:840} INFO - DAG(s) 'tutorial_objectstorage' retrieved from /workspaces/recomart-recommendation-pipeline/airflow_venv/lib/python3.12/site-packages/airflow/example_dags/tutorial_objectstorage.py
[2026-07-20T06:36:23.702+0000] {logging_mixin.py:188} INFO - [2026-07-20T06:36:23.702+0000] {dag.py:3089} INFO - Sync 1 DAGs
[2026-07-20T06:36:23.711+0000] {logging_mixin.py:188} INFO - [2026-07-20T06:36:23.711+0000] {dag.py:3947} INFO - Setting next_dagrun for tutorial_objectstorage to None, run_after=None
[2026-07-20T06:36:23.727+0000] {processor.py:183} INFO - Processing /workspaces/recomart-recommendation-pipeline/airflow_venv/lib/python3.12/site-packages/airflow/example_dags/tutorial_objectstorage.py took 0.048 seconds
[2026-07-20T06:37:14.076+0000] {processor.py:161} INFO - Started process (PID=78928) to work on /workspaces/recomart-recommendation-pipeline/airflow_venv/lib/python3.12/site-packages/airflow/example_dags/tutorial_objectstorage.py
[2026-07-20T06:37:14.077+0000] {processor.py:830} INFO - Processing file /workspaces/recomart-recommendation-pipeline/airflow_venv/lib/python3.12/site-packages/airflow/example_dags/tutorial_objectstorage.py for tasks to queue
[2026-07-20T06:37:14.079+0000] {logging_mixin.py:188} INFO - [2026-07-20T06:37:14.078+0000] {dagbag.py:545} INFO - Filling up the DagBag from /workspaces/recomart-recommendation-pipeline/airflow_venv/lib/python3.12/site-packages/airflow/example_dags/tutorial_objectstorage.py
[2026-07-20T06:37:14.086+0000] {processor.py:840} INFO - DAG(s) 'tutorial_objectstorage' retrieved from /workspaces/recomart-recommendation-pipeline/airflow_venv/lib/python3.12/site-packages/airflow/example_dags/tutorial_objectstorage.py
[2026-07-20T06:37:14.099+0000] {logging_mixin.py:188} INFO - [2026-07-20T06:37:14.099+0000] {dag.py:3089} INFO - Sync 1 DAGs
[2026-07-20T06:37:14.107+0000] {logging_mixin.py:188} INFO - [2026-07-20T06:37:14.107+0000] {dag.py:3947} INFO - Setting next_dagrun for tutorial_objectstorage to None, run_after=None
[2026-07-20T06:37:14.125+0000] {processor.py:183} INFO - Processing /workspaces/recomart-recommendation-pipeline/airflow_venv/lib/python3.12/site-packages/airflow/example_dags/tutorial_objectstorage.py took 0.055 seconds
[2026-07-20T06:37:58.483+0000] {processor.py:161} INFO - Started process (PID=79327) to work on /workspaces/recomart-recommendation-pipeline/airflow_venv/lib/python3.12/site-packages/airflow/example_dags/tutorial_objectstorage.py
[2026-07-20T06:37:58.484+0000] {processor.py:830} INFO - Processing file /workspaces/recomart-recommendation-pipeline/airflow_venv/lib/python3.12/site-packages/airflow/example_dags/tutorial_objectstorage.py for tasks to queue
[2026-07-20T06:37:58.486+0000] {logging_mixin.py:188} INFO - [2026-07-20T06:37:58.485+0000] {dagbag.py:545} INFO - Filling up the DagBag from /workspaces/recomart-recommendation-pipeline/airflow_venv/lib/python3.12/site-packages/airflow/example_dags/tutorial_objectstorage.py
[2026-07-20T06:37:58.494+0000] {processor.py:840} INFO - DAG(s) 'tutorial_objectstorage' retrieved from /workspaces/recomart-recommendation-pipeline/airflow_venv/lib/python3.12/site-packages/airflow/example_dags/tutorial_objectstorage.py
[2026-07-20T06:37:58.510+0000] {logging_mixin.py:188} INFO - [2026-07-20T06:37:58.510+0000] {dag.py:3089} INFO - Sync 1 DAGs
[2026-07-20T06:37:58.523+0000] {logging_mixin.py:188} INFO - [2026-07-20T06:37:58.523+0000] {dag.py:3947} INFO - Setting next_dagrun for tutorial_objectstorage to None, run_after=None
[2026-07-20T06:37:58.573+0000] {processor.py:183} INFO - Processing /workspaces/recomart-recommendation-pipeline/airflow_venv/lib/python3.12/site-packages/airflow/example_dags/tutorial_objectstorage.py took 0.100 seconds
[2026-07-20T06:38:47.447+0000] {processor.py:161} INFO - Started process (PID=79730) to work on /workspaces/recomart-recommendation-pipeline/airflow_venv/lib/python3.12/site-packages/airflow/example_dags/tutorial_objectstorage.py
[2026-07-20T06:38:47.448+0000] {processor.py:830} INFO - Processing file /workspaces/recomart-recommendation-pipeline/airflow_venv/lib/python3.12/site-packages/airflow/example_dags/tutorial_objectstorage.py for tasks to queue
[2026-07-20T06:38:47.449+0000] {logging_mixin.py:188} INFO - [2026-07-20T06:38:47.449+0000] {dagbag.py:545} INFO - Filling up the DagBag from /workspaces/recomart-recommendation-pipeline/airflow_venv/lib/python3.12/site-packages/airflow/example_dags/tutorial_objectstorage.py
[2026-07-20T06:38:47.455+0000] {processor.py:840} INFO - DAG(s) 'tutorial_objectstorage' retrieved from /workspaces/recomart-recommendation-pipeline/airflow_venv/lib/python3.12/site-packages/airflow/example_dags/tutorial_objectstorage.py
[2026-07-20T06:38:47.467+0000] {logging_mixin.py:188} INFO - [2026-07-20T06:38:47.466+0000] {dag.py:3089} INFO - Sync 1 DAGs
[2026-07-20T06:38:47.478+0000] {logging_mixin.py:188} INFO - [2026-07-20T06:38:47.478+0000] {dag.py:3947} INFO - Setting next_dagrun for tutorial_objectstorage to None, run_after=None
[2026-07-20T06:38:47.496+0000] {processor.py:183} INFO - Processing /workspaces/recomart-recommendation-pipeline/airflow_venv/lib/python3.12/site-packages/airflow/example_dags/tutorial_objectstorage.py took 0.053 seconds
[2026-07-20T06:39:33.615+0000] {processor.py:161} INFO - Started process (PID=80070) to work on /workspaces/recomart-recommendation-pipeline/airflow_venv/lib/python3.12/site-packages/airflow/example_dags/tutorial_objectstorage.py
[2026-07-20T06:39:33.615+0000] {processor.py:830} INFO - Processing file /workspaces/recomart-recommendation-pipeline/airflow_venv/lib/python3.12/site-packages/airflow/example_dags/tutorial_objectstorage.py for tasks to queue
[2026-07-20T06:39:33.617+0000] {logging_mixin.py:188} INFO - [2026-07-20T06:39:33.616+0000] {dagbag.py:545} INFO - Filling up the DagBag from /workspaces/recomart-recommendation-pipeline/airflow_venv/lib/python3.12/site-packages/airflow/example_dags/tutorial_objectstorage.py
[2026-07-20T06:39:33.623+0000] {processor.py:840} INFO - DAG(s) 'tutorial_objectstorage' retrieved from /workspaces/recomart-recommendation-pipeline/airflow_venv/lib/python3.12/site-packages/airflow/example_dags/tutorial_objectstorage.py
[2026-07-20T06:39:33.633+0000] {logging_mixin.py:188} INFO - [2026-07-20T06:39:33.633+0000] {dag.py:3089} INFO - Sync 1 DAGs
[2026-07-20T06:39:33.642+0000] {logging_mixin.py:188} INFO - [2026-07-20T06:39:33.642+0000] {dag.py:3947} INFO - Setting next_dagrun for tutorial_objectstorage to None, run_after=None
[2026-07-20T06:39:33.759+0000] {processor.py:183} INFO - Processing /workspaces/recomart-recommendation-pipeline/airflow_venv/lib/python3.12/site-packages/airflow/example_dags/tutorial_objectstorage.py took 0.149 seconds
[2026-07-20T06:40:25.866+0000] {processor.py:161} INFO - Started process (PID=80507) to work on /workspaces/recomart-recommendation-pipeline/airflow_venv/lib/python3.12/site-packages/airflow/example_dags/tutorial_objectstorage.py
[2026-07-20T06:40:25.867+0000] {processor.py:830} INFO - Processing file /workspaces/recomart-recommendation-pipeline/airflow_venv/lib/python3.12/site-packages/airflow/example_dags/tutorial_objectstorage.py for tasks to queue
[2026-07-20T06:40:25.869+0000] {logging_mixin.py:188} INFO - [2026-07-20T06:40:25.868+0000] {dagbag.py:545} INFO - Filling up the DagBag from /workspaces/recomart-recommendation-pipeline/airflow_venv/lib/python3.12/site-packages/airflow/example_dags/tutorial_objectstorage.py
[2026-07-20T06:40:25.876+0000] {processor.py:840} INFO - DAG(s) 'tutorial_objectstorage' retrieved from /workspaces/recomart-recommendation-pipeline/airflow_venv/lib/python3.12/site-packages/airflow/example_dags/tutorial_objectstorage.py
[2026-07-20T06:40:25.891+0000] {logging_mixin.py:188} INFO - [2026-07-20T06:40:25.891+0000] {dag.py:3089} INFO - Sync 1 DAGs
[2026-07-20T06:40:25.900+0000] {logging_mixin.py:188} INFO - [2026-07-20T06:40:25.900+0000] {dag.py:3947} INFO - Setting next_dagrun for tutorial_objectstorage to None, run_after=None
[2026-07-20T06:40:25.917+0000] {processor.py:183} INFO - Processing /workspaces/recomart-recommendation-pipeline/airflow_venv/lib/python3.12/site-packages/airflow/example_dags/tutorial_objectstorage.py took 0.055 seconds
[2026-07-20T06:41:12.627+0000] {processor.py:161} INFO - Started process (PID=80970) to work on /workspaces/recomart-recommendation-pipeline/airflow_venv/lib/python3.12/site-packages/airflow/example_dags/tutorial_objectstorage.py
[2026-07-20T06:41:12.627+0000] {processor.py:830} INFO - Processing file /workspaces/recomart-recommendation-pipeline/airflow_venv/lib/python3.12/site-packages/airflow/example_dags/tutorial_objectstorage.py for tasks to queue
[2026-07-20T06:41:12.629+0000] {logging_mixin.py:188} INFO - [2026-07-20T06:41:12.629+0000] {dagbag.py:545} INFO - Filling up the DagBag from /workspaces/recomart-recommendation-pipeline/airflow_venv/lib/python3.12/site-packages/airflow/example_dags/tutorial_objectstorage.py
[2026-07-20T06:41:12.635+0000] {processor.py:840} INFO - DAG(s) 'tutorial_objectstorage' retrieved from /workspaces/recomart-recommendation-pipeline/airflow_venv/lib/python3.12/site-packages/airflow/example_dags/tutorial_objectstorage.py
[2026-07-20T06:41:12.647+0000] {logging_mixin.py:188} INFO - [2026-07-20T06:41:12.647+0000] {dag.py:3089} INFO - Sync 1 DAGs
[2026-07-20T06:41:12.656+0000] {logging_mixin.py:188} INFO - [2026-07-20T06:41:12.656+0000] {dag.py:3947} INFO - Setting next_dagrun for tutorial_objectstorage to None, run_after=None
[2026-07-20T06:41:12.674+0000] {processor.py:183} INFO - Processing /workspaces/recomart-recommendation-pipeline/airflow_venv/lib/python3.12/site-packages/airflow/example_dags/tutorial_objectstorage.py took 0.052 seconds
[2026-07-20T06:41:59.768+0000] {processor.py:161} INFO - Started process (PID=81365) to work on /workspaces/recomart-recommendation-pipeline/airflow_venv/lib/python3.12/site-packages/airflow/example_dags/tutorial_objectstorage.py
[2026-07-20T06:41:59.769+0000] {processor.py:830} INFO - Processing file /workspaces/recomart-recommendation-pipeline/airflow_venv/lib/python3.12/site-packages/airflow/example_dags/tutorial_objectstorage.py for tasks to queue
[2026-07-20T06:41:59.770+0000] {logging_mixin.py:188} INFO - [2026-07-20T06:41:59.770+0000] {dagbag.py:545} INFO - Filling up the DagBag from /workspaces/recomart-recommendation-pipeline/airflow_venv/lib/python3.12/site-packages/airflow/example_dags/tutorial_objectstorage.py
[2026-07-20T06:41:59.777+0000] {processor.py:840} INFO - DAG(s) 'tutorial_objectstorage' retrieved from /workspaces/recomart-recommendation-pipeline/airflow_venv/lib/python3.12/site-packages/airflow/example_dags/tutorial_objectstorage.py
[2026-07-20T06:41:59.792+0000] {logging_mixin.py:188} INFO - [2026-07-20T06:41:59.792+0000] {dag.py:3089} INFO - Sync 1 DAGs
[2026-07-20T06:41:59.800+0000] {logging_mixin.py:188} INFO - [2026-07-20T06:41:59.800+0000] {dag.py:3947} INFO - Setting next_dagrun for tutorial_objectstorage to None, run_after=None
[2026-07-20T06:41:59.817+0000] {processor.py:183} INFO - Processing /workspaces/recomart-recommendation-pipeline/airflow_venv/lib/python3.12/site-packages/airflow/example_dags/tutorial_objectstorage.py took 0.055 seconds
[2026-07-20T06:42:46.044+0000] {processor.py:161} INFO - Started process (PID=81772) to work on /workspaces/recomart-recommendation-pipeline/airflow_venv/lib/python3.12/site-packages/airflow/example_dags/tutorial_objectstorage.py
[2026-07-20T06:42:46.045+0000] {processor.py:830} INFO - Processing file /workspaces/recomart-recommendation-pipeline/airflow_venv/lib/python3.12/site-packages/airflow/example_dags/tutorial_objectstorage.py for tasks to queue
[2026-07-20T06:42:46.046+0000] {logging_mixin.py:188} INFO - [2026-07-20T06:42:46.046+0000] {dagbag.py:545} INFO - Filling up the DagBag from /workspaces/recomart-recommendation-pipeline/airflow_venv/lib/python3.12/site-packages/airflow/example_dags/tutorial_objectstorage.py
[2026-07-20T06:42:46.052+0000] {processor.py:840} INFO - DAG(s) 'tutorial_objectstorage' retrieved from /workspaces/recomart-recommendation-pipeline/airflow_venv/lib/python3.12/site-packages/airflow/example_dags/tutorial_objectstorage.py
[2026-07-20T06:42:46.069+0000] {logging_mixin.py:188} INFO - [2026-07-20T06:42:46.069+0000] {dag.py:3089} INFO - Sync 1 DAGs
[2026-07-20T06:42:46.082+0000] {logging_mixin.py:188} INFO - [2026-07-20T06:42:46.082+0000] {dag.py:3947} INFO - Setting next_dagrun for tutorial_objectstorage to None, run_after=None
[2026-07-20T06:42:46.101+0000] {processor.py:183} INFO - Processing /workspaces/recomart-recommendation-pipeline/airflow_venv/lib/python3.12/site-packages/airflow/example_dags/tutorial_objectstorage.py took 0.062 seconds
[2026-07-20T06:43:34.281+0000] {processor.py:161} INFO - Started process (PID=82103) to work on /workspaces/recomart-recommendation-pipeline/airflow_venv/lib/python3.12/site-packages/airflow/example_dags/tutorial_objectstorage.py
[2026-07-20T06:43:34.282+0000] {processor.py:830} INFO - Processing file /workspaces/recomart-recommendation-pipeline/airflow_venv/lib/python3.12/site-packages/airflow/example_dags/tutorial_objectstorage.py for tasks to queue
[2026-07-20T06:43:34.284+0000] {logging_mixin.py:188} INFO - [2026-07-20T06:43:34.283+0000] {dagbag.py:545} INFO - Filling up the DagBag from /workspaces/recomart-recommendation-pipeline/airflow_venv/lib/python3.12/site-packages/airflow/example_dags/tutorial_objectstorage.py
[2026-07-20T06:43:34.291+0000] {processor.py:840} INFO - DAG(s) 'tutorial_objectstorage' retrieved from /workspaces/recomart-recommendation-pipeline/airflow_venv/lib/python3.12/site-packages/airflow/example_dags/tutorial_objectstorage.py
[2026-07-20T06:43:34.302+0000] {logging_mixin.py:188} INFO - [2026-07-20T06:43:34.302+0000] {dag.py:3089} INFO - Sync 1 DAGs
[2026-07-20T06:43:34.311+0000] {logging_mixin.py:188} INFO - [2026-07-20T06:43:34.311+0000] {dag.py:3947} INFO - Setting next_dagrun for tutorial_objectstorage to None, run_after=None
[2026-07-20T06:43:34.327+0000] {processor.py:183} INFO - Processing /workspaces/recomart-recommendation-pipeline/airflow_venv/lib/python3.12/site-packages/airflow/example_dags/tutorial_objectstorage.py took 0.052 seconds
[2026-07-20T06:44:24.134+0000] {processor.py:161} INFO - Started process (PID=82528) to work on /workspaces/recomart-recommendation-pipeline/airflow_venv/lib/python3.12/site-packages/airflow/example_dags/tutorial_objectstorage.py
[2026-07-20T06:44:24.134+0000] {processor.py:830} INFO - Processing file /workspaces/recomart-recommendation-pipeline/airflow_venv/lib/python3.12/site-packages/airflow/example_dags/tutorial_objectstorage.py for tasks to queue
[2026-07-20T06:44:24.136+0000] {logging_mixin.py:188} INFO - [2026-07-20T06:44:24.135+0000] {dagbag.py:545} INFO - Filling up the DagBag from /workspaces/recomart-recommendation-pipeline/airflow_venv/lib/python3.12/site-packages/airflow/example_dags/tutorial_objectstorage.py
[2026-07-20T06:44:24.141+0000] {processor.py:840} INFO - DAG(s) 'tutorial_objectstorage' retrieved from /workspaces/recomart-recommendation-pipeline/airflow_venv/lib/python3.12/site-packages/airflow/example_dags/tutorial_objectstorage.py
[2026-07-20T06:44:24.152+0000] {logging_mixin.py:188} INFO - [2026-07-20T06:44:24.152+0000] {dag.py:3089} INFO - Sync 1 DAGs
[2026-07-20T06:44:24.161+0000] {logging_mixin.py:188} INFO - [2026-07-20T06:44:24.161+0000] {dag.py:3947} INFO - Setting next_dagrun for tutorial_objectstorage to None, run_after=None
[2026-07-20T06:44:24.186+0000] {processor.py:183} INFO - Processing /workspaces/recomart-recommendation-pipeline/airflow_venv/lib/python3.12/site-packages/airflow/example_dags/tutorial_objectstorage.py took 0.057 seconds
[2026-07-20T06:45:05.576+0000] {processor.py:161} INFO - Started process (PID=82898) to work on /workspaces/recomart-recommendation-pipeline/airflow_venv/lib/python3.12/site-packages/airflow/example_dags/tutorial_objectstorage.py
[2026-07-20T06:45:05.577+0000] {processor.py:830} INFO - Processing file /workspaces/recomart-recommendation-pipeline/airflow_venv/lib/python3.12/site-packages/airflow/example_dags/tutorial_objectstorage.py for tasks to queue
[2026-07-20T06:45:05.579+0000] {logging_mixin.py:188} INFO - [2026-07-20T06:45:05.579+0000] {dagbag.py:545} INFO - Filling up the DagBag from /workspaces/recomart-recommendation-pipeline/airflow_venv/lib/python3.12/site-packages/airflow/example_dags/tutorial_objectstorage.py
[2026-07-20T06:45:05.587+0000] {processor.py:840} INFO - DAG(s) 'tutorial_objectstorage' retrieved from /workspaces/recomart-recommendation-pipeline/airflow_venv/lib/python3.12/site-packages/airflow/example_dags/tutorial_objectstorage.py
[2026-07-20T06:45:05.600+0000] {logging_mixin.py:188} INFO - [2026-07-20T06:45:05.599+0000] {dag.py:3089} INFO - Sync 1 DAGs
[2026-07-20T06:45:05.609+0000] {logging_mixin.py:188} INFO - [2026-07-20T06:45:05.608+0000] {dag.py:3947} INFO - Setting next_dagrun for tutorial_objectstorage to None, run_after=None
[2026-07-20T06:45:05.626+0000] {processor.py:183} INFO - Processing /workspaces/recomart-recommendation-pipeline/airflow_venv/lib/python3.12/site-packages/airflow/example_dags/tutorial_objectstorage.py took 0.056 seconds
[2026-07-20T06:45:46.843+0000] {processor.py:161} INFO - Started process (PID=83313) to work on /workspaces/recomart-recommendation-pipeline/airflow_venv/lib/python3.12/site-packages/airflow/example_dags/tutorial_objectstorage.py
[2026-07-20T06:45:46.843+0000] {processor.py:830} INFO - Processing file /workspaces/recomart-recommendation-pipeline/airflow_venv/lib/python3.12/site-packages/airflow/example_dags/tutorial_objectstorage.py for tasks to queue
[2026-07-20T06:45:46.845+0000] {logging_mixin.py:188} INFO - [2026-07-20T06:45:46.845+0000] {dagbag.py:545} INFO - Filling up the DagBag from /workspaces/recomart-recommendation-pipeline/airflow_venv/lib/python3.12/site-packages/airflow/example_dags/tutorial_objectstorage.py
[2026-07-20T06:45:46.851+0000] {processor.py:840} INFO - DAG(s) 'tutorial_objectstorage' retrieved from /workspaces/recomart-recommendation-pipeline/airflow_venv/lib/python3.12/site-packages/airflow/example_dags/tutorial_objectstorage.py
[2026-07-20T06:45:46.862+0000] {logging_mixin.py:188} INFO - [2026-07-20T06:45:46.862+0000] {dag.py:3089} INFO - Sync 1 DAGs
[2026-07-20T06:45:46.871+0000] {logging_mixin.py:188} INFO - [2026-07-20T06:45:46.871+0000] {dag.py:3947} INFO - Setting next_dagrun for tutorial_objectstorage to None, run_after=None
[2026-07-20T06:45:46.891+0000] {processor.py:183} INFO - Processing /workspaces/recomart-recommendation-pipeline/airflow_venv/lib/python3.12/site-packages/airflow/example_dags/tutorial_objectstorage.py took 0.053 seconds
[2026-07-20T06:46:33.291+0000] {processor.py:161} INFO - Started process (PID=83664) to work on /workspaces/recomart-recommendation-pipeline/airflow_venv/lib/python3.12/site-packages/airflow/example_dags/tutorial_objectstorage.py
[2026-07-20T06:46:33.294+0000] {processor.py:830} INFO - Processing file /workspaces/recomart-recommendation-pipeline/airflow_venv/lib/python3.12/site-packages/airflow/example_dags/tutorial_objectstorage.py for tasks to queue
[2026-07-20T06:46:33.297+0000] {logging_mixin.py:188} INFO - [2026-07-20T06:46:33.297+0000] {dagbag.py:545} INFO - Filling up the DagBag from /workspaces/recomart-recommendation-pipeline/airflow_venv/lib/python3.12/site-packages/airflow/example_dags/tutorial_objectstorage.py
[2026-07-20T06:46:33.312+0000] {processor.py:840} INFO - DAG(s) 'tutorial_objectstorage' retrieved from /workspaces/recomart-recommendation-pipeline/airflow_venv/lib/python3.12/site-packages/airflow/example_dags/tutorial_objectstorage.py
[2026-07-20T06:46:33.329+0000] {logging_mixin.py:188} INFO - [2026-07-20T06:46:33.328+0000] {dag.py:3089} INFO - Sync 1 DAGs
[2026-07-20T06:46:33.342+0000] {logging_mixin.py:188} INFO - [2026-07-20T06:46:33.342+0000] {dag.py:3947} INFO - Setting next_dagrun for tutorial_objectstorage to None, run_after=None
[2026-07-20T06:46:33.366+0000] {processor.py:183} INFO - Processing /workspaces/recomart-recommendation-pipeline/airflow_venv/lib/python3.12/site-packages/airflow/example_dags/tutorial_objectstorage.py took 0.081 seconds
[2026-07-20T06:47:15.028+0000] {processor.py:161} INFO - Started process (PID=84025) to work on /workspaces/recomart-recommendation-pipeline/airflow_venv/lib/python3.12/site-packages/airflow/example_dags/tutorial_objectstorage.py
[2026-07-20T06:47:15.029+0000] {processor.py:830} INFO - Processing file /workspaces/recomart-recommendation-pipeline/airflow_venv/lib/python3.12/site-packages/airflow/example_dags/tutorial_objectstorage.py for tasks to queue
[2026-07-20T06:47:15.030+0000] {logging_mixin.py:188} INFO - [2026-07-20T06:47:15.030+0000] {dagbag.py:545} INFO - Filling up the DagBag from /workspaces/recomart-recommendation-pipeline/airflow_venv/lib/python3.12/site-packages/airflow/example_dags/tutorial_objectstorage.py
[2026-07-20T06:47:15.036+0000] {processor.py:840} INFO - DAG(s) 'tutorial_objectstorage' retrieved from /workspaces/recomart-recommendation-pipeline/airflow_venv/lib/python3.12/site-packages/airflow/example_dags/tutorial_objectstorage.py
[2026-07-20T06:47:15.047+0000] {logging_mixin.py:188} INFO - [2026-07-20T06:47:15.047+0000] {dag.py:3089} INFO - Sync 1 DAGs
[2026-07-20T06:47:15.056+0000] {logging_mixin.py:188} INFO - [2026-07-20T06:47:15.056+0000] {dag.py:3947} INFO - Setting next_dagrun for tutorial_objectstorage to None, run_after=None
[2026-07-20T06:47:15.074+0000] {processor.py:183} INFO - Processing /workspaces/recomart-recommendation-pipeline/airflow_venv/lib/python3.12/site-packages/airflow/example_dags/tutorial_objectstorage.py took 0.050 seconds
[2026-07-20T06:47:57.561+0000] {processor.py:161} INFO - Started process (PID=84395) to work on /workspaces/recomart-recommendation-pipeline/airflow_venv/lib/python3.12/site-packages/airflow/example_dags/tutorial_objectstorage.py
[2026-07-20T06:47:57.562+0000] {processor.py:830} INFO - Processing file /workspaces/recomart-recommendation-pipeline/airflow_venv/lib/python3.12/site-packages/airflow/example_dags/tutorial_objectstorage.py for tasks to queue
[2026-07-20T06:47:57.564+0000] {logging_mixin.py:188} INFO - [2026-07-20T06:47:57.563+0000] {dagbag.py:545} INFO - Filling up the DagBag from /workspaces/recomart-recommendation-pipeline/airflow_venv/lib/python3.12/site-packages/airflow/example_dags/tutorial_objectstorage.py
[2026-07-20T06:47:57.571+0000] {processor.py:840} INFO - DAG(s) 'tutorial_objectstorage' retrieved from /workspaces/recomart-recommendation-pipeline/airflow_venv/lib/python3.12/site-packages/airflow/example_dags/tutorial_objectstorage.py
[2026-07-20T06:47:57.584+0000] {logging_mixin.py:188} INFO - [2026-07-20T06:47:57.584+0000] {dag.py:3089} INFO - Sync 1 DAGs
[2026-07-20T06:47:57.596+0000] {logging_mixin.py:188} INFO - [2026-07-20T06:47:57.595+0000] {dag.py:3947} INFO - Setting next_dagrun for tutorial_objectstorage to None, run_after=None
[2026-07-20T06:47:57.616+0000] {processor.py:183} INFO - Processing /workspaces/recomart-recommendation-pipeline/airflow_venv/lib/python3.12/site-packages/airflow/example_dags/tutorial_objectstorage.py took 0.059 seconds
[2026-07-20T06:48:38.929+0000] {processor.py:161} INFO - Started process (PID=84687) to work on /workspaces/recomart-recommendation-pipeline/airflow_venv/lib/python3.12/site-packages/airflow/example_dags/tutorial_objectstorage.py
[2026-07-20T06:48:38.930+0000] {processor.py:830} INFO - Processing file /workspaces/recomart-recommendation-pipeline/airflow_venv/lib/python3.12/site-packages/airflow/example_dags/tutorial_objectstorage.py for tasks to queue
[2026-07-20T06:48:38.932+0000] {logging_mixin.py:188} INFO - [2026-07-20T06:48:38.931+0000] {dagbag.py:545} INFO - Filling up the DagBag from /workspaces/recomart-recommendation-pipeline/airflow_venv/lib/python3.12/site-packages/airflow/example_dags/tutorial_objectstorage.py
[2026-07-20T06:48:38.937+0000] {processor.py:840} INFO - DAG(s) 'tutorial_objectstorage' retrieved from /workspaces/recomart-recommendation-pipeline/airflow_venv/lib/python3.12/site-packages/airflow/example_dags/tutorial_objectstorage.py
[2026-07-20T06:48:38.949+0000] {logging_mixin.py:188} INFO - [2026-07-20T06:48:38.949+0000] {dag.py:3089} INFO - Sync 1 DAGs
[2026-07-20T06:48:38.960+0000] {logging_mixin.py:188} INFO - [2026-07-20T06:48:38.960+0000] {dag.py:3947} INFO - Setting next_dagrun for tutorial_objectstorage to None, run_after=None
[2026-07-20T06:48:39.011+0000] {processor.py:183} INFO - Processing /workspaces/recomart-recommendation-pipeline/airflow_venv/lib/python3.12/site-packages/airflow/example_dags/tutorial_objectstorage.py took 0.086 seconds
[2026-07-20T06:49:20.621+0000] {processor.py:161} INFO - Started process (PID=85174) to work on /workspaces/recomart-recommendation-pipeline/airflow_venv/lib/python3.12/site-packages/airflow/example_dags/tutorial_objectstorage.py
[2026-07-20T06:49:20.623+0000] {processor.py:830} INFO - Processing file /workspaces/recomart-recommendation-pipeline/airflow_venv/lib/python3.12/site-packages/airflow/example_dags/tutorial_objectstorage.py for tasks to queue
[2026-07-20T06:49:20.626+0000] {logging_mixin.py:188} INFO - [2026-07-20T06:49:20.625+0000] {dagbag.py:545} INFO - Filling up the DagBag from /workspaces/recomart-recommendation-pipeline/airflow_venv/lib/python3.12/site-packages/airflow/example_dags/tutorial_objectstorage.py
[2026-07-20T06:49:20.635+0000] {processor.py:840} INFO - DAG(s) 'tutorial_objectstorage' retrieved from /workspaces/recomart-recommendation-pipeline/airflow_venv/lib/python3.12/site-packages/airflow/example_dags/tutorial_objectstorage.py
[2026-07-20T06:49:20.647+0000] {logging_mixin.py:188} INFO - [2026-07-20T06:49:20.647+0000] {dag.py:3089} INFO - Sync 1 DAGs
[2026-07-20T06:49:20.656+0000] {logging_mixin.py:188} INFO - [2026-07-20T06:49:20.656+0000] {dag.py:3947} INFO - Setting next_dagrun for tutorial_objectstorage to None, run_after=None
[2026-07-20T06:49:20.674+0000] {processor.py:183} INFO - Processing /workspaces/recomart-recommendation-pipeline/airflow_venv/lib/python3.12/site-packages/airflow/example_dags/tutorial_objectstorage.py took 0.062 seconds
[2026-07-20T06:50:01.757+0000] {processor.py:161} INFO - Started process (PID=85596) to work on /workspaces/recomart-recommendation-pipeline/airflow_venv/lib/python3.12/site-packages/airflow/example_dags/tutorial_objectstorage.py
[2026-07-20T06:50:01.758+0000] {processor.py:830} INFO - Processing file /workspaces/recomart-recommendation-pipeline/airflow_venv/lib/python3.12/site-packages/airflow/example_dags/tutorial_objectstorage.py for tasks to queue
[2026-07-20T06:50:01.759+0000] {logging_mixin.py:188} INFO - [2026-07-20T06:50:01.759+0000] {dagbag.py:545} INFO - Filling up the DagBag from /workspaces/recomart-recommendation-pipeline/airflow_venv/lib/python3.12/site-packages/airflow/example_dags/tutorial_objectstorage.py
[2026-07-20T06:50:01.765+0000] {processor.py:840} INFO - DAG(s) 'tutorial_objectstorage' retrieved from /workspaces/recomart-recommendation-pipeline/airflow_venv/lib/python3.12/site-packages/airflow/example_dags/tutorial_objectstorage.py
[2026-07-20T06:50:01.780+0000] {logging_mixin.py:188} INFO - [2026-07-20T06:50:01.779+0000] {dag.py:3089} INFO - Sync 1 DAGs
[2026-07-20T06:50:01.791+0000] {logging_mixin.py:188} INFO - [2026-07-20T06:50:01.791+0000] {dag.py:3947} INFO - Setting next_dagrun for tutorial_objectstorage to None, run_after=None
[2026-07-20T06:50:01.815+0000] {processor.py:183} INFO - Processing /workspaces/recomart-recommendation-pipeline/airflow_venv/lib/python3.12/site-packages/airflow/example_dags/tutorial_objectstorage.py took 0.063 seconds
[2026-07-20T06:50:46.910+0000] {processor.py:161} INFO - Started process (PID=86120) to work on /workspaces/recomart-recommendation-pipeline/airflow_venv/lib/python3.12/site-packages/airflow/example_dags/tutorial_objectstorage.py
[2026-07-20T06:50:46.911+0000] {processor.py:830} INFO - Processing file /workspaces/recomart-recommendation-pipeline/airflow_venv/lib/python3.12/site-packages/airflow/example_dags/tutorial_objectstorage.py for tasks to queue
[2026-07-20T06:50:46.913+0000] {logging_mixin.py:188} INFO - [2026-07-20T06:50:46.913+0000] {dagbag.py:545} INFO - Filling up the DagBag from /workspaces/recomart-recommendation-pipeline/airflow_venv/lib/python3.12/site-packages/airflow/example_dags/tutorial_objectstorage.py
[2026-07-20T06:50:46.921+0000] {processor.py:840} INFO - DAG(s) 'tutorial_objectstorage' retrieved from /workspaces/recomart-recommendation-pipeline/airflow_venv/lib/python3.12/site-packages/airflow/example_dags/tutorial_objectstorage.py
[2026-07-20T06:50:46.937+0000] {logging_mixin.py:188} INFO - [2026-07-20T06:50:46.937+0000] {dag.py:3089} INFO - Sync 1 DAGs
[2026-07-20T06:50:46.950+0000] {logging_mixin.py:188} INFO - [2026-07-20T06:50:46.950+0000] {dag.py:3947} INFO - Setting next_dagrun for tutorial_objectstorage to None, run_after=None
[2026-07-20T06:50:46.973+0000] {processor.py:183} INFO - Processing /workspaces/recomart-recommendation-pipeline/airflow_venv/lib/python3.12/site-packages/airflow/example_dags/tutorial_objectstorage.py took 0.071 seconds
[2026-07-20T06:51:33.326+0000] {processor.py:161} INFO - Started process (PID=86506) to work on /workspaces/recomart-recommendation-pipeline/airflow_venv/lib/python3.12/site-packages/airflow/example_dags/tutorial_objectstorage.py
[2026-07-20T06:51:33.327+0000] {processor.py:830} INFO - Processing file /workspaces/recomart-recommendation-pipeline/airflow_venv/lib/python3.12/site-packages/airflow/example_dags/tutorial_objectstorage.py for tasks to queue
[2026-07-20T06:51:33.329+0000] {logging_mixin.py:188} INFO - [2026-07-20T06:51:33.329+0000] {dagbag.py:545} INFO - Filling up the DagBag from /workspaces/recomart-recommendation-pipeline/airflow_venv/lib/python3.12/site-packages/airflow/example_dags/tutorial_objectstorage.py
[2026-07-20T06:51:33.338+0000] {processor.py:840} INFO - DAG(s) 'tutorial_objectstorage' retrieved from /workspaces/recomart-recommendation-pipeline/airflow_venv/lib/python3.12/site-packages/airflow/example_dags/tutorial_objectstorage.py
[2026-07-20T06:51:33.354+0000] {logging_mixin.py:188} INFO - [2026-07-20T06:51:33.354+0000] {dag.py:3089} INFO - Sync 1 DAGs
[2026-07-20T06:51:33.367+0000] {logging_mixin.py:188} INFO - [2026-07-20T06:51:33.367+0000] {dag.py:3947} INFO - Setting next_dagrun for tutorial_objectstorage to None, run_after=None
[2026-07-20T06:51:33.421+0000] {processor.py:183} INFO - Processing /workspaces/recomart-recommendation-pipeline/airflow_venv/lib/python3.12/site-packages/airflow/example_dags/tutorial_objectstorage.py took 0.102 seconds
[2026-07-20T06:57:48.851+0000] {processor.py:161} INFO - Started process (PID=89488) to work on /workspaces/recomart-recommendation-pipeline/airflow_venv/lib/python3.12/site-packages/airflow/example_dags/tutorial_objectstorage.py
[2026-07-20T06:57:48.852+0000] {processor.py:830} INFO - Processing file /workspaces/recomart-recommendation-pipeline/airflow_venv/lib/python3.12/site-packages/airflow/example_dags/tutorial_objectstorage.py for tasks to queue
[2026-07-20T06:57:48.853+0000] {logging_mixin.py:188} INFO - [2026-07-20T06:57:48.853+0000] {dagbag.py:545} INFO - Filling up the DagBag from /workspaces/recomart-recommendation-pipeline/airflow_venv/lib/python3.12/site-packages/airflow/example_dags/tutorial_objectstorage.py
[2026-07-20T06:57:48.862+0000] {processor.py:840} INFO - DAG(s) 'tutorial_objectstorage' retrieved from /workspaces/recomart-recommendation-pipeline/airflow_venv/lib/python3.12/site-packages/airflow/example_dags/tutorial_objectstorage.py
[2026-07-20T06:57:48.868+0000] {logging_mixin.py:188} INFO - [2026-07-20T06:57:48.868+0000] {dag.py:3089} INFO - Sync 1 DAGs
[2026-07-20T06:57:48.881+0000] {logging_mixin.py:188} INFO - [2026-07-20T06:57:48.881+0000] {dag.py:3947} INFO - Setting next_dagrun for tutorial_objectstorage to None, run_after=None
[2026-07-20T06:57:48.905+0000] {processor.py:183} INFO - Processing /workspaces/recomart-recommendation-pipeline/airflow_venv/lib/python3.12/site-packages/airflow/example_dags/tutorial_objectstorage.py took 0.058 seconds
[2026-07-20T06:58:44.828+0000] {processor.py:161} INFO - Started process (PID=90035) to work on /workspaces/recomart-recommendation-pipeline/airflow_venv/lib/python3.12/site-packages/airflow/example_dags/tutorial_objectstorage.py
[2026-07-20T06:58:44.829+0000] {processor.py:830} INFO - Processing file /workspaces/recomart-recommendation-pipeline/airflow_venv/lib/python3.12/site-packages/airflow/example_dags/tutorial_objectstorage.py for tasks to queue
[2026-07-20T06:58:44.831+0000] {logging_mixin.py:188} INFO - [2026-07-20T06:58:44.830+0000] {dagbag.py:545} INFO - Filling up the DagBag from /workspaces/recomart-recommendation-pipeline/airflow_venv/lib/python3.12/site-packages/airflow/example_dags/tutorial_objectstorage.py
[2026-07-20T06:58:44.837+0000] {processor.py:840} INFO - DAG(s) 'tutorial_objectstorage' retrieved from /workspaces/recomart-recommendation-pipeline/airflow_venv/lib/python3.12/site-packages/airflow/example_dags/tutorial_objectstorage.py
[2026-07-20T06:58:44.929+0000] {logging_mixin.py:188} INFO - [2026-07-20T06:58:44.929+0000] {dag.py:3089} INFO - Sync 1 DAGs
[2026-07-20T06:58:44.936+0000] {logging_mixin.py:188} INFO - [2026-07-20T06:58:44.936+0000] {dag.py:3947} INFO - Setting next_dagrun for tutorial_objectstorage to None, run_after=None
[2026-07-20T06:58:44.953+0000] {processor.py:183} INFO - Processing /workspaces/recomart-recommendation-pipeline/airflow_venv/lib/python3.12/site-packages/airflow/example_dags/tutorial_objectstorage.py took 0.129 seconds
[2026-07-20T07:00:18.006+0000] {processor.py:161} INFO - Started process (PID=91690) to work on /workspaces/recomart-recommendation-pipeline/airflow_venv/lib/python3.12/site-packages/airflow/example_dags/tutorial_objectstorage.py
[2026-07-20T07:00:18.007+0000] {processor.py:830} INFO - Processing file /workspaces/recomart-recommendation-pipeline/airflow_venv/lib/python3.12/site-packages/airflow/example_dags/tutorial_objectstorage.py for tasks to queue
[2026-07-20T07:00:18.008+0000] {logging_mixin.py:188} INFO - [2026-07-20T07:00:18.008+0000] {dagbag.py:545} INFO - Filling up the DagBag from /workspaces/recomart-recommendation-pipeline/airflow_venv/lib/python3.12/site-packages/airflow/example_dags/tutorial_objectstorage.py
[2026-07-20T07:00:18.014+0000] {processor.py:840} INFO - DAG(s) 'tutorial_objectstorage' retrieved from /workspaces/recomart-recommendation-pipeline/airflow_venv/lib/python3.12/site-packages/airflow/example_dags/tutorial_objectstorage.py
[2026-07-20T07:00:18.025+0000] {logging_mixin.py:188} INFO - [2026-07-20T07:00:18.025+0000] {dag.py:3089} INFO - Sync 1 DAGs
[2026-07-20T07:00:18.034+0000] {logging_mixin.py:188} INFO - [2026-07-20T07:00:18.034+0000] {dag.py:3947} INFO - Setting next_dagrun for tutorial_objectstorage to None, run_after=None
[2026-07-20T07:00:18.051+0000] {processor.py:183} INFO - Processing /workspaces/recomart-recommendation-pipeline/airflow_venv/lib/python3.12/site-packages/airflow/example_dags/tutorial_objectstorage.py took 0.049 seconds
[2026-07-20T07:01:08.555+0000] {processor.py:161} INFO - Started process (PID=92100) to work on /workspaces/recomart-recommendation-pipeline/airflow_venv/lib/python3.12/site-packages/airflow/example_dags/tutorial_objectstorage.py
[2026-07-20T07:01:08.558+0000] {processor.py:830} INFO - Processing file /workspaces/recomart-recommendation-pipeline/airflow_venv/lib/python3.12/site-packages/airflow/example_dags/tutorial_objectstorage.py for tasks to queue
[2026-07-20T07:01:08.560+0000] {logging_mixin.py:188} INFO - [2026-07-20T07:01:08.559+0000] {dagbag.py:545} INFO - Filling up the DagBag from /workspaces/recomart-recommendation-pipeline/airflow_venv/lib/python3.12/site-packages/airflow/example_dags/tutorial_objectstorage.py
[2026-07-20T07:01:08.576+0000] {processor.py:840} INFO - DAG(s) 'tutorial_objectstorage' retrieved from /workspaces/recomart-recommendation-pipeline/airflow_venv/lib/python3.12/site-packages/airflow/example_dags/tutorial_objectstorage.py
[2026-07-20T07:01:08.598+0000] {logging_mixin.py:188} INFO - [2026-07-20T07:01:08.597+0000] {dag.py:3089} INFO - Sync 1 DAGs
[2026-07-20T07:01:08.614+0000] {logging_mixin.py:188} INFO - [2026-07-20T07:01:08.614+0000] {dag.py:3947} INFO - Setting next_dagrun for tutorial_objectstorage to None, run_after=None
[2026-07-20T07:01:08.701+0000] {processor.py:183} INFO - Processing /workspaces/recomart-recommendation-pipeline/airflow_venv/lib/python3.12/site-packages/airflow/example_dags/tutorial_objectstorage.py took 0.152 seconds
