[2026-07-20T05:58:43.345+0000] {processor.py:161} INFO - Started process (PID=57815) to work on /workspaces/recomart-recommendation-pipeline/airflow_venv/lib/python3.12/site-packages/airflow/example_dags/tutorial_taskflow_api.py
[2026-07-20T05:58:43.346+0000] {processor.py:830} INFO - Processing file /workspaces/recomart-recommendation-pipeline/airflow_venv/lib/python3.12/site-packages/airflow/example_dags/tutorial_taskflow_api.py for tasks to queue
[2026-07-20T05:58:43.347+0000] {logging_mixin.py:188} INFO - [2026-07-20T05:58:43.347+0000] {dagbag.py:545} INFO - Filling up the DagBag from /workspaces/recomart-recommendation-pipeline/airflow_venv/lib/python3.12/site-packages/airflow/example_dags/tutorial_taskflow_api.py
[2026-07-20T05:58:43.357+0000] {processor.py:840} INFO - DAG(s) 'tutorial_taskflow_api' retrieved from /workspaces/recomart-recommendation-pipeline/airflow_venv/lib/python3.12/site-packages/airflow/example_dags/tutorial_taskflow_api.py
[2026-07-20T05:58:43.469+0000] {logging_mixin.py:188} INFO - [2026-07-20T05:58:43.468+0000] {override.py:1858} INFO - Created Permission View: can read on DAG:tutorial_taskflow_api
[2026-07-20T05:58:43.488+0000] {logging_mixin.py:188} INFO - [2026-07-20T05:58:43.488+0000] {override.py:1858} INFO - Created Permission View: can edit on DAG:tutorial_taskflow_api
[2026-07-20T05:58:43.497+0000] {logging_mixin.py:188} INFO - [2026-07-20T05:58:43.497+0000] {override.py:1858} INFO - Created Permission View: can delete on DAG:tutorial_taskflow_api
[2026-07-20T05:58:43.498+0000] {logging_mixin.py:188} INFO - [2026-07-20T05:58:43.497+0000] {dag.py:3089} INFO - Sync 1 DAGs
[2026-07-20T05:58:43.507+0000] {logging_mixin.py:188} INFO - [2026-07-20T05:58:43.507+0000] {dag.py:3111} INFO - Creating ORM DAG for tutorial_taskflow_api
[2026-07-20T05:58:43.507+0000] {logging_mixin.py:188} INFO - [2026-07-20T05:58:43.507+0000] {dag.py:3947} INFO - Setting next_dagrun for tutorial_taskflow_api to None, run_after=None
[2026-07-20T05:58:43.524+0000] {processor.py:183} INFO - Processing /workspaces/recomart-recommendation-pipeline/airflow_venv/lib/python3.12/site-packages/airflow/example_dags/tutorial_taskflow_api.py took 0.190 seconds
[2026-07-20T05:59:45.371+0000] {processor.py:161} INFO - Started process (PID=58548) to work on /workspaces/recomart-recommendation-pipeline/airflow_venv/lib/python3.12/site-packages/airflow/example_dags/tutorial_taskflow_api.py
[2026-07-20T05:59:45.372+0000] {processor.py:830} INFO - Processing file /workspaces/recomart-recommendation-pipeline/airflow_venv/lib/python3.12/site-packages/airflow/example_dags/tutorial_taskflow_api.py for tasks to queue
[2026-07-20T05:59:45.374+0000] {logging_mixin.py:188} INFO - [2026-07-20T05:59:45.374+0000] {dagbag.py:545} INFO - Filling up the DagBag from /workspaces/recomart-recommendation-pipeline/airflow_venv/lib/python3.12/site-packages/airflow/example_dags/tutorial_taskflow_api.py
[2026-07-20T05:59:45.381+0000] {processor.py:840} INFO - DAG(s) 'tutorial_taskflow_api' retrieved from /workspaces/recomart-recommendation-pipeline/airflow_venv/lib/python3.12/site-packages/airflow/example_dags/tutorial_taskflow_api.py
[2026-07-20T05:59:45.398+0000] {logging_mixin.py:188} INFO - [2026-07-20T05:59:45.398+0000] {dag.py:3089} INFO - Sync 1 DAGs
[2026-07-20T05:59:45.407+0000] {logging_mixin.py:188} INFO - [2026-07-20T05:59:45.407+0000] {dag.py:3947} INFO - Setting next_dagrun for tutorial_taskflow_api to None, run_after=None
[2026-07-20T05:59:45.424+0000] {processor.py:183} INFO - Processing /workspaces/recomart-recommendation-pipeline/airflow_venv/lib/python3.12/site-packages/airflow/example_dags/tutorial_taskflow_api.py took 0.057 seconds
[2026-07-20T06:00:34.419+0000] {processor.py:161} INFO - Started process (PID=58891) to work on /workspaces/recomart-recommendation-pipeline/airflow_venv/lib/python3.12/site-packages/airflow/example_dags/tutorial_taskflow_api.py
[2026-07-20T06:00:34.420+0000] {processor.py:830} INFO - Processing file /workspaces/recomart-recommendation-pipeline/airflow_venv/lib/python3.12/site-packages/airflow/example_dags/tutorial_taskflow_api.py for tasks to queue
[2026-07-20T06:00:34.422+0000] {logging_mixin.py:188} INFO - [2026-07-20T06:00:34.421+0000] {dagbag.py:545} INFO - Filling up the DagBag from /workspaces/recomart-recommendation-pipeline/airflow_venv/lib/python3.12/site-packages/airflow/example_dags/tutorial_taskflow_api.py
[2026-07-20T06:00:34.427+0000] {processor.py:840} INFO - DAG(s) 'tutorial_taskflow_api' retrieved from /workspaces/recomart-recommendation-pipeline/airflow_venv/lib/python3.12/site-packages/airflow/example_dags/tutorial_taskflow_api.py
[2026-07-20T06:00:34.439+0000] {logging_mixin.py:188} INFO - [2026-07-20T06:00:34.439+0000] {dag.py:3089} INFO - Sync 1 DAGs
[2026-07-20T06:00:34.448+0000] {logging_mixin.py:188} INFO - [2026-07-20T06:00:34.448+0000] {dag.py:3947} INFO - Setting next_dagrun for tutorial_taskflow_api to None, run_after=None
[2026-07-20T06:00:34.465+0000] {processor.py:183} INFO - Processing /workspaces/recomart-recommendation-pipeline/airflow_venv/lib/python3.12/site-packages/airflow/example_dags/tutorial_taskflow_api.py took 0.051 seconds
[2026-07-20T06:01:17.846+0000] {processor.py:161} INFO - Started process (PID=59400) to work on /workspaces/recomart-recommendation-pipeline/airflow_venv/lib/python3.12/site-packages/airflow/example_dags/tutorial_taskflow_api.py
[2026-07-20T06:01:17.847+0000] {processor.py:830} INFO - Processing file /workspaces/recomart-recommendation-pipeline/airflow_venv/lib/python3.12/site-packages/airflow/example_dags/tutorial_taskflow_api.py for tasks to queue
[2026-07-20T06:01:17.850+0000] {logging_mixin.py:188} INFO - [2026-07-20T06:01:17.849+0000] {dagbag.py:545} INFO - Filling up the DagBag from /workspaces/recomart-recommendation-pipeline/airflow_venv/lib/python3.12/site-packages/airflow/example_dags/tutorial_taskflow_api.py
[2026-07-20T06:01:17.863+0000] {processor.py:840} INFO - DAG(s) 'tutorial_taskflow_api' retrieved from /workspaces/recomart-recommendation-pipeline/airflow_venv/lib/python3.12/site-packages/airflow/example_dags/tutorial_taskflow_api.py
[2026-07-20T06:01:17.880+0000] {logging_mixin.py:188} INFO - [2026-07-20T06:01:17.880+0000] {dag.py:3089} INFO - Sync 1 DAGs
[2026-07-20T06:01:17.891+0000] {logging_mixin.py:188} INFO - [2026-07-20T06:01:17.891+0000] {dag.py:3947} INFO - Setting next_dagrun for tutorial_taskflow_api to None, run_after=None
[2026-07-20T06:01:17.909+0000] {processor.py:183} INFO - Processing /workspaces/recomart-recommendation-pipeline/airflow_venv/lib/python3.12/site-packages/airflow/example_dags/tutorial_taskflow_api.py took 0.073 seconds
[2026-07-20T06:02:02.445+0000] {processor.py:161} INFO - Started process (PID=59956) to work on /workspaces/recomart-recommendation-pipeline/airflow_venv/lib/python3.12/site-packages/airflow/example_dags/tutorial_taskflow_api.py
[2026-07-20T06:02:02.446+0000] {processor.py:830} INFO - Processing file /workspaces/recomart-recommendation-pipeline/airflow_venv/lib/python3.12/site-packages/airflow/example_dags/tutorial_taskflow_api.py for tasks to queue
[2026-07-20T06:02:02.448+0000] {logging_mixin.py:188} INFO - [2026-07-20T06:02:02.447+0000] {dagbag.py:545} INFO - Filling up the DagBag from /workspaces/recomart-recommendation-pipeline/airflow_venv/lib/python3.12/site-packages/airflow/example_dags/tutorial_taskflow_api.py
[2026-07-20T06:02:02.454+0000] {processor.py:840} INFO - DAG(s) 'tutorial_taskflow_api' retrieved from /workspaces/recomart-recommendation-pipeline/airflow_venv/lib/python3.12/site-packages/airflow/example_dags/tutorial_taskflow_api.py
[2026-07-20T06:02:02.470+0000] {logging_mixin.py:188} INFO - [2026-07-20T06:02:02.470+0000] {dag.py:3089} INFO - Sync 1 DAGs
[2026-07-20T06:02:02.483+0000] {logging_mixin.py:188} INFO - [2026-07-20T06:02:02.482+0000] {dag.py:3947} INFO - Setting next_dagrun for tutorial_taskflow_api to None, run_after=None
[2026-07-20T06:02:02.504+0000] {processor.py:183} INFO - Processing /workspaces/recomart-recommendation-pipeline/airflow_venv/lib/python3.12/site-packages/airflow/example_dags/tutorial_taskflow_api.py took 0.065 seconds
[2026-07-20T06:02:46.041+0000] {processor.py:161} INFO - Started process (PID=60321) to work on /workspaces/recomart-recommendation-pipeline/airflow_venv/lib/python3.12/site-packages/airflow/example_dags/tutorial_taskflow_api.py
[2026-07-20T06:02:46.042+0000] {processor.py:830} INFO - Processing file /workspaces/recomart-recommendation-pipeline/airflow_venv/lib/python3.12/site-packages/airflow/example_dags/tutorial_taskflow_api.py for tasks to queue
[2026-07-20T06:02:46.043+0000] {logging_mixin.py:188} INFO - [2026-07-20T06:02:46.043+0000] {dagbag.py:545} INFO - Filling up the DagBag from /workspaces/recomart-recommendation-pipeline/airflow_venv/lib/python3.12/site-packages/airflow/example_dags/tutorial_taskflow_api.py
[2026-07-20T06:02:46.048+0000] {processor.py:840} INFO - DAG(s) 'tutorial_taskflow_api' retrieved from /workspaces/recomart-recommendation-pipeline/airflow_venv/lib/python3.12/site-packages/airflow/example_dags/tutorial_taskflow_api.py
[2026-07-20T06:02:46.060+0000] {logging_mixin.py:188} INFO - [2026-07-20T06:02:46.060+0000] {dag.py:3089} INFO - Sync 1 DAGs
[2026-07-20T06:02:46.069+0000] {logging_mixin.py:188} INFO - [2026-07-20T06:02:46.069+0000] {dag.py:3947} INFO - Setting next_dagrun for tutorial_taskflow_api to None, run_after=None
[2026-07-20T06:02:46.091+0000] {processor.py:183} INFO - Processing /workspaces/recomart-recommendation-pipeline/airflow_venv/lib/python3.12/site-packages/airflow/example_dags/tutorial_taskflow_api.py took 0.054 seconds
[2026-07-20T06:03:27.411+0000] {processor.py:161} INFO - Started process (PID=60622) to work on /workspaces/recomart-recommendation-pipeline/airflow_venv/lib/python3.12/site-packages/airflow/example_dags/tutorial_taskflow_api.py
[2026-07-20T06:03:27.412+0000] {processor.py:830} INFO - Processing file /workspaces/recomart-recommendation-pipeline/airflow_venv/lib/python3.12/site-packages/airflow/example_dags/tutorial_taskflow_api.py for tasks to queue
[2026-07-20T06:03:27.414+0000] {logging_mixin.py:188} INFO - [2026-07-20T06:03:27.413+0000] {dagbag.py:545} INFO - Filling up the DagBag from /workspaces/recomart-recommendation-pipeline/airflow_venv/lib/python3.12/site-packages/airflow/example_dags/tutorial_taskflow_api.py
[2026-07-20T06:03:27.420+0000] {processor.py:840} INFO - DAG(s) 'tutorial_taskflow_api' retrieved from /workspaces/recomart-recommendation-pipeline/airflow_venv/lib/python3.12/site-packages/airflow/example_dags/tutorial_taskflow_api.py
[2026-07-20T06:03:27.436+0000] {logging_mixin.py:188} INFO - [2026-07-20T06:03:27.436+0000] {dag.py:3089} INFO - Sync 1 DAGs
[2026-07-20T06:03:27.449+0000] {logging_mixin.py:188} INFO - [2026-07-20T06:03:27.449+0000] {dag.py:3947} INFO - Setting next_dagrun for tutorial_taskflow_api to None, run_after=None
[2026-07-20T06:03:27.474+0000] {processor.py:183} INFO - Processing /workspaces/recomart-recommendation-pipeline/airflow_venv/lib/python3.12/site-packages/airflow/example_dags/tutorial_taskflow_api.py took 0.070 seconds
[2026-07-20T06:04:10.241+0000] {processor.py:161} INFO - Started process (PID=61052) to work on /workspaces/recomart-recommendation-pipeline/airflow_venv/lib/python3.12/site-packages/airflow/example_dags/tutorial_taskflow_api.py
[2026-07-20T06:04:10.242+0000] {processor.py:830} INFO - Processing file /workspaces/recomart-recommendation-pipeline/airflow_venv/lib/python3.12/site-packages/airflow/example_dags/tutorial_taskflow_api.py for tasks to queue
[2026-07-20T06:04:10.243+0000] {logging_mixin.py:188} INFO - [2026-07-20T06:04:10.243+0000] {dagbag.py:545} INFO - Filling up the DagBag from /workspaces/recomart-recommendation-pipeline/airflow_venv/lib/python3.12/site-packages/airflow/example_dags/tutorial_taskflow_api.py
[2026-07-20T06:04:10.248+0000] {processor.py:840} INFO - DAG(s) 'tutorial_taskflow_api' retrieved from /workspaces/recomart-recommendation-pipeline/airflow_venv/lib/python3.12/site-packages/airflow/example_dags/tutorial_taskflow_api.py
[2026-07-20T06:04:10.260+0000] {logging_mixin.py:188} INFO - [2026-07-20T06:04:10.260+0000] {dag.py:3089} INFO - Sync 1 DAGs
[2026-07-20T06:04:10.270+0000] {logging_mixin.py:188} INFO - [2026-07-20T06:04:10.269+0000] {dag.py:3947} INFO - Setting next_dagrun for tutorial_taskflow_api to None, run_after=None
[2026-07-20T06:04:10.292+0000] {processor.py:183} INFO - Processing /workspaces/recomart-recommendation-pipeline/airflow_venv/lib/python3.12/site-packages/airflow/example_dags/tutorial_taskflow_api.py took 0.055 seconds
[2026-07-20T06:04:54.603+0000] {processor.py:161} INFO - Started process (PID=61442) to work on /workspaces/recomart-recommendation-pipeline/airflow_venv/lib/python3.12/site-packages/airflow/example_dags/tutorial_taskflow_api.py
[2026-07-20T06:04:54.603+0000] {processor.py:830} INFO - Processing file /workspaces/recomart-recommendation-pipeline/airflow_venv/lib/python3.12/site-packages/airflow/example_dags/tutorial_taskflow_api.py for tasks to queue
[2026-07-20T06:04:54.605+0000] {logging_mixin.py:188} INFO - [2026-07-20T06:04:54.604+0000] {dagbag.py:545} INFO - Filling up the DagBag from /workspaces/recomart-recommendation-pipeline/airflow_venv/lib/python3.12/site-packages/airflow/example_dags/tutorial_taskflow_api.py
[2026-07-20T06:04:54.610+0000] {processor.py:840} INFO - DAG(s) 'tutorial_taskflow_api' retrieved from /workspaces/recomart-recommendation-pipeline/airflow_venv/lib/python3.12/site-packages/airflow/example_dags/tutorial_taskflow_api.py
[2026-07-20T06:04:54.621+0000] {logging_mixin.py:188} INFO - [2026-07-20T06:04:54.621+0000] {dag.py:3089} INFO - Sync 1 DAGs
[2026-07-20T06:04:54.630+0000] {logging_mixin.py:188} INFO - [2026-07-20T06:04:54.630+0000] {dag.py:3947} INFO - Setting next_dagrun for tutorial_taskflow_api to None, run_after=None
[2026-07-20T06:04:54.647+0000] {processor.py:183} INFO - Processing /workspaces/recomart-recommendation-pipeline/airflow_venv/lib/python3.12/site-packages/airflow/example_dags/tutorial_taskflow_api.py took 0.049 seconds
[2026-07-20T06:05:37.974+0000] {processor.py:161} INFO - Started process (PID=61813) to work on /workspaces/recomart-recommendation-pipeline/airflow_venv/lib/python3.12/site-packages/airflow/example_dags/tutorial_taskflow_api.py
[2026-07-20T06:05:37.975+0000] {processor.py:830} INFO - Processing file /workspaces/recomart-recommendation-pipeline/airflow_venv/lib/python3.12/site-packages/airflow/example_dags/tutorial_taskflow_api.py for tasks to queue
[2026-07-20T06:05:37.977+0000] {logging_mixin.py:188} INFO - [2026-07-20T06:05:37.976+0000] {dagbag.py:545} INFO - Filling up the DagBag from /workspaces/recomart-recommendation-pipeline/airflow_venv/lib/python3.12/site-packages/airflow/example_dags/tutorial_taskflow_api.py
[2026-07-20T06:05:37.984+0000] {processor.py:840} INFO - DAG(s) 'tutorial_taskflow_api' retrieved from /workspaces/recomart-recommendation-pipeline/airflow_venv/lib/python3.12/site-packages/airflow/example_dags/tutorial_taskflow_api.py
[2026-07-20T06:05:38.002+0000] {logging_mixin.py:188} INFO - [2026-07-20T06:05:38.002+0000] {dag.py:3089} INFO - Sync 1 DAGs
[2026-07-20T06:05:38.159+0000] {logging_mixin.py:188} INFO - [2026-07-20T06:05:38.159+0000] {dag.py:3947} INFO - Setting next_dagrun for tutorial_taskflow_api to None, run_after=None
[2026-07-20T06:05:38.188+0000] {processor.py:183} INFO - Processing /workspaces/recomart-recommendation-pipeline/airflow_venv/lib/python3.12/site-packages/airflow/example_dags/tutorial_taskflow_api.py took 0.220 seconds
[2026-07-20T06:06:26.896+0000] {processor.py:161} INFO - Started process (PID=62160) to work on /workspaces/recomart-recommendation-pipeline/airflow_venv/lib/python3.12/site-packages/airflow/example_dags/tutorial_taskflow_api.py
[2026-07-20T06:06:26.897+0000] {processor.py:830} INFO - Processing file /workspaces/recomart-recommendation-pipeline/airflow_venv/lib/python3.12/site-packages/airflow/example_dags/tutorial_taskflow_api.py for tasks to queue
[2026-07-20T06:06:26.898+0000] {logging_mixin.py:188} INFO - [2026-07-20T06:06:26.898+0000] {dagbag.py:545} INFO - Filling up the DagBag from /workspaces/recomart-recommendation-pipeline/airflow_venv/lib/python3.12/site-packages/airflow/example_dags/tutorial_taskflow_api.py
[2026-07-20T06:06:26.903+0000] {processor.py:840} INFO - DAG(s) 'tutorial_taskflow_api' retrieved from /workspaces/recomart-recommendation-pipeline/airflow_venv/lib/python3.12/site-packages/airflow/example_dags/tutorial_taskflow_api.py
[2026-07-20T06:06:26.915+0000] {logging_mixin.py:188} INFO - [2026-07-20T06:06:26.915+0000] {dag.py:3089} INFO - Sync 1 DAGs
[2026-07-20T06:06:26.927+0000] {logging_mixin.py:188} INFO - [2026-07-20T06:06:26.926+0000] {dag.py:3947} INFO - Setting next_dagrun for tutorial_taskflow_api to None, run_after=None
[2026-07-20T06:06:26.955+0000] {processor.py:183} INFO - Processing /workspaces/recomart-recommendation-pipeline/airflow_venv/lib/python3.12/site-packages/airflow/example_dags/tutorial_taskflow_api.py took 0.064 seconds
[2026-07-20T06:07:14.539+0000] {processor.py:161} INFO - Started process (PID=62551) to work on /workspaces/recomart-recommendation-pipeline/airflow_venv/lib/python3.12/site-packages/airflow/example_dags/tutorial_taskflow_api.py
[2026-07-20T06:07:14.540+0000] {processor.py:830} INFO - Processing file /workspaces/recomart-recommendation-pipeline/airflow_venv/lib/python3.12/site-packages/airflow/example_dags/tutorial_taskflow_api.py for tasks to queue
[2026-07-20T06:07:14.542+0000] {logging_mixin.py:188} INFO - [2026-07-20T06:07:14.542+0000] {dagbag.py:545} INFO - Filling up the DagBag from /workspaces/recomart-recommendation-pipeline/airflow_venv/lib/python3.12/site-packages/airflow/example_dags/tutorial_taskflow_api.py
[2026-07-20T06:07:14.550+0000] {processor.py:840} INFO - DAG(s) 'tutorial_taskflow_api' retrieved from /workspaces/recomart-recommendation-pipeline/airflow_venv/lib/python3.12/site-packages/airflow/example_dags/tutorial_taskflow_api.py
[2026-07-20T06:07:14.567+0000] {logging_mixin.py:188} INFO - [2026-07-20T06:07:14.567+0000] {dag.py:3089} INFO - Sync 1 DAGs
[2026-07-20T06:07:14.580+0000] {logging_mixin.py:188} INFO - [2026-07-20T06:07:14.580+0000] {dag.py:3947} INFO - Setting next_dagrun for tutorial_taskflow_api to None, run_after=None
[2026-07-20T06:07:14.607+0000] {processor.py:183} INFO - Processing /workspaces/recomart-recommendation-pipeline/airflow_venv/lib/python3.12/site-packages/airflow/example_dags/tutorial_taskflow_api.py took 0.074 seconds
[2026-07-20T06:08:05.424+0000] {processor.py:161} INFO - Started process (PID=62973) to work on /workspaces/recomart-recommendation-pipeline/airflow_venv/lib/python3.12/site-packages/airflow/example_dags/tutorial_taskflow_api.py
[2026-07-20T06:08:05.425+0000] {processor.py:830} INFO - Processing file /workspaces/recomart-recommendation-pipeline/airflow_venv/lib/python3.12/site-packages/airflow/example_dags/tutorial_taskflow_api.py for tasks to queue
[2026-07-20T06:08:05.426+0000] {logging_mixin.py:188} INFO - [2026-07-20T06:08:05.426+0000] {dagbag.py:545} INFO - Filling up the DagBag from /workspaces/recomart-recommendation-pipeline/airflow_venv/lib/python3.12/site-packages/airflow/example_dags/tutorial_taskflow_api.py
[2026-07-20T06:08:05.432+0000] {processor.py:840} INFO - DAG(s) 'tutorial_taskflow_api' retrieved from /workspaces/recomart-recommendation-pipeline/airflow_venv/lib/python3.12/site-packages/airflow/example_dags/tutorial_taskflow_api.py
[2026-07-20T06:08:05.443+0000] {logging_mixin.py:188} INFO - [2026-07-20T06:08:05.443+0000] {dag.py:3089} INFO - Sync 1 DAGs
[2026-07-20T06:08:05.452+0000] {logging_mixin.py:188} INFO - [2026-07-20T06:08:05.452+0000] {dag.py:3947} INFO - Setting next_dagrun for tutorial_taskflow_api to None, run_after=None
[2026-07-20T06:08:05.481+0000] {processor.py:183} INFO - Processing /workspaces/recomart-recommendation-pipeline/airflow_venv/lib/python3.12/site-packages/airflow/example_dags/tutorial_taskflow_api.py took 0.062 seconds
[2026-07-20T06:08:44.385+0000] {processor.py:161} INFO - Started process (PID=63415) to work on /workspaces/recomart-recommendation-pipeline/airflow_venv/lib/python3.12/site-packages/airflow/example_dags/tutorial_taskflow_api.py
[2026-07-20T06:08:44.387+0000] {processor.py:830} INFO - Processing file /workspaces/recomart-recommendation-pipeline/airflow_venv/lib/python3.12/site-packages/airflow/example_dags/tutorial_taskflow_api.py for tasks to queue
[2026-07-20T06:08:44.388+0000] {logging_mixin.py:188} INFO - [2026-07-20T06:08:44.388+0000] {dagbag.py:545} INFO - Filling up the DagBag from /workspaces/recomart-recommendation-pipeline/airflow_venv/lib/python3.12/site-packages/airflow/example_dags/tutorial_taskflow_api.py
[2026-07-20T06:08:44.403+0000] {processor.py:840} INFO - DAG(s) 'tutorial_taskflow_api' retrieved from /workspaces/recomart-recommendation-pipeline/airflow_venv/lib/python3.12/site-packages/airflow/example_dags/tutorial_taskflow_api.py
[2026-07-20T06:08:44.416+0000] {logging_mixin.py:188} INFO - [2026-07-20T06:08:44.416+0000] {dag.py:3089} INFO - Sync 1 DAGs
[2026-07-20T06:08:44.441+0000] {logging_mixin.py:188} INFO - [2026-07-20T06:08:44.439+0000] {dag.py:3947} INFO - Setting next_dagrun for tutorial_taskflow_api to None, run_after=None
[2026-07-20T06:08:44.581+0000] {processor.py:183} INFO - Processing /workspaces/recomart-recommendation-pipeline/airflow_venv/lib/python3.12/site-packages/airflow/example_dags/tutorial_taskflow_api.py took 0.202 seconds
[2026-07-20T06:09:38.856+0000] {processor.py:161} INFO - Started process (PID=63899) to work on /workspaces/recomart-recommendation-pipeline/airflow_venv/lib/python3.12/site-packages/airflow/example_dags/tutorial_taskflow_api.py
[2026-07-20T06:09:38.857+0000] {processor.py:830} INFO - Processing file /workspaces/recomart-recommendation-pipeline/airflow_venv/lib/python3.12/site-packages/airflow/example_dags/tutorial_taskflow_api.py for tasks to queue
[2026-07-20T06:09:38.858+0000] {logging_mixin.py:188} INFO - [2026-07-20T06:09:38.858+0000] {dagbag.py:545} INFO - Filling up the DagBag from /workspaces/recomart-recommendation-pipeline/airflow_venv/lib/python3.12/site-packages/airflow/example_dags/tutorial_taskflow_api.py
[2026-07-20T06:09:38.864+0000] {processor.py:840} INFO - DAG(s) 'tutorial_taskflow_api' retrieved from /workspaces/recomart-recommendation-pipeline/airflow_venv/lib/python3.12/site-packages/airflow/example_dags/tutorial_taskflow_api.py
[2026-07-20T06:09:38.950+0000] {logging_mixin.py:188} INFO - [2026-07-20T06:09:38.949+0000] {dag.py:3089} INFO - Sync 1 DAGs
[2026-07-20T06:09:38.957+0000] {logging_mixin.py:188} INFO - [2026-07-20T06:09:38.957+0000] {dag.py:3947} INFO - Setting next_dagrun for tutorial_taskflow_api to None, run_after=None
[2026-07-20T06:09:38.975+0000] {processor.py:183} INFO - Processing /workspaces/recomart-recommendation-pipeline/airflow_venv/lib/python3.12/site-packages/airflow/example_dags/tutorial_taskflow_api.py took 0.123 seconds
[2026-07-20T06:10:30.914+0000] {processor.py:161} INFO - Started process (PID=64349) to work on /workspaces/recomart-recommendation-pipeline/airflow_venv/lib/python3.12/site-packages/airflow/example_dags/tutorial_taskflow_api.py
[2026-07-20T06:10:30.916+0000] {processor.py:830} INFO - Processing file /workspaces/recomart-recommendation-pipeline/airflow_venv/lib/python3.12/site-packages/airflow/example_dags/tutorial_taskflow_api.py for tasks to queue
[2026-07-20T06:10:30.919+0000] {logging_mixin.py:188} INFO - [2026-07-20T06:10:30.918+0000] {dagbag.py:545} INFO - Filling up the DagBag from /workspaces/recomart-recommendation-pipeline/airflow_venv/lib/python3.12/site-packages/airflow/example_dags/tutorial_taskflow_api.py
[2026-07-20T06:10:30.930+0000] {processor.py:840} INFO - DAG(s) 'tutorial_taskflow_api' retrieved from /workspaces/recomart-recommendation-pipeline/airflow_venv/lib/python3.12/site-packages/airflow/example_dags/tutorial_taskflow_api.py
[2026-07-20T06:10:30.952+0000] {logging_mixin.py:188} INFO - [2026-07-20T06:10:30.952+0000] {dag.py:3089} INFO - Sync 1 DAGs
[2026-07-20T06:10:30.966+0000] {logging_mixin.py:188} INFO - [2026-07-20T06:10:30.965+0000] {dag.py:3947} INFO - Setting next_dagrun for tutorial_taskflow_api to None, run_after=None
[2026-07-20T06:10:31.008+0000] {processor.py:183} INFO - Processing /workspaces/recomart-recommendation-pipeline/airflow_venv/lib/python3.12/site-packages/airflow/example_dags/tutorial_taskflow_api.py took 0.104 seconds
[2026-07-20T06:11:13.681+0000] {processor.py:161} INFO - Started process (PID=64889) to work on /workspaces/recomart-recommendation-pipeline/airflow_venv/lib/python3.12/site-packages/airflow/example_dags/tutorial_taskflow_api.py
[2026-07-20T06:11:13.682+0000] {processor.py:830} INFO - Processing file /workspaces/recomart-recommendation-pipeline/airflow_venv/lib/python3.12/site-packages/airflow/example_dags/tutorial_taskflow_api.py for tasks to queue
[2026-07-20T06:11:13.683+0000] {logging_mixin.py:188} INFO - [2026-07-20T06:11:13.683+0000] {dagbag.py:545} INFO - Filling up the DagBag from /workspaces/recomart-recommendation-pipeline/airflow_venv/lib/python3.12/site-packages/airflow/example_dags/tutorial_taskflow_api.py
[2026-07-20T06:11:13.688+0000] {processor.py:840} INFO - DAG(s) 'tutorial_taskflow_api' retrieved from /workspaces/recomart-recommendation-pipeline/airflow_venv/lib/python3.12/site-packages/airflow/example_dags/tutorial_taskflow_api.py
[2026-07-20T06:11:13.700+0000] {logging_mixin.py:188} INFO - [2026-07-20T06:11:13.700+0000] {dag.py:3089} INFO - Sync 1 DAGs
[2026-07-20T06:11:13.709+0000] {logging_mixin.py:188} INFO - [2026-07-20T06:11:13.708+0000] {dag.py:3947} INFO - Setting next_dagrun for tutorial_taskflow_api to None, run_after=None
[2026-07-20T06:11:13.743+0000] {processor.py:183} INFO - Processing /workspaces/recomart-recommendation-pipeline/airflow_venv/lib/python3.12/site-packages/airflow/example_dags/tutorial_taskflow_api.py took 0.066 seconds
[2026-07-20T06:11:55.400+0000] {processor.py:161} INFO - Started process (PID=65250) to work on /workspaces/recomart-recommendation-pipeline/airflow_venv/lib/python3.12/site-packages/airflow/example_dags/tutorial_taskflow_api.py
[2026-07-20T06:11:55.401+0000] {processor.py:830} INFO - Processing file /workspaces/recomart-recommendation-pipeline/airflow_venv/lib/python3.12/site-packages/airflow/example_dags/tutorial_taskflow_api.py for tasks to queue
[2026-07-20T06:11:55.402+0000] {logging_mixin.py:188} INFO - [2026-07-20T06:11:55.402+0000] {dagbag.py:545} INFO - Filling up the DagBag from /workspaces/recomart-recommendation-pipeline/airflow_venv/lib/python3.12/site-packages/airflow/example_dags/tutorial_taskflow_api.py
[2026-07-20T06:11:55.407+0000] {processor.py:840} INFO - DAG(s) 'tutorial_taskflow_api' retrieved from /workspaces/recomart-recommendation-pipeline/airflow_venv/lib/python3.12/site-packages/airflow/example_dags/tutorial_taskflow_api.py
[2026-07-20T06:11:55.419+0000] {logging_mixin.py:188} INFO - [2026-07-20T06:11:55.419+0000] {dag.py:3089} INFO - Sync 1 DAGs
[2026-07-20T06:11:55.428+0000] {logging_mixin.py:188} INFO - [2026-07-20T06:11:55.428+0000] {dag.py:3947} INFO - Setting next_dagrun for tutorial_taskflow_api to None, run_after=None
[2026-07-20T06:11:55.446+0000] {processor.py:183} INFO - Processing /workspaces/recomart-recommendation-pipeline/airflow_venv/lib/python3.12/site-packages/airflow/example_dags/tutorial_taskflow_api.py took 0.051 seconds
[2026-07-20T06:12:38.353+0000] {processor.py:161} INFO - Started process (PID=65560) to work on /workspaces/recomart-recommendation-pipeline/airflow_venv/lib/python3.12/site-packages/airflow/example_dags/tutorial_taskflow_api.py
[2026-07-20T06:12:38.356+0000] {processor.py:830} INFO - Processing file /workspaces/recomart-recommendation-pipeline/airflow_venv/lib/python3.12/site-packages/airflow/example_dags/tutorial_taskflow_api.py for tasks to queue
[2026-07-20T06:12:38.358+0000] {logging_mixin.py:188} INFO - [2026-07-20T06:12:38.358+0000] {dagbag.py:545} INFO - Filling up the DagBag from /workspaces/recomart-recommendation-pipeline/airflow_venv/lib/python3.12/site-packages/airflow/example_dags/tutorial_taskflow_api.py
[2026-07-20T06:12:38.368+0000] {processor.py:840} INFO - DAG(s) 'tutorial_taskflow_api' retrieved from /workspaces/recomart-recommendation-pipeline/airflow_venv/lib/python3.12/site-packages/airflow/example_dags/tutorial_taskflow_api.py
[2026-07-20T06:12:38.389+0000] {logging_mixin.py:188} INFO - [2026-07-20T06:12:38.388+0000] {dag.py:3089} INFO - Sync 1 DAGs
[2026-07-20T06:12:38.408+0000] {logging_mixin.py:188} INFO - [2026-07-20T06:12:38.408+0000] {dag.py:3947} INFO - Setting next_dagrun for tutorial_taskflow_api to None, run_after=None
[2026-07-20T06:12:38.456+0000] {processor.py:183} INFO - Processing /workspaces/recomart-recommendation-pipeline/airflow_venv/lib/python3.12/site-packages/airflow/example_dags/tutorial_taskflow_api.py took 0.109 seconds
[2026-07-20T06:13:22.255+0000] {processor.py:161} INFO - Started process (PID=65930) to work on /workspaces/recomart-recommendation-pipeline/airflow_venv/lib/python3.12/site-packages/airflow/example_dags/tutorial_taskflow_api.py
[2026-07-20T06:13:22.256+0000] {processor.py:830} INFO - Processing file /workspaces/recomart-recommendation-pipeline/airflow_venv/lib/python3.12/site-packages/airflow/example_dags/tutorial_taskflow_api.py for tasks to queue
[2026-07-20T06:13:22.257+0000] {logging_mixin.py:188} INFO - [2026-07-20T06:13:22.257+0000] {dagbag.py:545} INFO - Filling up the DagBag from /workspaces/recomart-recommendation-pipeline/airflow_venv/lib/python3.12/site-packages/airflow/example_dags/tutorial_taskflow_api.py
[2026-07-20T06:13:22.262+0000] {processor.py:840} INFO - DAG(s) 'tutorial_taskflow_api' retrieved from /workspaces/recomart-recommendation-pipeline/airflow_venv/lib/python3.12/site-packages/airflow/example_dags/tutorial_taskflow_api.py
[2026-07-20T06:13:22.276+0000] {logging_mixin.py:188} INFO - [2026-07-20T06:13:22.276+0000] {dag.py:3089} INFO - Sync 1 DAGs
[2026-07-20T06:13:22.288+0000] {logging_mixin.py:188} INFO - [2026-07-20T06:13:22.288+0000] {dag.py:3947} INFO - Setting next_dagrun for tutorial_taskflow_api to None, run_after=None
[2026-07-20T06:13:22.306+0000] {processor.py:183} INFO - Processing /workspaces/recomart-recommendation-pipeline/airflow_venv/lib/python3.12/site-packages/airflow/example_dags/tutorial_taskflow_api.py took 0.056 seconds
[2026-07-20T06:14:07.549+0000] {processor.py:161} INFO - Started process (PID=66497) to work on /workspaces/recomart-recommendation-pipeline/airflow_venv/lib/python3.12/site-packages/airflow/example_dags/tutorial_taskflow_api.py
[2026-07-20T06:14:07.549+0000] {processor.py:830} INFO - Processing file /workspaces/recomart-recommendation-pipeline/airflow_venv/lib/python3.12/site-packages/airflow/example_dags/tutorial_taskflow_api.py for tasks to queue
[2026-07-20T06:14:07.551+0000] {logging_mixin.py:188} INFO - [2026-07-20T06:14:07.550+0000] {dagbag.py:545} INFO - Filling up the DagBag from /workspaces/recomart-recommendation-pipeline/airflow_venv/lib/python3.12/site-packages/airflow/example_dags/tutorial_taskflow_api.py
[2026-07-20T06:14:07.556+0000] {processor.py:840} INFO - DAG(s) 'tutorial_taskflow_api' retrieved from /workspaces/recomart-recommendation-pipeline/airflow_venv/lib/python3.12/site-packages/airflow/example_dags/tutorial_taskflow_api.py
[2026-07-20T06:14:07.568+0000] {logging_mixin.py:188} INFO - [2026-07-20T06:14:07.568+0000] {dag.py:3089} INFO - Sync 1 DAGs
[2026-07-20T06:14:07.581+0000] {logging_mixin.py:188} INFO - [2026-07-20T06:14:07.580+0000] {dag.py:3947} INFO - Setting next_dagrun for tutorial_taskflow_api to None, run_after=None
[2026-07-20T06:14:07.692+0000] {processor.py:183} INFO - Processing /workspaces/recomart-recommendation-pipeline/airflow_venv/lib/python3.12/site-packages/airflow/example_dags/tutorial_taskflow_api.py took 0.148 seconds
[2026-07-20T06:14:54.226+0000] {processor.py:161} INFO - Started process (PID=67061) to work on /workspaces/recomart-recommendation-pipeline/airflow_venv/lib/python3.12/site-packages/airflow/example_dags/tutorial_taskflow_api.py
[2026-07-20T06:14:54.226+0000] {processor.py:830} INFO - Processing file /workspaces/recomart-recommendation-pipeline/airflow_venv/lib/python3.12/site-packages/airflow/example_dags/tutorial_taskflow_api.py for tasks to queue
[2026-07-20T06:14:54.228+0000] {logging_mixin.py:188} INFO - [2026-07-20T06:14:54.227+0000] {dagbag.py:545} INFO - Filling up the DagBag from /workspaces/recomart-recommendation-pipeline/airflow_venv/lib/python3.12/site-packages/airflow/example_dags/tutorial_taskflow_api.py
[2026-07-20T06:14:54.232+0000] {processor.py:840} INFO - DAG(s) 'tutorial_taskflow_api' retrieved from /workspaces/recomart-recommendation-pipeline/airflow_venv/lib/python3.12/site-packages/airflow/example_dags/tutorial_taskflow_api.py
[2026-07-20T06:14:54.244+0000] {logging_mixin.py:188} INFO - [2026-07-20T06:14:54.243+0000] {dag.py:3089} INFO - Sync 1 DAGs
[2026-07-20T06:14:54.252+0000] {logging_mixin.py:188} INFO - [2026-07-20T06:14:54.252+0000] {dag.py:3947} INFO - Setting next_dagrun for tutorial_taskflow_api to None, run_after=None
[2026-07-20T06:14:54.269+0000] {processor.py:183} INFO - Processing /workspaces/recomart-recommendation-pipeline/airflow_venv/lib/python3.12/site-packages/airflow/example_dags/tutorial_taskflow_api.py took 0.047 seconds
[2026-07-20T06:30:47.344+0000] {processor.py:161} INFO - Started process (PID=73401) to work on /workspaces/recomart-recommendation-pipeline/airflow_venv/lib/python3.12/site-packages/airflow/example_dags/tutorial_taskflow_api.py
[2026-07-20T06:30:47.345+0000] {processor.py:830} INFO - Processing file /workspaces/recomart-recommendation-pipeline/airflow_venv/lib/python3.12/site-packages/airflow/example_dags/tutorial_taskflow_api.py for tasks to queue
[2026-07-20T06:30:47.346+0000] {logging_mixin.py:188} INFO - [2026-07-20T06:30:47.346+0000] {dagbag.py:545} INFO - Filling up the DagBag from /workspaces/recomart-recommendation-pipeline/airflow_venv/lib/python3.12/site-packages/airflow/example_dags/tutorial_taskflow_api.py
[2026-07-20T06:30:47.353+0000] {processor.py:840} INFO - DAG(s) 'tutorial_taskflow_api' retrieved from /workspaces/recomart-recommendation-pipeline/airflow_venv/lib/python3.12/site-packages/airflow/example_dags/tutorial_taskflow_api.py
[2026-07-20T06:30:47.358+0000] {logging_mixin.py:188} INFO - [2026-07-20T06:30:47.358+0000] {dag.py:3089} INFO - Sync 1 DAGs
[2026-07-20T06:30:47.368+0000] {logging_mixin.py:188} INFO - [2026-07-20T06:30:47.368+0000] {dag.py:3947} INFO - Setting next_dagrun for tutorial_taskflow_api to None, run_after=None
[2026-07-20T06:30:47.389+0000] {processor.py:183} INFO - Processing /workspaces/recomart-recommendation-pipeline/airflow_venv/lib/python3.12/site-packages/airflow/example_dags/tutorial_taskflow_api.py took 0.049 seconds
[2026-07-20T06:31:42.087+0000] {processor.py:161} INFO - Started process (PID=74029) to work on /workspaces/recomart-recommendation-pipeline/airflow_venv/lib/python3.12/site-packages/airflow/example_dags/tutorial_taskflow_api.py
[2026-07-20T06:31:42.087+0000] {processor.py:830} INFO - Processing file /workspaces/recomart-recommendation-pipeline/airflow_venv/lib/python3.12/site-packages/airflow/example_dags/tutorial_taskflow_api.py for tasks to queue
[2026-07-20T06:31:42.089+0000] {logging_mixin.py:188} INFO - [2026-07-20T06:31:42.089+0000] {dagbag.py:545} INFO - Filling up the DagBag from /workspaces/recomart-recommendation-pipeline/airflow_venv/lib/python3.12/site-packages/airflow/example_dags/tutorial_taskflow_api.py
[2026-07-20T06:31:42.096+0000] {processor.py:840} INFO - DAG(s) 'tutorial_taskflow_api' retrieved from /workspaces/recomart-recommendation-pipeline/airflow_venv/lib/python3.12/site-packages/airflow/example_dags/tutorial_taskflow_api.py
[2026-07-20T06:31:42.247+0000] {logging_mixin.py:188} INFO - [2026-07-20T06:31:42.247+0000] {dag.py:3089} INFO - Sync 1 DAGs
[2026-07-20T06:31:42.258+0000] {logging_mixin.py:188} INFO - [2026-07-20T06:31:42.258+0000] {dag.py:3947} INFO - Setting next_dagrun for tutorial_taskflow_api to None, run_after=None
[2026-07-20T06:31:42.291+0000] {processor.py:183} INFO - Processing /workspaces/recomart-recommendation-pipeline/airflow_venv/lib/python3.12/site-packages/airflow/example_dags/tutorial_taskflow_api.py took 0.211 seconds
[2026-07-20T06:32:32.732+0000] {processor.py:161} INFO - Started process (PID=74693) to work on /workspaces/recomart-recommendation-pipeline/airflow_venv/lib/python3.12/site-packages/airflow/example_dags/tutorial_taskflow_api.py
[2026-07-20T06:32:32.733+0000] {processor.py:830} INFO - Processing file /workspaces/recomart-recommendation-pipeline/airflow_venv/lib/python3.12/site-packages/airflow/example_dags/tutorial_taskflow_api.py for tasks to queue
[2026-07-20T06:32:32.734+0000] {logging_mixin.py:188} INFO - [2026-07-20T06:32:32.734+0000] {dagbag.py:545} INFO - Filling up the DagBag from /workspaces/recomart-recommendation-pipeline/airflow_venv/lib/python3.12/site-packages/airflow/example_dags/tutorial_taskflow_api.py
[2026-07-20T06:32:32.739+0000] {processor.py:840} INFO - DAG(s) 'tutorial_taskflow_api' retrieved from /workspaces/recomart-recommendation-pipeline/airflow_venv/lib/python3.12/site-packages/airflow/example_dags/tutorial_taskflow_api.py
[2026-07-20T06:32:32.750+0000] {logging_mixin.py:188} INFO - [2026-07-20T06:32:32.750+0000] {dag.py:3089} INFO - Sync 1 DAGs
[2026-07-20T06:32:32.759+0000] {logging_mixin.py:188} INFO - [2026-07-20T06:32:32.759+0000] {dag.py:3947} INFO - Setting next_dagrun for tutorial_taskflow_api to None, run_after=None
[2026-07-20T06:32:32.787+0000] {processor.py:183} INFO - Processing /workspaces/recomart-recommendation-pipeline/airflow_venv/lib/python3.12/site-packages/airflow/example_dags/tutorial_taskflow_api.py took 0.059 seconds
[2026-07-20T06:33:17.250+0000] {processor.py:161} INFO - Started process (PID=75072) to work on /workspaces/recomart-recommendation-pipeline/airflow_venv/lib/python3.12/site-packages/airflow/example_dags/tutorial_taskflow_api.py
[2026-07-20T06:33:17.250+0000] {processor.py:830} INFO - Processing file /workspaces/recomart-recommendation-pipeline/airflow_venv/lib/python3.12/site-packages/airflow/example_dags/tutorial_taskflow_api.py for tasks to queue
[2026-07-20T06:33:17.252+0000] {logging_mixin.py:188} INFO - [2026-07-20T06:33:17.251+0000] {dagbag.py:545} INFO - Filling up the DagBag from /workspaces/recomart-recommendation-pipeline/airflow_venv/lib/python3.12/site-packages/airflow/example_dags/tutorial_taskflow_api.py
[2026-07-20T06:33:17.257+0000] {processor.py:840} INFO - DAG(s) 'tutorial_taskflow_api' retrieved from /workspaces/recomart-recommendation-pipeline/airflow_venv/lib/python3.12/site-packages/airflow/example_dags/tutorial_taskflow_api.py
[2026-07-20T06:33:17.268+0000] {logging_mixin.py:188} INFO - [2026-07-20T06:33:17.268+0000] {dag.py:3089} INFO - Sync 1 DAGs
[2026-07-20T06:33:17.280+0000] {logging_mixin.py:188} INFO - [2026-07-20T06:33:17.280+0000] {dag.py:3947} INFO - Setting next_dagrun for tutorial_taskflow_api to None, run_after=None
[2026-07-20T06:33:17.298+0000] {processor.py:183} INFO - Processing /workspaces/recomart-recommendation-pipeline/airflow_venv/lib/python3.12/site-packages/airflow/example_dags/tutorial_taskflow_api.py took 0.052 seconds
[2026-07-20T06:34:36.657+0000] {processor.py:161} INFO - Started process (PID=76408) to work on /workspaces/recomart-recommendation-pipeline/airflow_venv/lib/python3.12/site-packages/airflow/example_dags/tutorial_taskflow_api.py
[2026-07-20T06:34:36.658+0000] {processor.py:830} INFO - Processing file /workspaces/recomart-recommendation-pipeline/airflow_venv/lib/python3.12/site-packages/airflow/example_dags/tutorial_taskflow_api.py for tasks to queue
[2026-07-20T06:34:36.659+0000] {logging_mixin.py:188} INFO - [2026-07-20T06:34:36.659+0000] {dagbag.py:545} INFO - Filling up the DagBag from /workspaces/recomart-recommendation-pipeline/airflow_venv/lib/python3.12/site-packages/airflow/example_dags/tutorial_taskflow_api.py
[2026-07-20T06:34:36.664+0000] {processor.py:840} INFO - DAG(s) 'tutorial_taskflow_api' retrieved from /workspaces/recomart-recommendation-pipeline/airflow_venv/lib/python3.12/site-packages/airflow/example_dags/tutorial_taskflow_api.py
[2026-07-20T06:34:36.679+0000] {logging_mixin.py:188} INFO - [2026-07-20T06:34:36.678+0000] {dag.py:3089} INFO - Sync 1 DAGs
[2026-07-20T06:34:36.690+0000] {logging_mixin.py:188} INFO - [2026-07-20T06:34:36.690+0000] {dag.py:3947} INFO - Setting next_dagrun for tutorial_taskflow_api to None, run_after=None
[2026-07-20T06:34:36.707+0000] {processor.py:183} INFO - Processing /workspaces/recomart-recommendation-pipeline/airflow_venv/lib/python3.12/site-packages/airflow/example_dags/tutorial_taskflow_api.py took 0.054 seconds
[2026-07-20T06:35:29.962+0000] {processor.py:161} INFO - Started process (PID=77409) to work on /workspaces/recomart-recommendation-pipeline/airflow_venv/lib/python3.12/site-packages/airflow/example_dags/tutorial_taskflow_api.py
[2026-07-20T06:35:29.963+0000] {processor.py:830} INFO - Processing file /workspaces/recomart-recommendation-pipeline/airflow_venv/lib/python3.12/site-packages/airflow/example_dags/tutorial_taskflow_api.py for tasks to queue
[2026-07-20T06:35:29.965+0000] {logging_mixin.py:188} INFO - [2026-07-20T06:35:29.965+0000] {dagbag.py:545} INFO - Filling up the DagBag from /workspaces/recomart-recommendation-pipeline/airflow_venv/lib/python3.12/site-packages/airflow/example_dags/tutorial_taskflow_api.py
[2026-07-20T06:35:29.972+0000] {processor.py:840} INFO - DAG(s) 'tutorial_taskflow_api' retrieved from /workspaces/recomart-recommendation-pipeline/airflow_venv/lib/python3.12/site-packages/airflow/example_dags/tutorial_taskflow_api.py
[2026-07-20T06:35:29.988+0000] {logging_mixin.py:188} INFO - [2026-07-20T06:35:29.987+0000] {dag.py:3089} INFO - Sync 1 DAGs
[2026-07-20T06:35:29.996+0000] {logging_mixin.py:188} INFO - [2026-07-20T06:35:29.996+0000] {dag.py:3947} INFO - Setting next_dagrun for tutorial_taskflow_api to None, run_after=None
[2026-07-20T06:35:30.013+0000] {processor.py:183} INFO - Processing /workspaces/recomart-recommendation-pipeline/airflow_venv/lib/python3.12/site-packages/airflow/example_dags/tutorial_taskflow_api.py took 0.055 seconds
[2026-07-20T06:36:22.553+0000] {processor.py:161} INFO - Started process (PID=78434) to work on /workspaces/recomart-recommendation-pipeline/airflow_venv/lib/python3.12/site-packages/airflow/example_dags/tutorial_taskflow_api.py
[2026-07-20T06:36:22.553+0000] {processor.py:830} INFO - Processing file /workspaces/recomart-recommendation-pipeline/airflow_venv/lib/python3.12/site-packages/airflow/example_dags/tutorial_taskflow_api.py for tasks to queue
[2026-07-20T06:36:22.555+0000] {logging_mixin.py:188} INFO - [2026-07-20T06:36:22.554+0000] {dagbag.py:545} INFO - Filling up the DagBag from /workspaces/recomart-recommendation-pipeline/airflow_venv/lib/python3.12/site-packages/airflow/example_dags/tutorial_taskflow_api.py
[2026-07-20T06:36:22.559+0000] {processor.py:840} INFO - DAG(s) 'tutorial_taskflow_api' retrieved from /workspaces/recomart-recommendation-pipeline/airflow_venv/lib/python3.12/site-packages/airflow/example_dags/tutorial_taskflow_api.py
[2026-07-20T06:36:22.571+0000] {logging_mixin.py:188} INFO - [2026-07-20T06:36:22.571+0000] {dag.py:3089} INFO - Sync 1 DAGs
[2026-07-20T06:36:22.579+0000] {logging_mixin.py:188} INFO - [2026-07-20T06:36:22.579+0000] {dag.py:3947} INFO - Setting next_dagrun for tutorial_taskflow_api to None, run_after=None
[2026-07-20T06:36:22.596+0000] {processor.py:183} INFO - Processing /workspaces/recomart-recommendation-pipeline/airflow_venv/lib/python3.12/site-packages/airflow/example_dags/tutorial_taskflow_api.py took 0.047 seconds
[2026-07-20T06:37:12.932+0000] {processor.py:161} INFO - Started process (PID=78925) to work on /workspaces/recomart-recommendation-pipeline/airflow_venv/lib/python3.12/site-packages/airflow/example_dags/tutorial_taskflow_api.py
[2026-07-20T06:37:12.933+0000] {processor.py:830} INFO - Processing file /workspaces/recomart-recommendation-pipeline/airflow_venv/lib/python3.12/site-packages/airflow/example_dags/tutorial_taskflow_api.py for tasks to queue
[2026-07-20T06:37:12.935+0000] {logging_mixin.py:188} INFO - [2026-07-20T06:37:12.934+0000] {dagbag.py:545} INFO - Filling up the DagBag from /workspaces/recomart-recommendation-pipeline/airflow_venv/lib/python3.12/site-packages/airflow/example_dags/tutorial_taskflow_api.py
[2026-07-20T06:37:12.941+0000] {processor.py:840} INFO - DAG(s) 'tutorial_taskflow_api' retrieved from /workspaces/recomart-recommendation-pipeline/airflow_venv/lib/python3.12/site-packages/airflow/example_dags/tutorial_taskflow_api.py
[2026-07-20T06:37:12.953+0000] {logging_mixin.py:188} INFO - [2026-07-20T06:37:12.953+0000] {dag.py:3089} INFO - Sync 1 DAGs
[2026-07-20T06:37:12.962+0000] {logging_mixin.py:188} INFO - [2026-07-20T06:37:12.962+0000] {dag.py:3947} INFO - Setting next_dagrun for tutorial_taskflow_api to None, run_after=None
[2026-07-20T06:37:12.980+0000] {processor.py:183} INFO - Processing /workspaces/recomart-recommendation-pipeline/airflow_venv/lib/python3.12/site-packages/airflow/example_dags/tutorial_taskflow_api.py took 0.053 seconds
[2026-07-20T06:37:58.012+0000] {processor.py:161} INFO - Started process (PID=79325) to work on /workspaces/recomart-recommendation-pipeline/airflow_venv/lib/python3.12/site-packages/airflow/example_dags/tutorial_taskflow_api.py
[2026-07-20T06:37:58.013+0000] {processor.py:830} INFO - Processing file /workspaces/recomart-recommendation-pipeline/airflow_venv/lib/python3.12/site-packages/airflow/example_dags/tutorial_taskflow_api.py for tasks to queue
[2026-07-20T06:37:58.014+0000] {logging_mixin.py:188} INFO - [2026-07-20T06:37:58.014+0000] {dagbag.py:545} INFO - Filling up the DagBag from /workspaces/recomart-recommendation-pipeline/airflow_venv/lib/python3.12/site-packages/airflow/example_dags/tutorial_taskflow_api.py
[2026-07-20T06:37:58.021+0000] {processor.py:840} INFO - DAG(s) 'tutorial_taskflow_api' retrieved from /workspaces/recomart-recommendation-pipeline/airflow_venv/lib/python3.12/site-packages/airflow/example_dags/tutorial_taskflow_api.py
[2026-07-20T06:37:58.038+0000] {logging_mixin.py:188} INFO - [2026-07-20T06:37:58.038+0000] {dag.py:3089} INFO - Sync 1 DAGs
[2026-07-20T06:37:58.052+0000] {logging_mixin.py:188} INFO - [2026-07-20T06:37:58.051+0000] {dag.py:3947} INFO - Setting next_dagrun for tutorial_taskflow_api to None, run_after=None
[2026-07-20T06:37:58.074+0000] {processor.py:183} INFO - Processing /workspaces/recomart-recommendation-pipeline/airflow_venv/lib/python3.12/site-packages/airflow/example_dags/tutorial_taskflow_api.py took 0.068 seconds
[2026-07-20T06:38:46.894+0000] {processor.py:161} INFO - Started process (PID=79722) to work on /workspaces/recomart-recommendation-pipeline/airflow_venv/lib/python3.12/site-packages/airflow/example_dags/tutorial_taskflow_api.py
[2026-07-20T06:38:46.894+0000] {processor.py:830} INFO - Processing file /workspaces/recomart-recommendation-pipeline/airflow_venv/lib/python3.12/site-packages/airflow/example_dags/tutorial_taskflow_api.py for tasks to queue
[2026-07-20T06:38:46.896+0000] {logging_mixin.py:188} INFO - [2026-07-20T06:38:46.895+0000] {dagbag.py:545} INFO - Filling up the DagBag from /workspaces/recomart-recommendation-pipeline/airflow_venv/lib/python3.12/site-packages/airflow/example_dags/tutorial_taskflow_api.py
[2026-07-20T06:38:46.901+0000] {processor.py:840} INFO - DAG(s) 'tutorial_taskflow_api' retrieved from /workspaces/recomart-recommendation-pipeline/airflow_venv/lib/python3.12/site-packages/airflow/example_dags/tutorial_taskflow_api.py
[2026-07-20T06:38:46.912+0000] {logging_mixin.py:188} INFO - [2026-07-20T06:38:46.912+0000] {dag.py:3089} INFO - Sync 1 DAGs
[2026-07-20T06:38:46.920+0000] {logging_mixin.py:188} INFO - [2026-07-20T06:38:46.920+0000] {dag.py:3947} INFO - Setting next_dagrun for tutorial_taskflow_api to None, run_after=None
[2026-07-20T06:38:46.937+0000] {processor.py:183} INFO - Processing /workspaces/recomart-recommendation-pipeline/airflow_venv/lib/python3.12/site-packages/airflow/example_dags/tutorial_taskflow_api.py took 0.048 seconds
[2026-07-20T06:39:32.540+0000] {processor.py:161} INFO - Started process (PID=80068) to work on /workspaces/recomart-recommendation-pipeline/airflow_venv/lib/python3.12/site-packages/airflow/example_dags/tutorial_taskflow_api.py
[2026-07-20T06:39:32.541+0000] {processor.py:830} INFO - Processing file /workspaces/recomart-recommendation-pipeline/airflow_venv/lib/python3.12/site-packages/airflow/example_dags/tutorial_taskflow_api.py for tasks to queue
[2026-07-20T06:39:32.542+0000] {logging_mixin.py:188} INFO - [2026-07-20T06:39:32.542+0000] {dagbag.py:545} INFO - Filling up the DagBag from /workspaces/recomart-recommendation-pipeline/airflow_venv/lib/python3.12/site-packages/airflow/example_dags/tutorial_taskflow_api.py
[2026-07-20T06:39:32.547+0000] {processor.py:840} INFO - DAG(s) 'tutorial_taskflow_api' retrieved from /workspaces/recomart-recommendation-pipeline/airflow_venv/lib/python3.12/site-packages/airflow/example_dags/tutorial_taskflow_api.py
[2026-07-20T06:39:32.558+0000] {logging_mixin.py:188} INFO - [2026-07-20T06:39:32.558+0000] {dag.py:3089} INFO - Sync 1 DAGs
[2026-07-20T06:39:32.567+0000] {logging_mixin.py:188} INFO - [2026-07-20T06:39:32.567+0000] {dag.py:3947} INFO - Setting next_dagrun for tutorial_taskflow_api to None, run_after=None
[2026-07-20T06:39:32.586+0000] {processor.py:183} INFO - Processing /workspaces/recomart-recommendation-pipeline/airflow_venv/lib/python3.12/site-packages/airflow/example_dags/tutorial_taskflow_api.py took 0.050 seconds
[2026-07-20T06:40:24.734+0000] {processor.py:161} INFO - Started process (PID=80505) to work on /workspaces/recomart-recommendation-pipeline/airflow_venv/lib/python3.12/site-packages/airflow/example_dags/tutorial_taskflow_api.py
[2026-07-20T06:40:24.735+0000] {processor.py:830} INFO - Processing file /workspaces/recomart-recommendation-pipeline/airflow_venv/lib/python3.12/site-packages/airflow/example_dags/tutorial_taskflow_api.py for tasks to queue
[2026-07-20T06:40:24.736+0000] {logging_mixin.py:188} INFO - [2026-07-20T06:40:24.736+0000] {dagbag.py:545} INFO - Filling up the DagBag from /workspaces/recomart-recommendation-pipeline/airflow_venv/lib/python3.12/site-packages/airflow/example_dags/tutorial_taskflow_api.py
[2026-07-20T06:40:24.741+0000] {processor.py:840} INFO - DAG(s) 'tutorial_taskflow_api' retrieved from /workspaces/recomart-recommendation-pipeline/airflow_venv/lib/python3.12/site-packages/airflow/example_dags/tutorial_taskflow_api.py
[2026-07-20T06:40:24.753+0000] {logging_mixin.py:188} INFO - [2026-07-20T06:40:24.753+0000] {dag.py:3089} INFO - Sync 1 DAGs
[2026-07-20T06:40:24.766+0000] {logging_mixin.py:188} INFO - [2026-07-20T06:40:24.765+0000] {dag.py:3947} INFO - Setting next_dagrun for tutorial_taskflow_api to None, run_after=None
[2026-07-20T06:40:24.786+0000] {processor.py:183} INFO - Processing /workspaces/recomart-recommendation-pipeline/airflow_venv/lib/python3.12/site-packages/airflow/example_dags/tutorial_taskflow_api.py took 0.056 seconds
[2026-07-20T06:41:12.023+0000] {processor.py:161} INFO - Started process (PID=80969) to work on /workspaces/recomart-recommendation-pipeline/airflow_venv/lib/python3.12/site-packages/airflow/example_dags/tutorial_taskflow_api.py
[2026-07-20T06:41:12.024+0000] {processor.py:830} INFO - Processing file /workspaces/recomart-recommendation-pipeline/airflow_venv/lib/python3.12/site-packages/airflow/example_dags/tutorial_taskflow_api.py for tasks to queue
[2026-07-20T06:41:12.025+0000] {logging_mixin.py:188} INFO - [2026-07-20T06:41:12.025+0000] {dagbag.py:545} INFO - Filling up the DagBag from /workspaces/recomart-recommendation-pipeline/airflow_venv/lib/python3.12/site-packages/airflow/example_dags/tutorial_taskflow_api.py
[2026-07-20T06:41:12.030+0000] {processor.py:840} INFO - DAG(s) 'tutorial_taskflow_api' retrieved from /workspaces/recomart-recommendation-pipeline/airflow_venv/lib/python3.12/site-packages/airflow/example_dags/tutorial_taskflow_api.py
[2026-07-20T06:41:12.042+0000] {logging_mixin.py:188} INFO - [2026-07-20T06:41:12.042+0000] {dag.py:3089} INFO - Sync 1 DAGs
[2026-07-20T06:41:12.051+0000] {logging_mixin.py:188} INFO - [2026-07-20T06:41:12.051+0000] {dag.py:3947} INFO - Setting next_dagrun for tutorial_taskflow_api to None, run_after=None
[2026-07-20T06:41:12.068+0000] {processor.py:183} INFO - Processing /workspaces/recomart-recommendation-pipeline/airflow_venv/lib/python3.12/site-packages/airflow/example_dags/tutorial_taskflow_api.py took 0.049 seconds
[2026-07-20T06:41:59.166+0000] {processor.py:161} INFO - Started process (PID=81364) to work on /workspaces/recomart-recommendation-pipeline/airflow_venv/lib/python3.12/site-packages/airflow/example_dags/tutorial_taskflow_api.py
[2026-07-20T06:41:59.167+0000] {processor.py:830} INFO - Processing file /workspaces/recomart-recommendation-pipeline/airflow_venv/lib/python3.12/site-packages/airflow/example_dags/tutorial_taskflow_api.py for tasks to queue
[2026-07-20T06:41:59.168+0000] {logging_mixin.py:188} INFO - [2026-07-20T06:41:59.168+0000] {dagbag.py:545} INFO - Filling up the DagBag from /workspaces/recomart-recommendation-pipeline/airflow_venv/lib/python3.12/site-packages/airflow/example_dags/tutorial_taskflow_api.py
[2026-07-20T06:41:59.175+0000] {processor.py:840} INFO - DAG(s) 'tutorial_taskflow_api' retrieved from /workspaces/recomart-recommendation-pipeline/airflow_venv/lib/python3.12/site-packages/airflow/example_dags/tutorial_taskflow_api.py
[2026-07-20T06:41:59.190+0000] {logging_mixin.py:188} INFO - [2026-07-20T06:41:59.190+0000] {dag.py:3089} INFO - Sync 1 DAGs
[2026-07-20T06:41:59.199+0000] {logging_mixin.py:188} INFO - [2026-07-20T06:41:59.199+0000] {dag.py:3947} INFO - Setting next_dagrun for tutorial_taskflow_api to None, run_after=None
[2026-07-20T06:41:59.216+0000] {processor.py:183} INFO - Processing /workspaces/recomart-recommendation-pipeline/airflow_venv/lib/python3.12/site-packages/airflow/example_dags/tutorial_taskflow_api.py took 0.055 seconds
[2026-07-20T06:42:45.637+0000] {processor.py:161} INFO - Started process (PID=81765) to work on /workspaces/recomart-recommendation-pipeline/airflow_venv/lib/python3.12/site-packages/airflow/example_dags/tutorial_taskflow_api.py
[2026-07-20T06:42:45.638+0000] {processor.py:830} INFO - Processing file /workspaces/recomart-recommendation-pipeline/airflow_venv/lib/python3.12/site-packages/airflow/example_dags/tutorial_taskflow_api.py for tasks to queue
[2026-07-20T06:42:45.639+0000] {logging_mixin.py:188} INFO - [2026-07-20T06:42:45.639+0000] {dagbag.py:545} INFO - Filling up the DagBag from /workspaces/recomart-recommendation-pipeline/airflow_venv/lib/python3.12/site-packages/airflow/example_dags/tutorial_taskflow_api.py
[2026-07-20T06:42:45.645+0000] {processor.py:840} INFO - DAG(s) 'tutorial_taskflow_api' retrieved from /workspaces/recomart-recommendation-pipeline/airflow_venv/lib/python3.12/site-packages/airflow/example_dags/tutorial_taskflow_api.py
[2026-07-20T06:42:45.656+0000] {logging_mixin.py:188} INFO - [2026-07-20T06:42:45.656+0000] {dag.py:3089} INFO - Sync 1 DAGs
[2026-07-20T06:42:45.665+0000] {logging_mixin.py:188} INFO - [2026-07-20T06:42:45.665+0000] {dag.py:3947} INFO - Setting next_dagrun for tutorial_taskflow_api to None, run_after=None
[2026-07-20T06:42:45.683+0000] {processor.py:183} INFO - Processing /workspaces/recomart-recommendation-pipeline/airflow_venv/lib/python3.12/site-packages/airflow/example_dags/tutorial_taskflow_api.py took 0.051 seconds
[2026-07-20T06:43:33.518+0000] {processor.py:161} INFO - Started process (PID=82101) to work on /workspaces/recomart-recommendation-pipeline/airflow_venv/lib/python3.12/site-packages/airflow/example_dags/tutorial_taskflow_api.py
[2026-07-20T06:43:33.519+0000] {processor.py:830} INFO - Processing file /workspaces/recomart-recommendation-pipeline/airflow_venv/lib/python3.12/site-packages/airflow/example_dags/tutorial_taskflow_api.py for tasks to queue
[2026-07-20T06:43:33.520+0000] {logging_mixin.py:188} INFO - [2026-07-20T06:43:33.520+0000] {dagbag.py:545} INFO - Filling up the DagBag from /workspaces/recomart-recommendation-pipeline/airflow_venv/lib/python3.12/site-packages/airflow/example_dags/tutorial_taskflow_api.py
[2026-07-20T06:43:33.525+0000] {processor.py:840} INFO - DAG(s) 'tutorial_taskflow_api' retrieved from /workspaces/recomart-recommendation-pipeline/airflow_venv/lib/python3.12/site-packages/airflow/example_dags/tutorial_taskflow_api.py
[2026-07-20T06:43:33.537+0000] {logging_mixin.py:188} INFO - [2026-07-20T06:43:33.536+0000] {dag.py:3089} INFO - Sync 1 DAGs
[2026-07-20T06:43:33.547+0000] {logging_mixin.py:188} INFO - [2026-07-20T06:43:33.546+0000] {dag.py:3947} INFO - Setting next_dagrun for tutorial_taskflow_api to None, run_after=None
[2026-07-20T06:43:33.563+0000] {processor.py:183} INFO - Processing /workspaces/recomart-recommendation-pipeline/airflow_venv/lib/python3.12/site-packages/airflow/example_dags/tutorial_taskflow_api.py took 0.049 seconds
[2026-07-20T06:44:22.942+0000] {processor.py:161} INFO - Started process (PID=82526) to work on /workspaces/recomart-recommendation-pipeline/airflow_venv/lib/python3.12/site-packages/airflow/example_dags/tutorial_taskflow_api.py
[2026-07-20T06:44:22.943+0000] {processor.py:830} INFO - Processing file /workspaces/recomart-recommendation-pipeline/airflow_venv/lib/python3.12/site-packages/airflow/example_dags/tutorial_taskflow_api.py for tasks to queue
[2026-07-20T06:44:22.945+0000] {logging_mixin.py:188} INFO - [2026-07-20T06:44:22.945+0000] {dagbag.py:545} INFO - Filling up the DagBag from /workspaces/recomart-recommendation-pipeline/airflow_venv/lib/python3.12/site-packages/airflow/example_dags/tutorial_taskflow_api.py
[2026-07-20T06:44:22.952+0000] {processor.py:840} INFO - DAG(s) 'tutorial_taskflow_api' retrieved from /workspaces/recomart-recommendation-pipeline/airflow_venv/lib/python3.12/site-packages/airflow/example_dags/tutorial_taskflow_api.py
[2026-07-20T06:44:22.970+0000] {logging_mixin.py:188} INFO - [2026-07-20T06:44:22.970+0000] {dag.py:3089} INFO - Sync 1 DAGs
[2026-07-20T06:44:22.983+0000] {logging_mixin.py:188} INFO - [2026-07-20T06:44:22.983+0000] {dag.py:3947} INFO - Setting next_dagrun for tutorial_taskflow_api to None, run_after=None
[2026-07-20T06:44:23.035+0000] {processor.py:183} INFO - Processing /workspaces/recomart-recommendation-pipeline/airflow_venv/lib/python3.12/site-packages/airflow/example_dags/tutorial_taskflow_api.py took 0.099 seconds
[2026-07-20T06:45:04.986+0000] {processor.py:161} INFO - Started process (PID=82890) to work on /workspaces/recomart-recommendation-pipeline/airflow_venv/lib/python3.12/site-packages/airflow/example_dags/tutorial_taskflow_api.py
[2026-07-20T06:45:04.987+0000] {processor.py:830} INFO - Processing file /workspaces/recomart-recommendation-pipeline/airflow_venv/lib/python3.12/site-packages/airflow/example_dags/tutorial_taskflow_api.py for tasks to queue
[2026-07-20T06:45:04.988+0000] {logging_mixin.py:188} INFO - [2026-07-20T06:45:04.988+0000] {dagbag.py:545} INFO - Filling up the DagBag from /workspaces/recomart-recommendation-pipeline/airflow_venv/lib/python3.12/site-packages/airflow/example_dags/tutorial_taskflow_api.py
[2026-07-20T06:45:04.994+0000] {processor.py:840} INFO - DAG(s) 'tutorial_taskflow_api' retrieved from /workspaces/recomart-recommendation-pipeline/airflow_venv/lib/python3.12/site-packages/airflow/example_dags/tutorial_taskflow_api.py
[2026-07-20T06:45:05.006+0000] {logging_mixin.py:188} INFO - [2026-07-20T06:45:05.006+0000] {dag.py:3089} INFO - Sync 1 DAGs
[2026-07-20T06:45:05.017+0000] {logging_mixin.py:188} INFO - [2026-07-20T06:45:05.017+0000] {dag.py:3947} INFO - Setting next_dagrun for tutorial_taskflow_api to None, run_after=None
[2026-07-20T06:45:05.106+0000] {processor.py:183} INFO - Processing /workspaces/recomart-recommendation-pipeline/airflow_venv/lib/python3.12/site-packages/airflow/example_dags/tutorial_taskflow_api.py took 0.126 seconds
[2026-07-20T06:45:46.125+0000] {processor.py:161} INFO - Started process (PID=83276) to work on /workspaces/recomart-recommendation-pipeline/airflow_venv/lib/python3.12/site-packages/airflow/example_dags/tutorial_taskflow_api.py
[2026-07-20T06:45:46.126+0000] {processor.py:830} INFO - Processing file /workspaces/recomart-recommendation-pipeline/airflow_venv/lib/python3.12/site-packages/airflow/example_dags/tutorial_taskflow_api.py for tasks to queue
[2026-07-20T06:45:46.127+0000] {logging_mixin.py:188} INFO - [2026-07-20T06:45:46.127+0000] {dagbag.py:545} INFO - Filling up the DagBag from /workspaces/recomart-recommendation-pipeline/airflow_venv/lib/python3.12/site-packages/airflow/example_dags/tutorial_taskflow_api.py
[2026-07-20T06:45:46.132+0000] {processor.py:840} INFO - DAG(s) 'tutorial_taskflow_api' retrieved from /workspaces/recomart-recommendation-pipeline/airflow_venv/lib/python3.12/site-packages/airflow/example_dags/tutorial_taskflow_api.py
[2026-07-20T06:45:46.144+0000] {logging_mixin.py:188} INFO - [2026-07-20T06:45:46.143+0000] {dag.py:3089} INFO - Sync 1 DAGs
[2026-07-20T06:45:46.153+0000] {logging_mixin.py:188} INFO - [2026-07-20T06:45:46.153+0000] {dag.py:3947} INFO - Setting next_dagrun for tutorial_taskflow_api to None, run_after=None
[2026-07-20T06:45:46.172+0000] {processor.py:183} INFO - Processing /workspaces/recomart-recommendation-pipeline/airflow_venv/lib/python3.12/site-packages/airflow/example_dags/tutorial_taskflow_api.py took 0.051 seconds
[2026-07-20T06:46:32.152+0000] {processor.py:161} INFO - Started process (PID=83656) to work on /workspaces/recomart-recommendation-pipeline/airflow_venv/lib/python3.12/site-packages/airflow/example_dags/tutorial_taskflow_api.py
[2026-07-20T06:46:32.153+0000] {processor.py:830} INFO - Processing file /workspaces/recomart-recommendation-pipeline/airflow_venv/lib/python3.12/site-packages/airflow/example_dags/tutorial_taskflow_api.py for tasks to queue
[2026-07-20T06:46:32.154+0000] {logging_mixin.py:188} INFO - [2026-07-20T06:46:32.154+0000] {dagbag.py:545} INFO - Filling up the DagBag from /workspaces/recomart-recommendation-pipeline/airflow_venv/lib/python3.12/site-packages/airflow/example_dags/tutorial_taskflow_api.py
[2026-07-20T06:46:32.160+0000] {processor.py:840} INFO - DAG(s) 'tutorial_taskflow_api' retrieved from /workspaces/recomart-recommendation-pipeline/airflow_venv/lib/python3.12/site-packages/airflow/example_dags/tutorial_taskflow_api.py
[2026-07-20T06:46:32.173+0000] {logging_mixin.py:188} INFO - [2026-07-20T06:46:32.173+0000] {dag.py:3089} INFO - Sync 1 DAGs
[2026-07-20T06:46:32.185+0000] {logging_mixin.py:188} INFO - [2026-07-20T06:46:32.185+0000] {dag.py:3947} INFO - Setting next_dagrun for tutorial_taskflow_api to None, run_after=None
[2026-07-20T06:46:32.204+0000] {processor.py:183} INFO - Processing /workspaces/recomart-recommendation-pipeline/airflow_venv/lib/python3.12/site-packages/airflow/example_dags/tutorial_taskflow_api.py took 0.057 seconds
[2026-07-20T06:47:14.434+0000] {processor.py:161} INFO - Started process (PID=84023) to work on /workspaces/recomart-recommendation-pipeline/airflow_venv/lib/python3.12/site-packages/airflow/example_dags/tutorial_taskflow_api.py
[2026-07-20T06:47:14.435+0000] {processor.py:830} INFO - Processing file /workspaces/recomart-recommendation-pipeline/airflow_venv/lib/python3.12/site-packages/airflow/example_dags/tutorial_taskflow_api.py for tasks to queue
[2026-07-20T06:47:14.437+0000] {logging_mixin.py:188} INFO - [2026-07-20T06:47:14.436+0000] {dagbag.py:545} INFO - Filling up the DagBag from /workspaces/recomart-recommendation-pipeline/airflow_venv/lib/python3.12/site-packages/airflow/example_dags/tutorial_taskflow_api.py
[2026-07-20T06:47:14.444+0000] {processor.py:840} INFO - DAG(s) 'tutorial_taskflow_api' retrieved from /workspaces/recomart-recommendation-pipeline/airflow_venv/lib/python3.12/site-packages/airflow/example_dags/tutorial_taskflow_api.py
[2026-07-20T06:47:14.462+0000] {logging_mixin.py:188} INFO - [2026-07-20T06:47:14.461+0000] {dag.py:3089} INFO - Sync 1 DAGs
[2026-07-20T06:47:14.473+0000] {logging_mixin.py:188} INFO - [2026-07-20T06:47:14.472+0000] {dag.py:3947} INFO - Setting next_dagrun for tutorial_taskflow_api to None, run_after=None
[2026-07-20T06:47:14.492+0000] {processor.py:183} INFO - Processing /workspaces/recomart-recommendation-pipeline/airflow_venv/lib/python3.12/site-packages/airflow/example_dags/tutorial_taskflow_api.py took 0.065 seconds
[2026-07-20T06:47:56.422+0000] {processor.py:161} INFO - Started process (PID=84387) to work on /workspaces/recomart-recommendation-pipeline/airflow_venv/lib/python3.12/site-packages/airflow/example_dags/tutorial_taskflow_api.py
[2026-07-20T06:47:56.423+0000] {processor.py:830} INFO - Processing file /workspaces/recomart-recommendation-pipeline/airflow_venv/lib/python3.12/site-packages/airflow/example_dags/tutorial_taskflow_api.py for tasks to queue
[2026-07-20T06:47:56.424+0000] {logging_mixin.py:188} INFO - [2026-07-20T06:47:56.424+0000] {dagbag.py:545} INFO - Filling up the DagBag from /workspaces/recomart-recommendation-pipeline/airflow_venv/lib/python3.12/site-packages/airflow/example_dags/tutorial_taskflow_api.py
[2026-07-20T06:47:56.429+0000] {processor.py:840} INFO - DAG(s) 'tutorial_taskflow_api' retrieved from /workspaces/recomart-recommendation-pipeline/airflow_venv/lib/python3.12/site-packages/airflow/example_dags/tutorial_taskflow_api.py
[2026-07-20T06:47:56.440+0000] {logging_mixin.py:188} INFO - [2026-07-20T06:47:56.440+0000] {dag.py:3089} INFO - Sync 1 DAGs
[2026-07-20T06:47:56.449+0000] {logging_mixin.py:188} INFO - [2026-07-20T06:47:56.448+0000] {dag.py:3947} INFO - Setting next_dagrun for tutorial_taskflow_api to None, run_after=None
[2026-07-20T06:47:56.465+0000] {processor.py:183} INFO - Processing /workspaces/recomart-recommendation-pipeline/airflow_venv/lib/python3.12/site-packages/airflow/example_dags/tutorial_taskflow_api.py took 0.047 seconds
[2026-07-20T06:48:38.673+0000] {processor.py:161} INFO - Started process (PID=84686) to work on /workspaces/recomart-recommendation-pipeline/airflow_venv/lib/python3.12/site-packages/airflow/example_dags/tutorial_taskflow_api.py
[2026-07-20T06:48:38.674+0000] {processor.py:830} INFO - Processing file /workspaces/recomart-recommendation-pipeline/airflow_venv/lib/python3.12/site-packages/airflow/example_dags/tutorial_taskflow_api.py for tasks to queue
[2026-07-20T06:48:38.676+0000] {logging_mixin.py:188} INFO - [2026-07-20T06:48:38.676+0000] {dagbag.py:545} INFO - Filling up the DagBag from /workspaces/recomart-recommendation-pipeline/airflow_venv/lib/python3.12/site-packages/airflow/example_dags/tutorial_taskflow_api.py
[2026-07-20T06:48:38.683+0000] {processor.py:840} INFO - DAG(s) 'tutorial_taskflow_api' retrieved from /workspaces/recomart-recommendation-pipeline/airflow_venv/lib/python3.12/site-packages/airflow/example_dags/tutorial_taskflow_api.py
[2026-07-20T06:48:38.696+0000] {logging_mixin.py:188} INFO - [2026-07-20T06:48:38.696+0000] {dag.py:3089} INFO - Sync 1 DAGs
[2026-07-20T06:48:38.706+0000] {logging_mixin.py:188} INFO - [2026-07-20T06:48:38.706+0000] {dag.py:3947} INFO - Setting next_dagrun for tutorial_taskflow_api to None, run_after=None
[2026-07-20T06:48:38.725+0000] {processor.py:183} INFO - Processing /workspaces/recomart-recommendation-pipeline/airflow_venv/lib/python3.12/site-packages/airflow/example_dags/tutorial_taskflow_api.py took 0.058 seconds
[2026-07-20T06:49:19.472+0000] {processor.py:161} INFO - Started process (PID=85172) to work on /workspaces/recomart-recommendation-pipeline/airflow_venv/lib/python3.12/site-packages/airflow/example_dags/tutorial_taskflow_api.py
[2026-07-20T06:49:19.473+0000] {processor.py:830} INFO - Processing file /workspaces/recomart-recommendation-pipeline/airflow_venv/lib/python3.12/site-packages/airflow/example_dags/tutorial_taskflow_api.py for tasks to queue
[2026-07-20T06:49:19.475+0000] {logging_mixin.py:188} INFO - [2026-07-20T06:49:19.475+0000] {dagbag.py:545} INFO - Filling up the DagBag from /workspaces/recomart-recommendation-pipeline/airflow_venv/lib/python3.12/site-packages/airflow/example_dags/tutorial_taskflow_api.py
[2026-07-20T06:49:19.481+0000] {processor.py:840} INFO - DAG(s) 'tutorial_taskflow_api' retrieved from /workspaces/recomart-recommendation-pipeline/airflow_venv/lib/python3.12/site-packages/airflow/example_dags/tutorial_taskflow_api.py
[2026-07-20T06:49:19.494+0000] {logging_mixin.py:188} INFO - [2026-07-20T06:49:19.494+0000] {dag.py:3089} INFO - Sync 1 DAGs
[2026-07-20T06:49:19.503+0000] {logging_mixin.py:188} INFO - [2026-07-20T06:49:19.503+0000] {dag.py:3947} INFO - Setting next_dagrun for tutorial_taskflow_api to None, run_after=None
[2026-07-20T06:49:19.519+0000] {processor.py:183} INFO - Processing /workspaces/recomart-recommendation-pipeline/airflow_venv/lib/python3.12/site-packages/airflow/example_dags/tutorial_taskflow_api.py took 0.052 seconds
[2026-07-20T06:50:00.623+0000] {processor.py:161} INFO - Started process (PID=85588) to work on /workspaces/recomart-recommendation-pipeline/airflow_venv/lib/python3.12/site-packages/airflow/example_dags/tutorial_taskflow_api.py
[2026-07-20T06:50:00.623+0000] {processor.py:830} INFO - Processing file /workspaces/recomart-recommendation-pipeline/airflow_venv/lib/python3.12/site-packages/airflow/example_dags/tutorial_taskflow_api.py for tasks to queue
[2026-07-20T06:50:00.625+0000] {logging_mixin.py:188} INFO - [2026-07-20T06:50:00.624+0000] {dagbag.py:545} INFO - Filling up the DagBag from /workspaces/recomart-recommendation-pipeline/airflow_venv/lib/python3.12/site-packages/airflow/example_dags/tutorial_taskflow_api.py
[2026-07-20T06:50:00.630+0000] {processor.py:840} INFO - DAG(s) 'tutorial_taskflow_api' retrieved from /workspaces/recomart-recommendation-pipeline/airflow_venv/lib/python3.12/site-packages/airflow/example_dags/tutorial_taskflow_api.py
[2026-07-20T06:50:00.641+0000] {logging_mixin.py:188} INFO - [2026-07-20T06:50:00.641+0000] {dag.py:3089} INFO - Sync 1 DAGs
[2026-07-20T06:50:00.650+0000] {logging_mixin.py:188} INFO - [2026-07-20T06:50:00.650+0000] {dag.py:3947} INFO - Setting next_dagrun for tutorial_taskflow_api to None, run_after=None
[2026-07-20T06:50:00.668+0000] {processor.py:183} INFO - Processing /workspaces/recomart-recommendation-pipeline/airflow_venv/lib/python3.12/site-packages/airflow/example_dags/tutorial_taskflow_api.py took 0.050 seconds
[2026-07-20T06:50:46.324+0000] {processor.py:161} INFO - Started process (PID=86112) to work on /workspaces/recomart-recommendation-pipeline/airflow_venv/lib/python3.12/site-packages/airflow/example_dags/tutorial_taskflow_api.py
[2026-07-20T06:50:46.325+0000] {processor.py:830} INFO - Processing file /workspaces/recomart-recommendation-pipeline/airflow_venv/lib/python3.12/site-packages/airflow/example_dags/tutorial_taskflow_api.py for tasks to queue
[2026-07-20T06:50:46.326+0000] {logging_mixin.py:188} INFO - [2026-07-20T06:50:46.326+0000] {dagbag.py:545} INFO - Filling up the DagBag from /workspaces/recomart-recommendation-pipeline/airflow_venv/lib/python3.12/site-packages/airflow/example_dags/tutorial_taskflow_api.py
[2026-07-20T06:50:46.334+0000] {processor.py:840} INFO - DAG(s) 'tutorial_taskflow_api' retrieved from /workspaces/recomart-recommendation-pipeline/airflow_venv/lib/python3.12/site-packages/airflow/example_dags/tutorial_taskflow_api.py
[2026-07-20T06:50:46.351+0000] {logging_mixin.py:188} INFO - [2026-07-20T06:50:46.350+0000] {dag.py:3089} INFO - Sync 1 DAGs
[2026-07-20T06:50:46.369+0000] {logging_mixin.py:188} INFO - [2026-07-20T06:50:46.369+0000] {dag.py:3947} INFO - Setting next_dagrun for tutorial_taskflow_api to None, run_after=None
[2026-07-20T06:50:46.413+0000] {processor.py:183} INFO - Processing /workspaces/recomart-recommendation-pipeline/airflow_venv/lib/python3.12/site-packages/airflow/example_dags/tutorial_taskflow_api.py took 0.097 seconds
[2026-07-20T06:51:32.429+0000] {processor.py:161} INFO - Started process (PID=86498) to work on /workspaces/recomart-recommendation-pipeline/airflow_venv/lib/python3.12/site-packages/airflow/example_dags/tutorial_taskflow_api.py
[2026-07-20T06:51:32.430+0000] {processor.py:830} INFO - Processing file /workspaces/recomart-recommendation-pipeline/airflow_venv/lib/python3.12/site-packages/airflow/example_dags/tutorial_taskflow_api.py for tasks to queue
[2026-07-20T06:51:32.432+0000] {logging_mixin.py:188} INFO - [2026-07-20T06:51:32.432+0000] {dagbag.py:545} INFO - Filling up the DagBag from /workspaces/recomart-recommendation-pipeline/airflow_venv/lib/python3.12/site-packages/airflow/example_dags/tutorial_taskflow_api.py
[2026-07-20T06:51:32.439+0000] {processor.py:840} INFO - DAG(s) 'tutorial_taskflow_api' retrieved from /workspaces/recomart-recommendation-pipeline/airflow_venv/lib/python3.12/site-packages/airflow/example_dags/tutorial_taskflow_api.py
[2026-07-20T06:51:32.455+0000] {logging_mixin.py:188} INFO - [2026-07-20T06:51:32.455+0000] {dag.py:3089} INFO - Sync 1 DAGs
[2026-07-20T06:51:32.468+0000] {logging_mixin.py:188} INFO - [2026-07-20T06:51:32.467+0000] {dag.py:3947} INFO - Setting next_dagrun for tutorial_taskflow_api to None, run_after=None
[2026-07-20T06:51:32.491+0000] {processor.py:183} INFO - Processing /workspaces/recomart-recommendation-pipeline/airflow_venv/lib/python3.12/site-packages/airflow/example_dags/tutorial_taskflow_api.py took 0.068 seconds
[2026-07-20T06:57:47.659+0000] {processor.py:161} INFO - Started process (PID=89455) to work on /workspaces/recomart-recommendation-pipeline/airflow_venv/lib/python3.12/site-packages/airflow/example_dags/tutorial_taskflow_api.py
[2026-07-20T06:57:47.660+0000] {processor.py:830} INFO - Processing file /workspaces/recomart-recommendation-pipeline/airflow_venv/lib/python3.12/site-packages/airflow/example_dags/tutorial_taskflow_api.py for tasks to queue
[2026-07-20T06:57:47.662+0000] {logging_mixin.py:188} INFO - [2026-07-20T06:57:47.661+0000] {dagbag.py:545} INFO - Filling up the DagBag from /workspaces/recomart-recommendation-pipeline/airflow_venv/lib/python3.12/site-packages/airflow/example_dags/tutorial_taskflow_api.py
[2026-07-20T06:57:47.690+0000] {processor.py:840} INFO - DAG(s) 'tutorial_taskflow_api' retrieved from /workspaces/recomart-recommendation-pipeline/airflow_venv/lib/python3.12/site-packages/airflow/example_dags/tutorial_taskflow_api.py
[2026-07-20T06:57:47.703+0000] {logging_mixin.py:188} INFO - [2026-07-20T06:57:47.703+0000] {dag.py:3089} INFO - Sync 1 DAGs
[2026-07-20T06:57:47.725+0000] {logging_mixin.py:188} INFO - [2026-07-20T06:57:47.725+0000] {dag.py:3947} INFO - Setting next_dagrun for tutorial_taskflow_api to None, run_after=None
[2026-07-20T06:57:47.751+0000] {processor.py:183} INFO - Processing /workspaces/recomart-recommendation-pipeline/airflow_venv/lib/python3.12/site-packages/airflow/example_dags/tutorial_taskflow_api.py took 0.099 seconds
[2026-07-20T06:58:43.597+0000] {processor.py:161} INFO - Started process (PID=90033) to work on /workspaces/recomart-recommendation-pipeline/airflow_venv/lib/python3.12/site-packages/airflow/example_dags/tutorial_taskflow_api.py
[2026-07-20T06:58:43.597+0000] {processor.py:830} INFO - Processing file /workspaces/recomart-recommendation-pipeline/airflow_venv/lib/python3.12/site-packages/airflow/example_dags/tutorial_taskflow_api.py for tasks to queue
[2026-07-20T06:58:43.599+0000] {logging_mixin.py:188} INFO - [2026-07-20T06:58:43.598+0000] {dagbag.py:545} INFO - Filling up the DagBag from /workspaces/recomart-recommendation-pipeline/airflow_venv/lib/python3.12/site-packages/airflow/example_dags/tutorial_taskflow_api.py
[2026-07-20T06:58:43.604+0000] {processor.py:840} INFO - DAG(s) 'tutorial_taskflow_api' retrieved from /workspaces/recomart-recommendation-pipeline/airflow_venv/lib/python3.12/site-packages/airflow/example_dags/tutorial_taskflow_api.py
[2026-07-20T06:58:43.694+0000] {logging_mixin.py:188} INFO - [2026-07-20T06:58:43.694+0000] {dag.py:3089} INFO - Sync 1 DAGs
[2026-07-20T06:58:43.701+0000] {logging_mixin.py:188} INFO - [2026-07-20T06:58:43.701+0000] {dag.py:3947} INFO - Setting next_dagrun for tutorial_taskflow_api to None, run_after=None
[2026-07-20T06:58:43.720+0000] {processor.py:183} INFO - Processing /workspaces/recomart-recommendation-pipeline/airflow_venv/lib/python3.12/site-packages/airflow/example_dags/tutorial_taskflow_api.py took 0.127 seconds
[2026-07-20T07:00:16.875+0000] {processor.py:161} INFO - Started process (PID=91665) to work on /workspaces/recomart-recommendation-pipeline/airflow_venv/lib/python3.12/site-packages/airflow/example_dags/tutorial_taskflow_api.py
[2026-07-20T07:00:16.878+0000] {processor.py:830} INFO - Processing file /workspaces/recomart-recommendation-pipeline/airflow_venv/lib/python3.12/site-packages/airflow/example_dags/tutorial_taskflow_api.py for tasks to queue
[2026-07-20T07:00:16.879+0000] {logging_mixin.py:188} INFO - [2026-07-20T07:00:16.879+0000] {dagbag.py:545} INFO - Filling up the DagBag from /workspaces/recomart-recommendation-pipeline/airflow_venv/lib/python3.12/site-packages/airflow/example_dags/tutorial_taskflow_api.py
[2026-07-20T07:00:16.885+0000] {processor.py:840} INFO - DAG(s) 'tutorial_taskflow_api' retrieved from /workspaces/recomart-recommendation-pipeline/airflow_venv/lib/python3.12/site-packages/airflow/example_dags/tutorial_taskflow_api.py
[2026-07-20T07:00:16.900+0000] {logging_mixin.py:188} INFO - [2026-07-20T07:00:16.899+0000] {dag.py:3089} INFO - Sync 1 DAGs
[2026-07-20T07:00:16.909+0000] {logging_mixin.py:188} INFO - [2026-07-20T07:00:16.909+0000] {dag.py:3947} INFO - Setting next_dagrun for tutorial_taskflow_api to None, run_after=None
[2026-07-20T07:00:16.926+0000] {processor.py:183} INFO - Processing /workspaces/recomart-recommendation-pipeline/airflow_venv/lib/python3.12/site-packages/airflow/example_dags/tutorial_taskflow_api.py took 0.057 seconds
[2026-07-20T07:01:07.407+0000] {processor.py:161} INFO - Started process (PID=92098) to work on /workspaces/recomart-recommendation-pipeline/airflow_venv/lib/python3.12/site-packages/airflow/example_dags/tutorial_taskflow_api.py
[2026-07-20T07:01:07.408+0000] {processor.py:830} INFO - Processing file /workspaces/recomart-recommendation-pipeline/airflow_venv/lib/python3.12/site-packages/airflow/example_dags/tutorial_taskflow_api.py for tasks to queue
[2026-07-20T07:01:07.409+0000] {logging_mixin.py:188} INFO - [2026-07-20T07:01:07.409+0000] {dagbag.py:545} INFO - Filling up the DagBag from /workspaces/recomart-recommendation-pipeline/airflow_venv/lib/python3.12/site-packages/airflow/example_dags/tutorial_taskflow_api.py
[2026-07-20T07:01:07.414+0000] {processor.py:840} INFO - DAG(s) 'tutorial_taskflow_api' retrieved from /workspaces/recomart-recommendation-pipeline/airflow_venv/lib/python3.12/site-packages/airflow/example_dags/tutorial_taskflow_api.py
[2026-07-20T07:01:07.425+0000] {logging_mixin.py:188} INFO - [2026-07-20T07:01:07.425+0000] {dag.py:3089} INFO - Sync 1 DAGs
[2026-07-20T07:01:07.434+0000] {logging_mixin.py:188} INFO - [2026-07-20T07:01:07.434+0000] {dag.py:3947} INFO - Setting next_dagrun for tutorial_taskflow_api to None, run_after=None
[2026-07-20T07:01:07.453+0000] {processor.py:183} INFO - Processing /workspaces/recomart-recommendation-pipeline/airflow_venv/lib/python3.12/site-packages/airflow/example_dags/tutorial_taskflow_api.py took 0.050 seconds
