[2026-07-20T05:58:51.061+0000] {processor.py:161} INFO - Started process (PID=57973) to work on /workspaces/recomart-recommendation-pipeline/airflow_venv/lib/python3.12/site-packages/airflow/example_dags/tutorial_dag.py
[2026-07-20T05:58:51.061+0000] {processor.py:830} INFO - Processing file /workspaces/recomart-recommendation-pipeline/airflow_venv/lib/python3.12/site-packages/airflow/example_dags/tutorial_dag.py for tasks to queue
[2026-07-20T05:58:51.063+0000] {logging_mixin.py:188} INFO - [2026-07-20T05:58:51.062+0000] {dagbag.py:545} INFO - Filling up the DagBag from /workspaces/recomart-recommendation-pipeline/airflow_venv/lib/python3.12/site-packages/airflow/example_dags/tutorial_dag.py
[2026-07-20T05:58:51.071+0000] {processor.py:840} INFO - DAG(s) 'tutorial_dag' retrieved from /workspaces/recomart-recommendation-pipeline/airflow_venv/lib/python3.12/site-packages/airflow/example_dags/tutorial_dag.py
[2026-07-20T05:58:51.174+0000] {logging_mixin.py:188} INFO - [2026-07-20T05:58:51.173+0000] {override.py:1858} INFO - Created Permission View: can read on DAG:tutorial_dag
[2026-07-20T05:58:51.185+0000] {logging_mixin.py:188} INFO - [2026-07-20T05:58:51.184+0000] {override.py:1858} INFO - Created Permission View: can edit on DAG:tutorial_dag
[2026-07-20T05:58:51.193+0000] {logging_mixin.py:188} INFO - [2026-07-20T05:58:51.193+0000] {override.py:1858} INFO - Created Permission View: can delete on DAG:tutorial_dag
[2026-07-20T05:58:51.193+0000] {logging_mixin.py:188} INFO - [2026-07-20T05:58:51.193+0000] {dag.py:3089} INFO - Sync 1 DAGs
[2026-07-20T05:58:51.202+0000] {logging_mixin.py:188} INFO - [2026-07-20T05:58:51.201+0000] {dag.py:3111} INFO - Creating ORM DAG for tutorial_dag
[2026-07-20T05:58:51.202+0000] {logging_mixin.py:188} INFO - [2026-07-20T05:58:51.202+0000] {dag.py:3947} INFO - Setting next_dagrun for tutorial_dag to None, run_after=None
[2026-07-20T05:58:51.220+0000] {processor.py:183} INFO - Processing /workspaces/recomart-recommendation-pipeline/airflow_venv/lib/python3.12/site-packages/airflow/example_dags/tutorial_dag.py took 0.164 seconds
[2026-07-20T05:59:51.422+0000] {processor.py:161} INFO - Started process (PID=58578) to work on /workspaces/recomart-recommendation-pipeline/airflow_venv/lib/python3.12/site-packages/airflow/example_dags/tutorial_dag.py
[2026-07-20T05:59:51.422+0000] {processor.py:830} INFO - Processing file /workspaces/recomart-recommendation-pipeline/airflow_venv/lib/python3.12/site-packages/airflow/example_dags/tutorial_dag.py for tasks to queue
[2026-07-20T05:59:51.424+0000] {logging_mixin.py:188} INFO - [2026-07-20T05:59:51.424+0000] {dagbag.py:545} INFO - Filling up the DagBag from /workspaces/recomart-recommendation-pipeline/airflow_venv/lib/python3.12/site-packages/airflow/example_dags/tutorial_dag.py
[2026-07-20T05:59:51.431+0000] {processor.py:840} INFO - DAG(s) 'tutorial_dag' retrieved from /workspaces/recomart-recommendation-pipeline/airflow_venv/lib/python3.12/site-packages/airflow/example_dags/tutorial_dag.py
[2026-07-20T05:59:51.442+0000] {logging_mixin.py:188} INFO - [2026-07-20T05:59:51.442+0000] {dag.py:3089} INFO - Sync 1 DAGs
[2026-07-20T05:59:51.451+0000] {logging_mixin.py:188} INFO - [2026-07-20T05:59:51.451+0000] {dag.py:3947} INFO - Setting next_dagrun for tutorial_dag to None, run_after=None
[2026-07-20T05:59:51.468+0000] {processor.py:183} INFO - Processing /workspaces/recomart-recommendation-pipeline/airflow_venv/lib/python3.12/site-packages/airflow/example_dags/tutorial_dag.py took 0.051 seconds
[2026-07-20T06:00:39.498+0000] {processor.py:161} INFO - Started process (PID=58999) to work on /workspaces/recomart-recommendation-pipeline/airflow_venv/lib/python3.12/site-packages/airflow/example_dags/tutorial_dag.py
[2026-07-20T06:00:39.499+0000] {processor.py:830} INFO - Processing file /workspaces/recomart-recommendation-pipeline/airflow_venv/lib/python3.12/site-packages/airflow/example_dags/tutorial_dag.py for tasks to queue
[2026-07-20T06:00:39.500+0000] {logging_mixin.py:188} INFO - [2026-07-20T06:00:39.500+0000] {dagbag.py:545} INFO - Filling up the DagBag from /workspaces/recomart-recommendation-pipeline/airflow_venv/lib/python3.12/site-packages/airflow/example_dags/tutorial_dag.py
[2026-07-20T06:00:39.504+0000] {processor.py:840} INFO - DAG(s) 'tutorial_dag' retrieved from /workspaces/recomart-recommendation-pipeline/airflow_venv/lib/python3.12/site-packages/airflow/example_dags/tutorial_dag.py
[2026-07-20T06:00:39.515+0000] {logging_mixin.py:188} INFO - [2026-07-20T06:00:39.515+0000] {dag.py:3089} INFO - Sync 1 DAGs
[2026-07-20T06:00:39.528+0000] {logging_mixin.py:188} INFO - [2026-07-20T06:00:39.527+0000] {dag.py:3947} INFO - Setting next_dagrun for tutorial_dag to None, run_after=None
[2026-07-20T06:00:39.596+0000] {processor.py:183} INFO - Processing /workspaces/recomart-recommendation-pipeline/airflow_venv/lib/python3.12/site-packages/airflow/example_dags/tutorial_dag.py took 0.103 seconds
[2026-07-20T06:01:24.405+0000] {processor.py:161} INFO - Started process (PID=59494) to work on /workspaces/recomart-recommendation-pipeline/airflow_venv/lib/python3.12/site-packages/airflow/example_dags/tutorial_dag.py
[2026-07-20T06:01:24.406+0000] {processor.py:830} INFO - Processing file /workspaces/recomart-recommendation-pipeline/airflow_venv/lib/python3.12/site-packages/airflow/example_dags/tutorial_dag.py for tasks to queue
[2026-07-20T06:01:24.407+0000] {logging_mixin.py:188} INFO - [2026-07-20T06:01:24.407+0000] {dagbag.py:545} INFO - Filling up the DagBag from /workspaces/recomart-recommendation-pipeline/airflow_venv/lib/python3.12/site-packages/airflow/example_dags/tutorial_dag.py
[2026-07-20T06:01:24.412+0000] {processor.py:840} INFO - DAG(s) 'tutorial_dag' retrieved from /workspaces/recomart-recommendation-pipeline/airflow_venv/lib/python3.12/site-packages/airflow/example_dags/tutorial_dag.py
[2026-07-20T06:01:24.424+0000] {logging_mixin.py:188} INFO - [2026-07-20T06:01:24.424+0000] {dag.py:3089} INFO - Sync 1 DAGs
[2026-07-20T06:01:24.434+0000] {logging_mixin.py:188} INFO - [2026-07-20T06:01:24.434+0000] {dag.py:3947} INFO - Setting next_dagrun for tutorial_dag to None, run_after=None
[2026-07-20T06:01:24.451+0000] {processor.py:183} INFO - Processing /workspaces/recomart-recommendation-pipeline/airflow_venv/lib/python3.12/site-packages/airflow/example_dags/tutorial_dag.py took 0.051 seconds
[2026-07-20T06:02:07.331+0000] {processor.py:161} INFO - Started process (PID=59985) to work on /workspaces/recomart-recommendation-pipeline/airflow_venv/lib/python3.12/site-packages/airflow/example_dags/tutorial_dag.py
[2026-07-20T06:02:07.332+0000] {processor.py:830} INFO - Processing file /workspaces/recomart-recommendation-pipeline/airflow_venv/lib/python3.12/site-packages/airflow/example_dags/tutorial_dag.py for tasks to queue
[2026-07-20T06:02:07.333+0000] {logging_mixin.py:188} INFO - [2026-07-20T06:02:07.333+0000] {dagbag.py:545} INFO - Filling up the DagBag from /workspaces/recomart-recommendation-pipeline/airflow_venv/lib/python3.12/site-packages/airflow/example_dags/tutorial_dag.py
[2026-07-20T06:02:07.338+0000] {processor.py:840} INFO - DAG(s) 'tutorial_dag' retrieved from /workspaces/recomart-recommendation-pipeline/airflow_venv/lib/python3.12/site-packages/airflow/example_dags/tutorial_dag.py
[2026-07-20T06:02:07.351+0000] {logging_mixin.py:188} INFO - [2026-07-20T06:02:07.351+0000] {dag.py:3089} INFO - Sync 1 DAGs
[2026-07-20T06:02:07.360+0000] {logging_mixin.py:188} INFO - [2026-07-20T06:02:07.360+0000] {dag.py:3947} INFO - Setting next_dagrun for tutorial_dag to None, run_after=None
[2026-07-20T06:02:07.381+0000] {processor.py:183} INFO - Processing /workspaces/recomart-recommendation-pipeline/airflow_venv/lib/python3.12/site-packages/airflow/example_dags/tutorial_dag.py took 0.054 seconds
[2026-07-20T06:02:52.271+0000] {processor.py:161} INFO - Started process (PID=60376) to work on /workspaces/recomart-recommendation-pipeline/airflow_venv/lib/python3.12/site-packages/airflow/example_dags/tutorial_dag.py
[2026-07-20T06:02:52.272+0000] {processor.py:830} INFO - Processing file /workspaces/recomart-recommendation-pipeline/airflow_venv/lib/python3.12/site-packages/airflow/example_dags/tutorial_dag.py for tasks to queue
[2026-07-20T06:02:52.274+0000] {logging_mixin.py:188} INFO - [2026-07-20T06:02:52.273+0000] {dagbag.py:545} INFO - Filling up the DagBag from /workspaces/recomart-recommendation-pipeline/airflow_venv/lib/python3.12/site-packages/airflow/example_dags/tutorial_dag.py
[2026-07-20T06:02:52.279+0000] {processor.py:840} INFO - DAG(s) 'tutorial_dag' retrieved from /workspaces/recomart-recommendation-pipeline/airflow_venv/lib/python3.12/site-packages/airflow/example_dags/tutorial_dag.py
[2026-07-20T06:02:52.294+0000] {logging_mixin.py:188} INFO - [2026-07-20T06:02:52.294+0000] {dag.py:3089} INFO - Sync 1 DAGs
[2026-07-20T06:02:52.303+0000] {logging_mixin.py:188} INFO - [2026-07-20T06:02:52.303+0000] {dag.py:3947} INFO - Setting next_dagrun for tutorial_dag to None, run_after=None
[2026-07-20T06:02:52.322+0000] {processor.py:183} INFO - Processing /workspaces/recomart-recommendation-pipeline/airflow_venv/lib/python3.12/site-packages/airflow/example_dags/tutorial_dag.py took 0.056 seconds
[2026-07-20T06:03:43.166+0000] {processor.py:161} INFO - Started process (PID=60862) to work on /workspaces/recomart-recommendation-pipeline/airflow_venv/lib/python3.12/site-packages/airflow/example_dags/tutorial_dag.py
[2026-07-20T06:03:43.167+0000] {processor.py:830} INFO - Processing file /workspaces/recomart-recommendation-pipeline/airflow_venv/lib/python3.12/site-packages/airflow/example_dags/tutorial_dag.py for tasks to queue
[2026-07-20T06:03:43.169+0000] {logging_mixin.py:188} INFO - [2026-07-20T06:03:43.168+0000] {dagbag.py:545} INFO - Filling up the DagBag from /workspaces/recomart-recommendation-pipeline/airflow_venv/lib/python3.12/site-packages/airflow/example_dags/tutorial_dag.py
[2026-07-20T06:03:43.177+0000] {processor.py:840} INFO - DAG(s) 'tutorial_dag' retrieved from /workspaces/recomart-recommendation-pipeline/airflow_venv/lib/python3.12/site-packages/airflow/example_dags/tutorial_dag.py
[2026-07-20T06:03:43.254+0000] {logging_mixin.py:188} INFO - [2026-07-20T06:03:43.253+0000] {dag.py:3089} INFO - Sync 1 DAGs
[2026-07-20T06:03:43.313+0000] {logging_mixin.py:188} INFO - [2026-07-20T06:03:43.312+0000] {dag.py:3947} INFO - Setting next_dagrun for tutorial_dag to None, run_after=None
[2026-07-20T06:03:43.356+0000] {processor.py:183} INFO - Processing /workspaces/recomart-recommendation-pipeline/airflow_venv/lib/python3.12/site-packages/airflow/example_dags/tutorial_dag.py took 0.196 seconds
[2026-07-20T06:04:27.242+0000] {processor.py:161} INFO - Started process (PID=61175) to work on /workspaces/recomart-recommendation-pipeline/airflow_venv/lib/python3.12/site-packages/airflow/example_dags/tutorial_dag.py
[2026-07-20T06:04:27.243+0000] {processor.py:830} INFO - Processing file /workspaces/recomart-recommendation-pipeline/airflow_venv/lib/python3.12/site-packages/airflow/example_dags/tutorial_dag.py for tasks to queue
[2026-07-20T06:04:27.245+0000] {logging_mixin.py:188} INFO - [2026-07-20T06:04:27.245+0000] {dagbag.py:545} INFO - Filling up the DagBag from /workspaces/recomart-recommendation-pipeline/airflow_venv/lib/python3.12/site-packages/airflow/example_dags/tutorial_dag.py
[2026-07-20T06:04:27.251+0000] {processor.py:840} INFO - DAG(s) 'tutorial_dag' retrieved from /workspaces/recomart-recommendation-pipeline/airflow_venv/lib/python3.12/site-packages/airflow/example_dags/tutorial_dag.py
[2026-07-20T06:04:27.268+0000] {logging_mixin.py:188} INFO - [2026-07-20T06:04:27.267+0000] {dag.py:3089} INFO - Sync 1 DAGs
[2026-07-20T06:04:27.420+0000] {logging_mixin.py:188} INFO - [2026-07-20T06:04:27.420+0000] {dag.py:3947} INFO - Setting next_dagrun for tutorial_dag to None, run_after=None
[2026-07-20T06:04:27.469+0000] {processor.py:183} INFO - Processing /workspaces/recomart-recommendation-pipeline/airflow_venv/lib/python3.12/site-packages/airflow/example_dags/tutorial_dag.py took 0.233 seconds
[2026-07-20T06:05:10.741+0000] {processor.py:161} INFO - Started process (PID=61547) to work on /workspaces/recomart-recommendation-pipeline/airflow_venv/lib/python3.12/site-packages/airflow/example_dags/tutorial_dag.py
[2026-07-20T06:05:10.742+0000] {processor.py:830} INFO - Processing file /workspaces/recomart-recommendation-pipeline/airflow_venv/lib/python3.12/site-packages/airflow/example_dags/tutorial_dag.py for tasks to queue
[2026-07-20T06:05:10.743+0000] {logging_mixin.py:188} INFO - [2026-07-20T06:05:10.743+0000] {dagbag.py:545} INFO - Filling up the DagBag from /workspaces/recomart-recommendation-pipeline/airflow_venv/lib/python3.12/site-packages/airflow/example_dags/tutorial_dag.py
[2026-07-20T06:05:10.747+0000] {processor.py:840} INFO - DAG(s) 'tutorial_dag' retrieved from /workspaces/recomart-recommendation-pipeline/airflow_venv/lib/python3.12/site-packages/airflow/example_dags/tutorial_dag.py
[2026-07-20T06:05:10.760+0000] {logging_mixin.py:188} INFO - [2026-07-20T06:05:10.760+0000] {dag.py:3089} INFO - Sync 1 DAGs
[2026-07-20T06:05:10.770+0000] {logging_mixin.py:188} INFO - [2026-07-20T06:05:10.769+0000] {dag.py:3947} INFO - Setting next_dagrun for tutorial_dag to None, run_after=None
[2026-07-20T06:05:10.790+0000] {processor.py:183} INFO - Processing /workspaces/recomart-recommendation-pipeline/airflow_venv/lib/python3.12/site-packages/airflow/example_dags/tutorial_dag.py took 0.053 seconds
[2026-07-20T06:05:56.655+0000] {processor.py:161} INFO - Started process (PID=61944) to work on /workspaces/recomart-recommendation-pipeline/airflow_venv/lib/python3.12/site-packages/airflow/example_dags/tutorial_dag.py
[2026-07-20T06:05:56.656+0000] {processor.py:830} INFO - Processing file /workspaces/recomart-recommendation-pipeline/airflow_venv/lib/python3.12/site-packages/airflow/example_dags/tutorial_dag.py for tasks to queue
[2026-07-20T06:05:56.657+0000] {logging_mixin.py:188} INFO - [2026-07-20T06:05:56.657+0000] {dagbag.py:545} INFO - Filling up the DagBag from /workspaces/recomart-recommendation-pipeline/airflow_venv/lib/python3.12/site-packages/airflow/example_dags/tutorial_dag.py
[2026-07-20T06:05:56.661+0000] {processor.py:840} INFO - DAG(s) 'tutorial_dag' retrieved from /workspaces/recomart-recommendation-pipeline/airflow_venv/lib/python3.12/site-packages/airflow/example_dags/tutorial_dag.py
[2026-07-20T06:05:56.674+0000] {logging_mixin.py:188} INFO - [2026-07-20T06:05:56.674+0000] {dag.py:3089} INFO - Sync 1 DAGs
[2026-07-20T06:05:56.686+0000] {logging_mixin.py:188} INFO - [2026-07-20T06:05:56.685+0000] {dag.py:3947} INFO - Setting next_dagrun for tutorial_dag to None, run_after=None
[2026-07-20T06:05:56.703+0000] {processor.py:183} INFO - Processing /workspaces/recomart-recommendation-pipeline/airflow_venv/lib/python3.12/site-packages/airflow/example_dags/tutorial_dag.py took 0.051 seconds
[2026-07-20T06:06:43.133+0000] {processor.py:161} INFO - Started process (PID=62325) to work on /workspaces/recomart-recommendation-pipeline/airflow_venv/lib/python3.12/site-packages/airflow/example_dags/tutorial_dag.py
[2026-07-20T06:06:43.134+0000] {processor.py:830} INFO - Processing file /workspaces/recomart-recommendation-pipeline/airflow_venv/lib/python3.12/site-packages/airflow/example_dags/tutorial_dag.py for tasks to queue
[2026-07-20T06:06:43.135+0000] {logging_mixin.py:188} INFO - [2026-07-20T06:06:43.135+0000] {dagbag.py:545} INFO - Filling up the DagBag from /workspaces/recomart-recommendation-pipeline/airflow_venv/lib/python3.12/site-packages/airflow/example_dags/tutorial_dag.py
[2026-07-20T06:06:43.139+0000] {processor.py:840} INFO - DAG(s) 'tutorial_dag' retrieved from /workspaces/recomart-recommendation-pipeline/airflow_venv/lib/python3.12/site-packages/airflow/example_dags/tutorial_dag.py
[2026-07-20T06:06:43.151+0000] {logging_mixin.py:188} INFO - [2026-07-20T06:06:43.151+0000] {dag.py:3089} INFO - Sync 1 DAGs
[2026-07-20T06:06:43.268+0000] {logging_mixin.py:188} INFO - [2026-07-20T06:06:43.268+0000] {dag.py:3947} INFO - Setting next_dagrun for tutorial_dag to None, run_after=None
[2026-07-20T06:06:43.288+0000] {processor.py:183} INFO - Processing /workspaces/recomart-recommendation-pipeline/airflow_venv/lib/python3.12/site-packages/airflow/example_dags/tutorial_dag.py took 0.159 seconds
[2026-07-20T06:07:34.703+0000] {processor.py:161} INFO - Started process (PID=62699) to work on /workspaces/recomart-recommendation-pipeline/airflow_venv/lib/python3.12/site-packages/airflow/example_dags/tutorial_dag.py
[2026-07-20T06:07:34.704+0000] {processor.py:830} INFO - Processing file /workspaces/recomart-recommendation-pipeline/airflow_venv/lib/python3.12/site-packages/airflow/example_dags/tutorial_dag.py for tasks to queue
[2026-07-20T06:07:34.706+0000] {logging_mixin.py:188} INFO - [2026-07-20T06:07:34.706+0000] {dagbag.py:545} INFO - Filling up the DagBag from /workspaces/recomart-recommendation-pipeline/airflow_venv/lib/python3.12/site-packages/airflow/example_dags/tutorial_dag.py
[2026-07-20T06:07:34.713+0000] {processor.py:840} INFO - DAG(s) 'tutorial_dag' retrieved from /workspaces/recomart-recommendation-pipeline/airflow_venv/lib/python3.12/site-packages/airflow/example_dags/tutorial_dag.py
[2026-07-20T06:07:34.730+0000] {logging_mixin.py:188} INFO - [2026-07-20T06:07:34.730+0000] {dag.py:3089} INFO - Sync 1 DAGs
[2026-07-20T06:07:34.743+0000] {logging_mixin.py:188} INFO - [2026-07-20T06:07:34.743+0000] {dag.py:3947} INFO - Setting next_dagrun for tutorial_dag to None, run_after=None
[2026-07-20T06:07:34.806+0000] {processor.py:183} INFO - Processing /workspaces/recomart-recommendation-pipeline/airflow_venv/lib/python3.12/site-packages/airflow/example_dags/tutorial_dag.py took 0.110 seconds
[2026-07-20T06:08:50.847+0000] {processor.py:161} INFO - Started process (PID=63565) to work on /workspaces/recomart-recommendation-pipeline/airflow_venv/lib/python3.12/site-packages/airflow/example_dags/tutorial_dag.py
[2026-07-20T06:08:50.848+0000] {processor.py:830} INFO - Processing file /workspaces/recomart-recommendation-pipeline/airflow_venv/lib/python3.12/site-packages/airflow/example_dags/tutorial_dag.py for tasks to queue
[2026-07-20T06:08:50.850+0000] {logging_mixin.py:188} INFO - [2026-07-20T06:08:50.849+0000] {dagbag.py:545} INFO - Filling up the DagBag from /workspaces/recomart-recommendation-pipeline/airflow_venv/lib/python3.12/site-packages/airflow/example_dags/tutorial_dag.py
[2026-07-20T06:08:50.857+0000] {processor.py:840} INFO - DAG(s) 'tutorial_dag' retrieved from /workspaces/recomart-recommendation-pipeline/airflow_venv/lib/python3.12/site-packages/airflow/example_dags/tutorial_dag.py
[2026-07-20T06:08:50.863+0000] {logging_mixin.py:188} INFO - [2026-07-20T06:08:50.862+0000] {dag.py:3089} INFO - Sync 1 DAGs
[2026-07-20T06:08:50.873+0000] {logging_mixin.py:188} INFO - [2026-07-20T06:08:50.872+0000] {dag.py:3947} INFO - Setting next_dagrun for tutorial_dag to None, run_after=None
[2026-07-20T06:08:50.892+0000] {processor.py:183} INFO - Processing /workspaces/recomart-recommendation-pipeline/airflow_venv/lib/python3.12/site-packages/airflow/example_dags/tutorial_dag.py took 0.049 seconds
[2026-07-20T06:09:46.236+0000] {processor.py:161} INFO - Started process (PID=64021) to work on /workspaces/recomart-recommendation-pipeline/airflow_venv/lib/python3.12/site-packages/airflow/example_dags/tutorial_dag.py
[2026-07-20T06:09:46.238+0000] {processor.py:830} INFO - Processing file /workspaces/recomart-recommendation-pipeline/airflow_venv/lib/python3.12/site-packages/airflow/example_dags/tutorial_dag.py for tasks to queue
[2026-07-20T06:09:46.240+0000] {logging_mixin.py:188} INFO - [2026-07-20T06:09:46.240+0000] {dagbag.py:545} INFO - Filling up the DagBag from /workspaces/recomart-recommendation-pipeline/airflow_venv/lib/python3.12/site-packages/airflow/example_dags/tutorial_dag.py
[2026-07-20T06:09:46.245+0000] {processor.py:840} INFO - DAG(s) 'tutorial_dag' retrieved from /workspaces/recomart-recommendation-pipeline/airflow_venv/lib/python3.12/site-packages/airflow/example_dags/tutorial_dag.py
[2026-07-20T06:09:46.331+0000] {logging_mixin.py:188} INFO - [2026-07-20T06:09:46.331+0000] {dag.py:3089} INFO - Sync 1 DAGs
[2026-07-20T06:09:46.339+0000] {logging_mixin.py:188} INFO - [2026-07-20T06:09:46.338+0000] {dag.py:3947} INFO - Setting next_dagrun for tutorial_dag to None, run_after=None
[2026-07-20T06:09:46.355+0000] {processor.py:183} INFO - Processing /workspaces/recomart-recommendation-pipeline/airflow_venv/lib/python3.12/site-packages/airflow/example_dags/tutorial_dag.py took 0.129 seconds
[2026-07-20T06:10:37.750+0000] {processor.py:161} INFO - Started process (PID=64386) to work on /workspaces/recomart-recommendation-pipeline/airflow_venv/lib/python3.12/site-packages/airflow/example_dags/tutorial_dag.py
[2026-07-20T06:10:37.750+0000] {processor.py:830} INFO - Processing file /workspaces/recomart-recommendation-pipeline/airflow_venv/lib/python3.12/site-packages/airflow/example_dags/tutorial_dag.py for tasks to queue
[2026-07-20T06:10:37.751+0000] {logging_mixin.py:188} INFO - [2026-07-20T06:10:37.751+0000] {dagbag.py:545} INFO - Filling up the DagBag from /workspaces/recomart-recommendation-pipeline/airflow_venv/lib/python3.12/site-packages/airflow/example_dags/tutorial_dag.py
[2026-07-20T06:10:37.756+0000] {processor.py:840} INFO - DAG(s) 'tutorial_dag' retrieved from /workspaces/recomart-recommendation-pipeline/airflow_venv/lib/python3.12/site-packages/airflow/example_dags/tutorial_dag.py
[2026-07-20T06:10:37.768+0000] {logging_mixin.py:188} INFO - [2026-07-20T06:10:37.767+0000] {dag.py:3089} INFO - Sync 1 DAGs
[2026-07-20T06:10:37.780+0000] {logging_mixin.py:188} INFO - [2026-07-20T06:10:37.780+0000] {dag.py:3947} INFO - Setting next_dagrun for tutorial_dag to None, run_after=None
[2026-07-20T06:10:37.801+0000] {processor.py:183} INFO - Processing /workspaces/recomart-recommendation-pipeline/airflow_venv/lib/python3.12/site-packages/airflow/example_dags/tutorial_dag.py took 0.055 seconds
[2026-07-20T06:11:19.648+0000] {processor.py:161} INFO - Started process (PID=64925) to work on /workspaces/recomart-recommendation-pipeline/airflow_venv/lib/python3.12/site-packages/airflow/example_dags/tutorial_dag.py
[2026-07-20T06:11:19.649+0000] {processor.py:830} INFO - Processing file /workspaces/recomart-recommendation-pipeline/airflow_venv/lib/python3.12/site-packages/airflow/example_dags/tutorial_dag.py for tasks to queue
[2026-07-20T06:11:19.650+0000] {logging_mixin.py:188} INFO - [2026-07-20T06:11:19.650+0000] {dagbag.py:545} INFO - Filling up the DagBag from /workspaces/recomart-recommendation-pipeline/airflow_venv/lib/python3.12/site-packages/airflow/example_dags/tutorial_dag.py
[2026-07-20T06:11:19.654+0000] {processor.py:840} INFO - DAG(s) 'tutorial_dag' retrieved from /workspaces/recomart-recommendation-pipeline/airflow_venv/lib/python3.12/site-packages/airflow/example_dags/tutorial_dag.py
[2026-07-20T06:11:19.666+0000] {logging_mixin.py:188} INFO - [2026-07-20T06:11:19.666+0000] {dag.py:3089} INFO - Sync 1 DAGs
[2026-07-20T06:11:19.677+0000] {logging_mixin.py:188} INFO - [2026-07-20T06:11:19.677+0000] {dag.py:3947} INFO - Setting next_dagrun for tutorial_dag to None, run_after=None
[2026-07-20T06:11:19.697+0000] {processor.py:183} INFO - Processing /workspaces/recomart-recommendation-pipeline/airflow_venv/lib/python3.12/site-packages/airflow/example_dags/tutorial_dag.py took 0.053 seconds
[2026-07-20T06:12:01.144+0000] {processor.py:161} INFO - Started process (PID=65279) to work on /workspaces/recomart-recommendation-pipeline/airflow_venv/lib/python3.12/site-packages/airflow/example_dags/tutorial_dag.py
[2026-07-20T06:12:01.144+0000] {processor.py:830} INFO - Processing file /workspaces/recomart-recommendation-pipeline/airflow_venv/lib/python3.12/site-packages/airflow/example_dags/tutorial_dag.py for tasks to queue
[2026-07-20T06:12:01.146+0000] {logging_mixin.py:188} INFO - [2026-07-20T06:12:01.145+0000] {dagbag.py:545} INFO - Filling up the DagBag from /workspaces/recomart-recommendation-pipeline/airflow_venv/lib/python3.12/site-packages/airflow/example_dags/tutorial_dag.py
[2026-07-20T06:12:01.150+0000] {processor.py:840} INFO - DAG(s) 'tutorial_dag' retrieved from /workspaces/recomart-recommendation-pipeline/airflow_venv/lib/python3.12/site-packages/airflow/example_dags/tutorial_dag.py
[2026-07-20T06:12:01.161+0000] {logging_mixin.py:188} INFO - [2026-07-20T06:12:01.161+0000] {dag.py:3089} INFO - Sync 1 DAGs
[2026-07-20T06:12:01.170+0000] {logging_mixin.py:188} INFO - [2026-07-20T06:12:01.170+0000] {dag.py:3947} INFO - Setting next_dagrun for tutorial_dag to None, run_after=None
[2026-07-20T06:12:01.190+0000] {processor.py:183} INFO - Processing /workspaces/recomart-recommendation-pipeline/airflow_venv/lib/python3.12/site-packages/airflow/example_dags/tutorial_dag.py took 0.051 seconds
[2026-07-20T06:12:43.960+0000] {processor.py:161} INFO - Started process (PID=65667) to work on /workspaces/recomart-recommendation-pipeline/airflow_venv/lib/python3.12/site-packages/airflow/example_dags/tutorial_dag.py
[2026-07-20T06:12:43.961+0000] {processor.py:830} INFO - Processing file /workspaces/recomart-recommendation-pipeline/airflow_venv/lib/python3.12/site-packages/airflow/example_dags/tutorial_dag.py for tasks to queue
[2026-07-20T06:12:43.962+0000] {logging_mixin.py:188} INFO - [2026-07-20T06:12:43.962+0000] {dagbag.py:545} INFO - Filling up the DagBag from /workspaces/recomart-recommendation-pipeline/airflow_venv/lib/python3.12/site-packages/airflow/example_dags/tutorial_dag.py
[2026-07-20T06:12:43.966+0000] {processor.py:840} INFO - DAG(s) 'tutorial_dag' retrieved from /workspaces/recomart-recommendation-pipeline/airflow_venv/lib/python3.12/site-packages/airflow/example_dags/tutorial_dag.py
[2026-07-20T06:12:43.979+0000] {logging_mixin.py:188} INFO - [2026-07-20T06:12:43.979+0000] {dag.py:3089} INFO - Sync 1 DAGs
[2026-07-20T06:12:43.988+0000] {logging_mixin.py:188} INFO - [2026-07-20T06:12:43.988+0000] {dag.py:3947} INFO - Setting next_dagrun for tutorial_dag to None, run_after=None
[2026-07-20T06:12:44.012+0000] {processor.py:183} INFO - Processing /workspaces/recomart-recommendation-pipeline/airflow_venv/lib/python3.12/site-packages/airflow/example_dags/tutorial_dag.py took 0.057 seconds
[2026-07-20T06:13:28.735+0000] {processor.py:161} INFO - Started process (PID=65979) to work on /workspaces/recomart-recommendation-pipeline/airflow_venv/lib/python3.12/site-packages/airflow/example_dags/tutorial_dag.py
[2026-07-20T06:13:28.736+0000] {processor.py:830} INFO - Processing file /workspaces/recomart-recommendation-pipeline/airflow_venv/lib/python3.12/site-packages/airflow/example_dags/tutorial_dag.py for tasks to queue
[2026-07-20T06:13:28.737+0000] {logging_mixin.py:188} INFO - [2026-07-20T06:13:28.737+0000] {dagbag.py:545} INFO - Filling up the DagBag from /workspaces/recomart-recommendation-pipeline/airflow_venv/lib/python3.12/site-packages/airflow/example_dags/tutorial_dag.py
[2026-07-20T06:13:28.742+0000] {processor.py:840} INFO - DAG(s) 'tutorial_dag' retrieved from /workspaces/recomart-recommendation-pipeline/airflow_venv/lib/python3.12/site-packages/airflow/example_dags/tutorial_dag.py
[2026-07-20T06:13:28.753+0000] {logging_mixin.py:188} INFO - [2026-07-20T06:13:28.753+0000] {dag.py:3089} INFO - Sync 1 DAGs
[2026-07-20T06:13:28.762+0000] {logging_mixin.py:188} INFO - [2026-07-20T06:13:28.762+0000] {dag.py:3947} INFO - Setting next_dagrun for tutorial_dag to None, run_after=None
[2026-07-20T06:13:28.783+0000] {processor.py:183} INFO - Processing /workspaces/recomart-recommendation-pipeline/airflow_venv/lib/python3.12/site-packages/airflow/example_dags/tutorial_dag.py took 0.052 seconds
[2026-07-20T06:14:14.481+0000] {processor.py:161} INFO - Started process (PID=66534) to work on /workspaces/recomart-recommendation-pipeline/airflow_venv/lib/python3.12/site-packages/airflow/example_dags/tutorial_dag.py
[2026-07-20T06:14:14.482+0000] {processor.py:830} INFO - Processing file /workspaces/recomart-recommendation-pipeline/airflow_venv/lib/python3.12/site-packages/airflow/example_dags/tutorial_dag.py for tasks to queue
[2026-07-20T06:14:14.484+0000] {logging_mixin.py:188} INFO - [2026-07-20T06:14:14.483+0000] {dagbag.py:545} INFO - Filling up the DagBag from /workspaces/recomart-recommendation-pipeline/airflow_venv/lib/python3.12/site-packages/airflow/example_dags/tutorial_dag.py
[2026-07-20T06:14:14.489+0000] {processor.py:840} INFO - DAG(s) 'tutorial_dag' retrieved from /workspaces/recomart-recommendation-pipeline/airflow_venv/lib/python3.12/site-packages/airflow/example_dags/tutorial_dag.py
[2026-07-20T06:14:14.502+0000] {logging_mixin.py:188} INFO - [2026-07-20T06:14:14.502+0000] {dag.py:3089} INFO - Sync 1 DAGs
[2026-07-20T06:14:14.512+0000] {logging_mixin.py:188} INFO - [2026-07-20T06:14:14.511+0000] {dag.py:3947} INFO - Setting next_dagrun for tutorial_dag to None, run_after=None
[2026-07-20T06:14:14.643+0000] {processor.py:183} INFO - Processing /workspaces/recomart-recommendation-pipeline/airflow_venv/lib/python3.12/site-packages/airflow/example_dags/tutorial_dag.py took 0.168 seconds
[2026-07-20T06:15:00.242+0000] {processor.py:161} INFO - Started process (PID=67117) to work on /workspaces/recomart-recommendation-pipeline/airflow_venv/lib/python3.12/site-packages/airflow/example_dags/tutorial_dag.py
[2026-07-20T06:15:00.243+0000] {processor.py:830} INFO - Processing file /workspaces/recomart-recommendation-pipeline/airflow_venv/lib/python3.12/site-packages/airflow/example_dags/tutorial_dag.py for tasks to queue
[2026-07-20T06:15:00.245+0000] {logging_mixin.py:188} INFO - [2026-07-20T06:15:00.244+0000] {dagbag.py:545} INFO - Filling up the DagBag from /workspaces/recomart-recommendation-pipeline/airflow_venv/lib/python3.12/site-packages/airflow/example_dags/tutorial_dag.py
[2026-07-20T06:15:00.251+0000] {processor.py:840} INFO - DAG(s) 'tutorial_dag' retrieved from /workspaces/recomart-recommendation-pipeline/airflow_venv/lib/python3.12/site-packages/airflow/example_dags/tutorial_dag.py
[2026-07-20T06:15:00.277+0000] {logging_mixin.py:188} INFO - [2026-07-20T06:15:00.276+0000] {dag.py:3089} INFO - Sync 1 DAGs
[2026-07-20T06:15:00.296+0000] {logging_mixin.py:188} INFO - [2026-07-20T06:15:00.296+0000] {dag.py:3947} INFO - Setting next_dagrun for tutorial_dag to None, run_after=None
[2026-07-20T06:15:00.318+0000] {processor.py:183} INFO - Processing /workspaces/recomart-recommendation-pipeline/airflow_venv/lib/python3.12/site-packages/airflow/example_dags/tutorial_dag.py took 0.084 seconds
[2026-07-20T06:30:53.552+0000] {processor.py:161} INFO - Started process (PID=73498) to work on /workspaces/recomart-recommendation-pipeline/airflow_venv/lib/python3.12/site-packages/airflow/example_dags/tutorial_dag.py
[2026-07-20T06:30:53.553+0000] {processor.py:830} INFO - Processing file /workspaces/recomart-recommendation-pipeline/airflow_venv/lib/python3.12/site-packages/airflow/example_dags/tutorial_dag.py for tasks to queue
[2026-07-20T06:30:53.555+0000] {logging_mixin.py:188} INFO - [2026-07-20T06:30:53.554+0000] {dagbag.py:545} INFO - Filling up the DagBag from /workspaces/recomart-recommendation-pipeline/airflow_venv/lib/python3.12/site-packages/airflow/example_dags/tutorial_dag.py
[2026-07-20T06:30:53.563+0000] {processor.py:840} INFO - DAG(s) 'tutorial_dag' retrieved from /workspaces/recomart-recommendation-pipeline/airflow_venv/lib/python3.12/site-packages/airflow/example_dags/tutorial_dag.py
[2026-07-20T06:30:53.571+0000] {logging_mixin.py:188} INFO - [2026-07-20T06:30:53.571+0000] {dag.py:3089} INFO - Sync 1 DAGs
[2026-07-20T06:30:53.584+0000] {logging_mixin.py:188} INFO - [2026-07-20T06:30:53.583+0000] {dag.py:3947} INFO - Setting next_dagrun for tutorial_dag to None, run_after=None
[2026-07-20T06:30:53.604+0000] {processor.py:183} INFO - Processing /workspaces/recomart-recommendation-pipeline/airflow_venv/lib/python3.12/site-packages/airflow/example_dags/tutorial_dag.py took 0.055 seconds
[2026-07-20T06:31:49.670+0000] {processor.py:161} INFO - Started process (PID=74089) to work on /workspaces/recomart-recommendation-pipeline/airflow_venv/lib/python3.12/site-packages/airflow/example_dags/tutorial_dag.py
[2026-07-20T06:31:49.671+0000] {processor.py:830} INFO - Processing file /workspaces/recomart-recommendation-pipeline/airflow_venv/lib/python3.12/site-packages/airflow/example_dags/tutorial_dag.py for tasks to queue
[2026-07-20T06:31:49.673+0000] {logging_mixin.py:188} INFO - [2026-07-20T06:31:49.673+0000] {dagbag.py:545} INFO - Filling up the DagBag from /workspaces/recomart-recommendation-pipeline/airflow_venv/lib/python3.12/site-packages/airflow/example_dags/tutorial_dag.py
[2026-07-20T06:31:49.679+0000] {processor.py:840} INFO - DAG(s) 'tutorial_dag' retrieved from /workspaces/recomart-recommendation-pipeline/airflow_venv/lib/python3.12/site-packages/airflow/example_dags/tutorial_dag.py
[2026-07-20T06:31:49.765+0000] {logging_mixin.py:188} INFO - [2026-07-20T06:31:49.765+0000] {dag.py:3089} INFO - Sync 1 DAGs
[2026-07-20T06:31:49.775+0000] {logging_mixin.py:188} INFO - [2026-07-20T06:31:49.775+0000] {dag.py:3947} INFO - Setting next_dagrun for tutorial_dag to None, run_after=None
[2026-07-20T06:31:49.798+0000] {processor.py:183} INFO - Processing /workspaces/recomart-recommendation-pipeline/airflow_venv/lib/python3.12/site-packages/airflow/example_dags/tutorial_dag.py took 0.132 seconds
[2026-07-20T06:32:38.647+0000] {processor.py:161} INFO - Started process (PID=74729) to work on /workspaces/recomart-recommendation-pipeline/airflow_venv/lib/python3.12/site-packages/airflow/example_dags/tutorial_dag.py
[2026-07-20T06:32:38.647+0000] {processor.py:830} INFO - Processing file /workspaces/recomart-recommendation-pipeline/airflow_venv/lib/python3.12/site-packages/airflow/example_dags/tutorial_dag.py for tasks to queue
[2026-07-20T06:32:38.649+0000] {logging_mixin.py:188} INFO - [2026-07-20T06:32:38.648+0000] {dagbag.py:545} INFO - Filling up the DagBag from /workspaces/recomart-recommendation-pipeline/airflow_venv/lib/python3.12/site-packages/airflow/example_dags/tutorial_dag.py
[2026-07-20T06:32:38.653+0000] {processor.py:840} INFO - DAG(s) 'tutorial_dag' retrieved from /workspaces/recomart-recommendation-pipeline/airflow_venv/lib/python3.12/site-packages/airflow/example_dags/tutorial_dag.py
[2026-07-20T06:32:38.664+0000] {logging_mixin.py:188} INFO - [2026-07-20T06:32:38.664+0000] {dag.py:3089} INFO - Sync 1 DAGs
[2026-07-20T06:32:38.675+0000] {logging_mixin.py:188} INFO - [2026-07-20T06:32:38.675+0000] {dag.py:3947} INFO - Setting next_dagrun for tutorial_dag to None, run_after=None
[2026-07-20T06:32:38.694+0000] {processor.py:183} INFO - Processing /workspaces/recomart-recommendation-pipeline/airflow_venv/lib/python3.12/site-packages/airflow/example_dags/tutorial_dag.py took 0.051 seconds
[2026-07-20T06:33:23.416+0000] {processor.py:161} INFO - Started process (PID=75125) to work on /workspaces/recomart-recommendation-pipeline/airflow_venv/lib/python3.12/site-packages/airflow/example_dags/tutorial_dag.py
[2026-07-20T06:33:23.417+0000] {processor.py:830} INFO - Processing file /workspaces/recomart-recommendation-pipeline/airflow_venv/lib/python3.12/site-packages/airflow/example_dags/tutorial_dag.py for tasks to queue
[2026-07-20T06:33:23.418+0000] {logging_mixin.py:188} INFO - [2026-07-20T06:33:23.418+0000] {dagbag.py:545} INFO - Filling up the DagBag from /workspaces/recomart-recommendation-pipeline/airflow_venv/lib/python3.12/site-packages/airflow/example_dags/tutorial_dag.py
[2026-07-20T06:33:23.423+0000] {processor.py:840} INFO - DAG(s) 'tutorial_dag' retrieved from /workspaces/recomart-recommendation-pipeline/airflow_venv/lib/python3.12/site-packages/airflow/example_dags/tutorial_dag.py
[2026-07-20T06:33:23.434+0000] {logging_mixin.py:188} INFO - [2026-07-20T06:33:23.434+0000] {dag.py:3089} INFO - Sync 1 DAGs
[2026-07-20T06:33:23.443+0000] {logging_mixin.py:188} INFO - [2026-07-20T06:33:23.443+0000] {dag.py:3947} INFO - Setting next_dagrun for tutorial_dag to None, run_after=None
[2026-07-20T06:33:23.460+0000] {processor.py:183} INFO - Processing /workspaces/recomart-recommendation-pipeline/airflow_venv/lib/python3.12/site-packages/airflow/example_dags/tutorial_dag.py took 0.049 seconds
[2026-07-20T06:34:42.221+0000] {processor.py:161} INFO - Started process (PID=76514) to work on /workspaces/recomart-recommendation-pipeline/airflow_venv/lib/python3.12/site-packages/airflow/example_dags/tutorial_dag.py
[2026-07-20T06:34:42.222+0000] {processor.py:830} INFO - Processing file /workspaces/recomart-recommendation-pipeline/airflow_venv/lib/python3.12/site-packages/airflow/example_dags/tutorial_dag.py for tasks to queue
[2026-07-20T06:34:42.223+0000] {logging_mixin.py:188} INFO - [2026-07-20T06:34:42.223+0000] {dagbag.py:545} INFO - Filling up the DagBag from /workspaces/recomart-recommendation-pipeline/airflow_venv/lib/python3.12/site-packages/airflow/example_dags/tutorial_dag.py
[2026-07-20T06:34:42.228+0000] {processor.py:840} INFO - DAG(s) 'tutorial_dag' retrieved from /workspaces/recomart-recommendation-pipeline/airflow_venv/lib/python3.12/site-packages/airflow/example_dags/tutorial_dag.py
[2026-07-20T06:34:42.243+0000] {logging_mixin.py:188} INFO - [2026-07-20T06:34:42.243+0000] {dag.py:3089} INFO - Sync 1 DAGs
[2026-07-20T06:34:42.257+0000] {logging_mixin.py:188} INFO - [2026-07-20T06:34:42.257+0000] {dag.py:3947} INFO - Setting next_dagrun for tutorial_dag to None, run_after=None
[2026-07-20T06:34:42.275+0000] {processor.py:183} INFO - Processing /workspaces/recomart-recommendation-pipeline/airflow_venv/lib/python3.12/site-packages/airflow/example_dags/tutorial_dag.py took 0.058 seconds
[2026-07-20T06:35:36.339+0000] {processor.py:161} INFO - Started process (PID=77558) to work on /workspaces/recomart-recommendation-pipeline/airflow_venv/lib/python3.12/site-packages/airflow/example_dags/tutorial_dag.py
[2026-07-20T06:35:36.340+0000] {processor.py:830} INFO - Processing file /workspaces/recomart-recommendation-pipeline/airflow_venv/lib/python3.12/site-packages/airflow/example_dags/tutorial_dag.py for tasks to queue
[2026-07-20T06:35:36.341+0000] {logging_mixin.py:188} INFO - [2026-07-20T06:35:36.341+0000] {dagbag.py:545} INFO - Filling up the DagBag from /workspaces/recomart-recommendation-pipeline/airflow_venv/lib/python3.12/site-packages/airflow/example_dags/tutorial_dag.py
[2026-07-20T06:35:36.346+0000] {processor.py:840} INFO - DAG(s) 'tutorial_dag' retrieved from /workspaces/recomart-recommendation-pipeline/airflow_venv/lib/python3.12/site-packages/airflow/example_dags/tutorial_dag.py
[2026-07-20T06:35:36.357+0000] {logging_mixin.py:188} INFO - [2026-07-20T06:35:36.356+0000] {dag.py:3089} INFO - Sync 1 DAGs
[2026-07-20T06:35:36.365+0000] {logging_mixin.py:188} INFO - [2026-07-20T06:35:36.365+0000] {dag.py:3947} INFO - Setting next_dagrun for tutorial_dag to None, run_after=None
[2026-07-20T06:35:36.382+0000] {processor.py:183} INFO - Processing /workspaces/recomart-recommendation-pipeline/airflow_venv/lib/python3.12/site-packages/airflow/example_dags/tutorial_dag.py took 0.047 seconds
[2026-07-20T06:36:28.697+0000] {processor.py:161} INFO - Started process (PID=78548) to work on /workspaces/recomart-recommendation-pipeline/airflow_venv/lib/python3.12/site-packages/airflow/example_dags/tutorial_dag.py
[2026-07-20T06:36:28.698+0000] {processor.py:830} INFO - Processing file /workspaces/recomart-recommendation-pipeline/airflow_venv/lib/python3.12/site-packages/airflow/example_dags/tutorial_dag.py for tasks to queue
[2026-07-20T06:36:28.699+0000] {logging_mixin.py:188} INFO - [2026-07-20T06:36:28.699+0000] {dagbag.py:545} INFO - Filling up the DagBag from /workspaces/recomart-recommendation-pipeline/airflow_venv/lib/python3.12/site-packages/airflow/example_dags/tutorial_dag.py
[2026-07-20T06:36:28.703+0000] {processor.py:840} INFO - DAG(s) 'tutorial_dag' retrieved from /workspaces/recomart-recommendation-pipeline/airflow_venv/lib/python3.12/site-packages/airflow/example_dags/tutorial_dag.py
[2026-07-20T06:36:28.714+0000] {logging_mixin.py:188} INFO - [2026-07-20T06:36:28.714+0000] {dag.py:3089} INFO - Sync 1 DAGs
[2026-07-20T06:36:28.723+0000] {logging_mixin.py:188} INFO - [2026-07-20T06:36:28.723+0000] {dag.py:3947} INFO - Setting next_dagrun for tutorial_dag to None, run_after=None
[2026-07-20T06:36:28.740+0000] {processor.py:183} INFO - Processing /workspaces/recomart-recommendation-pipeline/airflow_venv/lib/python3.12/site-packages/airflow/example_dags/tutorial_dag.py took 0.047 seconds
[2026-07-20T06:37:18.071+0000] {processor.py:161} INFO - Started process (PID=78973) to work on /workspaces/recomart-recommendation-pipeline/airflow_venv/lib/python3.12/site-packages/airflow/example_dags/tutorial_dag.py
[2026-07-20T06:37:18.072+0000] {processor.py:830} INFO - Processing file /workspaces/recomart-recommendation-pipeline/airflow_venv/lib/python3.12/site-packages/airflow/example_dags/tutorial_dag.py for tasks to queue
[2026-07-20T06:37:18.073+0000] {logging_mixin.py:188} INFO - [2026-07-20T06:37:18.073+0000] {dagbag.py:545} INFO - Filling up the DagBag from /workspaces/recomart-recommendation-pipeline/airflow_venv/lib/python3.12/site-packages/airflow/example_dags/tutorial_dag.py
[2026-07-20T06:37:18.079+0000] {processor.py:840} INFO - DAG(s) 'tutorial_dag' retrieved from /workspaces/recomart-recommendation-pipeline/airflow_venv/lib/python3.12/site-packages/airflow/example_dags/tutorial_dag.py
[2026-07-20T06:37:18.094+0000] {logging_mixin.py:188} INFO - [2026-07-20T06:37:18.094+0000] {dag.py:3089} INFO - Sync 1 DAGs
[2026-07-20T06:37:18.103+0000] {logging_mixin.py:188} INFO - [2026-07-20T06:37:18.103+0000] {dag.py:3947} INFO - Setting next_dagrun for tutorial_dag to None, run_after=None
[2026-07-20T06:37:18.121+0000] {processor.py:183} INFO - Processing /workspaces/recomart-recommendation-pipeline/airflow_venv/lib/python3.12/site-packages/airflow/example_dags/tutorial_dag.py took 0.054 seconds
[2026-07-20T06:38:03.389+0000] {processor.py:161} INFO - Started process (PID=79355) to work on /workspaces/recomart-recommendation-pipeline/airflow_venv/lib/python3.12/site-packages/airflow/example_dags/tutorial_dag.py
[2026-07-20T06:38:03.390+0000] {processor.py:830} INFO - Processing file /workspaces/recomart-recommendation-pipeline/airflow_venv/lib/python3.12/site-packages/airflow/example_dags/tutorial_dag.py for tasks to queue
[2026-07-20T06:38:03.391+0000] {logging_mixin.py:188} INFO - [2026-07-20T06:38:03.391+0000] {dagbag.py:545} INFO - Filling up the DagBag from /workspaces/recomart-recommendation-pipeline/airflow_venv/lib/python3.12/site-packages/airflow/example_dags/tutorial_dag.py
[2026-07-20T06:38:03.396+0000] {processor.py:840} INFO - DAG(s) 'tutorial_dag' retrieved from /workspaces/recomart-recommendation-pipeline/airflow_venv/lib/python3.12/site-packages/airflow/example_dags/tutorial_dag.py
[2026-07-20T06:38:03.409+0000] {logging_mixin.py:188} INFO - [2026-07-20T06:38:03.409+0000] {dag.py:3089} INFO - Sync 1 DAGs
[2026-07-20T06:38:03.418+0000] {logging_mixin.py:188} INFO - [2026-07-20T06:38:03.418+0000] {dag.py:3947} INFO - Setting next_dagrun for tutorial_dag to None, run_after=None
[2026-07-20T06:38:03.436+0000] {processor.py:183} INFO - Processing /workspaces/recomart-recommendation-pipeline/airflow_venv/lib/python3.12/site-packages/airflow/example_dags/tutorial_dag.py took 0.051 seconds
[2026-07-20T06:38:52.595+0000] {processor.py:161} INFO - Started process (PID=79775) to work on /workspaces/recomart-recommendation-pipeline/airflow_venv/lib/python3.12/site-packages/airflow/example_dags/tutorial_dag.py
[2026-07-20T06:38:52.595+0000] {processor.py:830} INFO - Processing file /workspaces/recomart-recommendation-pipeline/airflow_venv/lib/python3.12/site-packages/airflow/example_dags/tutorial_dag.py for tasks to queue
[2026-07-20T06:38:52.597+0000] {logging_mixin.py:188} INFO - [2026-07-20T06:38:52.597+0000] {dagbag.py:545} INFO - Filling up the DagBag from /workspaces/recomart-recommendation-pipeline/airflow_venv/lib/python3.12/site-packages/airflow/example_dags/tutorial_dag.py
[2026-07-20T06:38:52.603+0000] {processor.py:840} INFO - DAG(s) 'tutorial_dag' retrieved from /workspaces/recomart-recommendation-pipeline/airflow_venv/lib/python3.12/site-packages/airflow/example_dags/tutorial_dag.py
[2026-07-20T06:38:52.617+0000] {logging_mixin.py:188} INFO - [2026-07-20T06:38:52.616+0000] {dag.py:3089} INFO - Sync 1 DAGs
[2026-07-20T06:38:52.625+0000] {logging_mixin.py:188} INFO - [2026-07-20T06:38:52.625+0000] {dag.py:3947} INFO - Setting next_dagrun for tutorial_dag to None, run_after=None
[2026-07-20T06:38:52.642+0000] {processor.py:183} INFO - Processing /workspaces/recomart-recommendation-pipeline/airflow_venv/lib/python3.12/site-packages/airflow/example_dags/tutorial_dag.py took 0.053 seconds
[2026-07-20T06:39:39.071+0000] {processor.py:161} INFO - Started process (PID=80098) to work on /workspaces/recomart-recommendation-pipeline/airflow_venv/lib/python3.12/site-packages/airflow/example_dags/tutorial_dag.py
[2026-07-20T06:39:39.073+0000] {processor.py:830} INFO - Processing file /workspaces/recomart-recommendation-pipeline/airflow_venv/lib/python3.12/site-packages/airflow/example_dags/tutorial_dag.py for tasks to queue
[2026-07-20T06:39:39.076+0000] {logging_mixin.py:188} INFO - [2026-07-20T06:39:39.075+0000] {dagbag.py:545} INFO - Filling up the DagBag from /workspaces/recomart-recommendation-pipeline/airflow_venv/lib/python3.12/site-packages/airflow/example_dags/tutorial_dag.py
[2026-07-20T06:39:39.088+0000] {processor.py:840} INFO - DAG(s) 'tutorial_dag' retrieved from /workspaces/recomart-recommendation-pipeline/airflow_venv/lib/python3.12/site-packages/airflow/example_dags/tutorial_dag.py
[2026-07-20T06:39:39.123+0000] {logging_mixin.py:188} INFO - [2026-07-20T06:39:39.123+0000] {dag.py:3089} INFO - Sync 1 DAGs
[2026-07-20T06:39:39.139+0000] {logging_mixin.py:188} INFO - [2026-07-20T06:39:39.138+0000] {dag.py:3947} INFO - Setting next_dagrun for tutorial_dag to None, run_after=None
[2026-07-20T06:39:39.388+0000] {processor.py:183} INFO - Processing /workspaces/recomart-recommendation-pipeline/airflow_venv/lib/python3.12/site-packages/airflow/example_dags/tutorial_dag.py took 0.330 seconds
[2026-07-20T06:40:30.876+0000] {processor.py:161} INFO - Started process (PID=80552) to work on /workspaces/recomart-recommendation-pipeline/airflow_venv/lib/python3.12/site-packages/airflow/example_dags/tutorial_dag.py
[2026-07-20T06:40:30.876+0000] {processor.py:830} INFO - Processing file /workspaces/recomart-recommendation-pipeline/airflow_venv/lib/python3.12/site-packages/airflow/example_dags/tutorial_dag.py for tasks to queue
[2026-07-20T06:40:30.878+0000] {logging_mixin.py:188} INFO - [2026-07-20T06:40:30.878+0000] {dagbag.py:545} INFO - Filling up the DagBag from /workspaces/recomart-recommendation-pipeline/airflow_venv/lib/python3.12/site-packages/airflow/example_dags/tutorial_dag.py
[2026-07-20T06:40:30.883+0000] {processor.py:840} INFO - DAG(s) 'tutorial_dag' retrieved from /workspaces/recomart-recommendation-pipeline/airflow_venv/lib/python3.12/site-packages/airflow/example_dags/tutorial_dag.py
[2026-07-20T06:40:30.897+0000] {logging_mixin.py:188} INFO - [2026-07-20T06:40:30.897+0000] {dag.py:3089} INFO - Sync 1 DAGs
[2026-07-20T06:40:30.905+0000] {logging_mixin.py:188} INFO - [2026-07-20T06:40:30.905+0000] {dag.py:3947} INFO - Setting next_dagrun for tutorial_dag to None, run_after=None
[2026-07-20T06:40:30.922+0000] {processor.py:183} INFO - Processing /workspaces/recomart-recommendation-pipeline/airflow_venv/lib/python3.12/site-packages/airflow/example_dags/tutorial_dag.py took 0.054 seconds
[2026-07-20T06:41:17.775+0000] {processor.py:161} INFO - Started process (PID=80998) to work on /workspaces/recomart-recommendation-pipeline/airflow_venv/lib/python3.12/site-packages/airflow/example_dags/tutorial_dag.py
[2026-07-20T06:41:17.776+0000] {processor.py:830} INFO - Processing file /workspaces/recomart-recommendation-pipeline/airflow_venv/lib/python3.12/site-packages/airflow/example_dags/tutorial_dag.py for tasks to queue
[2026-07-20T06:41:17.777+0000] {logging_mixin.py:188} INFO - [2026-07-20T06:41:17.777+0000] {dagbag.py:545} INFO - Filling up the DagBag from /workspaces/recomart-recommendation-pipeline/airflow_venv/lib/python3.12/site-packages/airflow/example_dags/tutorial_dag.py
[2026-07-20T06:41:17.783+0000] {processor.py:840} INFO - DAG(s) 'tutorial_dag' retrieved from /workspaces/recomart-recommendation-pipeline/airflow_venv/lib/python3.12/site-packages/airflow/example_dags/tutorial_dag.py
[2026-07-20T06:41:17.797+0000] {logging_mixin.py:188} INFO - [2026-07-20T06:41:17.797+0000] {dag.py:3089} INFO - Sync 1 DAGs
[2026-07-20T06:41:17.806+0000] {logging_mixin.py:188} INFO - [2026-07-20T06:41:17.806+0000] {dag.py:3947} INFO - Setting next_dagrun for tutorial_dag to None, run_after=None
[2026-07-20T06:41:17.823+0000] {processor.py:183} INFO - Processing /workspaces/recomart-recommendation-pipeline/airflow_venv/lib/python3.12/site-packages/airflow/example_dags/tutorial_dag.py took 0.058 seconds
[2026-07-20T06:42:04.908+0000] {processor.py:161} INFO - Started process (PID=81409) to work on /workspaces/recomart-recommendation-pipeline/airflow_venv/lib/python3.12/site-packages/airflow/example_dags/tutorial_dag.py
[2026-07-20T06:42:04.909+0000] {processor.py:830} INFO - Processing file /workspaces/recomart-recommendation-pipeline/airflow_venv/lib/python3.12/site-packages/airflow/example_dags/tutorial_dag.py for tasks to queue
[2026-07-20T06:42:04.911+0000] {logging_mixin.py:188} INFO - [2026-07-20T06:42:04.910+0000] {dagbag.py:545} INFO - Filling up the DagBag from /workspaces/recomart-recommendation-pipeline/airflow_venv/lib/python3.12/site-packages/airflow/example_dags/tutorial_dag.py
[2026-07-20T06:42:04.915+0000] {processor.py:840} INFO - DAG(s) 'tutorial_dag' retrieved from /workspaces/recomart-recommendation-pipeline/airflow_venv/lib/python3.12/site-packages/airflow/example_dags/tutorial_dag.py
[2026-07-20T06:42:04.931+0000] {logging_mixin.py:188} INFO - [2026-07-20T06:42:04.930+0000] {dag.py:3089} INFO - Sync 1 DAGs
[2026-07-20T06:42:04.941+0000] {logging_mixin.py:188} INFO - [2026-07-20T06:42:04.941+0000] {dag.py:3947} INFO - Setting next_dagrun for tutorial_dag to None, run_after=None
[2026-07-20T06:42:04.958+0000] {processor.py:183} INFO - Processing /workspaces/recomart-recommendation-pipeline/airflow_venv/lib/python3.12/site-packages/airflow/example_dags/tutorial_dag.py took 0.054 seconds
[2026-07-20T06:42:51.189+0000] {processor.py:161} INFO - Started process (PID=81800) to work on /workspaces/recomart-recommendation-pipeline/airflow_venv/lib/python3.12/site-packages/airflow/example_dags/tutorial_dag.py
[2026-07-20T06:42:51.190+0000] {processor.py:830} INFO - Processing file /workspaces/recomart-recommendation-pipeline/airflow_venv/lib/python3.12/site-packages/airflow/example_dags/tutorial_dag.py for tasks to queue
[2026-07-20T06:42:51.191+0000] {logging_mixin.py:188} INFO - [2026-07-20T06:42:51.191+0000] {dagbag.py:545} INFO - Filling up the DagBag from /workspaces/recomart-recommendation-pipeline/airflow_venv/lib/python3.12/site-packages/airflow/example_dags/tutorial_dag.py
[2026-07-20T06:42:51.195+0000] {processor.py:840} INFO - DAG(s) 'tutorial_dag' retrieved from /workspaces/recomart-recommendation-pipeline/airflow_venv/lib/python3.12/site-packages/airflow/example_dags/tutorial_dag.py
[2026-07-20T06:42:51.207+0000] {logging_mixin.py:188} INFO - [2026-07-20T06:42:51.207+0000] {dag.py:3089} INFO - Sync 1 DAGs
[2026-07-20T06:42:51.216+0000] {logging_mixin.py:188} INFO - [2026-07-20T06:42:51.216+0000] {dag.py:3947} INFO - Setting next_dagrun for tutorial_dag to None, run_after=None
[2026-07-20T06:42:51.232+0000] {processor.py:183} INFO - Processing /workspaces/recomart-recommendation-pipeline/airflow_venv/lib/python3.12/site-packages/airflow/example_dags/tutorial_dag.py took 0.049 seconds
[2026-07-20T06:43:39.800+0000] {processor.py:161} INFO - Started process (PID=82149) to work on /workspaces/recomart-recommendation-pipeline/airflow_venv/lib/python3.12/site-packages/airflow/example_dags/tutorial_dag.py
[2026-07-20T06:43:39.801+0000] {processor.py:830} INFO - Processing file /workspaces/recomart-recommendation-pipeline/airflow_venv/lib/python3.12/site-packages/airflow/example_dags/tutorial_dag.py for tasks to queue
[2026-07-20T06:43:39.802+0000] {logging_mixin.py:188} INFO - [2026-07-20T06:43:39.802+0000] {dagbag.py:545} INFO - Filling up the DagBag from /workspaces/recomart-recommendation-pipeline/airflow_venv/lib/python3.12/site-packages/airflow/example_dags/tutorial_dag.py
[2026-07-20T06:43:39.807+0000] {processor.py:840} INFO - DAG(s) 'tutorial_dag' retrieved from /workspaces/recomart-recommendation-pipeline/airflow_venv/lib/python3.12/site-packages/airflow/example_dags/tutorial_dag.py
[2026-07-20T06:43:39.818+0000] {logging_mixin.py:188} INFO - [2026-07-20T06:43:39.818+0000] {dag.py:3089} INFO - Sync 1 DAGs
[2026-07-20T06:43:39.827+0000] {logging_mixin.py:188} INFO - [2026-07-20T06:43:39.827+0000] {dag.py:3947} INFO - Setting next_dagrun for tutorial_dag to None, run_after=None
[2026-07-20T06:43:39.844+0000] {processor.py:183} INFO - Processing /workspaces/recomart-recommendation-pipeline/airflow_venv/lib/python3.12/site-packages/airflow/example_dags/tutorial_dag.py took 0.048 seconds
[2026-07-20T06:44:29.275+0000] {processor.py:161} INFO - Started process (PID=82576) to work on /workspaces/recomart-recommendation-pipeline/airflow_venv/lib/python3.12/site-packages/airflow/example_dags/tutorial_dag.py
[2026-07-20T06:44:29.276+0000] {processor.py:830} INFO - Processing file /workspaces/recomart-recommendation-pipeline/airflow_venv/lib/python3.12/site-packages/airflow/example_dags/tutorial_dag.py for tasks to queue
[2026-07-20T06:44:29.277+0000] {logging_mixin.py:188} INFO - [2026-07-20T06:44:29.277+0000] {dagbag.py:545} INFO - Filling up the DagBag from /workspaces/recomart-recommendation-pipeline/airflow_venv/lib/python3.12/site-packages/airflow/example_dags/tutorial_dag.py
[2026-07-20T06:44:29.283+0000] {processor.py:840} INFO - DAG(s) 'tutorial_dag' retrieved from /workspaces/recomart-recommendation-pipeline/airflow_venv/lib/python3.12/site-packages/airflow/example_dags/tutorial_dag.py
[2026-07-20T06:44:29.297+0000] {logging_mixin.py:188} INFO - [2026-07-20T06:44:29.297+0000] {dag.py:3089} INFO - Sync 1 DAGs
[2026-07-20T06:44:29.306+0000] {logging_mixin.py:188} INFO - [2026-07-20T06:44:29.306+0000] {dag.py:3947} INFO - Setting next_dagrun for tutorial_dag to None, run_after=None
[2026-07-20T06:44:29.323+0000] {processor.py:183} INFO - Processing /workspaces/recomart-recommendation-pipeline/airflow_venv/lib/python3.12/site-packages/airflow/example_dags/tutorial_dag.py took 0.054 seconds
[2026-07-20T06:45:10.716+0000] {processor.py:161} INFO - Started process (PID=82944) to work on /workspaces/recomart-recommendation-pipeline/airflow_venv/lib/python3.12/site-packages/airflow/example_dags/tutorial_dag.py
[2026-07-20T06:45:10.717+0000] {processor.py:830} INFO - Processing file /workspaces/recomart-recommendation-pipeline/airflow_venv/lib/python3.12/site-packages/airflow/example_dags/tutorial_dag.py for tasks to queue
[2026-07-20T06:45:10.718+0000] {logging_mixin.py:188} INFO - [2026-07-20T06:45:10.718+0000] {dagbag.py:545} INFO - Filling up the DagBag from /workspaces/recomart-recommendation-pipeline/airflow_venv/lib/python3.12/site-packages/airflow/example_dags/tutorial_dag.py
[2026-07-20T06:45:10.723+0000] {processor.py:840} INFO - DAG(s) 'tutorial_dag' retrieved from /workspaces/recomart-recommendation-pipeline/airflow_venv/lib/python3.12/site-packages/airflow/example_dags/tutorial_dag.py
[2026-07-20T06:45:10.734+0000] {logging_mixin.py:188} INFO - [2026-07-20T06:45:10.734+0000] {dag.py:3089} INFO - Sync 1 DAGs
[2026-07-20T06:45:10.743+0000] {logging_mixin.py:188} INFO - [2026-07-20T06:45:10.743+0000] {dag.py:3947} INFO - Setting next_dagrun for tutorial_dag to None, run_after=None
[2026-07-20T06:45:10.760+0000] {processor.py:183} INFO - Processing /workspaces/recomart-recommendation-pipeline/airflow_venv/lib/python3.12/site-packages/airflow/example_dags/tutorial_dag.py took 0.048 seconds
[2026-07-20T06:45:51.988+0000] {processor.py:161} INFO - Started process (PID=83359) to work on /workspaces/recomart-recommendation-pipeline/airflow_venv/lib/python3.12/site-packages/airflow/example_dags/tutorial_dag.py
[2026-07-20T06:45:51.988+0000] {processor.py:830} INFO - Processing file /workspaces/recomart-recommendation-pipeline/airflow_venv/lib/python3.12/site-packages/airflow/example_dags/tutorial_dag.py for tasks to queue
[2026-07-20T06:45:51.990+0000] {logging_mixin.py:188} INFO - [2026-07-20T06:45:51.990+0000] {dagbag.py:545} INFO - Filling up the DagBag from /workspaces/recomart-recommendation-pipeline/airflow_venv/lib/python3.12/site-packages/airflow/example_dags/tutorial_dag.py
[2026-07-20T06:45:51.996+0000] {processor.py:840} INFO - DAG(s) 'tutorial_dag' retrieved from /workspaces/recomart-recommendation-pipeline/airflow_venv/lib/python3.12/site-packages/airflow/example_dags/tutorial_dag.py
[2026-07-20T06:45:52.008+0000] {logging_mixin.py:188} INFO - [2026-07-20T06:45:52.008+0000] {dag.py:3089} INFO - Sync 1 DAGs
[2026-07-20T06:45:52.017+0000] {logging_mixin.py:188} INFO - [2026-07-20T06:45:52.017+0000] {dag.py:3947} INFO - Setting next_dagrun for tutorial_dag to None, run_after=None
[2026-07-20T06:45:52.035+0000] {processor.py:183} INFO - Processing /workspaces/recomart-recommendation-pipeline/airflow_venv/lib/python3.12/site-packages/airflow/example_dags/tutorial_dag.py took 0.054 seconds
[2026-07-20T06:46:38.080+0000] {processor.py:161} INFO - Started process (PID=83686) to work on /workspaces/recomart-recommendation-pipeline/airflow_venv/lib/python3.12/site-packages/airflow/example_dags/tutorial_dag.py
[2026-07-20T06:46:38.080+0000] {processor.py:830} INFO - Processing file /workspaces/recomart-recommendation-pipeline/airflow_venv/lib/python3.12/site-packages/airflow/example_dags/tutorial_dag.py for tasks to queue
[2026-07-20T06:46:38.082+0000] {logging_mixin.py:188} INFO - [2026-07-20T06:46:38.082+0000] {dagbag.py:545} INFO - Filling up the DagBag from /workspaces/recomart-recommendation-pipeline/airflow_venv/lib/python3.12/site-packages/airflow/example_dags/tutorial_dag.py
[2026-07-20T06:46:38.088+0000] {processor.py:840} INFO - DAG(s) 'tutorial_dag' retrieved from /workspaces/recomart-recommendation-pipeline/airflow_venv/lib/python3.12/site-packages/airflow/example_dags/tutorial_dag.py
[2026-07-20T06:46:38.102+0000] {logging_mixin.py:188} INFO - [2026-07-20T06:46:38.102+0000] {dag.py:3089} INFO - Sync 1 DAGs
[2026-07-20T06:46:38.111+0000] {logging_mixin.py:188} INFO - [2026-07-20T06:46:38.111+0000] {dag.py:3947} INFO - Setting next_dagrun for tutorial_dag to None, run_after=None
[2026-07-20T06:46:38.127+0000] {processor.py:183} INFO - Processing /workspaces/recomart-recommendation-pipeline/airflow_venv/lib/python3.12/site-packages/airflow/example_dags/tutorial_dag.py took 0.055 seconds
[2026-07-20T06:47:19.945+0000] {processor.py:161} INFO - Started process (PID=84070) to work on /workspaces/recomart-recommendation-pipeline/airflow_venv/lib/python3.12/site-packages/airflow/example_dags/tutorial_dag.py
[2026-07-20T06:47:19.946+0000] {processor.py:830} INFO - Processing file /workspaces/recomart-recommendation-pipeline/airflow_venv/lib/python3.12/site-packages/airflow/example_dags/tutorial_dag.py for tasks to queue
[2026-07-20T06:47:19.947+0000] {logging_mixin.py:188} INFO - [2026-07-20T06:47:19.947+0000] {dagbag.py:545} INFO - Filling up the DagBag from /workspaces/recomart-recommendation-pipeline/airflow_venv/lib/python3.12/site-packages/airflow/example_dags/tutorial_dag.py
[2026-07-20T06:47:19.952+0000] {processor.py:840} INFO - DAG(s) 'tutorial_dag' retrieved from /workspaces/recomart-recommendation-pipeline/airflow_venv/lib/python3.12/site-packages/airflow/example_dags/tutorial_dag.py
[2026-07-20T06:47:19.963+0000] {logging_mixin.py:188} INFO - [2026-07-20T06:47:19.963+0000] {dag.py:3089} INFO - Sync 1 DAGs
[2026-07-20T06:47:19.974+0000] {logging_mixin.py:188} INFO - [2026-07-20T06:47:19.974+0000] {dag.py:3947} INFO - Setting next_dagrun for tutorial_dag to None, run_after=None
[2026-07-20T06:47:19.993+0000] {processor.py:183} INFO - Processing /workspaces/recomart-recommendation-pipeline/airflow_venv/lib/python3.12/site-packages/airflow/example_dags/tutorial_dag.py took 0.052 seconds
[2026-07-20T06:48:01.561+0000] {processor.py:161} INFO - Started process (PID=84432) to work on /workspaces/recomart-recommendation-pipeline/airflow_venv/lib/python3.12/site-packages/airflow/example_dags/tutorial_dag.py
[2026-07-20T06:48:01.562+0000] {processor.py:830} INFO - Processing file /workspaces/recomart-recommendation-pipeline/airflow_venv/lib/python3.12/site-packages/airflow/example_dags/tutorial_dag.py for tasks to queue
[2026-07-20T06:48:01.564+0000] {logging_mixin.py:188} INFO - [2026-07-20T06:48:01.563+0000] {dagbag.py:545} INFO - Filling up the DagBag from /workspaces/recomart-recommendation-pipeline/airflow_venv/lib/python3.12/site-packages/airflow/example_dags/tutorial_dag.py
[2026-07-20T06:48:01.570+0000] {processor.py:840} INFO - DAG(s) 'tutorial_dag' retrieved from /workspaces/recomart-recommendation-pipeline/airflow_venv/lib/python3.12/site-packages/airflow/example_dags/tutorial_dag.py
[2026-07-20T06:48:01.585+0000] {logging_mixin.py:188} INFO - [2026-07-20T06:48:01.585+0000] {dag.py:3089} INFO - Sync 1 DAGs
[2026-07-20T06:48:01.598+0000] {logging_mixin.py:188} INFO - [2026-07-20T06:48:01.598+0000] {dag.py:3947} INFO - Setting next_dagrun for tutorial_dag to None, run_after=None
[2026-07-20T06:48:01.615+0000] {processor.py:183} INFO - Processing /workspaces/recomart-recommendation-pipeline/airflow_venv/lib/python3.12/site-packages/airflow/example_dags/tutorial_dag.py took 0.058 seconds
[2026-07-20T06:48:43.812+0000] {processor.py:161} INFO - Started process (PID=84792) to work on /workspaces/recomart-recommendation-pipeline/airflow_venv/lib/python3.12/site-packages/airflow/example_dags/tutorial_dag.py
[2026-07-20T06:48:43.812+0000] {processor.py:830} INFO - Processing file /workspaces/recomart-recommendation-pipeline/airflow_venv/lib/python3.12/site-packages/airflow/example_dags/tutorial_dag.py for tasks to queue
[2026-07-20T06:48:43.814+0000] {logging_mixin.py:188} INFO - [2026-07-20T06:48:43.813+0000] {dagbag.py:545} INFO - Filling up the DagBag from /workspaces/recomart-recommendation-pipeline/airflow_venv/lib/python3.12/site-packages/airflow/example_dags/tutorial_dag.py
[2026-07-20T06:48:43.819+0000] {processor.py:840} INFO - DAG(s) 'tutorial_dag' retrieved from /workspaces/recomart-recommendation-pipeline/airflow_venv/lib/python3.12/site-packages/airflow/example_dags/tutorial_dag.py
[2026-07-20T06:48:43.830+0000] {logging_mixin.py:188} INFO - [2026-07-20T06:48:43.830+0000] {dag.py:3089} INFO - Sync 1 DAGs
[2026-07-20T06:48:43.839+0000] {logging_mixin.py:188} INFO - [2026-07-20T06:48:43.839+0000] {dag.py:3947} INFO - Setting next_dagrun for tutorial_dag to None, run_after=None
[2026-07-20T06:48:43.855+0000] {processor.py:183} INFO - Processing /workspaces/recomart-recommendation-pipeline/airflow_venv/lib/python3.12/site-packages/airflow/example_dags/tutorial_dag.py took 0.047 seconds
[2026-07-20T06:49:25.798+0000] {processor.py:161} INFO - Started process (PID=85220) to work on /workspaces/recomart-recommendation-pipeline/airflow_venv/lib/python3.12/site-packages/airflow/example_dags/tutorial_dag.py
[2026-07-20T06:49:25.799+0000] {processor.py:830} INFO - Processing file /workspaces/recomart-recommendation-pipeline/airflow_venv/lib/python3.12/site-packages/airflow/example_dags/tutorial_dag.py for tasks to queue
[2026-07-20T06:49:25.800+0000] {logging_mixin.py:188} INFO - [2026-07-20T06:49:25.800+0000] {dagbag.py:545} INFO - Filling up the DagBag from /workspaces/recomart-recommendation-pipeline/airflow_venv/lib/python3.12/site-packages/airflow/example_dags/tutorial_dag.py
[2026-07-20T06:49:25.804+0000] {processor.py:840} INFO - DAG(s) 'tutorial_dag' retrieved from /workspaces/recomart-recommendation-pipeline/airflow_venv/lib/python3.12/site-packages/airflow/example_dags/tutorial_dag.py
[2026-07-20T06:49:25.816+0000] {logging_mixin.py:188} INFO - [2026-07-20T06:49:25.816+0000] {dag.py:3089} INFO - Sync 1 DAGs
[2026-07-20T06:49:25.824+0000] {logging_mixin.py:188} INFO - [2026-07-20T06:49:25.824+0000] {dag.py:3947} INFO - Setting next_dagrun for tutorial_dag to None, run_after=None
[2026-07-20T06:49:25.841+0000] {processor.py:183} INFO - Processing /workspaces/recomart-recommendation-pipeline/airflow_venv/lib/python3.12/site-packages/airflow/example_dags/tutorial_dag.py took 0.048 seconds
[2026-07-20T06:50:06.745+0000] {processor.py:161} INFO - Started process (PID=85701) to work on /workspaces/recomart-recommendation-pipeline/airflow_venv/lib/python3.12/site-packages/airflow/example_dags/tutorial_dag.py
[2026-07-20T06:50:06.745+0000] {processor.py:830} INFO - Processing file /workspaces/recomart-recommendation-pipeline/airflow_venv/lib/python3.12/site-packages/airflow/example_dags/tutorial_dag.py for tasks to queue
[2026-07-20T06:50:06.747+0000] {logging_mixin.py:188} INFO - [2026-07-20T06:50:06.746+0000] {dagbag.py:545} INFO - Filling up the DagBag from /workspaces/recomart-recommendation-pipeline/airflow_venv/lib/python3.12/site-packages/airflow/example_dags/tutorial_dag.py
[2026-07-20T06:50:06.751+0000] {processor.py:840} INFO - DAG(s) 'tutorial_dag' retrieved from /workspaces/recomart-recommendation-pipeline/airflow_venv/lib/python3.12/site-packages/airflow/example_dags/tutorial_dag.py
[2026-07-20T06:50:06.763+0000] {logging_mixin.py:188} INFO - [2026-07-20T06:50:06.762+0000] {dag.py:3089} INFO - Sync 1 DAGs
[2026-07-20T06:50:06.773+0000] {logging_mixin.py:188} INFO - [2026-07-20T06:50:06.773+0000] {dag.py:3947} INFO - Setting next_dagrun for tutorial_dag to None, run_after=None
[2026-07-20T06:50:06.793+0000] {processor.py:183} INFO - Processing /workspaces/recomart-recommendation-pipeline/airflow_venv/lib/python3.12/site-packages/airflow/example_dags/tutorial_dag.py took 0.052 seconds
[2026-07-20T06:50:51.844+0000] {processor.py:161} INFO - Started process (PID=86142) to work on /workspaces/recomart-recommendation-pipeline/airflow_venv/lib/python3.12/site-packages/airflow/example_dags/tutorial_dag.py
[2026-07-20T06:50:51.845+0000] {processor.py:830} INFO - Processing file /workspaces/recomart-recommendation-pipeline/airflow_venv/lib/python3.12/site-packages/airflow/example_dags/tutorial_dag.py for tasks to queue
[2026-07-20T06:50:51.847+0000] {logging_mixin.py:188} INFO - [2026-07-20T06:50:51.847+0000] {dagbag.py:545} INFO - Filling up the DagBag from /workspaces/recomart-recommendation-pipeline/airflow_venv/lib/python3.12/site-packages/airflow/example_dags/tutorial_dag.py
[2026-07-20T06:50:51.854+0000] {processor.py:840} INFO - DAG(s) 'tutorial_dag' retrieved from /workspaces/recomart-recommendation-pipeline/airflow_venv/lib/python3.12/site-packages/airflow/example_dags/tutorial_dag.py
[2026-07-20T06:50:51.872+0000] {logging_mixin.py:188} INFO - [2026-07-20T06:50:51.872+0000] {dag.py:3089} INFO - Sync 1 DAGs
[2026-07-20T06:50:51.886+0000] {logging_mixin.py:188} INFO - [2026-07-20T06:50:51.886+0000] {dag.py:3947} INFO - Setting next_dagrun for tutorial_dag to None, run_after=None
[2026-07-20T06:50:51.909+0000] {processor.py:183} INFO - Processing /workspaces/recomart-recommendation-pipeline/airflow_venv/lib/python3.12/site-packages/airflow/example_dags/tutorial_dag.py took 0.071 seconds
[2026-07-20T06:51:38.634+0000] {processor.py:161} INFO - Started process (PID=86553) to work on /workspaces/recomart-recommendation-pipeline/airflow_venv/lib/python3.12/site-packages/airflow/example_dags/tutorial_dag.py
[2026-07-20T06:51:38.635+0000] {processor.py:830} INFO - Processing file /workspaces/recomart-recommendation-pipeline/airflow_venv/lib/python3.12/site-packages/airflow/example_dags/tutorial_dag.py for tasks to queue
[2026-07-20T06:51:38.636+0000] {logging_mixin.py:188} INFO - [2026-07-20T06:51:38.636+0000] {dagbag.py:545} INFO - Filling up the DagBag from /workspaces/recomart-recommendation-pipeline/airflow_venv/lib/python3.12/site-packages/airflow/example_dags/tutorial_dag.py
[2026-07-20T06:51:38.641+0000] {processor.py:840} INFO - DAG(s) 'tutorial_dag' retrieved from /workspaces/recomart-recommendation-pipeline/airflow_venv/lib/python3.12/site-packages/airflow/example_dags/tutorial_dag.py
[2026-07-20T06:51:38.653+0000] {logging_mixin.py:188} INFO - [2026-07-20T06:51:38.653+0000] {dag.py:3089} INFO - Sync 1 DAGs
[2026-07-20T06:51:38.663+0000] {logging_mixin.py:188} INFO - [2026-07-20T06:51:38.663+0000] {dag.py:3947} INFO - Setting next_dagrun for tutorial_dag to None, run_after=None
[2026-07-20T06:51:38.683+0000] {processor.py:183} INFO - Processing /workspaces/recomart-recommendation-pipeline/airflow_venv/lib/python3.12/site-packages/airflow/example_dags/tutorial_dag.py took 0.054 seconds
[2026-07-20T06:57:53.897+0000] {processor.py:161} INFO - Started process (PID=89594) to work on /workspaces/recomart-recommendation-pipeline/airflow_venv/lib/python3.12/site-packages/airflow/example_dags/tutorial_dag.py
[2026-07-20T06:57:53.900+0000] {processor.py:830} INFO - Processing file /workspaces/recomart-recommendation-pipeline/airflow_venv/lib/python3.12/site-packages/airflow/example_dags/tutorial_dag.py for tasks to queue
[2026-07-20T06:57:53.905+0000] {logging_mixin.py:188} INFO - [2026-07-20T06:57:53.904+0000] {dagbag.py:545} INFO - Filling up the DagBag from /workspaces/recomart-recommendation-pipeline/airflow_venv/lib/python3.12/site-packages/airflow/example_dags/tutorial_dag.py
[2026-07-20T06:57:53.929+0000] {processor.py:840} INFO - DAG(s) 'tutorial_dag' retrieved from /workspaces/recomart-recommendation-pipeline/airflow_venv/lib/python3.12/site-packages/airflow/example_dags/tutorial_dag.py
[2026-07-20T06:57:53.942+0000] {logging_mixin.py:188} INFO - [2026-07-20T06:57:53.942+0000] {dag.py:3089} INFO - Sync 1 DAGs
[2026-07-20T06:57:53.971+0000] {logging_mixin.py:188} INFO - [2026-07-20T06:57:53.971+0000] {dag.py:3947} INFO - Setting next_dagrun for tutorial_dag to None, run_after=None
[2026-07-20T06:57:54.011+0000] {processor.py:183} INFO - Processing /workspaces/recomart-recommendation-pipeline/airflow_venv/lib/python3.12/site-packages/airflow/example_dags/tutorial_dag.py took 0.128 seconds
[2026-07-20T06:58:50.820+0000] {processor.py:161} INFO - Started process (PID=90088) to work on /workspaces/recomart-recommendation-pipeline/airflow_venv/lib/python3.12/site-packages/airflow/example_dags/tutorial_dag.py
[2026-07-20T06:58:50.821+0000] {processor.py:830} INFO - Processing file /workspaces/recomart-recommendation-pipeline/airflow_venv/lib/python3.12/site-packages/airflow/example_dags/tutorial_dag.py for tasks to queue
[2026-07-20T06:58:50.822+0000] {logging_mixin.py:188} INFO - [2026-07-20T06:58:50.822+0000] {dagbag.py:545} INFO - Filling up the DagBag from /workspaces/recomart-recommendation-pipeline/airflow_venv/lib/python3.12/site-packages/airflow/example_dags/tutorial_dag.py
[2026-07-20T06:58:50.827+0000] {processor.py:840} INFO - DAG(s) 'tutorial_dag' retrieved from /workspaces/recomart-recommendation-pipeline/airflow_venv/lib/python3.12/site-packages/airflow/example_dags/tutorial_dag.py
[2026-07-20T06:58:50.915+0000] {logging_mixin.py:188} INFO - [2026-07-20T06:58:50.915+0000] {dag.py:3089} INFO - Sync 1 DAGs
[2026-07-20T06:58:50.922+0000] {logging_mixin.py:188} INFO - [2026-07-20T06:58:50.922+0000] {dag.py:3947} INFO - Setting next_dagrun for tutorial_dag to None, run_after=None
[2026-07-20T06:58:50.943+0000] {processor.py:183} INFO - Processing /workspaces/recomart-recommendation-pipeline/airflow_venv/lib/python3.12/site-packages/airflow/example_dags/tutorial_dag.py took 0.127 seconds
[2026-07-20T07:00:23.024+0000] {processor.py:161} INFO - Started process (PID=91718) to work on /workspaces/recomart-recommendation-pipeline/airflow_venv/lib/python3.12/site-packages/airflow/example_dags/tutorial_dag.py
[2026-07-20T07:00:23.026+0000] {processor.py:830} INFO - Processing file /workspaces/recomart-recommendation-pipeline/airflow_venv/lib/python3.12/site-packages/airflow/example_dags/tutorial_dag.py for tasks to queue
[2026-07-20T07:00:23.029+0000] {logging_mixin.py:188} INFO - [2026-07-20T07:00:23.029+0000] {dagbag.py:545} INFO - Filling up the DagBag from /workspaces/recomart-recommendation-pipeline/airflow_venv/lib/python3.12/site-packages/airflow/example_dags/tutorial_dag.py
[2026-07-20T07:00:23.040+0000] {processor.py:840} INFO - DAG(s) 'tutorial_dag' retrieved from /workspaces/recomart-recommendation-pipeline/airflow_venv/lib/python3.12/site-packages/airflow/example_dags/tutorial_dag.py
[2026-07-20T07:00:23.067+0000] {logging_mixin.py:188} INFO - [2026-07-20T07:00:23.067+0000] {dag.py:3089} INFO - Sync 1 DAGs
[2026-07-20T07:00:23.082+0000] {logging_mixin.py:188} INFO - [2026-07-20T07:00:23.081+0000] {dag.py:3947} INFO - Setting next_dagrun for tutorial_dag to None, run_after=None
[2026-07-20T07:00:23.141+0000] {processor.py:183} INFO - Processing /workspaces/recomart-recommendation-pipeline/airflow_venv/lib/python3.12/site-packages/airflow/example_dags/tutorial_dag.py took 0.127 seconds
[2026-07-20T07:01:13.688+0000] {processor.py:161} INFO - Started process (PID=92146) to work on /workspaces/recomart-recommendation-pipeline/airflow_venv/lib/python3.12/site-packages/airflow/example_dags/tutorial_dag.py
[2026-07-20T07:01:13.689+0000] {processor.py:830} INFO - Processing file /workspaces/recomart-recommendation-pipeline/airflow_venv/lib/python3.12/site-packages/airflow/example_dags/tutorial_dag.py for tasks to queue
[2026-07-20T07:01:13.691+0000] {logging_mixin.py:188} INFO - [2026-07-20T07:01:13.690+0000] {dagbag.py:545} INFO - Filling up the DagBag from /workspaces/recomart-recommendation-pipeline/airflow_venv/lib/python3.12/site-packages/airflow/example_dags/tutorial_dag.py
[2026-07-20T07:01:13.695+0000] {processor.py:840} INFO - DAG(s) 'tutorial_dag' retrieved from /workspaces/recomart-recommendation-pipeline/airflow_venv/lib/python3.12/site-packages/airflow/example_dags/tutorial_dag.py
[2026-07-20T07:01:13.709+0000] {logging_mixin.py:188} INFO - [2026-07-20T07:01:13.709+0000] {dag.py:3089} INFO - Sync 1 DAGs
[2026-07-20T07:01:13.718+0000] {logging_mixin.py:188} INFO - [2026-07-20T07:01:13.718+0000] {dag.py:3947} INFO - Setting next_dagrun for tutorial_dag to None, run_after=None
[2026-07-20T07:01:13.735+0000] {processor.py:183} INFO - Processing /workspaces/recomart-recommendation-pipeline/airflow_venv/lib/python3.12/site-packages/airflow/example_dags/tutorial_dag.py took 0.053 seconds
