[2026-07-20T06:34:06.137+0000] {local_task_job_runner.py:120} INFO - ::group::Pre task execution logs
[2026-07-20T06:34:06.151+0000] {taskinstance.py:2076} INFO - Dependencies all met for dep_context=non-requeueable deps ti=<TaskInstance: recomart_recommendation_pipeline.feature_store_demo manual__2026-07-20T06:33:34.316251+00:00 [queued]>
[2026-07-20T06:34:06.156+0000] {taskinstance.py:2076} INFO - Dependencies all met for dep_context=requeueable deps ti=<TaskInstance: recomart_recommendation_pipeline.feature_store_demo manual__2026-07-20T06:33:34.316251+00:00 [queued]>
[2026-07-20T06:34:06.156+0000] {taskinstance.py:2306} INFO - Starting attempt 1 of 2
[2026-07-20T06:34:06.171+0000] {taskinstance.py:2330} INFO - Executing <Task(BashOperator): feature_store_demo> on 2026-07-20 06:33:34.316251+00:00
[2026-07-20T06:34:06.182+0000] {standard_task_runner.py:90} INFO - Running: ['airflow', 'tasks', 'run', 'recomart_recommendation_pipeline', 'feature_store_demo', 'manual__2026-07-20T06:33:34.316251+00:00', '--job-id', '9', '--raw', '--subdir', 'DAGS_FOLDER/recomart_pipeline_dag.py', '--cfg-path', '/tmp/tmplv50b18p']
[2026-07-20T06:34:06.184+0000] {standard_task_runner.py:91} INFO - Job 9: Subtask feature_store_demo
[2026-07-20T06:34:06.186+0000] {logging_mixin.py:188} WARNING - /workspaces/recomart-recommendation-pipeline/airflow_venv/lib/python3.12/site-packages/airflow/task/task_runner/standard_task_runner.py:62 DeprecationWarning: This process (pid=75735) is multi-threaded, use of fork() may lead to deadlocks in the child.
[2026-07-20T06:34:06.186+0000] {standard_task_runner.py:64} INFO - Started process 75813 to run task
[2026-07-20T06:34:06.213+0000] {task_command.py:426} INFO - Running <TaskInstance: recomart_recommendation_pipeline.feature_store_demo manual__2026-07-20T06:33:34.316251+00:00 [running]> on host codespaces-4827dc
[2026-07-20T06:34:06.262+0000] {taskinstance.py:2648} INFO - Exporting env vars: AIRFLOW_CTX_DAG_OWNER='recomart_data_team' AIRFLOW_CTX_DAG_ID='recomart_recommendation_pipeline' AIRFLOW_CTX_TASK_ID='feature_store_demo' AIRFLOW_CTX_EXECUTION_DATE='2026-07-20T06:33:34.316251+00:00' AIRFLOW_CTX_TRY_NUMBER='1' AIRFLOW_CTX_DAG_RUN_ID='manual__2026-07-20T06:33:34.316251+00:00'
[2026-07-20T06:34:06.263+0000] {taskinstance.py:430} INFO - ::endgroup::
[2026-07-20T06:34:06.264+0000] {subprocess.py:63} INFO - Tmp dir root location: /tmp
[2026-07-20T06:34:06.264+0000] {subprocess.py:75} INFO - Running command: ['/usr/bin/bash', '-c', 'cd /workspaces/recomart-recommendation-pipeline && source venv/bin/activate && python scripts/feature_store_demo.py']
[2026-07-20T06:34:06.278+0000] {subprocess.py:86} INFO - Output:
[2026-07-20T06:34:06.928+0000] {subprocess.py:93} INFO - Feature store version: 1.0
[2026-07-20T06:34:06.928+0000] {subprocess.py:93} INFO - Available features:
[2026-07-20T06:34:06.929+0000] {subprocess.py:93} INFO -  - user_activity_count (entity: user_id, type: int)
[2026-07-20T06:34:06.929+0000] {subprocess.py:93} INFO -  - user_avg_rating (entity: user_id, type: float)
[2026-07-20T06:34:06.929+0000] {subprocess.py:93} INFO -  - item_popularity (entity: item_id, type: int)
[2026-07-20T06:34:06.929+0000] {subprocess.py:93} INFO -  - item_avg_rating (entity: item_id, type: float)
[2026-07-20T06:34:06.930+0000] {subprocess.py:93} INFO -  - age_normalized (entity: user_id, type: float)
[2026-07-20T06:34:06.930+0000] {subprocess.py:93} INFO -  - occupation_encoded (entity: user_id, type: int)
[2026-07-20T06:34:06.930+0000] {subprocess.py:93} INFO - 
[2026-07-20T06:34:06.930+0000] {subprocess.py:93} INFO - --- Sample retrieval for user_id=1 ---
[2026-07-20T06:34:06.931+0000] {subprocess.py:93} INFO - {'user_id': 1, 'user_activity_count': np.int64(272), 'user_avg_rating': np.float64(3.610294117647059), 'age_normalized': np.float64(0.2575757575757575), 'occupation_encoded': np.int64(19)}
[2026-07-20T06:34:06.931+0000] {subprocess.py:93} INFO - 
[2026-07-20T06:34:06.931+0000] {subprocess.py:93} INFO - --- Sample retrieval for item_id=1 ---
[2026-07-20T06:34:06.931+0000] {subprocess.py:93} INFO - {'item_id': 1, 'item_popularity': np.int64(452), 'item_avg_rating': np.float64(3.878318584070796)}
[2026-07-20T06:34:06.986+0000] {subprocess.py:97} INFO - Command exited with return code 0
[2026-07-20T06:34:06.987+0000] {taskinstance.py:441} INFO - ::group::Post task execution logs
[2026-07-20T06:34:07.002+0000] {taskinstance.py:1206} INFO - Marking task as SUCCESS. dag_id=recomart_recommendation_pipeline, task_id=feature_store_demo, run_id=manual__2026-07-20T06:33:34.316251+00:00, execution_date=20260720T063334, start_date=20260720T063406, end_date=20260720T063407
[2026-07-20T06:34:07.053+0000] {local_task_job_runner.py:243} INFO - Task exited with return code 0
[2026-07-20T06:34:07.065+0000] {taskinstance.py:3503} INFO - 1 downstream tasks scheduled from follow-on schedule check
[2026-07-20T06:34:07.072+0000] {local_task_job_runner.py:222} INFO - ::endgroup::
