[2026-07-20T06:30:38.808+0000] {processor.py:161} INFO - Started process (PID=73228) to work on /workspaces/recomart-recommendation-pipeline/airflow_home/dags/recomart_pipeline_dag.py
[2026-07-20T06:30:38.809+0000] {processor.py:830} INFO - Processing file /workspaces/recomart-recommendation-pipeline/airflow_home/dags/recomart_pipeline_dag.py for tasks to queue
[2026-07-20T06:30:38.811+0000] {logging_mixin.py:188} INFO - [2026-07-20T06:30:38.810+0000] {dagbag.py:545} INFO - Filling up the DagBag from /workspaces/recomart-recommendation-pipeline/airflow_home/dags/recomart_pipeline_dag.py
[2026-07-20T06:30:38.829+0000] {processor.py:840} INFO - DAG(s) 'recomart_recommendation_pipeline' retrieved from /workspaces/recomart-recommendation-pipeline/airflow_home/dags/recomart_pipeline_dag.py
[2026-07-20T06:30:38.837+0000] {logging_mixin.py:188} INFO - [2026-07-20T06:30:38.837+0000] {dag.py:3089} INFO - Sync 1 DAGs
[2026-07-20T06:30:38.856+0000] {logging_mixin.py:188} INFO - [2026-07-20T06:30:38.856+0000] {dag.py:3947} INFO - Setting next_dagrun for recomart_recommendation_pipeline to None, run_after=None
[2026-07-20T06:30:38.881+0000] {processor.py:183} INFO - Processing /workspaces/recomart-recommendation-pipeline/airflow_home/dags/recomart_pipeline_dag.py took 0.080 seconds
[2026-07-20T06:31:36.959+0000] {processor.py:161} INFO - Started process (PID=73927) to work on /workspaces/recomart-recommendation-pipeline/airflow_home/dags/recomart_pipeline_dag.py
[2026-07-20T06:31:36.963+0000] {processor.py:830} INFO - Processing file /workspaces/recomart-recommendation-pipeline/airflow_home/dags/recomart_pipeline_dag.py for tasks to queue
[2026-07-20T06:31:36.968+0000] {logging_mixin.py:188} INFO - [2026-07-20T06:31:36.967+0000] {dagbag.py:545} INFO - Filling up the DagBag from /workspaces/recomart-recommendation-pipeline/airflow_home/dags/recomart_pipeline_dag.py
[2026-07-20T06:31:36.982+0000] {processor.py:840} INFO - DAG(s) 'recomart_recommendation_pipeline' retrieved from /workspaces/recomart-recommendation-pipeline/airflow_home/dags/recomart_pipeline_dag.py
[2026-07-20T06:31:37.132+0000] {logging_mixin.py:188} INFO - [2026-07-20T06:31:37.131+0000] {dag.py:3089} INFO - Sync 1 DAGs
[2026-07-20T06:31:37.139+0000] {logging_mixin.py:188} INFO - [2026-07-20T06:31:37.138+0000] {dag.py:3947} INFO - Setting next_dagrun for recomart_recommendation_pipeline to None, run_after=None
[2026-07-20T06:31:37.155+0000] {processor.py:183} INFO - Processing /workspaces/recomart-recommendation-pipeline/airflow_home/dags/recomart_pipeline_dag.py took 0.207 seconds
[2026-07-20T06:32:27.001+0000] {processor.py:161} INFO - Started process (PID=74645) to work on /workspaces/recomart-recommendation-pipeline/airflow_home/dags/recomart_pipeline_dag.py
[2026-07-20T06:32:27.002+0000] {processor.py:830} INFO - Processing file /workspaces/recomart-recommendation-pipeline/airflow_home/dags/recomart_pipeline_dag.py for tasks to queue
[2026-07-20T06:32:27.003+0000] {logging_mixin.py:188} INFO - [2026-07-20T06:32:27.003+0000] {dagbag.py:545} INFO - Filling up the DagBag from /workspaces/recomart-recommendation-pipeline/airflow_home/dags/recomart_pipeline_dag.py
[2026-07-20T06:32:27.007+0000] {processor.py:840} INFO - DAG(s) 'recomart_recommendation_pipeline' retrieved from /workspaces/recomart-recommendation-pipeline/airflow_home/dags/recomart_pipeline_dag.py
[2026-07-20T06:32:27.019+0000] {logging_mixin.py:188} INFO - [2026-07-20T06:32:27.019+0000] {dag.py:3089} INFO - Sync 1 DAGs
[2026-07-20T06:32:27.028+0000] {logging_mixin.py:188} INFO - [2026-07-20T06:32:27.028+0000] {dag.py:3947} INFO - Setting next_dagrun for recomart_recommendation_pipeline to None, run_after=None
[2026-07-20T06:32:27.045+0000] {processor.py:183} INFO - Processing /workspaces/recomart-recommendation-pipeline/airflow_home/dags/recomart_pipeline_dag.py took 0.048 seconds
[2026-07-20T06:33:10.198+0000] {processor.py:161} INFO - Started process (PID=75033) to work on /workspaces/recomart-recommendation-pipeline/airflow_home/dags/recomart_pipeline_dag.py
[2026-07-20T06:33:10.199+0000] {processor.py:830} INFO - Processing file /workspaces/recomart-recommendation-pipeline/airflow_home/dags/recomart_pipeline_dag.py for tasks to queue
[2026-07-20T06:33:10.200+0000] {logging_mixin.py:188} INFO - [2026-07-20T06:33:10.200+0000] {dagbag.py:545} INFO - Filling up the DagBag from /workspaces/recomart-recommendation-pipeline/airflow_home/dags/recomart_pipeline_dag.py
[2026-07-20T06:33:10.206+0000] {processor.py:840} INFO - DAG(s) 'recomart_recommendation_pipeline' retrieved from /workspaces/recomart-recommendation-pipeline/airflow_home/dags/recomart_pipeline_dag.py
[2026-07-20T06:33:10.234+0000] {logging_mixin.py:188} INFO - [2026-07-20T06:33:10.233+0000] {dag.py:3089} INFO - Sync 1 DAGs
[2026-07-20T06:33:10.251+0000] {logging_mixin.py:188} INFO - [2026-07-20T06:33:10.250+0000] {dag.py:3947} INFO - Setting next_dagrun for recomart_recommendation_pipeline to None, run_after=None
[2026-07-20T06:33:10.278+0000] {processor.py:183} INFO - Processing /workspaces/recomart-recommendation-pipeline/airflow_home/dags/recomart_pipeline_dag.py took 0.088 seconds
[2026-07-20T06:34:29.245+0000] {processor.py:161} INFO - Started process (PID=76249) to work on /workspaces/recomart-recommendation-pipeline/airflow_home/dags/recomart_pipeline_dag.py
[2026-07-20T06:34:29.246+0000] {processor.py:830} INFO - Processing file /workspaces/recomart-recommendation-pipeline/airflow_home/dags/recomart_pipeline_dag.py for tasks to queue
[2026-07-20T06:34:29.247+0000] {logging_mixin.py:188} INFO - [2026-07-20T06:34:29.247+0000] {dagbag.py:545} INFO - Filling up the DagBag from /workspaces/recomart-recommendation-pipeline/airflow_home/dags/recomart_pipeline_dag.py
[2026-07-20T06:34:29.252+0000] {processor.py:840} INFO - DAG(s) 'recomart_recommendation_pipeline' retrieved from /workspaces/recomart-recommendation-pipeline/airflow_home/dags/recomart_pipeline_dag.py
[2026-07-20T06:34:29.264+0000] {logging_mixin.py:188} INFO - [2026-07-20T06:34:29.263+0000] {dag.py:3089} INFO - Sync 1 DAGs
[2026-07-20T06:34:29.274+0000] {logging_mixin.py:188} INFO - [2026-07-20T06:34:29.274+0000] {dag.py:3947} INFO - Setting next_dagrun for recomart_recommendation_pipeline to None, run_after=None
[2026-07-20T06:34:29.293+0000] {processor.py:183} INFO - Processing /workspaces/recomart-recommendation-pipeline/airflow_home/dags/recomart_pipeline_dag.py took 0.053 seconds
[2026-07-20T06:35:02.519+0000] {processor.py:161} INFO - Started process (PID=76878) to work on /workspaces/recomart-recommendation-pipeline/airflow_home/dags/recomart_pipeline_dag.py
[2026-07-20T06:35:02.521+0000] {processor.py:830} INFO - Processing file /workspaces/recomart-recommendation-pipeline/airflow_home/dags/recomart_pipeline_dag.py for tasks to queue
[2026-07-20T06:35:02.528+0000] {logging_mixin.py:188} INFO - [2026-07-20T06:35:02.525+0000] {dagbag.py:545} INFO - Filling up the DagBag from /workspaces/recomart-recommendation-pipeline/airflow_home/dags/recomart_pipeline_dag.py
[2026-07-20T06:35:02.547+0000] {processor.py:840} INFO - DAG(s) 'recomart_recommendation_pipeline' retrieved from /workspaces/recomart-recommendation-pipeline/airflow_home/dags/recomart_pipeline_dag.py
[2026-07-20T06:35:02.605+0000] {logging_mixin.py:188} INFO - [2026-07-20T06:35:02.604+0000] {dag.py:3089} INFO - Sync 1 DAGs
[2026-07-20T06:35:02.656+0000] {logging_mixin.py:188} INFO - [2026-07-20T06:35:02.656+0000] {dag.py:3947} INFO - Setting next_dagrun for recomart_recommendation_pipeline to None, run_after=None
[2026-07-20T06:35:02.790+0000] {processor.py:183} INFO - Processing /workspaces/recomart-recommendation-pipeline/airflow_home/dags/recomart_pipeline_dag.py took 0.294 seconds
[2026-07-20T06:35:51.792+0000] {processor.py:161} INFO - Started process (PID=77842) to work on /workspaces/recomart-recommendation-pipeline/airflow_home/dags/recomart_pipeline_dag.py
[2026-07-20T06:35:51.793+0000] {processor.py:830} INFO - Processing file /workspaces/recomart-recommendation-pipeline/airflow_home/dags/recomart_pipeline_dag.py for tasks to queue
[2026-07-20T06:35:51.794+0000] {logging_mixin.py:188} INFO - [2026-07-20T06:35:51.794+0000] {dagbag.py:545} INFO - Filling up the DagBag from /workspaces/recomart-recommendation-pipeline/airflow_home/dags/recomart_pipeline_dag.py
[2026-07-20T06:35:51.799+0000] {processor.py:840} INFO - DAG(s) 'recomart_recommendation_pipeline' retrieved from /workspaces/recomart-recommendation-pipeline/airflow_home/dags/recomart_pipeline_dag.py
[2026-07-20T06:35:51.810+0000] {logging_mixin.py:188} INFO - [2026-07-20T06:35:51.810+0000] {dag.py:3089} INFO - Sync 1 DAGs
[2026-07-20T06:35:51.819+0000] {logging_mixin.py:188} INFO - [2026-07-20T06:35:51.819+0000] {dag.py:3947} INFO - Setting next_dagrun for recomart_recommendation_pipeline to None, run_after=None
[2026-07-20T06:35:51.837+0000] {processor.py:183} INFO - Processing /workspaces/recomart-recommendation-pipeline/airflow_home/dags/recomart_pipeline_dag.py took 0.049 seconds
[2026-07-20T06:36:46.855+0000] {processor.py:161} INFO - Started process (PID=78741) to work on /workspaces/recomart-recommendation-pipeline/airflow_home/dags/recomart_pipeline_dag.py
[2026-07-20T06:36:46.856+0000] {processor.py:830} INFO - Processing file /workspaces/recomart-recommendation-pipeline/airflow_home/dags/recomart_pipeline_dag.py for tasks to queue
[2026-07-20T06:36:46.858+0000] {logging_mixin.py:188} INFO - [2026-07-20T06:36:46.858+0000] {dagbag.py:545} INFO - Filling up the DagBag from /workspaces/recomart-recommendation-pipeline/airflow_home/dags/recomart_pipeline_dag.py
[2026-07-20T06:36:46.864+0000] {processor.py:840} INFO - DAG(s) 'recomart_recommendation_pipeline' retrieved from /workspaces/recomart-recommendation-pipeline/airflow_home/dags/recomart_pipeline_dag.py
[2026-07-20T06:36:46.875+0000] {logging_mixin.py:188} INFO - [2026-07-20T06:36:46.875+0000] {dag.py:3089} INFO - Sync 1 DAGs
[2026-07-20T06:36:46.884+0000] {logging_mixin.py:188} INFO - [2026-07-20T06:36:46.884+0000] {dag.py:3947} INFO - Setting next_dagrun for recomart_recommendation_pipeline to None, run_after=None
[2026-07-20T06:36:46.900+0000] {processor.py:183} INFO - Processing /workspaces/recomart-recommendation-pipeline/airflow_home/dags/recomart_pipeline_dag.py took 0.050 seconds
[2026-07-20T06:37:32.057+0000] {processor.py:161} INFO - Started process (PID=79062) to work on /workspaces/recomart-recommendation-pipeline/airflow_home/dags/recomart_pipeline_dag.py
[2026-07-20T06:37:32.058+0000] {processor.py:830} INFO - Processing file /workspaces/recomart-recommendation-pipeline/airflow_home/dags/recomart_pipeline_dag.py for tasks to queue
[2026-07-20T06:37:32.059+0000] {logging_mixin.py:188} INFO - [2026-07-20T06:37:32.059+0000] {dagbag.py:545} INFO - Filling up the DagBag from /workspaces/recomart-recommendation-pipeline/airflow_home/dags/recomart_pipeline_dag.py
[2026-07-20T06:37:32.064+0000] {processor.py:840} INFO - DAG(s) 'recomart_recommendation_pipeline' retrieved from /workspaces/recomart-recommendation-pipeline/airflow_home/dags/recomart_pipeline_dag.py
[2026-07-20T06:37:32.078+0000] {logging_mixin.py:188} INFO - [2026-07-20T06:37:32.078+0000] {dag.py:3089} INFO - Sync 1 DAGs
[2026-07-20T06:37:32.098+0000] {logging_mixin.py:188} INFO - [2026-07-20T06:37:32.098+0000] {dag.py:3947} INFO - Setting next_dagrun for recomart_recommendation_pipeline to None, run_after=None
[2026-07-20T06:37:32.116+0000] {processor.py:183} INFO - Processing /workspaces/recomart-recommendation-pipeline/airflow_home/dags/recomart_pipeline_dag.py took 0.063 seconds
[2026-07-20T06:38:18.392+0000] {processor.py:161} INFO - Started process (PID=79474) to work on /workspaces/recomart-recommendation-pipeline/airflow_home/dags/recomart_pipeline_dag.py
[2026-07-20T06:38:18.393+0000] {processor.py:830} INFO - Processing file /workspaces/recomart-recommendation-pipeline/airflow_home/dags/recomart_pipeline_dag.py for tasks to queue
[2026-07-20T06:38:18.395+0000] {logging_mixin.py:188} INFO - [2026-07-20T06:38:18.394+0000] {dagbag.py:545} INFO - Filling up the DagBag from /workspaces/recomart-recommendation-pipeline/airflow_home/dags/recomart_pipeline_dag.py
[2026-07-20T06:38:18.400+0000] {processor.py:840} INFO - DAG(s) 'recomart_recommendation_pipeline' retrieved from /workspaces/recomart-recommendation-pipeline/airflow_home/dags/recomart_pipeline_dag.py
[2026-07-20T06:38:18.414+0000] {logging_mixin.py:188} INFO - [2026-07-20T06:38:18.414+0000] {dag.py:3089} INFO - Sync 1 DAGs
[2026-07-20T06:38:18.423+0000] {logging_mixin.py:188} INFO - [2026-07-20T06:38:18.423+0000] {dag.py:3947} INFO - Setting next_dagrun for recomart_recommendation_pipeline to None, run_after=None
[2026-07-20T06:38:18.541+0000] {processor.py:183} INFO - Processing /workspaces/recomart-recommendation-pipeline/airflow_home/dags/recomart_pipeline_dag.py took 0.154 seconds
[2026-07-20T06:39:07.863+0000] {processor.py:161} INFO - Started process (PID=79878) to work on /workspaces/recomart-recommendation-pipeline/airflow_home/dags/recomart_pipeline_dag.py
[2026-07-20T06:39:07.865+0000] {processor.py:830} INFO - Processing file /workspaces/recomart-recommendation-pipeline/airflow_home/dags/recomart_pipeline_dag.py for tasks to queue
[2026-07-20T06:39:07.867+0000] {logging_mixin.py:188} INFO - [2026-07-20T06:39:07.867+0000] {dagbag.py:545} INFO - Filling up the DagBag from /workspaces/recomart-recommendation-pipeline/airflow_home/dags/recomart_pipeline_dag.py
[2026-07-20T06:39:07.875+0000] {processor.py:840} INFO - DAG(s) 'recomart_recommendation_pipeline' retrieved from /workspaces/recomart-recommendation-pipeline/airflow_home/dags/recomart_pipeline_dag.py
[2026-07-20T06:39:07.892+0000] {logging_mixin.py:188} INFO - [2026-07-20T06:39:07.892+0000] {dag.py:3089} INFO - Sync 1 DAGs
[2026-07-20T06:39:07.905+0000] {logging_mixin.py:188} INFO - [2026-07-20T06:39:07.905+0000] {dag.py:3947} INFO - Setting next_dagrun for recomart_recommendation_pipeline to None, run_after=None
[2026-07-20T06:39:07.942+0000] {processor.py:183} INFO - Processing /workspaces/recomart-recommendation-pipeline/airflow_home/dags/recomart_pipeline_dag.py took 0.085 seconds
[2026-07-20T06:39:54.812+0000] {processor.py:161} INFO - Started process (PID=80282) to work on /workspaces/recomart-recommendation-pipeline/airflow_home/dags/recomart_pipeline_dag.py
[2026-07-20T06:39:54.814+0000] {processor.py:830} INFO - Processing file /workspaces/recomart-recommendation-pipeline/airflow_home/dags/recomart_pipeline_dag.py for tasks to queue
[2026-07-20T06:39:54.816+0000] {logging_mixin.py:188} INFO - [2026-07-20T06:39:54.816+0000] {dagbag.py:545} INFO - Filling up the DagBag from /workspaces/recomart-recommendation-pipeline/airflow_home/dags/recomart_pipeline_dag.py
[2026-07-20T06:39:54.825+0000] {processor.py:840} INFO - DAG(s) 'recomart_recommendation_pipeline' retrieved from /workspaces/recomart-recommendation-pipeline/airflow_home/dags/recomart_pipeline_dag.py
[2026-07-20T06:39:54.980+0000] {logging_mixin.py:188} INFO - [2026-07-20T06:39:54.980+0000] {dag.py:3089} INFO - Sync 1 DAGs
[2026-07-20T06:39:54.993+0000] {logging_mixin.py:188} INFO - [2026-07-20T06:39:54.993+0000] {dag.py:3947} INFO - Setting next_dagrun for recomart_recommendation_pipeline to None, run_after=None
[2026-07-20T06:39:55.023+0000] {processor.py:183} INFO - Processing /workspaces/recomart-recommendation-pipeline/airflow_home/dags/recomart_pipeline_dag.py took 0.219 seconds
[2026-07-20T06:40:46.326+0000] {processor.py:161} INFO - Started process (PID=80774) to work on /workspaces/recomart-recommendation-pipeline/airflow_home/dags/recomart_pipeline_dag.py
[2026-07-20T06:40:46.327+0000] {processor.py:830} INFO - Processing file /workspaces/recomart-recommendation-pipeline/airflow_home/dags/recomart_pipeline_dag.py for tasks to queue
[2026-07-20T06:40:46.328+0000] {logging_mixin.py:188} INFO - [2026-07-20T06:40:46.328+0000] {dagbag.py:545} INFO - Filling up the DagBag from /workspaces/recomart-recommendation-pipeline/airflow_home/dags/recomart_pipeline_dag.py
[2026-07-20T06:40:46.333+0000] {processor.py:840} INFO - DAG(s) 'recomart_recommendation_pipeline' retrieved from /workspaces/recomart-recommendation-pipeline/airflow_home/dags/recomart_pipeline_dag.py
[2026-07-20T06:40:46.347+0000] {logging_mixin.py:188} INFO - [2026-07-20T06:40:46.347+0000] {dag.py:3089} INFO - Sync 1 DAGs
[2026-07-20T06:40:46.356+0000] {logging_mixin.py:188} INFO - [2026-07-20T06:40:46.356+0000] {dag.py:3947} INFO - Setting next_dagrun for recomart_recommendation_pipeline to None, run_after=None
[2026-07-20T06:40:46.376+0000] {processor.py:183} INFO - Processing /workspaces/recomart-recommendation-pipeline/airflow_home/dags/recomart_pipeline_dag.py took 0.055 seconds
[2026-07-20T06:41:31.664+0000] {processor.py:161} INFO - Started process (PID=81114) to work on /workspaces/recomart-recommendation-pipeline/airflow_home/dags/recomart_pipeline_dag.py
[2026-07-20T06:41:31.665+0000] {processor.py:830} INFO - Processing file /workspaces/recomart-recommendation-pipeline/airflow_home/dags/recomart_pipeline_dag.py for tasks to queue
[2026-07-20T06:41:31.667+0000] {logging_mixin.py:188} INFO - [2026-07-20T06:41:31.666+0000] {dagbag.py:545} INFO - Filling up the DagBag from /workspaces/recomart-recommendation-pipeline/airflow_home/dags/recomart_pipeline_dag.py
[2026-07-20T06:41:31.678+0000] {processor.py:840} INFO - DAG(s) 'recomart_recommendation_pipeline' retrieved from /workspaces/recomart-recommendation-pipeline/airflow_home/dags/recomart_pipeline_dag.py
[2026-07-20T06:41:31.695+0000] {logging_mixin.py:188} INFO - [2026-07-20T06:41:31.695+0000] {dag.py:3089} INFO - Sync 1 DAGs
[2026-07-20T06:41:31.706+0000] {logging_mixin.py:188} INFO - [2026-07-20T06:41:31.706+0000] {dag.py:3947} INFO - Setting next_dagrun for recomart_recommendation_pipeline to None, run_after=None
[2026-07-20T06:41:31.722+0000] {processor.py:183} INFO - Processing /workspaces/recomart-recommendation-pipeline/airflow_home/dags/recomart_pipeline_dag.py took 0.066 seconds
[2026-07-20T06:42:20.234+0000] {processor.py:161} INFO - Started process (PID=81514) to work on /workspaces/recomart-recommendation-pipeline/airflow_home/dags/recomart_pipeline_dag.py
[2026-07-20T06:42:20.235+0000] {processor.py:830} INFO - Processing file /workspaces/recomart-recommendation-pipeline/airflow_home/dags/recomart_pipeline_dag.py for tasks to queue
[2026-07-20T06:42:20.237+0000] {logging_mixin.py:188} INFO - [2026-07-20T06:42:20.236+0000] {dagbag.py:545} INFO - Filling up the DagBag from /workspaces/recomart-recommendation-pipeline/airflow_home/dags/recomart_pipeline_dag.py
[2026-07-20T06:42:20.241+0000] {processor.py:840} INFO - DAG(s) 'recomart_recommendation_pipeline' retrieved from /workspaces/recomart-recommendation-pipeline/airflow_home/dags/recomart_pipeline_dag.py
[2026-07-20T06:42:20.253+0000] {logging_mixin.py:188} INFO - [2026-07-20T06:42:20.253+0000] {dag.py:3089} INFO - Sync 1 DAGs
[2026-07-20T06:42:20.262+0000] {logging_mixin.py:188} INFO - [2026-07-20T06:42:20.262+0000] {dag.py:3947} INFO - Setting next_dagrun for recomart_recommendation_pipeline to None, run_after=None
[2026-07-20T06:42:20.280+0000] {processor.py:183} INFO - Processing /workspaces/recomart-recommendation-pipeline/airflow_home/dags/recomart_pipeline_dag.py took 0.051 seconds
[2026-07-20T06:43:05.959+0000] {processor.py:161} INFO - Started process (PID=81915) to work on /workspaces/recomart-recommendation-pipeline/airflow_home/dags/recomart_pipeline_dag.py
[2026-07-20T06:43:05.960+0000] {processor.py:830} INFO - Processing file /workspaces/recomart-recommendation-pipeline/airflow_home/dags/recomart_pipeline_dag.py for tasks to queue
[2026-07-20T06:43:05.961+0000] {logging_mixin.py:188} INFO - [2026-07-20T06:43:05.961+0000] {dagbag.py:545} INFO - Filling up the DagBag from /workspaces/recomart-recommendation-pipeline/airflow_home/dags/recomart_pipeline_dag.py
[2026-07-20T06:43:05.966+0000] {processor.py:840} INFO - DAG(s) 'recomart_recommendation_pipeline' retrieved from /workspaces/recomart-recommendation-pipeline/airflow_home/dags/recomart_pipeline_dag.py
[2026-07-20T06:43:05.981+0000] {logging_mixin.py:188} INFO - [2026-07-20T06:43:05.981+0000] {dag.py:3089} INFO - Sync 1 DAGs
[2026-07-20T06:43:05.992+0000] {logging_mixin.py:188} INFO - [2026-07-20T06:43:05.991+0000] {dag.py:3947} INFO - Setting next_dagrun for recomart_recommendation_pipeline to None, run_after=None
[2026-07-20T06:43:06.008+0000] {processor.py:183} INFO - Processing /workspaces/recomart-recommendation-pipeline/airflow_home/dags/recomart_pipeline_dag.py took 0.053 seconds
[2026-07-20T06:43:55.708+0000] {processor.py:161} INFO - Started process (PID=82338) to work on /workspaces/recomart-recommendation-pipeline/airflow_home/dags/recomart_pipeline_dag.py
[2026-07-20T06:43:55.709+0000] {processor.py:830} INFO - Processing file /workspaces/recomart-recommendation-pipeline/airflow_home/dags/recomart_pipeline_dag.py for tasks to queue
[2026-07-20T06:43:55.710+0000] {logging_mixin.py:188} INFO - [2026-07-20T06:43:55.710+0000] {dagbag.py:545} INFO - Filling up the DagBag from /workspaces/recomart-recommendation-pipeline/airflow_home/dags/recomart_pipeline_dag.py
[2026-07-20T06:43:55.716+0000] {processor.py:840} INFO - DAG(s) 'recomart_recommendation_pipeline' retrieved from /workspaces/recomart-recommendation-pipeline/airflow_home/dags/recomart_pipeline_dag.py
[2026-07-20T06:43:55.733+0000] {logging_mixin.py:188} INFO - [2026-07-20T06:43:55.733+0000] {dag.py:3089} INFO - Sync 1 DAGs
[2026-07-20T06:43:55.742+0000] {logging_mixin.py:188} INFO - [2026-07-20T06:43:55.742+0000] {dag.py:3947} INFO - Setting next_dagrun for recomart_recommendation_pipeline to None, run_after=None
[2026-07-20T06:43:55.759+0000] {processor.py:183} INFO - Processing /workspaces/recomart-recommendation-pipeline/airflow_home/dags/recomart_pipeline_dag.py took 0.055 seconds
[2026-07-20T06:44:41.965+0000] {processor.py:161} INFO - Started process (PID=82723) to work on /workspaces/recomart-recommendation-pipeline/airflow_home/dags/recomart_pipeline_dag.py
[2026-07-20T06:44:41.965+0000] {processor.py:830} INFO - Processing file /workspaces/recomart-recommendation-pipeline/airflow_home/dags/recomart_pipeline_dag.py for tasks to queue
[2026-07-20T06:44:41.967+0000] {logging_mixin.py:188} INFO - [2026-07-20T06:44:41.966+0000] {dagbag.py:545} INFO - Filling up the DagBag from /workspaces/recomart-recommendation-pipeline/airflow_home/dags/recomart_pipeline_dag.py
[2026-07-20T06:44:41.972+0000] {processor.py:840} INFO - DAG(s) 'recomart_recommendation_pipeline' retrieved from /workspaces/recomart-recommendation-pipeline/airflow_home/dags/recomart_pipeline_dag.py
[2026-07-20T06:44:41.988+0000] {logging_mixin.py:188} INFO - [2026-07-20T06:44:41.988+0000] {dag.py:3089} INFO - Sync 1 DAGs
[2026-07-20T06:44:41.998+0000] {logging_mixin.py:188} INFO - [2026-07-20T06:44:41.998+0000] {dag.py:3947} INFO - Setting next_dagrun for recomart_recommendation_pipeline to None, run_after=None
[2026-07-20T06:44:42.016+0000] {processor.py:183} INFO - Processing /workspaces/recomart-recommendation-pipeline/airflow_home/dags/recomart_pipeline_dag.py took 0.056 seconds
[2026-07-20T06:45:20.413+0000] {processor.py:161} INFO - Started process (PID=83011) to work on /workspaces/recomart-recommendation-pipeline/airflow_home/dags/recomart_pipeline_dag.py
[2026-07-20T06:45:20.414+0000] {processor.py:830} INFO - Processing file /workspaces/recomart-recommendation-pipeline/airflow_home/dags/recomart_pipeline_dag.py for tasks to queue
[2026-07-20T06:45:20.416+0000] {logging_mixin.py:188} INFO - [2026-07-20T06:45:20.415+0000] {dagbag.py:545} INFO - Filling up the DagBag from /workspaces/recomart-recommendation-pipeline/airflow_home/dags/recomart_pipeline_dag.py
[2026-07-20T06:45:20.423+0000] {processor.py:840} INFO - DAG(s) 'recomart_recommendation_pipeline' retrieved from /workspaces/recomart-recommendation-pipeline/airflow_home/dags/recomart_pipeline_dag.py
[2026-07-20T06:45:20.441+0000] {logging_mixin.py:188} INFO - [2026-07-20T06:45:20.441+0000] {dag.py:3089} INFO - Sync 1 DAGs
[2026-07-20T06:45:20.455+0000] {logging_mixin.py:188} INFO - [2026-07-20T06:45:20.454+0000] {dag.py:3947} INFO - Setting next_dagrun for recomart_recommendation_pipeline to None, run_after=None
[2026-07-20T06:45:20.481+0000] {processor.py:183} INFO - Processing /workspaces/recomart-recommendation-pipeline/airflow_home/dags/recomart_pipeline_dag.py took 0.075 seconds
[2026-07-20T06:46:05.790+0000] {processor.py:161} INFO - Started process (PID=83458) to work on /workspaces/recomart-recommendation-pipeline/airflow_home/dags/recomart_pipeline_dag.py
[2026-07-20T06:46:05.791+0000] {processor.py:830} INFO - Processing file /workspaces/recomart-recommendation-pipeline/airflow_home/dags/recomart_pipeline_dag.py for tasks to queue
[2026-07-20T06:46:05.792+0000] {logging_mixin.py:188} INFO - [2026-07-20T06:46:05.792+0000] {dagbag.py:545} INFO - Filling up the DagBag from /workspaces/recomart-recommendation-pipeline/airflow_home/dags/recomart_pipeline_dag.py
[2026-07-20T06:46:05.797+0000] {processor.py:840} INFO - DAG(s) 'recomart_recommendation_pipeline' retrieved from /workspaces/recomart-recommendation-pipeline/airflow_home/dags/recomart_pipeline_dag.py
[2026-07-20T06:46:05.809+0000] {logging_mixin.py:188} INFO - [2026-07-20T06:46:05.808+0000] {dag.py:3089} INFO - Sync 1 DAGs
[2026-07-20T06:46:05.818+0000] {logging_mixin.py:188} INFO - [2026-07-20T06:46:05.818+0000] {dag.py:3947} INFO - Setting next_dagrun for recomart_recommendation_pipeline to None, run_after=None
[2026-07-20T06:46:05.835+0000] {processor.py:183} INFO - Processing /workspaces/recomart-recommendation-pipeline/airflow_home/dags/recomart_pipeline_dag.py took 0.051 seconds
[2026-07-20T06:46:51.648+0000] {processor.py:161} INFO - Started process (PID=83856) to work on /workspaces/recomart-recommendation-pipeline/airflow_home/dags/recomart_pipeline_dag.py
[2026-07-20T06:46:51.649+0000] {processor.py:830} INFO - Processing file /workspaces/recomart-recommendation-pipeline/airflow_home/dags/recomart_pipeline_dag.py for tasks to queue
[2026-07-20T06:46:51.650+0000] {logging_mixin.py:188} INFO - [2026-07-20T06:46:51.650+0000] {dagbag.py:545} INFO - Filling up the DagBag from /workspaces/recomart-recommendation-pipeline/airflow_home/dags/recomart_pipeline_dag.py
[2026-07-20T06:46:51.655+0000] {processor.py:840} INFO - DAG(s) 'recomart_recommendation_pipeline' retrieved from /workspaces/recomart-recommendation-pipeline/airflow_home/dags/recomart_pipeline_dag.py
[2026-07-20T06:46:51.667+0000] {logging_mixin.py:188} INFO - [2026-07-20T06:46:51.667+0000] {dag.py:3089} INFO - Sync 1 DAGs
[2026-07-20T06:46:51.679+0000] {logging_mixin.py:188} INFO - [2026-07-20T06:46:51.678+0000] {dag.py:3947} INFO - Setting next_dagrun for recomart_recommendation_pipeline to None, run_after=None
[2026-07-20T06:46:51.697+0000] {processor.py:183} INFO - Processing /workspaces/recomart-recommendation-pipeline/airflow_home/dags/recomart_pipeline_dag.py took 0.054 seconds
[2026-07-20T06:47:31.596+0000] {processor.py:161} INFO - Started process (PID=84148) to work on /workspaces/recomart-recommendation-pipeline/airflow_home/dags/recomart_pipeline_dag.py
[2026-07-20T06:47:31.597+0000] {processor.py:830} INFO - Processing file /workspaces/recomart-recommendation-pipeline/airflow_home/dags/recomart_pipeline_dag.py for tasks to queue
[2026-07-20T06:47:31.598+0000] {logging_mixin.py:188} INFO - [2026-07-20T06:47:31.598+0000] {dagbag.py:545} INFO - Filling up the DagBag from /workspaces/recomart-recommendation-pipeline/airflow_home/dags/recomart_pipeline_dag.py
[2026-07-20T06:47:31.603+0000] {processor.py:840} INFO - DAG(s) 'recomart_recommendation_pipeline' retrieved from /workspaces/recomart-recommendation-pipeline/airflow_home/dags/recomart_pipeline_dag.py
[2026-07-20T06:47:31.615+0000] {logging_mixin.py:188} INFO - [2026-07-20T06:47:31.614+0000] {dag.py:3089} INFO - Sync 1 DAGs
[2026-07-20T06:47:31.624+0000] {logging_mixin.py:188} INFO - [2026-07-20T06:47:31.623+0000] {dag.py:3947} INFO - Setting next_dagrun for recomart_recommendation_pipeline to None, run_after=None
[2026-07-20T06:47:31.641+0000] {processor.py:183} INFO - Processing /workspaces/recomart-recommendation-pipeline/airflow_home/dags/recomart_pipeline_dag.py took 0.050 seconds
[2026-07-20T06:48:14.167+0000] {processor.py:161} INFO - Started process (PID=84525) to work on /workspaces/recomart-recommendation-pipeline/airflow_home/dags/recomart_pipeline_dag.py
[2026-07-20T06:48:14.167+0000] {processor.py:830} INFO - Processing file /workspaces/recomart-recommendation-pipeline/airflow_home/dags/recomart_pipeline_dag.py for tasks to queue
[2026-07-20T06:48:14.172+0000] {logging_mixin.py:188} INFO - [2026-07-20T06:48:14.171+0000] {dagbag.py:545} INFO - Filling up the DagBag from /workspaces/recomart-recommendation-pipeline/airflow_home/dags/recomart_pipeline_dag.py
[2026-07-20T06:48:14.180+0000] {processor.py:840} INFO - DAG(s) 'recomart_recommendation_pipeline' retrieved from /workspaces/recomart-recommendation-pipeline/airflow_home/dags/recomart_pipeline_dag.py
[2026-07-20T06:48:14.201+0000] {logging_mixin.py:188} INFO - [2026-07-20T06:48:14.201+0000] {dag.py:3089} INFO - Sync 1 DAGs
[2026-07-20T06:48:14.218+0000] {logging_mixin.py:188} INFO - [2026-07-20T06:48:14.218+0000] {dag.py:3947} INFO - Setting next_dagrun for recomart_recommendation_pipeline to None, run_after=None
[2026-07-20T06:48:14.352+0000] {processor.py:183} INFO - Processing /workspaces/recomart-recommendation-pipeline/airflow_home/dags/recomart_pipeline_dag.py took 0.191 seconds
[2026-07-20T06:48:56.664+0000] {processor.py:161} INFO - Started process (PID=84952) to work on /workspaces/recomart-recommendation-pipeline/airflow_home/dags/recomart_pipeline_dag.py
[2026-07-20T06:48:56.665+0000] {processor.py:830} INFO - Processing file /workspaces/recomart-recommendation-pipeline/airflow_home/dags/recomart_pipeline_dag.py for tasks to queue
[2026-07-20T06:48:56.666+0000] {logging_mixin.py:188} INFO - [2026-07-20T06:48:56.666+0000] {dagbag.py:545} INFO - Filling up the DagBag from /workspaces/recomart-recommendation-pipeline/airflow_home/dags/recomart_pipeline_dag.py
[2026-07-20T06:48:56.671+0000] {processor.py:840} INFO - DAG(s) 'recomart_recommendation_pipeline' retrieved from /workspaces/recomart-recommendation-pipeline/airflow_home/dags/recomart_pipeline_dag.py
[2026-07-20T06:48:56.686+0000] {logging_mixin.py:188} INFO - [2026-07-20T06:48:56.686+0000] {dag.py:3089} INFO - Sync 1 DAGs
[2026-07-20T06:48:56.696+0000] {logging_mixin.py:188} INFO - [2026-07-20T06:48:56.696+0000] {dag.py:3947} INFO - Setting next_dagrun for recomart_recommendation_pipeline to None, run_after=None
[2026-07-20T06:48:56.712+0000] {processor.py:183} INFO - Processing /workspaces/recomart-recommendation-pipeline/airflow_home/dags/recomart_pipeline_dag.py took 0.053 seconds
[2026-07-20T06:49:37.870+0000] {processor.py:161} INFO - Started process (PID=85304) to work on /workspaces/recomart-recommendation-pipeline/airflow_home/dags/recomart_pipeline_dag.py
[2026-07-20T06:49:37.870+0000] {processor.py:830} INFO - Processing file /workspaces/recomart-recommendation-pipeline/airflow_home/dags/recomart_pipeline_dag.py for tasks to queue
[2026-07-20T06:49:37.872+0000] {logging_mixin.py:188} INFO - [2026-07-20T06:49:37.872+0000] {dagbag.py:545} INFO - Filling up the DagBag from /workspaces/recomart-recommendation-pipeline/airflow_home/dags/recomart_pipeline_dag.py
[2026-07-20T06:49:37.878+0000] {processor.py:840} INFO - DAG(s) 'recomart_recommendation_pipeline' retrieved from /workspaces/recomart-recommendation-pipeline/airflow_home/dags/recomart_pipeline_dag.py
[2026-07-20T06:49:37.892+0000] {logging_mixin.py:188} INFO - [2026-07-20T06:49:37.892+0000] {dag.py:3089} INFO - Sync 1 DAGs
[2026-07-20T06:49:37.902+0000] {logging_mixin.py:188} INFO - [2026-07-20T06:49:37.901+0000] {dag.py:3947} INFO - Setting next_dagrun for recomart_recommendation_pipeline to None, run_after=None
[2026-07-20T06:49:37.918+0000] {processor.py:183} INFO - Processing /workspaces/recomart-recommendation-pipeline/airflow_home/dags/recomart_pipeline_dag.py took 0.053 seconds
[2026-07-20T06:50:21.163+0000] {processor.py:161} INFO - Started process (PID=85800) to work on /workspaces/recomart-recommendation-pipeline/airflow_home/dags/recomart_pipeline_dag.py
[2026-07-20T06:50:21.164+0000] {processor.py:830} INFO - Processing file /workspaces/recomart-recommendation-pipeline/airflow_home/dags/recomart_pipeline_dag.py for tasks to queue
[2026-07-20T06:50:21.165+0000] {logging_mixin.py:188} INFO - [2026-07-20T06:50:21.165+0000] {dagbag.py:545} INFO - Filling up the DagBag from /workspaces/recomart-recommendation-pipeline/airflow_home/dags/recomart_pipeline_dag.py
[2026-07-20T06:50:21.170+0000] {processor.py:840} INFO - DAG(s) 'recomart_recommendation_pipeline' retrieved from /workspaces/recomart-recommendation-pipeline/airflow_home/dags/recomart_pipeline_dag.py
[2026-07-20T06:50:21.186+0000] {logging_mixin.py:188} INFO - [2026-07-20T06:50:21.186+0000] {dag.py:3089} INFO - Sync 1 DAGs
[2026-07-20T06:50:21.196+0000] {logging_mixin.py:188} INFO - [2026-07-20T06:50:21.196+0000] {dag.py:3947} INFO - Setting next_dagrun for recomart_recommendation_pipeline to None, run_after=None
[2026-07-20T06:50:21.213+0000] {processor.py:183} INFO - Processing /workspaces/recomart-recommendation-pipeline/airflow_home/dags/recomart_pipeline_dag.py took 0.055 seconds
[2026-07-20T06:51:07.127+0000] {processor.py:161} INFO - Started process (PID=86322) to work on /workspaces/recomart-recommendation-pipeline/airflow_home/dags/recomart_pipeline_dag.py
[2026-07-20T06:51:07.128+0000] {processor.py:830} INFO - Processing file /workspaces/recomart-recommendation-pipeline/airflow_home/dags/recomart_pipeline_dag.py for tasks to queue
[2026-07-20T06:51:07.129+0000] {logging_mixin.py:188} INFO - [2026-07-20T06:51:07.129+0000] {dagbag.py:545} INFO - Filling up the DagBag from /workspaces/recomart-recommendation-pipeline/airflow_home/dags/recomart_pipeline_dag.py
[2026-07-20T06:51:07.134+0000] {processor.py:840} INFO - DAG(s) 'recomart_recommendation_pipeline' retrieved from /workspaces/recomart-recommendation-pipeline/airflow_home/dags/recomart_pipeline_dag.py
[2026-07-20T06:51:07.146+0000] {logging_mixin.py:188} INFO - [2026-07-20T06:51:07.146+0000] {dag.py:3089} INFO - Sync 1 DAGs
[2026-07-20T06:51:07.155+0000] {logging_mixin.py:188} INFO - [2026-07-20T06:51:07.155+0000] {dag.py:3947} INFO - Setting next_dagrun for recomart_recommendation_pipeline to None, run_after=None
[2026-07-20T06:51:07.174+0000] {processor.py:183} INFO - Processing /workspaces/recomart-recommendation-pipeline/airflow_home/dags/recomart_pipeline_dag.py took 0.051 seconds
[2026-07-20T06:51:52.697+0000] {processor.py:161} INFO - Started process (PID=86702) to work on /workspaces/recomart-recommendation-pipeline/airflow_home/dags/recomart_pipeline_dag.py
[2026-07-20T06:51:52.698+0000] {processor.py:830} INFO - Processing file /workspaces/recomart-recommendation-pipeline/airflow_home/dags/recomart_pipeline_dag.py for tasks to queue
[2026-07-20T06:51:52.699+0000] {logging_mixin.py:188} INFO - [2026-07-20T06:51:52.699+0000] {dagbag.py:545} INFO - Filling up the DagBag from /workspaces/recomart-recommendation-pipeline/airflow_home/dags/recomart_pipeline_dag.py
[2026-07-20T06:51:52.703+0000] {processor.py:840} INFO - DAG(s) 'recomart_recommendation_pipeline' retrieved from /workspaces/recomart-recommendation-pipeline/airflow_home/dags/recomart_pipeline_dag.py
[2026-07-20T06:51:52.715+0000] {logging_mixin.py:188} INFO - [2026-07-20T06:51:52.715+0000] {dag.py:3089} INFO - Sync 1 DAGs
[2026-07-20T06:51:52.724+0000] {logging_mixin.py:188} INFO - [2026-07-20T06:51:52.724+0000] {dag.py:3947} INFO - Setting next_dagrun for recomart_recommendation_pipeline to None, run_after=None
[2026-07-20T06:51:52.742+0000] {processor.py:183} INFO - Processing /workspaces/recomart-recommendation-pipeline/airflow_home/dags/recomart_pipeline_dag.py took 0.050 seconds
[2026-07-20T06:57:39.503+0000] {processor.py:161} INFO - Started process (PID=89342) to work on /workspaces/recomart-recommendation-pipeline/airflow_home/dags/recomart_pipeline_dag.py
[2026-07-20T06:57:39.505+0000] {processor.py:830} INFO - Processing file /workspaces/recomart-recommendation-pipeline/airflow_home/dags/recomart_pipeline_dag.py for tasks to queue
[2026-07-20T06:57:39.507+0000] {logging_mixin.py:188} INFO - [2026-07-20T06:57:39.507+0000] {dagbag.py:545} INFO - Filling up the DagBag from /workspaces/recomart-recommendation-pipeline/airflow_home/dags/recomart_pipeline_dag.py
[2026-07-20T06:57:39.536+0000] {processor.py:840} INFO - DAG(s) 'recomart_recommendation_pipeline' retrieved from /workspaces/recomart-recommendation-pipeline/airflow_home/dags/recomart_pipeline_dag.py
[2026-07-20T06:57:39.543+0000] {logging_mixin.py:188} INFO - [2026-07-20T06:57:39.543+0000] {dag.py:3089} INFO - Sync 1 DAGs
[2026-07-20T06:57:39.556+0000] {logging_mixin.py:188} INFO - [2026-07-20T06:57:39.556+0000] {dag.py:3947} INFO - Setting next_dagrun for recomart_recommendation_pipeline to None, run_after=None
[2026-07-20T06:57:39.580+0000] {processor.py:183} INFO - Processing /workspaces/recomart-recommendation-pipeline/airflow_home/dags/recomart_pipeline_dag.py took 0.083 seconds
[2026-07-20T06:58:37.295+0000] {processor.py:161} INFO - Started process (PID=89935) to work on /workspaces/recomart-recommendation-pipeline/airflow_home/dags/recomart_pipeline_dag.py
[2026-07-20T06:58:37.296+0000] {processor.py:830} INFO - Processing file /workspaces/recomart-recommendation-pipeline/airflow_home/dags/recomart_pipeline_dag.py for tasks to queue
[2026-07-20T06:58:37.297+0000] {logging_mixin.py:188} INFO - [2026-07-20T06:58:37.297+0000] {dagbag.py:545} INFO - Filling up the DagBag from /workspaces/recomart-recommendation-pipeline/airflow_home/dags/recomart_pipeline_dag.py
[2026-07-20T06:58:37.301+0000] {processor.py:840} INFO - DAG(s) 'recomart_recommendation_pipeline' retrieved from /workspaces/recomart-recommendation-pipeline/airflow_home/dags/recomart_pipeline_dag.py
[2026-07-20T06:58:37.387+0000] {logging_mixin.py:188} INFO - [2026-07-20T06:58:37.386+0000] {dag.py:3089} INFO - Sync 1 DAGs
[2026-07-20T06:58:37.394+0000] {logging_mixin.py:188} INFO - [2026-07-20T06:58:37.394+0000] {dag.py:3947} INFO - Setting next_dagrun for recomart_recommendation_pipeline to None, run_after=None
[2026-07-20T06:58:37.413+0000] {processor.py:183} INFO - Processing /workspaces/recomart-recommendation-pipeline/airflow_home/dags/recomart_pipeline_dag.py took 0.122 seconds
[2026-07-20T07:00:10.520+0000] {processor.py:161} INFO - Started process (PID=91633) to work on /workspaces/recomart-recommendation-pipeline/airflow_home/dags/recomart_pipeline_dag.py
[2026-07-20T07:00:10.522+0000] {processor.py:830} INFO - Processing file /workspaces/recomart-recommendation-pipeline/airflow_home/dags/recomart_pipeline_dag.py for tasks to queue
[2026-07-20T07:00:10.524+0000] {logging_mixin.py:188} INFO - [2026-07-20T07:00:10.524+0000] {dagbag.py:545} INFO - Filling up the DagBag from /workspaces/recomart-recommendation-pipeline/airflow_home/dags/recomart_pipeline_dag.py
[2026-07-20T07:00:10.530+0000] {processor.py:840} INFO - DAG(s) 'recomart_recommendation_pipeline' retrieved from /workspaces/recomart-recommendation-pipeline/airflow_home/dags/recomart_pipeline_dag.py
[2026-07-20T07:00:10.550+0000] {logging_mixin.py:188} INFO - [2026-07-20T07:00:10.549+0000] {dag.py:3089} INFO - Sync 1 DAGs
[2026-07-20T07:00:10.563+0000] {logging_mixin.py:188} INFO - [2026-07-20T07:00:10.563+0000] {dag.py:3947} INFO - Setting next_dagrun for recomart_recommendation_pipeline to None, run_after=None
[2026-07-20T07:00:10.593+0000] {processor.py:183} INFO - Processing /workspaces/recomart-recommendation-pipeline/airflow_home/dags/recomart_pipeline_dag.py took 0.080 seconds
[2026-07-20T07:00:41.305+0000] {processor.py:161} INFO - Started process (PID=91877) to work on /workspaces/recomart-recommendation-pipeline/airflow_home/dags/recomart_pipeline_dag.py
[2026-07-20T07:00:41.305+0000] {processor.py:830} INFO - Processing file /workspaces/recomart-recommendation-pipeline/airflow_home/dags/recomart_pipeline_dag.py for tasks to queue
[2026-07-20T07:00:41.307+0000] {logging_mixin.py:188} INFO - [2026-07-20T07:00:41.306+0000] {dagbag.py:545} INFO - Filling up the DagBag from /workspaces/recomart-recommendation-pipeline/airflow_home/dags/recomart_pipeline_dag.py
[2026-07-20T07:00:41.311+0000] {processor.py:840} INFO - DAG(s) 'recomart_recommendation_pipeline' retrieved from /workspaces/recomart-recommendation-pipeline/airflow_home/dags/recomart_pipeline_dag.py
[2026-07-20T07:00:41.322+0000] {logging_mixin.py:188} INFO - [2026-07-20T07:00:41.322+0000] {dag.py:3089} INFO - Sync 1 DAGs
[2026-07-20T07:00:41.331+0000] {logging_mixin.py:188} INFO - [2026-07-20T07:00:41.331+0000] {dag.py:3947} INFO - Setting next_dagrun for recomart_recommendation_pipeline to None, run_after=None
[2026-07-20T07:00:41.348+0000] {processor.py:183} INFO - Processing /workspaces/recomart-recommendation-pipeline/airflow_home/dags/recomart_pipeline_dag.py took 0.047 seconds
[2026-07-20T07:01:23.968+0000] {processor.py:161} INFO - Started process (PID=92220) to work on /workspaces/recomart-recommendation-pipeline/airflow_home/dags/recomart_pipeline_dag.py
[2026-07-20T07:01:23.969+0000] {processor.py:830} INFO - Processing file /workspaces/recomart-recommendation-pipeline/airflow_home/dags/recomart_pipeline_dag.py for tasks to queue
[2026-07-20T07:01:23.971+0000] {logging_mixin.py:188} INFO - [2026-07-20T07:01:23.970+0000] {dagbag.py:545} INFO - Filling up the DagBag from /workspaces/recomart-recommendation-pipeline/airflow_home/dags/recomart_pipeline_dag.py
[2026-07-20T07:01:23.976+0000] {processor.py:840} INFO - DAG(s) 'recomart_recommendation_pipeline' retrieved from /workspaces/recomart-recommendation-pipeline/airflow_home/dags/recomart_pipeline_dag.py
[2026-07-20T07:01:23.992+0000] {logging_mixin.py:188} INFO - [2026-07-20T07:01:23.992+0000] {dag.py:3089} INFO - Sync 1 DAGs
[2026-07-20T07:01:24.002+0000] {logging_mixin.py:188} INFO - [2026-07-20T07:01:24.002+0000] {dag.py:3947} INFO - Setting next_dagrun for recomart_recommendation_pipeline to None, run_after=None
[2026-07-20T07:01:24.022+0000] {processor.py:183} INFO - Processing /workspaces/recomart-recommendation-pipeline/airflow_home/dags/recomart_pipeline_dag.py took 0.059 seconds
