[2026-07-20T06:36:14.917+0000] {local_task_job_runner.py:120} INFO - ::group::Pre task execution logs
[2026-07-20T06:36:14.932+0000] {taskinstance.py:2076} INFO - Dependencies all met for dep_context=non-requeueable deps ti=<TaskInstance: recomart_recommendation_pipeline.train_model manual__2026-07-20T06:33:34.316251+00:00 [queued]>
[2026-07-20T06:36:14.936+0000] {taskinstance.py:2076} INFO - Dependencies all met for dep_context=requeueable deps ti=<TaskInstance: recomart_recommendation_pipeline.train_model manual__2026-07-20T06:33:34.316251+00:00 [queued]>
[2026-07-20T06:36:14.936+0000] {taskinstance.py:2306} INFO - Starting attempt 2 of 2
[2026-07-20T06:36:14.949+0000] {taskinstance.py:2330} INFO - Executing <Task(BashOperator): train_model> on 2026-07-20 06:33:34.316251+00:00
[2026-07-20T06:36:14.956+0000] {standard_task_runner.py:90} INFO - Running: ['airflow', 'tasks', 'run', 'recomart_recommendation_pipeline', 'train_model', 'manual__2026-07-20T06:33:34.316251+00:00', '--job-id', '11', '--raw', '--subdir', 'DAGS_FOLDER/recomart_pipeline_dag.py', '--cfg-path', '/tmp/tmpp6blwi9a']
[2026-07-20T06:36:14.958+0000] {standard_task_runner.py:91} INFO - Job 11: Subtask train_model
[2026-07-20T06:36:14.960+0000] {logging_mixin.py:188} WARNING - /workspaces/recomart-recommendation-pipeline/airflow_venv/lib/python3.12/site-packages/airflow/task/task_runner/standard_task_runner.py:62 DeprecationWarning: This process (pid=78232) is multi-threaded, use of fork() may lead to deadlocks in the child.
[2026-07-20T06:36:14.960+0000] {standard_task_runner.py:64} INFO - Started process 78289 to run task
[2026-07-20T06:36:14.991+0000] {task_command.py:426} INFO - Running <TaskInstance: recomart_recommendation_pipeline.train_model manual__2026-07-20T06:33:34.316251+00:00 [running]> on host codespaces-4827dc
[2026-07-20T06:36:15.028+0000] {taskinstance.py:2648} INFO - Exporting env vars: AIRFLOW_CTX_DAG_OWNER='recomart_data_team' AIRFLOW_CTX_DAG_ID='recomart_recommendation_pipeline' AIRFLOW_CTX_TASK_ID='train_model' AIRFLOW_CTX_EXECUTION_DATE='2026-07-20T06:33:34.316251+00:00' AIRFLOW_CTX_TRY_NUMBER='2' AIRFLOW_CTX_DAG_RUN_ID='manual__2026-07-20T06:33:34.316251+00:00'
[2026-07-20T06:36:15.030+0000] {taskinstance.py:430} INFO - ::endgroup::
[2026-07-20T06:36:15.030+0000] {subprocess.py:63} INFO - Tmp dir root location: /tmp
[2026-07-20T06:36:15.031+0000] {subprocess.py:75} INFO - Running command: ['/usr/bin/bash', '-c', 'cd /workspaces/recomart-recommendation-pipeline && source venv/bin/activate && python scripts/train_model.py']
[2026-07-20T06:36:15.042+0000] {subprocess.py:86} INFO - Output:
[2026-07-20T06:36:15.835+0000] {subprocess.py:93} INFO - Traceback (most recent call last):
[2026-07-20T06:36:15.836+0000] {subprocess.py:93} INFO -   File "/workspaces/recomart-recommendation-pipeline/scripts/train_model.py", line 6, in <module>
[2026-07-20T06:36:15.836+0000] {subprocess.py:93} INFO -     import mlflow
[2026-07-20T06:36:15.836+0000] {subprocess.py:93} INFO -   File "/workspaces/recomart-recommendation-pipeline/venv/lib/python3.12/site-packages/mlflow/__init__.py", line 44, in <module>
[2026-07-20T06:36:15.836+0000] {subprocess.py:93} INFO -     from mlflow import (
[2026-07-20T06:36:15.836+0000] {subprocess.py:93} INFO -   File "/workspaces/recomart-recommendation-pipeline/venv/lib/python3.12/site-packages/mlflow/artifacts/__init__.py", line 11, in <module>
[2026-07-20T06:36:15.837+0000] {subprocess.py:93} INFO -     from mlflow.entities.file_info import FileInfo
[2026-07-20T06:36:15.837+0000] {subprocess.py:93} INFO -   File "/workspaces/recomart-recommendation-pipeline/venv/lib/python3.12/site-packages/mlflow/entities/__init__.py", line 6, in <module>
[2026-07-20T06:36:15.837+0000] {subprocess.py:93} INFO -     from mlflow.entities.assessment import (
[2026-07-20T06:36:15.837+0000] {subprocess.py:93} INFO -   File "/workspaces/recomart-recommendation-pipeline/venv/lib/python3.12/site-packages/mlflow/entities/assessment.py", line 20, in <module>
[2026-07-20T06:36:15.838+0000] {subprocess.py:93} INFO -     from mlflow.utils.proto_json_utils import proto_timestamp_to_milliseconds
[2026-07-20T06:36:15.838+0000] {subprocess.py:93} INFO -   File "/workspaces/recomart-recommendation-pipeline/venv/lib/python3.12/site-packages/mlflow/utils/proto_json_utils.py", line 12, in <module>
[2026-07-20T06:36:15.838+0000] {subprocess.py:93} INFO -     import pydantic
[2026-07-20T06:36:15.839+0000] {subprocess.py:93} INFO -   File "/workspaces/recomart-recommendation-pipeline/venv/lib/python3.12/site-packages/pydantic/__init__.py", line 5, in <module>
[2026-07-20T06:36:15.839+0000] {subprocess.py:93} INFO -     from ._migration import getattr_migration
[2026-07-20T06:36:15.839+0000] {subprocess.py:93} INFO -   File "/workspaces/recomart-recommendation-pipeline/venv/lib/python3.12/site-packages/pydantic/_migration.py", line 4, in <module>
[2026-07-20T06:36:15.839+0000] {subprocess.py:93} INFO -     from pydantic.warnings import PydanticDeprecatedSince20
[2026-07-20T06:36:15.839+0000] {subprocess.py:93} INFO -   File "/workspaces/recomart-recommendation-pipeline/venv/lib/python3.12/site-packages/pydantic/warnings.py", line 5, in <module>
[2026-07-20T06:36:15.840+0000] {subprocess.py:93} INFO -     from .version import version_short
[2026-07-20T06:36:15.840+0000] {subprocess.py:93} INFO -   File "/workspaces/recomart-recommendation-pipeline/venv/lib/python3.12/site-packages/pydantic/version.py", line 7, in <module>
[2026-07-20T06:36:15.840+0000] {subprocess.py:93} INFO -     from pydantic_core import __version__ as __pydantic_core_version__
[2026-07-20T06:36:15.840+0000] {subprocess.py:93} INFO -   File "/workspaces/recomart-recommendation-pipeline/venv/lib/python3.12/site-packages/pydantic_core/__init__.py", line 6, in <module>
[2026-07-20T06:36:15.841+0000] {subprocess.py:93} INFO -     from typing_extensions import Sentinel
[2026-07-20T06:36:15.841+0000] {subprocess.py:93} INFO - ImportError: cannot import name 'Sentinel' from 'typing_extensions' (/workspaces/recomart-recommendation-pipeline/venv/lib/python3.12/site-packages/typing_extensions.py). Did you mean: '_Sentinel'?
[2026-07-20T06:36:15.910+0000] {subprocess.py:97} INFO - Command exited with return code 1
[2026-07-20T06:36:15.911+0000] {taskinstance.py:441} INFO - ::group::Post task execution logs
[2026-07-20T06:36:15.918+0000] {taskinstance.py:2905} ERROR - Task failed with exception
Traceback (most recent call last):
  File "/workspaces/recomart-recommendation-pipeline/airflow_venv/lib/python3.12/site-packages/airflow/models/taskinstance.py", line 465, in _execute_task
    result = _execute_callable(context=context, **execute_callable_kwargs)
             ^^^^^^^^^^^^^^^^^^^^^^^^^^^^^^^^^^^^^^^^^^^^^^^^^^^^^^^^^^^^^
  File "/workspaces/recomart-recommendation-pipeline/airflow_venv/lib/python3.12/site-packages/airflow/models/taskinstance.py", line 432, in _execute_callable
    return execute_callable(context=context, **execute_callable_kwargs)
           ^^^^^^^^^^^^^^^^^^^^^^^^^^^^^^^^^^^^^^^^^^^^^^^^^^^^^^^^^^^^
  File "/workspaces/recomart-recommendation-pipeline/airflow_venv/lib/python3.12/site-packages/airflow/models/baseoperator.py", line 401, in wrapper
    return func(self, *args, **kwargs)
           ^^^^^^^^^^^^^^^^^^^^^^^^^^^
  File "/workspaces/recomart-recommendation-pipeline/airflow_venv/lib/python3.12/site-packages/airflow/operators/bash.py", line 243, in execute
    raise AirflowException(
airflow.exceptions.AirflowException: Bash command failed. The command returned a non-zero exit code 1.
[2026-07-20T06:36:15.923+0000] {taskinstance.py:1206} INFO - Marking task as FAILED. dag_id=recomart_recommendation_pipeline, task_id=train_model, run_id=manual__2026-07-20T06:33:34.316251+00:00, execution_date=20260720T063334, start_date=20260720T063614, end_date=20260720T063615
[2026-07-20T06:36:15.934+0000] {standard_task_runner.py:110} ERROR - Failed to execute job 11 for task train_model (Bash command failed. The command returned a non-zero exit code 1.; 78289)
[2026-07-20T06:36:15.958+0000] {local_task_job_runner.py:243} INFO - Task exited with return code 1
[2026-07-20T06:36:15.967+0000] {taskinstance.py:3503} INFO - 0 downstream tasks scheduled from follow-on schedule check
[2026-07-20T06:36:15.968+0000] {local_task_job_runner.py:222} INFO - ::endgroup::
